  [2m2026-06-08T15:30:21.943350Z[0m [32m INFO[0m [1;32mrch::hook[0m[32m: [32mSelected worker: vmi1156319 at ubuntu@178.18.254.243 (0 slots remaining after reservation, speed 50.0)[0m
    [2;3mat[0m rch/src/hook.rs:514 [2;3mon[0m ThreadId(1)

  [2m2026-06-08T15:30:22.236658Z[0m [32m INFO[0m [1;32mrch::hook[0m[32m: [32mStarting remote compilation pipeline for frankentorch (hash: 78ab156102a58c4c)[0m
    [2;3mat[0m rch/src/hook.rs:5994 [2;3mon[0m ThreadId(1)

  [2m2026-06-08T15:30:22.236717Z[0m [32m INFO[0m [1;32mrch::hook[0m[32m: [32mPrepared dependency sync manifest for 13 roots[0m
    [2;3mat[0m rch/src/hook.rs:6016 [2;3mon[0m ThreadId(1)

  [2m2026-06-08T15:30:24.135241Z[0m [32m INFO[0m [1;32mrch::hook[0m[32m: [32mSyncing project to worker vmi1156319...[0m
    [2;3mat[0m rch/src/hook.rs:6046 [2;3mon[0m ThreadId(1)

  [2m2026-06-08T15:30:24.135290Z[0m [32m INFO[0m [1;32mrch::transfer[0m[32m: [32mSyncing /data/projects/frankentorch -> /data/projects/frankentorch on vmi1156319[0m
    [2;3mat[0m rch/src/transfer.rs:1400 [2;3mon[0m ThreadId(1)

  [2m2026-06-08T15:30:37.161701Z[0m [32m INFO[0m [1;32mrch::transfer[0m[32m: [32mSync completed in 13026ms[0m
    [2;3mat[0m rch/src/transfer.rs:1469 [2;3mon[0m ThreadId(1)

  [2m2026-06-08T15:30:37.161773Z[0m [32m INFO[0m [1;32mrch::transfer[0m[32m: [32mSyncing /data/projects/frankentorch/crates/ft-api -> /data/projects/frankentorch/crates/ft-api on vmi1156319[0m
    [2;3mat[0m rch/src/transfer.rs:1400 [2;3mon[0m ThreadId(1)

  [2m2026-06-08T15:30:40.303270Z[0m [32m INFO[0m [1;32mrch::transfer[0m[32m: [32mSync completed in 3141ms[0m
    [2;3mat[0m rch/src/transfer.rs:1469 [2;3mon[0m ThreadId(1)

  [2m2026-06-08T15:30:40.303353Z[0m [32m INFO[0m [1;32mrch::transfer[0m[32m: [32mSyncing /data/projects/frankentorch/crates/ft-autograd -> /data/projects/frankentorch/crates/ft-autograd on vmi1156319[0m
    [2;3mat[0m rch/src/transfer.rs:1400 [2;3mon[0m ThreadId(1)

  [2m2026-06-08T15:30:42.405026Z[0m [32m INFO[0m [1;32mrch::transfer[0m[32m: [32mSync completed in 2101ms[0m
    [2;3mat[0m rch/src/transfer.rs:1469 [2;3mon[0m ThreadId(1)

  [2m2026-06-08T15:30:42.405130Z[0m [32m INFO[0m [1;32mrch::transfer[0m[32m: [32mSyncing /data/projects/frankentorch/crates/ft-conformance -> /data/projects/frankentorch/crates/ft-conformance on vmi1156319[0m
    [2;3mat[0m rch/src/transfer.rs:1400 [2;3mon[0m ThreadId(1)

  [2m2026-06-08T15:30:44.422631Z[0m [32m INFO[0m [1;32mrch::transfer[0m[32m: [32mSync completed in 2017ms[0m
    [2;3mat[0m rch/src/transfer.rs:1469 [2;3mon[0m ThreadId(1)

  [2m2026-06-08T15:30:44.422705Z[0m [32m INFO[0m [1;32mrch::transfer[0m[32m: [32mSyncing /data/projects/frankentorch/crates/ft-core -> /data/projects/frankentorch/crates/ft-core on vmi1156319[0m
    [2;3mat[0m rch/src/transfer.rs:1400 [2;3mon[0m ThreadId(1)

  [2m2026-06-08T15:30:46.698002Z[0m [32m INFO[0m [1;32mrch::transfer[0m[32m: [32mSync completed in 2275ms[0m
    [2;3mat[0m rch/src/transfer.rs:1469 [2;3mon[0m ThreadId(1)

  [2m2026-06-08T15:30:46.698058Z[0m [32m INFO[0m [1;32mrch::transfer[0m[32m: [32mSyncing /data/projects/frankentorch/crates/ft-data -> /data/projects/frankentorch/crates/ft-data on vmi1156319[0m
    [2;3mat[0m rch/src/transfer.rs:1400 [2;3mon[0m ThreadId(1)

  [2m2026-06-08T15:30:48.796385Z[0m [32m INFO[0m [1;32mrch::transfer[0m[32m: [32mSync completed in 2098ms[0m
    [2;3mat[0m rch/src/transfer.rs:1469 [2;3mon[0m ThreadId(1)

  [2m2026-06-08T15:30:48.796456Z[0m [32m INFO[0m [1;32mrch::transfer[0m[32m: [32mSyncing /data/projects/frankentorch/crates/ft-device -> /data/projects/frankentorch/crates/ft-device on vmi1156319[0m
    [2;3mat[0m rch/src/transfer.rs:1400 [2;3mon[0m ThreadId(1)

  [2m2026-06-08T15:30:50.927962Z[0m [32m INFO[0m [1;32mrch::transfer[0m[32m: [32mSync completed in 2131ms[0m
    [2;3mat[0m rch/src/transfer.rs:1469 [2;3mon[0m ThreadId(1)

  [2m2026-06-08T15:30:50.928048Z[0m [32m INFO[0m [1;32mrch::transfer[0m[32m: [32mSyncing /data/projects/frankentorch/crates/ft-dispatch -> /data/projects/frankentorch/crates/ft-dispatch on vmi1156319[0m
    [2;3mat[0m rch/src/transfer.rs:1400 [2;3mon[0m ThreadId(1)

  [2m2026-06-08T15:30:53.058917Z[0m [32m INFO[0m [1;32mrch::transfer[0m[32m: [32mSync completed in 2130ms[0m
    [2;3mat[0m rch/src/transfer.rs:1469 [2;3mon[0m ThreadId(1)

  [2m2026-06-08T15:30:53.058986Z[0m [32m INFO[0m [1;32mrch::transfer[0m[32m: [32mSyncing /data/projects/frankentorch/crates/ft-kernel-cpu -> /data/projects/frankentorch/crates/ft-kernel-cpu on vmi1156319[0m
    [2;3mat[0m rch/src/transfer.rs:1400 [2;3mon[0m ThreadId(1)

  [2m2026-06-08T15:30:55.161432Z[0m [32m INFO[0m [1;32mrch::transfer[0m[32m: [32mSync completed in 2102ms[0m
    [2;3mat[0m rch/src/transfer.rs:1469 [2;3mon[0m ThreadId(1)

  [2m2026-06-08T15:30:55.161498Z[0m [32m INFO[0m [1;32mrch::transfer[0m[32m: [32mSyncing /data/projects/frankentorch/crates/ft-nn -> /data/projects/frankentorch/crates/ft-nn on vmi1156319[0m
    [2;3mat[0m rch/src/transfer.rs:1400 [2;3mon[0m ThreadId(1)

  [2m2026-06-08T15:30:57.153364Z[0m [32m INFO[0m [1;32mrch::transfer[0m[32m: [32mSync completed in 1991ms[0m
    [2;3mat[0m rch/src/transfer.rs:1469 [2;3mon[0m ThreadId(1)

  [2m2026-06-08T15:30:57.153440Z[0m [32m INFO[0m [1;32mrch::transfer[0m[32m: [32mSyncing /data/projects/frankentorch/crates/ft-optim -> /data/projects/frankentorch/crates/ft-optim on vmi1156319[0m
    [2;3mat[0m rch/src/transfer.rs:1400 [2;3mon[0m ThreadId(1)

  [2m2026-06-08T15:30:59.216096Z[0m [32m INFO[0m [1;32mrch::transfer[0m[32m: [32mSync completed in 2062ms[0m
    [2;3mat[0m rch/src/transfer.rs:1469 [2;3mon[0m ThreadId(1)

  [2m2026-06-08T15:30:59.216156Z[0m [32m INFO[0m [1;32mrch::transfer[0m[32m: [32mSyncing /data/projects/frankentorch/crates/ft-runtime -> /data/projects/frankentorch/crates/ft-runtime on vmi1156319[0m
    [2;3mat[0m rch/src/transfer.rs:1400 [2;3mon[0m ThreadId(1)

  [2m2026-06-08T15:31:01.365979Z[0m [32m INFO[0m [1;32mrch::transfer[0m[32m: [32mSync completed in 2149ms[0m
    [2;3mat[0m rch/src/transfer.rs:1469 [2;3mon[0m ThreadId(1)

  [2m2026-06-08T15:31:01.366051Z[0m [32m INFO[0m [1;32mrch::transfer[0m[32m: [32mSyncing /data/projects/frankentorch/crates/ft-serialize -> /data/projects/frankentorch/crates/ft-serialize on vmi1156319[0m
    [2;3mat[0m rch/src/transfer.rs:1400 [2;3mon[0m ThreadId(1)

  [2m2026-06-08T15:31:03.767157Z[0m [32m INFO[0m [1;32mrch::transfer[0m[32m: [32mSync completed in 2401ms[0m
    [2;3mat[0m rch/src/transfer.rs:1469 [2;3mon[0m ThreadId(1)

  [2m2026-06-08T15:31:03.767195Z[0m [32m INFO[0m [1;32mrch::hook[0m[32m: [32mSync complete: 51032 files, 1824093 bytes in 39624ms[0m
    [2;3mat[0m rch/src/hook.rs:6209 [2;3mon[0m ThreadId(1)

  [2m2026-06-08T15:31:09.133711Z[0m [32m INFO[0m [1;32mrch::hook[0m[32m: [32mExecuting command remotely: cargo bench -p ft-kernel-cpu --bench gemm_bench -- matmul_f64_512x512x512 --warm-up-time 1 --measurement-time 3 --sample-size 12 --noplot[0m
    [2;3mat[0m rch/src/hook.rs:6257 [2;3mon[0m ThreadId(1)

  [2m2026-06-08T15:31:09.133779Z[0m [32m INFO[0m [1;32mrch::transfer[0m[32m: [32mRewriting CARGO_TARGET_DIR for remote execution (worker-scoped path): /data/tmp/frankentorch-g1upz2-target -> /data/projects/frankentorch/.rch-target-vmi1156319-job-29878602124231481-1780932624135234226-0[0m
    [2;3mat[0m rch/src/transfer.rs:712 [2;3mon[0m ThreadId(1)

    Updating crates.io index
 Downloading crates ...
  Downloaded ciborium-ll v0.2.2
  Downloaded bit-vec v0.8.0
  Downloaded clap_lex v1.1.0
  Downloaded bytemuck_derive v1.10.2
  Downloaded ciborium-io v0.2.2
  Downloaded cfg-if v1.0.4
  Downloaded bit-set v0.8.0
  Downloaded cast v0.3.0
  Downloaded autocfg v1.5.0
  Downloaded anes v0.1.6
  Downloaded ciborium v0.2.2
  Downloaded console v0.16.3
  Downloaded crossbeam-utils v0.8.21
  Downloaded oorandom v11.1.5
  Downloaded proc-macro2 v1.0.106
  Downloaded anstyle v1.0.14
  Downloaded bitflags v2.11.1
  Downloaded criterion v0.5.1
  Downloaded num-complex v0.4.6
  Downloaded plotters-backend v0.3.7
  Downloaded quick-error v1.2.3
  Downloaded bytemuck v1.25.0
  Downloaded clap v4.6.1
  Downloaded criterion-plot v0.5.0
  Downloaded crossbeam-deque v0.8.6
  Downloaded fastrand v2.4.1
  Downloaded once_cell v1.21.4
  Downloaded ppv-lite86 v0.2.21
  Downloaded rusty-fork v0.3.1
  Downloaded wait-timeout v0.2.1
  Downloaded aho-corasick v1.1.4
  Downloaded quote v1.0.45
  Downloaded rand_xorshift v0.4.0
  Downloaded matrixmultiply v0.3.10
  Downloaded rand_chacha v0.9.0
  Downloaded unicode-ident v1.0.24
  Downloaded crossbeam-epoch v0.9.18
  Downloaded tempfile v3.27.0
  Downloaded tinytemplate v1.2.1
  Downloaded plotters-svg v0.3.7
  Downloaded serde_core v1.0.228
  Downloaded zmij v1.0.21
  Downloaded clap_builder v4.6.0
  Downloaded itertools v0.10.5
  Downloaded libm v0.2.16
  Downloaded regex v1.12.3
  Downloaded serde_derive v1.0.228
  Downloaded wide v0.7.33
  Downloaded errno v0.3.14
  Downloaded fnv v1.0.7
  Downloaded either v1.15.0
  Downloaded itoa v1.0.18
  Downloaded safe_arch v0.7.4
  Downloaded num-traits v0.2.19
  Downloaded rand v0.9.4
  Downloaded same-file v1.0.6
  Downloaded similar v2.7.0
  Downloaded zerocopy-derive v0.8.48
  Downloaded insta v1.47.2
  Downloaded is-terminal v0.4.17
  Downloaded rawpointer v0.2.1
  Downloaded unarray v0.1.4
  Downloaded walkdir v2.5.0
  Downloaded getrandom v0.3.4
  Downloaded half v2.7.1
  Downloaded rayon-core v1.13.0
  Downloaded memchr v2.8.0
  Downloaded rand_core v0.9.5
  Downloaded rayon v1.12.0
  Downloaded plotters v0.3.7
  Downloaded serde v1.0.228
  Downloaded serde_json v1.0.149
  Downloaded proptest v1.11.0
  Downloaded zerocopy v0.8.48
  Downloaded rustix v1.1.4
  Downloaded syn v2.0.117
  Downloaded regex-automata v0.4.14
  Downloaded regex-syntax v0.8.10
  Downloaded libc v0.2.185
  Downloaded linux-raw-sys v0.12.1
   Compiling proc-macro2 v1.0.106
   Compiling quote v1.0.45
   Compiling unicode-ident v1.0.24
   Compiling syn v2.0.117
   Compiling libc v0.2.185
   Compiling cfg-if v1.0.4
   Compiling autocfg v1.5.0
   Compiling zerocopy v0.8.48
   Compiling zerocopy-derive v0.8.48
   Compiling getrandom v0.3.4
   Compiling bytemuck_derive v1.10.2
   Compiling bytemuck v1.25.0
   Compiling num-traits v0.2.19
   Compiling crossbeam-utils v0.8.21
   Compiling serde_core v1.0.228
   Compiling rustix v1.1.4
   Compiling crossbeam-epoch v0.9.18
   Compiling half v2.7.1
   Compiling zmij v1.0.21
   Compiling once_cell v1.21.4
   Compiling either v1.15.0
   Compiling bitflags v2.11.1
   Compiling serde v1.0.228
   Compiling linux-raw-sys v0.12.1
   Compiling rayon-core v1.13.0
   Compiling crossbeam-deque v0.8.6
   Compiling rand_core v0.9.5
   Compiling serde_derive v1.0.228
   Compiling serde_json v1.0.149
   Compiling regex-syntax v0.8.10
   Compiling fastrand v2.4.1
   Compiling tempfile v3.27.0
   Compiling matrixmultiply v0.3.10
   Compiling itoa v1.0.18
   Compiling memchr v2.8.0
   Compiling clap_lex v1.1.0
   Compiling plotters-backend v0.3.7
   Compiling anstyle v1.0.14
   Compiling ciborium-io v0.2.2
   Compiling libm v0.2.16
   Compiling ciborium-ll v0.2.2
   Compiling clap_builder v4.6.0
   Compiling plotters-svg v0.3.7
   Compiling rayon v1.12.0
   Compiling regex-automata v0.4.14
   Compiling itertools v0.10.5
   Compiling num-complex v0.4.6
   Compiling safe_arch v0.7.4
   Compiling ppv-lite86 v0.2.21
   Compiling wait-timeout v0.2.1
   Compiling same-file v1.0.6
   Compiling quick-error v1.2.3
   Compiling cast v0.3.0
   Compiling bit-vec v0.8.0
   Compiling rawpointer v0.2.1
   Compiling fnv v1.0.7
   Compiling rusty-fork v0.3.1
   Compiling bit-set v0.8.0
   Compiling criterion-plot v0.5.0
   Compiling walkdir v2.5.0
   Compiling rand_chacha v0.9.0
   Compiling wide v0.7.33
   Compiling ft-core v0.1.0 (/data/projects/frankentorch/crates/ft-core)
   Compiling regex v1.12.3
   Compiling tinytemplate v1.2.1
   Compiling plotters v0.3.7
   Compiling clap v4.6.1
   Compiling ciborium v0.2.2
   Compiling rand_xorshift v0.4.0
   Compiling rand v0.9.4
   Compiling is-terminal v0.4.17
   Compiling console v0.16.3
   Compiling oorandom v11.1.5
   Compiling anes v0.1.6
   Compiling unarray v0.1.4
   Compiling similar v2.7.0
   Compiling insta v1.47.2
   Compiling proptest v1.11.0
   Compiling criterion v0.5.1
   Compiling ft-kernel-cpu v0.1.0 (/data/projects/frankentorch/crates/ft-kernel-cpu)
    Finished `bench` profile [optimized + debuginfo] target(s) in 5m 48s
     Running benches/gemm_bench.rs (.rch-target-vmi1156319-job-29878602124231481-1780932624135234226-0/release/deps/gemm_bench-812ad2a0a1d4007d)
Gnuplot not found, using plotters backend
Benchmarking matmul_f64_512x512x512
Benchmarking matmul_f64_512x512x512: Warming up for 1.0000 s
Benchmarking matmul_f64_512x512x512: Collecting 12 samples in estimated 5.9212 s (24 iterations)
Benchmarking matmul_f64_512x512x512: Analyzing
matmul_f64_512x512x512  time:   [226.63 ms 251.31 ms 274.17 ms]

  [2m2026-06-08T15:37:07.745275Z[0m [32m INFO[0m [1;32mrch::hook[0m[32m: [32mRemote command finished: exit=0 in 358611ms[0m
    [2;3mat[0m rch/src/hook.rs:6381 [2;3mon[0m ThreadId(1)

  [2m2026-06-08T15:37:07.745579Z[0m [32m INFO[0m [1;32mrch::hook[0m[32m: [32mRetrieving build artifacts...[0m
    [2;3mat[0m rch/src/hook.rs:6430 [2;3mon[0m ThreadId(1)

  [2m2026-06-08T15:37:07.745608Z[0m [32m INFO[0m [1;32mrch::transfer[0m[32m: [32mRetrieving artifacts from /data/projects/frankentorch on vmi1156319[0m
    [2;3mat[0m rch/src/transfer.rs:2072 [2;3mon[0m ThreadId(1)

  [2m2026-06-08T15:37:10.310019Z[0m [32m INFO[0m [1;32mrch::transfer[0m[32m: [32mArtifacts retrieved in 2564ms (1 files, 3331 bytes)[0m
    [2;3mat[0m rch/src/transfer.rs:2111 [2;3mon[0m ThreadId(1)

  [2m2026-06-08T15:37:10.310047Z[0m [32m INFO[0m [1;32mrch::hook[0m[32m: [32mArtifacts retrieved: 1 files, 3331 bytes in 2564ms[0m
    [2;3mat[0m rch/src/hook.rs:6463 [2;3mon[0m ThreadId(1)

  [2m2026-06-08T15:37:10.310186Z[0m [32m INFO[0m [1;32mrch::transfer[0m[32m: [32mRetrieving artifacts from /data/projects/frankentorch/.rch-target-vmi1156319-job-29878602124231481-1780932624135234226-0 on vmi1156319[0m
    [2;3mat[0m rch/src/transfer.rs:2072 [2;3mon[0m ThreadId(1)

  [2m2026-06-08T15:37:12.870996Z[0m [32m INFO[0m [1;32mrch::transfer[0m[32m: [32mArtifacts retrieved in 2560ms (176 files, 512 bytes)[0m
    [2;3mat[0m rch/src/transfer.rs:2111 [2;3mon[0m ThreadId(1)

  [2m2026-06-08T15:37:12.871023Z[0m [32m INFO[0m [1;32mrch::hook[0m[32m: [32mCustom CARGO_TARGET_DIR artifacts retrieved: 176 files, 512 bytes in 2560ms[0m
    [2;3mat[0m rch/src/hook.rs:6587 [2;3mon[0m ThreadId(1)

[RCH] remote vmi1156319 (410.9s)
