  [2m2026-06-08T15:11:36.395417Z[0m [32m INFO[0m [1;32mrch::hook[0m[32m: [32mSelected worker: vmi1167313 at ubuntu@154.12.232.219 (0 slots remaining after reservation, speed 50.0)[0m
    [2;3mat[0m rch/src/hook.rs:514 [2;3mon[0m ThreadId(1)

  [2m2026-06-08T15:11:36.696463Z[0m [32m INFO[0m [1;32mrch::hook[0m[32m: [32mStarting remote compilation pipeline for frankentorch (hash: 78ab156102a58c4c)[0m
    [2;3mat[0m rch/src/hook.rs:5994 [2;3mon[0m ThreadId(1)

  [2m2026-06-08T15:11:36.696522Z[0m [32m INFO[0m [1;32mrch::hook[0m[32m: [32mPrepared dependency sync manifest for 13 roots[0m
    [2;3mat[0m rch/src/hook.rs:6016 [2;3mon[0m ThreadId(1)

  [2m2026-06-08T15:11:37.786864Z[0m [32m INFO[0m [1;32mrch::hook[0m[32m: [32mSyncing project to worker vmi1167313...[0m
    [2;3mat[0m rch/src/hook.rs:6046 [2;3mon[0m ThreadId(1)

  [2m2026-06-08T15:11:37.786914Z[0m [32m INFO[0m [1;32mrch::transfer[0m[32m: [32mSyncing /data/projects/frankentorch -> /data/projects/frankentorch on vmi1167313[0m
    [2;3mat[0m rch/src/transfer.rs:1400 [2;3mon[0m ThreadId(1)

  [2m2026-06-08T15:11:41.674769Z[0m [32m INFO[0m [1;32mrch::transfer[0m[32m: [32mSync completed in 3887ms[0m
    [2;3mat[0m rch/src/transfer.rs:1469 [2;3mon[0m ThreadId(1)

  [2m2026-06-08T15:11:41.674825Z[0m [32m INFO[0m [1;32mrch::transfer[0m[32m: [32mSyncing /data/projects/frankentorch/crates/ft-api -> /data/projects/frankentorch/crates/ft-api on vmi1167313[0m
    [2;3mat[0m rch/src/transfer.rs:1400 [2;3mon[0m ThreadId(1)

  [2m2026-06-08T15:11:42.148091Z[0m [32m INFO[0m [1;32mrch::transfer[0m[32m: [32mSync completed in 473ms[0m
    [2;3mat[0m rch/src/transfer.rs:1469 [2;3mon[0m ThreadId(1)

  [2m2026-06-08T15:11:42.148180Z[0m [32m INFO[0m [1;32mrch::transfer[0m[32m: [32mSyncing /data/projects/frankentorch/crates/ft-autograd -> /data/projects/frankentorch/crates/ft-autograd on vmi1167313[0m
    [2;3mat[0m rch/src/transfer.rs:1400 [2;3mon[0m ThreadId(1)

  [2m2026-06-08T15:11:42.649399Z[0m [32m INFO[0m [1;32mrch::transfer[0m[32m: [32mSync completed in 501ms[0m
    [2;3mat[0m rch/src/transfer.rs:1469 [2;3mon[0m ThreadId(1)

  [2m2026-06-08T15:11:42.649460Z[0m [32m INFO[0m [1;32mrch::transfer[0m[32m: [32mSyncing /data/projects/frankentorch/crates/ft-conformance -> /data/projects/frankentorch/crates/ft-conformance on vmi1167313[0m
    [2;3mat[0m rch/src/transfer.rs:1400 [2;3mon[0m ThreadId(1)

  [2m2026-06-08T15:11:43.080801Z[0m [32m INFO[0m [1;32mrch::transfer[0m[32m: [32mSync completed in 431ms[0m
    [2;3mat[0m rch/src/transfer.rs:1469 [2;3mon[0m ThreadId(1)

  [2m2026-06-08T15:11:43.080861Z[0m [32m INFO[0m [1;32mrch::transfer[0m[32m: [32mSyncing /data/projects/frankentorch/crates/ft-core -> /data/projects/frankentorch/crates/ft-core on vmi1167313[0m
    [2;3mat[0m rch/src/transfer.rs:1400 [2;3mon[0m ThreadId(1)

  [2m2026-06-08T15:11:43.537872Z[0m [32m INFO[0m [1;32mrch::transfer[0m[32m: [32mSync completed in 456ms[0m
    [2;3mat[0m rch/src/transfer.rs:1469 [2;3mon[0m ThreadId(1)

  [2m2026-06-08T15:11:43.537963Z[0m [32m INFO[0m [1;32mrch::transfer[0m[32m: [32mSyncing /data/projects/frankentorch/crates/ft-data -> /data/projects/frankentorch/crates/ft-data on vmi1167313[0m
    [2;3mat[0m rch/src/transfer.rs:1400 [2;3mon[0m ThreadId(1)

  [2m2026-06-08T15:11:43.975331Z[0m [32m INFO[0m [1;32mrch::transfer[0m[32m: [32mSync completed in 437ms[0m
    [2;3mat[0m rch/src/transfer.rs:1469 [2;3mon[0m ThreadId(1)

  [2m2026-06-08T15:11:43.975398Z[0m [32m INFO[0m [1;32mrch::transfer[0m[32m: [32mSyncing /data/projects/frankentorch/crates/ft-device -> /data/projects/frankentorch/crates/ft-device on vmi1167313[0m
    [2;3mat[0m rch/src/transfer.rs:1400 [2;3mon[0m ThreadId(1)

  [2m2026-06-08T15:11:44.513927Z[0m [32m INFO[0m [1;32mrch::transfer[0m[32m: [32mSync completed in 538ms[0m
    [2;3mat[0m rch/src/transfer.rs:1469 [2;3mon[0m ThreadId(1)

  [2m2026-06-08T15:11:44.514009Z[0m [32m INFO[0m [1;32mrch::transfer[0m[32m: [32mSyncing /data/projects/frankentorch/crates/ft-dispatch -> /data/projects/frankentorch/crates/ft-dispatch on vmi1167313[0m
    [2;3mat[0m rch/src/transfer.rs:1400 [2;3mon[0m ThreadId(1)

  [2m2026-06-08T15:11:44.936124Z[0m [32m INFO[0m [1;32mrch::transfer[0m[32m: [32mSync completed in 422ms[0m
    [2;3mat[0m rch/src/transfer.rs:1469 [2;3mon[0m ThreadId(1)

  [2m2026-06-08T15:11:44.936190Z[0m [32m INFO[0m [1;32mrch::transfer[0m[32m: [32mSyncing /data/projects/frankentorch/crates/ft-kernel-cpu -> /data/projects/frankentorch/crates/ft-kernel-cpu on vmi1167313[0m
    [2;3mat[0m rch/src/transfer.rs:1400 [2;3mon[0m ThreadId(1)

  [2m2026-06-08T15:11:45.386104Z[0m [32m INFO[0m [1;32mrch::transfer[0m[32m: [32mSync completed in 449ms[0m
    [2;3mat[0m rch/src/transfer.rs:1469 [2;3mon[0m ThreadId(1)

  [2m2026-06-08T15:11:45.386187Z[0m [32m INFO[0m [1;32mrch::transfer[0m[32m: [32mSyncing /data/projects/frankentorch/crates/ft-nn -> /data/projects/frankentorch/crates/ft-nn on vmi1167313[0m
    [2;3mat[0m rch/src/transfer.rs:1400 [2;3mon[0m ThreadId(1)

  [2m2026-06-08T15:11:45.906588Z[0m [32m INFO[0m [1;32mrch::transfer[0m[32m: [32mSync completed in 520ms[0m
    [2;3mat[0m rch/src/transfer.rs:1469 [2;3mon[0m ThreadId(1)

  [2m2026-06-08T15:11:45.906667Z[0m [32m INFO[0m [1;32mrch::transfer[0m[32m: [32mSyncing /data/projects/frankentorch/crates/ft-optim -> /data/projects/frankentorch/crates/ft-optim on vmi1167313[0m
    [2;3mat[0m rch/src/transfer.rs:1400 [2;3mon[0m ThreadId(1)

  [2m2026-06-08T15:11:46.370991Z[0m [32m INFO[0m [1;32mrch::transfer[0m[32m: [32mSync completed in 464ms[0m
    [2;3mat[0m rch/src/transfer.rs:1469 [2;3mon[0m ThreadId(1)

  [2m2026-06-08T15:11:46.371056Z[0m [32m INFO[0m [1;32mrch::transfer[0m[32m: [32mSyncing /data/projects/frankentorch/crates/ft-runtime -> /data/projects/frankentorch/crates/ft-runtime on vmi1167313[0m
    [2;3mat[0m rch/src/transfer.rs:1400 [2;3mon[0m ThreadId(1)

  [2m2026-06-08T15:11:46.930431Z[0m [32m INFO[0m [1;32mrch::transfer[0m[32m: [32mSync completed in 559ms[0m
    [2;3mat[0m rch/src/transfer.rs:1469 [2;3mon[0m ThreadId(1)

  [2m2026-06-08T15:11:46.930507Z[0m [32m INFO[0m [1;32mrch::transfer[0m[32m: [32mSyncing /data/projects/frankentorch/crates/ft-serialize -> /data/projects/frankentorch/crates/ft-serialize on vmi1167313[0m
    [2;3mat[0m rch/src/transfer.rs:1400 [2;3mon[0m ThreadId(1)

  [2m2026-06-08T15:11:47.492376Z[0m [32m INFO[0m [1;32mrch::transfer[0m[32m: [32mSync completed in 561ms[0m
    [2;3mat[0m rch/src/transfer.rs:1469 [2;3mon[0m ThreadId(1)

  [2m2026-06-08T15:11:47.492420Z[0m [32m INFO[0m [1;32mrch::hook[0m[32m: [32mSync complete: 51028 files, 1832413 bytes in 9698ms[0m
    [2;3mat[0m rch/src/hook.rs:6209 [2;3mon[0m ThreadId(1)

  [2m2026-06-08T15:11:48.736926Z[0m [32m INFO[0m [1;32mrch::hook[0m[32m: [32mExecuting command remotely: cargo bench -p ft-kernel-cpu --bench gemm_bench -- matmul_f64_512x512x512 --warm-up-time 1 --measurement-time 3 --sample-size 12 --noplot[0m
    [2;3mat[0m rch/src/hook.rs:6257 [2;3mon[0m ThreadId(1)

  [2m2026-06-08T15:11:48.736986Z[0m [32m INFO[0m [1;32mrch::transfer[0m[32m: [32mRewriting CARGO_TARGET_DIR for remote execution (worker-scoped path): /data/tmp/frankentorch-g1upz-target -> /data/projects/frankentorch/.rch-target-vmi1167313-job-29878602124231446-1780931497786858273-0[0m
    [2;3mat[0m rch/src/transfer.rs:712 [2;3mon[0m ThreadId(1)

    Updating crates.io index
 Downloading crates ...
  Downloaded bit-vec v0.8.0
  Downloaded cfg-if v1.0.4
  Downloaded itoa v1.0.18
  Downloaded once_cell v1.21.4
  Downloaded rawpointer v0.2.1
  Downloaded rand_core v0.9.5
  Downloaded wait-timeout v0.2.1
  Downloaded plotters-backend v0.3.7
  Downloaded same-file v1.0.6
  Downloaded tinytemplate v1.2.1
  Downloaded serde_derive v1.0.228
  Downloaded rand_xorshift v0.4.0
  Downloaded quick-error v1.2.3
  Downloaded unarray v0.1.4
  Downloaded rusty-fork v0.3.1
  Downloaded plotters-svg v0.3.7
  Downloaded zmij v1.0.21
  Downloaded walkdir v2.5.0
  Downloaded quote v1.0.45
  Downloaded tempfile v3.27.0
  Downloaded proc-macro2 v1.0.106
  Downloaded half v2.7.1
  Downloaded unicode-ident v1.0.24
  Downloaded rayon-core v1.13.0
  Downloaded wide v0.7.33
  Downloaded zerocopy-derive v0.8.48
  Downloaded criterion v0.5.1
  Downloaded itertools v0.10.5
  Downloaded regex v1.12.3
  Downloaded serde_json v1.0.149
  Downloaded proptest v1.11.0
  Downloaded clap_builder v4.6.0
  Downloaded plotters v0.3.7
  Downloaded libm v0.2.16
  Downloaded rayon v1.12.0
  Downloaded zerocopy v0.8.48
  Downloaded aho-corasick v1.1.4
  Downloaded syn v2.0.117
  Downloaded memchr v2.8.0
  Downloaded regex-syntax v0.8.10
  Downloaded safe_arch v0.7.4
  Downloaded rustix v1.1.4
  Downloaded clap v4.6.1
  Downloaded serde v1.0.228
  Downloaded getrandom v0.3.4
  Downloaded crossbeam-utils v0.8.21
  Downloaded crossbeam-deque v0.8.6
  Downloaded similar v2.7.0
  Downloaded serde_core v1.0.228
  Downloaded fastrand v2.4.1
  Downloaded either v1.15.0
  Downloaded regex-automata v0.4.14
  Downloaded criterion-plot v0.5.0
  Downloaded console v0.16.3
  Downloaded ciborium v0.2.2
  Downloaded bytemuck_derive v1.10.2
  Downloaded rand_chacha v0.9.0
  Downloaded num-complex v0.4.6
  Downloaded anes v0.1.6
  Downloaded rand v0.9.4
  Downloaded ppv-lite86 v0.2.21
  Downloaded num-traits v0.2.19
  Downloaded bitflags v2.11.1
  Downloaded fnv v1.0.7
  Downloaded libc v0.2.185
  Downloaded errno v0.3.14
  Downloaded matrixmultiply v0.3.10
  Downloaded crossbeam-epoch v0.9.18
  Downloaded anstyle v1.0.14
  Downloaded oorandom v11.1.5
  Downloaded insta v1.47.2
  Downloaded ciborium-ll v0.2.2
  Downloaded cast v0.3.0
  Downloaded ciborium-io v0.2.2
  Downloaded bit-set v0.8.0
  Downloaded autocfg v1.5.0
  Downloaded bytemuck v1.25.0
  Downloaded is-terminal v0.4.17
  Downloaded clap_lex v1.1.0
  Downloaded linux-raw-sys v0.12.1
   Compiling proc-macro2 v1.0.106
   Compiling unicode-ident v1.0.24
   Compiling quote v1.0.45
   Compiling syn v2.0.117
   Compiling libc v0.2.185
   Compiling cfg-if v1.0.4
   Compiling autocfg v1.5.0
   Compiling zerocopy v0.8.48
   Compiling zerocopy-derive v0.8.48
   Compiling getrandom v0.3.4
   Compiling bytemuck_derive v1.10.2
   Compiling bytemuck v1.25.0
   Compiling num-traits v0.2.19
   Compiling crossbeam-utils v0.8.21
   Compiling serde_core v1.0.228
   Compiling rustix v1.1.4
   Compiling crossbeam-epoch v0.9.18
   Compiling half v2.7.1
   Compiling rayon-core v1.13.0
   Compiling bitflags v2.11.1
   Compiling linux-raw-sys v0.12.1
   Compiling zmij v1.0.21
   Compiling serde v1.0.228
   Compiling once_cell v1.21.4
   Compiling either v1.15.0
   Compiling crossbeam-deque v0.8.6
   Compiling rand_core v0.9.5
   Compiling serde_derive v1.0.228
   Compiling fastrand v2.4.1
   Compiling serde_json v1.0.149
   Compiling regex-syntax v0.8.10
   Compiling tempfile v3.27.0
   Compiling matrixmultiply v0.3.10
   Compiling clap_lex v1.1.0
   Compiling libm v0.2.16
   Compiling anstyle v1.0.14
   Compiling ciborium-io v0.2.2
   Compiling plotters-backend v0.3.7
   Compiling memchr v2.8.0
   Compiling itoa v1.0.18
   Compiling plotters-svg v0.3.7
   Compiling ciborium-ll v0.2.2
   Compiling clap_builder v4.6.0
   Compiling rayon v1.12.0
   Compiling regex-automata v0.4.14
   Compiling itertools v0.10.5
   Compiling num-complex v0.4.6
   Compiling safe_arch v0.7.4
   Compiling ppv-lite86 v0.2.21
   Compiling wait-timeout v0.2.1
   Compiling bit-vec v0.8.0
   Compiling cast v0.3.0
   Compiling same-file v1.0.6
   Compiling rawpointer v0.2.1
   Compiling quick-error v1.2.3
   Compiling fnv v1.0.7
   Compiling rusty-fork v0.3.1
   Compiling walkdir v2.5.0
   Compiling criterion-plot v0.5.0
   Compiling bit-set v0.8.0
   Compiling rand_chacha v0.9.0
   Compiling wide v0.7.33
   Compiling ft-core v0.1.0 (/data/projects/frankentorch/crates/ft-core)
   Compiling regex v1.12.3
   Compiling clap v4.6.1
   Compiling ciborium v0.2.2
   Compiling plotters v0.3.7
   Compiling tinytemplate v1.2.1
   Compiling rand_xorshift v0.4.0
   Compiling rand v0.9.4
   Compiling is-terminal v0.4.17
   Compiling console v0.16.3
   Compiling anes v0.1.6
   Compiling similar v2.7.0
   Compiling unarray v0.1.4
   Compiling oorandom v11.1.5
   Compiling criterion v0.5.1
   Compiling proptest v1.11.0
   Compiling insta v1.47.2
   Compiling ft-kernel-cpu v0.1.0 (/data/projects/frankentorch/crates/ft-kernel-cpu)
    Finished `bench` profile [optimized + debuginfo] target(s) in 4m 51s
     Running benches/gemm_bench.rs (.rch-target-vmi1167313-job-29878602124231446-1780931497786858273-0/release/deps/gemm_bench-2860152a1939296e)
Gnuplot not found, using plotters backend
Benchmarking matmul_f64_512x512x512
Benchmarking matmul_f64_512x512x512: Warming up for 1.0000 s
Benchmarking matmul_f64_512x512x512: Collecting 12 samples in estimated 3.1685 s (390 iterations)
Benchmarking matmul_f64_512x512x512: Analyzing
matmul_f64_512x512x512  time:   [6.8222 ms 7.3593 ms 7.6842 ms]

  [2m2026-06-08T15:16:44.945276Z[0m [32m INFO[0m [1;32mrch::hook[0m[32m: [32mRemote command finished: exit=0 in 296208ms[0m
    [2;3mat[0m rch/src/hook.rs:6381 [2;3mon[0m ThreadId(1)

  [2m2026-06-08T15:16:44.945539Z[0m [32m INFO[0m [1;32mrch::hook[0m[32m: [32mRetrieving build artifacts...[0m
    [2;3mat[0m rch/src/hook.rs:6430 [2;3mon[0m ThreadId(1)

  [2m2026-06-08T15:16:44.945562Z[0m [32m INFO[0m [1;32mrch::transfer[0m[32m: [32mRetrieving artifacts from /data/projects/frankentorch on vmi1167313[0m
    [2;3mat[0m rch/src/transfer.rs:2072 [2;3mon[0m ThreadId(1)

  [2m2026-06-08T15:16:45.395437Z[0m [32m INFO[0m [1;32mrch::transfer[0m[32m: [32mArtifacts retrieved in 449ms (1 files, 3331 bytes)[0m
    [2;3mat[0m rch/src/transfer.rs:2111 [2;3mon[0m ThreadId(1)

  [2m2026-06-08T15:16:45.395460Z[0m [32m INFO[0m [1;32mrch::hook[0m[32m: [32mArtifacts retrieved: 1 files, 3331 bytes in 449ms[0m
    [2;3mat[0m rch/src/hook.rs:6463 [2;3mon[0m ThreadId(1)

  [2m2026-06-08T15:16:45.395569Z[0m [32m INFO[0m [1;32mrch::transfer[0m[32m: [32mRetrieving artifacts from /data/projects/frankentorch/.rch-target-vmi1167313-job-29878602124231446-1780931497786858273-0 on vmi1167313[0m
    [2;3mat[0m rch/src/transfer.rs:2072 [2;3mon[0m ThreadId(1)

  [2m2026-06-08T15:16:45.849659Z[0m [32m INFO[0m [1;32mrch::transfer[0m[32m: [32mArtifacts retrieved in 454ms (176 files, 572 bytes)[0m
    [2;3mat[0m rch/src/transfer.rs:2111 [2;3mon[0m ThreadId(1)

  [2m2026-06-08T15:16:45.849688Z[0m [32m INFO[0m [1;32mrch::hook[0m[32m: [32mCustom CARGO_TARGET_DIR artifacts retrieved: 176 files, 572 bytes in 454ms[0m
    [2;3mat[0m rch/src/hook.rs:6587 [2;3mon[0m ThreadId(1)

[RCH] remote vmi1167313 (309.5s)
