  [2m2026-06-08T15:24:47.832758Z[0m [32m INFO[0m [1;32mrch::hook[0m[32m: [32mSelected worker: vmi1167313 at ubuntu@154.12.232.219 (4 slots remaining after reservation, speed 50.0)[0m
    [2;3mat[0m rch/src/hook.rs:514 [2;3mon[0m ThreadId(1)

  [2m2026-06-08T15:24:48.127047Z[0m [32m INFO[0m [1;32mrch::hook[0m[32m: [32mStarting remote compilation pipeline for frankentorch (hash: 78ab156102a58c4c)[0m
    [2;3mat[0m rch/src/hook.rs:5994 [2;3mon[0m ThreadId(1)

  [2m2026-06-08T15:24:48.127099Z[0m [32m INFO[0m [1;32mrch::hook[0m[32m: [32mPrepared dependency sync manifest for 13 roots[0m
    [2;3mat[0m rch/src/hook.rs:6016 [2;3mon[0m ThreadId(1)

  [2m2026-06-08T15:24:48.940150Z[0m [32m INFO[0m [1;32mrch::hook[0m[32m: [32mSyncing project to worker vmi1167313...[0m
    [2;3mat[0m rch/src/hook.rs:6046 [2;3mon[0m ThreadId(1)

  [2m2026-06-08T15:24:48.940194Z[0m [32m INFO[0m [1;32mrch::transfer[0m[32m: [32mSyncing /data/projects/frankentorch -> /data/projects/frankentorch on vmi1167313[0m
    [2;3mat[0m rch/src/transfer.rs:1400 [2;3mon[0m ThreadId(1)

  [2m2026-06-08T15:24:52.111662Z[0m [32m INFO[0m [1;32mrch::transfer[0m[32m: [32mSync completed in 3171ms[0m
    [2;3mat[0m rch/src/transfer.rs:1469 [2;3mon[0m ThreadId(1)

  [2m2026-06-08T15:24:52.111724Z[0m [32m INFO[0m [1;32mrch::transfer[0m[32m: [32mSyncing /data/projects/frankentorch/crates/ft-api -> /data/projects/frankentorch/crates/ft-api on vmi1167313[0m
    [2;3mat[0m rch/src/transfer.rs:1400 [2;3mon[0m ThreadId(1)

  [2m2026-06-08T15:24:52.567300Z[0m [32m INFO[0m [1;32mrch::transfer[0m[32m: [32mSync completed in 455ms[0m
    [2;3mat[0m rch/src/transfer.rs:1469 [2;3mon[0m ThreadId(1)

  [2m2026-06-08T15:24:52.567371Z[0m [32m INFO[0m [1;32mrch::transfer[0m[32m: [32mSyncing /data/projects/frankentorch/crates/ft-autograd -> /data/projects/frankentorch/crates/ft-autograd on vmi1167313[0m
    [2;3mat[0m rch/src/transfer.rs:1400 [2;3mon[0m ThreadId(1)

  [2m2026-06-08T15:24:53.092845Z[0m [32m INFO[0m [1;32mrch::transfer[0m[32m: [32mSync completed in 525ms[0m
    [2;3mat[0m rch/src/transfer.rs:1469 [2;3mon[0m ThreadId(1)

  [2m2026-06-08T15:24:53.092911Z[0m [32m INFO[0m [1;32mrch::transfer[0m[32m: [32mSyncing /data/projects/frankentorch/crates/ft-conformance -> /data/projects/frankentorch/crates/ft-conformance on vmi1167313[0m
    [2;3mat[0m rch/src/transfer.rs:1400 [2;3mon[0m ThreadId(1)

  [2m2026-06-08T15:24:53.731119Z[0m [32m INFO[0m [1;32mrch::transfer[0m[32m: [32mSync completed in 638ms[0m
    [2;3mat[0m rch/src/transfer.rs:1469 [2;3mon[0m ThreadId(1)

  [2m2026-06-08T15:24:53.731188Z[0m [32m INFO[0m [1;32mrch::transfer[0m[32m: [32mSyncing /data/projects/frankentorch/crates/ft-core -> /data/projects/frankentorch/crates/ft-core on vmi1167313[0m
    [2;3mat[0m rch/src/transfer.rs:1400 [2;3mon[0m ThreadId(1)

  [2m2026-06-08T15:24:54.215843Z[0m [32m INFO[0m [1;32mrch::transfer[0m[32m: [32mSync completed in 484ms[0m
    [2;3mat[0m rch/src/transfer.rs:1469 [2;3mon[0m ThreadId(1)

  [2m2026-06-08T15:24:54.215920Z[0m [32m INFO[0m [1;32mrch::transfer[0m[32m: [32mSyncing /data/projects/frankentorch/crates/ft-data -> /data/projects/frankentorch/crates/ft-data on vmi1167313[0m
    [2;3mat[0m rch/src/transfer.rs:1400 [2;3mon[0m ThreadId(1)

  [2m2026-06-08T15:24:54.749405Z[0m [32m INFO[0m [1;32mrch::transfer[0m[32m: [32mSync completed in 533ms[0m
    [2;3mat[0m rch/src/transfer.rs:1469 [2;3mon[0m ThreadId(1)

  [2m2026-06-08T15:24:54.749469Z[0m [32m INFO[0m [1;32mrch::transfer[0m[32m: [32mSyncing /data/projects/frankentorch/crates/ft-device -> /data/projects/frankentorch/crates/ft-device on vmi1167313[0m
    [2;3mat[0m rch/src/transfer.rs:1400 [2;3mon[0m ThreadId(1)

  [2m2026-06-08T15:24:55.218187Z[0m [32m INFO[0m [1;32mrch::transfer[0m[32m: [32mSync completed in 468ms[0m
    [2;3mat[0m rch/src/transfer.rs:1469 [2;3mon[0m ThreadId(1)

  [2m2026-06-08T15:24:55.218267Z[0m [32m INFO[0m [1;32mrch::transfer[0m[32m: [32mSyncing /data/projects/frankentorch/crates/ft-dispatch -> /data/projects/frankentorch/crates/ft-dispatch on vmi1167313[0m
    [2;3mat[0m rch/src/transfer.rs:1400 [2;3mon[0m ThreadId(1)

  [2m2026-06-08T15:24:55.673578Z[0m [32m INFO[0m [1;32mrch::transfer[0m[32m: [32mSync completed in 455ms[0m
    [2;3mat[0m rch/src/transfer.rs:1469 [2;3mon[0m ThreadId(1)

  [2m2026-06-08T15:24:55.673651Z[0m [32m INFO[0m [1;32mrch::transfer[0m[32m: [32mSyncing /data/projects/frankentorch/crates/ft-kernel-cpu -> /data/projects/frankentorch/crates/ft-kernel-cpu on vmi1167313[0m
    [2;3mat[0m rch/src/transfer.rs:1400 [2;3mon[0m ThreadId(1)

  [2m2026-06-08T15:24:56.068810Z[0m [32m INFO[0m [1;32mrch::transfer[0m[32m: [32mSync completed in 395ms[0m
    [2;3mat[0m rch/src/transfer.rs:1469 [2;3mon[0m ThreadId(1)

  [2m2026-06-08T15:24:56.068878Z[0m [32m INFO[0m [1;32mrch::transfer[0m[32m: [32mSyncing /data/projects/frankentorch/crates/ft-nn -> /data/projects/frankentorch/crates/ft-nn on vmi1167313[0m
    [2;3mat[0m rch/src/transfer.rs:1400 [2;3mon[0m ThreadId(1)

  [2m2026-06-08T15:24:56.523363Z[0m [32m INFO[0m [1;32mrch::transfer[0m[32m: [32mSync completed in 454ms[0m
    [2;3mat[0m rch/src/transfer.rs:1469 [2;3mon[0m ThreadId(1)

  [2m2026-06-08T15:24:56.523450Z[0m [32m INFO[0m [1;32mrch::transfer[0m[32m: [32mSyncing /data/projects/frankentorch/crates/ft-optim -> /data/projects/frankentorch/crates/ft-optim on vmi1167313[0m
    [2;3mat[0m rch/src/transfer.rs:1400 [2;3mon[0m ThreadId(1)

  [2m2026-06-08T15:24:57.016655Z[0m [32m INFO[0m [1;32mrch::transfer[0m[32m: [32mSync completed in 493ms[0m
    [2;3mat[0m rch/src/transfer.rs:1469 [2;3mon[0m ThreadId(1)

  [2m2026-06-08T15:24:57.016713Z[0m [32m INFO[0m [1;32mrch::transfer[0m[32m: [32mSyncing /data/projects/frankentorch/crates/ft-runtime -> /data/projects/frankentorch/crates/ft-runtime on vmi1167313[0m
    [2;3mat[0m rch/src/transfer.rs:1400 [2;3mon[0m ThreadId(1)

  [2m2026-06-08T15:24:57.471912Z[0m [32m INFO[0m [1;32mrch::transfer[0m[32m: [32mSync completed in 455ms[0m
    [2;3mat[0m rch/src/transfer.rs:1469 [2;3mon[0m ThreadId(1)

  [2m2026-06-08T15:24:57.471985Z[0m [32m INFO[0m [1;32mrch::transfer[0m[32m: [32mSyncing /data/projects/frankentorch/crates/ft-serialize -> /data/projects/frankentorch/crates/ft-serialize on vmi1167313[0m
    [2;3mat[0m rch/src/transfer.rs:1400 [2;3mon[0m ThreadId(1)

  [2m2026-06-08T15:24:57.972340Z[0m [32m INFO[0m [1;32mrch::transfer[0m[32m: [32mSync completed in 500ms[0m
    [2;3mat[0m rch/src/transfer.rs:1469 [2;3mon[0m ThreadId(1)

  [2m2026-06-08T15:24:57.972376Z[0m [32m INFO[0m [1;32mrch::hook[0m[32m: [32mSync complete: 51029 files, 1820012 bytes in 9026ms[0m
    [2;3mat[0m rch/src/hook.rs:6209 [2;3mon[0m ThreadId(1)

  [2m2026-06-08T15:24:59.475131Z[0m [32m INFO[0m [1;32mrch::hook[0m[32m: [32mExecuting command remotely: cargo check -p ft-kernel-cpu --lib[0m
    [2;3mat[0m rch/src/hook.rs:6257 [2;3mon[0m ThreadId(1)

  [2m2026-06-08T15:24:59.475179Z[0m [32m INFO[0m [1;32mrch::transfer[0m[32m: [32mRewriting CARGO_TARGET_DIR for remote execution (worker-scoped path): /data/tmp/frankentorch-g1upz2-target -> /data/projects/frankentorch/.rch-target-vmi1167313-job-29878602124231468-1780932288940144421-0[0m
    [2;3mat[0m rch/src/transfer.rs:712 [2;3mon[0m ThreadId(1)

    Updating crates.io index
 Downloading crates ...
  Downloaded cfg-if v1.0.4
  Downloaded crossbeam-utils v0.8.21
  Downloaded either v1.15.0
  Downloaded autocfg v1.5.0
  Downloaded rawpointer v0.2.1
  Downloaded quote v1.0.45
  Downloaded num-complex v0.4.6
  Downloaded crossbeam-epoch v0.9.18
  Downloaded crossbeam-deque v0.8.6
  Downloaded unicode-ident v1.0.24
  Downloaded safe_arch v0.7.4
  Downloaded zerocopy-derive v0.8.48
  Downloaded wide v0.7.33
  Downloaded rayon-core v1.13.0
  Downloaded rayon v1.12.0
  Downloaded libm v0.2.16
  Downloaded num-traits v0.2.19
  Downloaded zerocopy v0.8.48
  Downloaded syn v2.0.117
  Downloaded bytemuck_derive v1.10.2
  Downloaded matrixmultiply v0.3.10
  Downloaded half v2.7.1
  Downloaded proc-macro2 v1.0.106
  Downloaded bytemuck v1.25.0
   Compiling proc-macro2 v1.0.106
   Compiling unicode-ident v1.0.24
   Compiling quote v1.0.45
   Compiling syn v2.0.117
   Compiling autocfg v1.5.0
   Compiling crossbeam-utils v0.8.21
   Compiling bytemuck_derive v1.10.2
    Checking bytemuck v1.25.0
   Compiling num-traits v0.2.19
   Compiling zerocopy v0.8.48
    Checking crossbeam-epoch v0.9.18
   Compiling zerocopy-derive v0.8.48
   Compiling rayon-core v1.13.0
    Checking crossbeam-deque v0.8.6
   Compiling matrixmultiply v0.3.10
    Checking cfg-if v1.0.4
   Compiling libm v0.2.16
    Checking half v2.7.1
    Checking num-complex v0.4.6
    Checking safe_arch v0.7.4
    Checking either v1.15.0
    Checking rawpointer v0.2.1
    Checking rayon v1.12.0
    Checking wide v0.7.33
    Checking ft-core v0.1.0 (/data/projects/frankentorch/crates/ft-core)
    Checking ft-kernel-cpu v0.1.0 (/data/projects/frankentorch/crates/ft-kernel-cpu)
    Finished `dev` profile [unoptimized + debuginfo] target(s) in 32.30s
  [2m2026-06-08T15:25:32.485973Z[0m [32m INFO[0m [1;32mrch::hook[0m[32m: [32mRemote command finished: exit=0 in 33010ms[0m
    [2;3mat[0m rch/src/hook.rs:6381 [2;3mon[0m ThreadId(1)

  [2m2026-06-08T15:25:32.486263Z[0m [32m INFO[0m [1;32mrch::hook[0m[32m: [32mRetrieving build artifacts...[0m
    [2;3mat[0m rch/src/hook.rs:6430 [2;3mon[0m ThreadId(1)

  [2m2026-06-08T15:25:32.486283Z[0m [32m INFO[0m [1;32mrch::transfer[0m[32m: [32mRetrieving artifacts from /data/projects/frankentorch on vmi1167313[0m
    [2;3mat[0m rch/src/transfer.rs:2072 [2;3mon[0m ThreadId(1)

  [2m2026-06-08T15:25:32.929174Z[0m [32m INFO[0m [1;32mrch::transfer[0m[32m: [32mArtifacts retrieved in 442ms (1 files, 3231 bytes)[0m
    [2;3mat[0m rch/src/transfer.rs:2111 [2;3mon[0m ThreadId(1)

  [2m2026-06-08T15:25:32.929196Z[0m [32m INFO[0m [1;32mrch::hook[0m[32m: [32mArtifacts retrieved: 1 files, 3231 bytes in 442ms[0m
    [2;3mat[0m rch/src/hook.rs:6463 [2;3mon[0m ThreadId(1)

  [2m2026-06-08T15:25:32.929304Z[0m [32m INFO[0m [1;32mrch::transfer[0m[32m: [32mRetrieving artifacts from /data/projects/frankentorch/.rch-target-vmi1167313-job-29878602124231468-1780932288940144421-0 on vmi1167313[0m
    [2;3mat[0m rch/src/transfer.rs:2072 [2;3mon[0m ThreadId(1)

  [2m2026-06-08T15:25:34.653324Z[0m [32m INFO[0m [1;32mrch::transfer[0m[32m: [32mArtifacts retrieved in 1723ms (354 files, 5608 bytes)[0m
    [2;3mat[0m rch/src/transfer.rs:2111 [2;3mon[0m ThreadId(1)

  [2m2026-06-08T15:25:34.653347Z[0m [32m INFO[0m [1;32mrch::hook[0m[32m: [32mCustom CARGO_TARGET_DIR artifacts retrieved: 354 files, 5608 bytes in 1723ms[0m
    [2;3mat[0m rch/src/hook.rs:6587 [2;3mon[0m ThreadId(1)

[RCH] remote vmi1167313 (46.8s)
