  [2m2026-06-08T13:33:41.407247Z[0m [32m INFO[0m [1;32mrch::hook[0m[32m: [32mSelected worker: vmi1153651 at ubuntu@38.242.134.66 (4 slots remaining after reservation, speed 50.0)[0m
    [2;3mat[0m rch/src/hook.rs:514 [2;3mon[0m ThreadId(1)

  [2m2026-06-08T13:33:41.705203Z[0m [32m INFO[0m [1;32mrch::hook[0m[32m: [32mStarting remote compilation pipeline for frankentorch (hash: 78ab156102a58c4c)[0m
    [2;3mat[0m rch/src/hook.rs:5994 [2;3mon[0m ThreadId(1)

  [2m2026-06-08T13:33:41.705273Z[0m [32m INFO[0m [1;32mrch::hook[0m[32m: [32mPrepared dependency sync manifest for 13 roots[0m
    [2;3mat[0m rch/src/hook.rs:6016 [2;3mon[0m ThreadId(1)

  [2m2026-06-08T13:33:44.031819Z[0m [32m INFO[0m [1;32mrch::hook[0m[32m: [32mSyncing project to worker vmi1153651...[0m
    [2;3mat[0m rch/src/hook.rs:6046 [2;3mon[0m ThreadId(1)

  [2m2026-06-08T13:33:44.031885Z[0m [32m INFO[0m [1;32mrch::transfer[0m[32m: [32mSyncing /data/projects/frankentorch -> /data/projects/frankentorch on vmi1153651[0m
    [2;3mat[0m rch/src/transfer.rs:1400 [2;3mon[0m ThreadId(1)

  [2m2026-06-08T13:33:56.855979Z[0m [32m INFO[0m [1;32mrch::transfer[0m[32m: [32mSync completed in 12824ms[0m
    [2;3mat[0m rch/src/transfer.rs:1469 [2;3mon[0m ThreadId(1)

  [2m2026-06-08T13:33:56.856040Z[0m [32m INFO[0m [1;32mrch::transfer[0m[32m: [32mSyncing /data/projects/frankentorch/crates/ft-api -> /data/projects/frankentorch/crates/ft-api on vmi1153651[0m
    [2;3mat[0m rch/src/transfer.rs:1400 [2;3mon[0m ThreadId(1)

  [2m2026-06-08T13:33:59.041592Z[0m [32m INFO[0m [1;32mrch::transfer[0m[32m: [32mSync completed in 2185ms[0m
    [2;3mat[0m rch/src/transfer.rs:1469 [2;3mon[0m ThreadId(1)

  [2m2026-06-08T13:33:59.041669Z[0m [32m INFO[0m [1;32mrch::transfer[0m[32m: [32mSyncing /data/projects/frankentorch/crates/ft-autograd -> /data/projects/frankentorch/crates/ft-autograd on vmi1153651[0m
    [2;3mat[0m rch/src/transfer.rs:1400 [2;3mon[0m ThreadId(1)

  [2m2026-06-08T13:34:01.048220Z[0m [32m INFO[0m [1;32mrch::transfer[0m[32m: [32mSync completed in 2006ms[0m
    [2;3mat[0m rch/src/transfer.rs:1469 [2;3mon[0m ThreadId(1)

  [2m2026-06-08T13:34:01.048290Z[0m [32m INFO[0m [1;32mrch::transfer[0m[32m: [32mSyncing /data/projects/frankentorch/crates/ft-conformance -> /data/projects/frankentorch/crates/ft-conformance on vmi1153651[0m
    [2;3mat[0m rch/src/transfer.rs:1400 [2;3mon[0m ThreadId(1)

  [2m2026-06-08T13:34:05.721130Z[0m [32m INFO[0m [1;32mrch::transfer[0m[32m: [32mSync completed in 4672ms[0m
    [2;3mat[0m rch/src/transfer.rs:1469 [2;3mon[0m ThreadId(1)

  [2m2026-06-08T13:34:05.721212Z[0m [32m INFO[0m [1;32mrch::transfer[0m[32m: [32mSyncing /data/projects/frankentorch/crates/ft-core -> /data/projects/frankentorch/crates/ft-core on vmi1153651[0m
    [2;3mat[0m rch/src/transfer.rs:1400 [2;3mon[0m ThreadId(1)

  [2m2026-06-08T13:34:08.184968Z[0m [32m INFO[0m [1;32mrch::transfer[0m[32m: [32mSync completed in 2463ms[0m
    [2;3mat[0m rch/src/transfer.rs:1469 [2;3mon[0m ThreadId(1)

  [2m2026-06-08T13:34:08.185056Z[0m [32m INFO[0m [1;32mrch::transfer[0m[32m: [32mSyncing /data/projects/frankentorch/crates/ft-data -> /data/projects/frankentorch/crates/ft-data on vmi1153651[0m
    [2;3mat[0m rch/src/transfer.rs:1400 [2;3mon[0m ThreadId(1)

  [2m2026-06-08T13:34:10.557478Z[0m [32m INFO[0m [1;32mrch::transfer[0m[32m: [32mSync completed in 2372ms[0m
    [2;3mat[0m rch/src/transfer.rs:1469 [2;3mon[0m ThreadId(1)

  [2m2026-06-08T13:34:10.557568Z[0m [32m INFO[0m [1;32mrch::transfer[0m[32m: [32mSyncing /data/projects/frankentorch/crates/ft-device -> /data/projects/frankentorch/crates/ft-device on vmi1153651[0m
    [2;3mat[0m rch/src/transfer.rs:1400 [2;3mon[0m ThreadId(1)

  [2m2026-06-08T13:34:12.962053Z[0m [32m INFO[0m [1;32mrch::transfer[0m[32m: [32mSync completed in 2404ms[0m
    [2;3mat[0m rch/src/transfer.rs:1469 [2;3mon[0m ThreadId(1)

  [2m2026-06-08T13:34:12.962132Z[0m [32m INFO[0m [1;32mrch::transfer[0m[32m: [32mSyncing /data/projects/frankentorch/crates/ft-dispatch -> /data/projects/frankentorch/crates/ft-dispatch on vmi1153651[0m
    [2;3mat[0m rch/src/transfer.rs:1400 [2;3mon[0m ThreadId(1)

  [2m2026-06-08T13:34:15.453695Z[0m [32m INFO[0m [1;32mrch::transfer[0m[32m: [32mSync completed in 2491ms[0m
    [2;3mat[0m rch/src/transfer.rs:1469 [2;3mon[0m ThreadId(1)

  [2m2026-06-08T13:34:15.453810Z[0m [32m INFO[0m [1;32mrch::transfer[0m[32m: [32mSyncing /data/projects/frankentorch/crates/ft-kernel-cpu -> /data/projects/frankentorch/crates/ft-kernel-cpu on vmi1153651[0m
    [2;3mat[0m rch/src/transfer.rs:1400 [2;3mon[0m ThreadId(1)

  [2m2026-06-08T13:34:17.865028Z[0m [32m INFO[0m [1;32mrch::transfer[0m[32m: [32mSync completed in 2411ms[0m
    [2;3mat[0m rch/src/transfer.rs:1469 [2;3mon[0m ThreadId(1)

  [2m2026-06-08T13:34:17.865177Z[0m [32m INFO[0m [1;32mrch::transfer[0m[32m: [32mSyncing /data/projects/frankentorch/crates/ft-nn -> /data/projects/frankentorch/crates/ft-nn on vmi1153651[0m
    [2;3mat[0m rch/src/transfer.rs:1400 [2;3mon[0m ThreadId(1)

  [2m2026-06-08T13:34:20.179665Z[0m [32m INFO[0m [1;32mrch::transfer[0m[32m: [32mSync completed in 2314ms[0m
    [2;3mat[0m rch/src/transfer.rs:1469 [2;3mon[0m ThreadId(1)

  [2m2026-06-08T13:34:20.179742Z[0m [32m INFO[0m [1;32mrch::transfer[0m[32m: [32mSyncing /data/projects/frankentorch/crates/ft-optim -> /data/projects/frankentorch/crates/ft-optim on vmi1153651[0m
    [2;3mat[0m rch/src/transfer.rs:1400 [2;3mon[0m ThreadId(1)

  [2m2026-06-08T13:34:22.418299Z[0m [32m INFO[0m [1;32mrch::transfer[0m[32m: [32mSync completed in 2238ms[0m
    [2;3mat[0m rch/src/transfer.rs:1469 [2;3mon[0m ThreadId(1)

  [2m2026-06-08T13:34:22.418389Z[0m [32m INFO[0m [1;32mrch::transfer[0m[32m: [32mSyncing /data/projects/frankentorch/crates/ft-runtime -> /data/projects/frankentorch/crates/ft-runtime on vmi1153651[0m
    [2;3mat[0m rch/src/transfer.rs:1400 [2;3mon[0m ThreadId(1)

  [2m2026-06-08T13:34:24.685432Z[0m [32m INFO[0m [1;32mrch::transfer[0m[32m: [32mSync completed in 2267ms[0m
    [2;3mat[0m rch/src/transfer.rs:1469 [2;3mon[0m ThreadId(1)

  [2m2026-06-08T13:34:24.685505Z[0m [32m INFO[0m [1;32mrch::transfer[0m[32m: [32mSyncing /data/projects/frankentorch/crates/ft-serialize -> /data/projects/frankentorch/crates/ft-serialize on vmi1153651[0m
    [2;3mat[0m rch/src/transfer.rs:1400 [2;3mon[0m ThreadId(1)

  [2m2026-06-08T13:34:26.869027Z[0m [32m INFO[0m [1;32mrch::transfer[0m[32m: [32mSync completed in 2183ms[0m
    [2;3mat[0m rch/src/transfer.rs:1469 [2;3mon[0m ThreadId(1)

  [2m2026-06-08T13:34:26.869072Z[0m [32m INFO[0m [1;32mrch::hook[0m[32m: [32mSync complete: 50988 files, 1918857 bytes in 42830ms[0m
    [2;3mat[0m rch/src/hook.rs:6209 [2;3mon[0m ThreadId(1)

  [2m2026-06-08T13:34:32.822584Z[0m [32m INFO[0m [1;32mrch::hook[0m[32m: [32mExecuting command remotely: cargo check -p ft-api --all-targets[0m
    [2;3mat[0m rch/src/hook.rs:6257 [2;3mon[0m ThreadId(1)

  [2m2026-06-08T13:34:32.822636Z[0m [32m INFO[0m [1;32mrch::transfer[0m[32m: [32mRewriting CARGO_TARGET_DIR for remote execution (worker-scoped path): /data/tmp/cargo-target -> /data/projects/frankentorch/.rch-target-vmi1153651-job-29878602124231222-1780925624031811270-0[0m
    [2;3mat[0m rch/src/transfer.rs:712 [2;3mon[0m ThreadId(1)

    Updating crates.io index
 Downloading crates ...
  Downloaded serde v1.0.228
  Downloaded proc-macro2 v1.0.106
  Downloaded ciborium-io v0.2.2
  Downloaded rawpointer v0.2.1
  Downloaded cfg-if v1.0.4
  Downloaded is-terminal v0.4.17
  Downloaded same-file v1.0.6
  Downloaded ciborium-ll v0.2.2
  Downloaded plotters-svg v0.3.7
  Downloaded itoa v1.0.18
  Downloaded cast v0.3.0
  Downloaded clap_lex v1.1.0
  Downloaded autocfg v1.5.0
  Downloaded crossbeam-deque v0.8.6
  Downloaded quote v1.0.45
  Downloaded num-complex v0.4.6
  Downloaded plotters-backend v0.3.7
  Downloaded zmij v1.0.21
  Downloaded criterion-plot v0.5.0
  Downloaded tinytemplate v1.2.1
  Downloaded oorandom v11.1.5
  Downloaded walkdir v2.5.0
  Downloaded anstyle v1.0.14
  Downloaded anes v0.1.6
  Downloaded once_cell v1.21.4
  Downloaded bytemuck_derive v1.10.2
  Downloaded ciborium v0.2.2
  Downloaded crossbeam-epoch v0.9.18
  Downloaded crossbeam-utils v0.8.21
  Downloaded either v1.15.0
  Downloaded num-traits v0.2.19
  Downloaded serde_derive v1.0.228
  Downloaded unicode-ident v1.0.24
  Downloaded matrixmultiply v0.3.10
  Downloaded bytemuck v1.25.0
  Downloaded clap v4.6.1
  Downloaded half v2.7.1
  Downloaded safe_arch v0.7.4
  Downloaded rayon-core v1.13.0
  Downloaded serde_core v1.0.228
  Downloaded wide v0.7.33
  Downloaded memchr v2.8.0
  Downloaded zerocopy-derive v0.8.48
  Downloaded itertools v0.10.5
  Downloaded criterion v0.5.1
  Downloaded plotters v0.3.7
  Downloaded regex v1.12.3
  Downloaded serde_json v1.0.149
  Downloaded libm v0.2.16
  Downloaded rayon v1.12.0
  Downloaded aho-corasick v1.1.4
  Downloaded clap_builder v4.6.0
  Downloaded zerocopy v0.8.48
  Downloaded syn v2.0.117
  Downloaded regex-syntax v0.8.10
  Downloaded regex-automata v0.4.14
  Downloaded libc v0.2.185
   Compiling proc-macro2 v1.0.106
   Compiling unicode-ident v1.0.24
   Compiling quote v1.0.45
   Compiling autocfg v1.5.0
   Compiling zerocopy v0.8.48
   Compiling crossbeam-utils v0.8.21
    Checking cfg-if v1.0.4
    Checking either v1.15.0
   Compiling rayon-core v1.13.0
   Compiling serde_core v1.0.228
   Compiling libm v0.2.16
    Checking rawpointer v0.2.1
   Compiling zmij v1.0.21
   Compiling serde v1.0.228
   Compiling serde_json v1.0.149
   Compiling libc v0.2.185
   Compiling num-traits v0.2.19
   Compiling matrixmultiply v0.3.10
    Checking regex-syntax v0.8.10
    Checking ciborium-io v0.2.2
    Checking itoa v1.0.18
    Checking plotters-backend v0.3.7
    Checking clap_lex v1.1.0
    Checking anstyle v1.0.14
    Checking crossbeam-epoch v0.9.18
    Checking memchr v2.8.0
    Checking plotters-svg v0.3.7
   Compiling syn v2.0.117
    Checking clap_builder v4.6.0
    Checking itertools v0.10.5
    Checking crossbeam-deque v0.8.6
    Checking cast v0.3.0
    Checking rayon v1.12.0
    Checking num-complex v0.4.6
    Checking same-file v1.0.6
    Checking walkdir v2.5.0
    Checking plotters v0.3.7
    Checking anes v0.1.6
    Checking regex-automata v0.4.14
    Checking is-terminal v0.4.17
    Checking once_cell v1.21.4
    Checking oorandom v11.1.5
    Checking clap v4.6.1
    Checking criterion-plot v0.5.0
    Checking regex v1.12.3
   Compiling bytemuck_derive v1.10.2
   Compiling zerocopy-derive v0.8.48
   Compiling serde_derive v1.0.228
    Checking bytemuck v1.25.0
    Checking safe_arch v0.7.4
    Checking wide v0.7.33
    Checking tinytemplate v1.2.1
    Checking half v2.7.1
    Checking ft-core v0.1.0 (/data/projects/frankentorch/crates/ft-core)
    Checking ciborium-ll v0.2.2
    Checking ciborium v0.2.2
    Checking criterion v0.5.1
    Checking ft-kernel-cpu v0.1.0 (/data/projects/frankentorch/crates/ft-kernel-cpu)
    Checking ft-runtime v0.1.0 (/data/projects/frankentorch/crates/ft-runtime)
    Checking ft-dispatch v0.1.0 (/data/projects/frankentorch/crates/ft-dispatch)
    Checking ft-autograd v0.1.0 (/data/projects/frankentorch/crates/ft-autograd)
    Checking ft-api v0.1.0 (/data/projects/frankentorch/crates/ft-api)
    Finished `dev` profile [unoptimized + debuginfo] target(s) in 1m 43s
  [2m2026-06-08T13:36:18.744993Z[0m [32m INFO[0m [1;32mrch::hook[0m[32m: [32mRemote command finished: exit=0 in 105922ms[0m
    [2;3mat[0m rch/src/hook.rs:6381 [2;3mon[0m ThreadId(1)

  [2m2026-06-08T13:36:18.745310Z[0m [32m INFO[0m [1;32mrch::hook[0m[32m: [32mRetrieving build artifacts...[0m
    [2;3mat[0m rch/src/hook.rs:6430 [2;3mon[0m ThreadId(1)

  [2m2026-06-08T13:36:18.745346Z[0m [32m INFO[0m [1;32mrch::transfer[0m[32m: [32mRetrieving artifacts from /data/projects/frankentorch on vmi1153651[0m
    [2;3mat[0m rch/src/transfer.rs:2072 [2;3mon[0m ThreadId(1)

  [2m2026-06-08T13:36:21.882674Z[0m [32m INFO[0m [1;32mrch::transfer[0m[32m: [32mArtifacts retrieved in 3137ms (1 files, 3219 bytes)[0m
    [2;3mat[0m rch/src/transfer.rs:2111 [2;3mon[0m ThreadId(1)

  [2m2026-06-08T13:36:21.882706Z[0m [32m INFO[0m [1;32mrch::hook[0m[32m: [32mArtifacts retrieved: 1 files, 3219 bytes in 3137ms[0m
    [2;3mat[0m rch/src/hook.rs:6463 [2;3mon[0m ThreadId(1)

  [2m2026-06-08T13:36:21.882807Z[0m [32m INFO[0m [1;32mrch::transfer[0m[32m: [32mRetrieving artifacts from /data/projects/frankentorch/.rch-target-vmi1153651-job-29878602124231222-1780925624031811270-0 on vmi1153651[0m
    [2;3mat[0m rch/src/transfer.rs:2072 [2;3mon[0m ThreadId(1)

  [2m2026-06-08T13:36:57.205867Z[0m [32m INFO[0m [1;32mrch::transfer[0m[32m: [32mArtifacts retrieved in 35323ms (832 files, 670891 bytes)[0m
    [2;3mat[0m rch/src/transfer.rs:2111 [2;3mon[0m ThreadId(1)

  [2m2026-06-08T13:36:57.205948Z[0m [32m INFO[0m [1;32mrch::hook[0m[32m: [32mCustom CARGO_TARGET_DIR artifacts retrieved: 832 files, 670891 bytes in 35323ms[0m
    [2;3mat[0m rch/src/hook.rs:6587 [2;3mon[0m ThreadId(1)

[RCH] remote vmi1153651 (195.8s)
