   Compiling proc-macro2 v1.0.106
   Compiling unicode-ident v1.0.24
   Compiling quote v1.0.45
   Compiling syn v2.0.117
   Compiling autocfg v1.5.0
   Compiling bytemuck_derive v1.10.2
   Compiling bytemuck v1.25.0
   Compiling zerocopy v0.8.48
   Compiling num-traits v0.2.19
   Compiling zerocopy-derive v0.8.48
   Compiling crossbeam-utils v0.8.21
   Compiling cfg-if v1.0.4
   Compiling half v2.7.1
   Compiling crossbeam-epoch v0.9.18
   Compiling either v1.15.0
   Compiling rayon-core v1.13.0
   Compiling crossbeam-deque v0.8.6
   Compiling serde_core v1.0.228
   Compiling num-complex v0.4.6
   Compiling matrixmultiply v0.3.10
   Compiling libm v0.2.16
   Compiling ft-core v0.1.0 (/data/projects/frankentorch/crates/ft-core)
   Compiling rayon v1.12.0
   Compiling safe_arch v0.7.4
   Compiling serde v1.0.228
   Compiling rawpointer v0.2.1
   Compiling zmij v1.0.21
   Compiling wide v0.7.33
   Compiling serde_derive v1.0.228
   Compiling serde_json v1.0.149
   Compiling libc v0.2.185
   Compiling ft-kernel-cpu v0.1.0 (/data/projects/frankentorch/crates/ft-kernel-cpu)
   Compiling itoa v1.0.18
   Compiling clap_lex v1.1.0
   Compiling regex-syntax v0.8.10
   Compiling ciborium-io v0.2.2
   Compiling anstyle v1.0.14
   Compiling memchr v2.8.0
   Compiling plotters-backend v0.3.7
   Compiling plotters-svg v0.3.7
   Compiling clap_builder v4.6.0
   Compiling ciborium-ll v0.2.2
   Compiling regex-automata v0.4.14
   Compiling ft-dispatch v0.1.0 (/data/projects/frankentorch/crates/ft-dispatch)
   Compiling itertools v0.10.5
   Compiling cast v0.3.0
   Compiling same-file v1.0.6
   Compiling walkdir v2.5.0
   Compiling criterion-plot v0.5.0
   Compiling is-terminal v0.4.17
   Compiling ft-autograd v0.1.0 (/data/projects/frankentorch/crates/ft-autograd)
   Compiling regex v1.12.3
   Compiling ciborium v0.2.2
   Compiling clap v4.6.1
   Compiling tinytemplate v1.2.1
   Compiling plotters v0.3.7
   Compiling ft-runtime v0.1.0 (/data/projects/frankentorch/crates/ft-runtime)
   Compiling once_cell v1.21.4
   Compiling anes v0.1.6
   Compiling oorandom v11.1.5
   Compiling criterion v0.5.1
   Compiling ft-api v0.1.0 (/data/projects/frankentorch/crates/ft-api)
    Finished `bench` profile [optimized + debuginfo] target(s) in 5m 25s
     Running benches/ops_bench.rs (/data/tmp/frankentorch-next-reprofile-local-target/release/deps/ops_bench-8824b9e24f0b8087)
Gnuplot not found, using plotters backend
Benchmarking conv3d/grad
Benchmarking conv3d/grad: Warming up for 1.0000 s

Warning: Unable to complete 10 samples in 2.0s. You may wish to increase target time to 2.3s or enable flat sampling.
Benchmarking conv3d/grad: Collecting 10 samples in estimated 2.3478 s (55 iterations)
Benchmarking conv3d/grad: Analyzing
conv3d/grad             time:   [40.824 ms 41.312 ms 41.921 ms]
Found 1 outliers among 10 measurements (10.00%)
  1 (10.00%) low mild

Benchmarking max_pool2d/grad
Benchmarking max_pool2d/grad: Warming up for 1.0000 s
Benchmarking max_pool2d/grad: Collecting 10 samples in estimated 2.1417 s (20 iterations)
Benchmarking max_pool2d/grad: Analyzing
max_pool2d/grad         time:   [104.82 ms 107.56 ms 110.47 ms]

Benchmarking avg_pool2d/grad
Benchmarking avg_pool2d/grad: Warming up for 1.0000 s
Benchmarking avg_pool2d/grad: Collecting 10 samples in estimated 2.1230 s (20 iterations)
Benchmarking avg_pool2d/grad: Analyzing
avg_pool2d/grad         time:   [104.31 ms 107.13 ms 109.75 ms]

Benchmarking max_pool3d/grad
Benchmarking max_pool3d/grad: Warming up for 1.0000 s
Benchmarking max_pool3d/grad: Collecting 10 samples in estimated 3.8665 s (110 iterations)
Benchmarking max_pool3d/grad: Analyzing
max_pool3d/grad         time:   [35.230 ms 36.089 ms 36.992 ms]

Benchmarking linear_train/hidden/2048
Benchmarking linear_train/hidden/2048: Warming up for 1.0000 s

Warning: Unable to complete 10 samples in 2.0s. You may wish to increase target time to 2.1s or enable flat sampling.
Benchmarking linear_train/hidden/2048: Collecting 10 samples in estimated 2.1047 s (55 iterations)
Benchmarking linear_train/hidden/2048: Analyzing
linear_train/hidden/2048
                        time:   [37.335 ms 39.913 ms 42.149 ms]

Benchmarking sdpa/grad_16x512x64
Benchmarking sdpa/grad_16x512x64: Warming up for 1.0000 s
Benchmarking sdpa/grad_16x512x64: Collecting 10 samples in estimated 2.2271 s (20 iterations)
Benchmarking sdpa/grad_16x512x64: Analyzing
sdpa/grad_16x512x64     time:   [110.72 ms 113.37 ms 116.00 ms]

Benchmarking layer_norm/grad_2048x1024
Benchmarking layer_norm/grad_2048x1024: Warming up for 1.0000 s
Benchmarking layer_norm/grad_2048x1024: Collecting 10 samples in estimated 2.9901 s (20 iterations)
Benchmarking layer_norm/grad_2048x1024: Analyzing
layer_norm/grad_2048x1024
                        time:   [150.59 ms 165.43 ms 184.83 ms]
Found 2 outliers among 10 measurements (20.00%)
  2 (20.00%) high severe

Benchmarking rms_norm/grad_2048x1024
Benchmarking rms_norm/grad_2048x1024: Warming up for 1.0000 s
Benchmarking rms_norm/grad_2048x1024: Collecting 10 samples in estimated 3.3906 s (20 iterations)
Benchmarking rms_norm/grad_2048x1024: Analyzing
rms_norm/grad_2048x1024 time:   [152.72 ms 155.79 ms 158.91 ms]

Benchmarking group_norm/grad_32x256x28x28
Benchmarking group_norm/grad_32x256x28x28: Warming up for 1.0000 s

Warning: Unable to complete 10 samples in 2.0s. You may wish to increase target time to 5.1s.
Benchmarking group_norm/grad_32x256x28x28: Collecting 10 samples in estimated 5.1133 s (10 iterations)
Benchmarking group_norm/grad_32x256x28x28: Analyzing
group_norm/grad_32x256x28x28
                        time:   [482.72 ms 493.98 ms 505.54 ms]

Benchmarking batch_norm/grad_1d_8192x1024
Benchmarking batch_norm/grad_1d_8192x1024: Warming up for 1.0000 s

Warning: Unable to complete 10 samples in 2.0s. You may wish to increase target time to 7.1s.
Benchmarking batch_norm/grad_1d_8192x1024: Collecting 10 samples in estimated 7.1420 s (10 iterations)
Benchmarking batch_norm/grad_1d_8192x1024: Analyzing
batch_norm/grad_1d_8192x1024
                        time:   [678.28 ms 693.66 ms 717.16 ms]
Found 1 outliers among 10 measurements (10.00%)
  1 (10.00%) high severe
Benchmarking batch_norm/grad_train_32x256x28x28
Benchmarking batch_norm/grad_train_32x256x28x28: Warming up for 1.0000 s

Warning: Unable to complete 10 samples in 2.0s. You may wish to increase target time to 5.1s.
Benchmarking batch_norm/grad_train_32x256x28x28: Collecting 10 samples in estimated 5.0539 s (10 iterations)
Benchmarking batch_norm/grad_train_32x256x28x28: Analyzing
batch_norm/grad_train_32x256x28x28
                        time:   [503.95 ms 513.09 ms 520.41 ms]
Found 2 outliers among 10 measurements (20.00%)
  2 (20.00%) low severe
