  [2m2026-06-14T04:52:14.121927Z[0m [32m INFO[0m [1;32mrch::hook[0m[32m: [32mSelected worker: vmi1149989 at root@212.90.121.76 (2 slots remaining after reservation, speed 50.0)[0m
    [2;3mat[0m rch/src/hook.rs:514 [2;3mon[0m ThreadId(1)

  [2m2026-06-14T04:52:14.435473Z[0m [32m INFO[0m [1;32mrch::hook[0m[32m: [32mStarting remote compilation pipeline for frankentorch (hash: 3d6dc0f5ca5d2899)[0m
    [2;3mat[0m rch/src/hook.rs:5994 [2;3mon[0m ThreadId(1)

  [2m2026-06-14T04:52:14.435505Z[0m [32m INFO[0m [1;32mrch::hook[0m[32m: [32mPrepared dependency sync manifest for 13 roots[0m
    [2;3mat[0m rch/src/hook.rs:6016 [2;3mon[0m ThreadId(1)

  [2m2026-06-14T04:52:16.242807Z[0m [32m INFO[0m [1;32mrch::hook[0m[32m: [32mSyncing project to worker vmi1149989...[0m
    [2;3mat[0m rch/src/hook.rs:6046 [2;3mon[0m ThreadId(1)

  [2m2026-06-14T04:52:16.242957Z[0m [32m INFO[0m [1;32mrch::transfer[0m[32m: [32mSyncing /data/projects/frankentorch -> /data/projects/frankentorch on vmi1149989[0m
    [2;3mat[0m rch/src/transfer.rs:1434 [2;3mon[0m ThreadId(1)

  [2m2026-06-14T04:52:24.462047Z[0m [32m INFO[0m [1;32mrch::transfer[0m[32m: [32mSync completed in 8219ms[0m
    [2;3mat[0m rch/src/transfer.rs:1503 [2;3mon[0m ThreadId(1)

  [2m2026-06-14T04:52:24.462167Z[0m [32m INFO[0m [1;32mrch::transfer[0m[32m: [32mSyncing /data/projects/frankentorch/crates/ft-api -> /data/projects/frankentorch/crates/ft-api on vmi1149989[0m
    [2;3mat[0m rch/src/transfer.rs:1434 [2;3mon[0m ThreadId(1)

  [2m2026-06-14T04:52:26.348165Z[0m [32m INFO[0m [1;32mrch::transfer[0m[32m: [32mSync completed in 1885ms[0m
    [2;3mat[0m rch/src/transfer.rs:1503 [2;3mon[0m ThreadId(1)

  [2m2026-06-14T04:52:26.348304Z[0m [32m INFO[0m [1;32mrch::transfer[0m[32m: [32mSyncing /data/projects/frankentorch/crates/ft-autograd -> /data/projects/frankentorch/crates/ft-autograd on vmi1149989[0m
    [2;3mat[0m rch/src/transfer.rs:1434 [2;3mon[0m ThreadId(1)

  [2m2026-06-14T04:52:28.180574Z[0m [32m INFO[0m [1;32mrch::transfer[0m[32m: [32mSync completed in 1832ms[0m
    [2;3mat[0m rch/src/transfer.rs:1503 [2;3mon[0m ThreadId(1)

  [2m2026-06-14T04:52:28.180671Z[0m [32m INFO[0m [1;32mrch::transfer[0m[32m: [32mSyncing /data/projects/frankentorch/crates/ft-conformance -> /data/projects/frankentorch/crates/ft-conformance on vmi1149989[0m
    [2;3mat[0m rch/src/transfer.rs:1434 [2;3mon[0m ThreadId(1)

  [2m2026-06-14T04:52:30.022478Z[0m [32m INFO[0m [1;32mrch::transfer[0m[32m: [32mSync completed in 1841ms[0m
    [2;3mat[0m rch/src/transfer.rs:1503 [2;3mon[0m ThreadId(1)

  [2m2026-06-14T04:52:30.022592Z[0m [32m INFO[0m [1;32mrch::transfer[0m[32m: [32mSyncing /data/projects/frankentorch/crates/ft-core -> /data/projects/frankentorch/crates/ft-core on vmi1149989[0m
    [2;3mat[0m rch/src/transfer.rs:1434 [2;3mon[0m ThreadId(1)

  [2m2026-06-14T04:52:31.932036Z[0m [32m INFO[0m [1;32mrch::transfer[0m[32m: [32mSync completed in 1909ms[0m
    [2;3mat[0m rch/src/transfer.rs:1503 [2;3mon[0m ThreadId(1)

  [2m2026-06-14T04:52:31.932179Z[0m [32m INFO[0m [1;32mrch::transfer[0m[32m: [32mSyncing /data/projects/frankentorch/crates/ft-data -> /data/projects/frankentorch/crates/ft-data on vmi1149989[0m
    [2;3mat[0m rch/src/transfer.rs:1434 [2;3mon[0m ThreadId(1)

  [2m2026-06-14T04:52:33.777161Z[0m [32m INFO[0m [1;32mrch::transfer[0m[32m: [32mSync completed in 1844ms[0m
    [2;3mat[0m rch/src/transfer.rs:1503 [2;3mon[0m ThreadId(1)

  [2m2026-06-14T04:52:33.777269Z[0m [32m INFO[0m [1;32mrch::transfer[0m[32m: [32mSyncing /data/projects/frankentorch/crates/ft-device -> /data/projects/frankentorch/crates/ft-device on vmi1149989[0m
    [2;3mat[0m rch/src/transfer.rs:1434 [2;3mon[0m ThreadId(1)

  [2m2026-06-14T04:52:35.644335Z[0m [32m INFO[0m [1;32mrch::transfer[0m[32m: [32mSync completed in 1867ms[0m
    [2;3mat[0m rch/src/transfer.rs:1503 [2;3mon[0m ThreadId(1)

  [2m2026-06-14T04:52:35.644449Z[0m [32m INFO[0m [1;32mrch::transfer[0m[32m: [32mSyncing /data/projects/frankentorch/crates/ft-dispatch -> /data/projects/frankentorch/crates/ft-dispatch on vmi1149989[0m
    [2;3mat[0m rch/src/transfer.rs:1434 [2;3mon[0m ThreadId(1)

  [2m2026-06-14T04:52:37.518983Z[0m [32m INFO[0m [1;32mrch::transfer[0m[32m: [32mSync completed in 1874ms[0m
    [2;3mat[0m rch/src/transfer.rs:1503 [2;3mon[0m ThreadId(1)

  [2m2026-06-14T04:52:37.519132Z[0m [32m INFO[0m [1;32mrch::transfer[0m[32m: [32mSyncing /data/projects/frankentorch/crates/ft-kernel-cpu -> /data/projects/frankentorch/crates/ft-kernel-cpu on vmi1149989[0m
    [2;3mat[0m rch/src/transfer.rs:1434 [2;3mon[0m ThreadId(1)

  [2m2026-06-14T04:52:39.297841Z[0m [32m INFO[0m [1;32mrch::transfer[0m[32m: [32mSync completed in 1778ms[0m
    [2;3mat[0m rch/src/transfer.rs:1503 [2;3mon[0m ThreadId(1)

  [2m2026-06-14T04:52:39.298013Z[0m [32m INFO[0m [1;32mrch::transfer[0m[32m: [32mSyncing /data/projects/frankentorch/crates/ft-nn -> /data/projects/frankentorch/crates/ft-nn on vmi1149989[0m
    [2;3mat[0m rch/src/transfer.rs:1434 [2;3mon[0m ThreadId(1)

  [2m2026-06-14T04:52:41.151045Z[0m [32m INFO[0m [1;32mrch::transfer[0m[32m: [32mSync completed in 1853ms[0m
    [2;3mat[0m rch/src/transfer.rs:1503 [2;3mon[0m ThreadId(1)

  [2m2026-06-14T04:52:41.151155Z[0m [32m INFO[0m [1;32mrch::transfer[0m[32m: [32mSyncing /data/projects/frankentorch/crates/ft-optim -> /data/projects/frankentorch/crates/ft-optim on vmi1149989[0m
    [2;3mat[0m rch/src/transfer.rs:1434 [2;3mon[0m ThreadId(1)

  [2m2026-06-14T04:52:43.065402Z[0m [32m INFO[0m [1;32mrch::transfer[0m[32m: [32mSync completed in 1914ms[0m
    [2;3mat[0m rch/src/transfer.rs:1503 [2;3mon[0m ThreadId(1)

  [2m2026-06-14T04:52:43.065521Z[0m [32m INFO[0m [1;32mrch::transfer[0m[32m: [32mSyncing /data/projects/frankentorch/crates/ft-runtime -> /data/projects/frankentorch/crates/ft-runtime on vmi1149989[0m
    [2;3mat[0m rch/src/transfer.rs:1434 [2;3mon[0m ThreadId(1)

  [2m2026-06-14T04:52:44.987740Z[0m [32m INFO[0m [1;32mrch::transfer[0m[32m: [32mSync completed in 1922ms[0m
    [2;3mat[0m rch/src/transfer.rs:1503 [2;3mon[0m ThreadId(1)

  [2m2026-06-14T04:52:44.987857Z[0m [32m INFO[0m [1;32mrch::transfer[0m[32m: [32mSyncing /data/projects/frankentorch/crates/ft-serialize -> /data/projects/frankentorch/crates/ft-serialize on vmi1149989[0m
    [2;3mat[0m rch/src/transfer.rs:1434 [2;3mon[0m ThreadId(1)

  [2m2026-06-14T04:52:46.766659Z[0m [32m INFO[0m [1;32mrch::transfer[0m[32m: [32mSync completed in 1778ms[0m
    [2;3mat[0m rch/src/transfer.rs:1503 [2;3mon[0m ThreadId(1)

  [2m2026-06-14T04:52:46.766700Z[0m [32m INFO[0m [1;32mrch::hook[0m[32m: [32mSync complete: 51980 files, 1863652 bytes in 30516ms[0m
    [2;3mat[0m rch/src/hook.rs:6209 [2;3mon[0m ThreadId(1)

  [2m2026-06-14T04:52:52.267140Z[0m [32m INFO[0m [1;32mrch::hook[0m[32m: [32mExecuting command remotely: cargo bench -p ft-serialize --bench serialize_bench -- native_state_dict/decode_many_small_f64_1024x4 --warm-up-time 1 --measurement-time 5 --sample-size 20[0m
    [2;3mat[0m rch/src/hook.rs:6252 [2;3mon[0m ThreadId(1)

  [2m2026-06-14T04:52:52.267206Z[0m [32m INFO[0m [1;32mrch::transfer[0m[32m: [32mRewriting CARGO_TARGET_DIR for remote execution (worker-scoped path): /data/tmp/cargo-target -> /data/projects/frankentorch/.rch-target-vmi1149989-job-29884606035530799-1781412736242797913-0[0m
    [2;3mat[0m rch/src/transfer.rs:712 [2;3mon[0m ThreadId(1)

    Updating crates.io index
 Downloading crates ...
  Downloaded aead v0.5.2
  Downloaded anes v0.1.6
  Downloaded anstyle v1.0.14
  Downloaded autocfg v1.5.0
  Downloaded base64ct v1.8.3
  Downloaded anyhow v1.0.102
  Downloaded allocator-api2 v0.2.21
  Downloaded base64 v0.22.1
  Downloaded bincode_derive-next v2.1.0
  Downloaded cpufeatures v0.3.0
  Downloaded crypto-common v0.2.1
  Downloaded fastrand v2.4.1
  Downloaded block-buffer v0.12.0
  Downloaded futures-io v0.3.32
  Downloaded cpufeatures v0.2.17
  Downloaded ghash v0.5.1
  Downloaded is-terminal v0.4.17
  Downloaded cfg-if v1.0.4
  Downloaded block-buffer v0.10.4
  Downloaded generic-array v0.14.7
  Downloaded futures-core v0.3.32
  Downloaded franken-kernel v0.3.4
  Downloaded cast v0.3.0
  Downloaded equivalent v1.0.2
  Downloaded ctutils v0.4.2
  Downloaded nkeys v0.4.5
  Downloaded lazy_static v1.5.0
  Downloaded clap_lex v1.1.0
  Downloaded itoa v1.0.18
  Downloaded bit-set v0.8.0
  Downloaded curve25519-dalek-derive v0.1.1
  Downloaded ciborium-ll v0.2.2
  Downloaded ciborium-io v0.2.2
  Downloaded crypto-common v0.1.7
  Downloaded hex v0.4.3
  Downloaded errno v0.3.14
  Downloaded memoffset v0.9.1
  Downloaded crossbeam-queue v0.3.12
  Downloaded cfg_aliases v0.2.1
  Downloaded inout v0.1.4
  Downloaded either v1.15.0
  Downloaded chacha20 v0.9.1
  Downloaded criterion-plot v0.5.0
  Downloaded crossbeam-deque v0.8.6
  Downloaded ctr v0.9.2
  Downloaded data-encoding v2.11.0
  Downloaded digest v0.10.7
  Downloaded fnv v1.0.7
  Downloaded num-complex v0.4.6
  Downloaded cipher v0.4.4
  Downloaded franken-decision v0.3.4
  Downloaded franken-evidence v0.3.4
  Downloaded aes v0.8.4
  Downloaded digest v0.11.2
  Downloaded foldhash v0.2.0
  Downloaded lock_api v0.4.14
  Downloaded nu-ansi-term v0.50.3
  Downloaded pin-project-internal v1.1.11
  Downloaded pin-project-lite v0.2.17
  Downloaded bit-vec v0.8.0
  Downloaded bitflags v2.11.1
  Downloaded bytemuck_derive v1.10.2
  Downloaded ciborium v0.2.2
  Downloaded crc32fast v1.5.0
  Downloaded futures-lite v2.6.1
  Downloaded hmac v0.13.0
  Downloaded hybrid-array v0.4.10
  Downloaded console v0.16.3
  Downloaded getrandom v0.2.17
  Downloaded cmov v0.5.3
  Downloaded crossbeam-epoch v0.9.18
  Downloaded hmac v0.12.1
  Downloaded ed25519 v2.2.3
  Downloaded parking_lot v0.12.5
  Downloaded crossbeam-utils v0.8.21
  Downloaded once_cell v1.21.4
  Downloaded pkcs8 v0.10.2
  Downloaded const-oid v0.9.6
  Downloaded bytemuck v1.25.0
  Downloaded aes-gcm v0.10.3
  Downloaded const-oid v0.10.2
  Downloaded log v0.4.29
  Downloaded rand_chacha v0.3.1
  Downloaded rand_chacha v0.9.0
  Downloaded half v2.7.1
  Downloaded prost v0.14.4
  Downloaded bytes v1.11.1
  Downloaded chacha20poly1305 v0.10.1
  Downloaded der v0.7.10
  Downloaded getrandom v0.3.4
  Downloaded getrandom v0.4.2
  Downloaded bincode-next v2.1.0
  Downloaded clap v4.6.1
  Downloaded aho-corasick v1.1.4
  Downloaded rand v0.8.6
  Downloaded itertools v0.10.5
  Downloaded memchr v2.8.0
  Downloaded criterion v0.5.1
  Downloaded ed25519-dalek v2.2.0
  Downloaded insta v1.47.2
  Downloaded hashbrown v0.17.0
  Downloaded hashbrown v0.16.1
  Downloaded clap_builder v4.6.0
  Downloaded hkdf v0.12.4
  Downloaded curve25519-dalek v4.1.3
  Downloaded nix v0.31.2
  Downloaded rand_core v0.6.4
  Downloaded rand_xorshift v0.4.0
  Downloaded libc v0.2.185
  Downloaded linux-raw-sys v0.12.1
  Downloaded same-file v1.0.6
  Downloaded parking v2.2.1
  Downloaded asupersync v0.3.4
  Downloaded visibility v0.1.1
  Downloaded version_check v0.9.5
  Downloaded plotters-svg v0.3.7
  Downloaded unarray v0.1.4
  Downloaded universal-hash v0.5.1
  Downloaded rustc_version v0.4.1
  Downloaded unty-next v0.1.1
  Downloaded sha1 v0.11.0
  Downloaded wait-timeout v0.2.1
  Downloaded subtle v2.6.1
  Downloaded plotters-backend v0.3.7
  Downloaded opaque-debug v0.3.1
  Downloaded signature v2.2.0
  Downloaded scopeguard v1.2.0
  Downloaded polyval v0.6.2
  Downloaded prost-derive v0.14.4
  Downloaded spki v0.7.3
  Downloaded sha2 v0.10.9
  Downloaded ppv-lite86 v0.2.21
  Downloaded thiserror v2.0.18
  Downloaded quick-error v1.2.3
  Downloaded slab v0.4.12
  Downloaded walkdir v2.5.0
  Downloaded zeroize v1.8.2
  Downloaded poly1305 v0.8.0
  Downloaded pem-rfc7468 v0.7.0
  Downloaded zeroize_derive v1.4.3
  Downloaded oorandom v11.1.5
  Downloaded rand_core v0.9.5
  Downloaded thiserror-impl v2.0.18
  Downloaded signal-hook-registry v1.4.8
  Downloaded tracing-log v0.2.0
  Downloaded rusty-fork v0.3.1
  Downloaded thread_local v1.1.9
  Downloaded quote v1.0.45
  Downloaded tinytemplate v1.2.1
  Downloaded semver v1.0.28
  Downloaded parking_lot_core v0.9.12
  Downloaded rmp v0.8.15
  Downloaded tempfile v3.27.0
  Downloaded safetensors v0.7.0
  Downloaded zmij v1.0.21
  Downloaded smallvec v1.15.1
  Downloaded virtue-next v0.1.3
  Downloaded signal-hook v0.4.4
  Downloaded tracing-attributes v0.1.31
  Downloaded num-traits v0.2.19
  Downloaded polling v3.11.0
  Downloaded similar v2.7.0
  Downloaded socket2 v0.6.3
  Downloaded rmp-serde v1.3.1
  Downloaded sha2 v0.11.0
  Downloaded unicode-ident v1.0.24
  Downloaded sharded-slab v0.1.7
  Downloaded tracing-core v0.1.36
  Downloaded pin-project v1.1.11
  Downloaded serde_derive v1.0.228
  Downloaded serde_core v1.0.228
  Downloaded rayon-core v1.13.0
  Downloaded zerocopy-derive v0.8.48
  Downloaded proc-macro2 v1.0.106
  Downloaded rand v0.9.4
  Downloaded serde v1.0.228
  Downloaded typenum v1.20.0
  Downloaded signatory v0.27.1
  Downloaded regex v1.12.3
  Downloaded plotters v0.3.7
  Downloaded serde_json v1.0.149
  Downloaded rayon v1.12.0
  Downloaded proptest v1.11.0
  Downloaded tracing-subscriber v0.3.23
  Downloaded sysinfo v0.33.1
  Downloaded zerocopy v0.8.48
  Downloaded syn v2.0.117
  Downloaded regex-syntax v0.8.10
  Downloaded rustix v1.1.4
  Downloaded tracing v0.1.44
  Downloaded regex-automata v0.4.14
   Compiling proc-macro2 v1.0.106
   Compiling quote v1.0.45
   Compiling unicode-ident v1.0.24
   Compiling cfg-if v1.0.4
   Compiling libc v0.2.185
   Compiling typenum v1.20.0
   Compiling version_check v0.9.5
   Compiling subtle v2.6.1
   Compiling serde_core v1.0.228
   Compiling autocfg v1.5.0
   Compiling zerocopy v0.8.48
   Compiling cpufeatures v0.2.17
   Compiling serde v1.0.228
   Compiling getrandom v0.3.4
   Compiling crossbeam-utils v0.8.21
   Compiling generic-array v0.14.7
   Compiling once_cell v1.21.4
   Compiling zmij v1.0.21
   Compiling num-traits v0.2.19
   Compiling serde_json v1.0.149
   Compiling rustix v1.1.4
   Compiling memchr v2.8.0
   Compiling bitflags v2.11.1
   Compiling hybrid-array v0.4.10
   Compiling syn v2.0.117
   Compiling base64ct v1.8.3
   Compiling semver v1.0.28
   Compiling itoa v1.0.18
   Compiling block-buffer v0.10.4
   Compiling inout v0.1.4
   Compiling linux-raw-sys v0.12.1
   Compiling rustc_version v0.4.1
   Compiling pem-rfc7468 v0.7.0
   Compiling crossbeam-epoch v0.9.18
   Compiling fastrand v2.4.1
   Compiling cmov v0.5.3
   Compiling getrandom v0.2.17
   Compiling opaque-debug v0.3.1
   Compiling rand_core v0.6.4
   Compiling either v1.15.0
   Compiling const-oid v0.9.6
   Compiling rayon-core v1.13.0
   Compiling ctutils v0.4.2
   Compiling curve25519-dalek v4.1.3
   Compiling crypto-common v0.1.7
   Compiling crossbeam-deque v0.8.6
   Compiling block-buffer v0.12.0
   Compiling crypto-common v0.2.1
   Compiling const-oid v0.10.2
   Compiling digest v0.10.7
   Compiling universal-hash v0.5.1
   Compiling anyhow v1.0.102
   Compiling tracing-core v0.1.36
   Compiling memoffset v0.9.1
   Compiling signature v2.2.0
   Compiling log v0.4.29
   Compiling foldhash v0.2.0
   Compiling cfg_aliases v0.2.1
   Compiling smallvec v1.15.1
   Compiling digest v0.11.2
   Compiling allocator-api2 v0.2.21
   Compiling parking_lot_core v0.9.12
   Compiling equivalent v1.0.2
   Compiling itertools v0.10.5
   Compiling rayon v1.12.0
   Compiling nix v0.31.2
   Compiling ed25519 v2.2.3
   Compiling sha2 v0.10.9
   Compiling polyval v0.6.2
   Compiling aead v0.5.2
   Compiling rand_core v0.9.5
   Compiling errno v0.3.14
   Compiling cpufeatures v0.3.0
   Compiling pin-project-lite v0.2.17
   Compiling thiserror v2.0.18
   Compiling crc32fast v1.5.0
   Compiling scopeguard v1.2.0
   Compiling signal-hook v0.4.4
   Compiling regex-syntax v0.8.10
   Compiling getrandom v0.4.2
   Compiling lazy_static v1.5.0
   Compiling virtue-next v0.1.3
   Compiling sharded-slab v0.1.7
   Compiling tempfile v3.27.0
   Compiling lock_api v0.4.14
   Compiling signal-hook-registry v1.4.8
   Compiling ghash v0.5.1
   Compiling bincode_derive-next v2.1.0
   Compiling tracing-log v0.2.0
   Compiling hmac v0.12.1
   Compiling poly1305 v0.8.0
   Compiling rmp v0.8.15
   Compiling thread_local v1.1.9
   Compiling data-encoding v2.11.0
   Compiling clap_lex v1.1.0
   Compiling ciborium-io v0.2.2
   Compiling zerocopy-derive v0.8.48
   Compiling zeroize_derive v1.4.3
   Compiling serde_derive v1.0.228
   Compiling bytemuck_derive v1.10.2
   Compiling curve25519-dalek-derive v0.1.1
   Compiling thiserror-impl v2.0.18
   Compiling zeroize v1.8.2
   Compiling cipher v0.4.4
   Compiling der v0.7.10
   Compiling chacha20 v0.9.1
   Compiling aes v0.8.4
   Compiling bytemuck v1.25.0
   Compiling ed25519-dalek v2.2.0
   Compiling ctr v0.9.2
   Compiling prost-derive v0.14.4
   Compiling tracing-attributes v0.1.31
   Compiling spki v0.7.3
   Compiling pin-project-internal v1.1.11
   Compiling pkcs8 v0.10.2
   Compiling signatory v0.27.1
   Compiling futures-core v0.3.32
   Compiling parking v2.2.1
   Compiling plotters-backend v0.3.7
   Compiling nu-ansi-term v0.50.3
   Compiling futures-io v0.3.32
   Compiling unty-next v0.1.1
   Compiling anstyle v1.0.14
   Compiling bytes v1.11.1
   Compiling franken-kernel v0.3.4
   Compiling franken-evidence v0.3.4
   Compiling bincode-next v2.1.0
   Compiling clap_builder v4.6.0
   Compiling tracing-subscriber v0.3.23
   Compiling rmp-serde v1.3.1
   Compiling futures-lite v2.6.1
   Compiling prost v0.14.4
   Compiling franken-decision v0.3.4
   Compiling plotters-svg v0.3.7
   Compiling pin-project v1.1.11
   Compiling tracing v0.1.44
   Compiling aes-gcm v0.10.3
   Compiling chacha20poly1305 v0.10.1
   Compiling regex-automata v0.4.14
   Compiling visibility v0.1.1
   Compiling hkdf v0.12.4
   Compiling sysinfo v0.33.1
   Compiling parking_lot v0.12.5
   Compiling ppv-lite86 v0.2.21
   Compiling half v2.7.1
   Compiling rand_chacha v0.3.1
   Compiling rand v0.8.6
   Compiling ciborium-ll v0.2.2
   Compiling nkeys v0.4.5
   Compiling polling v3.11.0
   Compiling sha2 v0.11.0
   Compiling sha1 v0.11.0
   Compiling hmac v0.13.0
   Compiling hashbrown v0.17.0
   Compiling hashbrown v0.16.1
   Compiling socket2 v0.6.3
   Compiling wait-timeout v0.2.1
   Compiling num-complex v0.4.6
   Compiling crossbeam-queue v0.3.12
   Compiling base64 v0.22.1
   Compiling bit-vec v0.8.0
   Compiling cast v0.3.0
   Compiling same-file v1.0.6
   Compiling hex v0.4.3
   Compiling slab v0.4.12
   Compiling fnv v1.0.7
   Compiling quick-error v1.2.3
   Compiling criterion-plot v0.5.0
   Compiling walkdir v2.5.0
   Compiling asupersync v0.3.4
   Compiling rusty-fork v0.3.1
   Compiling bit-set v0.8.0
   Compiling ft-core v0.1.0 (/data/projects/frankentorch/crates/ft-core)
   Compiling safetensors v0.7.0
   Compiling regex v1.12.3
   Compiling ciborium v0.2.2
   Compiling rand_chacha v0.9.0
   Compiling clap v4.6.1
   Compiling plotters v0.3.7
   Compiling tinytemplate v1.2.1
   Compiling rand v0.9.4
   Compiling rand_xorshift v0.4.0
   Compiling is-terminal v0.4.17
   Compiling console v0.16.3
   Compiling oorandom v11.1.5
   Compiling unarray v0.1.4
   Compiling anes v0.1.6
   Compiling similar v2.7.0
   Compiling criterion v0.5.1
   Compiling proptest v1.11.0
   Compiling insta v1.47.2
   Compiling ft-serialize v0.1.0 (/data/projects/frankentorch/crates/ft-serialize)
    Finished `bench` profile [optimized + debuginfo] target(s) in 6m 42s
     Running benches/serialize_bench.rs (.rch-target-vmi1149989-job-29884606035530799-1781412736242797913-0/release/deps/serialize_bench-dd576a53a798e417)
Gnuplot not found, using plotters backend
Benchmarking native_state_dict/decode_many_small_f64_1024x4
Benchmarking native_state_dict/decode_many_small_f64_1024x4: Warming up for 1.0000 s
Benchmarking native_state_dict/decode_many_small_f64_1024x4: Collecting 20 samples in estimated 5.0188 s (15k iterations)
Benchmarking native_state_dict/decode_many_small_f64_1024x4: Analyzing
native_state_dict/decode_many_small_f64_1024x4
                        time:   [361.48 µs 400.87 µs 445.68 µs]
Found 1 outliers among 20 measurements (5.00%)
  1 (5.00%) high mild

  [2m2026-06-14T04:59:45.164805Z[0m [32m INFO[0m [1;32mrch::hook[0m[32m: [32mRemote command finished: exit=0 in 412897ms[0m
    [2;3mat[0m rch/src/hook.rs:6376 [2;3mon[0m ThreadId(1)

  [2m2026-06-14T04:59:45.165019Z[0m [32m INFO[0m [1;32mrch::hook[0m[32m: [32mRetrieving build artifacts...[0m
    [2;3mat[0m rch/src/hook.rs:6425 [2;3mon[0m ThreadId(1)

  [2m2026-06-14T04:59:45.165035Z[0m [32m INFO[0m [1;32mrch::transfer[0m[32m: [32mRetrieving artifacts from /data/projects/frankentorch on vmi1149989[0m
    [2;3mat[0m rch/src/transfer.rs:2106 [2;3mon[0m ThreadId(1)

  [2m2026-06-14T04:59:47.003862Z[0m [32m INFO[0m [1;32mrch::transfer[0m[32m: [32mArtifacts retrieved in 1838ms (1 files, 1824 bytes)[0m
    [2;3mat[0m rch/src/transfer.rs:2145 [2;3mon[0m ThreadId(1)

  [2m2026-06-14T04:59:47.003882Z[0m [32m INFO[0m [1;32mrch::hook[0m[32m: [32mArtifacts retrieved: 1 files, 1824 bytes in 1838ms[0m
    [2;3mat[0m rch/src/hook.rs:6458 [2;3mon[0m ThreadId(1)

  [2m2026-06-14T04:59:47.003993Z[0m [32m INFO[0m [1;32mrch::transfer[0m[32m: [32mRetrieving artifacts from /data/projects/frankentorch/.rch-target-vmi1149989-job-29884606035530799-1781412736242797913-0 on vmi1149989[0m
    [2;3mat[0m rch/src/transfer.rs:2106 [2;3mon[0m ThreadId(1)

  [2m2026-06-14T04:59:48.998777Z[0m [32m INFO[0m [1;32mrch::transfer[0m[32m: [32mArtifacts retrieved in 1994ms (28 files, 2026 bytes)[0m
    [2;3mat[0m rch/src/transfer.rs:2145 [2;3mon[0m ThreadId(1)

  [2m2026-06-14T04:59:48.998801Z[0m [32m INFO[0m [1;32mrch::hook[0m[32m: [32mCustom CARGO_TARGET_DIR artifacts retrieved: 28 files, 2026 bytes in 1994ms[0m
    [2;3mat[0m rch/src/hook.rs:6582 [2;3mon[0m ThreadId(1)

[RCH] remote vmi1149989 (454.9s)
