  [2m2026-06-14T06:09:37.338500Z[0m [32m INFO[0m [1;32mrch::hook[0m[32m: [32mSelected worker: vmi1293453 at root@149.102.137.103 (5 slots remaining after reservation, speed 50.0)[0m
    [2;3mat[0m rch/src/hook.rs:514 [2;3mon[0m ThreadId(1)

  [2m2026-06-14T06:09:37.654976Z[0m [32m INFO[0m [1;32mrch::hook[0m[32m: [32mStarting remote compilation pipeline for frankentorch (hash: 3d6dc0f5ca5d2899)[0m
    [2;3mat[0m rch/src/hook.rs:5994 [2;3mon[0m ThreadId(1)

  [2m2026-06-14T06:09:37.655010Z[0m [32m INFO[0m [1;32mrch::hook[0m[32m: [32mPrepared dependency sync manifest for 13 roots[0m
    [2;3mat[0m rch/src/hook.rs:6016 [2;3mon[0m ThreadId(1)

  [2m2026-06-14T06:09:39.234560Z[0m [32m INFO[0m [1;32mrch::hook[0m[32m: [32mSyncing project to worker vmi1293453...[0m
    [2;3mat[0m rch/src/hook.rs:6046 [2;3mon[0m ThreadId(1)

  [2m2026-06-14T06:09:39.234712Z[0m [32m INFO[0m [1;32mrch::transfer[0m[32m: [32mSyncing /data/projects/frankentorch -> /data/projects/frankentorch on vmi1293453[0m
    [2;3mat[0m rch/src/transfer.rs:1434 [2;3mon[0m ThreadId(1)

  [2m2026-06-14T06:09:47.265512Z[0m [32m INFO[0m [1;32mrch::transfer[0m[32m: [32mSync completed in 8030ms[0m
    [2;3mat[0m rch/src/transfer.rs:1503 [2;3mon[0m ThreadId(1)

  [2m2026-06-14T06:09:47.265619Z[0m [32m INFO[0m [1;32mrch::transfer[0m[32m: [32mSyncing /data/projects/frankentorch/crates/ft-api -> /data/projects/frankentorch/crates/ft-api on vmi1293453[0m
    [2;3mat[0m rch/src/transfer.rs:1434 [2;3mon[0m ThreadId(1)

  [2m2026-06-14T06:09:49.105400Z[0m [32m INFO[0m [1;32mrch::transfer[0m[32m: [32mSync completed in 1839ms[0m
    [2;3mat[0m rch/src/transfer.rs:1503 [2;3mon[0m ThreadId(1)

  [2m2026-06-14T06:09:49.105529Z[0m [32m INFO[0m [1;32mrch::transfer[0m[32m: [32mSyncing /data/projects/frankentorch/crates/ft-autograd -> /data/projects/frankentorch/crates/ft-autograd on vmi1293453[0m
    [2;3mat[0m rch/src/transfer.rs:1434 [2;3mon[0m ThreadId(1)

  [2m2026-06-14T06:09:50.971733Z[0m [32m INFO[0m [1;32mrch::transfer[0m[32m: [32mSync completed in 1866ms[0m
    [2;3mat[0m rch/src/transfer.rs:1503 [2;3mon[0m ThreadId(1)

  [2m2026-06-14T06:09:50.971851Z[0m [32m INFO[0m [1;32mrch::transfer[0m[32m: [32mSyncing /data/projects/frankentorch/crates/ft-conformance -> /data/projects/frankentorch/crates/ft-conformance on vmi1293453[0m
    [2;3mat[0m rch/src/transfer.rs:1434 [2;3mon[0m ThreadId(1)

  [2m2026-06-14T06:09:52.704558Z[0m [32m INFO[0m [1;32mrch::transfer[0m[32m: [32mSync completed in 1732ms[0m
    [2;3mat[0m rch/src/transfer.rs:1503 [2;3mon[0m ThreadId(1)

  [2m2026-06-14T06:09:52.704673Z[0m [32m INFO[0m [1;32mrch::transfer[0m[32m: [32mSyncing /data/projects/frankentorch/crates/ft-core -> /data/projects/frankentorch/crates/ft-core on vmi1293453[0m
    [2;3mat[0m rch/src/transfer.rs:1434 [2;3mon[0m ThreadId(1)

  [2m2026-06-14T06:09:54.490047Z[0m [32m INFO[0m [1;32mrch::transfer[0m[32m: [32mSync completed in 1785ms[0m
    [2;3mat[0m rch/src/transfer.rs:1503 [2;3mon[0m ThreadId(1)

  [2m2026-06-14T06:09:54.490187Z[0m [32m INFO[0m [1;32mrch::transfer[0m[32m: [32mSyncing /data/projects/frankentorch/crates/ft-data -> /data/projects/frankentorch/crates/ft-data on vmi1293453[0m
    [2;3mat[0m rch/src/transfer.rs:1434 [2;3mon[0m ThreadId(1)

  [2m2026-06-14T06:09:56.263285Z[0m [32m INFO[0m [1;32mrch::transfer[0m[32m: [32mSync completed in 1773ms[0m
    [2;3mat[0m rch/src/transfer.rs:1503 [2;3mon[0m ThreadId(1)

  [2m2026-06-14T06:09:56.263446Z[0m [32m INFO[0m [1;32mrch::transfer[0m[32m: [32mSyncing /data/projects/frankentorch/crates/ft-device -> /data/projects/frankentorch/crates/ft-device on vmi1293453[0m
    [2;3mat[0m rch/src/transfer.rs:1434 [2;3mon[0m ThreadId(1)

  [2m2026-06-14T06:09:58.107724Z[0m [32m INFO[0m [1;32mrch::transfer[0m[32m: [32mSync completed in 1844ms[0m
    [2;3mat[0m rch/src/transfer.rs:1503 [2;3mon[0m ThreadId(1)

  [2m2026-06-14T06:09:58.107888Z[0m [32m INFO[0m [1;32mrch::transfer[0m[32m: [32mSyncing /data/projects/frankentorch/crates/ft-dispatch -> /data/projects/frankentorch/crates/ft-dispatch on vmi1293453[0m
    [2;3mat[0m rch/src/transfer.rs:1434 [2;3mon[0m ThreadId(1)

  [2m2026-06-14T06:10:00.223854Z[0m [32m INFO[0m [1;32mrch::transfer[0m[32m: [32mSync completed in 2115ms[0m
    [2;3mat[0m rch/src/transfer.rs:1503 [2;3mon[0m ThreadId(1)

  [2m2026-06-14T06:10:00.224005Z[0m [32m INFO[0m [1;32mrch::transfer[0m[32m: [32mSyncing /data/projects/frankentorch/crates/ft-kernel-cpu -> /data/projects/frankentorch/crates/ft-kernel-cpu on vmi1293453[0m
    [2;3mat[0m rch/src/transfer.rs:1434 [2;3mon[0m ThreadId(1)

  [2m2026-06-14T06:10:02.323806Z[0m [32m INFO[0m [1;32mrch::transfer[0m[32m: [32mSync completed in 2099ms[0m
    [2;3mat[0m rch/src/transfer.rs:1503 [2;3mon[0m ThreadId(1)

  [2m2026-06-14T06:10:02.323968Z[0m [32m INFO[0m [1;32mrch::transfer[0m[32m: [32mSyncing /data/projects/frankentorch/crates/ft-nn -> /data/projects/frankentorch/crates/ft-nn on vmi1293453[0m
    [2;3mat[0m rch/src/transfer.rs:1434 [2;3mon[0m ThreadId(1)

  [2m2026-06-14T06:10:04.251963Z[0m [32m INFO[0m [1;32mrch::transfer[0m[32m: [32mSync completed in 1927ms[0m
    [2;3mat[0m rch/src/transfer.rs:1503 [2;3mon[0m ThreadId(1)

  [2m2026-06-14T06:10:04.252097Z[0m [32m INFO[0m [1;32mrch::transfer[0m[32m: [32mSyncing /data/projects/frankentorch/crates/ft-optim -> /data/projects/frankentorch/crates/ft-optim on vmi1293453[0m
    [2;3mat[0m rch/src/transfer.rs:1434 [2;3mon[0m ThreadId(1)

  [2m2026-06-14T06:10:06.021670Z[0m [32m INFO[0m [1;32mrch::transfer[0m[32m: [32mSync completed in 1769ms[0m
    [2;3mat[0m rch/src/transfer.rs:1503 [2;3mon[0m ThreadId(1)

  [2m2026-06-14T06:10:06.021790Z[0m [32m INFO[0m [1;32mrch::transfer[0m[32m: [32mSyncing /data/projects/frankentorch/crates/ft-runtime -> /data/projects/frankentorch/crates/ft-runtime on vmi1293453[0m
    [2;3mat[0m rch/src/transfer.rs:1434 [2;3mon[0m ThreadId(1)

  [2m2026-06-14T06:10:07.828637Z[0m [32m INFO[0m [1;32mrch::transfer[0m[32m: [32mSync completed in 1806ms[0m
    [2;3mat[0m rch/src/transfer.rs:1503 [2;3mon[0m ThreadId(1)

  [2m2026-06-14T06:10:07.828799Z[0m [32m INFO[0m [1;32mrch::transfer[0m[32m: [32mSyncing /data/projects/frankentorch/crates/ft-serialize -> /data/projects/frankentorch/crates/ft-serialize on vmi1293453[0m
    [2;3mat[0m rch/src/transfer.rs:1434 [2;3mon[0m ThreadId(1)

  [2m2026-06-14T06:10:09.699970Z[0m [32m INFO[0m [1;32mrch::transfer[0m[32m: [32mSync completed in 1871ms[0m
    [2;3mat[0m rch/src/transfer.rs:1503 [2;3mon[0m ThreadId(1)

  [2m2026-06-14T06:10:09.700005Z[0m [32m INFO[0m [1;32mrch::hook[0m[32m: [32mSync complete: 52010 files, 1860433 bytes in 30456ms[0m
    [2;3mat[0m rch/src/hook.rs:6209 [2;3mon[0m ThreadId(1)

  [2m2026-06-14T06:10:15.338038Z[0m [32m INFO[0m [1;32mrch::hook[0m[32m: [32mExecuting command remotely: cargo clippy -j 1 -p ft-core -p ft-serialize --all-targets -- -D warnings[0m
    [2;3mat[0m rch/src/hook.rs:6252 [2;3mon[0m ThreadId(1)

  [2m2026-06-14T06:10:15.338092Z[0m [32m INFO[0m [1;32mrch::transfer[0m[32m: [32mRewriting CARGO_TARGET_DIR for remote execution (worker-scoped path): /data/tmp/cargo-target -> /data/projects/frankentorch/.rch-target-vmi1293453-job-29884606035531082-1781417379234550468-0[0m
    [2;3mat[0m rch/src/transfer.rs:712 [2;3mon[0m ThreadId(1)

    Updating crates.io index
 Downloading crates ...
  Downloaded chacha20poly1305 v0.10.1
  Downloaded bit-set v0.8.0
  Downloaded cfg_aliases v0.2.1
  Downloaded bincode_derive-next v2.1.0
  Downloaded autocfg v1.5.0
  Downloaded bincode-next v2.1.0
  Downloaded aead v0.5.2
  Downloaded block-buffer v0.10.4
  Downloaded anstyle v1.0.14
  Downloaded base64ct v1.8.3
  Downloaded bytemuck_derive v1.10.2
  Downloaded chacha20 v0.9.1
  Downloaded block-buffer v0.12.0
  Downloaded ciborium-io v0.2.2
  Downloaded clap_lex v1.1.0
  Downloaded opaque-debug v0.3.1
  Downloaded anyhow v1.0.102
  Downloaded cfg-if v1.0.4
  Downloaded cast v0.3.0
  Downloaded parking v2.2.1
  Downloaded crc32fast v1.5.0
  Downloaded curve25519-dalek-derive v0.1.1
  Downloaded fnv v1.0.7
  Downloaded generic-array v0.14.7
  Downloaded hex v0.4.3
  Downloaded anes v0.1.6
  Downloaded bitflags v2.11.1
  Downloaded ciborium v0.2.2
  Downloaded allocator-api2 v0.2.21
  Downloaded itoa v1.0.18
  Downloaded once_cell v1.21.4
  Downloaded ciborium-ll v0.2.2
  Downloaded num-traits v0.2.19
  Downloaded parking_lot v0.12.5
  Downloaded errno v0.3.14
  Downloaded foldhash v0.2.0
  Downloaded plotters-svg v0.3.7
  Downloaded oorandom v11.1.5
  Downloaded cmov v0.5.3
  Downloaded cpufeatures v0.2.17
  Downloaded is-terminal v0.4.17
  Downloaded polling v3.11.0
  Downloaded memoffset v0.9.1
  Downloaded ghash v0.5.1
  Downloaded rand_chacha v0.3.1
  Downloaded crypto-common v0.1.7
  Downloaded bytes v1.11.1
  Downloaded equivalent v1.0.2
  Downloaded poly1305 v0.8.0
  Downloaded nkeys v0.4.5
  Downloaded parking_lot_core v0.9.12
  Downloaded futures-core v0.3.32
  Downloaded franken-kernel v0.3.4
  Downloaded rustc_version v0.4.1
  Downloaded bit-vec v0.8.0
  Downloaded ed25519 v2.2.3
  Downloaded crossbeam-queue v0.3.12
  Downloaded rand_chacha v0.9.0
  Downloaded rand_core v0.6.4
  Downloaded crypto-common v0.2.1
  Downloaded futures-io v0.3.32
  Downloaded cpufeatures v0.3.0
  Downloaded lazy_static v1.5.0
  Downloaded inout v0.1.4
  Downloaded log v0.4.29
  Downloaded zeroize_derive v1.4.3
  Downloaded data-encoding v2.11.0
  Downloaded nu-ansi-term v0.50.3
  Downloaded criterion-plot v0.5.0
  Downloaded either v1.15.0
  Downloaded hybrid-array v0.4.10
  Downloaded hmac v0.12.1
  Downloaded lock_api v0.4.14
  Downloaded version_check v0.9.5
  Downloaded cipher v0.4.4
  Downloaded num-complex v0.4.6
  Downloaded franken-decision v0.3.4
  Downloaded digest v0.10.7
  Downloaded signature v2.2.0
  Downloaded ctutils v0.4.2
  Downloaded fastrand v2.4.1
  Downloaded sha1 v0.11.0
  Downloaded crossbeam-deque v0.8.6
  Downloaded franken-evidence v0.3.4
  Downloaded subtle v2.6.1
  Downloaded unarray v0.1.4
  Downloaded const-oid v0.9.6
  Downloaded bytemuck v1.25.0
  Downloaded getrandom v0.2.17
  Downloaded crossbeam-utils v0.8.21
  Downloaded visibility v0.1.1
  Downloaded console v0.16.3
  Downloaded crossbeam-epoch v0.9.18
  Downloaded rand_xorshift v0.4.0
  Downloaded hmac v0.13.0
  Downloaded universal-hash v0.5.1
  Downloaded digest v0.11.2
  Downloaded futures-lite v2.6.1
  Downloaded getrandom v0.3.4
  Downloaded clap v4.6.1
  Downloaded ctr v0.9.2
  Downloaded scopeguard v1.2.0
  Downloaded quick-error v1.2.3
  Downloaded rand_core v0.9.5
  Downloaded signal-hook-registry v1.4.8
  Downloaded zmij v1.0.21
  Downloaded base64 v0.22.1
  Downloaded tracing-log v0.2.0
  Downloaded aes v0.8.4
  Downloaded half v2.7.1
  Downloaded getrandom v0.4.2
  Downloaded aes-gcm v0.10.3
  Downloaded const-oid v0.10.2
  Downloaded der v0.7.10
  Downloaded wait-timeout v0.2.1
  Downloaded plotters-backend v0.3.7
  Downloaded ed25519-dalek v2.2.0
  Downloaded unty-next v0.1.1
  Downloaded memchr v2.8.0
  Downloaded sha2 v0.10.9
  Downloaded safetensors v0.7.0
  Downloaded rusty-fork v0.3.1
  Downloaded insta v1.47.2
  Downloaded polyval v0.6.2
  Downloaded thread_local v1.1.9
  Downloaded itertools v0.10.5
  Downloaded thiserror v2.0.18
  Downloaded criterion v0.5.1
  Downloaded same-file v1.0.6
  Downloaded aho-corasick v1.1.4
  Downloaded thiserror-impl v2.0.18
  Downloaded hkdf v0.12.4
  Downloaded ppv-lite86 v0.2.21
  Downloaded walkdir v2.5.0
  Downloaded hashbrown v0.16.1
  Downloaded prost-derive v0.14.4
  Downloaded spki v0.7.3
  Downloaded pem-rfc7468 v0.7.0
  Downloaded prost v0.14.4
  Downloaded tracing-attributes v0.1.31
  Downloaded tinytemplate v1.2.1
  Downloaded hashbrown v0.17.0
  Downloaded pin-project-internal v1.1.11
  Downloaded slab v0.4.12
  Downloaded zeroize v1.8.2
  Downloaded pkcs8 v0.10.2
  Downloaded sha2 v0.11.0
  Downloaded quote v1.0.45
  Downloaded smallvec v1.15.1
  Downloaded rmp v0.8.15
  Downloaded tempfile v3.27.0
  Downloaded virtue-next v0.1.3
  Downloaded pin-project-lite v0.2.17
  Downloaded unicode-ident v1.0.24
  Downloaded rmp-serde v1.3.1
  Downloaded semver v1.0.28
  Downloaded pin-project v1.1.11
  Downloaded socket2 v0.6.3
  Downloaded serde_core v1.0.228
  Downloaded sharded-slab v0.1.7
  Downloaded signal-hook v0.4.4
  Downloaded similar v2.7.0
  Downloaded tracing-core v0.1.36
  Downloaded rayon-core v1.13.0
  Downloaded serde_derive v1.0.228
  Downloaded proc-macro2 v1.0.106
  Downloaded rand v0.9.4
  Downloaded serde v1.0.228
  Downloaded zerocopy-derive v0.8.48
  Downloaded rand v0.8.6
  Downloaded typenum v1.20.0
  Downloaded signatory v0.27.1
  Downloaded clap_builder v4.6.0
  Downloaded plotters v0.3.7
  Downloaded regex v1.12.3
  Downloaded serde_json v1.0.149
  Downloaded rayon v1.12.0
  Downloaded proptest v1.11.0
  Downloaded sysinfo v0.33.1
  Downloaded tracing-subscriber v0.3.23
  Downloaded curve25519-dalek v4.1.3
  Downloaded zerocopy v0.8.48
  Downloaded nix v0.31.2
  Downloaded syn v2.0.117
  Downloaded regex-syntax v0.8.10
  Downloaded tracing v0.1.44
  Downloaded rustix v1.1.4
  Downloaded regex-automata v0.4.14
  Downloaded libc v0.2.185
  Downloaded linux-raw-sys v0.12.1
  Downloaded asupersync v0.3.4
   Compiling proc-macro2 v1.0.106
   Compiling unicode-ident v1.0.24
   Compiling quote v1.0.45
    Checking cfg-if v1.0.4
   Compiling libc v0.2.185
   Compiling syn v2.0.117
    Checking typenum v1.20.0
   Compiling version_check v0.9.5
   Compiling generic-array v0.14.7
    Checking getrandom v0.2.17
    Checking rand_core v0.6.4
    Checking crypto-common v0.1.7
   Compiling serde_core v1.0.228
   Compiling autocfg v1.5.0
    Checking subtle v2.6.1
   Compiling zerocopy v0.8.48
   Compiling zerocopy-derive v0.8.48
   Compiling serde v1.0.228
   Compiling zeroize_derive v1.4.3
   Compiling serde_derive v1.0.228
   Compiling getrandom v0.3.4
    Checking zeroize v1.8.2
   Compiling num-traits v0.2.19
    Checking once_cell v1.21.4
    Checking cpufeatures v0.2.17
   Compiling crossbeam-utils v0.8.21
    Checking block-buffer v0.10.4
   Compiling zmij v1.0.21
    Checking digest v0.10.7
   Compiling serde_json v1.0.149
    Checking bitflags v2.11.1
   Compiling rustix v1.1.4
    Checking memchr v2.8.0
    Checking linux-raw-sys v0.12.1
    Checking itoa v1.0.18
    Checking crossbeam-epoch v0.9.18
    Checking ppv-lite86 v0.2.21
   Compiling bytemuck_derive v1.10.2
    Checking fastrand v2.4.1
   Compiling rayon-core v1.13.0
    Checking either v1.15.0
    Checking bytemuck v1.25.0
    Checking crossbeam-deque v0.8.6
    Checking inout v0.1.4
    Checking hybrid-array v0.4.10
    Checking base64ct v1.8.3
   Compiling semver v1.0.28
   Compiling rustc_version v0.4.1
    Checking pem-rfc7468 v0.7.0
    Checking cipher v0.4.4
    Checking half v2.7.1
    Checking tempfile v3.27.0
    Checking universal-hash v0.5.1
    Checking opaque-debug v0.3.1
    Checking cmov v0.5.3
    Checking const-oid v0.9.6
    Checking der v0.7.10
    Checking ctutils v0.4.2
    Checking rayon v1.12.0
   Compiling curve25519-dalek v4.1.3
    Checking crypto-common v0.2.1
    Checking block-buffer v0.12.0
    Checking signature v2.2.0
    Checking rand_core v0.9.5
    Checking regex-syntax v0.8.10
   Compiling anyhow v1.0.102
    Checking const-oid v0.10.2
    Checking digest v0.11.2
    Checking spki v0.7.3
    Checking tracing-core v0.1.36
   Compiling memoffset v0.9.1
   Compiling curve25519-dalek-derive v0.1.1
   Compiling cfg_aliases v0.2.1
    Checking foldhash v0.2.0
    Checking anstyle v1.0.14
   Compiling parking_lot_core v0.9.12
    Checking ciborium-io v0.2.2
    Checking plotters-backend v0.3.7
    Checking smallvec v1.15.1
    Checking equivalent v1.0.2
    Checking clap_lex v1.1.0
    Checking allocator-api2 v0.2.21
    Checking log v0.4.29
    Checking clap_builder v4.6.0
    Checking plotters-svg v0.3.7
    Checking ciborium-ll v0.2.2
   Compiling nix v0.31.2
   Compiling itertools v0.10.5
    Checking pkcs8 v0.10.2
    Checking regex-automata v0.4.14
    Checking ed25519 v2.2.3
    Checking polyval v0.6.2
    Checking rand_chacha v0.3.1
    Checking num-complex v0.4.6
    Checking sha2 v0.10.9
    Checking aead v0.5.2
    Checking errno v0.3.14
    Checking wait-timeout v0.2.1
   Compiling crc32fast v1.5.0
   Compiling virtue-next v0.1.3
    Checking same-file v1.0.6
   Compiling signal-hook v0.4.4
    Checking cast v0.3.0
    Checking quick-error v1.2.3
   Compiling thiserror v2.0.18
   Compiling getrandom v0.4.2
    Checking pin-project-lite v0.2.17
    Checking cpufeatures v0.3.0
    Checking scopeguard v1.2.0
    Checking fnv v1.0.7
    Checking bit-vec v0.8.0
    Checking lazy_static v1.5.0
    Checking sharded-slab v0.1.7
    Checking bit-set v0.8.0
    Checking rusty-fork v0.3.1
    Checking lock_api v0.4.14
    Checking criterion-plot v0.5.0
    Checking walkdir v2.5.0
   Compiling bincode_derive-next v2.1.0
    Checking signal-hook-registry v1.4.8
    Checking ed25519-dalek v2.2.0
    Checking rand v0.8.6
    Checking ghash v0.5.1
    Checking regex v1.12.3
   Compiling prost-derive v0.14.4
    Checking signatory v0.27.1
    Checking ciborium v0.2.2
    Checking plotters v0.3.7
    Checking clap v4.6.1
    Checking tracing-log v0.2.0
    Checking rand v0.9.4
    Checking rand_chacha v0.9.0
    Checking rand_xorshift v0.4.0
    Checking poly1305 v0.8.0
    Checking aes v0.8.4
    Checking ctr v0.9.2
    Checking chacha20 v0.9.1
    Checking tinytemplate v1.2.1
    Checking franken-evidence v0.3.4
    Checking rmp v0.8.15
    Checking hmac v0.12.1
    Checking franken-kernel v0.3.4
    Checking is-terminal v0.4.17
   Compiling tracing-attributes v0.1.31
   Compiling thiserror-impl v2.0.18
   Compiling pin-project-internal v1.1.11
    Checking thread_local v1.1.9
    Checking futures-io v0.3.32
    Checking anes v0.1.6
    Checking unarray v0.1.4
    Checking nu-ansi-term v0.50.3
    Checking futures-core v0.3.32
    Checking data-encoding v2.11.0
    Checking oorandom v11.1.5
    Checking bytes v1.11.1
    Checking parking v2.2.1
    Checking unty-next v0.1.1
    Checking bincode-next v2.1.0
    Checking futures-lite v2.6.1
    Checking prost v0.14.4
    Checking criterion v0.5.1
    Checking nkeys v0.4.5
    Checking tracing-subscriber v0.3.23
    Checking proptest v1.11.0
    Checking pin-project v1.1.11
    Checking tracing v0.1.44
    Checking franken-decision v0.3.4
    Checking hkdf v0.12.4
    Checking rmp-serde v1.3.1
    Checking chacha20poly1305 v0.10.1
    Checking aes-gcm v0.10.3
    Checking parking_lot v0.12.5
    Checking sha2 v0.11.0
    Checking sha1 v0.11.0
    Checking ft-core v0.1.0 (/data/projects/frankentorch/crates/ft-core)
    Checking hashbrown v0.16.1
    Checking hashbrown v0.17.0
    Checking hmac v0.13.0
    Checking sysinfo v0.33.1
    Checking polling v3.11.0
    Checking crossbeam-queue v0.3.12
    Checking socket2 v0.6.3
   Compiling visibility v0.1.1
    Checking base64 v0.22.1
    Checking hex v0.4.3
    Checking slab v0.4.12
    Checking asupersync v0.3.4
    Checking safetensors v0.7.0
    Checking console v0.16.3
    Checking similar v2.7.0
    Checking insta v1.47.2
    Checking ft-serialize v0.1.0 (/data/projects/frankentorch/crates/ft-serialize)
    Finished `dev` profile [unoptimized + debuginfo] target(s) in 2m 35s
  [2m2026-06-14T06:12:52.866351Z[0m [32m INFO[0m [1;32mrch::hook[0m[32m: [32mRemote command finished: exit=0 in 157528ms[0m
    [2;3mat[0m rch/src/hook.rs:6376 [2;3mon[0m ThreadId(1)

  [2m2026-06-14T06:12:52.866625Z[0m [32m INFO[0m [1;32mrch::hook[0m[32m: [32mRetrieving build artifacts...[0m
    [2;3mat[0m rch/src/hook.rs:6425 [2;3mon[0m ThreadId(1)

  [2m2026-06-14T06:12:52.866661Z[0m [32m INFO[0m [1;32mrch::transfer[0m[32m: [32mRetrieving artifacts from /data/projects/frankentorch on vmi1293453[0m
    [2;3mat[0m rch/src/transfer.rs:2106 [2;3mon[0m ThreadId(1)

  [2m2026-06-14T06:12:54.747752Z[0m [32m INFO[0m [1;32mrch::transfer[0m[32m: [32mArtifacts retrieved in 1881ms (1 files, 1724 bytes)[0m
    [2;3mat[0m rch/src/transfer.rs:2145 [2;3mon[0m ThreadId(1)

  [2m2026-06-14T06:12:54.747773Z[0m [32m INFO[0m [1;32mrch::hook[0m[32m: [32mArtifacts retrieved: 1 files, 1724 bytes in 1881ms[0m
    [2;3mat[0m rch/src/hook.rs:6458 [2;3mon[0m ThreadId(1)

  [2m2026-06-14T06:12:54.747911Z[0m [32m INFO[0m [1;32mrch::transfer[0m[32m: [32mRetrieving artifacts from /data/projects/frankentorch/.rch-target-vmi1293453-job-29884606035531082-1781417379234550468-0 on vmi1293453[0m
    [2;3mat[0m rch/src/transfer.rs:2106 [2;3mon[0m ThreadId(1)

  [2m2026-06-14T06:12:59.388625Z[0m [32m INFO[0m [1;32mrch::transfer[0m[32m: [32mArtifacts retrieved in 4640ms (1873 files, 1457151 bytes)[0m
    [2;3mat[0m rch/src/transfer.rs:2145 [2;3mon[0m ThreadId(1)

  [2m2026-06-14T06:12:59.388647Z[0m [32m INFO[0m [1;32mrch::hook[0m[32m: [32mCustom CARGO_TARGET_DIR artifacts retrieved: 1873 files, 1457151 bytes in 4640ms[0m
    [2;3mat[0m rch/src/hook.rs:6582 [2;3mon[0m ThreadId(1)

[RCH] remote vmi1293453 (202.1s)
