  [2m2026-06-15T22:15:23.908163Z[0m [32m INFO[0m [1;32mrch::hook[0m[32m: [32mSelected worker: ovh-a at ubuntu@51.222.245.56 (4 slots remaining after reservation, speed 50.0)[0m
    [2;3mat[0m rch/src/hook.rs:514 [2;3mon[0m ThreadId(1)

  [2m2026-06-15T22:15:24.230402Z[0m [32m INFO[0m [1;32mrch::hook[0m[32m: [32mStarting remote compilation pipeline for frankentorch-ivorydeer-clean-20260615T214904Z (hash: b58f860600e5d1c4)[0m
    [2;3mat[0m rch/src/hook.rs:5994 [2;3mon[0m ThreadId(1)

  [2m2026-06-15T22:15:24.230445Z[0m [32m INFO[0m [1;32mrch::hook[0m[32m: [32mPrepared dependency sync manifest for 13 roots[0m
    [2;3mat[0m rch/src/hook.rs:6016 [2;3mon[0m ThreadId(1)

  [2m2026-06-15T22:15:24.944750Z[0m [32m INFO[0m [1;32mrch::hook[0m[32m: [32mSyncing project to worker ovh-a...[0m
    [2;3mat[0m rch/src/hook.rs:6046 [2;3mon[0m ThreadId(1)

  [2m2026-06-15T22:15:24.944864Z[0m [32m INFO[0m [1;32mrch::transfer[0m[32m: [32mSyncing /data/projects/.scratch/frankentorch-ivorydeer-clean-20260615T214904Z -> /data/projects/.scratch/frankentorch-ivorydeer-clean-20260615T214904Z on ovh-a[0m
    [2;3mat[0m rch/src/transfer.rs:1434 [2;3mon[0m ThreadId(1)

  [2m2026-06-15T22:15:25.493210Z[0m [32m INFO[0m [1;32mrch::transfer[0m[32m: [32mSync completed in 548ms[0m
    [2;3mat[0m rch/src/transfer.rs:1503 [2;3mon[0m ThreadId(1)

  [2m2026-06-15T22:15:25.493357Z[0m [32m INFO[0m [1;32mrch::transfer[0m[32m: [32mSyncing /data/projects/.scratch/frankentorch-ivorydeer-clean-20260615T214904Z/crates/ft-api -> /data/projects/.scratch/frankentorch-ivorydeer-clean-20260615T214904Z/crates/ft-api on ovh-a[0m
    [2;3mat[0m rch/src/transfer.rs:1434 [2;3mon[0m ThreadId(1)

  [2m2026-06-15T22:15:26.072957Z[0m [32m INFO[0m [1;32mrch::transfer[0m[32m: [32mSync completed in 579ms[0m
    [2;3mat[0m rch/src/transfer.rs:1503 [2;3mon[0m ThreadId(1)

  [2m2026-06-15T22:15:26.073116Z[0m [32m INFO[0m [1;32mrch::transfer[0m[32m: [32mSyncing /data/projects/.scratch/frankentorch-ivorydeer-clean-20260615T214904Z/crates/ft-autograd -> /data/projects/.scratch/frankentorch-ivorydeer-clean-20260615T214904Z/crates/ft-autograd on ovh-a[0m
    [2;3mat[0m rch/src/transfer.rs:1434 [2;3mon[0m ThreadId(1)

  [2m2026-06-15T22:15:26.507626Z[0m [32m INFO[0m [1;32mrch::transfer[0m[32m: [32mSync completed in 434ms[0m
    [2;3mat[0m rch/src/transfer.rs:1503 [2;3mon[0m ThreadId(1)

  [2m2026-06-15T22:15:26.507764Z[0m [32m INFO[0m [1;32mrch::transfer[0m[32m: [32mSyncing /data/projects/.scratch/frankentorch-ivorydeer-clean-20260615T214904Z/crates/ft-conformance -> /data/projects/.scratch/frankentorch-ivorydeer-clean-20260615T214904Z/crates/ft-conformance on ovh-a[0m
    [2;3mat[0m rch/src/transfer.rs:1434 [2;3mon[0m ThreadId(1)

  [2m2026-06-15T22:15:26.971615Z[0m [32m INFO[0m [1;32mrch::transfer[0m[32m: [32mSync completed in 463ms[0m
    [2;3mat[0m rch/src/transfer.rs:1503 [2;3mon[0m ThreadId(1)

  [2m2026-06-15T22:15:26.971723Z[0m [32m INFO[0m [1;32mrch::transfer[0m[32m: [32mSyncing /data/projects/.scratch/frankentorch-ivorydeer-clean-20260615T214904Z/crates/ft-core -> /data/projects/.scratch/frankentorch-ivorydeer-clean-20260615T214904Z/crates/ft-core on ovh-a[0m
    [2;3mat[0m rch/src/transfer.rs:1434 [2;3mon[0m ThreadId(1)

  [2m2026-06-15T22:15:27.488635Z[0m [32m INFO[0m [1;32mrch::transfer[0m[32m: [32mSync completed in 516ms[0m
    [2;3mat[0m rch/src/transfer.rs:1503 [2;3mon[0m ThreadId(1)

  [2m2026-06-15T22:15:27.488768Z[0m [32m INFO[0m [1;32mrch::transfer[0m[32m: [32mSyncing /data/projects/.scratch/frankentorch-ivorydeer-clean-20260615T214904Z/crates/ft-data -> /data/projects/.scratch/frankentorch-ivorydeer-clean-20260615T214904Z/crates/ft-data on ovh-a[0m
    [2;3mat[0m rch/src/transfer.rs:1434 [2;3mon[0m ThreadId(1)

  [2m2026-06-15T22:15:27.972320Z[0m [32m INFO[0m [1;32mrch::transfer[0m[32m: [32mSync completed in 483ms[0m
    [2;3mat[0m rch/src/transfer.rs:1503 [2;3mon[0m ThreadId(1)

  [2m2026-06-15T22:15:27.972474Z[0m [32m INFO[0m [1;32mrch::transfer[0m[32m: [32mSyncing /data/projects/.scratch/frankentorch-ivorydeer-clean-20260615T214904Z/crates/ft-device -> /data/projects/.scratch/frankentorch-ivorydeer-clean-20260615T214904Z/crates/ft-device on ovh-a[0m
    [2;3mat[0m rch/src/transfer.rs:1434 [2;3mon[0m ThreadId(1)

  [2m2026-06-15T22:15:28.427514Z[0m [32m INFO[0m [1;32mrch::transfer[0m[32m: [32mSync completed in 455ms[0m
    [2;3mat[0m rch/src/transfer.rs:1503 [2;3mon[0m ThreadId(1)

  [2m2026-06-15T22:15:28.427677Z[0m [32m INFO[0m [1;32mrch::transfer[0m[32m: [32mSyncing /data/projects/.scratch/frankentorch-ivorydeer-clean-20260615T214904Z/crates/ft-dispatch -> /data/projects/.scratch/frankentorch-ivorydeer-clean-20260615T214904Z/crates/ft-dispatch on ovh-a[0m
    [2;3mat[0m rch/src/transfer.rs:1434 [2;3mon[0m ThreadId(1)

  [2m2026-06-15T22:15:28.871089Z[0m [32m INFO[0m [1;32mrch::transfer[0m[32m: [32mSync completed in 443ms[0m
    [2;3mat[0m rch/src/transfer.rs:1503 [2;3mon[0m ThreadId(1)

  [2m2026-06-15T22:15:28.871244Z[0m [32m INFO[0m [1;32mrch::transfer[0m[32m: [32mSyncing /data/projects/.scratch/frankentorch-ivorydeer-clean-20260615T214904Z/crates/ft-kernel-cpu -> /data/projects/.scratch/frankentorch-ivorydeer-clean-20260615T214904Z/crates/ft-kernel-cpu on ovh-a[0m
    [2;3mat[0m rch/src/transfer.rs:1434 [2;3mon[0m ThreadId(1)

  [2m2026-06-15T22:15:29.375691Z[0m [32m INFO[0m [1;32mrch::transfer[0m[32m: [32mSync completed in 504ms[0m
    [2;3mat[0m rch/src/transfer.rs:1503 [2;3mon[0m ThreadId(1)

  [2m2026-06-15T22:15:29.375846Z[0m [32m INFO[0m [1;32mrch::transfer[0m[32m: [32mSyncing /data/projects/.scratch/frankentorch-ivorydeer-clean-20260615T214904Z/crates/ft-nn -> /data/projects/.scratch/frankentorch-ivorydeer-clean-20260615T214904Z/crates/ft-nn on ovh-a[0m
    [2;3mat[0m rch/src/transfer.rs:1434 [2;3mon[0m ThreadId(1)

  [2m2026-06-15T22:15:29.841919Z[0m [32m INFO[0m [1;32mrch::transfer[0m[32m: [32mSync completed in 466ms[0m
    [2;3mat[0m rch/src/transfer.rs:1503 [2;3mon[0m ThreadId(1)

  [2m2026-06-15T22:15:29.842061Z[0m [32m INFO[0m [1;32mrch::transfer[0m[32m: [32mSyncing /data/projects/.scratch/frankentorch-ivorydeer-clean-20260615T214904Z/crates/ft-optim -> /data/projects/.scratch/frankentorch-ivorydeer-clean-20260615T214904Z/crates/ft-optim on ovh-a[0m
    [2;3mat[0m rch/src/transfer.rs:1434 [2;3mon[0m ThreadId(1)

  [2m2026-06-15T22:15:30.295328Z[0m [32m INFO[0m [1;32mrch::transfer[0m[32m: [32mSync completed in 453ms[0m
    [2;3mat[0m rch/src/transfer.rs:1503 [2;3mon[0m ThreadId(1)

  [2m2026-06-15T22:15:30.295491Z[0m [32m INFO[0m [1;32mrch::transfer[0m[32m: [32mSyncing /data/projects/.scratch/frankentorch-ivorydeer-clean-20260615T214904Z/crates/ft-runtime -> /data/projects/.scratch/frankentorch-ivorydeer-clean-20260615T214904Z/crates/ft-runtime on ovh-a[0m
    [2;3mat[0m rch/src/transfer.rs:1434 [2;3mon[0m ThreadId(1)

  [2m2026-06-15T22:15:30.764842Z[0m [32m INFO[0m [1;32mrch::transfer[0m[32m: [32mSync completed in 469ms[0m
    [2;3mat[0m rch/src/transfer.rs:1503 [2;3mon[0m ThreadId(1)

  [2m2026-06-15T22:15:30.765009Z[0m [32m INFO[0m [1;32mrch::transfer[0m[32m: [32mSyncing /data/projects/.scratch/frankentorch-ivorydeer-clean-20260615T214904Z/crates/ft-serialize -> /data/projects/.scratch/frankentorch-ivorydeer-clean-20260615T214904Z/crates/ft-serialize on ovh-a[0m
    [2;3mat[0m rch/src/transfer.rs:1434 [2;3mon[0m ThreadId(1)

  [2m2026-06-15T22:15:31.318838Z[0m [32m INFO[0m [1;32mrch::transfer[0m[32m: [32mSync completed in 553ms[0m
    [2;3mat[0m rch/src/transfer.rs:1503 [2;3mon[0m ThreadId(1)

  [2m2026-06-15T22:15:31.318876Z[0m [32m INFO[0m [1;32mrch::hook[0m[32m: [32mSync complete: 2993 files, 127522 bytes in 6366ms[0m
    [2;3mat[0m rch/src/hook.rs:6209 [2;3mon[0m ThreadId(1)

  [2m2026-06-15T22:15:33.474838Z[0m [32m INFO[0m [1;32mrch::hook[0m[32m: [32mExecuting command remotely: cargo bench -j 1 -p ft-api --bench ops_bench max_pool2d -- --warm-up-time 1 --measurement-time 3 --sample-size 10 --noplot[0m
    [2;3mat[0m rch/src/hook.rs:6252 [2;3mon[0m ThreadId(1)

  [2m2026-06-15T22:15:33.474898Z[0m [32m INFO[0m [1;32mrch::transfer[0m[32m: [32mRewriting CARGO_TARGET_DIR for remote execution (worker-scoped path): /data/tmp/cargo-target -> /data/projects/.scratch/frankentorch-ivorydeer-clean-20260615T214904Z/.rch-target-ovh-a-job-29884606035533867-1781561724944742082-0[0m
    [2;3mat[0m rch/src/transfer.rs:712 [2;3mon[0m ThreadId(1)

    Updating crates.io index
 Downloading crates ...
  Downloaded anes v0.1.6
  Downloaded autocfg v1.5.0
  Downloaded aho-corasick v1.1.4
  Downloaded ciborium-io v0.2.2
  Downloaded bytemuck v1.25.0
  Downloaded ciborium v0.2.2
  Downloaded criterion v0.5.1
  Downloaded bytemuck_derive v1.10.2
  Downloaded crossbeam-deque v0.8.6
  Downloaded anstyle v1.0.14
  Downloaded ciborium-ll v0.2.2
  Downloaded criterion-plot v0.5.0
  Downloaded oorandom v11.1.5
  Downloaded half v2.7.1
  Downloaded itertools v0.10.5
  Downloaded is-terminal v0.4.17
  Downloaded plotters v0.3.7
  Downloaded libm v0.2.16
  Downloaded cast v0.3.0
  Downloaded num-complex v0.4.6
  Downloaded clap_lex v1.1.0
  Downloaded itoa v1.0.18
  Downloaded proc-macro2 v1.0.106
  Downloaded crossbeam-epoch v0.9.18
  Downloaded walkdir v2.5.0
  Downloaded cfg-if v1.0.4
  Downloaded once_cell v1.21.4
  Downloaded quote v1.0.45
  Downloaded plotters-backend v0.3.7
  Downloaded memchr v2.8.0
  Downloaded same-file v1.0.6
  Downloaded crossbeam-utils v0.8.21
  Downloaded either v1.15.0
  Downloaded plotters-svg v0.3.7
  Downloaded rawpointer v0.2.1
  Downloaded tinytemplate v1.2.1
  Downloaded serde_core v1.0.228
  Downloaded serde_derive v1.0.228
  Downloaded zerocopy-derive v0.8.48
  Downloaded safe_arch v0.7.4
  Downloaded zmij v1.0.21
  Downloaded matrixmultiply v0.3.10
  Downloaded serde v1.0.228
  Downloaded clap v4.6.1
  Downloaded rayon-core v1.13.0
  Downloaded unicode-ident v1.0.24
  Downloaded num-traits v0.2.19
  Downloaded regex v1.12.3
  Downloaded wide v0.7.33
  Downloaded rayon v1.12.0
  Downloaded serde_json v1.0.149
  Downloaded clap_builder v4.6.0
  Downloaded zerocopy v0.8.48
  Downloaded regex-syntax v0.8.10
  Downloaded syn v2.0.117
  Downloaded regex-automata v0.4.14
  Downloaded libc v0.2.185
   Compiling proc-macro2 v1.0.106
   Compiling quote v1.0.45
   Compiling unicode-ident v1.0.24
   Compiling syn v2.0.117
   Compiling autocfg v1.5.0
   Compiling bytemuck_derive v1.10.2
   Compiling bytemuck v1.25.0
   Compiling zerocopy v0.8.48
   Compiling num-traits v0.2.19
   Compiling zerocopy-derive v0.8.48
   Compiling crossbeam-utils v0.8.21
   Compiling cfg-if v1.0.4
   Compiling half v2.7.1
   Compiling crossbeam-epoch v0.9.18
   Compiling rayon-core v1.13.0
   Compiling either v1.15.0
   Compiling crossbeam-deque v0.8.6
   Compiling serde_core v1.0.228
   Compiling num-complex v0.4.6
   Compiling matrixmultiply v0.3.10
   Compiling libm v0.2.16
   Compiling ft-core v0.1.0 (/data/projects/.scratch/frankentorch-ivorydeer-clean-20260615T214904Z/crates/ft-core)
   Compiling rayon v1.12.0
   Compiling safe_arch v0.7.4
   Compiling serde v1.0.228
   Compiling rawpointer v0.2.1
   Compiling zmij v1.0.21
   Compiling wide v0.7.33
   Compiling serde_derive v1.0.228
   Compiling serde_json v1.0.149
   Compiling libc v0.2.185
   Compiling ft-kernel-cpu v0.1.0 (/data/projects/.scratch/frankentorch-ivorydeer-clean-20260615T214904Z/crates/ft-kernel-cpu)
   Compiling memchr v2.8.0
   Compiling regex-syntax v0.8.10
   Compiling plotters-backend v0.3.7
   Compiling ciborium-io v0.2.2
   Compiling clap_lex v1.1.0
   Compiling itoa v1.0.18
   Compiling anstyle v1.0.14
   Compiling clap_builder v4.6.0
   Compiling ciborium-ll v0.2.2
   Compiling plotters-svg v0.3.7
   Compiling regex-automata v0.4.14
   Compiling ft-dispatch v0.1.0 (/data/projects/.scratch/frankentorch-ivorydeer-clean-20260615T214904Z/crates/ft-dispatch)
   Compiling itertools v0.10.5
   Compiling cast v0.3.0
   Compiling same-file v1.0.6
   Compiling walkdir v2.5.0
   Compiling criterion-plot v0.5.0
   Compiling is-terminal v0.4.17
   Compiling ft-autograd v0.1.0 (/data/projects/.scratch/frankentorch-ivorydeer-clean-20260615T214904Z/crates/ft-autograd)
   Compiling regex v1.12.3
   Compiling plotters v0.3.7
   Compiling ciborium v0.2.2
   Compiling tinytemplate v1.2.1
   Compiling clap v4.6.1
   Compiling ft-runtime v0.1.0 (/data/projects/.scratch/frankentorch-ivorydeer-clean-20260615T214904Z/crates/ft-runtime)
   Compiling anes v0.1.6
   Compiling oorandom v11.1.5
   Compiling once_cell v1.21.4
   Compiling criterion v0.5.1
   Compiling ft-api v0.1.0 (/data/projects/.scratch/frankentorch-ivorydeer-clean-20260615T214904Z/crates/ft-api)
    Finished `bench` profile [optimized + debuginfo] target(s) in 4m 34s
     Running benches/ops_bench.rs (.rch-target-ovh-a-job-29884606035533867-1781561724944742082-0/release/deps/ops_bench-8824b9e24f0b8087)
Gnuplot not found, using plotters backend
Benchmarking max_pool2d/nograd
Benchmarking max_pool2d/nograd: Warming up for 1.0000 s
Benchmarking max_pool2d/nograd: Collecting 10 samples in estimated 3.0007 s (1595 iterations)
Benchmarking max_pool2d/nograd: Analyzing
max_pool2d/nograd       time:   [2.0248 ms 2.1100 ms 2.1641 ms]
Benchmarking max_pool2d/nograd_f32
Benchmarking max_pool2d/nograd_f32: Warming up for 1.0000 s
Benchmarking max_pool2d/nograd_f32: Collecting 10 samples in estimated 3.0230 s (2970 iterations)
Benchmarking max_pool2d/nograd_f32: Analyzing
max_pool2d/nograd_f32   time:   [955.10 µs 1.9146 ms 2.6453 ms]
Found 1 outliers among 10 measurements (10.00%)
  1 (10.00%) high mild
Benchmarking max_pool2d/grad
Benchmarking max_pool2d/grad: Warming up for 1.0000 s

Warning: Unable to complete 10 samples in 3.0s. You may wish to increase target time to 5.7s or enable flat sampling.
Benchmarking max_pool2d/grad: Collecting 10 samples in estimated 5.7006 s (55 iterations)
Benchmarking max_pool2d/grad: Analyzing
max_pool2d/grad         time:   [87.964 ms 96.366 ms 108.62 ms]

  [2m2026-06-15T22:20:29.717607Z[0m [32m INFO[0m [1;32mrch::hook[0m[32m: [32mRemote command finished: exit=0 in 296242ms[0m
    [2;3mat[0m rch/src/hook.rs:6376 [2;3mon[0m ThreadId(1)

  [2m2026-06-15T22:20:29.717859Z[0m [32m INFO[0m [1;32mrch::hook[0m[32m: [32mRetrieving build artifacts...[0m
    [2;3mat[0m rch/src/hook.rs:6425 [2;3mon[0m ThreadId(1)

  [2m2026-06-15T22:20:29.717873Z[0m [32m INFO[0m [1;32mrch::transfer[0m[32m: [32mRetrieving artifacts from /data/projects/.scratch/frankentorch-ivorydeer-clean-20260615T214904Z on ovh-a[0m
    [2;3mat[0m rch/src/transfer.rs:2106 [2;3mon[0m ThreadId(1)

  [2m2026-06-15T22:20:30.185787Z[0m [32m INFO[0m [1;32mrch::transfer[0m[32m: [32mArtifacts retrieved in 467ms (1 files, 1180 bytes)[0m
    [2;3mat[0m rch/src/transfer.rs:2145 [2;3mon[0m ThreadId(1)

  [2m2026-06-15T22:20:30.185806Z[0m [32m INFO[0m [1;32mrch::hook[0m[32m: [32mArtifacts retrieved: 1 files, 1180 bytes in 467ms[0m
    [2;3mat[0m rch/src/hook.rs:6458 [2;3mon[0m ThreadId(1)

  [2m2026-06-15T22:20:30.185896Z[0m [32m INFO[0m [1;32mrch::transfer[0m[32m: [32mRetrieving artifacts from /data/projects/.scratch/frankentorch-ivorydeer-clean-20260615T214904Z/.rch-target-ovh-a-job-29884606035533867-1781561724944742082-0 on ovh-a[0m
    [2;3mat[0m rch/src/transfer.rs:2106 [2;3mon[0m ThreadId(1)

  [2m2026-06-15T22:20:30.684646Z[0m [32m INFO[0m [1;32mrch::transfer[0m[32m: [32mArtifacts retrieved in 498ms (36 files, 1167 bytes)[0m
    [2;3mat[0m rch/src/transfer.rs:2145 [2;3mon[0m ThreadId(1)

  [2m2026-06-15T22:20:30.684668Z[0m [32m INFO[0m [1;32mrch::hook[0m[32m: [32mCustom CARGO_TARGET_DIR artifacts retrieved: 36 files, 1167 bytes in 498ms[0m
    [2;3mat[0m rch/src/hook.rs:6582 [2;3mon[0m ThreadId(1)

[RCH] remote ovh-a (306.8s)
