  [2m2026-06-15T22:11:09.381604Z[0m [32m INFO[0m [1;32mrch::hook[0m[32m: [32mSelected worker: ovh-a at ubuntu@51.222.245.56 (3 slots remaining after reservation, speed 50.0)[0m
    [2;3mat[0m rch/src/hook.rs:514 [2;3mon[0m ThreadId(1)

  [2m2026-06-15T22:11:09.697181Z[0m [32m INFO[0m [1;32mrch::hook[0m[32m: [32mStarting remote compilation pipeline for frankentorch-ivorydeer-clean-20260615T214904Z (hash: b58f860600e5d1c4)[0m
    [2;3mat[0m rch/src/hook.rs:5994 [2;3mon[0m ThreadId(1)

  [2m2026-06-15T22:11:09.697221Z[0m [32m INFO[0m [1;32mrch::hook[0m[32m: [32mPrepared dependency sync manifest for 13 roots[0m
    [2;3mat[0m rch/src/hook.rs:6016 [2;3mon[0m ThreadId(1)

  [2m2026-06-15T22:11:10.421748Z[0m [32m INFO[0m [1;32mrch::hook[0m[32m: [32mSyncing project to worker ovh-a...[0m
    [2;3mat[0m rch/src/hook.rs:6046 [2;3mon[0m ThreadId(1)

  [2m2026-06-15T22:11:10.421819Z[0m [32m INFO[0m [1;32mrch::transfer[0m[32m: [32mSyncing /data/projects/.scratch/frankentorch-ivorydeer-clean-20260615T214904Z -> /data/projects/.scratch/frankentorch-ivorydeer-clean-20260615T214904Z on ovh-a[0m
    [2;3mat[0m rch/src/transfer.rs:1434 [2;3mon[0m ThreadId(1)

  [2m2026-06-15T22:11:11.085335Z[0m [32m INFO[0m [1;32mrch::transfer[0m[32m: [32mSync completed in 663ms[0m
    [2;3mat[0m rch/src/transfer.rs:1503 [2;3mon[0m ThreadId(1)

  [2m2026-06-15T22:11:11.085414Z[0m [32m INFO[0m [1;32mrch::transfer[0m[32m: [32mSyncing /data/projects/.scratch/frankentorch-ivorydeer-clean-20260615T214904Z/crates/ft-api -> /data/projects/.scratch/frankentorch-ivorydeer-clean-20260615T214904Z/crates/ft-api on ovh-a[0m
    [2;3mat[0m rch/src/transfer.rs:1434 [2;3mon[0m ThreadId(1)

  [2m2026-06-15T22:11:11.625237Z[0m [32m INFO[0m [1;32mrch::transfer[0m[32m: [32mSync completed in 539ms[0m
    [2;3mat[0m rch/src/transfer.rs:1503 [2;3mon[0m ThreadId(1)

  [2m2026-06-15T22:11:11.625321Z[0m [32m INFO[0m [1;32mrch::transfer[0m[32m: [32mSyncing /data/projects/.scratch/frankentorch-ivorydeer-clean-20260615T214904Z/crates/ft-autograd -> /data/projects/.scratch/frankentorch-ivorydeer-clean-20260615T214904Z/crates/ft-autograd on ovh-a[0m
    [2;3mat[0m rch/src/transfer.rs:1434 [2;3mon[0m ThreadId(1)

  [2m2026-06-15T22:11:12.108624Z[0m [32m INFO[0m [1;32mrch::transfer[0m[32m: [32mSync completed in 483ms[0m
    [2;3mat[0m rch/src/transfer.rs:1503 [2;3mon[0m ThreadId(1)

  [2m2026-06-15T22:11:12.108715Z[0m [32m INFO[0m [1;32mrch::transfer[0m[32m: [32mSyncing /data/projects/.scratch/frankentorch-ivorydeer-clean-20260615T214904Z/crates/ft-conformance -> /data/projects/.scratch/frankentorch-ivorydeer-clean-20260615T214904Z/crates/ft-conformance on ovh-a[0m
    [2;3mat[0m rch/src/transfer.rs:1434 [2;3mon[0m ThreadId(1)

  [2m2026-06-15T22:11:12.625622Z[0m [32m INFO[0m [1;32mrch::transfer[0m[32m: [32mSync completed in 516ms[0m
    [2;3mat[0m rch/src/transfer.rs:1503 [2;3mon[0m ThreadId(1)

  [2m2026-06-15T22:11:12.625707Z[0m [32m INFO[0m [1;32mrch::transfer[0m[32m: [32mSyncing /data/projects/.scratch/frankentorch-ivorydeer-clean-20260615T214904Z/crates/ft-core -> /data/projects/.scratch/frankentorch-ivorydeer-clean-20260615T214904Z/crates/ft-core on ovh-a[0m
    [2;3mat[0m rch/src/transfer.rs:1434 [2;3mon[0m ThreadId(1)

  [2m2026-06-15T22:11:13.147794Z[0m [32m INFO[0m [1;32mrch::transfer[0m[32m: [32mSync completed in 522ms[0m
    [2;3mat[0m rch/src/transfer.rs:1503 [2;3mon[0m ThreadId(1)

  [2m2026-06-15T22:11:13.147880Z[0m [32m INFO[0m [1;32mrch::transfer[0m[32m: [32mSyncing /data/projects/.scratch/frankentorch-ivorydeer-clean-20260615T214904Z/crates/ft-data -> /data/projects/.scratch/frankentorch-ivorydeer-clean-20260615T214904Z/crates/ft-data on ovh-a[0m
    [2;3mat[0m rch/src/transfer.rs:1434 [2;3mon[0m ThreadId(1)

  [2m2026-06-15T22:11:13.598147Z[0m [32m INFO[0m [1;32mrch::transfer[0m[32m: [32mSync completed in 450ms[0m
    [2;3mat[0m rch/src/transfer.rs:1503 [2;3mon[0m ThreadId(1)

  [2m2026-06-15T22:11:13.598250Z[0m [32m INFO[0m [1;32mrch::transfer[0m[32m: [32mSyncing /data/projects/.scratch/frankentorch-ivorydeer-clean-20260615T214904Z/crates/ft-device -> /data/projects/.scratch/frankentorch-ivorydeer-clean-20260615T214904Z/crates/ft-device on ovh-a[0m
    [2;3mat[0m rch/src/transfer.rs:1434 [2;3mon[0m ThreadId(1)

  [2m2026-06-15T22:11:14.082609Z[0m [32m INFO[0m [1;32mrch::transfer[0m[32m: [32mSync completed in 484ms[0m
    [2;3mat[0m rch/src/transfer.rs:1503 [2;3mon[0m ThreadId(1)

  [2m2026-06-15T22:11:14.082766Z[0m [32m INFO[0m [1;32mrch::transfer[0m[32m: [32mSyncing /data/projects/.scratch/frankentorch-ivorydeer-clean-20260615T214904Z/crates/ft-dispatch -> /data/projects/.scratch/frankentorch-ivorydeer-clean-20260615T214904Z/crates/ft-dispatch on ovh-a[0m
    [2;3mat[0m rch/src/transfer.rs:1434 [2;3mon[0m ThreadId(1)

  [2m2026-06-15T22:11:14.559099Z[0m [32m INFO[0m [1;32mrch::transfer[0m[32m: [32mSync completed in 476ms[0m
    [2;3mat[0m rch/src/transfer.rs:1503 [2;3mon[0m ThreadId(1)

  [2m2026-06-15T22:11:14.559200Z[0m [32m INFO[0m [1;32mrch::transfer[0m[32m: [32mSyncing /data/projects/.scratch/frankentorch-ivorydeer-clean-20260615T214904Z/crates/ft-kernel-cpu -> /data/projects/.scratch/frankentorch-ivorydeer-clean-20260615T214904Z/crates/ft-kernel-cpu on ovh-a[0m
    [2;3mat[0m rch/src/transfer.rs:1434 [2;3mon[0m ThreadId(1)

  [2m2026-06-15T22:11:15.030825Z[0m [32m INFO[0m [1;32mrch::transfer[0m[32m: [32mSync completed in 471ms[0m
    [2;3mat[0m rch/src/transfer.rs:1503 [2;3mon[0m ThreadId(1)

  [2m2026-06-15T22:11:15.030905Z[0m [32m INFO[0m [1;32mrch::transfer[0m[32m: [32mSyncing /data/projects/.scratch/frankentorch-ivorydeer-clean-20260615T214904Z/crates/ft-nn -> /data/projects/.scratch/frankentorch-ivorydeer-clean-20260615T214904Z/crates/ft-nn on ovh-a[0m
    [2;3mat[0m rch/src/transfer.rs:1434 [2;3mon[0m ThreadId(1)

  [2m2026-06-15T22:11:15.497457Z[0m [32m INFO[0m [1;32mrch::transfer[0m[32m: [32mSync completed in 466ms[0m
    [2;3mat[0m rch/src/transfer.rs:1503 [2;3mon[0m ThreadId(1)

  [2m2026-06-15T22:11:15.497535Z[0m [32m INFO[0m [1;32mrch::transfer[0m[32m: [32mSyncing /data/projects/.scratch/frankentorch-ivorydeer-clean-20260615T214904Z/crates/ft-optim -> /data/projects/.scratch/frankentorch-ivorydeer-clean-20260615T214904Z/crates/ft-optim on ovh-a[0m
    [2;3mat[0m rch/src/transfer.rs:1434 [2;3mon[0m ThreadId(1)

  [2m2026-06-15T22:11:15.997051Z[0m [32m INFO[0m [1;32mrch::transfer[0m[32m: [32mSync completed in 499ms[0m
    [2;3mat[0m rch/src/transfer.rs:1503 [2;3mon[0m ThreadId(1)

  [2m2026-06-15T22:11:15.997136Z[0m [32m INFO[0m [1;32mrch::transfer[0m[32m: [32mSyncing /data/projects/.scratch/frankentorch-ivorydeer-clean-20260615T214904Z/crates/ft-runtime -> /data/projects/.scratch/frankentorch-ivorydeer-clean-20260615T214904Z/crates/ft-runtime on ovh-a[0m
    [2;3mat[0m rch/src/transfer.rs:1434 [2;3mon[0m ThreadId(1)

  [2m2026-06-15T22:11:16.562622Z[0m [32m INFO[0m [1;32mrch::transfer[0m[32m: [32mSync completed in 565ms[0m
    [2;3mat[0m rch/src/transfer.rs:1503 [2;3mon[0m ThreadId(1)

  [2m2026-06-15T22:11:16.562707Z[0m [32m INFO[0m [1;32mrch::transfer[0m[32m: [32mSyncing /data/projects/.scratch/frankentorch-ivorydeer-clean-20260615T214904Z/crates/ft-serialize -> /data/projects/.scratch/frankentorch-ivorydeer-clean-20260615T214904Z/crates/ft-serialize on ovh-a[0m
    [2;3mat[0m rch/src/transfer.rs:1434 [2;3mon[0m ThreadId(1)

  [2m2026-06-15T22:11:17.024173Z[0m [32m INFO[0m [1;32mrch::transfer[0m[32m: [32mSync completed in 461ms[0m
    [2;3mat[0m rch/src/transfer.rs:1503 [2;3mon[0m ThreadId(1)

  [2m2026-06-15T22:11:17.024209Z[0m [32m INFO[0m [1;32mrch::hook[0m[32m: [32mSync complete: 2990 files, 129096 bytes in 6595ms[0m
    [2;3mat[0m rch/src/hook.rs:6209 [2;3mon[0m ThreadId(1)

  [2m2026-06-15T22:11:19.023053Z[0m [32m INFO[0m [1;32mrch::hook[0m[32m: [32mExecuting command remotely: cargo check -j 1 -p ft-kernel-cpu --all-targets[0m
    [2;3mat[0m rch/src/hook.rs:6252 [2;3mon[0m ThreadId(1)

  [2m2026-06-15T22:11:19.023093Z[0m [32m INFO[0m [1;32mrch::transfer[0m[32m: [32mRewriting CARGO_TARGET_DIR for remote execution (worker-scoped path): /data/tmp/cargo-target -> /data/projects/.scratch/frankentorch-ivorydeer-clean-20260615T214904Z/.rch-target-ovh-a-job-29884606035533848-1781561470421740397-0[0m
    [2;3mat[0m rch/src/transfer.rs:712 [2;3mon[0m ThreadId(1)

    Updating crates.io index
 Downloading crates ...
  Downloaded anstyle v1.0.14
  Downloaded autocfg v1.5.0
  Downloaded bit-vec v0.8.0
  Downloaded aho-corasick v1.1.4
  Downloaded bit-set v0.8.0
  Downloaded either v1.15.0
  Downloaded fastrand v2.4.1
  Downloaded anes v0.1.6
  Downloaded crossbeam-deque v0.8.6
  Downloaded clap_lex v1.1.0
  Downloaded crossbeam-epoch v0.9.18
  Downloaded criterion v0.5.1
  Downloaded getrandom v0.3.4
  Downloaded errno v0.3.14
  Downloaded unarray v0.1.4
  Downloaded half v2.7.1
  Downloaded same-file v1.0.6
  Downloaded similar v2.7.0
  Downloaded unicode-ident v1.0.24
  Downloaded ciborium-ll v0.2.2
  Downloaded rustix v1.1.4
  Downloaded plotters-backend v0.3.7
  Downloaded matrixmultiply v0.3.10
  Downloaded num-traits v0.2.19
  Downloaded itoa v1.0.18
  Downloaded rand_xorshift v0.4.0
  Downloaded wait-timeout v0.2.1
  Downloaded cast v0.3.0
  Downloaded rand_chacha v0.9.0
  Downloaded console v0.16.3
  Downloaded crossbeam-utils v0.8.21
  Downloaded fnv v1.0.7
  Downloaded oorandom v11.1.5
  Downloaded bytemuck_derive v1.10.2
  Downloaded quote v1.0.45
  Downloaded ciborium v0.2.2
  Downloaded ppv-lite86 v0.2.21
  Downloaded plotters-svg v0.3.7
  Downloaded criterion-plot v0.5.0
  Downloaded once_cell v1.21.4
  Downloaded cfg-if v1.0.4
  Downloaded clap v4.6.1
  Downloaded quick-error v1.2.3
  Downloaded rawpointer v0.2.1
  Downloaded zerocopy-derive v0.8.48
  Downloaded tinytemplate v1.2.1
  Downloaded rusty-fork v0.3.1
  Downloaded ciborium-io v0.2.2
  Downloaded is-terminal v0.4.17
  Downloaded zmij v1.0.21
  Downloaded proc-macro2 v1.0.106
  Downloaded bytemuck v1.25.0
  Downloaded num-complex v0.4.6
  Downloaded rand_core v0.9.5
  Downloaded walkdir v2.5.0
  Downloaded bitflags v2.11.1
  Downloaded serde_derive v1.0.228
  Downloaded serde_core v1.0.228
  Downloaded tempfile v3.27.0
  Downloaded serde v1.0.228
  Downloaded safe_arch v0.7.4
  Downloaded rayon-core v1.13.0
  Downloaded wide v0.7.33
  Downloaded rand v0.9.4
  Downloaded insta v1.47.2
  Downloaded memchr v2.8.0
  Downloaded plotters v0.3.7
  Downloaded itertools v0.10.5
  Downloaded rayon v1.12.0
  Downloaded regex v1.12.3
  Downloaded libm v0.2.16
  Downloaded clap_builder v4.6.0
  Downloaded serde_json v1.0.149
  Downloaded proptest v1.11.0
  Downloaded syn v2.0.117
  Downloaded zerocopy v0.8.48
  Downloaded regex-syntax v0.8.10
  Downloaded regex-automata v0.4.14
  Downloaded libc v0.2.185
  Downloaded linux-raw-sys v0.12.1
   Compiling proc-macro2 v1.0.106
   Compiling unicode-ident v1.0.24
   Compiling quote v1.0.45
   Compiling syn v2.0.117
    Checking cfg-if v1.0.4
   Compiling libc v0.2.185
   Compiling autocfg v1.5.0
   Compiling zerocopy v0.8.48
   Compiling zerocopy-derive v0.8.48
   Compiling getrandom v0.3.4
   Compiling bytemuck_derive v1.10.2
    Checking bytemuck v1.25.0
   Compiling num-traits v0.2.19
   Compiling crossbeam-utils v0.8.21
   Compiling serde_core v1.0.228
   Compiling rustix v1.1.4
    Checking crossbeam-epoch v0.9.18
    Checking half v2.7.1
    Checking once_cell v1.21.4
   Compiling serde v1.0.228
    Checking linux-raw-sys v0.12.1
    Checking bitflags v2.11.1
   Compiling zmij v1.0.21
   Compiling rayon-core v1.13.0
    Checking either v1.15.0
    Checking crossbeam-deque v0.8.6
    Checking rand_core v0.9.5
   Compiling serde_derive v1.0.228
   Compiling serde_json v1.0.149
    Checking fastrand v2.4.1
    Checking regex-syntax v0.8.10
    Checking tempfile v3.27.0
   Compiling matrixmultiply v0.3.10
    Checking ciborium-io v0.2.2
    Checking plotters-backend v0.3.7
    Checking clap_lex v1.1.0
    Checking anstyle v1.0.14
    Checking itoa v1.0.18
   Compiling libm v0.2.16
    Checking memchr v2.8.0
    Checking clap_builder v4.6.0
    Checking plotters-svg v0.3.7
    Checking ciborium-ll v0.2.2
    Checking rayon v1.12.0
    Checking regex-automata v0.4.14
    Checking itertools v0.10.5
    Checking num-complex v0.4.6
    Checking safe_arch v0.7.4
    Checking ppv-lite86 v0.2.21
    Checking wait-timeout v0.2.1
    Checking bit-vec v0.8.0
    Checking cast v0.3.0
    Checking same-file v1.0.6
    Checking quick-error v1.2.3
    Checking rawpointer v0.2.1
    Checking fnv v1.0.7
    Checking rusty-fork v0.3.1
    Checking walkdir v2.5.0
    Checking criterion-plot v0.5.0
    Checking bit-set v0.8.0
    Checking rand_chacha v0.9.0
    Checking wide v0.7.33
    Checking ft-core v0.1.0 (/data/projects/.scratch/frankentorch-ivorydeer-clean-20260615T214904Z/crates/ft-core)
    Checking regex v1.12.3
    Checking ciborium v0.2.2
    Checking plotters v0.3.7
    Checking clap v4.6.1
    Checking tinytemplate v1.2.1
    Checking rand v0.9.4
    Checking rand_xorshift v0.4.0
    Checking is-terminal v0.4.17
    Checking console v0.16.3
    Checking similar v2.7.0
    Checking oorandom v11.1.5
    Checking unarray v0.1.4
    Checking anes v0.1.6
    Checking criterion v0.5.1
    Checking proptest v1.11.0
    Checking insta v1.47.2
    Checking ft-kernel-cpu v0.1.0 (/data/projects/.scratch/frankentorch-ivorydeer-clean-20260615T214904Z/crates/ft-kernel-cpu)
warning: unnecessary parentheses around closure body
 --> crates/ft-kernel-cpu/examples/gemm_golden.rs:8:46
  |
8 |         let a: Vec<f64> = (0..m * k).map(|i| ((i as f64 * 0.001).sin())).collect();
  |                                              ^                        ^
  |
  = note: `#[warn(unused_parens)]` (part of `#[warn(unused)]`) on by default
help: remove these parentheses
  |
8 -         let a: Vec<f64> = (0..m * k).map(|i| ((i as f64 * 0.001).sin())).collect();
8 +         let a: Vec<f64> = (0..m * k).map(|i| (i as f64 * 0.001).sin() ).collect();
  |

warning: unnecessary parentheses around closure body
 --> crates/ft-kernel-cpu/examples/gemm_golden.rs:9:46
  |
9 |         let b: Vec<f64> = (0..k * n).map(|i| ((i as f64 * 0.0017).cos())).collect();
  |                                              ^                         ^
  |
help: remove these parentheses
  |
9 -         let b: Vec<f64> = (0..k * n).map(|i| ((i as f64 * 0.0017).cos())).collect();
9 +         let b: Vec<f64> = (0..k * n).map(|i| (i as f64 * 0.0017).cos() ).collect();
  |

warning: `ft-kernel-cpu` (example "gemm_golden") generated 2 warnings (run `cargo fix --example "gemm_golden" -p ft-kernel-cpu` to apply 2 suggestions)
    Finished `dev` profile [unoptimized + debuginfo] target(s) in 39.04s
  [2m2026-06-15T22:11:58.836900Z[0m [32m INFO[0m [1;32mrch::hook[0m[32m: [32mRemote command finished: exit=0 in 39813ms[0m
    [2;3mat[0m rch/src/hook.rs:6376 [2;3mon[0m ThreadId(1)

  [2m2026-06-15T22:11:58.837446Z[0m [32m INFO[0m [1;32mrch::hook[0m[32m: [32mRetrieving build artifacts...[0m
    [2;3mat[0m rch/src/hook.rs:6425 [2;3mon[0m ThreadId(1)

  [2m2026-06-15T22:11:58.837462Z[0m [32m INFO[0m [1;32mrch::transfer[0m[32m: [32mRetrieving artifacts from /data/projects/.scratch/frankentorch-ivorydeer-clean-20260615T214904Z on ovh-a[0m
    [2;3mat[0m rch/src/transfer.rs:2106 [2;3mon[0m ThreadId(1)

  [2m2026-06-15T22:11:59.333243Z[0m [32m INFO[0m [1;32mrch::transfer[0m[32m: [32mArtifacts retrieved in 495ms (1 files, 1080 bytes)[0m
    [2;3mat[0m rch/src/transfer.rs:2145 [2;3mon[0m ThreadId(1)

  [2m2026-06-15T22:11:59.333264Z[0m [32m INFO[0m [1;32mrch::hook[0m[32m: [32mArtifacts retrieved: 1 files, 1080 bytes in 495ms[0m
    [2;3mat[0m rch/src/hook.rs:6458 [2;3mon[0m ThreadId(1)

  [2m2026-06-15T22:11:59.333354Z[0m [32m INFO[0m [1;32mrch::transfer[0m[32m: [32mRetrieving artifacts from /data/projects/.scratch/frankentorch-ivorydeer-clean-20260615T214904Z/.rch-target-ovh-a-job-29884606035533848-1781561470421740397-0 on ovh-a[0m
    [2;3mat[0m rch/src/transfer.rs:2106 [2;3mon[0m ThreadId(1)

  [2m2026-06-15T22:12:01.532682Z[0m [32m INFO[0m [1;32mrch::transfer[0m[32m: [32mArtifacts retrieved in 2199ms (1475 files, 782215 bytes)[0m
    [2;3mat[0m rch/src/transfer.rs:2145 [2;3mon[0m ThreadId(1)

  [2m2026-06-15T22:12:01.532706Z[0m [32m INFO[0m [1;32mrch::hook[0m[32m: [32mCustom CARGO_TARGET_DIR artifacts retrieved: 1475 files, 782215 bytes in 2199ms[0m
    [2;3mat[0m rch/src/hook.rs:6582 [2;3mon[0m ThreadId(1)

[RCH] remote ovh-a (52.2s)
