    Checking cfg-if v1.0.4
    Checking libc v0.2.185
    Checking zerocopy v0.8.48
    Checking bytemuck v1.25.0
    Checking num-traits v0.2.19
    Checking crossbeam-utils v0.8.21
    Checking getrandom v0.3.4
    Checking crossbeam-epoch v0.9.18
    Checking half v2.7.1
    Checking either v1.15.0
    Checking crossbeam-deque v0.8.6
    Checking rayon-core v1.13.0
    Checking serde_core v1.0.228
    Checking bitflags v2.11.1
    Checking once_cell v1.21.4
    Checking linux-raw-sys v0.12.1
    Checking rustix v1.1.4
    Checking rayon v1.12.0
    Checking rand_core v0.9.5
    Checking num-complex v0.4.6
    Checking safe_arch v0.7.4
    Checking fastrand v2.4.1
    Checking regex-syntax v0.8.10
    Checking rawpointer v0.2.1
    Checking matrixmultiply v0.3.10
    Checking tempfile v3.27.0
    Checking serde v1.0.228
    Checking wide v0.7.33
    Checking ft-core v0.1.0 (/data/projects/frankentorch/crates/ft-core)
    Checking zmij v1.0.21
    Checking libm v0.2.16
    Checking ciborium-io v0.2.2
    Checking plotters-backend v0.3.7
    Checking itoa v1.0.18
    Checking memchr v2.8.0
    Checking clap_lex v1.1.0
    Checking anstyle v1.0.14
    Checking clap_builder v4.6.0
    Checking serde_json v1.0.149
    Checking plotters-svg v0.3.7
    Checking ciborium-ll v0.2.2
    Checking ft-kernel-cpu v0.1.0 (/data/projects/frankentorch/crates/ft-kernel-cpu)
    Checking regex-automata v0.4.14
    Checking itertools v0.10.5
    Checking ppv-lite86 v0.2.21
    Checking wait-timeout v0.2.1
    Checking cast v0.3.0
    Checking bit-vec v0.8.0
    Checking fnv v1.0.7
    Checking quick-error v1.2.3
    Checking same-file v1.0.6
    Checking walkdir v2.5.0
    Checking rusty-fork v0.3.1
    Checking bit-set v0.8.0
    Checking criterion-plot v0.5.0
    Checking rand_chacha v0.9.0
    Checking regex v1.12.3
    Checking ft-dispatch v0.1.0 (/data/projects/frankentorch/crates/ft-dispatch)
    Checking ciborium v0.2.2
    Checking plotters v0.3.7
    Checking tinytemplate v1.2.1
    Checking clap v4.6.1
    Checking rand v0.9.4
    Checking rand_xorshift v0.4.0
    Checking console v0.16.3
    Checking is-terminal v0.4.17
    Checking unarray v0.1.4
    Checking oorandom v11.1.5
    Checking anes v0.1.6
    Checking similar v2.7.0
    Checking insta v1.47.2
    Checking criterion v0.5.1
    Checking proptest v1.11.0
    Checking ft-autograd v0.1.0 (/data/projects/frankentorch/crates/ft-autograd)
    Finished `dev` profile [unoptimized + debuginfo] target(s) in 31.03s
