  [2m2026-06-08T14:32:41.093227Z[0m [32m INFO[0m [1;32mrch::hook[0m[32m: [32mSelected worker: vmi1167313 at ubuntu@154.12.232.219 (2 slots remaining after reservation, speed 50.0)[0m
    [2;3mat[0m rch/src/hook.rs:514 [2;3mon[0m ThreadId(1)

  [2m2026-06-08T14:32:41.400612Z[0m [32m INFO[0m [1;32mrch::hook[0m[32m: [32mStarting remote compilation pipeline for frankentorch (hash: 78ab156102a58c4c)[0m
    [2;3mat[0m rch/src/hook.rs:5994 [2;3mon[0m ThreadId(1)

  [2m2026-06-08T14:32:41.400667Z[0m [32m INFO[0m [1;32mrch::hook[0m[32m: [32mPrepared dependency sync manifest for 13 roots[0m
    [2;3mat[0m rch/src/hook.rs:6016 [2;3mon[0m ThreadId(1)

  [2m2026-06-08T14:32:42.184645Z[0m [32m INFO[0m [1;32mrch::hook[0m[32m: [32mSyncing project to worker vmi1167313...[0m
    [2;3mat[0m rch/src/hook.rs:6046 [2;3mon[0m ThreadId(1)

  [2m2026-06-08T14:32:42.184715Z[0m [32m INFO[0m [1;32mrch::transfer[0m[32m: [32mSyncing /data/projects/frankentorch -> /data/projects/frankentorch on vmi1167313[0m
    [2;3mat[0m rch/src/transfer.rs:1400 [2;3mon[0m ThreadId(1)

  [2m2026-06-08T14:32:44.387791Z[0m [32m INFO[0m [1;32mrch::transfer[0m[32m: [32mSync completed in 2203ms[0m
    [2;3mat[0m rch/src/transfer.rs:1469 [2;3mon[0m ThreadId(1)

  [2m2026-06-08T14:32:44.387853Z[0m [32m INFO[0m [1;32mrch::transfer[0m[32m: [32mSyncing /data/projects/frankentorch/crates/ft-api -> /data/projects/frankentorch/crates/ft-api on vmi1167313[0m
    [2;3mat[0m rch/src/transfer.rs:1400 [2;3mon[0m ThreadId(1)

  [2m2026-06-08T14:32:44.871574Z[0m [32m INFO[0m [1;32mrch::transfer[0m[32m: [32mSync completed in 483ms[0m
    [2;3mat[0m rch/src/transfer.rs:1469 [2;3mon[0m ThreadId(1)

  [2m2026-06-08T14:32:44.871650Z[0m [32m INFO[0m [1;32mrch::transfer[0m[32m: [32mSyncing /data/projects/frankentorch/crates/ft-autograd -> /data/projects/frankentorch/crates/ft-autograd on vmi1167313[0m
    [2;3mat[0m rch/src/transfer.rs:1400 [2;3mon[0m ThreadId(1)

  [2m2026-06-08T14:32:45.356261Z[0m [32m INFO[0m [1;32mrch::transfer[0m[32m: [32mSync completed in 484ms[0m
    [2;3mat[0m rch/src/transfer.rs:1469 [2;3mon[0m ThreadId(1)

  [2m2026-06-08T14:32:45.356492Z[0m [32m INFO[0m [1;32mrch::transfer[0m[32m: [32mSyncing /data/projects/frankentorch/crates/ft-conformance -> /data/projects/frankentorch/crates/ft-conformance on vmi1167313[0m
    [2;3mat[0m rch/src/transfer.rs:1400 [2;3mon[0m ThreadId(1)

  [2m2026-06-08T14:32:45.810082Z[0m [32m INFO[0m [1;32mrch::transfer[0m[32m: [32mSync completed in 453ms[0m
    [2;3mat[0m rch/src/transfer.rs:1469 [2;3mon[0m ThreadId(1)

  [2m2026-06-08T14:32:45.810145Z[0m [32m INFO[0m [1;32mrch::transfer[0m[32m: [32mSyncing /data/projects/frankentorch/crates/ft-core -> /data/projects/frankentorch/crates/ft-core on vmi1167313[0m
    [2;3mat[0m rch/src/transfer.rs:1400 [2;3mon[0m ThreadId(1)

  [2m2026-06-08T14:32:46.272228Z[0m [32m INFO[0m [1;32mrch::transfer[0m[32m: [32mSync completed in 462ms[0m
    [2;3mat[0m rch/src/transfer.rs:1469 [2;3mon[0m ThreadId(1)

  [2m2026-06-08T14:32:46.272287Z[0m [32m INFO[0m [1;32mrch::transfer[0m[32m: [32mSyncing /data/projects/frankentorch/crates/ft-data -> /data/projects/frankentorch/crates/ft-data on vmi1167313[0m
    [2;3mat[0m rch/src/transfer.rs:1400 [2;3mon[0m ThreadId(1)

  [2m2026-06-08T14:32:46.916313Z[0m [32m INFO[0m [1;32mrch::transfer[0m[32m: [32mSync completed in 644ms[0m
    [2;3mat[0m rch/src/transfer.rs:1469 [2;3mon[0m ThreadId(1)

  [2m2026-06-08T14:32:46.916378Z[0m [32m INFO[0m [1;32mrch::transfer[0m[32m: [32mSyncing /data/projects/frankentorch/crates/ft-device -> /data/projects/frankentorch/crates/ft-device on vmi1167313[0m
    [2;3mat[0m rch/src/transfer.rs:1400 [2;3mon[0m ThreadId(1)

  [2m2026-06-08T14:32:47.609781Z[0m [32m INFO[0m [1;32mrch::transfer[0m[32m: [32mSync completed in 693ms[0m
    [2;3mat[0m rch/src/transfer.rs:1469 [2;3mon[0m ThreadId(1)

  [2m2026-06-08T14:32:47.609840Z[0m [32m INFO[0m [1;32mrch::transfer[0m[32m: [32mSyncing /data/projects/frankentorch/crates/ft-dispatch -> /data/projects/frankentorch/crates/ft-dispatch on vmi1167313[0m
    [2;3mat[0m rch/src/transfer.rs:1400 [2;3mon[0m ThreadId(1)

  [2m2026-06-08T14:32:48.066627Z[0m [32m INFO[0m [1;32mrch::transfer[0m[32m: [32mSync completed in 456ms[0m
    [2;3mat[0m rch/src/transfer.rs:1469 [2;3mon[0m ThreadId(1)

  [2m2026-06-08T14:32:48.066685Z[0m [32m INFO[0m [1;32mrch::transfer[0m[32m: [32mSyncing /data/projects/frankentorch/crates/ft-kernel-cpu -> /data/projects/frankentorch/crates/ft-kernel-cpu on vmi1167313[0m
    [2;3mat[0m rch/src/transfer.rs:1400 [2;3mon[0m ThreadId(1)

  [2m2026-06-08T14:32:48.530318Z[0m [32m INFO[0m [1;32mrch::transfer[0m[32m: [32mSync completed in 463ms[0m
    [2;3mat[0m rch/src/transfer.rs:1469 [2;3mon[0m ThreadId(1)

  [2m2026-06-08T14:32:48.530380Z[0m [32m INFO[0m [1;32mrch::transfer[0m[32m: [32mSyncing /data/projects/frankentorch/crates/ft-nn -> /data/projects/frankentorch/crates/ft-nn on vmi1167313[0m
    [2;3mat[0m rch/src/transfer.rs:1400 [2;3mon[0m ThreadId(1)

  [2m2026-06-08T14:32:48.984652Z[0m [32m INFO[0m [1;32mrch::transfer[0m[32m: [32mSync completed in 454ms[0m
    [2;3mat[0m rch/src/transfer.rs:1469 [2;3mon[0m ThreadId(1)

  [2m2026-06-08T14:32:48.984793Z[0m [32m INFO[0m [1;32mrch::transfer[0m[32m: [32mSyncing /data/projects/frankentorch/crates/ft-optim -> /data/projects/frankentorch/crates/ft-optim on vmi1167313[0m
    [2;3mat[0m rch/src/transfer.rs:1400 [2;3mon[0m ThreadId(1)

  [2m2026-06-08T14:32:49.444043Z[0m [32m INFO[0m [1;32mrch::transfer[0m[32m: [32mSync completed in 459ms[0m
    [2;3mat[0m rch/src/transfer.rs:1469 [2;3mon[0m ThreadId(1)

  [2m2026-06-08T14:32:49.444127Z[0m [32m INFO[0m [1;32mrch::transfer[0m[32m: [32mSyncing /data/projects/frankentorch/crates/ft-runtime -> /data/projects/frankentorch/crates/ft-runtime on vmi1167313[0m
    [2;3mat[0m rch/src/transfer.rs:1400 [2;3mon[0m ThreadId(1)

  [2m2026-06-08T14:32:49.934414Z[0m [32m INFO[0m [1;32mrch::transfer[0m[32m: [32mSync completed in 490ms[0m
    [2;3mat[0m rch/src/transfer.rs:1469 [2;3mon[0m ThreadId(1)

  [2m2026-06-08T14:32:49.934487Z[0m [32m INFO[0m [1;32mrch::transfer[0m[32m: [32mSyncing /data/projects/frankentorch/crates/ft-serialize -> /data/projects/frankentorch/crates/ft-serialize on vmi1167313[0m
    [2;3mat[0m rch/src/transfer.rs:1400 [2;3mon[0m ThreadId(1)

  [2m2026-06-08T14:32:50.392776Z[0m [32m INFO[0m [1;32mrch::transfer[0m[32m: [32mSync completed in 458ms[0m
    [2;3mat[0m rch/src/transfer.rs:1469 [2;3mon[0m ThreadId(1)

  [2m2026-06-08T14:32:50.392815Z[0m [32m INFO[0m [1;32mrch::hook[0m[32m: [32mSync complete: 51011 files, 1814118 bytes in 8202ms[0m
    [2;3mat[0m rch/src/hook.rs:6209 [2;3mon[0m ThreadId(1)

  [2m2026-06-08T14:32:51.722963Z[0m [32m INFO[0m [1;32mrch::hook[0m[32m: [32mExecuting command remotely: cargo bench -p ft-kernel-cpu --bench gemm_bench -- matmul_f64_512x512x512 --warm-up-time 1 --measurement-time 3 --sample-size 12 --noplot[0m
    [2;3mat[0m rch/src/hook.rs:6257 [2;3mon[0m ThreadId(1)

  [2m2026-06-08T14:32:51.723019Z[0m [32m INFO[0m [1;32mrch::transfer[0m[32m: [32mRewriting CARGO_TARGET_DIR for remote execution (worker-scoped path): /data/tmp/frankentorch-qb1g2-target -> /data/projects/frankentorch/.rch-target-vmi1167313-job-29878602124231359-1780929162184637938-0[0m
    [2;3mat[0m rch/src/transfer.rs:712 [2;3mon[0m ThreadId(1)

    Updating crates.io index
 Downloading crates ...
  Downloaded autocfg v1.5.0
  Downloaded anes v0.1.6
  Downloaded proc-macro2 v1.0.106
  Downloaded zmij v1.0.21
  Downloaded unarray v0.1.4
  Downloaded console v0.16.3
  Downloaded tempfile v3.27.0
  Downloaded num-traits v0.2.19
  Downloaded quick-error v1.2.3
  Downloaded rawpointer v0.2.1
  Downloaded clap_lex v1.1.0
  Downloaded walkdir v2.5.0
  Downloaded wait-timeout v0.2.1
  Downloaded tinytemplate v1.2.1
  Downloaded crossbeam-utils v0.8.21
  Downloaded fastrand v2.4.1
  Downloaded bytemuck_derive v1.10.2
  Downloaded rand_xorshift v0.4.0
  Downloaded rand_chacha v0.9.0
  Downloaded rand_core v0.9.5
  Downloaded unicode-ident v1.0.24
  Downloaded quote v1.0.45
  Downloaded insta v1.47.2
  Downloaded serde_derive v1.0.228
  Downloaded rayon-core v1.13.0
  Downloaded serde v1.0.228
  Downloaded zerocopy-derive v0.8.48
  Downloaded rand v0.9.4
  Downloaded itertools v0.10.5
  Downloaded serde_json v1.0.149
  Downloaded rayon v1.12.0
  Downloaded clap_builder v4.6.0
  Downloaded libm v0.2.16
  Downloaded proptest v1.11.0
  Downloaded plotters v0.3.7
  Downloaded memchr v2.8.0
  Downloaded wide v0.7.33
  Downloaded syn v2.0.117
  Downloaded zerocopy v0.8.48
  Downloaded safe_arch v0.7.4
  Downloaded regex v1.12.3
  Downloaded rustix v1.1.4
  Downloaded regex-syntax v0.8.10
  Downloaded serde_core v1.0.228
  Downloaded clap v4.6.1
  Downloaded getrandom v0.3.4
  Downloaded criterion v0.5.1
  Downloaded bytemuck v1.25.0
  Downloaded crossbeam-epoch v0.9.18
  Downloaded once_cell v1.21.4
  Downloaded cfg-if v1.0.4
  Downloaded rusty-fork v0.3.1
  Downloaded oorandom v11.1.5
  Downloaded either v1.15.0
  Downloaded crossbeam-deque v0.8.6
  Downloaded regex-automata v0.4.14
  Downloaded plotters-backend v0.3.7
  Downloaded is-terminal v0.4.17
  Downloaded criterion-plot v0.5.0
  Downloaded bitflags v2.11.1
  Downloaded same-file v1.0.6
  Downloaded ppv-lite86 v0.2.21
  Downloaded num-complex v0.4.6
  Downloaded fnv v1.0.7
  Downloaded ciborium-io v0.2.2
  Downloaded libc v0.2.185
  Downloaded bit-set v0.8.0
  Downloaded plotters-svg v0.3.7
  Downloaded matrixmultiply v0.3.10
  Downloaded half v2.7.1
  Downloaded bit-vec v0.8.0
  Downloaded itoa v1.0.18
  Downloaded ciborium-ll v0.2.2
  Downloaded similar v2.7.0
  Downloaded errno v0.3.14
  Downloaded anstyle v1.0.14
  Downloaded ciborium v0.2.2
  Downloaded cast v0.3.0
  Downloaded aho-corasick v1.1.4
  Downloaded linux-raw-sys v0.12.1
   Compiling proc-macro2 v1.0.106
   Compiling unicode-ident v1.0.24
   Compiling quote v1.0.45
   Compiling libc v0.2.185
   Compiling cfg-if v1.0.4
   Compiling autocfg v1.5.0
   Compiling zerocopy v0.8.48
   Compiling getrandom v0.3.4
   Compiling crossbeam-utils v0.8.21
   Compiling serde_core v1.0.228
   Compiling num-traits v0.2.19
   Compiling rustix v1.1.4
   Compiling syn v2.0.117
   Compiling crossbeam-epoch v0.9.18
   Compiling either v1.15.0
   Compiling rayon-core v1.13.0
   Compiling linux-raw-sys v0.12.1
   Compiling zmij v1.0.21
   Compiling once_cell v1.21.4
   Compiling serde v1.0.228
   Compiling bitflags v2.11.1
   Compiling rand_core v0.9.5
   Compiling crossbeam-deque v0.8.6
   Compiling serde_json v1.0.149
   Compiling regex-syntax v0.8.10
   Compiling fastrand v2.4.1
   Compiling matrixmultiply v0.3.10
   Compiling ciborium-io v0.2.2
   Compiling clap_lex v1.1.0
   Compiling libm v0.2.16
   Compiling tempfile v3.27.0
   Compiling anstyle v1.0.14
   Compiling memchr v2.8.0
   Compiling plotters-backend v0.3.7
   Compiling itoa v1.0.18
   Compiling plotters-svg v0.3.7
   Compiling zerocopy-derive v0.8.48
   Compiling bytemuck_derive v1.10.2
   Compiling serde_derive v1.0.228
   Compiling regex-automata v0.4.14
   Compiling bytemuck v1.25.0
   Compiling safe_arch v0.7.4
   Compiling clap_builder v4.6.0
   Compiling rayon v1.12.0
   Compiling itertools v0.10.5
   Compiling half v2.7.1
   Compiling ppv-lite86 v0.2.21
   Compiling ciborium-ll v0.2.2
   Compiling num-complex v0.4.6
   Compiling wait-timeout v0.2.1
   Compiling cast v0.3.0
   Compiling same-file v1.0.6
   Compiling quick-error v1.2.3
   Compiling rawpointer v0.2.1
   Compiling fnv v1.0.7
   Compiling bit-vec v0.8.0
   Compiling rusty-fork v0.3.1
   Compiling bit-set v0.8.0
   Compiling walkdir v2.5.0
   Compiling criterion-plot v0.5.0
   Compiling ft-core v0.1.0 (/data/projects/frankentorch/crates/ft-core)
   Compiling ciborium v0.2.2
   Compiling rand_chacha v0.9.0
   Compiling clap v4.6.1
   Compiling tinytemplate v1.2.1
   Compiling regex v1.12.3
   Compiling wide v0.7.33
   Compiling plotters v0.3.7
   Compiling rand v0.9.4
   Compiling rand_xorshift v0.4.0
   Compiling console v0.16.3
