  [2m2026-06-08T14:07:18.336633Z[0m [32m INFO[0m [1;32mrch::hook[0m[32m: [32mSelected worker: vmi1167313 at ubuntu@154.12.232.219 (0 slots remaining after reservation, speed 50.0)[0m
    [2;3mat[0m rch/src/hook.rs:514 [2;3mon[0m ThreadId(1)

  [2m2026-06-08T14:07:18.638217Z[0m [32m INFO[0m [1;32mrch::hook[0m[32m: [32mStarting remote compilation pipeline for frankentorch (hash: 78ab156102a58c4c)[0m
    [2;3mat[0m rch/src/hook.rs:5994 [2;3mon[0m ThreadId(1)

  [2m2026-06-08T14:07:18.638265Z[0m [32m INFO[0m [1;32mrch::hook[0m[32m: [32mPrepared dependency sync manifest for 13 roots[0m
    [2;3mat[0m rch/src/hook.rs:6016 [2;3mon[0m ThreadId(1)

  [2m2026-06-08T14:07:19.463183Z[0m [32m INFO[0m [1;32mrch::hook[0m[32m: [32mSyncing project to worker vmi1167313...[0m
    [2;3mat[0m rch/src/hook.rs:6046 [2;3mon[0m ThreadId(1)

  [2m2026-06-08T14:07:19.463229Z[0m [32m INFO[0m [1;32mrch::transfer[0m[32m: [32mSyncing /data/projects/frankentorch -> /data/projects/frankentorch on vmi1167313[0m
    [2;3mat[0m rch/src/transfer.rs:1400 [2;3mon[0m ThreadId(1)

  [2m2026-06-08T14:07:23.829773Z[0m [32m INFO[0m [1;32mrch::transfer[0m[32m: [32mSync completed in 4366ms[0m
    [2;3mat[0m rch/src/transfer.rs:1469 [2;3mon[0m ThreadId(1)

  [2m2026-06-08T14:07:23.829831Z[0m [32m INFO[0m [1;32mrch::transfer[0m[32m: [32mSyncing /data/projects/frankentorch/crates/ft-api -> /data/projects/frankentorch/crates/ft-api on vmi1167313[0m
    [2;3mat[0m rch/src/transfer.rs:1400 [2;3mon[0m ThreadId(1)

  [2m2026-06-08T14:07:24.494884Z[0m [32m INFO[0m [1;32mrch::transfer[0m[32m: [32mSync completed in 665ms[0m
    [2;3mat[0m rch/src/transfer.rs:1469 [2;3mon[0m ThreadId(1)

  [2m2026-06-08T14:07:24.494949Z[0m [32m INFO[0m [1;32mrch::transfer[0m[32m: [32mSyncing /data/projects/frankentorch/crates/ft-autograd -> /data/projects/frankentorch/crates/ft-autograd on vmi1167313[0m
    [2;3mat[0m rch/src/transfer.rs:1400 [2;3mon[0m ThreadId(1)

  [2m2026-06-08T14:07:24.986878Z[0m [32m INFO[0m [1;32mrch::transfer[0m[32m: [32mSync completed in 491ms[0m
    [2;3mat[0m rch/src/transfer.rs:1469 [2;3mon[0m ThreadId(1)

  [2m2026-06-08T14:07:24.986945Z[0m [32m INFO[0m [1;32mrch::transfer[0m[32m: [32mSyncing /data/projects/frankentorch/crates/ft-conformance -> /data/projects/frankentorch/crates/ft-conformance on vmi1167313[0m
    [2;3mat[0m rch/src/transfer.rs:1400 [2;3mon[0m ThreadId(1)

  [2m2026-06-08T14:07:25.530627Z[0m [32m INFO[0m [1;32mrch::transfer[0m[32m: [32mSync completed in 543ms[0m
    [2;3mat[0m rch/src/transfer.rs:1469 [2;3mon[0m ThreadId(1)

  [2m2026-06-08T14:07:25.530702Z[0m [32m INFO[0m [1;32mrch::transfer[0m[32m: [32mSyncing /data/projects/frankentorch/crates/ft-core -> /data/projects/frankentorch/crates/ft-core on vmi1167313[0m
    [2;3mat[0m rch/src/transfer.rs:1400 [2;3mon[0m ThreadId(1)

  [2m2026-06-08T14:07:26.147792Z[0m [32m INFO[0m [1;32mrch::transfer[0m[32m: [32mSync completed in 617ms[0m
    [2;3mat[0m rch/src/transfer.rs:1469 [2;3mon[0m ThreadId(1)

  [2m2026-06-08T14:07:26.147859Z[0m [32m INFO[0m [1;32mrch::transfer[0m[32m: [32mSyncing /data/projects/frankentorch/crates/ft-data -> /data/projects/frankentorch/crates/ft-data on vmi1167313[0m
    [2;3mat[0m rch/src/transfer.rs:1400 [2;3mon[0m ThreadId(1)

  [2m2026-06-08T14:07:26.701594Z[0m [32m INFO[0m [1;32mrch::transfer[0m[32m: [32mSync completed in 553ms[0m
    [2;3mat[0m rch/src/transfer.rs:1469 [2;3mon[0m ThreadId(1)

  [2m2026-06-08T14:07:26.701648Z[0m [32m INFO[0m [1;32mrch::transfer[0m[32m: [32mSyncing /data/projects/frankentorch/crates/ft-device -> /data/projects/frankentorch/crates/ft-device on vmi1167313[0m
    [2;3mat[0m rch/src/transfer.rs:1400 [2;3mon[0m ThreadId(1)

  [2m2026-06-08T14:07:27.271453Z[0m [32m INFO[0m [1;32mrch::transfer[0m[32m: [32mSync completed in 569ms[0m
    [2;3mat[0m rch/src/transfer.rs:1469 [2;3mon[0m ThreadId(1)

  [2m2026-06-08T14:07:27.271530Z[0m [32m INFO[0m [1;32mrch::transfer[0m[32m: [32mSyncing /data/projects/frankentorch/crates/ft-dispatch -> /data/projects/frankentorch/crates/ft-dispatch on vmi1167313[0m
    [2;3mat[0m rch/src/transfer.rs:1400 [2;3mon[0m ThreadId(1)

  [2m2026-06-08T14:07:27.813725Z[0m [32m INFO[0m [1;32mrch::transfer[0m[32m: [32mSync completed in 542ms[0m
    [2;3mat[0m rch/src/transfer.rs:1469 [2;3mon[0m ThreadId(1)

  [2m2026-06-08T14:07:27.813798Z[0m [32m INFO[0m [1;32mrch::transfer[0m[32m: [32mSyncing /data/projects/frankentorch/crates/ft-kernel-cpu -> /data/projects/frankentorch/crates/ft-kernel-cpu on vmi1167313[0m
    [2;3mat[0m rch/src/transfer.rs:1400 [2;3mon[0m ThreadId(1)

  [2m2026-06-08T14:07:28.884707Z[0m [32m INFO[0m [1;32mrch::transfer[0m[32m: [32mSync completed in 1070ms[0m
    [2;3mat[0m rch/src/transfer.rs:1469 [2;3mon[0m ThreadId(1)

  [2m2026-06-08T14:07:28.884802Z[0m [32m INFO[0m [1;32mrch::transfer[0m[32m: [32mSyncing /data/projects/frankentorch/crates/ft-nn -> /data/projects/frankentorch/crates/ft-nn on vmi1167313[0m
    [2;3mat[0m rch/src/transfer.rs:1400 [2;3mon[0m ThreadId(1)

  [2m2026-06-08T14:07:29.362988Z[0m [32m INFO[0m [1;32mrch::transfer[0m[32m: [32mSync completed in 478ms[0m
    [2;3mat[0m rch/src/transfer.rs:1469 [2;3mon[0m ThreadId(1)

  [2m2026-06-08T14:07:29.363071Z[0m [32m INFO[0m [1;32mrch::transfer[0m[32m: [32mSyncing /data/projects/frankentorch/crates/ft-optim -> /data/projects/frankentorch/crates/ft-optim on vmi1167313[0m
    [2;3mat[0m rch/src/transfer.rs:1400 [2;3mon[0m ThreadId(1)

  [2m2026-06-08T14:07:29.916076Z[0m [32m INFO[0m [1;32mrch::transfer[0m[32m: [32mSync completed in 552ms[0m
    [2;3mat[0m rch/src/transfer.rs:1469 [2;3mon[0m ThreadId(1)

  [2m2026-06-08T14:07:29.916148Z[0m [32m INFO[0m [1;32mrch::transfer[0m[32m: [32mSyncing /data/projects/frankentorch/crates/ft-runtime -> /data/projects/frankentorch/crates/ft-runtime on vmi1167313[0m
    [2;3mat[0m rch/src/transfer.rs:1400 [2;3mon[0m ThreadId(1)

  [2m2026-06-08T14:07:30.379964Z[0m [32m INFO[0m [1;32mrch::transfer[0m[32m: [32mSync completed in 463ms[0m
    [2;3mat[0m rch/src/transfer.rs:1469 [2;3mon[0m ThreadId(1)

  [2m2026-06-08T14:07:30.380055Z[0m [32m INFO[0m [1;32mrch::transfer[0m[32m: [32mSyncing /data/projects/frankentorch/crates/ft-serialize -> /data/projects/frankentorch/crates/ft-serialize on vmi1167313[0m
    [2;3mat[0m rch/src/transfer.rs:1400 [2;3mon[0m ThreadId(1)

  [2m2026-06-08T14:07:30.876935Z[0m [32m INFO[0m [1;32mrch::transfer[0m[32m: [32mSync completed in 496ms[0m
    [2;3mat[0m rch/src/transfer.rs:1469 [2;3mon[0m ThreadId(1)

  [2m2026-06-08T14:07:30.876972Z[0m [32m INFO[0m [1;32mrch::hook[0m[32m: [32mSync complete: 51003 files, 1836791 bytes in 11405ms[0m
    [2;3mat[0m rch/src/hook.rs:6209 [2;3mon[0m ThreadId(1)

  [2m2026-06-08T14:07:32.222197Z[0m [32m INFO[0m [1;32mrch::hook[0m[32m: [32mExecuting command remotely: cargo bench -p ft-kernel-cpu --bench gemm_bench -- matmul_f64_512x512x512 --warm-up-time 1 --measurement-time 3 --sample-size 12 --noplot[0m
    [2;3mat[0m rch/src/hook.rs:6257 [2;3mon[0m ThreadId(1)

  [2m2026-06-08T14:07:32.222246Z[0m [32m INFO[0m [1;32mrch::transfer[0m[32m: [32mRewriting CARGO_TARGET_DIR for remote execution (worker-scoped path): /data/tmp/frankentorch-qb1g2-target -> /data/projects/frankentorch/.rch-target-vmi1167313-job-29878602124231292-1780927639463175956-0[0m
    [2;3mat[0m rch/src/transfer.rs:712 [2;3mon[0m ThreadId(1)

    Updating crates.io index
 Downloading crates ...
  Downloaded ciborium-ll v0.2.2
  Downloaded ciborium-io v0.2.2
  Downloaded cfg-if v1.0.4
  Downloaded num-complex v0.4.6
  Downloaded plotters-svg v0.3.7
  Downloaded anstyle v1.0.14
  Downloaded bytemuck v1.25.0
  Downloaded quote v1.0.45
  Downloaded clap_lex v1.1.0
  Downloaded wait-timeout v0.2.1
  Downloaded errno v0.3.14
  Downloaded unarray v0.1.4
  Downloaded rand_xorshift v0.4.0
  Downloaded num-traits v0.2.19
  Downloaded rusty-fork v0.3.1
  Downloaded rand_core v0.9.5
  Downloaded tinytemplate v1.2.1
  Downloaded zmij v1.0.21
  Downloaded unicode-ident v1.0.24
  Downloaded tempfile v3.27.0
  Downloaded serde_core v1.0.228
  Downloaded zerocopy-derive v0.8.48
  Downloaded serde v1.0.228
  Downloaded wide v0.7.33
  Downloaded criterion v0.5.1
  Downloaded serde_json v1.0.149
  Downloaded regex v1.12.3
  Downloaded clap_builder v4.6.0
  Downloaded rayon v1.12.0
  Downloaded proptest v1.11.0
  Downloaded plotters v0.3.7
  Downloaded libm v0.2.16
  Downloaded itertools v0.10.5
  Downloaded insta v1.47.2
  Downloaded zerocopy v0.8.48
  Downloaded syn v2.0.117
  Downloaded regex-syntax v0.8.10
  Downloaded similar v2.7.0
  Downloaded rayon-core v1.13.0
  Downloaded rustix v1.1.4
  Downloaded proc-macro2 v1.0.106
  Downloaded memchr v2.8.0
  Downloaded safe_arch v0.7.4
  Downloaded half v2.7.1
  Downloaded serde_derive v1.0.228
  Downloaded rand_chacha v0.9.0
  Downloaded fastrand v2.4.1
  Downloaded rand v0.9.4
  Downloaded once_cell v1.21.4
  Downloaded matrixmultiply v0.3.10
  Downloaded crossbeam-utils v0.8.21
  Downloaded regex-automata v0.4.14
  Downloaded ciborium v0.2.2
  Downloaded walkdir v2.5.0
  Downloaded crossbeam-deque v0.8.6
  Downloaded console v0.16.3
  Downloaded ppv-lite86 v0.2.21
  Downloaded either v1.15.0
  Downloaded criterion-plot v0.5.0
  Downloaded oorandom v11.1.5
  Downloaded crossbeam-epoch v0.9.18
  Downloaded libc v0.2.185
  Downloaded bit-vec v0.8.0
  Downloaded itoa v1.0.18
  Downloaded fnv v1.0.7
  Downloaded getrandom v0.3.4
  Downloaded bitflags v2.11.1
  Downloaded same-file v1.0.6
  Downloaded rawpointer v0.2.1
  Downloaded bit-set v0.8.0
  Downloaded quick-error v1.2.3
  Downloaded plotters-backend v0.3.7
  Downloaded is-terminal v0.4.17
  Downloaded clap v4.6.1
  Downloaded bytemuck_derive v1.10.2
  Downloaded autocfg v1.5.0
  Downloaded anes v0.1.6
  Downloaded aho-corasick v1.1.4
  Downloaded cast v0.3.0
  Downloaded linux-raw-sys v0.12.1
   Compiling proc-macro2 v1.0.106
   Compiling unicode-ident v1.0.24
   Compiling quote v1.0.45
   Compiling libc v0.2.185
   Compiling cfg-if v1.0.4
   Compiling autocfg v1.5.0
   Compiling zerocopy v0.8.48
   Compiling getrandom v0.3.4
   Compiling crossbeam-utils v0.8.21
   Compiling serde_core v1.0.228
   Compiling num-traits v0.2.19
   Compiling rustix v1.1.4
   Compiling syn v2.0.117
   Compiling linux-raw-sys v0.12.1
   Compiling crossbeam-epoch v0.9.18
   Compiling zmij v1.0.21
   Compiling rayon-core v1.13.0
   Compiling serde v1.0.228
   Compiling once_cell v1.21.4
   Compiling either v1.15.0
   Compiling bitflags v2.11.1
   Compiling crossbeam-deque v0.8.6
   Compiling rand_core v0.9.5
   Compiling serde_json v1.0.149
   Compiling regex-syntax v0.8.10
   Compiling fastrand v2.4.1
   Compiling matrixmultiply v0.3.10
   Compiling itoa v1.0.18
   Compiling libm v0.2.16
   Compiling clap_lex v1.1.0
   Compiling anstyle v1.0.14
   Compiling memchr v2.8.0
   Compiling ciborium-io v0.2.2
   Compiling tempfile v3.27.0
   Compiling plotters-backend v0.3.7
   Compiling plotters-svg v0.3.7
   Compiling regex-automata v0.4.14
   Compiling zerocopy-derive v0.8.48
   Compiling bytemuck_derive v1.10.2
   Compiling serde_derive v1.0.228
   Compiling bytemuck v1.25.0
   Compiling safe_arch v0.7.4
   Compiling clap_builder v4.6.0
   Compiling rayon v1.12.0
   Compiling itertools v0.10.5
   Compiling half v2.7.1
   Compiling ciborium-ll v0.2.2
   Compiling ppv-lite86 v0.2.21
   Compiling num-complex v0.4.6
   Compiling wait-timeout v0.2.1
   Compiling cast v0.3.0
   Compiling fnv v1.0.7
   Compiling same-file v1.0.6
   Compiling bit-vec v0.8.0
   Compiling quick-error v1.2.3
   Compiling rawpointer v0.2.1
   Compiling rusty-fork v0.3.1
   Compiling bit-set v0.8.0
   Compiling walkdir v2.5.0
   Compiling ft-core v0.1.0 (/data/projects/frankentorch/crates/ft-core)
   Compiling criterion-plot v0.5.0
   Compiling rand_chacha v0.9.0
   Compiling ciborium v0.2.2
   Compiling tinytemplate v1.2.1
   Compiling clap v4.6.1
   Compiling wide v0.7.33
   Compiling regex v1.12.3
   Compiling plotters v0.3.7
   Compiling rand_xorshift v0.4.0
   Compiling rand v0.9.4
   Compiling is-terminal v0.4.17
   Compiling console v0.16.3
   Compiling similar v2.7.0
   Compiling unarray v0.1.4
   Compiling anes v0.1.6
   Compiling oorandom v11.1.5
   Compiling criterion v0.5.1
   Compiling proptest v1.11.0
   Compiling insta v1.47.2
   Compiling ft-kernel-cpu v0.1.0 (/data/projects/frankentorch/crates/ft-kernel-cpu)
    Finished `bench` profile [optimized + debuginfo] target(s) in 1m 33s
     Running benches/gemm_bench.rs (.rch-target-vmi1167313-job-29878602124231292-1780927639463175956-0/release/deps/gemm_bench-2860152a1939296e)
Gnuplot not found, using plotters backend
Benchmarking matmul_f64_512x512x512
Benchmarking matmul_f64_512x512x512: Warming up for 1.0000 s
Benchmarking matmul_f64_512x512x512: Collecting 12 samples in estimated 3.2910 s (390 iterations)
Benchmarking matmul_f64_512x512x512: Analyzing
matmul_f64_512x512x512  time:   [7.6685 ms 8.3931 ms 9.3803 ms]

  [2m2026-06-08T14:09:11.192969Z[0m [32m INFO[0m [1;32mrch::hook[0m[32m: [32mRemote command finished: exit=0 in 98970ms[0m
    [2;3mat[0m rch/src/hook.rs:6381 [2;3mon[0m ThreadId(1)

  [2m2026-06-08T14:09:11.193342Z[0m [32m INFO[0m [1;32mrch::hook[0m[32m: [32mRetrieving build artifacts...[0m
    [2;3mat[0m rch/src/hook.rs:6430 [2;3mon[0m ThreadId(1)

  [2m2026-06-08T14:09:11.193365Z[0m [32m INFO[0m [1;32mrch::transfer[0m[32m: [32mRetrieving artifacts from /data/projects/frankentorch on vmi1167313[0m
    [2;3mat[0m rch/src/transfer.rs:2072 [2;3mon[0m ThreadId(1)

  [2m2026-06-08T14:09:11.657150Z[0m [32m INFO[0m [1;32mrch::transfer[0m[32m: [32mArtifacts retrieved in 463ms (1 files, 3319 bytes)[0m
    [2;3mat[0m rch/src/transfer.rs:2111 [2;3mon[0m ThreadId(1)

  [2m2026-06-08T14:09:11.657171Z[0m [32m INFO[0m [1;32mrch::hook[0m[32m: [32mArtifacts retrieved: 1 files, 3319 bytes in 463ms[0m
    [2;3mat[0m rch/src/hook.rs:6463 [2;3mon[0m ThreadId(1)

  [2m2026-06-08T14:09:11.657243Z[0m [32m INFO[0m [1;32mrch::transfer[0m[32m: [32mRetrieving artifacts from /data/projects/frankentorch/.rch-target-vmi1167313-job-29878602124231292-1780927639463175956-0 on vmi1167313[0m
    [2;3mat[0m rch/src/transfer.rs:2072 [2;3mon[0m ThreadId(1)

  [2m2026-06-08T14:09:12.154789Z[0m [32m INFO[0m [1;32mrch::transfer[0m[32m: [32mArtifacts retrieved in 497ms (176 files, 489 bytes)[0m
    [2;3mat[0m rch/src/transfer.rs:2111 [2;3mon[0m ThreadId(1)

  [2m2026-06-08T14:09:12.154816Z[0m [32m INFO[0m [1;32mrch::hook[0m[32m: [32mCustom CARGO_TARGET_DIR artifacts retrieved: 176 files, 489 bytes in 497ms[0m
    [2;3mat[0m rch/src/hook.rs:6587 [2;3mon[0m ThreadId(1)

[RCH] remote vmi1167313 (113.8s)
