  [2m2026-06-08T14:09:28.482253Z[0m [32m INFO[0m [1;32mrch::hook[0m[32m: [32mSelected worker: ts2 at ubuntu@192.168.1.124 (2 slots remaining after reservation, speed 50.0)[0m
    [2;3mat[0m rch/src/hook.rs:514 [2;3mon[0m ThreadId(1)

  [2m2026-06-08T14:09:28.775847Z[0m [32m INFO[0m [1;32mrch::hook[0m[32m: [32mStarting remote compilation pipeline for frankentorch (hash: 78ab156102a58c4c)[0m
    [2;3mat[0m rch/src/hook.rs:5994 [2;3mon[0m ThreadId(1)

  [2m2026-06-08T14:09:28.775888Z[0m [32m INFO[0m [1;32mrch::hook[0m[32m: [32mPrepared dependency sync manifest for 13 roots[0m
    [2;3mat[0m rch/src/hook.rs:6016 [2;3mon[0m ThreadId(1)

  [2m2026-06-08T14:09:29.471757Z[0m [32m INFO[0m [1;32mrch::hook[0m[32m: [32mSyncing project to worker ts2...[0m
    [2;3mat[0m rch/src/hook.rs:6046 [2;3mon[0m ThreadId(1)

  [2m2026-06-08T14:09:29.471800Z[0m [32m INFO[0m [1;32mrch::transfer[0m[32m: [32mSyncing /data/projects/frankentorch -> /data/projects/frankentorch on ts2[0m
    [2;3mat[0m rch/src/transfer.rs:1400 [2;3mon[0m ThreadId(1)

  [2m2026-06-08T14:10:05.971132Z[0m [32m INFO[0m [1;32mrch::transfer[0m[32m: [32mSync completed in 36499ms[0m
    [2;3mat[0m rch/src/transfer.rs:1469 [2;3mon[0m ThreadId(1)

  [2m2026-06-08T14:10:05.971193Z[0m [32m INFO[0m [1;32mrch::transfer[0m[32m: [32mSyncing /data/projects/frankentorch/crates/ft-api -> /data/projects/frankentorch/crates/ft-api on ts2[0m
    [2;3mat[0m rch/src/transfer.rs:1400 [2;3mon[0m ThreadId(1)

  [2m2026-06-08T14:10:08.914850Z[0m [32m INFO[0m [1;32mrch::transfer[0m[32m: [32mSync completed in 2943ms[0m
    [2;3mat[0m rch/src/transfer.rs:1469 [2;3mon[0m ThreadId(1)

  [2m2026-06-08T14:10:08.914930Z[0m [32m INFO[0m [1;32mrch::transfer[0m[32m: [32mSyncing /data/projects/frankentorch/crates/ft-autograd -> /data/projects/frankentorch/crates/ft-autograd on ts2[0m
    [2;3mat[0m rch/src/transfer.rs:1400 [2;3mon[0m ThreadId(1)

  [2m2026-06-08T14:10:09.280026Z[0m [32m INFO[0m [1;32mrch::transfer[0m[32m: [32mSync completed in 365ms[0m
    [2;3mat[0m rch/src/transfer.rs:1469 [2;3mon[0m ThreadId(1)

  [2m2026-06-08T14:10:09.280098Z[0m [32m INFO[0m [1;32mrch::transfer[0m[32m: [32mSyncing /data/projects/frankentorch/crates/ft-conformance -> /data/projects/frankentorch/crates/ft-conformance on ts2[0m
    [2;3mat[0m rch/src/transfer.rs:1400 [2;3mon[0m ThreadId(1)

  [2m2026-06-08T14:10:09.644834Z[0m [32m INFO[0m [1;32mrch::transfer[0m[32m: [32mSync completed in 364ms[0m
    [2;3mat[0m rch/src/transfer.rs:1469 [2;3mon[0m ThreadId(1)

  [2m2026-06-08T14:10:09.644894Z[0m [32m INFO[0m [1;32mrch::transfer[0m[32m: [32mSyncing /data/projects/frankentorch/crates/ft-core -> /data/projects/frankentorch/crates/ft-core on ts2[0m
    [2;3mat[0m rch/src/transfer.rs:1400 [2;3mon[0m ThreadId(1)

  [2m2026-06-08T14:10:10.001424Z[0m [32m INFO[0m [1;32mrch::transfer[0m[32m: [32mSync completed in 356ms[0m
    [2;3mat[0m rch/src/transfer.rs:1469 [2;3mon[0m ThreadId(1)

  [2m2026-06-08T14:10:10.001509Z[0m [32m INFO[0m [1;32mrch::transfer[0m[32m: [32mSyncing /data/projects/frankentorch/crates/ft-data -> /data/projects/frankentorch/crates/ft-data on ts2[0m
    [2;3mat[0m rch/src/transfer.rs:1400 [2;3mon[0m ThreadId(1)

  [2m2026-06-08T14:10:10.349436Z[0m [32m INFO[0m [1;32mrch::transfer[0m[32m: [32mSync completed in 347ms[0m
    [2;3mat[0m rch/src/transfer.rs:1469 [2;3mon[0m ThreadId(1)

  [2m2026-06-08T14:10:10.349498Z[0m [32m INFO[0m [1;32mrch::transfer[0m[32m: [32mSyncing /data/projects/frankentorch/crates/ft-device -> /data/projects/frankentorch/crates/ft-device on ts2[0m
    [2;3mat[0m rch/src/transfer.rs:1400 [2;3mon[0m ThreadId(1)

  [2m2026-06-08T14:10:10.731296Z[0m [32m INFO[0m [1;32mrch::transfer[0m[32m: [32mSync completed in 381ms[0m
    [2;3mat[0m rch/src/transfer.rs:1469 [2;3mon[0m ThreadId(1)

  [2m2026-06-08T14:10:10.731373Z[0m [32m INFO[0m [1;32mrch::transfer[0m[32m: [32mSyncing /data/projects/frankentorch/crates/ft-dispatch -> /data/projects/frankentorch/crates/ft-dispatch on ts2[0m
    [2;3mat[0m rch/src/transfer.rs:1400 [2;3mon[0m ThreadId(1)

  [2m2026-06-08T14:10:11.109279Z[0m [32m INFO[0m [1;32mrch::transfer[0m[32m: [32mSync completed in 377ms[0m
    [2;3mat[0m rch/src/transfer.rs:1469 [2;3mon[0m ThreadId(1)

  [2m2026-06-08T14:10:11.109346Z[0m [32m INFO[0m [1;32mrch::transfer[0m[32m: [32mSyncing /data/projects/frankentorch/crates/ft-kernel-cpu -> /data/projects/frankentorch/crates/ft-kernel-cpu on ts2[0m
    [2;3mat[0m rch/src/transfer.rs:1400 [2;3mon[0m ThreadId(1)

  [2m2026-06-08T14:10:11.481960Z[0m [32m INFO[0m [1;32mrch::transfer[0m[32m: [32mSync completed in 372ms[0m
    [2;3mat[0m rch/src/transfer.rs:1469 [2;3mon[0m ThreadId(1)

  [2m2026-06-08T14:10:11.482029Z[0m [32m INFO[0m [1;32mrch::transfer[0m[32m: [32mSyncing /data/projects/frankentorch/crates/ft-nn -> /data/projects/frankentorch/crates/ft-nn on ts2[0m
    [2;3mat[0m rch/src/transfer.rs:1400 [2;3mon[0m ThreadId(1)

  [2m2026-06-08T14:10:11.856104Z[0m [32m INFO[0m [1;32mrch::transfer[0m[32m: [32mSync completed in 374ms[0m
    [2;3mat[0m rch/src/transfer.rs:1469 [2;3mon[0m ThreadId(1)

  [2m2026-06-08T14:10:11.856179Z[0m [32m INFO[0m [1;32mrch::transfer[0m[32m: [32mSyncing /data/projects/frankentorch/crates/ft-optim -> /data/projects/frankentorch/crates/ft-optim on ts2[0m
    [2;3mat[0m rch/src/transfer.rs:1400 [2;3mon[0m ThreadId(1)

  [2m2026-06-08T14:10:12.225439Z[0m [32m INFO[0m [1;32mrch::transfer[0m[32m: [32mSync completed in 369ms[0m
    [2;3mat[0m rch/src/transfer.rs:1469 [2;3mon[0m ThreadId(1)

  [2m2026-06-08T14:10:12.225511Z[0m [32m INFO[0m [1;32mrch::transfer[0m[32m: [32mSyncing /data/projects/frankentorch/crates/ft-runtime -> /data/projects/frankentorch/crates/ft-runtime on ts2[0m
    [2;3mat[0m rch/src/transfer.rs:1400 [2;3mon[0m ThreadId(1)

  [2m2026-06-08T14:10:12.617143Z[0m [32m INFO[0m [1;32mrch::transfer[0m[32m: [32mSync completed in 391ms[0m
    [2;3mat[0m rch/src/transfer.rs:1469 [2;3mon[0m ThreadId(1)

  [2m2026-06-08T14:10:12.617200Z[0m [32m INFO[0m [1;32mrch::transfer[0m[32m: [32mSyncing /data/projects/frankentorch/crates/ft-serialize -> /data/projects/frankentorch/crates/ft-serialize on ts2[0m
    [2;3mat[0m rch/src/transfer.rs:1400 [2;3mon[0m ThreadId(1)

  [2m2026-06-08T14:10:12.973271Z[0m [32m INFO[0m [1;32mrch::transfer[0m[32m: [32mSync completed in 356ms[0m
    [2;3mat[0m rch/src/transfer.rs:1469 [2;3mon[0m ThreadId(1)

  [2m2026-06-08T14:10:12.973311Z[0m [32m INFO[0m [1;32mrch::hook[0m[32m: [32mSync complete: 51004 files, 1840069 bytes in 43494ms[0m
    [2;3mat[0m rch/src/hook.rs:6209 [2;3mon[0m ThreadId(1)

  [2m2026-06-08T14:10:13.952396Z[0m [32m INFO[0m [1;32mrch::hook[0m[32m: [32mExecuting command remotely: cargo bench -p ft-kernel-cpu --bench gemm_bench -- matmul_f32_512x512x512 --warm-up-time 1 --measurement-time 3 --sample-size 12 --noplot[0m
    [2;3mat[0m rch/src/hook.rs:6257 [2;3mon[0m ThreadId(1)

  [2m2026-06-08T14:10:13.952442Z[0m [32m INFO[0m [1;32mrch::transfer[0m[32m: [32mRewriting CARGO_TARGET_DIR for remote execution (worker-scoped path): /data/tmp/frankentorch-qb1g2-target -> /data/projects/frankentorch/.rch-target-ts2-job-29878602124231296-1780927769471743647-0[0m
    [2;3mat[0m rch/src/transfer.rs:712 [2;3mon[0m ThreadId(1)

    Updating crates.io index
 Downloading crates ...
  Downloaded bit-set v0.8.0
  Downloaded anes v0.1.6
  Downloaded autocfg v1.5.0
  Downloaded bit-vec v0.8.0
  Downloaded anstyle v1.0.14
  Downloaded crossbeam-deque v0.8.6
  Downloaded plotters-backend v0.3.7
  Downloaded errno v0.3.14
  Downloaded bytemuck_derive v1.10.2
  Downloaded fnv v1.0.7
  Downloaded is-terminal v0.4.17
  Downloaded rawpointer v0.2.1
  Downloaded proc-macro2 v1.0.106
  Downloaded cast v0.3.0
  Downloaded rusty-fork v0.3.1
  Downloaded bitflags v2.11.1
  Downloaded getrandom v0.3.4
  Downloaded cfg-if v1.0.4
  Downloaded wait-timeout v0.2.1
  Downloaded clap_lex v1.1.0
  Downloaded criterion-plot v0.5.0
  Downloaded fastrand v2.4.1
  Downloaded num-complex v0.4.6
  Downloaded rand_chacha v0.9.0
  Downloaded either v1.15.0
  Downloaded itoa v1.0.18
  Downloaded quick-error v1.2.3
  Downloaded ciborium-ll v0.2.2
  Downloaded same-file v1.0.6
  Downloaded tinytemplate v1.2.1
  Downloaded unarray v0.1.4
  Downloaded ciborium-io v0.2.2
  Downloaded rand_core v0.9.5
  Downloaded walkdir v2.5.0
  Downloaded rand_xorshift v0.4.0
  Downloaded ppv-lite86 v0.2.21
  Downloaded similar v2.7.0
  Downloaded tempfile v3.27.0
  Downloaded console v0.16.3
  Downloaded crossbeam-epoch v0.9.18
  Downloaded crossbeam-utils v0.8.21
  Downloaded once_cell v1.21.4
  Downloaded zmij v1.0.21
  Downloaded quote v1.0.45
  Downloaded half v2.7.1
  Downloaded matrixmultiply v0.3.10
  Downloaded plotters-svg v0.3.7
  Downloaded ciborium v0.2.2
  Downloaded serde_derive v1.0.228
  Downloaded clap v4.6.1
  Downloaded safe_arch v0.7.4
  Downloaded aho-corasick v1.1.4
  Downloaded oorandom v11.1.5
  Downloaded criterion v0.5.1
  Downloaded insta v1.47.2
  Downloaded num-traits v0.2.19
  Downloaded unicode-ident v1.0.24
  Downloaded serde v1.0.228
  Downloaded rayon-core v1.13.0
  Downloaded serde_core v1.0.228
  Downloaded zerocopy-derive v0.8.48
  Downloaded wide v0.7.33
  Downloaded bytemuck v1.25.0
  Downloaded rand v0.9.4
  Downloaded itertools v0.10.5
  Downloaded memchr v2.8.0
  Downloaded serde_json v1.0.149
  Downloaded regex v1.12.3
  Downloaded clap_builder v4.6.0
  Downloaded libm v0.2.16
  Downloaded plotters v0.3.7
  Downloaded rayon v1.12.0
  Downloaded proptest v1.11.0
  Downloaded syn v2.0.117
  Downloaded zerocopy v0.8.48
