  [2m2026-06-13T00:38:33.031928Z[0m [32m INFO[0m [1;32mrch::hook[0m[32m: [32mSelected worker: vmi1227854 at root@109.123.245.77 (4 slots remaining after reservation, speed 50.0)[0m
    [2;3mat[0m rch/src/hook.rs:514 [2;3mon[0m ThreadId(1)

  [2m2026-06-13T00:38:33.303323Z[0m [32m INFO[0m [1;32mrch::hook[0m[32m: [32mStarting remote compilation pipeline for frankentorch (hash: 3d6dc0f5ca5d2899)[0m
    [2;3mat[0m rch/src/hook.rs:5994 [2;3mon[0m ThreadId(1)

  [2m2026-06-13T00:38:33.303368Z[0m [32m INFO[0m [1;32mrch::hook[0m[32m: [32mPrepared dependency sync manifest for 13 roots[0m
    [2;3mat[0m rch/src/hook.rs:6016 [2;3mon[0m ThreadId(1)

  [2m2026-06-13T00:38:34.893673Z[0m [32m INFO[0m [1;32mrch::hook[0m[32m: [32mSyncing project to worker vmi1227854...[0m
    [2;3mat[0m rch/src/hook.rs:6046 [2;3mon[0m ThreadId(1)

  [2m2026-06-13T00:38:34.893738Z[0m [32m INFO[0m [1;32mrch::transfer[0m[32m: [32mSyncing /data/projects/frankentorch -> /data/projects/frankentorch on vmi1227854[0m
    [2;3mat[0m rch/src/transfer.rs:1434 [2;3mon[0m ThreadId(1)

  [2m2026-06-13T00:38:42.383466Z[0m [32m INFO[0m [1;32mrch::transfer[0m[32m: [32mSync completed in 7489ms[0m
    [2;3mat[0m rch/src/transfer.rs:1503 [2;3mon[0m ThreadId(1)

  [2m2026-06-13T00:38:42.383597Z[0m [32m INFO[0m [1;32mrch::transfer[0m[32m: [32mSyncing /data/projects/frankentorch/crates/ft-api -> /data/projects/frankentorch/crates/ft-api on vmi1227854[0m
    [2;3mat[0m rch/src/transfer.rs:1434 [2;3mon[0m ThreadId(1)

  [2m2026-06-13T00:38:44.196942Z[0m [32m INFO[0m [1;32mrch::transfer[0m[32m: [32mSync completed in 1813ms[0m
    [2;3mat[0m rch/src/transfer.rs:1503 [2;3mon[0m ThreadId(1)

  [2m2026-06-13T00:38:44.197026Z[0m [32m INFO[0m [1;32mrch::transfer[0m[32m: [32mSyncing /data/projects/frankentorch/crates/ft-autograd -> /data/projects/frankentorch/crates/ft-autograd on vmi1227854[0m
    [2;3mat[0m rch/src/transfer.rs:1434 [2;3mon[0m ThreadId(1)

  [2m2026-06-13T00:38:46.098945Z[0m [32m INFO[0m [1;32mrch::transfer[0m[32m: [32mSync completed in 1901ms[0m
    [2;3mat[0m rch/src/transfer.rs:1503 [2;3mon[0m ThreadId(1)

  [2m2026-06-13T00:38:46.099032Z[0m [32m INFO[0m [1;32mrch::transfer[0m[32m: [32mSyncing /data/projects/frankentorch/crates/ft-conformance -> /data/projects/frankentorch/crates/ft-conformance on vmi1227854[0m
    [2;3mat[0m rch/src/transfer.rs:1434 [2;3mon[0m ThreadId(1)

  [2m2026-06-13T00:38:48.028713Z[0m [32m INFO[0m [1;32mrch::transfer[0m[32m: [32mSync completed in 1929ms[0m
    [2;3mat[0m rch/src/transfer.rs:1503 [2;3mon[0m ThreadId(1)

  [2m2026-06-13T00:38:48.028800Z[0m [32m INFO[0m [1;32mrch::transfer[0m[32m: [32mSyncing /data/projects/frankentorch/crates/ft-core -> /data/projects/frankentorch/crates/ft-core on vmi1227854[0m
    [2;3mat[0m rch/src/transfer.rs:1434 [2;3mon[0m ThreadId(1)

  [2m2026-06-13T00:38:49.905527Z[0m [32m INFO[0m [1;32mrch::transfer[0m[32m: [32mSync completed in 1876ms[0m
    [2;3mat[0m rch/src/transfer.rs:1503 [2;3mon[0m ThreadId(1)

  [2m2026-06-13T00:38:49.905614Z[0m [32m INFO[0m [1;32mrch::transfer[0m[32m: [32mSyncing /data/projects/frankentorch/crates/ft-data -> /data/projects/frankentorch/crates/ft-data on vmi1227854[0m
    [2;3mat[0m rch/src/transfer.rs:1434 [2;3mon[0m ThreadId(1)

  [2m2026-06-13T00:38:51.777861Z[0m [32m INFO[0m [1;32mrch::transfer[0m[32m: [32mSync completed in 1872ms[0m
    [2;3mat[0m rch/src/transfer.rs:1503 [2;3mon[0m ThreadId(1)

  [2m2026-06-13T00:38:51.777946Z[0m [32m INFO[0m [1;32mrch::transfer[0m[32m: [32mSyncing /data/projects/frankentorch/crates/ft-device -> /data/projects/frankentorch/crates/ft-device on vmi1227854[0m
    [2;3mat[0m rch/src/transfer.rs:1434 [2;3mon[0m ThreadId(1)

  [2m2026-06-13T00:38:53.651095Z[0m [32m INFO[0m [1;32mrch::transfer[0m[32m: [32mSync completed in 1873ms[0m
    [2;3mat[0m rch/src/transfer.rs:1503 [2;3mon[0m ThreadId(1)

  [2m2026-06-13T00:38:53.651165Z[0m [32m INFO[0m [1;32mrch::transfer[0m[32m: [32mSyncing /data/projects/frankentorch/crates/ft-dispatch -> /data/projects/frankentorch/crates/ft-dispatch on vmi1227854[0m
    [2;3mat[0m rch/src/transfer.rs:1434 [2;3mon[0m ThreadId(1)

  [2m2026-06-13T00:38:55.704012Z[0m [32m INFO[0m [1;32mrch::transfer[0m[32m: [32mSync completed in 2052ms[0m
    [2;3mat[0m rch/src/transfer.rs:1503 [2;3mon[0m ThreadId(1)

  [2m2026-06-13T00:38:55.704089Z[0m [32m INFO[0m [1;32mrch::transfer[0m[32m: [32mSyncing /data/projects/frankentorch/crates/ft-kernel-cpu -> /data/projects/frankentorch/crates/ft-kernel-cpu on vmi1227854[0m
    [2;3mat[0m rch/src/transfer.rs:1434 [2;3mon[0m ThreadId(1)

  [2m2026-06-13T00:38:57.791050Z[0m [32m INFO[0m [1;32mrch::transfer[0m[32m: [32mSync completed in 2086ms[0m
    [2;3mat[0m rch/src/transfer.rs:1503 [2;3mon[0m ThreadId(1)

  [2m2026-06-13T00:38:57.791134Z[0m [32m INFO[0m [1;32mrch::transfer[0m[32m: [32mSyncing /data/projects/frankentorch/crates/ft-nn -> /data/projects/frankentorch/crates/ft-nn on vmi1227854[0m
    [2;3mat[0m rch/src/transfer.rs:1434 [2;3mon[0m ThreadId(1)

  [2m2026-06-13T00:38:59.949135Z[0m [32m INFO[0m [1;32mrch::transfer[0m[32m: [32mSync completed in 2157ms[0m
    [2;3mat[0m rch/src/transfer.rs:1503 [2;3mon[0m ThreadId(1)

  [2m2026-06-13T00:38:59.949227Z[0m [32m INFO[0m [1;32mrch::transfer[0m[32m: [32mSyncing /data/projects/frankentorch/crates/ft-optim -> /data/projects/frankentorch/crates/ft-optim on vmi1227854[0m
    [2;3mat[0m rch/src/transfer.rs:1434 [2;3mon[0m ThreadId(1)

  [2m2026-06-13T00:39:01.763444Z[0m [32m INFO[0m [1;32mrch::transfer[0m[32m: [32mSync completed in 1814ms[0m
    [2;3mat[0m rch/src/transfer.rs:1503 [2;3mon[0m ThreadId(1)

  [2m2026-06-13T00:39:01.763521Z[0m [32m INFO[0m [1;32mrch::transfer[0m[32m: [32mSyncing /data/projects/frankentorch/crates/ft-runtime -> /data/projects/frankentorch/crates/ft-runtime on vmi1227854[0m
    [2;3mat[0m rch/src/transfer.rs:1434 [2;3mon[0m ThreadId(1)

  [2m2026-06-13T00:39:03.638733Z[0m [32m INFO[0m [1;32mrch::transfer[0m[32m: [32mSync completed in 1875ms[0m
    [2;3mat[0m rch/src/transfer.rs:1503 [2;3mon[0m ThreadId(1)

  [2m2026-06-13T00:39:03.638816Z[0m [32m INFO[0m [1;32mrch::transfer[0m[32m: [32mSyncing /data/projects/frankentorch/crates/ft-serialize -> /data/projects/frankentorch/crates/ft-serialize on vmi1227854[0m
    [2;3mat[0m rch/src/transfer.rs:1434 [2;3mon[0m ThreadId(1)

  [2m2026-06-13T00:39:05.592052Z[0m [32m INFO[0m [1;32mrch::transfer[0m[32m: [32mSync completed in 1953ms[0m
    [2;3mat[0m rch/src/transfer.rs:1503 [2;3mon[0m ThreadId(1)

  [2m2026-06-13T00:39:05.592115Z[0m [32m INFO[0m [1;32mrch::hook[0m[32m: [32mSync complete: 51873 files, 1930765 bytes in 30690ms[0m
    [2;3mat[0m rch/src/hook.rs:6209 [2;3mon[0m ThreadId(1)

  [2m2026-06-13T00:39:09.728692Z[0m [32m INFO[0m [1;32mrch::hook[0m[32m: [32mExecuting command remotely: cargo check -p ft-kernel-cpu --lib --examples --benches[0m
    [2;3mat[0m rch/src/hook.rs:6252 [2;3mon[0m ThreadId(1)

  [2m2026-06-13T00:39:09.728735Z[0m [32m INFO[0m [1;32mrch::transfer[0m[32m: [32mRewriting CARGO_TARGET_DIR for remote execution (worker-scoped path): /data/tmp/cargo-target -> /data/projects/frankentorch/.rch-target-vmi1227854-job-29884606035526288-1781311114893665344-0[0m
    [2;3mat[0m rch/src/transfer.rs:712 [2;3mon[0m ThreadId(1)

    Updating crates.io index
 Downloading crates ...
  Downloaded autocfg v1.5.0
  Downloaded bit-set v0.8.0
  Downloaded ciborium-io v0.2.2
  Downloaded bytemuck_derive v1.10.2
  Downloaded clap_lex v1.1.0
  Downloaded anes v0.1.6
  Downloaded fnv v1.0.7
  Downloaded itoa v1.0.18
  Downloaded rand_xorshift v0.4.0
  Downloaded rawpointer v0.2.1
  Downloaded same-file v1.0.6
  Downloaded wait-timeout v0.2.1
  Downloaded unarray v0.1.4
  Downloaded plotters-svg v0.3.7
  Downloaded plotters-backend v0.3.7
  Downloaded cfg-if v1.0.4
  Downloaded ciborium-ll v0.2.2
  Downloaded is-terminal v0.4.17
  Downloaded anstyle v1.0.14
  Downloaded bit-vec v0.8.0
  Downloaded cast v0.3.0
  Downloaded walkdir v2.5.0
  Downloaded errno v0.3.14
  Downloaded oorandom v11.1.5
  Downloaded either v1.15.0
  Downloaded zmij v1.0.21
  Downloaded rand_core v0.9.5
  Downloaded ppv-lite86 v0.2.21
  Downloaded rusty-fork v0.3.1
  Downloaded quick-error v1.2.3
  Downloaded criterion-plot v0.5.0
  Downloaded rand_chacha v0.9.0
  Downloaded tinytemplate v1.2.1
  Downloaded fastrand v2.4.1
  Downloaded ciborium v0.2.2
  Downloaded bitflags v2.11.1
  Downloaded crossbeam-deque v0.8.6
  Downloaded once_cell v1.21.4
  Downloaded num-complex v0.4.6
  Downloaded crossbeam-utils v0.8.21
  Downloaded quote v1.0.45
  Downloaded console v0.16.3
  Downloaded crossbeam-epoch v0.9.18
  Downloaded clap v4.6.1
  Downloaded num-traits v0.2.19
  Downloaded proc-macro2 v1.0.106
  Downloaded serde_derive v1.0.228
  Downloaded tempfile v3.27.0
  Downloaded bytemuck v1.25.0
  Downloaded serde_core v1.0.228
  Downloaded similar v2.7.0
  Downloaded unicode-ident v1.0.24
  Downloaded getrandom v0.3.4
  Downloaded matrixmultiply v0.3.10
  Downloaded rayon-core v1.13.0
  Downloaded half v2.7.1
  Downloaded safe_arch v0.7.4
  Downloaded aho-corasick v1.1.4
  Downloaded rand v0.9.4
  Downloaded serde v1.0.228
  Downloaded wide v0.7.33
  Downloaded memchr v2.8.0
  Downloaded zerocopy-derive v0.8.48
  Downloaded criterion v0.5.1
  Downloaded insta v1.47.2
  Downloaded itertools v0.10.5
  Downloaded plotters v0.3.7
  Downloaded regex v1.12.3
  Downloaded serde_json v1.0.149
  Downloaded clap_builder v4.6.0
  Downloaded libm v0.2.16
  Downloaded rayon v1.12.0
  Downloaded proptest v1.11.0
  Downloaded zerocopy v0.8.48
  Downloaded syn v2.0.117
  Downloaded regex-syntax v0.8.10
  Downloaded rustix v1.1.4
  Downloaded regex-automata v0.4.14
  Downloaded libc v0.2.185
  Downloaded linux-raw-sys v0.12.1
   Compiling proc-macro2 v1.0.106
   Compiling quote v1.0.45
   Compiling unicode-ident v1.0.24
   Compiling libc v0.2.185
    Checking cfg-if v1.0.4
   Compiling autocfg v1.5.0
   Compiling zerocopy v0.8.48
   Compiling getrandom v0.3.4
   Compiling crossbeam-utils v0.8.21
   Compiling serde_core v1.0.228
   Compiling rustix v1.1.4
   Compiling serde v1.0.228
    Checking once_cell v1.21.4
   Compiling rayon-core v1.13.0
    Checking linux-raw-sys v0.12.1
   Compiling num-traits v0.2.19
    Checking either v1.15.0
   Compiling zmij v1.0.21
    Checking bitflags v2.11.1
   Compiling serde_json v1.0.149
    Checking fastrand v2.4.1
    Checking crossbeam-epoch v0.9.18
    Checking regex-syntax v0.8.10
   Compiling matrixmultiply v0.3.10
    Checking crossbeam-deque v0.8.6
   Compiling syn v2.0.117
    Checking itoa v1.0.18
   Compiling libm v0.2.16
    Checking clap_lex v1.1.0
    Checking anstyle v1.0.14
    Checking memchr v2.8.0
    Checking ciborium-io v0.2.2
    Checking plotters-backend v0.3.7
    Checking clap_builder v4.6.0
    Checking num-complex v0.4.6
    Checking rayon v1.12.0
    Checking plotters-svg v0.3.7
    Checking wait-timeout v0.2.1
    Checking rand_core v0.9.5
    Checking itertools v0.10.5
    Checking bit-vec v0.8.0
    Checking cast v0.3.0
    Checking regex-automata v0.4.14
    Checking quick-error v1.2.3
    Checking rawpointer v0.2.1
    Checking tempfile v3.27.0
    Checking same-file v1.0.6
    Checking fnv v1.0.7
    Checking bit-set v0.8.0
    Checking walkdir v2.5.0
    Checking rusty-fork v0.3.1
    Checking rand_xorshift v0.4.0
    Checking rand v0.9.4
    Checking plotters v0.3.7
    Checking console v0.16.3
    Checking is-terminal v0.4.17
    Checking unarray v0.1.4
    Checking anes v0.1.6
    Checking oorandom v11.1.5
    Checking clap v4.6.1
    Checking similar v2.7.0
    Checking criterion-plot v0.5.0
    Checking regex v1.12.3
    Checking insta v1.47.2
   Compiling zerocopy-derive v0.8.48
   Compiling bytemuck_derive v1.10.2
   Compiling serde_derive v1.0.228
    Checking bytemuck v1.25.0
    Checking safe_arch v0.7.4
    Checking wide v0.7.33
    Checking tinytemplate v1.2.1
    Checking half v2.7.1
    Checking ppv-lite86 v0.2.21
    Checking ciborium-ll v0.2.2
    Checking ft-core v0.1.0 (/data/projects/frankentorch/crates/ft-core)
    Checking rand_chacha v0.9.0
    Checking ciborium v0.2.2
    Checking proptest v1.11.0
    Checking ft-kernel-cpu v0.1.0 (/data/projects/frankentorch/crates/ft-kernel-cpu)
    Checking criterion v0.5.1
    Finished `dev` profile [unoptimized + debuginfo] target(s) in 17.11s
  [2m2026-06-13T00:39:28.495259Z[0m [32m INFO[0m [1;32mrch::hook[0m[32m: [32mRemote command finished: exit=0 in 18766ms[0m
    [2;3mat[0m rch/src/hook.rs:6376 [2;3mon[0m ThreadId(1)

  [2m2026-06-13T00:39:28.495534Z[0m [32m INFO[0m [1;32mrch::hook[0m[32m: [32mRetrieving build artifacts...[0m
    [2;3mat[0m rch/src/hook.rs:6425 [2;3mon[0m ThreadId(1)

  [2m2026-06-13T00:39:28.495546Z[0m [32m INFO[0m [1;32mrch::transfer[0m[32m: [32mRetrieving artifacts from /data/projects/frankentorch on vmi1227854[0m
    [2;3mat[0m rch/src/transfer.rs:2106 [2;3mon[0m ThreadId(1)

  [2m2026-06-13T00:39:30.614233Z[0m [32m INFO[0m [1;32mrch::transfer[0m[32m: [32mArtifacts retrieved in 2118ms (5 files, 1709 bytes)[0m
    [2;3mat[0m rch/src/transfer.rs:2145 [2;3mon[0m ThreadId(1)

  [2m2026-06-13T00:39:30.614263Z[0m [32m INFO[0m [1;32mrch::hook[0m[32m: [32mArtifacts retrieved: 5 files, 1709 bytes in 2118ms[0m
    [2;3mat[0m rch/src/hook.rs:6458 [2;3mon[0m ThreadId(1)

  [2m2026-06-13T00:39:30.614343Z[0m [32m INFO[0m [1;32mrch::transfer[0m[32m: [32mRetrieving artifacts from /data/projects/frankentorch/.rch-target-vmi1227854-job-29884606035526288-1781311114893665344-0 on vmi1227854[0m
    [2;3mat[0m rch/src/transfer.rs:2106 [2;3mon[0m ThreadId(1)

  [2m2026-06-13T00:39:37.720559Z[0m [32m INFO[0m [1;32mrch::transfer[0m[32m: [32mArtifacts retrieved in 7106ms (1240 files, 215382 bytes)[0m
    [2;3mat[0m rch/src/transfer.rs:2145 [2;3mon[0m ThreadId(1)

  [2m2026-06-13T00:39:37.720590Z[0m [32m INFO[0m [1;32mrch::hook[0m[32m: [32mCustom CARGO_TARGET_DIR artifacts retrieved: 1240 files, 215382 bytes in 7106ms[0m
    [2;3mat[0m rch/src/hook.rs:6582 [2;3mon[0m ThreadId(1)

[RCH] remote vmi1227854 (64.7s)
