    Finished `bench` profile [optimized + debuginfo] target(s) in 0.09s
     Running benches/ops_bench.rs (/data/tmp/frankentorch-6olvt-baseline-target/release/deps/ops_bench-8824b9e24f0b8087)
Gnuplot not found, using plotters backend
Benchmarking conv3d/grad
Benchmarking conv3d/grad: Warming up for 1.0000 s

Warning: Unable to complete 10 samples in 2.0s. You may wish to increase target time to 2.2s or enable flat sampling.
Benchmarking conv3d/grad: Collecting 10 samples in estimated 2.1739 s (55 iterations)
Benchmarking conv3d/grad: Analyzing
conv3d/grad             time:   [37.486 ms 38.023 ms 38.416 ms]

Benchmarking max_pool2d/grad
Benchmarking max_pool2d/grad: Warming up for 1.0000 s
Benchmarking max_pool2d/grad: Collecting 10 samples in estimated 2.1469 s (20 iterations)
Benchmarking max_pool2d/grad: Analyzing
max_pool2d/grad         time:   [109.06 ms 112.33 ms 115.31 ms]
Found 1 outliers among 10 measurements (10.00%)
  1 (10.00%) low mild

Benchmarking avg_pool2d/grad
Benchmarking avg_pool2d/grad: Warming up for 1.0000 s
Benchmarking avg_pool2d/grad: Collecting 10 samples in estimated 2.1829 s (20 iterations)
Benchmarking avg_pool2d/grad: Analyzing
avg_pool2d/grad         time:   [104.49 ms 106.61 ms 108.63 ms]

Benchmarking max_pool3d/grad
Benchmarking max_pool3d/grad: Warming up for 1.0000 s

Warning: Unable to complete 10 samples in 2.0s. You may wish to increase target time to 2.2s or enable flat sampling.
Benchmarking max_pool3d/grad: Collecting 10 samples in estimated 2.1725 s (55 iterations)
Benchmarking max_pool3d/grad: Analyzing
max_pool3d/grad         time:   [34.373 ms 36.202 ms 37.819 ms]

Benchmarking linear_train/hidden/2048
Benchmarking linear_train/hidden/2048: Warming up for 1.0000 s

Warning: Unable to complete 10 samples in 2.0s. You may wish to increase target time to 2.4s or enable flat sampling.
Benchmarking linear_train/hidden/2048: Collecting 10 samples in estimated 2.4375 s (55 iterations)
Benchmarking linear_train/hidden/2048: Analyzing
linear_train/hidden/2048
                        time:   [41.933 ms 42.613 ms 43.643 ms]

Benchmarking sdpa/grad_16x512x64
Benchmarking sdpa/grad_16x512x64: Warming up for 1.0000 s
Benchmarking sdpa/grad_16x512x64: Collecting 10 samples in estimated 2.1941 s (20 iterations)
Benchmarking sdpa/grad_16x512x64: Analyzing
sdpa/grad_16x512x64     time:   [103.69 ms 106.55 ms 109.72 ms]

Benchmarking layer_norm/grad_2048x1024
Benchmarking layer_norm/grad_2048x1024: Warming up for 1.0000 s
Benchmarking layer_norm/grad_2048x1024: Collecting 10 samples in estimated 2.8597 s (20 iterations)
Benchmarking layer_norm/grad_2048x1024: Analyzing
layer_norm/grad_2048x1024
                        time:   [141.30 ms 145.76 ms 150.28 ms]

Benchmarking rms_norm/grad_2048x1024
Benchmarking rms_norm/grad_2048x1024: Warming up for 1.0000 s
Benchmarking rms_norm/grad_2048x1024: Collecting 10 samples in estimated 2.9887 s (20 iterations)
Benchmarking rms_norm/grad_2048x1024: Analyzing
rms_norm/grad_2048x1024 time:   [147.76 ms 150.17 ms 152.56 ms]

Benchmarking group_norm/grad_32x256x28x28
Benchmarking group_norm/grad_32x256x28x28: Warming up for 1.0000 s

Warning: Unable to complete 10 samples in 2.0s. You may wish to increase target time to 4.9s.
Benchmarking group_norm/grad_32x256x28x28: Collecting 10 samples in estimated 4.9313 s (10 iterations)
Benchmarking group_norm/grad_32x256x28x28: Analyzing
group_norm/grad_32x256x28x28
                        time:   [480.19 ms 489.97 ms 500.44 ms]

Benchmarking batch_norm/grad_1d_8192x1024
Benchmarking batch_norm/grad_1d_8192x1024: Warming up for 1.0000 s

Warning: Unable to complete 10 samples in 2.0s. You may wish to increase target time to 6.7s.
Benchmarking batch_norm/grad_1d_8192x1024: Collecting 10 samples in estimated 6.7482 s (10 iterations)
Benchmarking batch_norm/grad_1d_8192x1024: Analyzing
batch_norm/grad_1d_8192x1024
                        time:   [673.99 ms 685.79 ms 699.70 ms]
Found 1 outliers among 10 measurements (10.00%)
  1 (10.00%) high mild
Benchmarking batch_norm/grad_train_32x256x28x28
Benchmarking batch_norm/grad_train_32x256x28x28: Warming up for 1.0000 s

Warning: Unable to complete 10 samples in 2.0s. You may wish to increase target time to 5.0s.
Benchmarking batch_norm/grad_train_32x256x28x28: Collecting 10 samples in estimated 5.0372 s (10 iterations)
Benchmarking batch_norm/grad_train_32x256x28x28: Analyzing
batch_norm/grad_train_32x256x28x28
                        time:   [498.08 ms 502.80 ms 507.94 ms]
                        change: [-2.8475% -0.9766% +0.9480%] (p = 0.36 > 0.05)
                        No change in performance detected.

