[RCH] local (no admissible workers: insufficient_slots=5,hard_preflight=1)
   Compiling proc-macro2 v1.0.106
   Compiling quote v1.0.45
   Compiling unicode-ident v1.0.24
   Compiling autocfg v1.5.0
   Compiling zerocopy v0.8.48
   Compiling crossbeam-utils v0.8.21
   Compiling cfg-if v1.0.4
   Compiling rayon-core v1.13.0
   Compiling either v1.15.0
   Compiling serde_core v1.0.228
   Compiling libm v0.2.16
   Compiling zmij v1.0.21
   Compiling serde v1.0.228
   Compiling rawpointer v0.2.1
   Compiling serde_json v1.0.149
   Compiling libc v0.2.185
   Compiling regex-syntax v0.8.10
   Compiling itoa v1.0.18
   Compiling plotters-backend v0.3.7
   Compiling clap_lex v1.1.0
   Compiling anstyle v1.0.14
   Compiling ciborium-io v0.2.2
   Compiling memchr v2.8.0
   Compiling same-file v1.0.6
   Compiling cast v0.3.0
   Compiling oorandom v11.1.5
   Compiling anes v0.1.6
   Compiling once_cell v1.21.4
   Compiling walkdir v2.5.0
   Compiling itertools v0.10.5
   Compiling clap_builder v4.6.0
   Compiling num-traits v0.2.19
   Compiling matrixmultiply v0.3.10
   Compiling plotters-svg v0.3.7
   Compiling crossbeam-epoch v0.9.18
   Compiling syn v2.0.117
   Compiling crossbeam-deque v0.8.6
   Compiling num-complex v0.4.6
   Compiling plotters v0.3.7
   Compiling is-terminal v0.4.17
   Compiling regex-automata v0.4.14
   Compiling criterion-plot v0.5.0
   Compiling rayon v1.12.0
   Compiling clap v4.6.1
   Compiling regex v1.12.3
   Compiling bytemuck_derive v1.10.2
   Compiling zerocopy-derive v0.8.48
   Compiling serde_derive v1.0.228
   Compiling bytemuck v1.25.0
   Compiling safe_arch v0.7.4
   Compiling wide v0.7.33
   Compiling tinytemplate v1.2.1
   Compiling half v2.7.1
   Compiling ft-core v0.1.0 (/data/projects/.scratch/frankentorch-blackthrush-boldverify-20260625T210520Z/crates/ft-core)
   Compiling ciborium-ll v0.2.2
   Compiling ciborium v0.2.2
   Compiling ft-kernel-cpu v0.1.0 (/data/projects/.scratch/frankentorch-blackthrush-boldverify-20260625T210520Z/crates/ft-kernel-cpu)
   Compiling ft-runtime v0.1.0 (/data/projects/.scratch/frankentorch-blackthrush-boldverify-20260625T210520Z/crates/ft-runtime)
   Compiling criterion v0.5.1
   Compiling ft-dispatch v0.1.0 (/data/projects/.scratch/frankentorch-blackthrush-boldverify-20260625T210520Z/crates/ft-dispatch)
   Compiling ft-autograd v0.1.0 (/data/projects/.scratch/frankentorch-blackthrush-boldverify-20260625T210520Z/crates/ft-autograd)
   Compiling ft-api v0.1.0 (/data/projects/.scratch/frankentorch-blackthrush-boldverify-20260625T210520Z/crates/ft-api)
    Finished `bench` profile [optimized + debuginfo] target(s) in 1m 11s
     Running benches/cdist_bench.rs (/data/projects/.rch-targets/frankentorch-cod-a/release/deps/cdist_bench-659f6d43b8e09062)
Gnuplot not found, using plotters backend
Benchmarking pdist_f32_p2_mm/512x64
Benchmarking pdist_f32_p2_mm/512x64: Warming up for 1.0000 s
Benchmarking pdist_f32_p2_mm/512x64: Collecting 10 samples in estimated 3.0397 s (2970 iterations)
Benchmarking pdist_f32_p2_mm/512x64: Analyzing
pdist_f32_p2_mm/512x64  time:   [946.49 µs 971.13 µs 1.0016 ms]
                        change: [-50.968% -37.049% -16.500%] (p = 0.01 < 0.05)
                        Performance has improved.

