  [2m2026-06-20T20:14:37.331603Z[0m [32m INFO[0m [1;32mrch::hook[0m[32m: [32mSelected worker: vmi1153651 at root@38.242.134.66 (0 slots remaining after reservation, speed 50.0)[0m
    [2;3mat[0m rch/src/hook.rs:921 [2;3mon[0m ThreadId(1)

  [2m2026-06-20T20:14:37.594029Z[0m [32m INFO[0m [1;32mrch::hook::transfer_orchestration[0m[32m: [32mStarting remote compilation pipeline for frankentorch-cod-b-bold-verify-20260620T2009Z (hash: 9ff78030579f16ea)[0m
    [2;3mat[0m rch/src/hook/transfer_orchestration.rs:241 [2;3mon[0m ThreadId(1)

  [2m2026-06-20T20:14:37.594088Z[0m [32m INFO[0m [1;32mrch::hook::transfer_orchestration[0m[32m: [32mPrepared dependency sync manifest for 13 roots[0m
    [2;3mat[0m rch/src/hook/transfer_orchestration.rs:263 [2;3mon[0m ThreadId(1)

  [2m2026-06-20T20:14:39.538761Z[0m [32m INFO[0m [1;32mrch::hook::transfer_orchestration[0m[32m: [32mSyncing project to worker vmi1153651...[0m
    [2;3mat[0m rch/src/hook/transfer_orchestration.rs:323 [2;3mon[0m ThreadId(1)

  [2m2026-06-20T20:14:39.538815Z[0m [32m INFO[0m [1;32mrch::transfer[0m[32m: [32mSyncing /data/projects/.scratch/frankentorch-cod-b-bold-verify-20260620T2009Z -> /data/projects/.scratch/frankentorch-cod-b-bold-verify-20260620T2009Z on vmi1153651[0m
    [2;3mat[0m rch/src/transfer.rs:1528 [2;3mon[0m ThreadId(1)

  [2m2026-06-20T20:14:43.912245Z[0m [32m INFO[0m [1;32mrch::transfer[0m[32m: [32mSync completed in 4373ms[0m
    [2;3mat[0m rch/src/transfer.rs:1592 [2;3mon[0m ThreadId(1)

  [2m2026-06-20T20:14:43.912315Z[0m [32m INFO[0m [1;32mrch::transfer[0m[32m: [32mSyncing /data/projects/.scratch/frankentorch-cod-b-bold-verify-20260620T2009Z/crates/ft-api -> /data/projects/.scratch/frankentorch-cod-b-bold-verify-20260620T2009Z/crates/ft-api on vmi1153651[0m
    [2;3mat[0m rch/src/transfer.rs:1528 [2;3mon[0m ThreadId(1)

  [2m2026-06-20T20:14:46.004408Z[0m [32m INFO[0m [1;32mrch::transfer[0m[32m: [32mSync completed in 2092ms[0m
    [2;3mat[0m rch/src/transfer.rs:1592 [2;3mon[0m ThreadId(1)

  [2m2026-06-20T20:14:46.004490Z[0m [32m INFO[0m [1;32mrch::transfer[0m[32m: [32mSyncing /data/projects/.scratch/frankentorch-cod-b-bold-verify-20260620T2009Z/crates/ft-autograd -> /data/projects/.scratch/frankentorch-cod-b-bold-verify-20260620T2009Z/crates/ft-autograd on vmi1153651[0m
    [2;3mat[0m rch/src/transfer.rs:1528 [2;3mon[0m ThreadId(1)

  [2m2026-06-20T20:14:48.005391Z[0m [32m INFO[0m [1;32mrch::transfer[0m[32m: [32mSync completed in 2000ms[0m
    [2;3mat[0m rch/src/transfer.rs:1592 [2;3mon[0m ThreadId(1)

  [2m2026-06-20T20:14:48.005464Z[0m [32m INFO[0m [1;32mrch::transfer[0m[32m: [32mSyncing /data/projects/.scratch/frankentorch-cod-b-bold-verify-20260620T2009Z/crates/ft-conformance -> /data/projects/.scratch/frankentorch-cod-b-bold-verify-20260620T2009Z/crates/ft-conformance on vmi1153651[0m
    [2;3mat[0m rch/src/transfer.rs:1528 [2;3mon[0m ThreadId(1)

  [2m2026-06-20T20:14:50.114630Z[0m [32m INFO[0m [1;32mrch::transfer[0m[32m: [32mSync completed in 2109ms[0m
    [2;3mat[0m rch/src/transfer.rs:1592 [2;3mon[0m ThreadId(1)

  [2m2026-06-20T20:14:50.114708Z[0m [32m INFO[0m [1;32mrch::transfer[0m[32m: [32mSyncing /data/projects/.scratch/frankentorch-cod-b-bold-verify-20260620T2009Z/crates/ft-core -> /data/projects/.scratch/frankentorch-cod-b-bold-verify-20260620T2009Z/crates/ft-core on vmi1153651[0m
    [2;3mat[0m rch/src/transfer.rs:1528 [2;3mon[0m ThreadId(1)

  [2m2026-06-20T20:14:52.440097Z[0m [32m INFO[0m [1;32mrch::transfer[0m[32m: [32mSync completed in 2325ms[0m
    [2;3mat[0m rch/src/transfer.rs:1592 [2;3mon[0m ThreadId(1)

  [2m2026-06-20T20:14:52.440182Z[0m [32m INFO[0m [1;32mrch::transfer[0m[32m: [32mSyncing /data/projects/.scratch/frankentorch-cod-b-bold-verify-20260620T2009Z/crates/ft-data -> /data/projects/.scratch/frankentorch-cod-b-bold-verify-20260620T2009Z/crates/ft-data on vmi1153651[0m
    [2;3mat[0m rch/src/transfer.rs:1528 [2;3mon[0m ThreadId(1)

  [2m2026-06-20T20:14:55.295411Z[0m [32m INFO[0m [1;32mrch::transfer[0m[32m: [32mSync completed in 2855ms[0m
    [2;3mat[0m rch/src/transfer.rs:1592 [2;3mon[0m ThreadId(1)

  [2m2026-06-20T20:14:55.295506Z[0m [32m INFO[0m [1;32mrch::transfer[0m[32m: [32mSyncing /data/projects/.scratch/frankentorch-cod-b-bold-verify-20260620T2009Z/crates/ft-device -> /data/projects/.scratch/frankentorch-cod-b-bold-verify-20260620T2009Z/crates/ft-device on vmi1153651[0m
    [2;3mat[0m rch/src/transfer.rs:1528 [2;3mon[0m ThreadId(1)

  [2m2026-06-20T20:14:58.106375Z[0m [32m INFO[0m [1;32mrch::transfer[0m[32m: [32mSync completed in 2810ms[0m
    [2;3mat[0m rch/src/transfer.rs:1592 [2;3mon[0m ThreadId(1)

  [2m2026-06-20T20:14:58.106471Z[0m [32m INFO[0m [1;32mrch::transfer[0m[32m: [32mSyncing /data/projects/.scratch/frankentorch-cod-b-bold-verify-20260620T2009Z/crates/ft-dispatch -> /data/projects/.scratch/frankentorch-cod-b-bold-verify-20260620T2009Z/crates/ft-dispatch on vmi1153651[0m
    [2;3mat[0m rch/src/transfer.rs:1528 [2;3mon[0m ThreadId(1)

  [2m2026-06-20T20:15:00.480077Z[0m [32m INFO[0m [1;32mrch::transfer[0m[32m: [32mSync completed in 2373ms[0m
    [2;3mat[0m rch/src/transfer.rs:1592 [2;3mon[0m ThreadId(1)

  [2m2026-06-20T20:15:00.480151Z[0m [32m INFO[0m [1;32mrch::transfer[0m[32m: [32mSyncing /data/projects/.scratch/frankentorch-cod-b-bold-verify-20260620T2009Z/crates/ft-kernel-cpu -> /data/projects/.scratch/frankentorch-cod-b-bold-verify-20260620T2009Z/crates/ft-kernel-cpu on vmi1153651[0m
    [2;3mat[0m rch/src/transfer.rs:1528 [2;3mon[0m ThreadId(1)

  [2m2026-06-20T20:15:04.796316Z[0m [32m INFO[0m [1;32mrch::transfer[0m[32m: [32mSync completed in 4316ms[0m
    [2;3mat[0m rch/src/transfer.rs:1592 [2;3mon[0m ThreadId(1)

  [2m2026-06-20T20:15:04.796437Z[0m [32m INFO[0m [1;32mrch::transfer[0m[32m: [32mSyncing /data/projects/.scratch/frankentorch-cod-b-bold-verify-20260620T2009Z/crates/ft-nn -> /data/projects/.scratch/frankentorch-cod-b-bold-verify-20260620T2009Z/crates/ft-nn on vmi1153651[0m
    [2;3mat[0m rch/src/transfer.rs:1528 [2;3mon[0m ThreadId(1)

  [2m2026-06-20T20:15:09.255493Z[0m [32m INFO[0m [1;32mrch::transfer[0m[32m: [32mSync completed in 4459ms[0m
    [2;3mat[0m rch/src/transfer.rs:1592 [2;3mon[0m ThreadId(1)

  [2m2026-06-20T20:15:09.255573Z[0m [32m INFO[0m [1;32mrch::transfer[0m[32m: [32mSyncing /data/projects/.scratch/frankentorch-cod-b-bold-verify-20260620T2009Z/crates/ft-optim -> /data/projects/.scratch/frankentorch-cod-b-bold-verify-20260620T2009Z/crates/ft-optim on vmi1153651[0m
    [2;3mat[0m rch/src/transfer.rs:1528 [2;3mon[0m ThreadId(1)

  [2m2026-06-20T20:15:12.395643Z[0m [32m INFO[0m [1;32mrch::transfer[0m[32m: [32mSync completed in 3140ms[0m
    [2;3mat[0m rch/src/transfer.rs:1592 [2;3mon[0m ThreadId(1)

  [2m2026-06-20T20:15:12.395732Z[0m [32m INFO[0m [1;32mrch::transfer[0m[32m: [32mSyncing /data/projects/.scratch/frankentorch-cod-b-bold-verify-20260620T2009Z/crates/ft-runtime -> /data/projects/.scratch/frankentorch-cod-b-bold-verify-20260620T2009Z/crates/ft-runtime on vmi1153651[0m
    [2;3mat[0m rch/src/transfer.rs:1528 [2;3mon[0m ThreadId(1)

  [2m2026-06-20T20:15:15.218246Z[0m [32m INFO[0m [1;32mrch::transfer[0m[32m: [32mSync completed in 2822ms[0m
    [2;3mat[0m rch/src/transfer.rs:1592 [2;3mon[0m ThreadId(1)

  [2m2026-06-20T20:15:15.218330Z[0m [32m INFO[0m [1;32mrch::transfer[0m[32m: [32mSyncing /data/projects/.scratch/frankentorch-cod-b-bold-verify-20260620T2009Z/crates/ft-serialize -> /data/projects/.scratch/frankentorch-cod-b-bold-verify-20260620T2009Z/crates/ft-serialize on vmi1153651[0m
    [2;3mat[0m rch/src/transfer.rs:1528 [2;3mon[0m ThreadId(1)

  [2m2026-06-20T20:15:17.721911Z[0m [32m INFO[0m [1;32mrch::transfer[0m[32m: [32mSync completed in 2503ms[0m
    [2;3mat[0m rch/src/transfer.rs:1592 [2;3mon[0m ThreadId(1)

  [2m2026-06-20T20:15:17.721965Z[0m [32m INFO[0m [1;32mrch::hook::transfer_orchestration[0m[32m: [32mSync complete: 4493 files, 8614496 bytes in 38177ms[0m
    [2;3mat[0m rch/src/hook/transfer_orchestration.rs:486 [2;3mon[0m ThreadId(1)

  [2m2026-06-20T20:15:31.593858Z[0m [32m INFO[0m [1;32mrch::hook::transfer_orchestration[0m[32m: [32mExecuting command remotely: cargo bench -p ft-api --bench pytorch_gauntlet_bench -- avg_pool1d --warm-up-time 1 --measurement-time 3 --sample-size 10 --noplot[0m
    [2;3mat[0m rch/src/hook/transfer_orchestration.rs:529 [2;3mon[0m ThreadId(1)

  [2m2026-06-20T20:15:31.593920Z[0m [32m INFO[0m [1;32mrch::transfer[0m[32m: [32mRewriting CARGO_TARGET_DIR for remote execution (worker-scoped path): /data/projects/.rch-targets/frankentorch-cod-b -> /data/projects/.scratch/frankentorch-cod-b-bold-verify-20260620T2009Z/.rch-target-vmi1153651-pool-bea7dd9817bd3b3ba617c8e7dc985b90[0m
    [2;3mat[0m rch/src/transfer.rs:799 [2;3mon[0m ThreadId(1)

    Updating crates.io index
 Downloading crates ...
  Downloaded is-terminal v0.4.17
  Downloaded itertools v0.10.5
  Downloaded cfg-if v1.0.4
  Downloaded ciborium-io v0.2.2
  Downloaded plotters-svg v0.3.7
  Downloaded itoa v1.0.18
  Downloaded cast v0.3.0
  Downloaded plotters-backend v0.3.7
  Downloaded rawpointer v0.2.1
  Downloaded bytemuck_derive v1.10.2
  Downloaded either v1.15.0
  Downloaded clap_lex v1.1.0
  Downloaded same-file v1.0.6
  Downloaded anes v0.1.6
  Downloaded oorandom v11.1.5
  Downloaded quote v1.0.45
  Downloaded tinytemplate v1.2.1
  Downloaded walkdir v2.5.0
  Downloaded zmij v1.0.21
  Downloaded anstyle v1.0.14
  Downloaded autocfg v1.5.0
  Downloaded criterion-plot v0.5.0
  Downloaded crossbeam-deque v0.8.6
  Downloaded num-complex v0.4.6
  Downloaded ciborium-ll v0.2.2
  Downloaded crossbeam-utils v0.8.21
  Downloaded once_cell v1.21.4
  Downloaded ciborium v0.2.2
  Downloaded crossbeam-epoch v0.9.18
  Downloaded half v2.7.1
  Downloaded num-traits v0.2.19
  Downloaded proc-macro2 v1.0.106
  Downloaded serde_core v1.0.228
  Downloaded unicode-ident v1.0.24
  Downloaded bytemuck v1.25.0
  Downloaded matrixmultiply v0.3.10
  Downloaded clap v4.6.1
  Downloaded serde v1.0.228
  Downloaded rayon-core v1.13.0
  Downloaded memchr v2.8.0
  Downloaded safe_arch v0.7.4
  Downloaded serde_derive v1.0.228
  Downloaded zerocopy-derive v0.8.48
  Downloaded wide v0.7.33
  Downloaded criterion v0.5.1
  Downloaded libm v0.2.16
  Downloaded plotters v0.3.7
  Downloaded regex v1.12.3
  Downloaded aho-corasick v1.1.4
  Downloaded clap_builder v4.6.0
  Downloaded rayon v1.12.0
  Downloaded serde_json v1.0.149
  Downloaded syn v2.0.117
  Downloaded zerocopy v0.8.48
  Downloaded regex-syntax v0.8.10
  Downloaded regex-automata v0.4.14
  Downloaded libc v0.2.185
   Compiling proc-macro2 v1.0.106
   Compiling unicode-ident v1.0.24
   Compiling quote v1.0.45
   Compiling autocfg v1.5.0
   Compiling zerocopy v0.8.48
   Compiling crossbeam-utils v0.8.21
   Compiling cfg-if v1.0.4
   Compiling either v1.15.0
   Compiling rayon-core v1.13.0
   Compiling serde_core v1.0.228
   Compiling libm v0.2.16
   Compiling serde v1.0.228
   Compiling zmij v1.0.21
   Compiling rawpointer v0.2.1
   Compiling libc v0.2.185
   Compiling serde_json v1.0.149
   Compiling itoa v1.0.18
   Compiling ciborium-io v0.2.2
   Compiling num-traits v0.2.19
   Compiling matrixmultiply v0.3.10
   Compiling memchr v2.8.0
   Compiling crossbeam-epoch v0.9.18
   Compiling anstyle v1.0.14
   Compiling regex-syntax v0.8.10
   Compiling syn v2.0.117
   Compiling plotters-backend v0.3.7
   Compiling clap_lex v1.1.0
   Compiling crossbeam-deque v0.8.6
   Compiling plotters-svg v0.3.7
   Compiling clap_builder v4.6.0
   Compiling num-complex v0.4.6
   Compiling itertools v0.10.5
   Compiling rayon v1.12.0
   Compiling regex-automata v0.4.14
   Compiling same-file v1.0.6
   Compiling cast v0.3.0
   Compiling clap v4.6.1
   Compiling criterion-plot v0.5.0
   Compiling walkdir v2.5.0
   Compiling is-terminal v0.4.17
   Compiling plotters v0.3.7
   Compiling oorandom v11.1.5
   Compiling anes v0.1.6
   Compiling once_cell v1.21.4
   Compiling bytemuck_derive v1.10.2
   Compiling zerocopy-derive v0.8.48
   Compiling serde_derive v1.0.228
   Compiling regex v1.12.3
   Compiling bytemuck v1.25.0
   Compiling safe_arch v0.7.4
   Compiling wide v0.7.33
   Compiling tinytemplate v1.2.1
   Compiling half v2.7.1
   Compiling ft-core v0.1.0 (/data/projects/.scratch/frankentorch-cod-b-bold-verify-20260620T2009Z/crates/ft-core)
   Compiling ciborium-ll v0.2.2
   Compiling ciborium v0.2.2
   Compiling ft-kernel-cpu v0.1.0 (/data/projects/.scratch/frankentorch-cod-b-bold-verify-20260620T2009Z/crates/ft-kernel-cpu)
   Compiling ft-runtime v0.1.0 (/data/projects/.scratch/frankentorch-cod-b-bold-verify-20260620T2009Z/crates/ft-runtime)
   Compiling criterion v0.5.1
   Compiling ft-dispatch v0.1.0 (/data/projects/.scratch/frankentorch-cod-b-bold-verify-20260620T2009Z/crates/ft-dispatch)
   Compiling ft-autograd v0.1.0 (/data/projects/.scratch/frankentorch-cod-b-bold-verify-20260620T2009Z/crates/ft-autograd)
   Compiling ft-api v0.1.0 (/data/projects/.scratch/frankentorch-cod-b-bold-verify-20260620T2009Z/crates/ft-api)
    Finished `bench` profile [optimized + debuginfo] target(s) in 4m 29s
     Running benches/pytorch_gauntlet_bench.rs (.rch-target-vmi1153651-pool-bea7dd9817bd3b3ba617c8e7dc985b90/release/deps/pytorch_gauntlet_bench-5f2ebc2fd9ddf042)
Gnuplot not found, using plotters backend
Benchmarking gauntlet_avg_pool1d_grad/frankentorch_kgs4_122
Benchmarking gauntlet_avg_pool1d_grad/frankentorch_kgs4_122: Warming up for 1.0000 s

Warning: Unable to complete 10 samples in 3.0s. You may wish to increase target time to 42.4s.
Benchmarking gauntlet_avg_pool1d_grad/frankentorch_kgs4_122: Collecting 10 samples in estimated 42.387 s (10 iterations)
Benchmarking gauntlet_avg_pool1d_grad/frankentorch_kgs4_122: Analyzing
gauntlet_avg_pool1d_grad/frankentorch_kgs4_122
                        time:   [838.76 ms 1.6792 s 2.7456 s]
Found 1 outliers among 10 measurements (10.00%)
  1 (10.00%) high mild
Benchmarking gauntlet_avg_pool1d_grad/frankentorch_kgs4_134_fused_sum_loss
Benchmarking gauntlet_avg_pool1d_grad/frankentorch_kgs4_134_fused_sum_loss: Warming up for 1.0000 s

Warning: Unable to complete 10 samples in 3.0s. You may wish to increase target time to 8.0s.
Benchmarking gauntlet_avg_pool1d_grad/frankentorch_kgs4_134_fused_sum_loss: Collecting 10 samples in estimated 7.9628 s (10 iterations)
Benchmarking gauntlet_avg_pool1d_grad/frankentorch_kgs4_134_fused_sum_loss: Analyzing
gauntlet_avg_pool1d_grad/frankentorch_kgs4_134_fused_sum_loss
                        time:   [475.20 ms 810.56 ms 1.1951 s]
Benchmarking gauntlet_avg_pool1d_grad/pytorch_2_12_cpu
Benchmarking gauntlet_avg_pool1d_grad/pytorch_2_12_cpu: Warming up for 1.0000 s
PyTorch avg_pool1d benchmark failed with status Some(1)
stdout:

stderr:
Traceback (most recent call last):
  File "/data/projects/.scratch/frankentorch-cod-b-bold-verify-20260620T2009Z/crates/ft-api/benches/pytorch_avg_pool1d_grad.py", line 4, in <module>
    import torch
ModuleNotFoundError: No module named 'torch'

error: bench failed, to rerun pass `-p ft-api --bench pytorch_gauntlet_bench`

Caused by:
  process didn't exit successfully: `/data/projects/.scratch/frankentorch-cod-b-bold-verify-20260620T2009Z/.rch-target-vmi1153651-pool-bea7dd9817bd3b3ba617c8e7dc985b90/release/deps/pytorch_gauntlet_bench-5f2ebc2fd9ddf042 avg_pool1d --warm-up-time 1 --measurement-time 3 --sample-size 10 --noplot --bench` (exit status: 1)
  [2m2026-06-20T20:20:39.760349Z[0m [32m INFO[0m [1;32mrch::hook::transfer_orchestration[0m[32m: [32mRemote command finished: exit=1 in 308166ms[0m
    [2;3mat[0m rch/src/hook/transfer_orchestration.rs:653 [2;3mon[0m ThreadId(1)

[RCH] remote vmi1153651 failed (exit 1)
