  [2m2026-06-09T05:28:05.873191Z[0m [32m INFO[0m [1;32mrch::hook[0m[32m: [32mSelected worker: vmi1227854 at root@109.123.245.77 (1 slots remaining after reservation, speed 50.0)[0m
    [2;3mat[0m rch/src/hook.rs:514 [2;3mon[0m ThreadId(1)

  [2m2026-06-09T05:28:06.198476Z[0m [32m INFO[0m [1;32mrch::hook[0m[32m: [32mStarting remote compilation pipeline for frankentorch (hash: 78ab156102a58c4c)[0m
    [2;3mat[0m rch/src/hook.rs:5994 [2;3mon[0m ThreadId(1)

  [2m2026-06-09T05:28:06.198539Z[0m [32m INFO[0m [1;32mrch::hook[0m[32m: [32mPrepared dependency sync manifest for 13 roots[0m
    [2;3mat[0m rch/src/hook.rs:6016 [2;3mon[0m ThreadId(1)

  [2m2026-06-09T05:28:08.268856Z[0m [32m INFO[0m [1;32mrch::hook[0m[32m: [32mSyncing project to worker vmi1227854...[0m
    [2;3mat[0m rch/src/hook.rs:6046 [2;3mon[0m ThreadId(1)

  [2m2026-06-09T05:28:08.268928Z[0m [32m INFO[0m [1;32mrch::transfer[0m[32m: [32mSyncing /data/projects/frankentorch -> /data/projects/frankentorch on vmi1227854[0m
    [2;3mat[0m rch/src/transfer.rs:1434 [2;3mon[0m ThreadId(1)

  [2m2026-06-09T05:28:16.564791Z[0m [32m INFO[0m [1;32mrch::transfer[0m[32m: [32mSync completed in 8295ms[0m
    [2;3mat[0m rch/src/transfer.rs:1503 [2;3mon[0m ThreadId(1)

  [2m2026-06-09T05:28:16.564880Z[0m [32m INFO[0m [1;32mrch::transfer[0m[32m: [32mSyncing /data/projects/frankentorch/crates/ft-api -> /data/projects/frankentorch/crates/ft-api on vmi1227854[0m
    [2;3mat[0m rch/src/transfer.rs:1434 [2;3mon[0m ThreadId(1)

  [2m2026-06-09T05:28:18.643856Z[0m [32m INFO[0m [1;32mrch::transfer[0m[32m: [32mSync completed in 2078ms[0m
    [2;3mat[0m rch/src/transfer.rs:1503 [2;3mon[0m ThreadId(1)

  [2m2026-06-09T05:28:18.643941Z[0m [32m INFO[0m [1;32mrch::transfer[0m[32m: [32mSyncing /data/projects/frankentorch/crates/ft-autograd -> /data/projects/frankentorch/crates/ft-autograd on vmi1227854[0m
    [2;3mat[0m rch/src/transfer.rs:1434 [2;3mon[0m ThreadId(1)

  [2m2026-06-09T05:28:20.940693Z[0m [32m INFO[0m [1;32mrch::transfer[0m[32m: [32mSync completed in 2296ms[0m
    [2;3mat[0m rch/src/transfer.rs:1503 [2;3mon[0m ThreadId(1)

  [2m2026-06-09T05:28:20.940794Z[0m [32m INFO[0m [1;32mrch::transfer[0m[32m: [32mSyncing /data/projects/frankentorch/crates/ft-conformance -> /data/projects/frankentorch/crates/ft-conformance on vmi1227854[0m
    [2;3mat[0m rch/src/transfer.rs:1434 [2;3mon[0m ThreadId(1)

  [2m2026-06-09T05:28:23.108456Z[0m [32m INFO[0m [1;32mrch::transfer[0m[32m: [32mSync completed in 2167ms[0m
    [2;3mat[0m rch/src/transfer.rs:1503 [2;3mon[0m ThreadId(1)

  [2m2026-06-09T05:28:23.108538Z[0m [32m INFO[0m [1;32mrch::transfer[0m[32m: [32mSyncing /data/projects/frankentorch/crates/ft-core -> /data/projects/frankentorch/crates/ft-core on vmi1227854[0m
    [2;3mat[0m rch/src/transfer.rs:1434 [2;3mon[0m ThreadId(1)

  [2m2026-06-09T05:28:25.217248Z[0m [32m INFO[0m [1;32mrch::transfer[0m[32m: [32mSync completed in 2108ms[0m
    [2;3mat[0m rch/src/transfer.rs:1503 [2;3mon[0m ThreadId(1)

  [2m2026-06-09T05:28:25.217339Z[0m [32m INFO[0m [1;32mrch::transfer[0m[32m: [32mSyncing /data/projects/frankentorch/crates/ft-data -> /data/projects/frankentorch/crates/ft-data on vmi1227854[0m
    [2;3mat[0m rch/src/transfer.rs:1434 [2;3mon[0m ThreadId(1)

  [2m2026-06-09T05:28:27.753934Z[0m [32m INFO[0m [1;32mrch::transfer[0m[32m: [32mSync completed in 2536ms[0m
    [2;3mat[0m rch/src/transfer.rs:1503 [2;3mon[0m ThreadId(1)

  [2m2026-06-09T05:28:27.754007Z[0m [32m INFO[0m [1;32mrch::transfer[0m[32m: [32mSyncing /data/projects/frankentorch/crates/ft-device -> /data/projects/frankentorch/crates/ft-device on vmi1227854[0m
    [2;3mat[0m rch/src/transfer.rs:1434 [2;3mon[0m ThreadId(1)

  [2m2026-06-09T05:28:29.844236Z[0m [32m INFO[0m [1;32mrch::transfer[0m[32m: [32mSync completed in 2090ms[0m
    [2;3mat[0m rch/src/transfer.rs:1503 [2;3mon[0m ThreadId(1)

  [2m2026-06-09T05:28:29.844303Z[0m [32m INFO[0m [1;32mrch::transfer[0m[32m: [32mSyncing /data/projects/frankentorch/crates/ft-dispatch -> /data/projects/frankentorch/crates/ft-dispatch on vmi1227854[0m
    [2;3mat[0m rch/src/transfer.rs:1434 [2;3mon[0m ThreadId(1)

  [2m2026-06-09T05:28:31.813917Z[0m [32m INFO[0m [1;32mrch::transfer[0m[32m: [32mSync completed in 1969ms[0m
    [2;3mat[0m rch/src/transfer.rs:1503 [2;3mon[0m ThreadId(1)

  [2m2026-06-09T05:28:31.814009Z[0m [32m INFO[0m [1;32mrch::transfer[0m[32m: [32mSyncing /data/projects/frankentorch/crates/ft-kernel-cpu -> /data/projects/frankentorch/crates/ft-kernel-cpu on vmi1227854[0m
    [2;3mat[0m rch/src/transfer.rs:1434 [2;3mon[0m ThreadId(1)

  [2m2026-06-09T05:28:33.925916Z[0m [32m INFO[0m [1;32mrch::transfer[0m[32m: [32mSync completed in 2111ms[0m
    [2;3mat[0m rch/src/transfer.rs:1503 [2;3mon[0m ThreadId(1)

  [2m2026-06-09T05:28:33.926083Z[0m [32m INFO[0m [1;32mrch::transfer[0m[32m: [32mSyncing /data/projects/frankentorch/crates/ft-nn -> /data/projects/frankentorch/crates/ft-nn on vmi1227854[0m
    [2;3mat[0m rch/src/transfer.rs:1434 [2;3mon[0m ThreadId(1)

  [2m2026-06-09T05:28:35.976330Z[0m [32m INFO[0m [1;32mrch::transfer[0m[32m: [32mSync completed in 2050ms[0m
    [2;3mat[0m rch/src/transfer.rs:1503 [2;3mon[0m ThreadId(1)

  [2m2026-06-09T05:28:35.976429Z[0m [32m INFO[0m [1;32mrch::transfer[0m[32m: [32mSyncing /data/projects/frankentorch/crates/ft-optim -> /data/projects/frankentorch/crates/ft-optim on vmi1227854[0m
    [2;3mat[0m rch/src/transfer.rs:1434 [2;3mon[0m ThreadId(1)

  [2m2026-06-09T05:28:38.103833Z[0m [32m INFO[0m [1;32mrch::transfer[0m[32m: [32mSync completed in 2127ms[0m
    [2;3mat[0m rch/src/transfer.rs:1503 [2;3mon[0m ThreadId(1)

  [2m2026-06-09T05:28:38.103920Z[0m [32m INFO[0m [1;32mrch::transfer[0m[32m: [32mSyncing /data/projects/frankentorch/crates/ft-runtime -> /data/projects/frankentorch/crates/ft-runtime on vmi1227854[0m
    [2;3mat[0m rch/src/transfer.rs:1434 [2;3mon[0m ThreadId(1)

  [2m2026-06-09T05:28:40.261452Z[0m [32m INFO[0m [1;32mrch::transfer[0m[32m: [32mSync completed in 2157ms[0m
    [2;3mat[0m rch/src/transfer.rs:1503 [2;3mon[0m ThreadId(1)

  [2m2026-06-09T05:28:40.261527Z[0m [32m INFO[0m [1;32mrch::transfer[0m[32m: [32mSyncing /data/projects/frankentorch/crates/ft-serialize -> /data/projects/frankentorch/crates/ft-serialize on vmi1227854[0m
    [2;3mat[0m rch/src/transfer.rs:1434 [2;3mon[0m ThreadId(1)

  [2m2026-06-09T05:28:42.312944Z[0m [32m INFO[0m [1;32mrch::transfer[0m[32m: [32mSync completed in 2051ms[0m
    [2;3mat[0m rch/src/transfer.rs:1503 [2;3mon[0m ThreadId(1)

  [2m2026-06-09T05:28:42.312991Z[0m [32m INFO[0m [1;32mrch::hook[0m[32m: [32mSync complete: 51166 files, 1856092 bytes in 34035ms[0m
    [2;3mat[0m rch/src/hook.rs:6209 [2;3mon[0m ThreadId(1)

  [2m2026-06-09T05:28:47.767363Z[0m [32m INFO[0m [1;32mrch::hook[0m[32m: [32mExecuting command remotely: cargo bench -p ft-kernel-cpu --bench linalg_bench -- 'svd_f64_256x256_wellcond|svdvals_f64_256x128|svdvals_f64_384x128' --warm-up-time 1 --measurement-time 5 --sample-size 10[0m
    [2;3mat[0m rch/src/hook.rs:6252 [2;3mon[0m ThreadId(1)

  [2m2026-06-09T05:28:47.767423Z[0m [32m INFO[0m [1;32mrch::transfer[0m[32m: [32mRewriting CARGO_TARGET_DIR for remote execution (worker-scoped path): /data/tmp/cargo-target -> /data/projects/frankentorch/.rch-target-vmi1227854-job-29879662679163549-1780982888268847997-0[0m
    [2;3mat[0m rch/src/transfer.rs:712 [2;3mon[0m ThreadId(1)

    Updating crates.io index
 Downloading crates ...
  Downloaded bit-set v0.8.0
  Downloaded autocfg v1.5.0
  Downloaded fnv v1.0.7
  Downloaded anes v0.1.6
  Downloaded bit-vec v0.8.0
  Downloaded anstyle v1.0.14
  Downloaded is-terminal v0.4.17
  Downloaded half v2.7.1
  Downloaded rawpointer v0.2.1
  Downloaded once_cell v1.21.4
  Downloaded serde_json v1.0.149
  Downloaded plotters-backend v0.3.7
  Downloaded ciborium-io v0.2.2
  Downloaded rand_xorshift v0.4.0
  Downloaded clap_lex v1.1.0
  Downloaded fastrand v2.4.1
  Downloaded insta v1.47.2
  Downloaded zmij v1.0.21
  Downloaded wait-timeout v0.2.1
  Downloaded plotters-svg v0.3.7
  Downloaded errno v0.3.14
  Downloaded cast v0.3.0
  Downloaded tinytemplate v1.2.1
  Downloaded unicode-ident v1.0.24
  Downloaded rusty-fork v0.3.1
  Downloaded walkdir v2.5.0
  Downloaded tempfile v3.27.0
  Downloaded quote v1.0.45
  Downloaded wide v0.7.33
  Downloaded zerocopy-derive v0.8.48
  Downloaded memchr v2.8.0
  Downloaded rand v0.9.4
  Downloaded itertools v0.10.5
  Downloaded bytemuck_derive v1.10.2
  Downloaded clap_builder v4.6.0
  Downloaded regex v1.12.3
  Downloaded plotters v0.3.7
  Downloaded proptest v1.11.0
  Downloaded zerocopy v0.8.48
  Downloaded rayon-core v1.13.0
  Downloaded libm v0.2.16
  Downloaded regex-syntax v0.8.10
  Downloaded itoa v1.0.18
  Downloaded criterion v0.5.1
  Downloaded crossbeam-utils v0.8.21
  Downloaded syn v2.0.117
  Downloaded safe_arch v0.7.4
  Downloaded rustix v1.1.4
  Downloaded matrixmultiply v0.3.10
  Downloaded bytemuck v1.25.0
  Downloaded num-traits v0.2.19
  Downloaded clap v4.6.1
  Downloaded bitflags v2.11.1
  Downloaded serde v1.0.228
  Downloaded criterion-plot v0.5.0
  Downloaded similar v2.7.0
  Downloaded rand_core v0.9.5
  Downloaded oorandom v11.1.5
  Downloaded regex-automata v0.4.14
  Downloaded num-complex v0.4.6
  Downloaded getrandom v0.3.4
  Downloaded console v0.16.3
  Downloaded cfg-if v1.0.4
  Downloaded serde_core v1.0.228
  Downloaded serde_derive v1.0.228
  Downloaded same-file v1.0.6
  Downloaded rayon v1.12.0
  Downloaded quick-error v1.2.3
  Downloaded proc-macro2 v1.0.106
  Downloaded either v1.15.0
  Downloaded libc v0.2.185
  Downloaded crossbeam-epoch v0.9.18
  Downloaded ciborium-ll v0.2.2
  Downloaded ciborium v0.2.2
  Downloaded unarray v0.1.4
  Downloaded rand_chacha v0.9.0
  Downloaded ppv-lite86 v0.2.21
  Downloaded crossbeam-deque v0.8.6
  Downloaded aho-corasick v1.1.4
  Downloaded linux-raw-sys v0.12.1
   Compiling proc-macro2 v1.0.106
   Compiling quote v1.0.45
   Compiling unicode-ident v1.0.24
   Compiling cfg-if v1.0.4
   Compiling libc v0.2.185
   Compiling autocfg v1.5.0
   Compiling zerocopy v0.8.48
   Compiling getrandom v0.3.4
   Compiling crossbeam-utils v0.8.21
   Compiling serde_core v1.0.228
   Compiling rustix v1.1.4
   Compiling once_cell v1.21.4
   Compiling rayon-core v1.13.0
   Compiling linux-raw-sys v0.12.1
   Compiling bitflags v2.11.1
   Compiling zmij v1.0.21
   Compiling serde v1.0.228
   Compiling either v1.15.0
   Compiling num-traits v0.2.19
   Compiling serde_json v1.0.149
   Compiling fastrand v2.4.1
   Compiling regex-syntax v0.8.10
   Compiling crossbeam-epoch v0.9.18
   Compiling crossbeam-deque v0.8.6
   Compiling matrixmultiply v0.3.10
   Compiling libm v0.2.16
   Compiling memchr v2.8.0
   Compiling syn v2.0.117
   Compiling anstyle v1.0.14
   Compiling itoa v1.0.18
   Compiling clap_lex v1.1.0
   Compiling rand_core v0.9.5
   Compiling plotters-backend v0.3.7
   Compiling ciborium-io v0.2.2
   Compiling clap_builder v4.6.0
   Compiling wait-timeout v0.2.1
   Compiling rayon v1.12.0
   Compiling plotters-svg v0.3.7
   Compiling num-complex v0.4.6
   Compiling itertools v0.10.5
   Compiling cast v0.3.0
   Compiling tempfile v3.27.0
   Compiling fnv v1.0.7
   Compiling bit-vec v0.8.0
   Compiling quick-error v1.2.3
   Compiling same-file v1.0.6
   Compiling rawpointer v0.2.1
   Compiling walkdir v2.5.0
   Compiling rusty-fork v0.3.1
   Compiling regex-automata v0.4.14
   Compiling zerocopy-derive v0.8.48
   Compiling bytemuck_derive v1.10.2
   Compiling serde_derive v1.0.228
   Compiling criterion-plot v0.5.0
   Compiling clap v4.6.1
   Compiling bit-set v0.8.0
   Compiling plotters v0.3.7
   Compiling bytemuck v1.25.0
   Compiling safe_arch v0.7.4
   Compiling wide v0.7.33
   Compiling regex v1.12.3
   Compiling rand v0.9.4
   Compiling rand_xorshift v0.4.0
   Compiling is-terminal v0.4.17
   Compiling console v0.16.3
   Compiling similar v2.7.0
   Compiling unarray v0.1.4
   Compiling oorandom v11.1.5
   Compiling anes v0.1.6
   Compiling half v2.7.1
   Compiling ppv-lite86 v0.2.21
   Compiling ciborium-ll v0.2.2
   Compiling tinytemplate v1.2.1
   Compiling ft-core v0.1.0 (/data/projects/frankentorch/crates/ft-core)
   Compiling ciborium v0.2.2
   Compiling rand_chacha v0.9.0
   Compiling insta v1.47.2
   Compiling proptest v1.11.0
   Compiling criterion v0.5.1
   Compiling ft-kernel-cpu v0.1.0 (/data/projects/frankentorch/crates/ft-kernel-cpu)
    Finished `bench` profile [optimized + debuginfo] target(s) in 3m 04s
     Running benches/linalg_bench.rs (.rch-target-vmi1227854-job-29879662679163549-1780982888268847997-0/release/deps/linalg_bench-a1fa7e7590f4a8db)
Gnuplot not found, using plotters backend
Benchmarking svd_f64_256x256_wellcond
Benchmarking svd_f64_256x256_wellcond: Warming up for 1.0000 s
Benchmarking svd_f64_256x256_wellcond: Collecting 10 samples in estimated 6.6116 s (20 iterations)
svd_f64_256x256_wellcond
                        time:   [336.30 ms 344.28 ms 351.38 ms]
Benchmarking svd_f64_256x256_wellcond: Analyzing

Benchmarking svdvals_f64_256x128
Benchmarking svdvals_f64_256x128: Warming up for 1.0000 s
Benchmarking svdvals_f64_256x128: Collecting 10 samples in estimated 5.2617 s (715 iterations)
Benchmarking svdvals_f64_256x128: Analyzing
svdvals_f64_256x128     time:   [6.9123 ms 7.2339 ms 7.6042 ms]

Benchmarking svdvals_f64_384x128
Benchmarking svdvals_f64_384x128: Warming up for 1.0000 s
Benchmarking svdvals_f64_384x128: Collecting 10 samples in estimated 5.0147 s (440 iterations)
Benchmarking svdvals_f64_384x128: Analyzing
svdvals_f64_384x128     time:   [13.495 ms 14.682 ms 15.579 ms]

  [2m2026-06-09T05:32:55.338433Z[0m [32m INFO[0m [1;32mrch::hook[0m[32m: [32mRemote command finished: exit=0 in 247570ms[0m
    [2;3mat[0m rch/src/hook.rs:6376 [2;3mon[0m ThreadId(1)

  [2m2026-06-09T05:32:55.338824Z[0m [32m INFO[0m [1;32mrch::hook[0m[32m: [32mRetrieving build artifacts...[0m
    [2;3mat[0m rch/src/hook.rs:6425 [2;3mon[0m ThreadId(1)

  [2m2026-06-09T05:32:55.338856Z[0m [32m INFO[0m [1;32mrch::transfer[0m[32m: [32mRetrieving artifacts from /data/projects/frankentorch on vmi1227854[0m
    [2;3mat[0m rch/src/transfer.rs:2106 [2;3mon[0m ThreadId(1)

  [2m2026-06-09T05:32:57.476504Z[0m [32m INFO[0m [1;32mrch::transfer[0m[32m: [32mArtifacts retrieved in 2137ms (5 files, 1809 bytes)[0m
    [2;3mat[0m rch/src/transfer.rs:2145 [2;3mon[0m ThreadId(1)

  [2m2026-06-09T05:32:57.476541Z[0m [32m INFO[0m [1;32mrch::hook[0m[32m: [32mArtifacts retrieved: 5 files, 1809 bytes in 2137ms[0m
    [2;3mat[0m rch/src/hook.rs:6458 [2;3mon[0m ThreadId(1)

  [2m2026-06-09T05:32:57.476629Z[0m [32m INFO[0m [1;32mrch::transfer[0m[32m: [32mRetrieving artifacts from /data/projects/frankentorch/.rch-target-vmi1227854-job-29879662679163549-1780982888268847997-0 on vmi1227854[0m
    [2;3mat[0m rch/src/transfer.rs:2106 [2;3mon[0m ThreadId(1)

  [2m2026-06-09T05:32:59.626279Z[0m [32m INFO[0m [1;32mrch::transfer[0m[32m: [32mArtifacts retrieved in 2149ms (72 files, 6221 bytes)[0m
    [2;3mat[0m rch/src/transfer.rs:2145 [2;3mon[0m ThreadId(1)

  [2m2026-06-09T05:32:59.626314Z[0m [32m INFO[0m [1;32mrch::hook[0m[32m: [32mCustom CARGO_TARGET_DIR artifacts retrieved: 72 files, 6221 bytes in 2149ms[0m
    [2;3mat[0m rch/src/hook.rs:6582 [2;3mon[0m ThreadId(1)

[RCH] remote vmi1227854 (293.8s)
