  2026-06-09T05:54:09.047885Z  INFO rch::hook: Selected worker: vmi1227854 at root@109.123.245.77 (0 slots remaining after reservation, speed 50.0)
    at rch/src/hook.rs:514 on ThreadId(1)

  2026-06-09T05:54:09.386296Z  INFO rch::hook: Starting remote compilation pipeline for frankentorch (hash: 78ab156102a58c4c)
    at rch/src/hook.rs:5994 on ThreadId(1)

  2026-06-09T05:54:09.386356Z  INFO rch::hook: Prepared dependency sync manifest for 13 roots
    at rch/src/hook.rs:6016 on ThreadId(1)

  2026-06-09T05:54:11.195924Z  INFO rch::hook: Syncing project to worker vmi1227854...
    at rch/src/hook.rs:6046 on ThreadId(1)

  2026-06-09T05:54:11.196009Z  INFO rch::transfer: Syncing /data/projects/frankentorch -> /data/projects/frankentorch on vmi1227854
    at rch/src/transfer.rs:1434 on ThreadId(1)

  2026-06-09T05:54:19.319881Z  INFO rch::transfer: Sync completed in 8123ms
    at rch/src/transfer.rs:1503 on ThreadId(1)

  2026-06-09T05:54:19.319962Z  INFO rch::transfer: Syncing /data/projects/frankentorch/crates/ft-api -> /data/projects/frankentorch/crates/ft-api on vmi1227854
    at rch/src/transfer.rs:1434 on ThreadId(1)

  2026-06-09T05:54:21.441593Z  INFO rch::transfer: Sync completed in 2121ms
    at rch/src/transfer.rs:1503 on ThreadId(1)

  2026-06-09T05:54:21.441676Z  INFO rch::transfer: Syncing /data/projects/frankentorch/crates/ft-autograd -> /data/projects/frankentorch/crates/ft-autograd on vmi1227854
    at rch/src/transfer.rs:1434 on ThreadId(1)

  2026-06-09T05:54:23.278542Z  INFO rch::transfer: Sync completed in 1836ms
    at rch/src/transfer.rs:1503 on ThreadId(1)

  2026-06-09T05:54:23.278617Z  INFO rch::transfer: Syncing /data/projects/frankentorch/crates/ft-conformance -> /data/projects/frankentorch/crates/ft-conformance on vmi1227854
    at rch/src/transfer.rs:1434 on ThreadId(1)

  2026-06-09T05:54:25.180144Z  INFO rch::transfer: Sync completed in 1901ms
    at rch/src/transfer.rs:1503 on ThreadId(1)

  2026-06-09T05:54:25.180220Z  INFO rch::transfer: Syncing /data/projects/frankentorch/crates/ft-core -> /data/projects/frankentorch/crates/ft-core on vmi1227854
    at rch/src/transfer.rs:1434 on ThreadId(1)

  2026-06-09T05:54:27.189016Z  INFO rch::transfer: Sync completed in 2008ms
    at rch/src/transfer.rs:1503 on ThreadId(1)

  2026-06-09T05:54:27.189096Z  INFO rch::transfer: Syncing /data/projects/frankentorch/crates/ft-data -> /data/projects/frankentorch/crates/ft-data on vmi1227854
    at rch/src/transfer.rs:1434 on ThreadId(1)

  2026-06-09T05:54:29.114787Z  INFO rch::transfer: Sync completed in 1925ms
    at rch/src/transfer.rs:1503 on ThreadId(1)

  2026-06-09T05:54:29.114865Z  INFO rch::transfer: Syncing /data/projects/frankentorch/crates/ft-device -> /data/projects/frankentorch/crates/ft-device on vmi1227854
    at rch/src/transfer.rs:1434 on ThreadId(1)

  2026-06-09T05:54:30.996679Z  INFO rch::transfer: Sync completed in 1881ms
    at rch/src/transfer.rs:1503 on ThreadId(1)

  2026-06-09T05:54:30.996772Z  INFO rch::transfer: Syncing /data/projects/frankentorch/crates/ft-dispatch -> /data/projects/frankentorch/crates/ft-dispatch on vmi1227854
    at rch/src/transfer.rs:1434 on ThreadId(1)

  2026-06-09T05:54:32.924078Z  INFO rch::transfer: Sync completed in 1927ms
    at rch/src/transfer.rs:1503 on ThreadId(1)

  2026-06-09T05:54:32.924170Z  INFO rch::transfer: Syncing /data/projects/frankentorch/crates/ft-kernel-cpu -> /data/projects/frankentorch/crates/ft-kernel-cpu on vmi1227854
    at rch/src/transfer.rs:1434 on ThreadId(1)

  2026-06-09T05:54:34.773680Z  INFO rch::transfer: Sync completed in 1849ms
    at rch/src/transfer.rs:1503 on ThreadId(1)

  2026-06-09T05:54:34.773785Z  INFO rch::transfer: Syncing /data/projects/frankentorch/crates/ft-nn -> /data/projects/frankentorch/crates/ft-nn on vmi1227854
    at rch/src/transfer.rs:1434 on ThreadId(1)

  2026-06-09T05:54:36.575715Z  INFO rch::transfer: Sync completed in 1801ms
    at rch/src/transfer.rs:1503 on ThreadId(1)

  2026-06-09T05:54:36.575836Z  INFO rch::transfer: Syncing /data/projects/frankentorch/crates/ft-optim -> /data/projects/frankentorch/crates/ft-optim on vmi1227854
    at rch/src/transfer.rs:1434 on ThreadId(1)

  2026-06-09T05:54:38.477236Z  INFO rch::transfer: Sync completed in 1901ms
    at rch/src/transfer.rs:1503 on ThreadId(1)

  2026-06-09T05:54:38.477319Z  INFO rch::transfer: Syncing /data/projects/frankentorch/crates/ft-runtime -> /data/projects/frankentorch/crates/ft-runtime on vmi1227854
    at rch/src/transfer.rs:1434 on ThreadId(1)

  2026-06-09T05:54:40.458345Z  INFO rch::transfer: Sync completed in 1981ms
    at rch/src/transfer.rs:1503 on ThreadId(1)

  2026-06-09T05:54:40.458455Z  INFO rch::transfer: Syncing /data/projects/frankentorch/crates/ft-serialize -> /data/projects/frankentorch/crates/ft-serialize on vmi1227854
    at rch/src/transfer.rs:1434 on ThreadId(1)

  2026-06-09T05:54:42.381061Z  INFO rch::transfer: Sync completed in 1922ms
    at rch/src/transfer.rs:1503 on ThreadId(1)

  2026-06-09T05:54:42.381113Z  INFO rch::hook: Sync complete: 51194 files, 1847673 bytes in 31176ms
    at rch/src/hook.rs:6209 on ThreadId(1)

  2026-06-09T05:54:46.685540Z  INFO rch::hook: Executing command remotely: cargo bench -p ft-kernel-cpu --bench linalg_bench -- 'svd_f64_256x256_wellcond|svdvals_f64_256x128|svdvals_f64_384x128' --warm-up-time 1 --measurement-time 5 --sample-size 10
    at rch/src/hook.rs:6252 on ThreadId(1)

  2026-06-09T05:54:46.685590Z  INFO rch::transfer: Rewriting CARGO_TARGET_DIR for remote execution (worker-scoped path): /data/tmp/cargo-target -> /data/projects/frankentorch/.rch-target-vmi1227854-job-29879662679163592-1780984451195915940-0
    at rch/src/transfer.rs:712 on ThreadId(1)

    Updating crates.io index
 Downloading crates ...
  Downloaded cast v0.3.0
  Downloaded bit-set v0.8.0
  Downloaded clap_lex v1.1.0
  Downloaded wait-timeout v0.2.1
  Downloaded cfg-if v1.0.4
  Downloaded anstyle v1.0.14
  Downloaded rawpointer v0.2.1
  Downloaded ciborium-ll v0.2.2
  Downloaded fnv v1.0.7
  Downloaded bit-vec v0.8.0
  Downloaded is-terminal v0.4.17
  Downloaded bitflags v2.11.1
  Downloaded crossbeam-deque v0.8.6
  Downloaded unarray v0.1.4
  Downloaded criterion-plot v0.5.0
  Downloaded zmij v1.0.21
  Downloaded rand_xorshift v0.4.0
  Downloaded either v1.15.0
  Downloaded same-file v1.0.6
  Downloaded plotters-backend v0.3.7
  Downloaded crossbeam-utils v0.8.21
  Downloaded walkdir v2.5.0
  Downloaded rusty-fork v0.3.1
  Downloaded similar v2.7.0
  Downloaded half v2.7.1
  Downloaded tinytemplate v1.2.1
  Downloaded unicode-ident v1.0.24
  Downloaded serde_derive v1.0.228
  Downloaded memchr v2.8.0
  Downloaded rayon-core v1.13.0
  Downloaded matrixmultiply v0.3.10
  Downloaded zerocopy-derive v0.8.48
  Downloaded wide v0.7.33
  Downloaded itertools v0.10.5
  Downloaded rand v0.9.4
  Downloaded plotters v0.3.7
  Downloaded regex v1.12.3
  Downloaded aho-corasick v1.1.4
  Downloaded libm v0.2.16
  Downloaded serde_json v1.0.149
  Downloaded insta v1.47.2
  Downloaded rayon v1.12.0
  Downloaded proptest v1.11.0
  Downloaded clap_builder v4.6.0
  Downloaded serde v1.0.228
  Downloaded criterion v0.5.1
  Downloaded safe_arch v0.7.4
  Downloaded zerocopy v0.8.48
  Downloaded proc-macro2 v1.0.106
  Downloaded syn v2.0.117
  Downloaded serde_core v1.0.228
  Downloaded tempfile v3.27.0
  Downloaded rand_core v0.9.5
  Downloaded quote v1.0.45
  Downloaded getrandom v0.3.4
  Downloaded clap v4.6.1
  Downloaded once_cell v1.21.4
  Downloaded regex-syntax v0.8.10
  Downloaded num-traits v0.2.19
  Downloaded rand_chacha v0.9.0
  Downloaded oorandom v11.1.5
  Downloaded num-complex v0.4.6
  Downloaded fastrand v2.4.1
  Downloaded bytemuck v1.25.0
  Downloaded rustix v1.1.4
  Downloaded ppv-lite86 v0.2.21
  Downloaded quick-error v1.2.3
  Downloaded plotters-svg v0.3.7
  Downloaded errno v0.3.14
  Downloaded crossbeam-epoch v0.9.18
  Downloaded console v0.16.3
  Downloaded ciborium v0.2.2
  Downloaded itoa v1.0.18
  Downloaded autocfg v1.5.0
  Downloaded regex-automata v0.4.14
  Downloaded anes v0.1.6
  Downloaded ciborium-io v0.2.2
  Downloaded bytemuck_derive v1.10.2
  Downloaded libc v0.2.185
  Downloaded linux-raw-sys v0.12.1
   Compiling proc-macro2 v1.0.106
   Compiling quote v1.0.45
   Compiling unicode-ident v1.0.24
   Compiling cfg-if v1.0.4
   Compiling libc v0.2.185
   Compiling autocfg v1.5.0
   Compiling zerocopy v0.8.48
   Compiling getrandom v0.3.4
   Compiling crossbeam-utils v0.8.21
   Compiling serde_core v1.0.228
   Compiling rustix v1.1.4
   Compiling serde v1.0.228
   Compiling linux-raw-sys v0.12.1
   Compiling rayon-core v1.13.0
   Compiling once_cell v1.21.4
   Compiling zmij v1.0.21
   Compiling either v1.15.0
   Compiling num-traits v0.2.19
   Compiling bitflags v2.11.1
   Compiling crossbeam-epoch v0.9.18
   Compiling regex-syntax v0.8.10
   Compiling serde_json v1.0.149
   Compiling fastrand v2.4.1
   Compiling crossbeam-deque v0.8.6
   Compiling matrixmultiply v0.3.10
   Compiling syn v2.0.117
   Compiling libm v0.2.16
   Compiling memchr v2.8.0
   Compiling rand_core v0.9.5
   Compiling ciborium-io v0.2.2
   Compiling anstyle v1.0.14
   Compiling plotters-backend v0.3.7
   Compiling clap_lex v1.1.0
   Compiling itoa v1.0.18
   Compiling regex-automata v0.4.14
   Compiling plotters-svg v0.3.7
   Compiling clap_builder v4.6.0
   Compiling rayon v1.12.0
   Compiling num-complex v0.4.6
   Compiling wait-timeout v0.2.1
   Compiling tempfile v3.27.0
   Compiling itertools v0.10.5
   Compiling cast v0.3.0
   Compiling bit-vec v0.8.0
   Compiling quick-error v1.2.3
   Compiling zerocopy-derive v0.8.48
   Compiling bytemuck_derive v1.10.2
   Compiling serde_derive v1.0.228
   Compiling rawpointer v0.2.1
   Compiling fnv v1.0.7
   Compiling same-file v1.0.6
   Compiling rusty-fork v0.3.1
   Compiling criterion-plot v0.5.0
   Compiling regex v1.12.3
   Compiling walkdir v2.5.0
   Compiling bytemuck v1.25.0
   Compiling safe_arch v0.7.4
   Compiling bit-set v0.8.0
   Compiling wide v0.7.33
   Compiling clap v4.6.1
   Compiling plotters v0.3.7
   Compiling rand v0.9.4
   Compiling rand_xorshift v0.4.0
   Compiling console v0.16.3
   Compiling is-terminal v0.4.17
   Compiling tinytemplate v1.2.1
   Compiling anes v0.1.6
   Compiling oorandom v11.1.5
   Compiling unarray v0.1.4
   Compiling similar v2.7.0
   Compiling insta v1.47.2
   Compiling half v2.7.1
   Compiling ppv-lite86 v0.2.21
   Compiling rand_chacha v0.9.0
   Compiling ciborium-ll v0.2.2
   Compiling ciborium v0.2.2
   Compiling ft-core v0.1.0 (/data/projects/frankentorch/crates/ft-core)
   Compiling proptest v1.11.0
   Compiling criterion v0.5.1
   Compiling ft-kernel-cpu v0.1.0 (/data/projects/frankentorch/crates/ft-kernel-cpu)
    Finished `bench` profile [optimized + debuginfo] target(s) in 1m 04s
     Running benches/linalg_bench.rs (.rch-target-vmi1227854-job-29879662679163592-1780984451195915940-0/release/deps/linalg_bench-a1fa7e7590f4a8db)
Gnuplot not found, using plotters backend
Benchmarking svd_f64_256x256_wellcond
Benchmarking svd_f64_256x256_wellcond: Warming up for 1.0000 s
Benchmarking svd_f64_256x256_wellcond: Collecting 10 samples in estimated 5.8872 s (30 iterations)
Benchmarking svd_f64_256x256_wellcond: Analyzing
svd_f64_256x256_wellcond
                        time:   [190.61 ms 192.75 ms 194.94 ms]

Benchmarking svdvals_f64_256x128
Benchmarking svdvals_f64_256x128: Warming up for 1.0000 s
Benchmarking svdvals_f64_256x128: Collecting 10 samples in estimated 5.3554 s (825 iterations)
Benchmarking svdvals_f64_256x128: Analyzing
svdvals_f64_256x128     time:   [5.9010 ms 6.4640 ms 6.7065 ms]

Benchmarking svdvals_f64_384x128
Benchmarking svdvals_f64_384x128: Warming up for 1.0000 s
Benchmarking svdvals_f64_384x128: Collecting 10 samples in estimated 5.5856 s (495 iterations)
Benchmarking svdvals_f64_384x128: Analyzing
svdvals_f64_384x128     time:   [10.904 ms 11.376 ms 12.211 ms]
Found 1 outliers among 10 measurements (10.00%)
  1 (10.00%) high mild

  2026-06-09T05:56:48.615704Z  INFO rch::hook: Remote command finished: exit=0 in 121930ms
    at rch/src/hook.rs:6376 on ThreadId(1)

  2026-06-09T05:56:48.616074Z  INFO rch::hook: Retrieving build artifacts...
    at rch/src/hook.rs:6425 on ThreadId(1)

  2026-06-09T05:56:48.616091Z  INFO rch::transfer: Retrieving artifacts from /data/projects/frankentorch on vmi1227854
    at rch/src/transfer.rs:2106 on ThreadId(1)

  2026-06-09T05:56:50.565096Z  INFO rch::transfer: Artifacts retrieved in 1948ms (5 files, 1809 bytes)
    at rch/src/transfer.rs:2145 on ThreadId(1)

  2026-06-09T05:56:50.565130Z  INFO rch::hook: Artifacts retrieved: 5 files, 1809 bytes in 1948ms
    at rch/src/hook.rs:6458 on ThreadId(1)

  2026-06-09T05:56:50.565221Z  INFO rch::transfer: Retrieving artifacts from /data/projects/frankentorch/.rch-target-vmi1227854-job-29879662679163592-1780984451195915940-0 on vmi1227854
    at rch/src/transfer.rs:2106 on ThreadId(1)

  2026-06-09T05:56:52.611098Z  INFO rch::transfer: Artifacts retrieved in 2045ms (72 files, 6300 bytes)
    at rch/src/transfer.rs:2145 on ThreadId(1)

  2026-06-09T05:56:52.611137Z  INFO rch::hook: Custom CARGO_TARGET_DIR artifacts retrieved: 72 files, 6300 bytes in 2045ms
    at rch/src/hook.rs:6582 on ThreadId(1)

[RCH] remote vmi1227854 (163.6s)
