  2026-06-09T05:34:02.155077Z  INFO rch::hook: Selected worker: vmi1227854 at root@109.123.245.77 (3 slots remaining after reservation, speed 50.0)
    at rch/src/hook.rs:514 on ThreadId(1)

  2026-06-09T05:34:02.474957Z  INFO rch::hook: Starting remote compilation pipeline for frankentorch (hash: 78ab156102a58c4c)
    at rch/src/hook.rs:5994 on ThreadId(1)

  2026-06-09T05:34:02.475005Z  INFO rch::hook: Prepared dependency sync manifest for 13 roots
    at rch/src/hook.rs:6016 on ThreadId(1)

  2026-06-09T05:34:04.267429Z  INFO rch::hook: Syncing project to worker vmi1227854...
    at rch/src/hook.rs:6046 on ThreadId(1)

  2026-06-09T05:34:04.267497Z  INFO rch::transfer: Syncing /data/projects/frankentorch -> /data/projects/frankentorch on vmi1227854
    at rch/src/transfer.rs:1434 on ThreadId(1)

  2026-06-09T05:34:12.296466Z  INFO rch::transfer: Sync completed in 8028ms
    at rch/src/transfer.rs:1503 on ThreadId(1)

  2026-06-09T05:34:12.296537Z  INFO rch::transfer: Syncing /data/projects/frankentorch/crates/ft-api -> /data/projects/frankentorch/crates/ft-api on vmi1227854
    at rch/src/transfer.rs:1434 on ThreadId(1)

  2026-06-09T05:34:14.302564Z  INFO rch::transfer: Sync completed in 2006ms
    at rch/src/transfer.rs:1503 on ThreadId(1)

  2026-06-09T05:34:14.302631Z  INFO rch::transfer: Syncing /data/projects/frankentorch/crates/ft-autograd -> /data/projects/frankentorch/crates/ft-autograd on vmi1227854
    at rch/src/transfer.rs:1434 on ThreadId(1)

  2026-06-09T05:34:16.198242Z  INFO rch::transfer: Sync completed in 1895ms
    at rch/src/transfer.rs:1503 on ThreadId(1)

  2026-06-09T05:34:16.198300Z  INFO rch::transfer: Syncing /data/projects/frankentorch/crates/ft-conformance -> /data/projects/frankentorch/crates/ft-conformance on vmi1227854
    at rch/src/transfer.rs:1434 on ThreadId(1)

  2026-06-09T05:34:18.003694Z  INFO rch::transfer: Sync completed in 1805ms
    at rch/src/transfer.rs:1503 on ThreadId(1)

  2026-06-09T05:34:18.003795Z  INFO rch::transfer: Syncing /data/projects/frankentorch/crates/ft-core -> /data/projects/frankentorch/crates/ft-core on vmi1227854
    at rch/src/transfer.rs:1434 on ThreadId(1)

  2026-06-09T05:34:20.022592Z  INFO rch::transfer: Sync completed in 2018ms
    at rch/src/transfer.rs:1503 on ThreadId(1)

  2026-06-09T05:34:20.022660Z  INFO rch::transfer: Syncing /data/projects/frankentorch/crates/ft-data -> /data/projects/frankentorch/crates/ft-data on vmi1227854
    at rch/src/transfer.rs:1434 on ThreadId(1)

  2026-06-09T05:34:21.975775Z  INFO rch::transfer: Sync completed in 1953ms
    at rch/src/transfer.rs:1503 on ThreadId(1)

  2026-06-09T05:34:21.975846Z  INFO rch::transfer: Syncing /data/projects/frankentorch/crates/ft-device -> /data/projects/frankentorch/crates/ft-device on vmi1227854
    at rch/src/transfer.rs:1434 on ThreadId(1)

  2026-06-09T05:34:23.896116Z  INFO rch::transfer: Sync completed in 1920ms
    at rch/src/transfer.rs:1503 on ThreadId(1)

  2026-06-09T05:34:23.896195Z  INFO rch::transfer: Syncing /data/projects/frankentorch/crates/ft-dispatch -> /data/projects/frankentorch/crates/ft-dispatch on vmi1227854
    at rch/src/transfer.rs:1434 on ThreadId(1)

  2026-06-09T05:34:25.771516Z  INFO rch::transfer: Sync completed in 1875ms
    at rch/src/transfer.rs:1503 on ThreadId(1)

  2026-06-09T05:34:25.771613Z  INFO rch::transfer: Syncing /data/projects/frankentorch/crates/ft-kernel-cpu -> /data/projects/frankentorch/crates/ft-kernel-cpu on vmi1227854
    at rch/src/transfer.rs:1434 on ThreadId(1)

  2026-06-09T05:34:27.608840Z  INFO rch::transfer: Sync completed in 1837ms
    at rch/src/transfer.rs:1503 on ThreadId(1)

  2026-06-09T05:34:27.608938Z  INFO rch::transfer: Syncing /data/projects/frankentorch/crates/ft-nn -> /data/projects/frankentorch/crates/ft-nn on vmi1227854
    at rch/src/transfer.rs:1434 on ThreadId(1)

  2026-06-09T05:34:29.491627Z  INFO rch::transfer: Sync completed in 1882ms
    at rch/src/transfer.rs:1503 on ThreadId(1)

  2026-06-09T05:34:29.491702Z  INFO rch::transfer: Syncing /data/projects/frankentorch/crates/ft-optim -> /data/projects/frankentorch/crates/ft-optim on vmi1227854
    at rch/src/transfer.rs:1434 on ThreadId(1)

  2026-06-09T05:34:31.420378Z  INFO rch::transfer: Sync completed in 1928ms
    at rch/src/transfer.rs:1503 on ThreadId(1)

  2026-06-09T05:34:31.420455Z  INFO rch::transfer: Syncing /data/projects/frankentorch/crates/ft-runtime -> /data/projects/frankentorch/crates/ft-runtime on vmi1227854
    at rch/src/transfer.rs:1434 on ThreadId(1)

  2026-06-09T05:34:33.374401Z  INFO rch::transfer: Sync completed in 1953ms
    at rch/src/transfer.rs:1503 on ThreadId(1)

  2026-06-09T05:34:33.374491Z  INFO rch::transfer: Syncing /data/projects/frankentorch/crates/ft-serialize -> /data/projects/frankentorch/crates/ft-serialize on vmi1227854
    at rch/src/transfer.rs:1434 on ThreadId(1)

  2026-06-09T05:34:35.324239Z  INFO rch::transfer: Sync completed in 1949ms
    at rch/src/transfer.rs:1503 on ThreadId(1)

  2026-06-09T05:34:35.324284Z  INFO rch::hook: Sync complete: 51169 files, 1826210 bytes in 31049ms
    at rch/src/hook.rs:6209 on ThreadId(1)

  2026-06-09T05:34:39.584281Z  INFO rch::hook: Executing command remotely: cargo bench -p ft-kernel-cpu --bench linalg_bench -- 'svd_f64_256x256_wellcond|svdvals_f64_256x128|svdvals_f64_384x128' --warm-up-time 1 --measurement-time 5 --sample-size 10
    at rch/src/hook.rs:6252 on ThreadId(1)

  2026-06-09T05:34:39.584321Z  INFO rch::transfer: Rewriting CARGO_TARGET_DIR for remote execution (worker-scoped path): /data/tmp/cargo-target -> /data/projects/frankentorch/.rch-target-vmi1227854-job-29879662679163555-1780983244267421993-0
    at rch/src/transfer.rs:712 on ThreadId(1)

    Updating crates.io index
 Downloading crates ...
  Downloaded console v0.16.3
  Downloaded ciborium-io v0.2.2
  Downloaded clap v4.6.1
  Downloaded ciborium-ll v0.2.2
  Downloaded bit-set v0.8.0
  Downloaded fnv v1.0.7
  Downloaded cfg-if v1.0.4
  Downloaded cast v0.3.0
  Downloaded clap_lex v1.1.0
  Downloaded errno v0.3.14
  Downloaded itoa v1.0.18
  Downloaded is-terminal v0.4.17
  Downloaded plotters-svg v0.3.7
  Downloaded same-file v1.0.6
  Downloaded wait-timeout v0.2.1
  Downloaded plotters-backend v0.3.7
  Downloaded rand_xorshift v0.4.0
  Downloaded unarray v0.1.4
  Downloaded rawpointer v0.2.1
  Downloaded quick-error v1.2.3
  Downloaded fastrand v2.4.1
  Downloaded crossbeam-deque v0.8.6
  Downloaded walkdir v2.5.0
  Downloaded tinytemplate v1.2.1
  Downloaded rand_core v0.9.5
  Downloaded rusty-fork v0.3.1
  Downloaded ppv-lite86 v0.2.21
  Downloaded oorandom v11.1.5
  Downloaded bytemuck_derive v1.10.2
  Downloaded bit-vec v0.8.0
  Downloaded anes v0.1.6
  Downloaded zmij v1.0.21
  Downloaded criterion-plot v0.5.0
  Downloaded autocfg v1.5.0
  Downloaded anstyle v1.0.14
  Downloaded num-complex v0.4.6
  Downloaded quote v1.0.45
  Downloaded either v1.15.0
  Downloaded crossbeam-utils v0.8.21
  Downloaded ciborium v0.2.2
  Downloaded tempfile v3.27.0
  Downloaded once_cell v1.21.4
  Downloaded crossbeam-epoch v0.9.18
  Downloaded unicode-ident v1.0.24
  Downloaded rayon-core v1.13.0
  Downloaded matrixmultiply v0.3.10
  Downloaded num-traits v0.2.19
  Downloaded half v2.7.1
  Downloaded bitflags v2.11.1
  Downloaded serde v1.0.228
  Downloaded safe_arch v0.7.4
  Downloaded zerocopy-derive v0.8.48
  Downloaded wide v0.7.33
  Downloaded rand v0.9.4
  Downloaded serde_json v1.0.149
  Downloaded plotters v0.3.7
  Downloaded rayon v1.12.0
  Downloaded libm v0.2.16
  Downloaded proptest v1.11.0
  Downloaded clap_builder v4.6.0
  Downloaded aho-corasick v1.1.4
  Downloaded regex v1.12.3
  Downloaded syn v2.0.117
  Downloaded zerocopy v0.8.48
  Downloaded itertools v0.10.5
  Downloaded regex-syntax v0.8.10
  Downloaded insta v1.47.2
  Downloaded criterion v0.5.1
  Downloaded rustix v1.1.4
  Downloaded memchr v2.8.0
  Downloaded similar v2.7.0
  Downloaded serde_derive v1.0.228
  Downloaded serde_core v1.0.228
  Downloaded rand_chacha v0.9.0
  Downloaded proc-macro2 v1.0.106
  Downloaded getrandom v0.3.4
  Downloaded bytemuck v1.25.0
  Downloaded regex-automata v0.4.14
  Downloaded libc v0.2.185
  Downloaded linux-raw-sys v0.12.1
   Compiling proc-macro2 v1.0.106
   Compiling quote v1.0.45
   Compiling unicode-ident v1.0.24
   Compiling libc v0.2.185
   Compiling cfg-if v1.0.4
   Compiling autocfg v1.5.0
   Compiling zerocopy v0.8.48
   Compiling getrandom v0.3.4
   Compiling crossbeam-utils v0.8.21
   Compiling serde_core v1.0.228
   Compiling rustix v1.1.4
   Compiling bitflags v2.11.1
   Compiling rayon-core v1.13.0
   Compiling zmij v1.0.21
   Compiling linux-raw-sys v0.12.1
   Compiling either v1.15.0
   Compiling num-traits v0.2.19
   Compiling crossbeam-epoch v0.9.18
   Compiling once_cell v1.21.4
   Compiling serde v1.0.228
   Compiling serde_json v1.0.149
   Compiling regex-syntax v0.8.10
   Compiling crossbeam-deque v0.8.6
   Compiling fastrand v2.4.1
   Compiling syn v2.0.117
   Compiling matrixmultiply v0.3.10
   Compiling rand_core v0.9.5
   Compiling ciborium-io v0.2.2
   Compiling anstyle v1.0.14
   Compiling libm v0.2.16
   Compiling clap_lex v1.1.0
   Compiling memchr v2.8.0
   Compiling plotters-backend v0.3.7
   Compiling itoa v1.0.18
   Compiling plotters-svg v0.3.7
   Compiling clap_builder v4.6.0
   Compiling num-complex v0.4.6
   Compiling rayon v1.12.0
   Compiling tempfile v3.27.0
   Compiling regex-automata v0.4.14
   Compiling wait-timeout v0.2.1
   Compiling itertools v0.10.5
   Compiling same-file v1.0.6
   Compiling rawpointer v0.2.1
   Compiling cast v0.3.0
   Compiling quick-error v1.2.3
   Compiling fnv v1.0.7
   Compiling bit-vec v0.8.0
   Compiling rusty-fork v0.3.1
   Compiling bit-set v0.8.0
   Compiling walkdir v2.5.0
   Compiling zerocopy-derive v0.8.48
   Compiling bytemuck_derive v1.10.2
   Compiling serde_derive v1.0.228
   Compiling criterion-plot v0.5.0
   Compiling regex v1.12.3
   Compiling clap v4.6.1
   Compiling plotters v0.3.7
   Compiling bytemuck v1.25.0
   Compiling safe_arch v0.7.4
   Compiling rand v0.9.4
   Compiling wide v0.7.33
   Compiling rand_xorshift v0.4.0
   Compiling is-terminal v0.4.17
   Compiling console v0.16.3
   Compiling similar v2.7.0
   Compiling anes v0.1.6
   Compiling unarray v0.1.4
   Compiling oorandom v11.1.5
   Compiling insta v1.47.2
   Compiling tinytemplate v1.2.1
   Compiling half v2.7.1
   Compiling ppv-lite86 v0.2.21
   Compiling rand_chacha v0.9.0
   Compiling ciborium-ll v0.2.2
   Compiling ft-core v0.1.0 (/data/projects/frankentorch/crates/ft-core)
   Compiling proptest v1.11.0
   Compiling ciborium v0.2.2
   Compiling criterion v0.5.1
   Compiling ft-kernel-cpu v0.1.0 (/data/projects/frankentorch/crates/ft-kernel-cpu)
    Finished `bench` profile [optimized + debuginfo] target(s) in 59.61s
     Running benches/linalg_bench.rs (.rch-target-vmi1227854-job-29879662679163555-1780983244267421993-0/release/deps/linalg_bench-a1fa7e7590f4a8db)
Gnuplot not found, using plotters backend
Benchmarking svd_f64_256x256_wellcond
Benchmarking svd_f64_256x256_wellcond: Warming up for 1.0000 s
Benchmarking svd_f64_256x256_wellcond: Collecting 10 samples in estimated 6.8551 s (20 iterations)
Benchmarking svd_f64_256x256_wellcond: Analyzing
svd_f64_256x256_wellcond
                        time:   [323.09 ms 326.56 ms 330.54 ms]
Found 2 outliers among 10 measurements (20.00%)
  1 (10.00%) low mild
  1 (10.00%) high severe

Benchmarking svdvals_f64_256x128
Benchmarking svdvals_f64_256x128: Warming up for 1.0000 s
Benchmarking svdvals_f64_256x128: Collecting 10 samples in estimated 5.2129 s (770 iterations)
Benchmarking svdvals_f64_256x128: Analyzing
svdvals_f64_256x128     time:   [6.5638 ms 6.7488 ms 7.0993 ms]
Found 1 outliers among 10 measurements (10.00%)
  1 (10.00%) high mild

Benchmarking svdvals_f64_384x128
Benchmarking svdvals_f64_384x128: Warming up for 1.0000 s
Benchmarking svdvals_f64_384x128: Collecting 10 samples in estimated 5.3696 s (495 iterations)
svdvals_f64_384x128     time:   [11.184 ms 11.654 ms 12.107 ms]
Found 1 outliers among 10 measurements (10.00%)
  1 (10.00%) high mild
Benchmarking svdvals_f64_384x128: Analyzing

  2026-06-09T05:36:41.270204Z  INFO rch::hook: Remote command finished: exit=0 in 121685ms
    at rch/src/hook.rs:6376 on ThreadId(1)

  2026-06-09T05:36:41.270554Z  INFO rch::hook: Retrieving build artifacts...
    at rch/src/hook.rs:6425 on ThreadId(1)

  2026-06-09T05:36:41.270587Z  INFO rch::transfer: Retrieving artifacts from /data/projects/frankentorch on vmi1227854
    at rch/src/transfer.rs:2106 on ThreadId(1)

  2026-06-09T05:36:43.859099Z  INFO rch::transfer: Artifacts retrieved in 2588ms (5 files, 1809 bytes)
    at rch/src/transfer.rs:2145 on ThreadId(1)

  2026-06-09T05:36:43.859123Z  INFO rch::hook: Artifacts retrieved: 5 files, 1809 bytes in 2588ms
    at rch/src/hook.rs:6458 on ThreadId(1)

  2026-06-09T05:36:43.859214Z  INFO rch::transfer: Retrieving artifacts from /data/projects/frankentorch/.rch-target-vmi1227854-job-29879662679163555-1780983244267421993-0 on vmi1227854
    at rch/src/transfer.rs:2106 on ThreadId(1)

  2026-06-09T05:36:47.439272Z  INFO rch::transfer: Artifacts retrieved in 3580ms (234 files, 4746 bytes)
    at rch/src/transfer.rs:2145 on ThreadId(1)

  2026-06-09T05:36:47.439293Z  INFO rch::hook: Custom CARGO_TARGET_DIR artifacts retrieved: 234 files, 4746 bytes in 3580ms
    at rch/src/hook.rs:6582 on ThreadId(1)

[RCH] remote vmi1227854 (165.3s)
