в„№ Preparing shadow workspace for 1 specified file(s)
в„№ Scanning shadow workspace at /data/tmp/tmp.DtDhA35hd8/files_scan

в•”в•җв•җв•җв•җв•җв•җв•җв•җв•җв•җв•җв•җв•җв•җв•җв•җв•җв•җв•җв•җв•җв•җв•җв•җв•җв•җв•җв•җв•җв•җв•җв•җв•җв•җв•җв•җв•җв•җв•җв•җв•җв•җв•җв•җв•җв•җв•җв•җв•җв•җв•җв•җв•җв•җв•җв•җв•җв•җв•җв•җв•җв•җв•җв•җв•җв•җв•җв•җв•җв•җв•җв•җв•җв•җв•җв•җв•җв•җв•—
в•‘  в–Ҳв–Ҳв•—   в–Ҳв–Ҳв•—в–Ҳв–Ҳв•—  в–Ҳв–Ҳв–Ҳв–Ҳв–Ҳв–Ҳв–Ҳв–Ҳв•—в–Ҳв–Ҳв•—в–Ҳв–Ҳв–Ҳв•—   в–Ҳв–Ҳв–Ҳв•— в–Ҳв–Ҳв–Ҳв–Ҳв–Ҳв•— в–Ҳв–Ҳв–Ҳв–Ҳв–Ҳв–Ҳв–Ҳв–Ҳв•—в–Ҳв–Ҳв–Ҳв–Ҳв–Ҳв–Ҳв–Ҳв•—              в•‘
в•‘  в–Ҳв–Ҳв•‘   в–Ҳв–Ҳв•‘в–Ҳв–Ҳв•‘  в•ҡв•җв•җв–Ҳв–Ҳв•”в•җв•җв•қв–Ҳв–Ҳв•‘в–Ҳв–Ҳв–Ҳв–Ҳв•— в–Ҳв–Ҳв–Ҳв–Ҳв•‘в–Ҳв–Ҳв•”в•җв•җв–Ҳв–Ҳв•—в•ҡв•җв•җв–Ҳв–Ҳв•”в•җв•җв•қв–Ҳв–Ҳв•”в•җв•җв•җв•җв•қ              в•‘
в•‘  в–Ҳв–Ҳв•‘   в–Ҳв–Ҳв•‘в–Ҳв–Ҳв•‘     в–Ҳв–Ҳв•‘   в–Ҳв–Ҳв•‘в–Ҳв–Ҳв•”в–Ҳв–Ҳв–Ҳв–Ҳв•”в–Ҳв–Ҳв•‘в–Ҳв–Ҳв–Ҳв–Ҳв–Ҳв–Ҳв–Ҳв•‘   в–Ҳв–Ҳв•‘   в–Ҳв–Ҳв–Ҳв–Ҳв–Ҳв•—                в•‘
в•‘  в–Ҳв–Ҳв•‘   в–Ҳв–Ҳв•‘в–Ҳв–Ҳв•‘     в–Ҳв–Ҳв•‘   в–Ҳв–Ҳв•‘в–Ҳв–Ҳв•‘в•ҡв–Ҳв–Ҳв•”в•қв–Ҳв–Ҳв•‘в–Ҳв–Ҳв•”в•җв•җв–Ҳв–Ҳв•‘   в–Ҳв–Ҳв•‘   в–Ҳв–Ҳв•”в•җв•җв•қ                в•‘
в•‘  в•ҡв–Ҳв–Ҳв–Ҳв–Ҳв–Ҳв–Ҳв•”в•қв–Ҳв–Ҳв–Ҳв–Ҳв–Ҳв–Ҳв–Ҳв•—в–Ҳв–Ҳв•‘   в–Ҳв–Ҳв•‘в–Ҳв–Ҳв•‘ в•ҡв•җв•қ в–Ҳв–Ҳв•‘в–Ҳв–Ҳв•‘  в–Ҳв–Ҳв•‘   в–Ҳв–Ҳв•‘   в–Ҳв–Ҳв–Ҳв–Ҳв–Ҳв–Ҳв–Ҳв•—              в•‘
в•‘   в•ҡв•җв•җв•җв•җв•җв•қ в•ҡв•җв•җв•җв•җв•җв•җв•қв•ҡв•җв•қ   в•ҡв•җв•қв•ҡв•җв•қ     в•ҡв•җв•қв•ҡв•җв•қ  в•ҡв•җв•қ   в•ҡв•җв•қ   в•ҡв•җв•җв•җв•җв•җв•җв•қ              в•‘
в•‘                                                                              в•‘
в•‘  в–Ҳв–Ҳв–Ҳв–Ҳв–Ҳв–Ҳв•— в–Ҳв–Ҳв•—   в–Ҳв–Ҳв•— в–Ҳв–Ҳв–Ҳв–Ҳв–Ҳв–Ҳв•—         __       __                               в•‘
в•‘  в–Ҳв–Ҳв•”в•җв•җв–Ҳв–Ҳв•—в–Ҳв–Ҳв•‘   в–Ҳв–Ҳв•‘в–Ҳв–Ҳв•”в•җв•җв•җв•җв•қ         \ `-'"-'` /                               в•‘
в•‘  в–Ҳв–Ҳв–Ҳв–Ҳв–Ҳв–Ҳв•”в•қв–Ҳв–Ҳв•‘   в–Ҳв–Ҳв•‘в–Ҳв–Ҳв•‘  в–Ҳв–Ҳв–Ҳв•—        / \_   _/ \                               в•‘
в•‘  в–Ҳв–Ҳв•”в•җв•җв–Ҳв–Ҳв•—в–Ҳв–Ҳв•‘   в–Ҳв–Ҳв•‘в–Ҳв–Ҳв•‘   в–Ҳв–Ҳв•‘        |  d\_/b  |                               в•‘
в•‘  в–Ҳв–Ҳв–Ҳв–Ҳв–Ҳв–Ҳв•”в•қв•ҡв–Ҳв–Ҳв–Ҳв–Ҳв–Ҳв–Ҳв•”в•қв•ҡв–Ҳв–Ҳв–Ҳв–Ҳв–Ҳв–Ҳв•”в•қ       .'\   V   /'.                              в•‘
в•‘  в•ҡв•җв•җв•җв•җв•җв•қ  в•ҡв•җв•җв•җв•җв•җв•қ  в•ҡв•җв•җв•җв•җв•җв•қ        /   '-...-'   \                            в•‘
в•‘                                  | /         \ |                             в•‘
в•‘                                  \/\         /\/                             в•‘
в•‘                                  ==(||)---(||)==                             в•‘
в•‘                                                                              в•‘
в•‘  в–Ҳв–Ҳв–Ҳв–Ҳв–Ҳв–Ҳв–Ҳв•—  в–Ҳв–Ҳв–Ҳв–Ҳв–Ҳв–Ҳв•—   в–Ҳв–Ҳв–Ҳв–Ҳв–Ҳв•— в–Ҳв–Ҳв–Ҳв•—   в–Ҳв–Ҳв•—в–Ҳв–Ҳв–Ҳв•—   в–Ҳв–Ҳв•—в–Ҳв–Ҳв–Ҳв–Ҳв–Ҳв–Ҳв–Ҳв•—в–Ҳв–Ҳв–Ҳв–Ҳв–Ҳв–Ҳв•—              в•‘
в•‘  в–Ҳв–Ҳв•”в•җв•җв•җв•җв•қ  в–Ҳв–Ҳв•”в•җв•җв•җв•қ  в–Ҳв–Ҳв•”в•җв•җв–Ҳв–Ҳв•—в–Ҳв–Ҳв–Ҳв–Ҳв•—  в–Ҳв–Ҳв•‘в–Ҳв–Ҳв–Ҳв–Ҳв•—  в–Ҳв–Ҳв•‘в–Ҳв–Ҳв•”в•җв•җв•җв•җв•қв–Ҳв–Ҳв•”в•җв•җв–Ҳв–Ҳв•—             в•‘
в•‘  в–Ҳв–Ҳв–Ҳв–Ҳв–Ҳв–Ҳв–Ҳв•—  в–Ҳв–Ҳв•‘      в–Ҳв–Ҳв–Ҳв–Ҳв–Ҳв–Ҳв–Ҳв•‘в–Ҳв–Ҳв•”в–Ҳв–Ҳв•— в–Ҳв–Ҳв•‘в–Ҳв–Ҳв•”в–Ҳв–Ҳв•— в–Ҳв–Ҳв•‘в–Ҳв–Ҳв–Ҳв–Ҳв–Ҳв•—  в–Ҳв–Ҳв–Ҳв–Ҳв–Ҳв–Ҳв•”в•қ             в•‘
в•‘  в•ҡв•җв•җв•җв•җв–Ҳв–Ҳв•‘  в–Ҳв–Ҳв•‘      в–Ҳв–Ҳв•”в•җв•җв–Ҳв–Ҳв•‘в–Ҳв–Ҳв•‘в•ҡв–Ҳв–Ҳв•—в–Ҳв–Ҳв•‘в–Ҳв–Ҳв•‘в•ҡв–Ҳв–Ҳв•—в–Ҳв–Ҳв•‘в–Ҳв–Ҳв•”в•җв•җв•қ  в–Ҳв–Ҳв•”в•җв•җв–Ҳв–Ҳв•—             в•‘
в•‘  в–Ҳв–Ҳв–Ҳв–Ҳв–Ҳв–Ҳв–Ҳв•‘  в–Ҳв–Ҳв–Ҳв–Ҳв–Ҳв–Ҳв•—  в–Ҳв–Ҳв•‘  в–Ҳв–Ҳв•‘в–Ҳв–Ҳв•‘ в•ҡв–Ҳв–Ҳв–Ҳв–Ҳв•‘в–Ҳв–Ҳв•‘ в•ҡв–Ҳв–Ҳв–Ҳв–Ҳв•‘в–Ҳв–Ҳв–Ҳв–Ҳв–Ҳв–Ҳв–Ҳв•—в–Ҳв–Ҳв•‘  в–Ҳв–Ҳв•‘             в•‘
в•‘  в•ҡв•җв•җв•җв•җв•җв•җв•қ  в•ҡв•җв•җв•җв•җв•җв•қ  в•ҡв•җв•қв•ҡв•җв•қ  в•ҡв•җв•җв•җв•қв•ҡв•җв•қ  в•ҡв•җв•җв•җв•қв•ҡв•җв•җв•җв•җв•җв•җв•қв•ҡв•җв•қ  в•ҡв•җв•қ                  в•‘
в•‘                                                                              в•‘
в•‘   JS / TS вҖў PYTHON вҖў C / C++ вҖў RUST вҖў GO вҖў JAVA вҖў RUBY                       в•‘
в•‘   SWIFT вҖў C# вҖў ELIXIR                                                        в•‘
в•‘                    UBS: ULTIMATE BUG SCANNER вҖў SARIF FUSION вҳ„пёҸ               в•‘
в•‘                                                                              в•‘
в•‘                                                                              в•‘
в•‘                     Night Owl QA                                             в•‘
в•‘                     вҖңWe see bugs before you do.вҖқ                             в•‘
в•ҡв•җв•җв•җв•җв•җв•җв•җв•җв•җв•җв•җв•җв•җв•җв•җв•җв•җв•җв•җв•җв•җв•җв•җв•җв•җв•җв•җв•җв•җв•җв•җв•җв•җв•җв•җв•җв•җв•җв•җв•җв•җв•җв•җв•җв•җв•җв•җв•җв•җв•җв•җв•җв•җв•җв•җв•җв•җв•җв•җв•җв•җв•җв•җв•җв•җв•җв•җв•җв•җв•җв•җв•җв•җв•җв•җв•җв•җв•җв•қ

UBS Meta-Runner v5.3.2  2026-06-09 01:18:55
Project: /data/projects/frankentorch
Format:  text
Detected: rust
Scanning rust...
Finished rust (51s)

в”Җв”Җв”Җв”Җв”Җв”Җв”Җв”Җ rust в”Җв”Җв”Җв”Җв”Җв”Җв”Җв”Җ

в•”в•җв•җв•җв•җв•җв•җв•җв•җв•җв•җв•җв•җв•җв•җв•җв•җв•җв•җв•җв•җв•җв•җв•җв•җв•җв•җв•җв•җв•җв•җв•җв•җв•җв•җв•җв•җв•җв•җв•җв•җв•җв•җв•җв•җв•җв•җв•җв•җв•җв•җв•җв•җв•җв•җв•җв•җв•җв•җв•җв•җв•җв•җв•җв•җв•җв•җв•җв•— 
в•‘  в–Ҳв–Ҳв•—   в–Ҳв–Ҳв•—в–Ҳв–Ҳв•—  в–Ҳв–Ҳв–Ҳв–Ҳв–Ҳв–Ҳв–Ҳв–Ҳв•—в–Ҳв–Ҳв•—в–Ҳв–Ҳв–Ҳв•—   в–Ҳв–Ҳв–Ҳв•— в–Ҳв–Ҳв–Ҳв–Ҳв–Ҳв•— в–Ҳв–Ҳв–Ҳв–Ҳв–Ҳв–Ҳв–Ҳв–Ҳв•—в–Ҳв–Ҳв–Ҳв–Ҳв–Ҳв–Ҳв–Ҳв•—   в•‘ 
в•‘  в–Ҳв–Ҳв•‘   в–Ҳв–Ҳв•‘в–Ҳв–Ҳв•‘  в•ҡв•җв•җв–Ҳв–Ҳв•”в•җв•җв•қв–Ҳв–Ҳв•‘в–Ҳв–Ҳв–Ҳв–Ҳв•— в–Ҳв–Ҳв–Ҳв–Ҳв•‘в–Ҳв–Ҳв•”в•җв•җв–Ҳв–Ҳв•—в•ҡв•җв•җв–Ҳв–Ҳв•”в•җв•җв•қв–Ҳв–Ҳв•”в•җв•җв•җв•җв•қ   в•‘ 
в•‘  в–Ҳв–Ҳв•‘   в–Ҳв–Ҳв•‘в–Ҳв–Ҳв•‘     в–Ҳв–Ҳв•‘   в–Ҳв–Ҳв•‘в–Ҳв–Ҳв•”в–Ҳв–Ҳв–Ҳв–Ҳв•”в–Ҳв–Ҳв•‘в–Ҳв–Ҳв–Ҳв–Ҳв–Ҳв–Ҳв–Ҳв•‘   в–Ҳв–Ҳв•‘   в–Ҳв–Ҳв–Ҳв–Ҳв–Ҳв•—     в•‘ 
в•‘  в–Ҳв–Ҳв•‘   в–Ҳв–Ҳв•‘в–Ҳв–Ҳв•‘     в–Ҳв–Ҳв•‘   в–Ҳв–Ҳв•‘в–Ҳв–Ҳв•‘в•ҡв–Ҳв–Ҳв•”в•қв–Ҳв–Ҳв•‘в–Ҳв–Ҳв•”в•җв•җв–Ҳв–Ҳв•‘   в–Ҳв–Ҳв•‘   в–Ҳв–Ҳв•”в•җв•җв•қ     в•‘ 
в•‘  в•ҡв–Ҳв–Ҳв–Ҳв–Ҳв–Ҳв–Ҳв•”в•қв–Ҳв–Ҳв–Ҳв–Ҳв–Ҳв–Ҳв–Ҳв•—в–Ҳв–Ҳв•‘   в–Ҳв–Ҳв•‘в–Ҳв–Ҳв•‘ в•ҡв•җв•қ в–Ҳв–Ҳв•‘в–Ҳв–Ҳв•‘  в–Ҳв–Ҳв•‘   в–Ҳв–Ҳв•‘   в–Ҳв–Ҳв–Ҳв–Ҳв–Ҳв–Ҳв–Ҳв•—   в•‘ 
в•‘   в•ҡв•җв•җв•җв•җв•җв•қ в•ҡв•җв•җв•җв•җв•җв•җв•қв•ҡв•җв•қ   в•ҡв•җв•қв•ҡв•җв•қ     в•ҡв•җв•қв•ҡв•җв•қ  в•ҡв•җв•қ   в•ҡв•җв•қ   в•ҡв•җв•җв•җв•җв•җв•җв•қ   в•‘ 
в•‘                                            /\                     в•‘ 
в•‘  в–Ҳв–Ҳв–Ҳв–Ҳв–Ҳв–Ҳв•— в–Ҳв–Ҳв•—   в–Ҳв–Ҳв•— в–Ҳв–Ҳв–Ҳв–Ҳв–Ҳв–Ҳв•—                ( /   @ @    ()         в•‘ 
в•‘  в–Ҳв–Ҳв•”в•җв•җв–Ҳв–Ҳв•—в–Ҳв–Ҳв•‘   в–Ҳв–Ҳв•‘в–Ҳв–Ҳв•”в•җв•җв•җв•җв•қ                 \  __| |__  /          в•‘ 
в•‘  в–Ҳв–Ҳв–Ҳв–Ҳв–Ҳв–Ҳв•”в•қв–Ҳв–Ҳв•‘   в–Ҳв–Ҳв•‘в–Ҳв–Ҳв•‘  в–Ҳв–Ҳв–Ҳв•—                 -/   "   \-           в•‘ 
в•‘  в–Ҳв–Ҳв•”в•җв•җв–Ҳв–Ҳв•—в–Ҳв–Ҳв•‘   в–Ҳв–Ҳв•‘в–Ҳв–Ҳв•‘   в–Ҳв–Ҳв•‘                /-|       |-\          в•‘ 
в•‘  в–Ҳв–Ҳв–Ҳв–Ҳв–Ҳв–Ҳв•”в•қв•ҡв–Ҳв–Ҳв–Ҳв–Ҳв–Ҳв–Ҳв•”в•қв•ҡв–Ҳв–Ҳв–Ҳв–Ҳв–Ҳв–Ҳв•”в•қ               / /-\     /-\ \         в•‘ 
в•‘  в•ҡв•җв•җв•җв•җв•җв•қ  в•ҡв•җв•җв•җв•җв•җв•қ  в•ҡв•җв•җв•җв•җв•җв•қ                 / /-`---'-\\ \          в•‘ 
в•‘                                             /         \           в•‘ 
в•‘                                                                   в•‘ 
в•‘  в–Ҳв–Ҳв–Ҳв–Ҳв–Ҳв–Ҳв–Ҳв•—  в–Ҳв–Ҳв–Ҳв–Ҳв–Ҳв–Ҳв•—   в–Ҳв–Ҳв–Ҳв–Ҳв–Ҳв•— в–Ҳв–Ҳв–Ҳв•—   в–Ҳв–Ҳв•—в–Ҳв–Ҳв–Ҳв•—   в–Ҳв–Ҳв•—в–Ҳв–Ҳв–Ҳв–Ҳв–Ҳв–Ҳв–Ҳв•—в–Ҳв–Ҳв–Ҳв–Ҳв–Ҳв–Ҳв•—   в•‘ 
в•‘  в–Ҳв–Ҳв•”в•җв•җв•җв•җв•қ  в–Ҳв–Ҳв•”в•җв•җв•җв•қ  в–Ҳв–Ҳв•”в•җв•җв–Ҳв–Ҳв•—в–Ҳв–Ҳв–Ҳв–Ҳв•—  в–Ҳв–Ҳв•‘в–Ҳв–Ҳв–Ҳв–Ҳв•—  в–Ҳв–Ҳв•‘в–Ҳв–Ҳв•”в•җв•җв•җв•җв•қв–Ҳв–Ҳв•”в•җв•җв–Ҳв–Ҳв•—  в•‘ 
в•‘  в–Ҳв–Ҳв–Ҳв–Ҳв–Ҳв–Ҳв–Ҳв•—  в–Ҳв–Ҳв•‘      в–Ҳв–Ҳв–Ҳв–Ҳв–Ҳв–Ҳв–Ҳв•‘в–Ҳв–Ҳв•”в–Ҳв–Ҳв•— в–Ҳв–Ҳв•‘в–Ҳв–Ҳв•”в–Ҳв–Ҳв•— в–Ҳв–Ҳв•‘в–Ҳв–Ҳв–Ҳв–Ҳв–Ҳв•—  в–Ҳв–Ҳв–Ҳв–Ҳв–Ҳв–Ҳв•”в•қ  в•‘ 
в•‘  в•ҡв•җв•җв•җв•җв–Ҳв–Ҳв•‘  в–Ҳв–Ҳв•‘      в–Ҳв–Ҳв•”в•җв•җв–Ҳв–Ҳв•‘в–Ҳв–Ҳв•‘в•ҡв–Ҳв–Ҳв•—в–Ҳв–Ҳв•‘в–Ҳв–Ҳв•‘в•ҡв–Ҳв–Ҳв•—в–Ҳв–Ҳв•‘в–Ҳв–Ҳв•”в•җв•җв•қ  в–Ҳв–Ҳв•”в•җв•җв–Ҳв–Ҳв•—  в•‘ 
в•‘  в–Ҳв–Ҳв–Ҳв–Ҳв–Ҳв–Ҳв–Ҳв•‘  в–Ҳв–Ҳв–Ҳв–Ҳв–Ҳв–Ҳв•—  в–Ҳв–Ҳв•‘  в–Ҳв–Ҳв•‘в–Ҳв–Ҳв•‘ в•ҡв–Ҳв–Ҳв–Ҳв–Ҳв•‘в–Ҳв–Ҳв•‘ в•ҡв–Ҳв–Ҳв–Ҳв–Ҳв•‘в–Ҳв–Ҳв–Ҳв–Ҳв–Ҳв–Ҳв–Ҳв•—в–Ҳв–Ҳв•‘  в–Ҳв–Ҳв•‘  в•‘ 
в•‘  в•ҡв•җв•җв•җв•җв•җв•җв•қ  в•ҡв•җв•җв•җв•җв•җв•қ  в•ҡв•җв•қв•ҡв•җв•қ  в•ҡв•җв•җв•җв•қв•ҡв•җв•қ  в•ҡв•җв•җв•җв•қв•ҡв•җв•җв•җв•җв•җв•җв•қв•ҡв•җв•қ  в•ҡв•җв•қ       в•‘ 
в•‘                                                                   в•‘ 
в•‘  Rust module вҖў ownership sanity, unsafe & async spotlights        в•‘ 
в•‘  UBS module: rust вҖў cargo-aware targeting, low-noise caching      в•‘ 
в•‘  ASCII homage: Ferris crab (ASCII Art Archive)                    в•‘ 
в•‘  Run standalone: modules/ubs-rust.sh --help                       в•‘ 
в•‘                                                                   в•‘ 
в•‘  Night Owl QA                                                     в•‘ 
в•‘  вҖңWe see bugs before you do.вҖқ                                     в•‘ 
в•ҡв•җв•җв•җв•җв•җв•җв•җв•җв•җв•җв•җв•җв•җв•җв•җв•җв•җв•җв•җв•җв•җв•җв•җв•җв•җв•җв•җв•җв•җв•җв•җв•җв•җв•җв•җв•җв•җв•җв•җв•җв•җв•җв•җв•җв•җв•җв•җв•җв•җв•җв•җв•җв•җв•җв•җв•җв•җв•җв•җв•җв•җв•җв•җв•җв•җв•җв•җв•қ 
                                                                      

Project:  /data/projects/frankentorch
Started:  2026-06-09 01:18:55
Files:    1 source files (rs)

вң“ ast-grep available (ast-grep) - full AST analysis enabled
вң“ cargo detected
  вң“ clippy available
  вң“ rustfmt available
  вң“ cargo-audit available
  вң“ cargo-deny available
  вҡ  cargo-udeps not installed
  вҡ  cargo-outdated not installed

в”Ғв”Ғв”Ғв”Ғв”Ғв”Ғв”Ғв”Ғв”Ғв”Ғв”Ғв”Ғв”Ғв”Ғв”Ғв”Ғв”Ғв”Ғв”Ғв”Ғв”Ғв”Ғв”Ғв”Ғв”Ғв”Ғв”Ғв”Ғв”Ғв”Ғв”Ғв”Ғв”Ғв”Ғв”Ғв”Ғв”Ғв”Ғв”Ғв”Ғв”Ғв”Ғв”Ғв”Ғв”Ғв”Ғв”Ғв”Ғв”Ғв”Ғв”Ғв”Ғв”Ғв”Ғв”Ғв”Ғв”Ғв”Ғв”Ғв”Ғв”Ғв”Ғв”Ғв”Ғ
1. OWNERSHIP & ERROR HANDLING MACROS
в”Ғв”Ғв”Ғв”Ғв”Ғв”Ғв”Ғв”Ғв”Ғв”Ғв”Ғв”Ғв”Ғв”Ғв”Ғв”Ғв”Ғв”Ғв”Ғв”Ғв”Ғв”Ғв”Ғв”Ғв”Ғв”Ғв”Ғв”Ғв”Ғв”Ғв”Ғв”Ғв”Ғв”Ғв”Ғв”Ғв”Ғв”Ғв”Ғв”Ғв”Ғв”Ғв”Ғв”Ғв”Ғв”Ғв”Ғв”Ғв”Ғв”Ғв”Ғв”Ғв”Ғв”Ғв”Ғв”Ғв”Ғв”Ғв”Ғв”Ғв”Ғв”Ғв”Ғв”Ғ

в–“в–“в–“ Detects: unwrap/expect, panic/unreachable/todo/unimplemented, dbg/println
Panic-prone and debug macros frequently leak into production and cause crashes

вҖў unwrap()/expect() usage
  вҡ  Warning (453 found)
    Potential panics via unwrap/expect
    Prefer `?` or match to propagate/handle errors
      /data/projects/frankentorch/crates/ft-kernel-cpu/src/lib.rs:16902 (https://github.com/Dicklesworthstone/frankentorch/blob/b15ba8cc79cd723ed7083ce98137e72269d520b5/crates/ft-kernel-cpu/src/lib.rs#L16902)
                      .map(|i| f64::from(u32::try_from(i).unwrap()))
      /data/projects/frankentorch/crates/ft-kernel-cpu/src/lib.rs:17033 (https://github.com/Dicklesworthstone/frankentorch/blob/b15ba8cc79cd723ed7083ce98137e72269d520b5/crates/ft-kernel-cpu/src/lib.rs#L17033)
                  .map(|k| f64::from(u32::try_from(k).unwrap()))
      /data/projects/frankentorch/crates/ft-kernel-cpu/src/lib.rs:17829 (https://github.com/Dicklesworthstone/frankentorch/blob/b15ba8cc79cd723ed7083ce98137e72269d520b5/crates/ft-kernel-cpu/src/lib.rs#L17829)
              super::symmetric_rank2k_lower_update_f64(n, k, &v, &w, &mut got).unwrap();
      /data/projects/frankentorch/crates/ft-kernel-cpu/src/lib.rs:19402 (https://github.com/Dicklesworthstone/frankentorch/blob/b15ba8cc79cd723ed7083ce98137e72269d520b5/crates/ft-kernel-cpu/src/lib.rs#L19402)
              let result = narrow_tensor_contiguous_f64(&input, &meta, 0, 1, 2).unwrap();
      /data/projects/frankentorch/crates/ft-kernel-cpu/src/lib.rs:19411 (https://github.com/Dicklesworthstone/frankentorch/blob/b15ba8cc79cd723ed7083ce98137e72269d520b5/crates/ft-kernel-cpu/src/lib.rs#L19411)
              let result = narrow_tensor_contiguous_f64(&input, &meta, 1, 1, 2).unwrap();

вҖў panic!/unreachable!/todo!/unimplemented!
  вң“ OK No panic! macros

вҖў dbg!/println!/eprintln!
  в„№ Info (5 found)
    println! found - prefer logging

вҖў Guard clauses that still unwrap later
  вң“ OK No guard/unwrap mismatches detected

в”Ғв”Ғв”Ғв”Ғв”Ғв”Ғв”Ғв”Ғв”Ғв”Ғв”Ғв”Ғв”Ғв”Ғв”Ғв”Ғв”Ғв”Ғв”Ғв”Ғв”Ғв”Ғв”Ғв”Ғв”Ғв”Ғв”Ғв”Ғв”Ғв”Ғв”Ғв”Ғв”Ғв”Ғв”Ғв”Ғв”Ғв”Ғв”Ғв”Ғв”Ғв”Ғв”Ғв”Ғв”Ғв”Ғв”Ғв”Ғв”Ғв”Ғв”Ғв”Ғв”Ғв”Ғв”Ғв”Ғв”Ғв”Ғв”Ғв”Ғв”Ғв”Ғв”Ғв”Ғ
2. UNSAFE & MEMORY OPERATIONS
в”Ғв”Ғв”Ғв”Ғв”Ғв”Ғв”Ғв”Ғв”Ғв”Ғв”Ғв”Ғв”Ғв”Ғв”Ғв”Ғв”Ғв”Ғв”Ғв”Ғв”Ғв”Ғв”Ғв”Ғв”Ғв”Ғв”Ғв”Ғв”Ғв”Ғв”Ғв”Ғв”Ғв”Ғв”Ғв”Ғв”Ғв”Ғв”Ғв”Ғв”Ғв”Ғв”Ғв”Ғв”Ғв”Ғв”Ғв”Ғв”Ғв”Ғв”Ғв”Ғв”Ғв”Ғв”Ғв”Ғв”Ғв”Ғв”Ғв”Ғв”Ғв”Ғв”Ғв”Ғ

в–“в–“в–“ Detects: unsafe blocks, transmute/uninitialized/zeroed/forget, raw ffi hazards
These patterns may introduce UB, memory leaks, or hard-to-debug crashes

вҖў unsafe { ... } blocks
  в„№ Info (160 found)
    unsafe blocks present
    Ensure invariants and narrow scope

вҖў transmute, uninitialized, zeroed, assume_init, forget

вҖў CStr::from_bytes_with_nul_unchecked

вҖў get_unchecked / from_utf8_unchecked / from_raw_parts

вҖў Unsafe Send/Sync impls

в”Ғв”Ғв”Ғв”Ғв”Ғв”Ғв”Ғв”Ғв”Ғв”Ғв”Ғв”Ғв”Ғв”Ғв”Ғв”Ғв”Ғв”Ғв”Ғв”Ғв”Ғв”Ғв”Ғв”Ғв”Ғв”Ғв”Ғв”Ғв”Ғв”Ғв”Ғв”Ғв”Ғв”Ғв”Ғв”Ғв”Ғв”Ғв”Ғв”Ғв”Ғв”Ғв”Ғв”Ғв”Ғв”Ғв”Ғв”Ғв”Ғв”Ғв”Ғв”Ғв”Ғв”Ғв”Ғв”Ғв”Ғв”Ғв”Ғв”Ғв”Ғв”Ғв”Ғв”Ғ
3. CONCURRENCY & ASYNC PITFALLS
в”Ғв”Ғв”Ғв”Ғв”Ғв”Ғв”Ғв”Ғв”Ғв”Ғв”Ғв”Ғв”Ғв”Ғв”Ғв”Ғв”Ғв”Ғв”Ғв”Ғв”Ғв”Ғв”Ғв”Ғв”Ғв”Ғв”Ғв”Ғв”Ғв”Ғв”Ғв”Ғв”Ғв”Ғв”Ғв”Ғв”Ғв”Ғв”Ғв”Ғв”Ғв”Ғв”Ғв”Ғв”Ғв”Ғв”Ғв”Ғв”Ғв”Ғв”Ғв”Ғв”Ғв”Ғв”Ғв”Ғв”Ғв”Ғв”Ғв”Ғв”Ғв”Ғв”Ғв”Ғ

в–“в–“в–“ Detects: Arc<Mutex>, Rc<RefCell>, blocking ops in async, await-in-loop, spawn misuse
Concurrency misuse leads to deadlocks, head-of-line blocking, and performance issues

вҖў Arc<Mutex<..>> / Rc<RefCell<..>> / RwLock

вҖў Mutex::lock().unwrap()/expect()

вҖў await inside loops (sequentialism)

вҖў Blocking ops inside async (thread::sleep, std::fs)

вҖў block_on within async context

вҖў std::thread::spawn within async

вҖў tokio::spawn usage (heuristic for detached tasks)

вҖў Async error path coverage
  вң“ OK No tokio::spawn usage detected

в”Ғв”Ғв”Ғв”Ғв”Ғв”Ғв”Ғв”Ғв”Ғв”Ғв”Ғв”Ғв”Ғв”Ғв”Ғв”Ғв”Ғв”Ғв”Ғв”Ғв”Ғв”Ғв”Ғв”Ғв”Ғв”Ғв”Ғв”Ғв”Ғв”Ғв”Ғв”Ғв”Ғв”Ғв”Ғв”Ғв”Ғв”Ғв”Ғв”Ғв”Ғв”Ғв”Ғв”Ғв”Ғв”Ғв”Ғв”Ғв”Ғв”Ғв”Ғв”Ғв”Ғв”Ғв”Ғв”Ғв”Ғв”Ғв”Ғв”Ғв”Ғв”Ғв”Ғв”Ғ
4. NUMERIC & FLOATING-POINT
в”Ғв”Ғв”Ғв”Ғв”Ғв”Ғв”Ғв”Ғв”Ғв”Ғв”Ғв”Ғв”Ғв”Ғв”Ғв”Ғв”Ғв”Ғв”Ғв”Ғв”Ғв”Ғв”Ғв”Ғв”Ғв”Ғв”Ғв”Ғв”Ғв”Ғв”Ғв”Ғв”Ғв”Ғв”Ғв”Ғв”Ғв”Ғв”Ғв”Ғв”Ғв”Ғв”Ғв”Ғв”Ғв”Ғв”Ғв”Ғв”Ғв”Ғв”Ғв”Ғв”Ғв”Ғв”Ғв”Ғв”Ғв”Ғв”Ғв”Ғв”Ғв”Ғв”Ғв”Ғ

в–“в–“в–“ Detects: float equality, division/modulo by variable, potential overflow hints
Numeric bugs cause subtle logic errors or panics in debug builds (overflow)

вҖў Floating-point equality comparisons
  в„№ Info (64 found)
    Float equality/inequality check
    Consider epsilon comparisons
      /data/projects/frankentorch/crates/ft-kernel-cpu/src/lib.rs:719 (https://github.com/Dicklesworthstone/frankentorch/blob/b15ba8cc79cd723ed7083ce98137e72269d520b5/crates/ft-kernel-cpu/src/lib.rs#L719)
          } else if value == 0.0 {
      /data/projects/frankentorch/crates/ft-kernel-cpu/src/lib.rs:6332 (https://github.com/Dicklesworthstone/frankentorch/blob/b15ba8cc79cd723ed7083ce98137e72269d520b5/crates/ft-kernel-cpu/src/lib.rs#L6332)
          } else if p == 0.0 {
      /data/projects/frankentorch/crates/ft-kernel-cpu/src/lib.rs:6334 (https://github.com/Dicklesworthstone/frankentorch/blob/b15ba8cc79cd723ed7083ce98137e72269d520b5/crates/ft-kernel-cpu/src/lib.rs#L6334)
              Ok(data.iter().filter(|&&x| x != 0.0).count() as f64)

вҖў Division/modulo by variable (verify non-zero)
  в„№ Info (190 found)
    Division by variables - guard zero divisors
  в„№ Info (42 found)
    Modulo by variables - guard zero divisors

в”Ғв”Ғв”Ғв”Ғв”Ғв”Ғв”Ғв”Ғв”Ғв”Ғв”Ғв”Ғв”Ғв”Ғв”Ғв”Ғв”Ғв”Ғв”Ғв”Ғв”Ғв”Ғв”Ғв”Ғв”Ғв”Ғв”Ғв”Ғв”Ғв”Ғв”Ғв”Ғв”Ғв”Ғв”Ғв”Ғв”Ғв”Ғв”Ғв”Ғв”Ғв”Ғв”Ғв”Ғв”Ғв”Ғв”Ғв”Ғв”Ғв”Ғв”Ғв”Ғв”Ғв”Ғв”Ғв”Ғв”Ғв”Ғв”Ғв”Ғв”Ғв”Ғв”Ғв”Ғ
5. COLLECTIONS & ITERATORS
в”Ғв”Ғв”Ғв”Ғв”Ғв”Ғв”Ғв”Ғв”Ғв”Ғв”Ғв”Ғв”Ғв”Ғв”Ғв”Ғв”Ғв”Ғв”Ғв”Ғв”Ғв”Ғв”Ғв”Ғв”Ғв”Ғв”Ғв”Ғв”Ғв”Ғв”Ғв”Ғв”Ғв”Ғв”Ғв”Ғв”Ғв”Ғв”Ғв”Ғв”Ғв”Ғв”Ғв”Ғв”Ғв”Ғв”Ғв”Ғв”Ғв”Ғв”Ғв”Ғв”Ғв”Ғв”Ғв”Ғв”Ғв”Ғв”Ғв”Ғв”Ғв”Ғв”Ғв”Ғ

в–“в–“в–“ Detects: clone in loops, collect then iterate, nth(0), length checks
Iterator misuse often leads to unnecessary allocations or slow paths

вҖў clone() occurrences & clone() in loops
  в„№ Info (22 found)
    clone() usages - audit for necessity
      /data/projects/frankentorch/crates/ft-kernel-cpu/src/lib.rs:9865 (https://github.com/Dicklesworthstone/frankentorch/blob/b15ba8cc79cd723ed7083ce98137e72269d520b5/crates/ft-kernel-cpu/src/lib.rs#L9865)
          let mut result = identity.clone();
      /data/projects/frankentorch/crates/ft-kernel-cpu/src/lib.rs:12566 (https://github.com/Dicklesworthstone/frankentorch/blob/b15ba8cc79cd723ed7083ce98137e72269d520b5/crates/ft-kernel-cpu/src/lib.rs#L12566)
              let mut r = ax.clone();
      /data/projects/frankentorch/crates/ft-kernel-cpu/src/lib.rs:16048 (https://github.com/Dicklesworthstone/frankentorch/blob/b15ba8cc79cd723ed7083ce98137e72269d520b5/crates/ft-kernel-cpu/src/lib.rs#L16048)
                  sparse.indices().clone(),
  вҡ  Warning (12 found)
    clone() inside loops - potential perf hit
      /data/projects/frankentorch/crates/ft-kernel-cpu/src/lib.rs:12566 (https://github.com/Dicklesworthstone/frankentorch/blob/b15ba8cc79cd723ed7083ce98137e72269d520b5/crates/ft-kernel-cpu/src/lib.rs#L12566)
      let mut r = ax.clone();
      /data/projects/frankentorch/crates/ft-kernel-cpu/src/lib.rs:18998 (https://github.com/Dicklesworthstone/frankentorch/blob/b15ba8cc79cd723ed7083ce98137e72269d520b5/crates/ft-kernel-cpu/src/lib.rs#L18998)
      let meta = TensorMeta::from_shape(shape.clone(), DType::F64, Device::Cpu);
      /data/projects/frankentorch/crates/ft-kernel-cpu/src/lib.rs:19011 (https://github.com/Dicklesworthstone/frankentorch/blob/b15ba8cc79cd723ed7083ce98137e72269d520b5/crates/ft-kernel-cpu/src/lib.rs#L19011)
      let mut exps = scratch.clone();

вҖў collect::<Vec<_>>() then for
  в„№ Info (9 found)
    collect::<Vec<_>>() usage - consider streaming
      /data/projects/frankentorch/crates/ft-kernel-cpu/src/lib.rs:8394 (https://github.com/Dicklesworthstone/frankentorch/blob/b15ba8cc79cd723ed7083ce98137e72269d520b5/crates/ft-kernel-cpu/src/lib.rs#L8394)
          let mut lu = data[offset..offset + n * n]
      /data/projects/frankentorch/crates/ft-kernel-cpu/src/lib.rs:8395 (https://github.com/Dicklesworthstone/frankentorch/blob/b15ba8cc79cd723ed7083ce98137e72269d520b5/crates/ft-kernel-cpu/src/lib.rs#L8395)
              .iter()
      /data/projects/frankentorch/crates/ft-kernel-cpu/src/lib.rs:8396 (https://github.com/Dicklesworthstone/frankentorch/blob/b15ba8cc79cd723ed7083ce98137e72269d520b5/crates/ft-kernel-cpu/src/lib.rs#L8396)
              .map(|&v| v as f32)

вҖў nth(0) вҶ’ next()

в”Ғв”Ғв”Ғв”Ғв”Ғв”Ғв”Ғв”Ғв”Ғв”Ғв”Ғв”Ғв”Ғв”Ғв”Ғв”Ғв”Ғв”Ғв”Ғв”Ғв”Ғв”Ғв”Ғв”Ғв”Ғв”Ғв”Ғв”Ғв”Ғв”Ғв”Ғв”Ғв”Ғв”Ғв”Ғв”Ғв”Ғв”Ғв”Ғв”Ғв”Ғв”Ғв”Ғв”Ғв”Ғв”Ғв”Ғв”Ғв”Ғв”Ғв”Ғв”Ғв”Ғв”Ғв”Ғв”Ғв”Ғв”Ғв”Ғв”Ғв”Ғв”Ғв”Ғв”Ғ
6. STRING & ALLOCATION SMELLS
в”Ғв”Ғв”Ғв”Ғв”Ғв”Ғв”Ғв”Ғв”Ғв”Ғв”Ғв”Ғв”Ғв”Ғв”Ғв”Ғв”Ғв”Ғв”Ғв”Ғв”Ғв”Ғв”Ғв”Ғв”Ғв”Ғв”Ғв”Ғв”Ғв”Ғв”Ғв”Ғв”Ғв”Ғв”Ғв”Ғв”Ғв”Ғв”Ғв”Ғв”Ғв”Ғв”Ғв”Ғв”Ғв”Ғв”Ғв”Ғв”Ғв”Ғв”Ғв”Ғв”Ғв”Ғв”Ғв”Ғв”Ғв”Ғв”Ғв”Ғв”Ғв”Ғв”Ғв”Ғ

в–“в–“в–“ Detects: needless allocations, format!(literal), to_owned().to_string()
Unnecessary allocations and conversions reduce performance

вҖў to_owned().to_string() chain

вҖў format!("literal") with no placeholders

в”Ғв”Ғв”Ғв”Ғв”Ғв”Ғв”Ғв”Ғв”Ғв”Ғв”Ғв”Ғв”Ғв”Ғв”Ғв”Ғв”Ғв”Ғв”Ғв”Ғв”Ғв”Ғв”Ғв”Ғв”Ғв”Ғв”Ғв”Ғв”Ғв”Ғв”Ғв”Ғв”Ғв”Ғв”Ғв”Ғв”Ғв”Ғв”Ғв”Ғв”Ғв”Ғв”Ғв”Ғв”Ғв”Ғв”Ғв”Ғв”Ғв”Ғв”Ғв”Ғв”Ғв”Ғв”Ғв”Ғв”Ғв”Ғв”Ғв”Ғв”Ғв”Ғв”Ғв”Ғ
7. FILESYSTEM & PROCESS
в”Ғв”Ғв”Ғв”Ғв”Ғв”Ғв”Ғв”Ғв”Ғв”Ғв”Ғв”Ғв”Ғв”Ғв”Ғв”Ғв”Ғв”Ғв”Ғв”Ғв”Ғв”Ғв”Ғв”Ғв”Ғв”Ғв”Ғв”Ғв”Ғв”Ғв”Ғв”Ғв”Ғв”Ғв”Ғв”Ғв”Ғв”Ғв”Ғв”Ғв”Ғв”Ғв”Ғв”Ғв”Ғв”Ғв”Ғв”Ғв”Ғв”Ғв”Ғв”Ғв”Ғв”Ғв”Ғв”Ғв”Ғв”Ғв”Ғв”Ғв”Ғв”Ғв”Ғв”Ғ

в–“в–“в–“ Detects: blocking std::fs in async, process::Command usage heuristics
I/O misuse or command construction from untrusted input can be risky

вҖў std::fs usage (general inventory)

вҖў std::process::Command usage

в”Ғв”Ғв”Ғв”Ғв”Ғв”Ғв”Ғв”Ғв”Ғв”Ғв”Ғв”Ғв”Ғв”Ғв”Ғв”Ғв”Ғв”Ғв”Ғв”Ғв”Ғв”Ғв”Ғв”Ғв”Ғв”Ғв”Ғв”Ғв”Ғв”Ғв”Ғв”Ғв”Ғв”Ғв”Ғв”Ғв”Ғв”Ғв”Ғв”Ғв”Ғв”Ғв”Ғв”Ғв”Ғв”Ғв”Ғв”Ғв”Ғв”Ғв”Ғв”Ғв”Ғв”Ғв”Ғв”Ғв”Ғв”Ғв”Ғв”Ғв”Ғв”Ғв”Ғв”Ғ
8. SECURITY FINDINGS
в”Ғв”Ғв”Ғв”Ғв”Ғв”Ғв”Ғв”Ғв”Ғв”Ғв”Ғв”Ғв”Ғв”Ғв”Ғв”Ғв”Ғв”Ғв”Ғв”Ғв”Ғв”Ғв”Ғв”Ғв”Ғв”Ғв”Ғв”Ғв”Ғв”Ғв”Ғв”Ғв”Ғв”Ғв”Ғв”Ғв”Ғв”Ғв”Ғв”Ғв”Ғв”Ғв”Ғв”Ғв”Ғв”Ғв”Ғв”Ғв”Ғв”Ғв”Ғв”Ғв”Ғв”Ғв”Ғв”Ғв”Ғв”Ғв”Ғв”Ғв”Ғв”Ғв”Ғв”Ғ

в–“в–“в–“ Detects: TLS verification disabled, weak hash algos, security-sensitive non-crypto randomness, timing-unsafe secret comparisons, JWT verification bypasses, shell command injection, request-derived response headers/open redirects/host-header absolute URLs/outbound URLs/SQL/regex, unbounded request body reads, credentialed CORS, HTTP URLs, secrets
Security misconfigurations can lead to credential leaks, command injection, and MITM attacks

вҖў Weak hash algorithms (MD5/SHA1)
  вң“ OK No MD5/SHA1 found

вҖў TLS verification disabled

вҖў Security-sensitive non-crypto randomness
  вң“ OK No security-sensitive non-crypto randomness detected

вҖў Secret/token comparisons without timing-safe equality
  вң“ OK No secret comparisons using ==/!= detected

вҖў JWT decode, validation bypass, or missing claim binding
  вң“ OK No JWT decode/validation bypass patterns detected

вҖў Shell command execution through -c/-lc
  вң“ OK No shell -c/-lc Command usage detected

вҖў Command::new executable from untrusted-looking value

вҖў Path join/push with untrusted-looking segment

вҖў Archive entry paths joined into extraction destination

вҖў Predictable temp-file writes

вҖў Request-derived open redirects
  вң“ OK No request-derived open redirect sinks detected

вҖў Host header used for absolute URL construction
  вң“ OK No Host-header-derived absolute URL construction detected

вҖў Request-derived response headers
  вң“ OK No request-derived response header values detected

вҖў Request-derived outbound HTTP URLs
  вң“ OK No request-derived outbound HTTP URL sinks detected

вҖў Request-derived SQL construction
  вң“ OK No request-derived SQL construction sinks detected

вҖў Request-controlled regex patterns
  вң“ OK No request-controlled regex compilation detected

вҖў Unbounded request body reads
  вң“ OK No unbounded request body reads detected

вҖў CORS credential policy
  вң“ OK No unsafe CORS credential policy detected

вҖў Plain http:// URLs

вҖў Hardcoded secrets/credentials
  вң“ OK No hardcoded secrets detected

в”Ғв”Ғв”Ғв”Ғв”Ғв”Ғв”Ғв”Ғв”Ғв”Ғв”Ғв”Ғв”Ғв”Ғв”Ғв”Ғв”Ғв”Ғв”Ғв”Ғв”Ғв”Ғв”Ғв”Ғв”Ғв”Ғв”Ғв”Ғв”Ғв”Ғв”Ғв”Ғв”Ғв”Ғв”Ғв”Ғв”Ғв”Ғв”Ғв”Ғв”Ғв”Ғв”Ғв”Ғв”Ғв”Ғв”Ғв”Ғв”Ғв”Ғв”Ғв”Ғв”Ғв”Ғв”Ғв”Ғв”Ғв”Ғв”Ғв”Ғв”Ғв”Ғв”Ғв”Ғ
9. CODE QUALITY MARKERS
в”Ғв”Ғв”Ғв”Ғв”Ғв”Ғв”Ғв”Ғв”Ғв”Ғв”Ғв”Ғв”Ғв”Ғв”Ғв”Ғв”Ғв”Ғв”Ғв”Ғв”Ғв”Ғв”Ғв”Ғв”Ғв”Ғв”Ғв”Ғв”Ғв”Ғв”Ғв”Ғв”Ғв”Ғв”Ғв”Ғв”Ғв”Ғв”Ғв”Ғв”Ғв”Ғв”Ғв”Ғв”Ғв”Ғв”Ғв”Ғв”Ғв”Ғв”Ғв”Ғв”Ғв”Ғв”Ғв”Ғв”Ғв”Ғв”Ғв”Ғв”Ғв”Ғв”Ғв”Ғ

в–“в–“в–“ Detects: TODO, FIXME, HACK, NOTE
Technical debt markers indicate incomplete or problematic code
  вң“ OK No TODO/FIXME/HACK markers found

в”Ғв”Ғв”Ғв”Ғв”Ғв”Ғв”Ғв”Ғв”Ғв”Ғв”Ғв”Ғв”Ғв”Ғв”Ғв”Ғв”Ғв”Ғв”Ғв”Ғв”Ғв”Ғв”Ғв”Ғв”Ғв”Ғв”Ғв”Ғв”Ғв”Ғв”Ғв”Ғв”Ғв”Ғв”Ғв”Ғв”Ғв”Ғв”Ғв”Ғв”Ғв”Ғв”Ғв”Ғв”Ғв”Ғв”Ғв”Ғв”Ғв”Ғв”Ғв”Ғв”Ғв”Ғв”Ғв”Ғв”Ғв”Ғв”Ғв”Ғв”Ғв”Ғв”Ғв”Ғ
10. MODULE & VISIBILITY ISSUES
в”Ғв”Ғв”Ғв”Ғв”Ғв”Ғв”Ғв”Ғв”Ғв”Ғв”Ғв”Ғв”Ғв”Ғв”Ғв”Ғв”Ғв”Ғв”Ғв”Ғв”Ғв”Ғв”Ғв”Ғв”Ғв”Ғв”Ғв”Ғв”Ғв”Ғв”Ғв”Ғв”Ғв”Ғв”Ғв”Ғв”Ғв”Ғв”Ғв”Ғв”Ғв”Ғв”Ғв”Ғв”Ғв”Ғв”Ғв”Ғв”Ғв”Ғв”Ғв”Ғв”Ғв”Ғв”Ғв”Ғв”Ғв”Ғв”Ғв”Ғв”Ғв”Ғв”Ғв”Ғ

в–“в–“в–“ Detects: pub use wildcards, glob imports, re-exports
Overly broad visibility complicates API stability and encapsulation

вҖў Wildcard imports (use crate::* or ::*)
  в„№ Info (3 found)
    Wildcard imports found; prefer explicit names
      /data/projects/frankentorch/crates/ft-kernel-cpu/src/lib.rs:5 (https://github.com/Dicklesworthstone/frankentorch/blob/b15ba8cc79cd723ed7083ce98137e72269d520b5/crates/ft-kernel-cpu/src/lib.rs#L5)
      use rayon::prelude::*;
      /data/projects/frankentorch/crates/ft-kernel-cpu/src/lib.rs:10 (https://github.com/Dicklesworthstone/frankentorch/blob/b15ba8cc79cd723ed7083ce98137e72269d520b5/crates/ft-kernel-cpu/src/lib.rs#L10)
          use rayon::prelude::*;
      /data/projects/frankentorch/crates/ft-kernel-cpu/src/lib.rs:23132 (https://github.com/Dicklesworthstone/frankentorch/blob/b15ba8cc79cd723ed7083ce98137e72269d520b5/crates/ft-kernel-cpu/src/lib.rs#L23132)
          use proptest::prelude::*;

вҖў pub use re-exports (inventory)

в”Ғв”Ғв”Ғв”Ғв”Ғв”Ғв”Ғв”Ғв”Ғв”Ғв”Ғв”Ғв”Ғв”Ғв”Ғв”Ғв”Ғв”Ғв”Ғв”Ғв”Ғв”Ғв”Ғв”Ғв”Ғв”Ғв”Ғв”Ғв”Ғв”Ғв”Ғв”Ғв”Ғв”Ғв”Ғв”Ғв”Ғв”Ғв”Ғв”Ғв”Ғв”Ғв”Ғв”Ғв”Ғв”Ғв”Ғв”Ғв”Ғв”Ғв”Ғв”Ғв”Ғв”Ғв”Ғв”Ғв”Ғв”Ғв”Ғв”Ғв”Ғв”Ғв”Ғв”Ғ
11. TESTS & BENCHES HYGIENE
в”Ғв”Ғв”Ғв”Ғв”Ғв”Ғв”Ғв”Ғв”Ғв”Ғв”Ғв”Ғв”Ғв”Ғв”Ғв”Ғв”Ғв”Ғв”Ғв”Ғв”Ғв”Ғв”Ғв”Ғв”Ғв”Ғв”Ғв”Ғв”Ғв”Ғв”Ғв”Ғв”Ғв”Ғв”Ғв”Ғв”Ғв”Ғв”Ғв”Ғв”Ғв”Ғв”Ғв”Ғв”Ғв”Ғв”Ғв”Ғв”Ғв”Ғв”Ғв”Ғв”Ғв”Ғв”Ғв”Ғв”Ғв”Ғв”Ғв”Ғв”Ғв”Ғв”Ғв”Ғ

в–“в–“в–“ Detects: ignored tests, todo! in tests, println!/dbg! in tests
Ensure tests do not hide failures or produce noisy output

вҖў #[ignore] tests

вҖў todo!/unimplemented! in tests

в”Ғв”Ғв”Ғв”Ғв”Ғв”Ғв”Ғв”Ғв”Ғв”Ғв”Ғв”Ғв”Ғв”Ғв”Ғв”Ғв”Ғв”Ғв”Ғв”Ғв”Ғв”Ғв”Ғв”Ғв”Ғв”Ғв”Ғв”Ғв”Ғв”Ғв”Ғв”Ғв”Ғв”Ғв”Ғв”Ғв”Ғв”Ғв”Ғв”Ғв”Ғв”Ғв”Ғв”Ғв”Ғв”Ғв”Ғв”Ғв”Ғв”Ғв”Ғв”Ғв”Ғв”Ғв”Ғв”Ғв”Ғв”Ғв”Ғв”Ғв”Ғв”Ғв”Ғв”Ғ
12. LINTS & STYLE (fmt/clippy)
в”Ғв”Ғв”Ғв”Ғв”Ғв”Ғв”Ғв”Ғв”Ғв”Ғв”Ғв”Ғв”Ғв”Ғв”Ғв”Ғв”Ғв”Ғв”Ғв”Ғв”Ғв”Ғв”Ғв”Ғв”Ғв”Ғв”Ғв”Ғв”Ғв”Ғв”Ғв”Ғв”Ғв”Ғв”Ғв”Ғв”Ғв”Ғв”Ғв”Ғв”Ғв”Ғв”Ғв”Ғв”Ғв”Ғв”Ғв”Ғв”Ғв”Ғв”Ғв”Ғв”Ғв”Ғв”Ғв”Ғв”Ғв”Ғв”Ғв”Ғв”Ғв”Ғв”Ғв”Ғ

в–“в–“в–“ Runs: cargo fmt -- --check, cargo clippy
Formatter and lints help maintain consistent style and catch many issues
  вң“ OK Formatting is clean
  вң“ OK No clippy warnings/errors

в”Ғв”Ғв”Ғв”Ғв”Ғв”Ғв”Ғв”Ғв”Ғв”Ғв”Ғв”Ғв”Ғв”Ғв”Ғв”Ғв”Ғв”Ғв”Ғв”Ғв”Ғв”Ғв”Ғв”Ғв”Ғв”Ғв”Ғв”Ғв”Ғв”Ғв”Ғв”Ғв”Ғв”Ғв”Ғв”Ғв”Ғв”Ғв”Ғв”Ғв”Ғв”Ғв”Ғв”Ғв”Ғв”Ғв”Ғв”Ғв”Ғв”Ғв”Ғв”Ғв”Ғв”Ғв”Ғв”Ғв”Ғв”Ғв”Ғв”Ғв”Ғв”Ғв”Ғв”Ғ
13. BUILD HEALTH (check/test)
в”Ғв”Ғв”Ғв”Ғв”Ғв”Ғв”Ғв”Ғв”Ғв”Ғв”Ғв”Ғв”Ғв”Ғв”Ғв”Ғв”Ғв”Ғв”Ғв”Ғв”Ғв”Ғв”Ғв”Ғв”Ғв”Ғв”Ғв”Ғв”Ғв”Ғв”Ғв”Ғв”Ғв”Ғв”Ғв”Ғв”Ғв”Ғв”Ғв”Ғв”Ғв”Ғв”Ғв”Ғв”Ғв”Ғв”Ғв”Ғв”Ғв”Ғв”Ғв”Ғв”Ғв”Ғв”Ғв”Ғв”Ғв”Ғв”Ғв”Ғв”Ғв”Ғв”Ғв”Ғ

в–“в–“в–“ Runs: cargo check, cargo test --no-run
Ensures the project compiles and tests build
  вң“ OK cargo check clean
  вң“ OK Tests build clean

в”Ғв”Ғв”Ғв”Ғв”Ғв”Ғв”Ғв”Ғв”Ғв”Ғв”Ғв”Ғв”Ғв”Ғв”Ғв”Ғв”Ғв”Ғв”Ғв”Ғв”Ғв”Ғв”Ғв”Ғв”Ғв”Ғв”Ғв”Ғв”Ғв”Ғв”Ғв”Ғв”Ғв”Ғв”Ғв”Ғв”Ғв”Ғв”Ғв”Ғв”Ғв”Ғв”Ғв”Ғв”Ғв”Ғв”Ғв”Ғв”Ғв”Ғв”Ғв”Ғв”Ғв”Ғв”Ғв”Ғв”Ғв”Ғв”Ғв”Ғв”Ғв”Ғв”Ғв”Ғ
14. DEPENDENCY HYGIENE
в”Ғв”Ғв”Ғв”Ғв”Ғв”Ғв”Ғв”Ғв”Ғв”Ғв”Ғв”Ғв”Ғв”Ғв”Ғв”Ғв”Ғв”Ғв”Ғв”Ғв”Ғв”Ғв”Ғв”Ғв”Ғв”Ғв”Ғв”Ғв”Ғв”Ғв”Ғв”Ғв”Ғв”Ғв”Ғв”Ғв”Ғв”Ғв”Ғв”Ғв”Ғв”Ғв”Ғв”Ғв”Ғв”Ғв”Ғв”Ғв”Ғв”Ғв”Ғв”Ғв”Ғв”Ғв”Ғв”Ғв”Ғв”Ғв”Ғв”Ғв”Ғв”Ғв”Ғв”Ғ

в–“в–“в–“ Runs: cargo audit, cargo deny check, cargo udeps, cargo outdated
Keeps dependencies safe, minimal, and up-to-date
  вң“ OK No known advisories (cargo-audit)
  вң“ OK cargo-deny clean
  в„№ Info (1 found)
    cargo-udeps not installed; skipping unused dep scan
  в„№ Info (1 found)
    cargo-outdated not installed; skipping update report

в”Ғв”Ғв”Ғв”Ғв”Ғв”Ғв”Ғв”Ғв”Ғв”Ғв”Ғв”Ғв”Ғв”Ғв”Ғв”Ғв”Ғв”Ғв”Ғв”Ғв”Ғв”Ғв”Ғв”Ғв”Ғв”Ғв”Ғв”Ғв”Ғв”Ғв”Ғв”Ғв”Ғв”Ғв”Ғв”Ғв”Ғв”Ғв”Ғв”Ғв”Ғв”Ғв”Ғв”Ғв”Ғв”Ғв”Ғв”Ғв”Ғв”Ғв”Ғв”Ғв”Ғв”Ғв”Ғв”Ғв”Ғв”Ғв”Ғв”Ғв”Ғв”Ғв”Ғв”Ғ
15. API MISUSE (COMMON)
в”Ғв”Ғв”Ғв”Ғв”Ғв”Ғв”Ғв”Ғв”Ғв”Ғв”Ғв”Ғв”Ғв”Ғв”Ғв”Ғв”Ғв”Ғв”Ғв”Ғв”Ғв”Ғв”Ғв”Ғв”Ғв”Ғв”Ғв”Ғв”Ғв”Ғв”Ғв”Ғв”Ғв”Ғв”Ғв”Ғв”Ғв”Ғв”Ғв”Ғв”Ғв”Ғв”Ғв”Ғв”Ғв”Ғв”Ғв”Ғв”Ғв”Ғв”Ғв”Ғв”Ғв”Ғв”Ғв”Ғв”Ғв”Ғв”Ғв”Ғв”Ғв”Ғв”Ғв”Ғ

в–“в–“в–“ Detects: nth(0), DefaultHasher, expect_err/unwrap_err, Option::unwrap_or_default in hot paths
Common footguns and readability hazards

вҖў std::collections::hash_map::DefaultHasher

вҖў unwrap_err()/expect_err() usage inventory
  в„№ Info (35 found)
    unwrap_err/expect_err present - ensure test-only or justified

вҖў Option::unwrap_or_default inventory

в”Ғв”Ғв”Ғв”Ғв”Ғв”Ғв”Ғв”Ғв”Ғв”Ғв”Ғв”Ғв”Ғв”Ғв”Ғв”Ғв”Ғв”Ғв”Ғв”Ғв”Ғв”Ғв”Ғв”Ғв”Ғв”Ғв”Ғв”Ғв”Ғв”Ғв”Ғв”Ғв”Ғв”Ғв”Ғв”Ғв”Ғв”Ғв”Ғв”Ғв”Ғв”Ғв”Ғв”Ғв”Ғв”Ғв”Ғв”Ғв”Ғв”Ғв”Ғв”Ғв”Ғв”Ғв”Ғв”Ғв”Ғв”Ғв”Ғв”Ғв”Ғв”Ғв”Ғв”Ғ
16. DOMAIN-SPECIFIC HEURISTICS
в”Ғв”Ғв”Ғв”Ғв”Ғв”Ғв”Ғв”Ғв”Ғв”Ғв”Ғв”Ғв”Ғв”Ғв”Ғв”Ғв”Ғв”Ғв”Ғв”Ғв”Ғв”Ғв”Ғв”Ғв”Ғв”Ғв”Ғв”Ғв”Ғв”Ғв”Ғв”Ғв”Ғв”Ғв”Ғв”Ғв”Ғв”Ғв”Ғв”Ғв”Ғв”Ғв”Ғв”Ғв”Ғв”Ғв”Ғв”Ғв”Ғв”Ғв”Ғв”Ғв”Ғв”Ғв”Ғв”Ғв”Ғв”Ғв”Ғв”Ғв”Ғв”Ғв”Ғв”Ғ

в–“в–“в–“ Detects: reqwest builder, SQL string concatenation (heuristic), serde_json::from_str without context
Domain patterns that often hint at bugs

вҖў reqwest::ClientBuilder inventory

вҖў serde_json::from_str without error context (heuristic)

вҖў SQL string concatenation (heuristic)

в”Ғв”Ғв”Ғв”Ғв”Ғв”Ғв”Ғв”Ғв”Ғв”Ғв”Ғв”Ғв”Ғв”Ғв”Ғв”Ғв”Ғв”Ғв”Ғв”Ғв”Ғв”Ғв”Ғв”Ғв”Ғв”Ғв”Ғв”Ғв”Ғв”Ғв”Ғв”Ғв”Ғв”Ғв”Ғв”Ғв”Ғв”Ғв”Ғв”Ғв”Ғв”Ғв”Ғв”Ғв”Ғв”Ғв”Ғв”Ғв”Ғв”Ғв”Ғв”Ғв”Ғв”Ғв”Ғв”Ғв”Ғв”Ғв”Ғв”Ғв”Ғв”Ғв”Ғв”Ғ
17. AST-GREP RULE PACK FINDINGS
в”Ғв”Ғв”Ғв”Ғв”Ғв”Ғв”Ғв”Ғв”Ғв”Ғв”Ғв”Ғв”Ғв”Ғв”Ғв”Ғв”Ғв”Ғв”Ғв”Ғв”Ғв”Ғв”Ғв”Ғв”Ғв”Ғв”Ғв”Ғв”Ғв”Ғв”Ғв”Ғв”Ғв”Ғв”Ғв”Ғв”Ғв”Ғв”Ғв”Ғв”Ғв”Ғв”Ғв”Ғв”Ғв”Ғв”Ғв”Ғв”Ғв”Ғв”Ғв”Ғв”Ғв”Ғв”Ғв”Ғв”Ғв”Ғв”Ғв”Ғв”Ғв”Ғв”Ғв”Ғ
  в„№ Info (0 found)
    AST rule pack staged
    Run with --format=sarif to emit SARIF from the rule pack

в”Ғв”Ғв”Ғв”Ғв”Ғв”Ғв”Ғв”Ғв”Ғв”Ғв”Ғв”Ғв”Ғв”Ғв”Ғв”Ғв”Ғв”Ғв”Ғв”Ғв”Ғв”Ғв”Ғв”Ғв”Ғв”Ғв”Ғв”Ғв”Ғв”Ғв”Ғв”Ғв”Ғв”Ғв”Ғв”Ғв”Ғв”Ғв”Ғв”Ғв”Ғв”Ғв”Ғв”Ғв”Ғв”Ғв”Ғв”Ғв”Ғв”Ғв”Ғв”Ғв”Ғв”Ғв”Ғв”Ғв”Ғв”Ғв”Ғв”Ғв”Ғв”Ғв”Ғв”Ғ
18. META STATISTICS & INVENTORY
в”Ғв”Ғв”Ғв”Ғв”Ғв”Ғв”Ғв”Ғв”Ғв”Ғв”Ғв”Ғв”Ғв”Ғв”Ғв”Ғв”Ғв”Ғв”Ғв”Ғв”Ғв”Ғв”Ғв”Ғв”Ғв”Ғв”Ғв”Ғв”Ғв”Ғв”Ғв”Ғв”Ғв”Ғв”Ғв”Ғв”Ғв”Ғв”Ғв”Ғв”Ғв”Ғв”Ғв”Ғв”Ғв”Ғв”Ғв”Ғв”Ғв”Ғв”Ғв”Ғв”Ғв”Ғв”Ғв”Ғв”Ғв”Ғв”Ғв”Ғв”Ғв”Ғв”Ғв”Ғ

в–“в–“в–“ Detects: crate counts, bin/lib targets, feature flags (Cargo.toml heuristic)
High-level view of the project layout

вҖў Cargo.toml features (heuristic count)
  в„№ Info (1 found)
    No Cargo.toml at project root (workspace? set PROJECT_DIR accordingly)

в”Ғв”Ғв”Ғв”Ғв”Ғв”Ғв”Ғв”Ғв”Ғв”Ғв”Ғв”Ғв”Ғв”Ғв”Ғв”Ғв”Ғв”Ғв”Ғв”Ғв”Ғв”Ғв”Ғв”Ғв”Ғв”Ғв”Ғв”Ғв”Ғв”Ғв”Ғв”Ғв”Ғв”Ғв”Ғв”Ғв”Ғв”Ғв”Ғв”Ғв”Ғв”Ғв”Ғв”Ғв”Ғв”Ғв”Ғв”Ғв”Ғв”Ғв”Ғв”Ғв”Ғв”Ғв”Ғв”Ғв”Ғв”Ғв”Ғв”Ғв”Ғв”Ғв”Ғв”Ғ
19. RESOURCE LIFECYCLE CORRELATION
в”Ғв”Ғв”Ғв”Ғв”Ғв”Ғв”Ғв”Ғв”Ғв”Ғв”Ғв”Ғв”Ғв”Ғв”Ғв”Ғв”Ғв”Ғв”Ғв”Ғв”Ғв”Ғв”Ғв”Ғв”Ғв”Ғв”Ғв”Ғв”Ғв”Ғв”Ғв”Ғв”Ғв”Ғв”Ғв”Ғв”Ғв”Ғв”Ғв”Ғв”Ғв”Ғв”Ғв”Ғв”Ғв”Ғв”Ғв”Ғв”Ғв”Ғв”Ғв”Ғв”Ғв”Ғв”Ғв”Ғв”Ғв”Ғв”Ғв”Ғв”Ғв”Ғв”Ғв”Ғ

в–“в–“в–“ Detects: std::thread::spawn without join, tokio::spawn without await, TcpStream without shutdown
Rust relies on explicit joins/shutdowns even with RAIIвҖ”leaks create zombie work

вҖў Resource lifecycle correlation
  вң“ OK All tracked resource acquisitions have matching cleanups

в”Ғв”Ғв”Ғв”Ғв”Ғв”Ғв”Ғв”Ғв”Ғв”Ғв”Ғв”Ғв”Ғв”Ғв”Ғв”Ғв”Ғв”Ғв”Ғв”Ғв”Ғв”Ғв”Ғв”Ғв”Ғв”Ғв”Ғв”Ғв”Ғв”Ғв”Ғв”Ғв”Ғв”Ғв”Ғв”Ғв”Ғв”Ғв”Ғв”Ғв”Ғв”Ғв”Ғв”Ғв”Ғв”Ғв”Ғв”Ғв”Ғв”Ғв”Ғв”Ғв”Ғв”Ғв”Ғв”Ғв”Ғв”Ғв”Ғв”Ғв”Ғв”Ғв”Ғв”Ғ
20. ASYNC LOCKING ACROSS AWAIT
в”Ғв”Ғв”Ғв”Ғв”Ғв”Ғв”Ғв”Ғв”Ғв”Ғв”Ғв”Ғв”Ғв”Ғв”Ғв”Ғв”Ғв”Ғв”Ғв”Ғв”Ғв”Ғв”Ғв”Ғв”Ғв”Ғв”Ғв”Ғв”Ғв”Ғв”Ғв”Ғв”Ғв”Ғв”Ғв”Ғв”Ғв”Ғв”Ғв”Ғв”Ғв”Ғв”Ғв”Ғв”Ғв”Ғв”Ғв”Ғв”Ғв”Ғв”Ғв”Ғв”Ғв”Ғв”Ғв”Ғв”Ғв”Ғв”Ғв”Ғв”Ғв”Ғв”Ғв”Ғ

в–“в–“в–“ Detects: locks acquired in async fns and potentially held across await
Holding locks across await can deadlock, starve tasks, and cause latency spikes; std::sync locks can block executor threads

вҖў std::sync lock usage inside async fn (blocking risk)
  вң“ OK No obvious std::sync lock usage inside async fns

вҖў Potential std::sync guard held across await (heuristic)

вҖў Potential async lock guard held across await (tokio/async locks heuristic)

в”Ғв”Ғв”Ғв”Ғв”Ғв”Ғв”Ғв”Ғв”Ғв”Ғв”Ғв”Ғв”Ғв”Ғв”Ғв”Ғв”Ғв”Ғв”Ғв”Ғв”Ғв”Ғв”Ғв”Ғв”Ғв”Ғв”Ғв”Ғв”Ғв”Ғв”Ғв”Ғв”Ғв”Ғв”Ғв”Ғв”Ғв”Ғв”Ғв”Ғв”Ғв”Ғв”Ғв”Ғв”Ғв”Ғв”Ғв”Ғв”Ғв”Ғв”Ғв”Ғв”Ғв”Ғв”Ғв”Ғв”Ғв”Ғв”Ғв”Ғв”Ғв”Ғв”Ғв”Ғ
21. PANIC SURFACES & UNWINDING
в”Ғв”Ғв”Ғв”Ғв”Ғв”Ғв”Ғв”Ғв”Ғв”Ғв”Ғв”Ғв”Ғв”Ғв”Ғв”Ғв”Ғв”Ғв”Ғв”Ғв”Ғв”Ғв”Ғв”Ғв”Ғв”Ғв”Ғв”Ғв”Ғв”Ғв”Ғв”Ғв”Ғв”Ғв”Ғв”Ғв”Ғв”Ғв”Ғв”Ғв”Ғв”Ғв”Ғв”Ғв”Ғв”Ғв”Ғв”Ғв”Ғв”Ғв”Ғв”Ғв”Ғв”Ғв”Ғв”Ғв”Ғв”Ғв”Ғв”Ғв”Ғв”Ғв”Ғв”Ғ

в–“в–“в–“ Detects: assert macros, direct indexing, unreachable_unchecked/unwrap_unchecked, panic/unwrap inside Drop
Panics in destructors or UB hints can crash/abort in subtle ways; these can slip past linting depending on cfg/features

вҖў assert!/assert_eq!/assert_ne! inventory
  вҡ  Warning (677 found)
    assert! macros present (panic surface)
    If these are runtime invariants, consider explicit error handling; ensure not reachable by untrusted input

вҖў unreachable_unchecked / unwrap_unchecked

вҖў direct indexing / slicing panic surfaces
  вҡ  Warning (1651 found)
    Direct indexing/slicing may panic
    Use get()/get_mut(), checked ranges, or prior bounds checks when indexes can come from input
      /data/projects/frankentorch/crates/ft-kernel-cpu/src/lib.rs:56 (https://github.com/Dicklesworthstone/frankentorch/blob/b15ba8cc79cd723ed7083ce98137e72269d520b5/crates/ft-kernel-cpu/src/lib.rs#L56)
              let a = &a[..m * k];
      /data/projects/frankentorch/crates/ft-kernel-cpu/src/lib.rs:57 (https://github.com/Dicklesworthstone/frankentorch/blob/b15ba8cc79cd723ed7083ce98137e72269d520b5/crates/ft-kernel-cpu/src/lib.rs#L57)
              let b = &b[..k * n];
      /data/projects/frankentorch/crates/ft-kernel-cpu/src/lib.rs:58 (https://github.com/Dicklesworthstone/frankentorch/blob/b15ba8cc79cd723ed7083ce98137e72269d520b5/crates/ft-kernel-cpu/src/lib.rs#L58)
              let c = &mut c[..m * n];

вҖў panic!/unwrap/expect inside Drop

в”Ғв”Ғв”Ғв”Ғв”Ғв”Ғв”Ғв”Ғв”Ғв”Ғв”Ғв”Ғв”Ғв”Ғв”Ғв”Ғв”Ғв”Ғв”Ғв”Ғв”Ғв”Ғв”Ғв”Ғв”Ғв”Ғв”Ғв”Ғв”Ғв”Ғв”Ғв”Ғв”Ғв”Ғв”Ғв”Ғв”Ғв”Ғв”Ғв”Ғв”Ғв”Ғв”Ғв”Ғв”Ғв”Ғв”Ғв”Ғв”Ғв”Ғв”Ғв”Ғв”Ғв”Ғв”Ғв”Ғв”Ғв”Ғв”Ғв”Ғв”Ғв”Ғв”Ғв”Ғ
22. SUSPICIOUS CASTS & TRUNCATION
в”Ғв”Ғв”Ғв”Ғв”Ғв”Ғв”Ғв”Ғв”Ғв”Ғв”Ғв”Ғв”Ғв”Ғв”Ғв”Ғв”Ғв”Ғв”Ғв”Ғв”Ғв”Ғв”Ғв”Ғв”Ғв”Ғв”Ғв”Ғв”Ғв”Ғв”Ғв”Ғв”Ғв”Ғв”Ғв”Ғв”Ғв”Ғв”Ғв”Ғв”Ғв”Ғв”Ғв”Ғв”Ғв”Ғв”Ғв”Ғв”Ғв”Ғв”Ғв”Ғв”Ғв”Ғв”Ғв”Ғв”Ғв”Ғв”Ғв”Ғв”Ғв”Ғв”Ғв”Ғ

в–“в–“в–“ Detects: pervasive `as` casts, try_into().unwrap, numeric narrowing patterns
`as` casts can silently truncate or change sign; conversion panics may be missed in uncommon input paths

вҖў `as` cast inventory
  в„№ Info (210 found)
    `as` casts present (possible truncation/sign bugs)
    Prefer TryFrom/TryInto for correctness or document invariants
      /data/projects/frankentorch/crates/ft-kernel-cpu/src/lib.rs:7937 (https://github.com/Dicklesworthstone/frankentorch/blob/b15ba8cc79cd723ed7083ce98137e72269d520b5/crates/ft-kernel-cpu/src/lib.rs#L7937)
          perm.extend(0..n as u32);
      /data/projects/frankentorch/crates/ft-kernel-cpu/src/lib.rs:9837 (https://github.com/Dicklesworthstone/frankentorch/blob/b15ba8cc79cd723ed7083ce98137e72269d520b5/crates/ft-kernel-cpu/src/lib.rs#L9837)
              (norm / 0.5).log2().ceil() as u32
      /data/projects/frankentorch/crates/ft-kernel-cpu/src/lib.rs:10872 (https://github.com/Dicklesworthstone/frankentorch/blob/b15ba8cc79cd723ed7083ce98137e72269d520b5/crates/ft-kernel-cpu/src/lib.rs#L10872)
                          let work = (n as u64) * (sweep_rot.len() as u64);

вҖў len()/count() narrowed via `as`

вҖў try_into().unwrap()/expect() (panic on conversion failure)

в”Ғв”Ғв”Ғв”Ғв”Ғв”Ғв”Ғв”Ғв”Ғв”Ғв”Ғв”Ғв”Ғв”Ғв”Ғв”Ғв”Ғв”Ғв”Ғв”Ғв”Ғв”Ғв”Ғв”Ғв”Ғв”Ғв”Ғв”Ғв”Ғв”Ғв”Ғв”Ғв”Ғв”Ғв”Ғв”Ғв”Ғв”Ғв”Ғв”Ғв”Ғв”Ғв”Ғв”Ғв”Ғв”Ғв”Ғв”Ғв”Ғв”Ғв”Ғв”Ғв”Ғв”Ғв”Ғв”Ғв”Ғв”Ғв”Ғв”Ғв”Ғв”Ғв”Ғв”Ғ
23. PARSING & VALIDATION ROBUSTNESS
в”Ғв”Ғв”Ғв”Ғв”Ғв”Ғв”Ғв”Ғв”Ғв”Ғв”Ғв”Ғв”Ғв”Ғв”Ғв”Ғв”Ғв”Ғв”Ғв”Ғв”Ғв”Ғв”Ғв”Ғв”Ғв”Ғв”Ғв”Ғв”Ғв”Ғв”Ғв”Ғв”Ғв”Ғв”Ғв”Ғв”Ғв”Ғв”Ғв”Ғв”Ғв”Ғв”Ғв”Ғв”Ғв”Ғв”Ғв”Ғв”Ғв”Ғв”Ғв”Ғв”Ғв”Ғв”Ғв”Ғв”Ғв”Ғв”Ғв”Ғв”Ғв”Ғв”Ғв”Ғ

в–“в–“в–“ Detects: parse/from_str/env-var unwraps, decode unwraps, missing error context
Parsing and decoding failures often happen in prod on edge inputs; unwrap/expect turns them into panics

вҖў parse::<T>().unwrap()/expect()

вҖў serde/toml deserialization unwrap()/expect()

вҖў env::var(...).unwrap()/expect()

в”Ғв”Ғв”Ғв”Ғв”Ғв”Ғв”Ғв”Ғв”Ғв”Ғв”Ғв”Ғв”Ғв”Ғв”Ғв”Ғв”Ғв”Ғв”Ғв”Ғв”Ғв”Ғв”Ғв”Ғв”Ғв”Ғв”Ғв”Ғв”Ғв”Ғв”Ғв”Ғв”Ғв”Ғв”Ғв”Ғв”Ғв”Ғв”Ғв”Ғв”Ғв”Ғв”Ғв”Ғв”Ғв”Ғв”Ғв”Ғв”Ғв”Ғв”Ғв”Ғв”Ғв”Ғв”Ғв”Ғв”Ғв”Ғв”Ғв”Ғв”Ғв”Ғв”Ғв”Ғ
24. PERF/DoS HOTSPOTS
в”Ғв”Ғв”Ғв”Ғв”Ғв”Ғв”Ғв”Ғв”Ғв”Ғв”Ғв”Ғв”Ғв”Ғв”Ғв”Ғв”Ғв”Ғв”Ғв”Ғв”Ғв”Ғв”Ғв”Ғв”Ғв”Ғв”Ғв”Ғв”Ғв”Ғв”Ғв”Ғв”Ғв”Ғв”Ғв”Ғв”Ғв”Ғв”Ғв”Ғв”Ғв”Ғв”Ғв”Ғв”Ғв”Ғв”Ғв”Ғв”Ғв”Ғв”Ғв”Ғв”Ғв”Ғв”Ғв”Ғв”Ғв”Ғв”Ғв”Ғв”Ғв”Ғв”Ғв”Ғ

в–“в–“в–“ Detects: regex compilation in loops, chars().nth(n), format!/allocations in loops
Some perf pitfalls become DoS risks on large inputs or hot paths; these often evade linting in non-bench builds

вҖў Regex::new occurrences and in-loop compilation
  вң“ OK No regex::Regex::new detected

вҖў chars().nth(n)/nth_back(n) (O(n))

вҖў format!/to_string/allocations inside loops (heuristic)
  вҡ  Warning (2 found)
    String allocation inside loop
    Consider preallocating buffers, using write!, or restructuring to reduce allocations
      /data/projects/frankentorch/crates/ft-kernel-cpu/src/lib.rs:17637 (https://github.com/Dicklesworthstone/frankentorch/blob/b15ba8cc79cd723ed7083ce98137e72269d520b5/crates/ft-kernel-cpu/src/lib.rs#L17637)
      output.push_str(&format!(
      /data/projects/frankentorch/crates/ft-kernel-cpu/src/lib.rs:17645 (https://github.com/Dicklesworthstone/frankentorch/blob/b15ba8cc79cd723ed7083ce98137e72269d520b5/crates/ft-kernel-cpu/src/lib.rs#L17645)
      output.push_str(&format!(

в•җв•җв•җв•җв•җв•җв•җв•җв•җв•җв•җв•җв•җв•җв•җв•җв•җв•җв•җв•җв•җв•җв•җв•җв•җв•җв•җв•җв•җв•җв•җв•җв•җв•җв•җв•җв•җв•җв•җв•җв•җв•җв•җв•җв•җв•җв•җв•җв•җв•җв•җв•җв•җв•җв•җв•җв•җв•җв•җв•җв•җв•җв•җв•җв•җв•җв•җв•җв•җв•җв•җв•җв•җв•җв•җ
                    рҹҺҜ SCAN COMPLETE рҹҺҜ                                  
в•җв•җв•җв•җв•җв•җв•җв•җв•җв•җв•җв•җв•җв•җв•җв•җв•җв•җв•җв•җв•җв•җв•җв•җв•җв•җв•җв•җв•җв•җв•җв•җв•җв•җв•җв•җв•җв•җв•җв•җв•җв•җв•җв•җв•җв•җв•җв•җв•җв•җв•җв•җв•җв•җв•җв•җв•җв•җв•җв•җв•җв•җв•җв•җв•җв•җв•җв•җв•җв•җв•җв•җв•җв•җв•җ

Summary Statistics:
  Files scanned:    1
  Critical issues:  0
  Warning issues:   2795
  Info items:       743

Priority Actions:
  вҡ  Review and fix WARNING items
  These cause bugs, performance issues, or maintenance problems
  в„№ Consider INFO suggestions
  Code quality improvements and best practices

Scan completed at: 2026-06-09 01:19:46

Tip: Run with -v/--verbose for more code samples per finding.
Add to CI: ./ubs --ci --fail-on-warning . > rust-bug-scan.txt


в”Җв”Җв”Җв”Җв”Җв”Җв”Җв”Җ Combined Summary в”Җв”Җв”Җв”Җв”Җв”Җв”Җв”Җ
Files: 1
Critical: 0
Warning: 2795
Info: 743
