  [2m2026-06-13T03:26:57.309811Z[0m [32m INFO[0m [1;32mrch::hook[0m[32m: [32mSelected worker: vmi1227854 at root@109.123.245.77 (2 slots remaining after reservation, speed 50.0)[0m
    [2;3mat[0m rch/src/hook.rs:514 [2;3mon[0m ThreadId(1)

  [2m2026-06-13T03:26:57.625752Z[0m [32m INFO[0m [1;32mrch::hook[0m[32m: [32mStarting remote compilation pipeline for frankentorch (hash: 3d6dc0f5ca5d2899)[0m
    [2;3mat[0m rch/src/hook.rs:5994 [2;3mon[0m ThreadId(1)

  [2m2026-06-13T03:26:57.625816Z[0m [32m INFO[0m [1;32mrch::hook[0m[32m: [32mPrepared dependency sync manifest for 13 roots[0m
    [2;3mat[0m rch/src/hook.rs:6016 [2;3mon[0m ThreadId(1)

  [2m2026-06-13T03:26:59.202630Z[0m [32m INFO[0m [1;32mrch::hook[0m[32m: [32mSyncing project to worker vmi1227854...[0m
    [2;3mat[0m rch/src/hook.rs:6046 [2;3mon[0m ThreadId(1)

  [2m2026-06-13T03:26:59.202728Z[0m [32m INFO[0m [1;32mrch::transfer[0m[32m: [32mSyncing /data/projects/frankentorch -> /data/projects/frankentorch on vmi1227854[0m
    [2;3mat[0m rch/src/transfer.rs:1434 [2;3mon[0m ThreadId(1)

  [2m2026-06-13T03:27:06.901323Z[0m [32m INFO[0m [1;32mrch::transfer[0m[32m: [32mSync completed in 7698ms[0m
    [2;3mat[0m rch/src/transfer.rs:1503 [2;3mon[0m ThreadId(1)

  [2m2026-06-13T03:27:06.901461Z[0m [32m INFO[0m [1;32mrch::transfer[0m[32m: [32mSyncing /data/projects/frankentorch/crates/ft-api -> /data/projects/frankentorch/crates/ft-api on vmi1227854[0m
    [2;3mat[0m rch/src/transfer.rs:1434 [2;3mon[0m ThreadId(1)

  [2m2026-06-13T03:27:08.871332Z[0m [32m INFO[0m [1;32mrch::transfer[0m[32m: [32mSync completed in 1969ms[0m
    [2;3mat[0m rch/src/transfer.rs:1503 [2;3mon[0m ThreadId(1)

  [2m2026-06-13T03:27:08.871434Z[0m [32m INFO[0m [1;32mrch::transfer[0m[32m: [32mSyncing /data/projects/frankentorch/crates/ft-autograd -> /data/projects/frankentorch/crates/ft-autograd on vmi1227854[0m
    [2;3mat[0m rch/src/transfer.rs:1434 [2;3mon[0m ThreadId(1)

  [2m2026-06-13T03:27:10.728645Z[0m [32m INFO[0m [1;32mrch::transfer[0m[32m: [32mSync completed in 1857ms[0m
    [2;3mat[0m rch/src/transfer.rs:1503 [2;3mon[0m ThreadId(1)

  [2m2026-06-13T03:27:10.728777Z[0m [32m INFO[0m [1;32mrch::transfer[0m[32m: [32mSyncing /data/projects/frankentorch/crates/ft-conformance -> /data/projects/frankentorch/crates/ft-conformance on vmi1227854[0m
    [2;3mat[0m rch/src/transfer.rs:1434 [2;3mon[0m ThreadId(1)

  [2m2026-06-13T03:27:12.659526Z[0m [32m INFO[0m [1;32mrch::transfer[0m[32m: [32mSync completed in 1930ms[0m
    [2;3mat[0m rch/src/transfer.rs:1503 [2;3mon[0m ThreadId(1)

  [2m2026-06-13T03:27:12.659650Z[0m [32m INFO[0m [1;32mrch::transfer[0m[32m: [32mSyncing /data/projects/frankentorch/crates/ft-core -> /data/projects/frankentorch/crates/ft-core on vmi1227854[0m
    [2;3mat[0m rch/src/transfer.rs:1434 [2;3mon[0m ThreadId(1)

  [2m2026-06-13T03:27:14.502005Z[0m [32m INFO[0m [1;32mrch::transfer[0m[32m: [32mSync completed in 1842ms[0m
    [2;3mat[0m rch/src/transfer.rs:1503 [2;3mon[0m ThreadId(1)

  [2m2026-06-13T03:27:14.502202Z[0m [32m INFO[0m [1;32mrch::transfer[0m[32m: [32mSyncing /data/projects/frankentorch/crates/ft-data -> /data/projects/frankentorch/crates/ft-data on vmi1227854[0m
    [2;3mat[0m rch/src/transfer.rs:1434 [2;3mon[0m ThreadId(1)

  [2m2026-06-13T03:27:16.350079Z[0m [32m INFO[0m [1;32mrch::transfer[0m[32m: [32mSync completed in 1847ms[0m
    [2;3mat[0m rch/src/transfer.rs:1503 [2;3mon[0m ThreadId(1)

  [2m2026-06-13T03:27:16.350206Z[0m [32m INFO[0m [1;32mrch::transfer[0m[32m: [32mSyncing /data/projects/frankentorch/crates/ft-device -> /data/projects/frankentorch/crates/ft-device on vmi1227854[0m
    [2;3mat[0m rch/src/transfer.rs:1434 [2;3mon[0m ThreadId(1)

  [2m2026-06-13T03:27:18.210327Z[0m [32m INFO[0m [1;32mrch::transfer[0m[32m: [32mSync completed in 1860ms[0m
    [2;3mat[0m rch/src/transfer.rs:1503 [2;3mon[0m ThreadId(1)

  [2m2026-06-13T03:27:18.210443Z[0m [32m INFO[0m [1;32mrch::transfer[0m[32m: [32mSyncing /data/projects/frankentorch/crates/ft-dispatch -> /data/projects/frankentorch/crates/ft-dispatch on vmi1227854[0m
    [2;3mat[0m rch/src/transfer.rs:1434 [2;3mon[0m ThreadId(1)

  [2m2026-06-13T03:27:20.039163Z[0m [32m INFO[0m [1;32mrch::transfer[0m[32m: [32mSync completed in 1828ms[0m
    [2;3mat[0m rch/src/transfer.rs:1503 [2;3mon[0m ThreadId(1)

  [2m2026-06-13T03:27:20.039312Z[0m [32m INFO[0m [1;32mrch::transfer[0m[32m: [32mSyncing /data/projects/frankentorch/crates/ft-kernel-cpu -> /data/projects/frankentorch/crates/ft-kernel-cpu on vmi1227854[0m
    [2;3mat[0m rch/src/transfer.rs:1434 [2;3mon[0m ThreadId(1)

  [2m2026-06-13T03:27:21.882010Z[0m [32m INFO[0m [1;32mrch::transfer[0m[32m: [32mSync completed in 1842ms[0m
    [2;3mat[0m rch/src/transfer.rs:1503 [2;3mon[0m ThreadId(1)

  [2m2026-06-13T03:27:21.882122Z[0m [32m INFO[0m [1;32mrch::transfer[0m[32m: [32mSyncing /data/projects/frankentorch/crates/ft-nn -> /data/projects/frankentorch/crates/ft-nn on vmi1227854[0m
    [2;3mat[0m rch/src/transfer.rs:1434 [2;3mon[0m ThreadId(1)

  [2m2026-06-13T03:27:23.890312Z[0m [32m INFO[0m [1;32mrch::transfer[0m[32m: [32mSync completed in 2008ms[0m
    [2;3mat[0m rch/src/transfer.rs:1503 [2;3mon[0m ThreadId(1)

  [2m2026-06-13T03:27:23.890422Z[0m [32m INFO[0m [1;32mrch::transfer[0m[32m: [32mSyncing /data/projects/frankentorch/crates/ft-optim -> /data/projects/frankentorch/crates/ft-optim on vmi1227854[0m
    [2;3mat[0m rch/src/transfer.rs:1434 [2;3mon[0m ThreadId(1)

  [2m2026-06-13T03:27:25.691657Z[0m [32m INFO[0m [1;32mrch::transfer[0m[32m: [32mSync completed in 1801ms[0m
    [2;3mat[0m rch/src/transfer.rs:1503 [2;3mon[0m ThreadId(1)

  [2m2026-06-13T03:27:25.691794Z[0m [32m INFO[0m [1;32mrch::transfer[0m[32m: [32mSyncing /data/projects/frankentorch/crates/ft-runtime -> /data/projects/frankentorch/crates/ft-runtime on vmi1227854[0m
    [2;3mat[0m rch/src/transfer.rs:1434 [2;3mon[0m ThreadId(1)

  [2m2026-06-13T03:27:27.559365Z[0m [32m INFO[0m [1;32mrch::transfer[0m[32m: [32mSync completed in 1867ms[0m
    [2;3mat[0m rch/src/transfer.rs:1503 [2;3mon[0m ThreadId(1)

  [2m2026-06-13T03:27:27.559483Z[0m [32m INFO[0m [1;32mrch::transfer[0m[32m: [32mSyncing /data/projects/frankentorch/crates/ft-serialize -> /data/projects/frankentorch/crates/ft-serialize on vmi1227854[0m
    [2;3mat[0m rch/src/transfer.rs:1434 [2;3mon[0m ThreadId(1)

  [2m2026-06-13T03:27:29.505262Z[0m [32m INFO[0m [1;32mrch::transfer[0m[32m: [32mSync completed in 1945ms[0m
    [2;3mat[0m rch/src/transfer.rs:1503 [2;3mon[0m ThreadId(1)

  [2m2026-06-13T03:27:29.505298Z[0m [32m INFO[0m [1;32mrch::hook[0m[32m: [32mSync complete: 51961 files, 1857446 bytes in 30294ms[0m
    [2;3mat[0m rch/src/hook.rs:6209 [2;3mon[0m ThreadId(1)

  [2m2026-06-13T03:27:33.614241Z[0m [32m INFO[0m [1;32mrch::hook[0m[32m: [32mExecuting command remotely: cargo bench -j 1 -p ft-kernel-cpu --bench linalg_bench -- eigvals_f64_256x256 --sample-size 10 --warm-up-time 1 --measurement-time 3[0m
    [2;3mat[0m rch/src/hook.rs:6252 [2;3mon[0m ThreadId(1)

  [2m2026-06-13T03:27:33.614302Z[0m [32m INFO[0m [1;32mrch::transfer[0m[32m: [32mRewriting CARGO_TARGET_DIR for remote execution (worker-scoped path): /data/tmp/cargo-target -> /data/projects/frankentorch/.rch-target-vmi1227854-job-29884606035526767-1781321219202623150-0[0m
    [2;3mat[0m rch/src/transfer.rs:712 [2;3mon[0m ThreadId(1)

    Updating crates.io index
 Downloading crates ...
warning: spurious network error (3 tries remaining): [16] Error in the HTTP2 framing layer
warning: spurious network error (3 tries remaining): [16] Error in the HTTP2 framing layer
warning: spurious network error (3 tries remaining): [16] Error in the HTTP2 framing layer
warning: spurious network error (3 tries remaining): [16] Error in the HTTP2 framing layer
warning: spurious network error (3 tries remaining): [16] Error in the HTTP2 framing layer
warning: spurious network error (3 tries remaining): [16] Error in the HTTP2 framing layer
warning: spurious network error (3 tries remaining): [16] Error in the HTTP2 framing layer
warning: spurious network error (3 tries remaining): [16] Error in the HTTP2 framing layer
warning: spurious network error (3 tries remaining): [16] Error in the HTTP2 framing layer
warning: spurious network error (3 tries remaining): [16] Error in the HTTP2 framing layer
warning: spurious network error (3 tries remaining): [16] Error in the HTTP2 framing layer
warning: spurious network error (3 tries remaining): [16] Error in the HTTP2 framing layer
warning: spurious network error (3 tries remaining): [16] Error in the HTTP2 framing layer
warning: spurious network error (3 tries remaining): [16] Error in the HTTP2 framing layer
warning: spurious network error (3 tries remaining): [16] Error in the HTTP2 framing layer
warning: spurious network error (3 tries remaining): [16] Error in the HTTP2 framing layer
warning: spurious network error (3 tries remaining): [16] Error in the HTTP2 framing layer
warning: spurious network error (3 tries remaining): [16] Error in the HTTP2 framing layer
warning: spurious network error (3 tries remaining): [16] Error in the HTTP2 framing layer
warning: spurious network error (3 tries remaining): [16] Error in the HTTP2 framing layer
warning: spurious network error (3 tries remaining): [16] Error in the HTTP2 framing layer
warning: spurious network error (3 tries remaining): [16] Error in the HTTP2 framing layer
warning: spurious network error (3 tries remaining): [16] Error in the HTTP2 framing layer
warning: spurious network error (3 tries remaining): [16] Error in the HTTP2 framing layer
warning: spurious network error (3 tries remaining): [16] Error in the HTTP2 framing layer
warning: spurious network error (3 tries remaining): [16] Error in the HTTP2 framing layer
warning: spurious network error (3 tries remaining): [16] Error in the HTTP2 framing layer
warning: spurious network error (3 tries remaining): [16] Error in the HTTP2 framing layer
warning: spurious network error (3 tries remaining): [16] Error in the HTTP2 framing layer
warning: spurious network error (3 tries remaining): [16] Error in the HTTP2 framing layer
warning: spurious network error (3 tries remaining): [16] Error in the HTTP2 framing layer
warning: spurious network error (3 tries remaining): [16] Error in the HTTP2 framing layer
warning: spurious network error (3 tries remaining): [16] Error in the HTTP2 framing layer
warning: spurious network error (3 tries remaining): [16] Error in the HTTP2 framing layer
warning: spurious network error (3 tries remaining): [16] Error in the HTTP2 framing layer
warning: spurious network error (3 tries remaining): [16] Error in the HTTP2 framing layer
warning: spurious network error (3 tries remaining): [16] Error in the HTTP2 framing layer
warning: spurious network error (3 tries remaining): [16] Error in the HTTP2 framing layer
warning: spurious network error (3 tries remaining): [16] Error in the HTTP2 framing layer
warning: spurious network error (3 tries remaining): [16] Error in the HTTP2 framing layer
warning: spurious network error (3 tries remaining): [16] Error in the HTTP2 framing layer
warning: spurious network error (3 tries remaining): [16] Error in the HTTP2 framing layer
warning: spurious network error (3 tries remaining): [16] Error in the HTTP2 framing layer
warning: spurious network error (3 tries remaining): [16] Error in the HTTP2 framing layer
warning: spurious network error (3 tries remaining): [16] Error in the HTTP2 framing layer
warning: spurious network error (3 tries remaining): [16] Error in the HTTP2 framing layer
warning: spurious network error (3 tries remaining): [16] Error in the HTTP2 framing layer
warning: spurious network error (3 tries remaining): [16] Error in the HTTP2 framing layer
warning: spurious network error (3 tries remaining): [16] Error in the HTTP2 framing layer
warning: spurious network error (3 tries remaining): [16] Error in the HTTP2 framing layer
warning: spurious network error (3 tries remaining): [16] Error in the HTTP2 framing layer
warning: spurious network error (3 tries remaining): [16] Error in the HTTP2 framing layer
warning: spurious network error (3 tries remaining): [16] Error in the HTTP2 framing layer
warning: spurious network error (3 tries remaining): [16] Error in the HTTP2 framing layer
warning: spurious network error (3 tries remaining): [16] Error in the HTTP2 framing layer
warning: spurious network error (3 tries remaining): [16] Error in the HTTP2 framing layer
warning: spurious network error (3 tries remaining): [16] Error in the HTTP2 framing layer
warning: spurious network error (3 tries remaining): [16] Error in the HTTP2 framing layer
warning: spurious network error (3 tries remaining): [16] Error in the HTTP2 framing layer
warning: spurious network error (3 tries remaining): [16] Error in the HTTP2 framing layer
warning: spurious network error (3 tries remaining): [16] Error in the HTTP2 framing layer
warning: spurious network error (3 tries remaining): [16] Error in the HTTP2 framing layer
warning: spurious network error (3 tries remaining): [16] Error in the HTTP2 framing layer
warning: spurious network error (3 tries remaining): [16] Error in the HTTP2 framing layer
warning: spurious network error (3 tries remaining): [16] Error in the HTTP2 framing layer
warning: spurious network error (3 tries remaining): [16] Error in the HTTP2 framing layer
warning: spurious network error (3 tries remaining): [16] Error in the HTTP2 framing layer
warning: spurious network error (3 tries remaining): [16] Error in the HTTP2 framing layer
warning: spurious network error (3 tries remaining): [16] Error in the HTTP2 framing layer
warning: spurious network error (3 tries remaining): [16] Error in the HTTP2 framing layer
warning: spurious network error (3 tries remaining): [16] Error in the HTTP2 framing layer
warning: spurious network error (3 tries remaining): [16] Error in the HTTP2 framing layer
warning: spurious network error (3 tries remaining): [16] Error in the HTTP2 framing layer
warning: spurious network error (3 tries remaining): [16] Error in the HTTP2 framing layer
warning: spurious network error (3 tries remaining): [16] Error in the HTTP2 framing layer
warning: spurious network error (3 tries remaining): [16] Error in the HTTP2 framing layer
warning: spurious network error (3 tries remaining): [16] Error in the HTTP2 framing layer
warning: spurious network error (3 tries remaining): [16] Error in the HTTP2 framing layer
warning: spurious network error (3 tries remaining): [16] Error in the HTTP2 framing layer
warning: spurious network error (3 tries remaining): [16] Error in the HTTP2 framing layer
  Downloaded rand_core v0.9.5
  Downloaded criterion v0.5.1
  Downloaded getrandom v0.3.4
  Downloaded regex v1.12.3
  Downloaded console v0.16.3
  Downloaded clap_builder v4.6.0
  Downloaded cfg-if v1.0.4
  Downloaded ciborium-ll v0.2.2
  Downloaded matrixmultiply v0.3.10
  Downloaded ppv-lite86 v0.2.21
  Downloaded anes v0.1.6
  Downloaded regex-automata v0.4.14
  Downloaded unarray v0.1.4
  Downloaded bit-vec v0.8.0
  Downloaded plotters v0.3.7
  Downloaded ciborium v0.2.2
  Downloaded zmij v1.0.21
  Downloaded bytemuck v1.25.0
  Downloaded num-traits v0.2.19
  Downloaded rayon-core v1.13.0
  Downloaded linux-raw-sys v0.12.1
  Downloaded unicode-ident v1.0.24
  Downloaded rustix v1.1.4
  Downloaded memchr v2.8.0
  Downloaded rusty-fork v0.3.1
  Downloaded rand_chacha v0.9.0
  Downloaded plotters-svg v0.3.7
  Downloaded plotters-backend v0.3.7
  Downloaded half v2.7.1
  Downloaded serde_core v1.0.228
  Downloaded same-file v1.0.6
  Downloaded zerocopy v0.8.48
  Downloaded safe_arch v0.7.4
  Downloaded rand_xorshift v0.4.0
  Downloaded serde_derive v1.0.228
  Downloaded bytemuck_derive v1.10.2
  Downloaded serde_json v1.0.149
  Downloaded serde v1.0.228
  Downloaded fnv v1.0.7
  Downloaded ciborium-io v0.2.2
  Downloaded num-complex v0.4.6
  Downloaded syn v2.0.117
  Downloaded itoa v1.0.18
  Downloaded fastrand v2.4.1
  Downloaded zerocopy-derive v0.8.48
  Downloaded quick-error v1.2.3
  Downloaded rawpointer v0.2.1
  Downloaded clap_lex v1.1.0
  Downloaded rand v0.9.4
  Downloaded crossbeam-epoch v0.9.18
  Downloaded clap v4.6.1
  Downloaded itertools v0.10.5
  Downloaded bitflags v2.11.1
  Downloaded errno v0.3.14
  Downloaded is-terminal v0.4.17
  Downloaded crossbeam-utils v0.8.21
  Downloaded regex-syntax v0.8.10
  Downloaded rayon v1.12.0
  Downloaded walkdir v2.5.0
  Downloaded libm v0.2.16
  Downloaded crossbeam-deque v0.8.6
  Downloaded proc-macro2 v1.0.106
  Downloaded bit-set v0.8.0
  Downloaded similar v2.7.0
  Downloaded quote v1.0.45
  Downloaded once_cell v1.21.4
  Downloaded wait-timeout v0.2.1
  Downloaded tinytemplate v1.2.1
  Downloaded tempfile v3.27.0
  Downloaded oorandom v11.1.5
  Downloaded insta v1.47.2
  Downloaded either v1.15.0
  Downloaded criterion-plot v0.5.0
  Downloaded anstyle v1.0.14
  Downloaded wide v0.7.33
  Downloaded autocfg v1.5.0
  Downloaded aho-corasick v1.1.4
  Downloaded cast v0.3.0
  Downloaded proptest v1.11.0
  Downloaded libc v0.2.185
   Compiling proc-macro2 v1.0.106
   Compiling quote v1.0.45
   Compiling unicode-ident v1.0.24
   Compiling syn v2.0.117
   Compiling libc v0.2.185
   Compiling cfg-if v1.0.4
   Compiling autocfg v1.5.0
   Compiling zerocopy v0.8.48
   Compiling zerocopy-derive v0.8.48
   Compiling getrandom v0.3.4
   Compiling bytemuck_derive v1.10.2
   Compiling bytemuck v1.25.0
   Compiling num-traits v0.2.19
   Compiling crossbeam-utils v0.8.21
   Compiling serde_core v1.0.228
   Compiling rustix v1.1.4
   Compiling crossbeam-epoch v0.9.18
   Compiling half v2.7.1
   Compiling serde v1.0.228
   Compiling rayon-core v1.13.0
   Compiling either v1.15.0
   Compiling zmij v1.0.21
   Compiling once_cell v1.21.4
   Compiling linux-raw-sys v0.12.1
   Compiling bitflags v2.11.1
   Compiling crossbeam-deque v0.8.6
   Compiling rand_core v0.9.5
   Compiling serde_derive v1.0.228
   Compiling serde_json v1.0.149
   Compiling regex-syntax v0.8.10
   Compiling fastrand v2.4.1
   Compiling tempfile v3.27.0
   Compiling matrixmultiply v0.3.10
   Compiling anstyle v1.0.14
   Compiling libm v0.2.16
   Compiling plotters-backend v0.3.7
   Compiling memchr v2.8.0
   Compiling itoa v1.0.18
   Compiling clap_lex v1.1.0
   Compiling ciborium-io v0.2.2
   Compiling ciborium-ll v0.2.2
   Compiling clap_builder v4.6.0
   Compiling plotters-svg v0.3.7
   Compiling rayon v1.12.0
   Compiling regex-automata v0.4.14
   Compiling itertools v0.10.5
   Compiling num-complex v0.4.6
   Compiling safe_arch v0.7.4
   Compiling ppv-lite86 v0.2.21
   Compiling wait-timeout v0.2.1
   Compiling same-file v1.0.6
   Compiling bit-vec v0.8.0
   Compiling rawpointer v0.2.1
   Compiling cast v0.3.0
   Compiling quick-error v1.2.3
   Compiling fnv v1.0.7
   Compiling rusty-fork v0.3.1
   Compiling criterion-plot v0.5.0
   Compiling bit-set v0.8.0
   Compiling walkdir v2.5.0
   Compiling rand_chacha v0.9.0
   Compiling wide v0.7.33
   Compiling ft-core v0.1.0 (/data/projects/frankentorch/crates/ft-core)
   Compiling regex v1.12.3
   Compiling plotters v0.3.7
   Compiling tinytemplate v1.2.1
   Compiling clap v4.6.1
   Compiling ciborium v0.2.2
   Compiling rand v0.9.4
   Compiling rand_xorshift v0.4.0
   Compiling is-terminal v0.4.17
   Compiling console v0.16.3
   Compiling oorandom v11.1.5
   Compiling anes v0.1.6
   Compiling unarray v0.1.4
   Compiling similar v2.7.0
   Compiling insta v1.47.2
   Compiling proptest v1.11.0
   Compiling criterion v0.5.1
   Compiling ft-kernel-cpu v0.1.0 (/data/projects/frankentorch/crates/ft-kernel-cpu)
    Finished `bench` profile [optimized + debuginfo] target(s) in 3m 07s
     Running benches/linalg_bench.rs (.rch-target-vmi1227854-job-29884606035526767-1781321219202623150-0/release/deps/linalg_bench-aa9fc2ba4861f31f)
Gnuplot not found, using plotters backend
Benchmarking eigvals_f64_256x256
Benchmarking eigvals_f64_256x256: Warming up for 1.0000 s
Benchmarking eigvals_f64_256x256: Collecting 10 samples in estimated 4.4755 s (165 iterations)
Benchmarking eigvals_f64_256x256: Analyzing
eigvals_f64_256x256     time:   [27.396 ms 28.766 ms 29.930 ms]
Found 1 outliers among 10 measurements (10.00%)
  1 (10.00%) high mild

  [2m2026-06-13T03:31:19.626291Z[0m [32m INFO[0m [1;32mrch::hook[0m[32m: [32mRemote command finished: exit=0 in 226011ms[0m
    [2;3mat[0m rch/src/hook.rs:6376 [2;3mon[0m ThreadId(1)

  [2m2026-06-13T03:31:19.626628Z[0m [32m INFO[0m [1;32mrch::hook[0m[32m: [32mRetrieving build artifacts...[0m
    [2;3mat[0m rch/src/hook.rs:6425 [2;3mon[0m ThreadId(1)

  [2m2026-06-13T03:31:19.626659Z[0m [32m INFO[0m [1;32mrch::transfer[0m[32m: [32mRetrieving artifacts from /data/projects/frankentorch on vmi1227854[0m
    [2;3mat[0m rch/src/transfer.rs:2106 [2;3mon[0m ThreadId(1)

  [2m2026-06-13T03:31:21.683144Z[0m [32m INFO[0m [1;32mrch::transfer[0m[32m: [32mArtifacts retrieved in 2056ms (5 files, 1809 bytes)[0m
    [2;3mat[0m rch/src/transfer.rs:2145 [2;3mon[0m ThreadId(1)

  [2m2026-06-13T03:31:21.683166Z[0m [32m INFO[0m [1;32mrch::hook[0m[32m: [32mArtifacts retrieved: 5 files, 1809 bytes in 2056ms[0m
    [2;3mat[0m rch/src/hook.rs:6458 [2;3mon[0m ThreadId(1)

  [2m2026-06-13T03:31:21.683275Z[0m [32m INFO[0m [1;32mrch::transfer[0m[32m: [32mRetrieving artifacts from /data/projects/frankentorch/.rch-target-vmi1227854-job-29884606035526767-1781321219202623150-0 on vmi1227854[0m
    [2;3mat[0m rch/src/transfer.rs:2106 [2;3mon[0m ThreadId(1)

  [2m2026-06-13T03:31:23.639927Z[0m [32m INFO[0m [1;32mrch::transfer[0m[32m: [32mArtifacts retrieved in 1956ms (27 files, 1961 bytes)[0m
    [2;3mat[0m rch/src/transfer.rs:2145 [2;3mon[0m ThreadId(1)

  [2m2026-06-13T03:31:23.639969Z[0m [32m INFO[0m [1;32mrch::hook[0m[32m: [32mCustom CARGO_TARGET_DIR artifacts retrieved: 27 files, 1961 bytes in 1956ms[0m
    [2;3mat[0m rch/src/hook.rs:6582 [2;3mon[0m ThreadId(1)

[RCH] remote vmi1227854 (266.3s)
