  [2m2026-06-15T21:49:08.874688Z[0m [32m INFO[0m [1;32mrch::hook[0m[32m: [32mSelected worker: ovh-a at ubuntu@51.222.245.56 (3 slots remaining after reservation, speed 50.0)[0m
    [2;3mat[0m rch/src/hook.rs:514 [2;3mon[0m ThreadId(1)

  [2m2026-06-15T21:49:09.144553Z[0m [32m INFO[0m [1;32mrch::hook[0m[32m: [32mStarting remote compilation pipeline for frankentorch (hash: 0ec0772f2c4d842e)[0m
    [2;3mat[0m rch/src/hook.rs:5994 [2;3mon[0m ThreadId(1)

  [2m2026-06-15T21:49:09.144592Z[0m [32m INFO[0m [1;32mrch::hook[0m[32m: [32mPrepared dependency sync manifest for 13 roots[0m
    [2;3mat[0m rch/src/hook.rs:6016 [2;3mon[0m ThreadId(1)

  [2m2026-06-15T21:49:09.878509Z[0m [32m INFO[0m [1;32mrch::hook[0m[32m: [32mSyncing project to worker ovh-a...[0m
    [2;3mat[0m rch/src/hook.rs:6046 [2;3mon[0m ThreadId(1)

  [2m2026-06-15T21:49:09.878631Z[0m [32m INFO[0m [1;32mrch::transfer[0m[32m: [32mSyncing /data/projects/frankentorch -> /data/projects/frankentorch on ovh-a[0m
    [2;3mat[0m rch/src/transfer.rs:1434 [2;3mon[0m ThreadId(1)

  [2m2026-06-15T21:49:11.818262Z[0m [32m INFO[0m [1;32mrch::transfer[0m[32m: [32mSync completed in 1939ms[0m
    [2;3mat[0m rch/src/transfer.rs:1503 [2;3mon[0m ThreadId(1)

  [2m2026-06-15T21:49:11.818376Z[0m [32m INFO[0m [1;32mrch::transfer[0m[32m: [32mSyncing /data/projects/frankentorch/crates/ft-api -> /data/projects/frankentorch/crates/ft-api on ovh-a[0m
    [2;3mat[0m rch/src/transfer.rs:1434 [2;3mon[0m ThreadId(1)

  [2m2026-06-15T21:49:12.278840Z[0m [32m INFO[0m [1;32mrch::transfer[0m[32m: [32mSync completed in 460ms[0m
    [2;3mat[0m rch/src/transfer.rs:1503 [2;3mon[0m ThreadId(1)

  [2m2026-06-15T21:49:12.278979Z[0m [32m INFO[0m [1;32mrch::transfer[0m[32m: [32mSyncing /data/projects/frankentorch/crates/ft-autograd -> /data/projects/frankentorch/crates/ft-autograd on ovh-a[0m
    [2;3mat[0m rch/src/transfer.rs:1434 [2;3mon[0m ThreadId(1)

  [2m2026-06-15T21:49:12.723148Z[0m [32m INFO[0m [1;32mrch::transfer[0m[32m: [32mSync completed in 444ms[0m
    [2;3mat[0m rch/src/transfer.rs:1503 [2;3mon[0m ThreadId(1)

  [2m2026-06-15T21:49:12.723278Z[0m [32m INFO[0m [1;32mrch::transfer[0m[32m: [32mSyncing /data/projects/frankentorch/crates/ft-conformance -> /data/projects/frankentorch/crates/ft-conformance on ovh-a[0m
    [2;3mat[0m rch/src/transfer.rs:1434 [2;3mon[0m ThreadId(1)

  [2m2026-06-15T21:49:13.215498Z[0m [32m INFO[0m [1;32mrch::transfer[0m[32m: [32mSync completed in 492ms[0m
    [2;3mat[0m rch/src/transfer.rs:1503 [2;3mon[0m ThreadId(1)

  [2m2026-06-15T21:49:13.215611Z[0m [32m INFO[0m [1;32mrch::transfer[0m[32m: [32mSyncing /data/projects/frankentorch/crates/ft-core -> /data/projects/frankentorch/crates/ft-core on ovh-a[0m
    [2;3mat[0m rch/src/transfer.rs:1434 [2;3mon[0m ThreadId(1)

  [2m2026-06-15T21:49:13.666168Z[0m [32m INFO[0m [1;32mrch::transfer[0m[32m: [32mSync completed in 450ms[0m
    [2;3mat[0m rch/src/transfer.rs:1503 [2;3mon[0m ThreadId(1)

  [2m2026-06-15T21:49:13.666280Z[0m [32m INFO[0m [1;32mrch::transfer[0m[32m: [32mSyncing /data/projects/frankentorch/crates/ft-data -> /data/projects/frankentorch/crates/ft-data on ovh-a[0m
    [2;3mat[0m rch/src/transfer.rs:1434 [2;3mon[0m ThreadId(1)

  [2m2026-06-15T21:49:14.137119Z[0m [32m INFO[0m [1;32mrch::transfer[0m[32m: [32mSync completed in 470ms[0m
    [2;3mat[0m rch/src/transfer.rs:1503 [2;3mon[0m ThreadId(1)

  [2m2026-06-15T21:49:14.137284Z[0m [32m INFO[0m [1;32mrch::transfer[0m[32m: [32mSyncing /data/projects/frankentorch/crates/ft-device -> /data/projects/frankentorch/crates/ft-device on ovh-a[0m
    [2;3mat[0m rch/src/transfer.rs:1434 [2;3mon[0m ThreadId(1)

  [2m2026-06-15T21:49:14.737437Z[0m [32m INFO[0m [1;32mrch::transfer[0m[32m: [32mSync completed in 600ms[0m
    [2;3mat[0m rch/src/transfer.rs:1503 [2;3mon[0m ThreadId(1)

  [2m2026-06-15T21:49:14.737545Z[0m [32m INFO[0m [1;32mrch::transfer[0m[32m: [32mSyncing /data/projects/frankentorch/crates/ft-dispatch -> /data/projects/frankentorch/crates/ft-dispatch on ovh-a[0m
    [2;3mat[0m rch/src/transfer.rs:1434 [2;3mon[0m ThreadId(1)

  [2m2026-06-15T21:49:15.201733Z[0m [32m INFO[0m [1;32mrch::transfer[0m[32m: [32mSync completed in 464ms[0m
    [2;3mat[0m rch/src/transfer.rs:1503 [2;3mon[0m ThreadId(1)

  [2m2026-06-15T21:49:15.201846Z[0m [32m INFO[0m [1;32mrch::transfer[0m[32m: [32mSyncing /data/projects/frankentorch/crates/ft-kernel-cpu -> /data/projects/frankentorch/crates/ft-kernel-cpu on ovh-a[0m
    [2;3mat[0m rch/src/transfer.rs:1434 [2;3mon[0m ThreadId(1)

  [2m2026-06-15T21:49:15.660420Z[0m [32m INFO[0m [1;32mrch::transfer[0m[32m: [32mSync completed in 458ms[0m
    [2;3mat[0m rch/src/transfer.rs:1503 [2;3mon[0m ThreadId(1)

  [2m2026-06-15T21:49:15.660528Z[0m [32m INFO[0m [1;32mrch::transfer[0m[32m: [32mSyncing /data/projects/frankentorch/crates/ft-nn -> /data/projects/frankentorch/crates/ft-nn on ovh-a[0m
    [2;3mat[0m rch/src/transfer.rs:1434 [2;3mon[0m ThreadId(1)

  [2m2026-06-15T21:49:16.193825Z[0m [32m INFO[0m [1;32mrch::transfer[0m[32m: [32mSync completed in 533ms[0m
    [2;3mat[0m rch/src/transfer.rs:1503 [2;3mon[0m ThreadId(1)

  [2m2026-06-15T21:49:16.193989Z[0m [32m INFO[0m [1;32mrch::transfer[0m[32m: [32mSyncing /data/projects/frankentorch/crates/ft-optim -> /data/projects/frankentorch/crates/ft-optim on ovh-a[0m
    [2;3mat[0m rch/src/transfer.rs:1434 [2;3mon[0m ThreadId(1)

  [2m2026-06-15T21:49:16.672358Z[0m [32m INFO[0m [1;32mrch::transfer[0m[32m: [32mSync completed in 478ms[0m
    [2;3mat[0m rch/src/transfer.rs:1503 [2;3mon[0m ThreadId(1)

  [2m2026-06-15T21:49:16.672464Z[0m [32m INFO[0m [1;32mrch::transfer[0m[32m: [32mSyncing /data/projects/frankentorch/crates/ft-runtime -> /data/projects/frankentorch/crates/ft-runtime on ovh-a[0m
    [2;3mat[0m rch/src/transfer.rs:1434 [2;3mon[0m ThreadId(1)

  [2m2026-06-15T21:49:17.151375Z[0m [32m INFO[0m [1;32mrch::transfer[0m[32m: [32mSync completed in 478ms[0m
    [2;3mat[0m rch/src/transfer.rs:1503 [2;3mon[0m ThreadId(1)

  [2m2026-06-15T21:49:17.151474Z[0m [32m INFO[0m [1;32mrch::transfer[0m[32m: [32mSyncing /data/projects/frankentorch/crates/ft-serialize -> /data/projects/frankentorch/crates/ft-serialize on ovh-a[0m
    [2;3mat[0m rch/src/transfer.rs:1434 [2;3mon[0m ThreadId(1)

  [2m2026-06-15T21:49:17.612384Z[0m [32m INFO[0m [1;32mrch::transfer[0m[32m: [32mSync completed in 460ms[0m
    [2;3mat[0m rch/src/transfer.rs:1503 [2;3mon[0m ThreadId(1)

  [2m2026-06-15T21:49:17.612423Z[0m [32m INFO[0m [1;32mrch::hook[0m[32m: [32mSync complete: 52262 files, 1870215 bytes in 7726ms[0m
    [2;3mat[0m rch/src/hook.rs:6209 [2;3mon[0m ThreadId(1)

  [2m2026-06-15T21:49:19.635319Z[0m [32m INFO[0m [1;32mrch::hook[0m[32m: [32mExecuting command remotely: cargo bench -j 1 -p ft-data --bench sampler_bench -- 'sampler/weighted_(two|three|four)_positive|sampler/weighted_4096_positive_4096x262k|sampler/without_replacement_repeated_passes' --warm-up-time 1 --measurement-time 5 --sample-size 20 --noplot[0m
    [2;3mat[0m rch/src/hook.rs:6252 [2;3mon[0m ThreadId(1)

  [2m2026-06-15T21:49:19.635373Z[0m [32m INFO[0m [1;32mrch::transfer[0m[32m: [32mRewriting CARGO_TARGET_DIR for remote execution (worker-scoped path): /data/tmp/cargo-target -> /data/projects/frankentorch/.rch-target-ovh-a-job-29884606035533739-1781560149878500897-0[0m
    [2;3mat[0m rch/src/transfer.rs:712 [2;3mon[0m ThreadId(1)

    Updating crates.io index
 Downloading crates ...
  Downloaded cast v0.3.0
  Downloaded autocfg v1.5.0
  Downloaded bytemuck_derive v1.10.2
  Downloaded anes v0.1.6
  Downloaded anstyle v1.0.14
  Downloaded bytemuck v1.25.0
  Downloaded clap_lex v1.1.0
  Downloaded aho-corasick v1.1.4
  Downloaded cfg-if v1.0.4
  Downloaded ciborium-io v0.2.2
  Downloaded either v1.15.0
  Downloaded ciborium v0.2.2
  Downloaded rawpointer v0.2.1
  Downloaded plotters-svg v0.3.7
  Downloaded crossbeam-deque v0.8.6
  Downloaded oorandom v11.1.5
  Downloaded itoa v1.0.18
  Downloaded ciborium-ll v0.2.2
  Downloaded is-terminal v0.4.17
  Downloaded criterion-plot v0.5.0
  Downloaded crossbeam-utils v0.8.21
  Downloaded unicode-ident v1.0.24
  Downloaded crossbeam-epoch v0.9.18
  Downloaded zmij v1.0.21
  Downloaded half v2.7.1
  Downloaded num-complex v0.4.6
  Downloaded clap v4.6.1
  Downloaded quote v1.0.45
  Downloaded same-file v1.0.6
  Downloaded criterion v0.5.1
  Downloaded plotters-backend v0.3.7
  Downloaded num-traits v0.2.19
  Downloaded walkdir v2.5.0
  Downloaded tinytemplate v1.2.1
  Downloaded matrixmultiply v0.3.10
  Downloaded zerocopy-derive v0.8.48
  Downloaded itertools v0.10.5
  Downloaded once_cell v1.21.4
  Downloaded proc-macro2 v1.0.106
  Downloaded safe_arch v0.7.4
  Downloaded serde_core v1.0.228
  Downloaded serde_derive v1.0.228
  Downloaded rayon-core v1.13.0
  Downloaded serde v1.0.228
  Downloaded wide v0.7.33
  Downloaded memchr v2.8.0
  Downloaded plotters v0.3.7
  Downloaded libm v0.2.16
  Downloaded clap_builder v4.6.0
  Downloaded regex v1.12.3
  Downloaded serde_json v1.0.149
  Downloaded rayon v1.12.0
  Downloaded syn v2.0.117
  Downloaded regex-syntax v0.8.10
  Downloaded zerocopy v0.8.48
  Downloaded regex-automata v0.4.14
  Downloaded libc v0.2.185
   Compiling proc-macro2 v1.0.106
   Compiling quote v1.0.45
   Compiling unicode-ident v1.0.24
   Compiling syn v2.0.117
   Compiling autocfg v1.5.0
   Compiling bytemuck_derive v1.10.2
   Compiling bytemuck v1.25.0
   Compiling zerocopy v0.8.48
   Compiling num-traits v0.2.19
   Compiling zerocopy-derive v0.8.48
   Compiling crossbeam-utils v0.8.21
   Compiling cfg-if v1.0.4
   Compiling half v2.7.1
   Compiling crossbeam-epoch v0.9.18
   Compiling either v1.15.0
   Compiling rayon-core v1.13.0
   Compiling crossbeam-deque v0.8.6
   Compiling num-complex v0.4.6
   Compiling matrixmultiply v0.3.10
   Compiling libm v0.2.16
   Compiling serde_core v1.0.228
   Compiling ft-core v0.1.0 (/data/projects/frankentorch/crates/ft-core)
   Compiling rayon v1.12.0
   Compiling safe_arch v0.7.4
   Compiling rawpointer v0.2.1
   Compiling wide v0.7.33
   Compiling zmij v1.0.21
   Compiling serde v1.0.228
   Compiling ft-kernel-cpu v0.1.0 (/data/projects/frankentorch/crates/ft-kernel-cpu)
   Compiling serde_derive v1.0.228
   Compiling serde_json v1.0.149
   Compiling libc v0.2.185
   Compiling ft-dispatch v0.1.0 (/data/projects/frankentorch/crates/ft-dispatch)
   Compiling plotters-backend v0.3.7
   Compiling itoa v1.0.18
   Compiling memchr v2.8.0
   Compiling anstyle v1.0.14
   Compiling clap_lex v1.1.0
   Compiling regex-syntax v0.8.10
   Compiling ciborium-io v0.2.2
   Compiling ciborium-ll v0.2.2
   Compiling regex-automata v0.4.14
   Compiling clap_builder v4.6.0
   Compiling plotters-svg v0.3.7
   Compiling ft-autograd v0.1.0 (/data/projects/frankentorch/crates/ft-autograd)
   Compiling ft-runtime v0.1.0 (/data/projects/frankentorch/crates/ft-runtime)
   Compiling itertools v0.10.5
   Compiling cast v0.3.0
   Compiling same-file v1.0.6
   Compiling walkdir v2.5.0
   Compiling criterion-plot v0.5.0
   Compiling ft-api v0.1.0 (/data/projects/frankentorch/crates/ft-api)
   Compiling is-terminal v0.4.17
   Compiling plotters v0.3.7
   Compiling tinytemplate v1.2.1
   Compiling clap v4.6.1
   Compiling regex v1.12.3
   Compiling ciborium v0.2.2
   Compiling oorandom v11.1.5
   Compiling once_cell v1.21.4
   Compiling anes v0.1.6
   Compiling criterion v0.5.1
   Compiling ft-data v0.1.0 (/data/projects/frankentorch/crates/ft-data)
    Finished `bench` profile [optimized + debuginfo] target(s) in 4m 04s
     Running benches/sampler_bench.rs (.rch-target-ovh-a-job-29884606035533739-1781560149878500897-0/release/deps/sampler_bench-0cebaa0ded132700)
Gnuplot not found, using plotters backend
Benchmarking sampler/without_replacement_repeated_passes_4096x256
Benchmarking sampler/without_replacement_repeated_passes_4096x256: Warming up for 1.0000 s
Benchmarking sampler/without_replacement_repeated_passes_4096x256: Collecting 20 samples in estimated 5.2486 s (1050 iterations)
Benchmarking sampler/without_replacement_repeated_passes_4096x256: Analyzing
sampler/without_replacement_repeated_passes_4096x256
                        time:   [4.5863 ms 4.6180 ms 4.6392 ms]
Found 2 outliers among 20 measurements (10.00%)
  2 (10.00%) low severe
Benchmarking sampler/weighted_two_positive_2x1m
Benchmarking sampler/weighted_two_positive_2x1m: Warming up for 1.0000 s
Benchmarking sampler/weighted_two_positive_2x1m: Collecting 20 samples in estimated 5.1107 s (1260 iterations)
Benchmarking sampler/weighted_two_positive_2x1m: Analyzing
sampler/weighted_two_positive_2x1m
                        time:   [3.6649 ms 3.7040 ms 3.7253 ms]
Found 4 outliers among 20 measurements (20.00%)
  3 (15.00%) low severe
  1 (5.00%) low mild
Benchmarking sampler/weighted_three_positive_3x1m
Benchmarking sampler/weighted_three_positive_3x1m: Warming up for 1.0000 s
Benchmarking sampler/weighted_three_positive_3x1m: Collecting 20 samples in estimated 5.8090 s (1470 iterations)
Benchmarking sampler/weighted_three_positive_3x1m: Analyzing
sampler/weighted_three_positive_3x1m
                        time:   [3.8140 ms 3.8393 ms 3.8601 ms]
Found 3 outliers among 20 measurements (15.00%)
  3 (15.00%) low severe
Benchmarking sampler/weighted_four_positive_4x1m
Benchmarking sampler/weighted_four_positive_4x1m: Warming up for 1.0000 s
Benchmarking sampler/weighted_four_positive_4x1m: Collecting 20 samples in estimated 5.7806 s (1260 iterations)
Benchmarking sampler/weighted_four_positive_4x1m: Analyzing
sampler/weighted_four_positive_4x1m
                        time:   [4.4099 ms 5.2403 ms 5.9297 ms]
Found 6 outliers among 20 measurements (30.00%)
  3 (15.00%) low severe
  3 (15.00%) high severe
Benchmarking sampler/weighted_4096_positive_4096x262k
Benchmarking sampler/weighted_4096_positive_4096x262k: Warming up for 1.0000 s
Benchmarking sampler/weighted_4096_positive_4096x262k: Collecting 20 samples in estimated 5.4333 s (1680 iterations)
Benchmarking sampler/weighted_4096_positive_4096x262k: Analyzing
sampler/weighted_4096_positive_4096x262k
                        time:   [2.2565 ms 2.3578 ms 2.4235 ms]

  [2m2026-06-15T21:54:00.405553Z[0m [32m INFO[0m [1;32mrch::hook[0m[32m: [32mRemote command finished: exit=0 in 280770ms[0m
    [2;3mat[0m rch/src/hook.rs:6376 [2;3mon[0m ThreadId(1)

  [2m2026-06-15T21:54:00.405835Z[0m [32m INFO[0m [1;32mrch::hook[0m[32m: [32mRetrieving build artifacts...[0m
    [2;3mat[0m rch/src/hook.rs:6425 [2;3mon[0m ThreadId(1)

  [2m2026-06-15T21:54:00.405850Z[0m [32m INFO[0m [1;32mrch::transfer[0m[32m: [32mRetrieving artifacts from /data/projects/frankentorch on ovh-a[0m
    [2;3mat[0m rch/src/transfer.rs:2106 [2;3mon[0m ThreadId(1)

  [2m2026-06-15T21:54:00.851026Z[0m [32m INFO[0m [1;32mrch::transfer[0m[32m: [32mArtifacts retrieved in 445ms (1 files, 1824 bytes)[0m
    [2;3mat[0m rch/src/transfer.rs:2145 [2;3mon[0m ThreadId(1)

  [2m2026-06-15T21:54:00.851046Z[0m [32m INFO[0m [1;32mrch::hook[0m[32m: [32mArtifacts retrieved: 1 files, 1824 bytes in 445ms[0m
    [2;3mat[0m rch/src/hook.rs:6458 [2;3mon[0m ThreadId(1)

  [2m2026-06-15T21:54:00.851141Z[0m [32m INFO[0m [1;32mrch::transfer[0m[32m: [32mRetrieving artifacts from /data/projects/frankentorch/.rch-target-ovh-a-job-29884606035533739-1781560149878500897-0 on ovh-a[0m
    [2;3mat[0m rch/src/transfer.rs:2106 [2;3mon[0m ThreadId(1)

  [2m2026-06-15T21:54:01.636261Z[0m [32m INFO[0m [1;32mrch::transfer[0m[32m: [32mArtifacts retrieved in 785ms (58 files, 1309 bytes)[0m
    [2;3mat[0m rch/src/transfer.rs:2145 [2;3mon[0m ThreadId(1)

  [2m2026-06-15T21:54:01.636284Z[0m [32m INFO[0m [1;32mrch::hook[0m[32m: [32mCustom CARGO_TARGET_DIR artifacts retrieved: 58 files, 1309 bytes in 785ms[0m
    [2;3mat[0m rch/src/hook.rs:6582 [2;3mon[0m ThreadId(1)

[RCH] remote ovh-a (292.8s)
