   Compiling ft-api v0.1.0 (/data/projects/frankentorch/crates/ft-api)
    Finished `bench` profile [optimized + debuginfo] target(s) in 1.71s
     Running benches/pytorch_gauntlet_bench.rs (/data/projects/.rch-targets/frankentorch-cod-a/release/deps/pytorch_gauntlet_bench-5f2ebc2fd9ddf042)
Gnuplot not found, using plotters backend
Benchmarking gauntlet_avg_pool1d_grad/frankentorch_kgs4_122
Benchmarking gauntlet_avg_pool1d_grad/frankentorch_kgs4_122: Warming up for 1.0000 s

Warning: Unable to complete 10 samples in 3.0s. You may wish to increase target time to 5.9s or enable flat sampling.
Benchmarking gauntlet_avg_pool1d_grad/frankentorch_kgs4_122: Collecting 10 samples in estimated 5.8807 s (55 iterations)
Benchmarking gauntlet_avg_pool1d_grad/frankentorch_kgs4_122: Analyzing
gauntlet_avg_pool1d_grad/frankentorch_kgs4_122
                        time:   [82.801 ms 89.360 ms 95.686 ms]
                        change: [-54.427% -50.714% -47.120%] (p = 0.00 < 0.05)
                        Performance has improved.
Benchmarking gauntlet_avg_pool1d_grad/pytorch_2_12_cpu
Benchmarking gauntlet_avg_pool1d_grad/pytorch_2_12_cpu: Warming up for 1.0000 s

Warning: Unable to complete 10 samples in 3.0s. You may wish to increase target time to 11.7s.
Benchmarking gauntlet_avg_pool1d_grad/pytorch_2_12_cpu: Collecting 10 samples in estimated 11.651 s (10 iterations)
Benchmarking gauntlet_avg_pool1d_grad/pytorch_2_12_cpu: Analyzing
gauntlet_avg_pool1d_grad/pytorch_2_12_cpu
                        time:   [6.4266 ms 6.7081 ms 6.9921 ms]
                        change: [-14.405% -6.2311% +2.6202%] (p = 0.22 > 0.05)
                        No change in performance detected.

