  [2m2026-06-20T00:39:54.583226Z[0m [32m INFO[0m [1;32mrch::hook[0m[32m: [32mSelected worker: ovh-a at ubuntu@51.222.245.56 (4 slots remaining after reservation, speed 50.0)[0m
    [2;3mat[0m rch/src/hook.rs:866 [2;3mon[0m ThreadId(1)

  [2m2026-06-20T00:39:54.828726Z[0m [32m INFO[0m [1;32mrch::hook::transfer_orchestration[0m[32m: [32mStarting remote compilation pipeline for frankentorch (hash: dbca29276fa80333)[0m
    [2;3mat[0m rch/src/hook/transfer_orchestration.rs:241 [2;3mon[0m ThreadId(1)

  [2m2026-06-20T00:39:54.828757Z[0m [32m INFO[0m [1;32mrch::hook::transfer_orchestration[0m[32m: [32mPrepared dependency sync manifest for 13 roots[0m
    [2;3mat[0m rch/src/hook/transfer_orchestration.rs:263 [2;3mon[0m ThreadId(1)

  [2m2026-06-20T00:39:55.757252Z[0m [32m INFO[0m [1;32mrch::hook::transfer_orchestration[0m[32m: [32mSyncing project to worker ovh-a...[0m
    [2;3mat[0m rch/src/hook/transfer_orchestration.rs:323 [2;3mon[0m ThreadId(1)

  [2m2026-06-20T00:39:55.757293Z[0m [32m INFO[0m [1;32mrch::transfer[0m[32m: [32mSyncing /data/projects/frankentorch -> /data/projects/frankentorch on ovh-a[0m
    [2;3mat[0m rch/src/transfer.rs:1528 [2;3mon[0m ThreadId(1)

  [2m2026-06-20T00:39:57.879223Z[0m [32m INFO[0m [1;32mrch::transfer[0m[32m: [32mSync completed in 2121ms[0m
    [2;3mat[0m rch/src/transfer.rs:1592 [2;3mon[0m ThreadId(1)

  [2m2026-06-20T00:39:57.879295Z[0m [32m INFO[0m [1;32mrch::transfer[0m[32m: [32mSyncing /data/projects/frankentorch/crates/ft-api -> /data/projects/frankentorch/crates/ft-api on ovh-a[0m
    [2;3mat[0m rch/src/transfer.rs:1528 [2;3mon[0m ThreadId(1)

  [2m2026-06-20T00:39:58.366817Z[0m [32m INFO[0m [1;32mrch::transfer[0m[32m: [32mSync completed in 487ms[0m
    [2;3mat[0m rch/src/transfer.rs:1592 [2;3mon[0m ThreadId(1)

  [2m2026-06-20T00:39:58.366909Z[0m [32m INFO[0m [1;32mrch::transfer[0m[32m: [32mSyncing /data/projects/frankentorch/crates/ft-autograd -> /data/projects/frankentorch/crates/ft-autograd on ovh-a[0m
    [2;3mat[0m rch/src/transfer.rs:1528 [2;3mon[0m ThreadId(1)

  [2m2026-06-20T00:39:58.882186Z[0m [32m INFO[0m [1;32mrch::transfer[0m[32m: [32mSync completed in 515ms[0m
    [2;3mat[0m rch/src/transfer.rs:1592 [2;3mon[0m ThreadId(1)

  [2m2026-06-20T00:39:58.882255Z[0m [32m INFO[0m [1;32mrch::transfer[0m[32m: [32mSyncing /data/projects/frankentorch/crates/ft-conformance -> /data/projects/frankentorch/crates/ft-conformance on ovh-a[0m
    [2;3mat[0m rch/src/transfer.rs:1528 [2;3mon[0m ThreadId(1)

  [2m2026-06-20T00:39:59.376849Z[0m [32m INFO[0m [1;32mrch::transfer[0m[32m: [32mSync completed in 494ms[0m
    [2;3mat[0m rch/src/transfer.rs:1592 [2;3mon[0m ThreadId(1)

  [2m2026-06-20T00:39:59.376971Z[0m [32m INFO[0m [1;32mrch::transfer[0m[32m: [32mSyncing /data/projects/frankentorch/crates/ft-core -> /data/projects/frankentorch/crates/ft-core on ovh-a[0m
    [2;3mat[0m rch/src/transfer.rs:1528 [2;3mon[0m ThreadId(1)

  [2m2026-06-20T00:39:59.816899Z[0m [32m INFO[0m [1;32mrch::transfer[0m[32m: [32mSync completed in 439ms[0m
    [2;3mat[0m rch/src/transfer.rs:1592 [2;3mon[0m ThreadId(1)

  [2m2026-06-20T00:39:59.816991Z[0m [32m INFO[0m [1;32mrch::transfer[0m[32m: [32mSyncing /data/projects/frankentorch/crates/ft-data -> /data/projects/frankentorch/crates/ft-data on ovh-a[0m
    [2;3mat[0m rch/src/transfer.rs:1528 [2;3mon[0m ThreadId(1)

  [2m2026-06-20T00:40:00.331070Z[0m [32m INFO[0m [1;32mrch::transfer[0m[32m: [32mSync completed in 514ms[0m
    [2;3mat[0m rch/src/transfer.rs:1592 [2;3mon[0m ThreadId(1)

  [2m2026-06-20T00:40:00.331141Z[0m [32m INFO[0m [1;32mrch::transfer[0m[32m: [32mSyncing /data/projects/frankentorch/crates/ft-device -> /data/projects/frankentorch/crates/ft-device on ovh-a[0m
    [2;3mat[0m rch/src/transfer.rs:1528 [2;3mon[0m ThreadId(1)

  [2m2026-06-20T00:40:00.776192Z[0m [32m INFO[0m [1;32mrch::transfer[0m[32m: [32mSync completed in 445ms[0m
    [2;3mat[0m rch/src/transfer.rs:1592 [2;3mon[0m ThreadId(1)

  [2m2026-06-20T00:40:00.776270Z[0m [32m INFO[0m [1;32mrch::transfer[0m[32m: [32mSyncing /data/projects/frankentorch/crates/ft-dispatch -> /data/projects/frankentorch/crates/ft-dispatch on ovh-a[0m
    [2;3mat[0m rch/src/transfer.rs:1528 [2;3mon[0m ThreadId(1)

  [2m2026-06-20T00:40:01.271683Z[0m [32m INFO[0m [1;32mrch::transfer[0m[32m: [32mSync completed in 495ms[0m
    [2;3mat[0m rch/src/transfer.rs:1592 [2;3mon[0m ThreadId(1)

  [2m2026-06-20T00:40:01.271751Z[0m [32m INFO[0m [1;32mrch::transfer[0m[32m: [32mSyncing /data/projects/frankentorch/crates/ft-kernel-cpu -> /data/projects/frankentorch/crates/ft-kernel-cpu on ovh-a[0m
    [2;3mat[0m rch/src/transfer.rs:1528 [2;3mon[0m ThreadId(1)

  [2m2026-06-20T00:40:01.800362Z[0m [32m INFO[0m [1;32mrch::transfer[0m[32m: [32mSync completed in 528ms[0m
    [2;3mat[0m rch/src/transfer.rs:1592 [2;3mon[0m ThreadId(1)

  [2m2026-06-20T00:40:01.800445Z[0m [32m INFO[0m [1;32mrch::transfer[0m[32m: [32mSyncing /data/projects/frankentorch/crates/ft-nn -> /data/projects/frankentorch/crates/ft-nn on ovh-a[0m
    [2;3mat[0m rch/src/transfer.rs:1528 [2;3mon[0m ThreadId(1)

  [2m2026-06-20T00:40:02.262123Z[0m [32m INFO[0m [1;32mrch::transfer[0m[32m: [32mSync completed in 461ms[0m
    [2;3mat[0m rch/src/transfer.rs:1592 [2;3mon[0m ThreadId(1)

  [2m2026-06-20T00:40:02.262211Z[0m [32m INFO[0m [1;32mrch::transfer[0m[32m: [32mSyncing /data/projects/frankentorch/crates/ft-optim -> /data/projects/frankentorch/crates/ft-optim on ovh-a[0m
    [2;3mat[0m rch/src/transfer.rs:1528 [2;3mon[0m ThreadId(1)

  [2m2026-06-20T00:40:02.726372Z[0m [32m INFO[0m [1;32mrch::transfer[0m[32m: [32mSync completed in 464ms[0m
    [2;3mat[0m rch/src/transfer.rs:1592 [2;3mon[0m ThreadId(1)

  [2m2026-06-20T00:40:02.726438Z[0m [32m INFO[0m [1;32mrch::transfer[0m[32m: [32mSyncing /data/projects/frankentorch/crates/ft-runtime -> /data/projects/frankentorch/crates/ft-runtime on ovh-a[0m
    [2;3mat[0m rch/src/transfer.rs:1528 [2;3mon[0m ThreadId(1)

  [2m2026-06-20T00:40:03.229167Z[0m [32m INFO[0m [1;32mrch::transfer[0m[32m: [32mSync completed in 502ms[0m
    [2;3mat[0m rch/src/transfer.rs:1592 [2;3mon[0m ThreadId(1)

  [2m2026-06-20T00:40:03.229250Z[0m [32m INFO[0m [1;32mrch::transfer[0m[32m: [32mSyncing /data/projects/frankentorch/crates/ft-serialize -> /data/projects/frankentorch/crates/ft-serialize on ovh-a[0m
    [2;3mat[0m rch/src/transfer.rs:1528 [2;3mon[0m ThreadId(1)

  [2m2026-06-20T00:40:03.700925Z[0m [32m INFO[0m [1;32mrch::transfer[0m[32m: [32mSync completed in 471ms[0m
    [2;3mat[0m rch/src/transfer.rs:1592 [2;3mon[0m ThreadId(1)

  [2m2026-06-20T00:40:03.700970Z[0m [32m INFO[0m [1;32mrch::hook::transfer_orchestration[0m[32m: [32mSync complete: 53341 files, 2055067 bytes in 7936ms[0m
    [2;3mat[0m rch/src/hook/transfer_orchestration.rs:486 [2;3mon[0m ThreadId(1)

  [2m2026-06-20T00:40:06.190796Z[0m [32m INFO[0m [1;32mrch::hook::transfer_orchestration[0m[32m: [32mExecuting command remotely: cargo bench -p ft-api --bench pytorch_gauntlet_bench -- avg_pool1d --noplot[0m
    [2;3mat[0m rch/src/hook/transfer_orchestration.rs:529 [2;3mon[0m ThreadId(1)

  [2m2026-06-20T00:40:06.190866Z[0m [32m INFO[0m [1;32mrch::transfer[0m[32m: [32mRewriting CARGO_TARGET_DIR for remote execution (worker-scoped path): /data/projects/.rch-targets/frankentorch-cod-a -> /data/projects/frankentorch/.rch-target-ovh-a-pool-a7b1c8c357b0059b1f61676dcab2f583[0m
    [2;3mat[0m rch/src/transfer.rs:799 [2;3mon[0m ThreadId(1)

    Updating crates.io index
 Downloading crates ...
  Downloaded num-traits v0.2.19
  Downloaded tinytemplate v1.2.1
  Downloaded aho-corasick v1.1.4
  Downloaded rawpointer v0.2.1
  Downloaded syn v2.0.117
  Downloaded zerocopy v0.8.48
  Downloaded is-terminal v0.4.17
  Downloaded clap_lex v1.1.0
  Downloaded itoa v1.0.18
  Downloaded cfg-if v1.0.4
  Downloaded rayon-core v1.13.0
  Downloaded serde v1.0.228
  Downloaded matrixmultiply v0.3.10
  Downloaded quote v1.0.45
  Downloaded proc-macro2 v1.0.106
  Downloaded num-complex v0.4.6
  Downloaded anstyle v1.0.14
  Downloaded cast v0.3.0
  Downloaded crossbeam-deque v0.8.6
  Downloaded regex-syntax v0.8.10
  Downloaded unicode-ident v1.0.24
  Downloaded plotters-backend v0.3.7
  Downloaded ciborium-io v0.2.2
  Downloaded anes v0.1.6
  Downloaded once_cell v1.21.4
  Downloaded serde_derive v1.0.228
  Downloaded plotters-svg v0.3.7
  Downloaded walkdir v2.5.0
  Downloaded autocfg v1.5.0
  Downloaded criterion v0.5.1
  Downloaded oorandom v11.1.5
  Downloaded zmij v1.0.21
  Downloaded half v2.7.1
  Downloaded bytemuck v1.25.0
  Downloaded rayon v1.12.0
  Downloaded clap_builder v4.6.0
  Downloaded serde_core v1.0.228
  Downloaded crossbeam-epoch v0.9.18
  Downloaded either v1.15.0
  Downloaded ciborium-ll v0.2.2
  Downloaded same-file v1.0.6
  Downloaded clap v4.6.1
  Downloaded crossbeam-utils v0.8.21
  Downloaded safe_arch v0.7.4
  Downloaded wide v0.7.33
  Downloaded itertools v0.10.5
  Downloaded libm v0.2.16
  Downloaded criterion-plot v0.5.0
  Downloaded ciborium v0.2.2
  Downloaded memchr v2.8.0
  Downloaded serde_json v1.0.149
  Downloaded plotters v0.3.7
  Downloaded bytemuck_derive v1.10.2
  Downloaded zerocopy-derive v0.8.48
  Downloaded libc v0.2.185
  Downloaded regex v1.12.3
  Downloaded regex-automata v0.4.14
   Compiling proc-macro2 v1.0.106
   Compiling quote v1.0.45
   Compiling unicode-ident v1.0.24
   Compiling autocfg v1.5.0
   Compiling zerocopy v0.8.48
   Compiling crossbeam-utils v0.8.21
   Compiling cfg-if v1.0.4
   Compiling either v1.15.0
   Compiling rayon-core v1.13.0
   Compiling serde_core v1.0.228
   Compiling libm v0.2.16
   Compiling rawpointer v0.2.1
   Compiling zmij v1.0.21
   Compiling serde v1.0.228
   Compiling serde_json v1.0.149
   Compiling libc v0.2.185
   Compiling plotters-backend v0.3.7
   Compiling itoa v1.0.18
   Compiling anstyle v1.0.14
   Compiling regex-syntax v0.8.10
   Compiling ciborium-io v0.2.2
   Compiling clap_lex v1.1.0
   Compiling memchr v2.8.0
   Compiling itertools v0.10.5
   Compiling same-file v1.0.6
   Compiling plotters-svg v0.3.7
   Compiling cast v0.3.0
   Compiling anes v0.1.6
   Compiling num-traits v0.2.19
   Compiling matrixmultiply v0.3.10
   Compiling clap_builder v4.6.0
   Compiling walkdir v2.5.0
   Compiling oorandom v11.1.5
   Compiling once_cell v1.21.4
   Compiling crossbeam-epoch v0.9.18
   Compiling syn v2.0.117
   Compiling crossbeam-deque v0.8.6
   Compiling is-terminal v0.4.17
   Compiling num-complex v0.4.6
   Compiling plotters v0.3.7
   Compiling regex-automata v0.4.14
   Compiling rayon v1.12.0
   Compiling criterion-plot v0.5.0
   Compiling clap v4.6.1
   Compiling regex v1.12.3
   Compiling bytemuck_derive v1.10.2
   Compiling zerocopy-derive v0.8.48
   Compiling serde_derive v1.0.228
   Compiling bytemuck v1.25.0
   Compiling safe_arch v0.7.4
   Compiling wide v0.7.33
   Compiling tinytemplate v1.2.1
   Compiling half v2.7.1
   Compiling ft-core v0.1.0 (/data/projects/frankentorch/crates/ft-core)
   Compiling ciborium-ll v0.2.2
   Compiling ciborium v0.2.2
   Compiling ft-kernel-cpu v0.1.0 (/data/projects/frankentorch/crates/ft-kernel-cpu)
   Compiling ft-runtime v0.1.0 (/data/projects/frankentorch/crates/ft-runtime)
   Compiling criterion v0.5.1
   Compiling ft-dispatch v0.1.0 (/data/projects/frankentorch/crates/ft-dispatch)
   Compiling ft-autograd v0.1.0 (/data/projects/frankentorch/crates/ft-autograd)
   Compiling ft-api v0.1.0 (/data/projects/frankentorch/crates/ft-api)
    Finished `bench` profile [optimized + debuginfo] target(s) in 51.54s
     Running benches/pytorch_gauntlet_bench.rs (.rch-target-ovh-a-pool-a7b1c8c357b0059b1f61676dcab2f583/release/deps/pytorch_gauntlet_bench-5f2ebc2fd9ddf042)
Gnuplot not found, using plotters backend
Benchmarking gauntlet_avg_pool1d_grad/frankentorch_kgs4_122
Benchmarking gauntlet_avg_pool1d_grad/frankentorch_kgs4_122: Warming up for 1.0000 s

Warning: Unable to complete 10 samples in 3.0s. You may wish to increase target time to 4.8s or enable flat sampling.
Benchmarking gauntlet_avg_pool1d_grad/frankentorch_kgs4_122: Collecting 10 samples in estimated 4.7588 s (55 iterations)
Benchmarking gauntlet_avg_pool1d_grad/frankentorch_kgs4_122: Analyzing
gauntlet_avg_pool1d_grad/frankentorch_kgs4_122
                        time:   [67.604 ms 73.254 ms 78.539 ms]
Benchmarking gauntlet_avg_pool1d_grad/pytorch_2_12_cpu
Benchmarking gauntlet_avg_pool1d_grad/pytorch_2_12_cpu: Warming up for 1.0000 s
PyTorch avg_pool1d benchmark failed with status Some(1)
stdout:

stderr:
Traceback (most recent call last):
  File "/data/projects/frankentorch/crates/ft-api/benches/pytorch_avg_pool1d_grad.py", line 4, in <module>
    import torch
ModuleNotFoundError: No module named 'torch'

error: bench failed, to rerun pass `-p ft-api --bench pytorch_gauntlet_bench`

Caused by:
  process didn't exit successfully: `/data/projects/frankentorch/.rch-target-ovh-a-pool-a7b1c8c357b0059b1f61676dcab2f583/release/deps/pytorch_gauntlet_bench-5f2ebc2fd9ddf042 avg_pool1d --noplot --bench` (exit status: 1)
  [2m2026-06-20T00:41:03.804278Z[0m [32m INFO[0m [1;32mrch::hook::transfer_orchestration[0m[32m: [32mRemote command finished: exit=1 in 57613ms[0m
    [2;3mat[0m rch/src/hook/transfer_orchestration.rs:653 [2;3mon[0m ThreadId(1)

[RCH] remote ovh-a failed (exit 1)
