   Compiling ft-autograd v0.1.0 (/data/projects/frankentorch/crates/ft-autograd)
   Compiling ft-api v0.1.0 (/data/projects/frankentorch/crates/ft-api)
    Finished `bench` profile [optimized + debuginfo] target(s) in 39.99s
     Running benches/pytorch_gauntlet_bench.rs (/data/projects/.rch-targets/frankentorch-cod-a/release/deps/pytorch_gauntlet_bench-5f2ebc2fd9ddf042)
Gnuplot not found, using plotters backend
Benchmarking gauntlet_avg_pool1d_grad/frankentorch_kgs4_122
Benchmarking gauntlet_avg_pool1d_grad/frankentorch_kgs4_122: Warming up for 1.0000 s

Warning: Unable to complete 10 samples in 3.0s. You may wish to increase target time to 5.0s or enable flat sampling.
Benchmarking gauntlet_avg_pool1d_grad/frankentorch_kgs4_122: Collecting 10 samples in estimated 4.9643 s (55 iterations)
Benchmarking gauntlet_avg_pool1d_grad/frankentorch_kgs4_122: Analyzing
gauntlet_avg_pool1d_grad/frankentorch_kgs4_122
                        time:   [69.506 ms 70.206 ms 71.892 ms]
                        change: [-6.5164% +0.0560% +7.3735%] (p = 0.98 > 0.05)
                        No change in performance detected.
Benchmarking gauntlet_avg_pool1d_grad/pytorch_2_12_cpu
Benchmarking gauntlet_avg_pool1d_grad/pytorch_2_12_cpu: Warming up for 1.0000 s

Warning: Unable to complete 10 samples in 3.0s. You may wish to increase target time to 12.9s.
Benchmarking gauntlet_avg_pool1d_grad/pytorch_2_12_cpu: Collecting 10 samples in estimated 12.886 s (10 iterations)
Benchmarking gauntlet_avg_pool1d_grad/pytorch_2_12_cpu: Analyzing
gauntlet_avg_pool1d_grad/pytorch_2_12_cpu
                        time:   [5.8310 ms 6.9328 ms 8.5085 ms]
                        change: [-7.1081% +11.637% +40.126%] (p = 0.40 > 0.05)
                        No change in performance detected.
Found 1 outliers among 10 measurements (10.00%)
  1 (10.00%) high severe

