  [2m2026-06-20T00:47:53.532994Z[0m [32m INFO[0m [1;32mrch::hook[0m[32m: [32mSelected worker: hz1 at root@87.99.133.171 (0 slots remaining after reservation, speed 50.0)[0m
    [2;3mat[0m rch/src/hook.rs:866 [2;3mon[0m ThreadId(1)

  [2m2026-06-20T00:47:53.827128Z[0m [32m INFO[0m [1;32mrch::hook::transfer_orchestration[0m[32m: [32mStarting remote compilation pipeline for frankentorch (hash: dbca29276fa80333)[0m
    [2;3mat[0m rch/src/hook/transfer_orchestration.rs:241 [2;3mon[0m ThreadId(1)

  [2m2026-06-20T00:47:53.827197Z[0m [32m INFO[0m [1;32mrch::hook::transfer_orchestration[0m[32m: [32mPrepared dependency sync manifest for 13 roots[0m
    [2;3mat[0m rch/src/hook/transfer_orchestration.rs:263 [2;3mon[0m ThreadId(1)

  [2m2026-06-20T00:47:54.423690Z[0m [32m INFO[0m [1;32mrch::hook::transfer_orchestration[0m[32m: [32mSyncing project to worker hz1...[0m
    [2;3mat[0m rch/src/hook/transfer_orchestration.rs:323 [2;3mon[0m ThreadId(1)

  [2m2026-06-20T00:47:54.423743Z[0m [32m INFO[0m [1;32mrch::transfer[0m[32m: [32mSyncing /data/projects/frankentorch -> /data/projects/frankentorch on hz1[0m
    [2;3mat[0m rch/src/transfer.rs:1528 [2;3mon[0m ThreadId(1)

  [2m2026-06-20T00:47:56.431245Z[0m [32m INFO[0m [1;32mrch::transfer[0m[32m: [32mSync completed in 2007ms[0m
    [2;3mat[0m rch/src/transfer.rs:1592 [2;3mon[0m ThreadId(1)

  [2m2026-06-20T00:47:56.431314Z[0m [32m INFO[0m [1;32mrch::transfer[0m[32m: [32mSyncing /data/projects/frankentorch/crates/ft-api -> /data/projects/frankentorch/crates/ft-api on hz1[0m
    [2;3mat[0m rch/src/transfer.rs:1528 [2;3mon[0m ThreadId(1)

  [2m2026-06-20T00:47:56.889771Z[0m [32m INFO[0m [1;32mrch::transfer[0m[32m: [32mSync completed in 458ms[0m
    [2;3mat[0m rch/src/transfer.rs:1592 [2;3mon[0m ThreadId(1)

  [2m2026-06-20T00:47:56.889840Z[0m [32m INFO[0m [1;32mrch::transfer[0m[32m: [32mSyncing /data/projects/frankentorch/crates/ft-autograd -> /data/projects/frankentorch/crates/ft-autograd on hz1[0m
    [2;3mat[0m rch/src/transfer.rs:1528 [2;3mon[0m ThreadId(1)

  [2m2026-06-20T00:47:57.318329Z[0m [32m INFO[0m [1;32mrch::transfer[0m[32m: [32mSync completed in 428ms[0m
    [2;3mat[0m rch/src/transfer.rs:1592 [2;3mon[0m ThreadId(1)

  [2m2026-06-20T00:47:57.318399Z[0m [32m INFO[0m [1;32mrch::transfer[0m[32m: [32mSyncing /data/projects/frankentorch/crates/ft-conformance -> /data/projects/frankentorch/crates/ft-conformance on hz1[0m
    [2;3mat[0m rch/src/transfer.rs:1528 [2;3mon[0m ThreadId(1)

  [2m2026-06-20T00:47:57.759699Z[0m [32m INFO[0m [1;32mrch::transfer[0m[32m: [32mSync completed in 441ms[0m
    [2;3mat[0m rch/src/transfer.rs:1592 [2;3mon[0m ThreadId(1)

  [2m2026-06-20T00:47:57.759769Z[0m [32m INFO[0m [1;32mrch::transfer[0m[32m: [32mSyncing /data/projects/frankentorch/crates/ft-core -> /data/projects/frankentorch/crates/ft-core on hz1[0m
    [2;3mat[0m rch/src/transfer.rs:1528 [2;3mon[0m ThreadId(1)

  [2m2026-06-20T00:47:58.160285Z[0m [32m INFO[0m [1;32mrch::transfer[0m[32m: [32mSync completed in 400ms[0m
    [2;3mat[0m rch/src/transfer.rs:1592 [2;3mon[0m ThreadId(1)

  [2m2026-06-20T00:47:58.160378Z[0m [32m INFO[0m [1;32mrch::transfer[0m[32m: [32mSyncing /data/projects/frankentorch/crates/ft-data -> /data/projects/frankentorch/crates/ft-data on hz1[0m
    [2;3mat[0m rch/src/transfer.rs:1528 [2;3mon[0m ThreadId(1)

  [2m2026-06-20T00:47:58.582837Z[0m [32m INFO[0m [1;32mrch::transfer[0m[32m: [32mSync completed in 422ms[0m
    [2;3mat[0m rch/src/transfer.rs:1592 [2;3mon[0m ThreadId(1)

  [2m2026-06-20T00:47:58.582905Z[0m [32m INFO[0m [1;32mrch::transfer[0m[32m: [32mSyncing /data/projects/frankentorch/crates/ft-device -> /data/projects/frankentorch/crates/ft-device on hz1[0m
    [2;3mat[0m rch/src/transfer.rs:1528 [2;3mon[0m ThreadId(1)

  [2m2026-06-20T00:47:58.996507Z[0m [32m INFO[0m [1;32mrch::transfer[0m[32m: [32mSync completed in 413ms[0m
    [2;3mat[0m rch/src/transfer.rs:1592 [2;3mon[0m ThreadId(1)

  [2m2026-06-20T00:47:58.996584Z[0m [32m INFO[0m [1;32mrch::transfer[0m[32m: [32mSyncing /data/projects/frankentorch/crates/ft-dispatch -> /data/projects/frankentorch/crates/ft-dispatch on hz1[0m
    [2;3mat[0m rch/src/transfer.rs:1528 [2;3mon[0m ThreadId(1)

  [2m2026-06-20T00:47:59.442166Z[0m [32m INFO[0m [1;32mrch::transfer[0m[32m: [32mSync completed in 445ms[0m
    [2;3mat[0m rch/src/transfer.rs:1592 [2;3mon[0m ThreadId(1)

  [2m2026-06-20T00:47:59.442235Z[0m [32m INFO[0m [1;32mrch::transfer[0m[32m: [32mSyncing /data/projects/frankentorch/crates/ft-kernel-cpu -> /data/projects/frankentorch/crates/ft-kernel-cpu on hz1[0m
    [2;3mat[0m rch/src/transfer.rs:1528 [2;3mon[0m ThreadId(1)

  [2m2026-06-20T00:47:59.873544Z[0m [32m INFO[0m [1;32mrch::transfer[0m[32m: [32mSync completed in 431ms[0m
    [2;3mat[0m rch/src/transfer.rs:1592 [2;3mon[0m ThreadId(1)

  [2m2026-06-20T00:47:59.873618Z[0m [32m INFO[0m [1;32mrch::transfer[0m[32m: [32mSyncing /data/projects/frankentorch/crates/ft-nn -> /data/projects/frankentorch/crates/ft-nn on hz1[0m
    [2;3mat[0m rch/src/transfer.rs:1528 [2;3mon[0m ThreadId(1)

  [2m2026-06-20T00:48:00.273285Z[0m [32m INFO[0m [1;32mrch::transfer[0m[32m: [32mSync completed in 399ms[0m
    [2;3mat[0m rch/src/transfer.rs:1592 [2;3mon[0m ThreadId(1)

  [2m2026-06-20T00:48:00.273363Z[0m [32m INFO[0m [1;32mrch::transfer[0m[32m: [32mSyncing /data/projects/frankentorch/crates/ft-optim -> /data/projects/frankentorch/crates/ft-optim on hz1[0m
    [2;3mat[0m rch/src/transfer.rs:1528 [2;3mon[0m ThreadId(1)

  [2m2026-06-20T00:48:00.656485Z[0m [32m INFO[0m [1;32mrch::transfer[0m[32m: [32mSync completed in 383ms[0m
    [2;3mat[0m rch/src/transfer.rs:1592 [2;3mon[0m ThreadId(1)

  [2m2026-06-20T00:48:00.656567Z[0m [32m INFO[0m [1;32mrch::transfer[0m[32m: [32mSyncing /data/projects/frankentorch/crates/ft-runtime -> /data/projects/frankentorch/crates/ft-runtime on hz1[0m
    [2;3mat[0m rch/src/transfer.rs:1528 [2;3mon[0m ThreadId(1)

  [2m2026-06-20T00:48:01.062817Z[0m [32m INFO[0m [1;32mrch::transfer[0m[32m: [32mSync completed in 406ms[0m
    [2;3mat[0m rch/src/transfer.rs:1592 [2;3mon[0m ThreadId(1)

  [2m2026-06-20T00:48:01.062902Z[0m [32m INFO[0m [1;32mrch::transfer[0m[32m: [32mSyncing /data/projects/frankentorch/crates/ft-serialize -> /data/projects/frankentorch/crates/ft-serialize on hz1[0m
    [2;3mat[0m rch/src/transfer.rs:1528 [2;3mon[0m ThreadId(1)

  [2m2026-06-20T00:48:01.468833Z[0m [32m INFO[0m [1;32mrch::transfer[0m[32m: [32mSync completed in 405ms[0m
    [2;3mat[0m rch/src/transfer.rs:1592 [2;3mon[0m ThreadId(1)

  [2m2026-06-20T00:48:01.468868Z[0m [32m INFO[0m [1;32mrch::hook::transfer_orchestration[0m[32m: [32mSync complete: 53347 files, 1918602 bytes in 7038ms[0m
    [2;3mat[0m rch/src/hook/transfer_orchestration.rs:486 [2;3mon[0m ThreadId(1)

  [2m2026-06-20T00:48:03.194627Z[0m [32m INFO[0m [1;32mrch::hook::transfer_orchestration[0m[32m: [32mExecuting command remotely: cargo check -p ft-autograd --all-targets[0m
    [2;3mat[0m rch/src/hook/transfer_orchestration.rs:529 [2;3mon[0m ThreadId(1)

  [2m2026-06-20T00:48:03.194664Z[0m [32m INFO[0m [1;32mrch::transfer[0m[32m: [32mRewriting CARGO_TARGET_DIR for remote execution (worker-scoped path): /data/projects/.rch-targets/frankentorch-cod-a -> /data/projects/frankentorch/.rch-target-hz1-pool-a7b1c8c357b0059b1f61676dcab2f583[0m
    [2;3mat[0m rch/src/transfer.rs:799 [2;3mon[0m ThreadId(1)

    Updating crates.io index
 Downloading crates ...
  Downloaded bit-set v0.8.0
  Downloaded anstyle v1.0.14
  Downloaded bit-vec v0.8.0
  Downloaded anes v0.1.6
  Downloaded autocfg v1.5.0
  Downloaded fnv v1.0.7
  Downloaded is-terminal v0.4.17
  Downloaded either v1.15.0
  Downloaded errno v0.3.14
  Downloaded fastrand v2.4.1
  Downloaded crossbeam-deque v0.8.6
  Downloaded crossbeam-utils v0.8.21
  Downloaded itoa v1.0.18
  Downloaded bitflags v2.11.1
  Downloaded crossbeam-epoch v0.9.18
  Downloaded cfg-if v1.0.4
  Downloaded cast v0.3.0
  Downloaded walkdir v2.5.0
  Downloaded ciborium-ll v0.2.2
  Downloaded clap_lex v1.1.0
  Downloaded plotters-svg v0.3.7
  Downloaded quick-error v1.2.3
  Downloaded rand_chacha v0.9.0
  Downloaded same-file v1.0.6
  Downloaded zmij v1.0.21
  Downloaded wait-timeout v0.2.1
  Downloaded bytemuck_derive v1.10.2
  Downloaded ciborium-io v0.2.2
  Downloaded oorandom v11.1.5
  Downloaded console v0.16.3
  Downloaded plotters-backend v0.3.7
  Downloaded quote v1.0.45
  Downloaded rawpointer v0.2.1
  Downloaded unarray v0.1.4
  Downloaded getrandom v0.3.4
  Downloaded half v2.7.1
  Downloaded rand_core v0.9.5
  Downloaded rand_xorshift v0.4.0
  Downloaded rusty-fork v0.3.1
  Downloaded tempfile v3.27.0
  Downloaded tinytemplate v1.2.1
  Downloaded ciborium v0.2.2
  Downloaded criterion-plot v0.5.0
  Downloaded matrixmultiply v0.3.10
  Downloaded num-complex v0.4.6
  Downloaded once_cell v1.21.4
  Downloaded ppv-lite86 v0.2.21
  Downloaded serde_core v1.0.228
  Downloaded unicode-ident v1.0.24
  Downloaded bytemuck v1.25.0
  Downloaded clap v4.6.1
  Downloaded insta v1.47.2
  Downloaded num-traits v0.2.19
  Downloaded proc-macro2 v1.0.106
  Downloaded rayon-core v1.13.0
  Downloaded similar v2.7.0
  Downloaded zerocopy-derive v0.8.48
  Downloaded aho-corasick v1.1.4
  Downloaded itertools v0.10.5
  Downloaded safe_arch v0.7.4
  Downloaded criterion v0.5.1
  Downloaded plotters v0.3.7
  Downloaded serde v1.0.228
  Downloaded serde_derive v1.0.228
  Downloaded wide v0.7.33
  Downloaded memchr v2.8.0
  Downloaded rand v0.9.4
  Downloaded regex v1.12.3
  Downloaded serde_json v1.0.149
  Downloaded clap_builder v4.6.0
  Downloaded libm v0.2.16
  Downloaded rayon v1.12.0
  Downloaded proptest v1.11.0
  Downloaded zerocopy v0.8.48
  Downloaded syn v2.0.117
  Downloaded regex-syntax v0.8.10
  Downloaded rustix v1.1.4
  Downloaded regex-automata v0.4.14
  Downloaded libc v0.2.185
  Downloaded linux-raw-sys v0.12.1
   Compiling proc-macro2 v1.0.106
   Compiling unicode-ident v1.0.24
   Compiling quote v1.0.45
    Checking cfg-if v1.0.4
   Compiling libc v0.2.185
   Compiling autocfg v1.5.0
   Compiling zerocopy v0.8.48
   Compiling crossbeam-utils v0.8.21
   Compiling getrandom v0.3.4
    Checking either v1.15.0
   Compiling serde_core v1.0.228
   Compiling rayon-core v1.13.0
   Compiling rustix v1.1.4
    Checking bitflags v2.11.1
   Compiling num-traits v0.2.19
   Compiling matrixmultiply v0.3.10
   Compiling libm v0.2.16
   Compiling zmij v1.0.21
    Checking crossbeam-epoch v0.9.18
   Compiling serde v1.0.228
    Checking linux-raw-sys v0.12.1
    Checking crossbeam-deque v0.8.6
   Compiling syn v2.0.117
    Checking once_cell v1.21.4
   Compiling serde_json v1.0.149
    Checking fastrand v2.4.1
    Checking rawpointer v0.2.1
    Checking regex-syntax v0.8.10
    Checking num-complex v0.4.6
    Checking rayon v1.12.0
    Checking rand_core v0.9.5
    Checking memchr v2.8.0
    Checking clap_lex v1.1.0
    Checking anstyle v1.0.14
    Checking plotters-backend v0.3.7
    Checking itoa v1.0.18
    Checking ciborium-io v0.2.2
    Checking clap_builder v4.6.0
    Checking plotters-svg v0.3.7
    Checking wait-timeout v0.2.1
    Checking itertools v0.10.5
    Checking quick-error v1.2.3
    Checking bit-vec v0.8.0
    Checking tempfile v3.27.0
    Checking same-file v1.0.6
    Checking cast v0.3.0
    Checking fnv v1.0.7
    Checking rusty-fork v0.3.1
    Checking walkdir v2.5.0
    Checking bit-set v0.8.0
    Checking regex-automata v0.4.14
    Checking plotters v0.3.7
    Checking rand_xorshift v0.4.0
    Checking rand v0.9.4
    Checking is-terminal v0.4.17
    Checking console v0.16.3
    Checking similar v2.7.0
    Checking criterion-plot v0.5.0
    Checking clap v4.6.1
    Checking oorandom v11.1.5
    Checking unarray v0.1.4
    Checking anes v0.1.6
    Checking insta v1.47.2
   Compiling zerocopy-derive v0.8.48
   Compiling bytemuck_derive v1.10.2
   Compiling serde_derive v1.0.228
    Checking regex v1.12.3
    Checking bytemuck v1.25.0
    Checking safe_arch v0.7.4
    Checking wide v0.7.33
    Checking tinytemplate v1.2.1
    Checking half v2.7.1
    Checking ppv-lite86 v0.2.21
    Checking ft-core v0.1.0 (/data/projects/frankentorch/crates/ft-core)
    Checking ciborium-ll v0.2.2
    Checking rand_chacha v0.9.0
    Checking ciborium v0.2.2
    Checking proptest v1.11.0
    Checking ft-kernel-cpu v0.1.0 (/data/projects/frankentorch/crates/ft-kernel-cpu)
    Checking criterion v0.5.1
    Checking ft-dispatch v0.1.0 (/data/projects/frankentorch/crates/ft-dispatch)
    Checking ft-autograd v0.1.0 (/data/projects/frankentorch/crates/ft-autograd)
    Finished `dev` profile [unoptimized + debuginfo] target(s) in 19.13s
  [2m2026-06-20T00:48:23.028150Z[0m [32m INFO[0m [1;32mrch::hook::transfer_orchestration[0m[32m: [32mRemote command finished: exit=0 in 19833ms[0m
    [2;3mat[0m rch/src/hook/transfer_orchestration.rs:653 [2;3mon[0m ThreadId(1)

  [2m2026-06-20T00:48:23.028426Z[0m [32m INFO[0m [1;32mrch::hook::transfer_orchestration[0m[32m: [32mRetrieving build artifacts...[0m
    [2;3mat[0m rch/src/hook/transfer_orchestration.rs:702 [2;3mon[0m ThreadId(1)

  [2m2026-06-20T00:48:23.028444Z[0m [32m INFO[0m [1;32mrch::transfer[0m[32m: [32mRetrieving artifacts from /data/projects/frankentorch on hz1[0m
    [2;3mat[0m rch/src/transfer.rs:2246 [2;3mon[0m ThreadId(1)

  [2m2026-06-20T00:48:23.542290Z[0m [32m INFO[0m [1;32mrch::transfer[0m[32m: [32mArtifacts retrieved in 513ms (1 files, 1859 bytes)[0m
    [2;3mat[0m rch/src/transfer.rs:2301 [2;3mon[0m ThreadId(1)

  [2m2026-06-20T00:48:23.542312Z[0m [32m INFO[0m [1;32mrch::hook::transfer_orchestration[0m[32m: [32mArtifacts retrieved: 1 files, 1859 bytes in 513ms[0m
    [2;3mat[0m rch/src/hook/transfer_orchestration.rs:735 [2;3mon[0m ThreadId(1)

[RCH] remote hz1 (30.0s)
