  [2m2026-06-20T00:51:46.466201Z[0m [32m INFO[0m [1;32mrch::hook[0m[32m: [32mSelected worker: ovh-b at ubuntu@37.187.75.150 (1 slots remaining after reservation, speed 50.0)[0m
    [2;3mat[0m rch/src/hook.rs:866 [2;3mon[0m ThreadId(1)

  [2m2026-06-20T00:51:46.912402Z[0m [32m INFO[0m [1;32mrch::hook::transfer_orchestration[0m[32m: [32mStarting remote compilation pipeline for frankentorch (hash: dbca29276fa80333)[0m
    [2;3mat[0m rch/src/hook/transfer_orchestration.rs:241 [2;3mon[0m ThreadId(1)

  [2m2026-06-20T00:51:46.912437Z[0m [32m INFO[0m [1;32mrch::hook::transfer_orchestration[0m[32m: [32mPrepared dependency sync manifest for 13 roots[0m
    [2;3mat[0m rch/src/hook/transfer_orchestration.rs:263 [2;3mon[0m ThreadId(1)

  [2m2026-06-20T00:51:48.277728Z[0m [32m INFO[0m [1;32mrch::hook::transfer_orchestration[0m[32m: [32mSyncing project to worker ovh-b...[0m
    [2;3mat[0m rch/src/hook/transfer_orchestration.rs:323 [2;3mon[0m ThreadId(1)

  [2m2026-06-20T00:51:48.277777Z[0m [32m INFO[0m [1;32mrch::transfer[0m[32m: [32mSyncing /data/projects/frankentorch -> /data/projects/frankentorch on ovh-b[0m
    [2;3mat[0m rch/src/transfer.rs:1528 [2;3mon[0m ThreadId(1)

  [2m2026-06-20T00:51:55.699250Z[0m [32m INFO[0m [1;32mrch::transfer[0m[32m: [32mSync completed in 7421ms[0m
    [2;3mat[0m rch/src/transfer.rs:1592 [2;3mon[0m ThreadId(1)

  [2m2026-06-20T00:51:55.699309Z[0m [32m INFO[0m [1;32mrch::transfer[0m[32m: [32mSyncing /data/projects/frankentorch/crates/ft-api -> /data/projects/frankentorch/crates/ft-api on ovh-b[0m
    [2;3mat[0m rch/src/transfer.rs:1528 [2;3mon[0m ThreadId(1)

  [2m2026-06-20T00:51:57.396944Z[0m [32m INFO[0m [1;32mrch::transfer[0m[32m: [32mSync completed in 1697ms[0m
    [2;3mat[0m rch/src/transfer.rs:1592 [2;3mon[0m ThreadId(1)

  [2m2026-06-20T00:51:57.397003Z[0m [32m INFO[0m [1;32mrch::transfer[0m[32m: [32mSyncing /data/projects/frankentorch/crates/ft-autograd -> /data/projects/frankentorch/crates/ft-autograd on ovh-b[0m
    [2;3mat[0m rch/src/transfer.rs:1528 [2;3mon[0m ThreadId(1)

  [2m2026-06-20T00:51:58.966759Z[0m [32m INFO[0m [1;32mrch::transfer[0m[32m: [32mSync completed in 1569ms[0m
    [2;3mat[0m rch/src/transfer.rs:1592 [2;3mon[0m ThreadId(1)

  [2m2026-06-20T00:51:58.966812Z[0m [32m INFO[0m [1;32mrch::transfer[0m[32m: [32mSyncing /data/projects/frankentorch/crates/ft-conformance -> /data/projects/frankentorch/crates/ft-conformance on ovh-b[0m
    [2;3mat[0m rch/src/transfer.rs:1528 [2;3mon[0m ThreadId(1)

  [2m2026-06-20T00:52:00.526192Z[0m [32m INFO[0m [1;32mrch::transfer[0m[32m: [32mSync completed in 1559ms[0m
    [2;3mat[0m rch/src/transfer.rs:1592 [2;3mon[0m ThreadId(1)

  [2m2026-06-20T00:52:00.526259Z[0m [32m INFO[0m [1;32mrch::transfer[0m[32m: [32mSyncing /data/projects/frankentorch/crates/ft-core -> /data/projects/frankentorch/crates/ft-core on ovh-b[0m
    [2;3mat[0m rch/src/transfer.rs:1528 [2;3mon[0m ThreadId(1)

  [2m2026-06-20T00:52:02.157659Z[0m [32m INFO[0m [1;32mrch::transfer[0m[32m: [32mSync completed in 1631ms[0m
    [2;3mat[0m rch/src/transfer.rs:1592 [2;3mon[0m ThreadId(1)

  [2m2026-06-20T00:52:02.157734Z[0m [32m INFO[0m [1;32mrch::transfer[0m[32m: [32mSyncing /data/projects/frankentorch/crates/ft-data -> /data/projects/frankentorch/crates/ft-data on ovh-b[0m
    [2;3mat[0m rch/src/transfer.rs:1528 [2;3mon[0m ThreadId(1)

  [2m2026-06-20T00:52:03.722712Z[0m [32m INFO[0m [1;32mrch::transfer[0m[32m: [32mSync completed in 1564ms[0m
    [2;3mat[0m rch/src/transfer.rs:1592 [2;3mon[0m ThreadId(1)

  [2m2026-06-20T00:52:03.722793Z[0m [32m INFO[0m [1;32mrch::transfer[0m[32m: [32mSyncing /data/projects/frankentorch/crates/ft-device -> /data/projects/frankentorch/crates/ft-device on ovh-b[0m
    [2;3mat[0m rch/src/transfer.rs:1528 [2;3mon[0m ThreadId(1)

  [2m2026-06-20T00:52:05.282033Z[0m [32m INFO[0m [1;32mrch::transfer[0m[32m: [32mSync completed in 1559ms[0m
    [2;3mat[0m rch/src/transfer.rs:1592 [2;3mon[0m ThreadId(1)

  [2m2026-06-20T00:52:05.282112Z[0m [32m INFO[0m [1;32mrch::transfer[0m[32m: [32mSyncing /data/projects/frankentorch/crates/ft-dispatch -> /data/projects/frankentorch/crates/ft-dispatch on ovh-b[0m
    [2;3mat[0m rch/src/transfer.rs:1528 [2;3mon[0m ThreadId(1)

  [2m2026-06-20T00:52:06.979614Z[0m [32m INFO[0m [1;32mrch::transfer[0m[32m: [32mSync completed in 1697ms[0m
    [2;3mat[0m rch/src/transfer.rs:1592 [2;3mon[0m ThreadId(1)

  [2m2026-06-20T00:52:06.979684Z[0m [32m INFO[0m [1;32mrch::transfer[0m[32m: [32mSyncing /data/projects/frankentorch/crates/ft-kernel-cpu -> /data/projects/frankentorch/crates/ft-kernel-cpu on ovh-b[0m
    [2;3mat[0m rch/src/transfer.rs:1528 [2;3mon[0m ThreadId(1)

  [2m2026-06-20T00:52:08.551828Z[0m [32m INFO[0m [1;32mrch::transfer[0m[32m: [32mSync completed in 1572ms[0m
    [2;3mat[0m rch/src/transfer.rs:1592 [2;3mon[0m ThreadId(1)

  [2m2026-06-20T00:52:08.551903Z[0m [32m INFO[0m [1;32mrch::transfer[0m[32m: [32mSyncing /data/projects/frankentorch/crates/ft-nn -> /data/projects/frankentorch/crates/ft-nn on ovh-b[0m
    [2;3mat[0m rch/src/transfer.rs:1528 [2;3mon[0m ThreadId(1)

  [2m2026-06-20T00:52:10.095249Z[0m [32m INFO[0m [1;32mrch::transfer[0m[32m: [32mSync completed in 1543ms[0m
    [2;3mat[0m rch/src/transfer.rs:1592 [2;3mon[0m ThreadId(1)

  [2m2026-06-20T00:52:10.095322Z[0m [32m INFO[0m [1;32mrch::transfer[0m[32m: [32mSyncing /data/projects/frankentorch/crates/ft-optim -> /data/projects/frankentorch/crates/ft-optim on ovh-b[0m
    [2;3mat[0m rch/src/transfer.rs:1528 [2;3mon[0m ThreadId(1)

  [2m2026-06-20T00:52:11.750423Z[0m [32m INFO[0m [1;32mrch::transfer[0m[32m: [32mSync completed in 1655ms[0m
    [2;3mat[0m rch/src/transfer.rs:1592 [2;3mon[0m ThreadId(1)

  [2m2026-06-20T00:52:11.750496Z[0m [32m INFO[0m [1;32mrch::transfer[0m[32m: [32mSyncing /data/projects/frankentorch/crates/ft-runtime -> /data/projects/frankentorch/crates/ft-runtime on ovh-b[0m
    [2;3mat[0m rch/src/transfer.rs:1528 [2;3mon[0m ThreadId(1)

  [2m2026-06-20T00:52:13.320339Z[0m [32m INFO[0m [1;32mrch::transfer[0m[32m: [32mSync completed in 1569ms[0m
    [2;3mat[0m rch/src/transfer.rs:1592 [2;3mon[0m ThreadId(1)

  [2m2026-06-20T00:52:13.320394Z[0m [32m INFO[0m [1;32mrch::transfer[0m[32m: [32mSyncing /data/projects/frankentorch/crates/ft-serialize -> /data/projects/frankentorch/crates/ft-serialize on ovh-b[0m
    [2;3mat[0m rch/src/transfer.rs:1528 [2;3mon[0m ThreadId(1)

  [2m2026-06-20T00:52:14.801282Z[0m [32m INFO[0m [1;32mrch::transfer[0m[32m: [32mSync completed in 1480ms[0m
    [2;3mat[0m rch/src/transfer.rs:1592 [2;3mon[0m ThreadId(1)

  [2m2026-06-20T00:52:14.801318Z[0m [32m INFO[0m [1;32mrch::hook::transfer_orchestration[0m[32m: [32mSync complete: 53353 files, 2329831 bytes in 26516ms[0m
    [2;3mat[0m rch/src/hook/transfer_orchestration.rs:486 [2;3mon[0m ThreadId(1)

  [2m2026-06-20T00:52:20.717577Z[0m [32m INFO[0m [1;32mrch::hook::transfer_orchestration[0m[32m: [32mExecuting command remotely: cargo clippy -p ft-autograd --all-targets -- -D warnings[0m
    [2;3mat[0m rch/src/hook/transfer_orchestration.rs:529 [2;3mon[0m ThreadId(1)

  [2m2026-06-20T00:52:20.717614Z[0m [32m INFO[0m [1;32mrch::transfer[0m[32m: [32mRewriting CARGO_TARGET_DIR for remote execution (worker-scoped path): /data/projects/.rch-targets/frankentorch-cod-a -> /data/projects/frankentorch/.rch-target-ovh-b-pool-a7b1c8c357b0059b1f61676dcab2f583[0m
    [2;3mat[0m rch/src/transfer.rs:799 [2;3mon[0m ThreadId(1)

    Updating crates.io index
 Downloading crates ...
  Downloaded bit-set v0.8.0
  Downloaded unarray v0.1.4
  Downloaded ciborium-ll v0.2.2
  Downloaded cast v0.3.0
  Downloaded itoa v1.0.18
  Downloaded bit-vec v0.8.0
  Downloaded anes v0.1.6
  Downloaded anstyle v1.0.14
  Downloaded autocfg v1.5.0
  Downloaded bitflags v2.11.1
  Downloaded is-terminal v0.4.17
  Downloaded same-file v1.0.6
  Downloaded bytemuck_derive v1.10.2
  Downloaded ciborium-io v0.2.2
  Downloaded fnv v1.0.7
  Downloaded plotters-backend v0.3.7
  Downloaded cfg-if v1.0.4
  Downloaded plotters-svg v0.3.7
  Downloaded errno v0.3.14
  Downloaded wait-timeout v0.2.1
  Downloaded rawpointer v0.2.1
  Downloaded quick-error v1.2.3
  Downloaded clap_lex v1.1.0
  Downloaded rand_xorshift v0.4.0
  Downloaded rand_chacha v0.9.0
  Downloaded zmij v1.0.21
  Downloaded either v1.15.0
  Downloaded tinytemplate v1.2.1
  Downloaded criterion-plot v0.5.0
  Downloaded quote v1.0.45
  Downloaded oorandom v11.1.5
  Downloaded walkdir v2.5.0
  Downloaded rand_core v0.9.5
  Downloaded getrandom v0.3.4
  Downloaded ppv-lite86 v0.2.21
  Downloaded rusty-fork v0.3.1
  Downloaded num-complex v0.4.6
  Downloaded bytemuck v1.25.0
  Downloaded fastrand v2.4.1
  Downloaded tempfile v3.27.0
  Downloaded crossbeam-utils v0.8.21
  Downloaded console v0.16.3
  Downloaded crossbeam-deque v0.8.6
  Downloaded once_cell v1.21.4
  Downloaded half v2.7.1
  Downloaded serde_derive v1.0.228
  Downloaded crossbeam-epoch v0.9.18
  Downloaded unicode-ident v1.0.24
  Downloaded serde_core v1.0.228
  Downloaded similar v2.7.0
  Downloaded ciborium v0.2.2
  Downloaded matrixmultiply v0.3.10
  Downloaded clap v4.6.1
  Downloaded rayon-core v1.13.0
  Downloaded safe_arch v0.7.4
  Downloaded proc-macro2 v1.0.106
  Downloaded num-traits v0.2.19
  Downloaded serde v1.0.228
  Downloaded wide v0.7.33
  Downloaded criterion v0.5.1
  Downloaded itertools v0.10.5
  Downloaded zerocopy-derive v0.8.48
  Downloaded rand v0.9.4
  Downloaded memchr v2.8.0
  Downloaded insta v1.47.2
  Downloaded aho-corasick v1.1.4
  Downloaded regex v1.12.3
  Downloaded plotters v0.3.7
  Downloaded serde_json v1.0.149
  Downloaded libm v0.2.16
  Downloaded rayon v1.12.0
  Downloaded clap_builder v4.6.0
  Downloaded proptest v1.11.0
  Downloaded zerocopy v0.8.48
  Downloaded syn v2.0.117
  Downloaded regex-syntax v0.8.10
  Downloaded rustix v1.1.4
  Downloaded regex-automata v0.4.14
  Downloaded libc v0.2.185
  Downloaded linux-raw-sys v0.12.1
   Compiling proc-macro2 v1.0.106
   Compiling unicode-ident v1.0.24
   Compiling quote v1.0.45
    Checking cfg-if v1.0.4
   Compiling libc v0.2.185
   Compiling autocfg v1.5.0
   Compiling zerocopy v0.8.48
   Compiling crossbeam-utils v0.8.21
   Compiling getrandom v0.3.4
    Checking either v1.15.0
   Compiling rayon-core v1.13.0
   Compiling serde_core v1.0.228
   Compiling rustix v1.1.4
    Checking once_cell v1.21.4
    Checking bitflags v2.11.1
   Compiling zmij v1.0.21
   Compiling libm v0.2.16
   Compiling num-traits v0.2.19
   Compiling matrixmultiply v0.3.10
    Checking linux-raw-sys v0.12.1
   Compiling serde v1.0.228
    Checking rawpointer v0.2.1
    Checking crossbeam-epoch v0.9.18
    Checking fastrand v2.4.1
   Compiling syn v2.0.117
    Checking crossbeam-deque v0.8.6
   Compiling serde_json v1.0.149
    Checking regex-syntax v0.8.10
    Checking rayon v1.12.0
    Checking rand_core v0.9.5
    Checking plotters-backend v0.3.7
    Checking num-complex v0.4.6
    Checking memchr v2.8.0
    Checking ciborium-io v0.2.2
    Checking itoa v1.0.18
    Checking clap_lex v1.1.0
    Checking anstyle v1.0.14
    Checking clap_builder v4.6.0
    Checking plotters-svg v0.3.7
    Checking wait-timeout v0.2.1
    Checking itertools v0.10.5
    Checking cast v0.3.0
    Checking same-file v1.0.6
    Checking tempfile v3.27.0
    Checking fnv v1.0.7
    Checking bit-vec v0.8.0
    Checking quick-error v1.2.3
    Checking regex-automata v0.4.14
    Checking bit-set v0.8.0
    Checking rusty-fork v0.3.1
    Checking walkdir v2.5.0
    Checking plotters v0.3.7
    Checking rand_xorshift v0.4.0
    Checking rand v0.9.4
    Checking console v0.16.3
    Checking is-terminal v0.4.17
    Checking oorandom v11.1.5
    Checking similar v2.7.0
    Checking unarray v0.1.4
    Checking anes v0.1.6
    Checking insta v1.47.2
    Checking clap v4.6.1
    Checking criterion-plot v0.5.0
    Checking regex v1.12.3
   Compiling zerocopy-derive v0.8.48
   Compiling bytemuck_derive v1.10.2
   Compiling serde_derive v1.0.228
    Checking bytemuck v1.25.0
    Checking safe_arch v0.7.4
    Checking wide v0.7.33
    Checking tinytemplate v1.2.1
    Checking half v2.7.1
    Checking ppv-lite86 v0.2.21
    Checking ft-core v0.1.0 (/data/projects/frankentorch/crates/ft-core)
    Checking ciborium-ll v0.2.2
    Checking rand_chacha v0.9.0
    Checking ciborium v0.2.2
    Checking proptest v1.11.0
    Checking criterion v0.5.1
    Checking ft-kernel-cpu v0.1.0 (/data/projects/frankentorch/crates/ft-kernel-cpu)
    Checking ft-dispatch v0.1.0 (/data/projects/frankentorch/crates/ft-dispatch)
    Checking ft-autograd v0.1.0 (/data/projects/frankentorch/crates/ft-autograd)
    Finished `dev` profile [unoptimized + debuginfo] target(s) in 40.36s
  [2m2026-06-20T00:53:02.580236Z[0m [32m INFO[0m [1;32mrch::hook::transfer_orchestration[0m[32m: [32mRemote command finished: exit=0 in 41862ms[0m
    [2;3mat[0m rch/src/hook/transfer_orchestration.rs:653 [2;3mon[0m ThreadId(1)

  [2m2026-06-20T00:53:02.580479Z[0m [32m INFO[0m [1;32mrch::hook::transfer_orchestration[0m[32m: [32mRetrieving build artifacts...[0m
    [2;3mat[0m rch/src/hook/transfer_orchestration.rs:702 [2;3mon[0m ThreadId(1)

  [2m2026-06-20T00:53:02.580504Z[0m [32m INFO[0m [1;32mrch::transfer[0m[32m: [32mRetrieving artifacts from /data/projects/frankentorch on ovh-b[0m
    [2;3mat[0m rch/src/transfer.rs:2246 [2;3mon[0m ThreadId(1)

  [2m2026-06-20T00:53:04.232226Z[0m [32m INFO[0m [1;32mrch::transfer[0m[32m: [32mArtifacts retrieved in 1651ms (1 files, 1859 bytes)[0m
    [2;3mat[0m rch/src/transfer.rs:2301 [2;3mon[0m ThreadId(1)

  [2m2026-06-20T00:53:04.232245Z[0m [32m INFO[0m [1;32mrch::hook::transfer_orchestration[0m[32m: [32mArtifacts retrieved: 1 files, 1859 bytes in 1651ms[0m
    [2;3mat[0m rch/src/hook/transfer_orchestration.rs:735 [2;3mon[0m ThreadId(1)

[RCH] remote ovh-b (77.8s)
