  [2m2026-06-11T14:55:27.159640Z[0m [34mDEBUG[0m [1;34mrch::verbose[0m[34m: [34mverbose output enabled, [1;34mmode[0m[34m: Plain, [1;34mformat[0m[34m: json[0m
    [2;3mat[0m rch/src/main.rs:1722 [2;3mon[0m ThreadId(1)

  [2m2026-06-11T14:55:27.159811Z[0m [34mDEBUG[0m [1;34mrch::hook::config_cache[0m[34m: [34mconfig.cache.hit, [1;34mpath[0m[34m: /home/ubuntu/.cache/rch/config.cache.json, [1;34mbytes[0m[34m: 2928[0m
    [2;3mat[0m rch/src/config.rs:196 [2;3mon[0m ThreadId(1)

  [2m2026-06-11T14:55:27.159873Z[0m [34mDEBUG[0m [1;34mrch::hook[0m[34m: [34m[RCH] project identity normalization: received_input=/data/projects/frankentorch[0m
    [2;3mat[0m rch/src/hook.rs:2875 [2;3mon[0m ThreadId(1)

  [2m2026-06-11T14:55:27.159881Z[0m [34mDEBUG[0m [1;34mrch::hook[0m[34m: [34m[RCH] project identity normalization: verified_absolute_input=/data/projects/frankentorch[0m
    [2;3mat[0m rch/src/hook.rs:2875 [2;3mon[0m ThreadId(1)

  [2m2026-06-11T14:55:27.159885Z[0m [34mDEBUG[0m [1;34mrch::hook[0m[34m: [34m[RCH] project identity normalization: canonical_root_resolved=/data/projects[0m
    [2;3mat[0m rch/src/hook.rs:2875 [2;3mon[0m ThreadId(1)

  [2m2026-06-11T14:55:27.159890Z[0m [34mDEBUG[0m [1;34mrch::hook[0m[34m: [34m[RCH] project identity normalization: canonical_input_resolved=/data/projects/frankentorch[0m
    [2;3mat[0m rch/src/hook.rs:2875 [2;3mon[0m ThreadId(1)

  [2m2026-06-11T14:55:27.159894Z[0m [34mDEBUG[0m [1;34mrch::hook[0m[34m: [34m[RCH] project identity normalization: verified_within_root=/data/projects/frankentorch root=/data/projects[0m
    [2;3mat[0m rch/src/hook.rs:2875 [2;3mon[0m ThreadId(1)

  [2m2026-06-11T14:55:27.160459Z[0m [32m INFO[0m [1;32mrch::hook[0m[32m: [32mSelected worker: vmi1227854 at root@109.123.245.77 (0 slots remaining after reservation, speed 50.0)[0m
    [2;3mat[0m rch/src/hook.rs:514 [2;3mon[0m ThreadId(1)

  [2m2026-06-11T14:55:27.476400Z[0m [32m INFO[0m [1;32mrch::hook[0m[32m: [32mStarting remote compilation pipeline for frankentorch (hash: 3d6dc0f5ca5d2899)[0m
    [2;3mat[0m rch/src/hook.rs:5994 [2;3mon[0m ThreadId(1)

  [2m2026-06-11T14:55:27.476454Z[0m [32m INFO[0m [1;32mrch::hook[0m[32m: [32mPrepared dependency sync manifest for 13 roots[0m
    [2;3mat[0m rch/src/hook.rs:6016 [2;3mon[0m ThreadId(1)

  [2m2026-06-11T14:55:29.310735Z[0m [32m INFO[0m [1;32mrch::hook[0m[32m: [32mSyncing project to worker vmi1227854...[0m
    [2;3mat[0m rch/src/hook.rs:6046 [2;3mon[0m ThreadId(1)

  [2m2026-06-11T14:55:29.310839Z[0m [34mDEBUG[0m [1;34mrch::transfer[0m[34m: [34mRewriting legacy broad exclude pattern '.core.*' to '.core.[0-9]*'[0m
    [2;3mat[0m rch/src/transfer.rs:769 [2;3mon[0m ThreadId(1)

  [2m2026-06-11T14:55:29.310846Z[0m [34mDEBUG[0m [1;34mrch::transfer[0m[34m: [34mRewriting legacy broad exclude pattern '.git/objects/' to '.git/'[0m
    [2;3mat[0m rch/src/transfer.rs:769 [2;3mon[0m ThreadId(1)

  [2m2026-06-11T14:55:29.310852Z[0m [34mDEBUG[0m [1;34mrch::transfer[0m[34m: [34mRewriting legacy broad exclude pattern 'core.*' to 'core.[0-9]*'[0m
    [2;3mat[0m rch/src/transfer.rs:769 [2;3mon[0m ThreadId(1)

  [2m2026-06-11T14:55:29.310870Z[0m [32m INFO[0m [1;32mrch::transfer[0m[32m: [32mSyncing /data/projects/frankentorch -> /data/projects/frankentorch on vmi1227854[0m
    [2;3mat[0m rch/src/transfer.rs:1434 [2;3mon[0m ThreadId(1)

  [2m2026-06-11T14:55:29.310874Z[0m [34mDEBUG[0m [1;34mrch::transfer[0m[34m: [34mEffective exclude patterns: ["*.rlib", "*.rmeta", ".beads/", ".bun/", ".rch-target-*/", ".rch-target*/", ".cargo-target-*/", ".cargo-target-rusticmill/", ".cargo-target/", ".core.[0-9]*", ".git/", ".next/", ".npm/", ".nuxt/", ".nyc_output/", ".parcel-cache/", ".pnpm-store/", ".turbo/", "build/", "core.[0-9]*", "coverage/", "dist/", "legacy_python_mcp_agent_mail_code/mcp_agent_mail/.venv/", "node_modules/", "perf.data", "perf.data.old", "perf_hsmm.data", "perf_hsmm.data.old", "process_triage/", "sample_sqlite_db_files/", "target-*/", "target/", "target_*/", "tests/artifacts/", "baselines/hyperfine/", ".rch-target/", ".rch-tmp/", ".franken_whisper/tools/ffmpeg/"][0m
    [2;3mat[0m rch/src/transfer.rs:1441 [2;3mon[0m ThreadId(1)

  [2m2026-06-11T14:55:38.731941Z[0m [32m INFO[0m [1;32mrch::transfer[0m[32m: [32mSync completed in 9421ms[0m
    [2;3mat[0m rch/src/transfer.rs:1503 [2;3mon[0m ThreadId(1)

  [2m2026-06-11T14:55:38.732052Z[0m [34mDEBUG[0m [1;34mrch::transfer[0m[34m: [34mRewriting legacy broad exclude pattern '.core.*' to '.core.[0-9]*'[0m
    [2;3mat[0m rch/src/transfer.rs:769 [2;3mon[0m ThreadId(1)

  [2m2026-06-11T14:55:38.732060Z[0m [34mDEBUG[0m [1;34mrch::transfer[0m[34m: [34mRewriting legacy broad exclude pattern '.git/objects/' to '.git/'[0m
    [2;3mat[0m rch/src/transfer.rs:769 [2;3mon[0m ThreadId(1)

  [2m2026-06-11T14:55:38.732067Z[0m [34mDEBUG[0m [1;34mrch::transfer[0m[34m: [34mRewriting legacy broad exclude pattern 'core.*' to 'core.[0-9]*'[0m
    [2;3mat[0m rch/src/transfer.rs:769 [2;3mon[0m ThreadId(1)

  [2m2026-06-11T14:55:38.732088Z[0m [32m INFO[0m [1;32mrch::transfer[0m[32m: [32mSyncing /data/projects/frankentorch/crates/ft-api -> /data/projects/frankentorch/crates/ft-api on vmi1227854[0m
    [2;3mat[0m rch/src/transfer.rs:1434 [2;3mon[0m ThreadId(1)

  [2m2026-06-11T14:55:38.732094Z[0m [34mDEBUG[0m [1;34mrch::transfer[0m[34m: [34mEffective exclude patterns: ["*.rlib", "*.rmeta", ".beads/", ".bun/", ".rch-target-*/", ".rch-target*/", ".cargo-target-*/", ".cargo-target-rusticmill/", ".cargo-target/", ".core.[0-9]*", ".git/", ".next/", ".npm/", ".nuxt/", ".nyc_output/", ".parcel-cache/", ".pnpm-store/", ".turbo/", "build/", "core.[0-9]*", "coverage/", "dist/", "legacy_python_mcp_agent_mail_code/mcp_agent_mail/.venv/", "node_modules/", "perf.data", "perf.data.old", "perf_hsmm.data", "perf_hsmm.data.old", "process_triage/", "sample_sqlite_db_files/", "target-*/", "target/", "target_*/", "tests/artifacts/", "baselines/hyperfine/", ".rch-target/", ".rch-tmp/", ".franken_whisper/tools/ffmpeg/"][0m
    [2;3mat[0m rch/src/transfer.rs:1441 [2;3mon[0m ThreadId(1)

  [2m2026-06-11T14:55:40.756162Z[0m [32m INFO[0m [1;32mrch::transfer[0m[32m: [32mSync completed in 2024ms[0m
    [2;3mat[0m rch/src/transfer.rs:1503 [2;3mon[0m ThreadId(1)

  [2m2026-06-11T14:55:40.756272Z[0m [34mDEBUG[0m [1;34mrch::transfer[0m[34m: [34mRewriting legacy broad exclude pattern '.core.*' to '.core.[0-9]*'[0m
    [2;3mat[0m rch/src/transfer.rs:769 [2;3mon[0m ThreadId(1)

  [2m2026-06-11T14:55:40.756280Z[0m [34mDEBUG[0m [1;34mrch::transfer[0m[34m: [34mRewriting legacy broad exclude pattern '.git/objects/' to '.git/'[0m
    [2;3mat[0m rch/src/transfer.rs:769 [2;3mon[0m ThreadId(1)

  [2m2026-06-11T14:55:40.756287Z[0m [34mDEBUG[0m [1;34mrch::transfer[0m[34m: [34mRewriting legacy broad exclude pattern 'core.*' to 'core.[0-9]*'[0m
    [2;3mat[0m rch/src/transfer.rs:769 [2;3mon[0m ThreadId(1)

  [2m2026-06-11T14:55:40.756310Z[0m [32m INFO[0m [1;32mrch::transfer[0m[32m: [32mSyncing /data/projects/frankentorch/crates/ft-autograd -> /data/projects/frankentorch/crates/ft-autograd on vmi1227854[0m
    [2;3mat[0m rch/src/transfer.rs:1434 [2;3mon[0m ThreadId(1)

  [2m2026-06-11T14:55:40.756316Z[0m [34mDEBUG[0m [1;34mrch::transfer[0m[34m: [34mEffective exclude patterns: ["*.rlib", "*.rmeta", ".beads/", ".bun/", ".rch-target-*/", ".rch-target*/", ".cargo-target-*/", ".cargo-target-rusticmill/", ".cargo-target/", ".core.[0-9]*", ".git/", ".next/", ".npm/", ".nuxt/", ".nyc_output/", ".parcel-cache/", ".pnpm-store/", ".turbo/", "build/", "core.[0-9]*", "coverage/", "dist/", "legacy_python_mcp_agent_mail_code/mcp_agent_mail/.venv/", "node_modules/", "perf.data", "perf.data.old", "perf_hsmm.data", "perf_hsmm.data.old", "process_triage/", "sample_sqlite_db_files/", "target-*/", "target/", "target_*/", "tests/artifacts/", "baselines/hyperfine/", ".rch-target/", ".rch-tmp/", ".franken_whisper/tools/ffmpeg/"][0m
    [2;3mat[0m rch/src/transfer.rs:1441 [2;3mon[0m ThreadId(1)

  [2m2026-06-11T14:55:42.689306Z[0m [32m INFO[0m [1;32mrch::transfer[0m[32m: [32mSync completed in 1932ms[0m
    [2;3mat[0m rch/src/transfer.rs:1503 [2;3mon[0m ThreadId(1)

  [2m2026-06-11T14:55:42.689437Z[0m [34mDEBUG[0m [1;34mrch::transfer[0m[34m: [34mRewriting legacy broad exclude pattern '.core.*' to '.core.[0-9]*'[0m
    [2;3mat[0m rch/src/transfer.rs:769 [2;3mon[0m ThreadId(1)

  [2m2026-06-11T14:55:42.689448Z[0m [34mDEBUG[0m [1;34mrch::transfer[0m[34m: [34mRewriting legacy broad exclude pattern '.git/objects/' to '.git/'[0m
    [2;3mat[0m rch/src/transfer.rs:769 [2;3mon[0m ThreadId(1)

  [2m2026-06-11T14:55:42.689456Z[0m [34mDEBUG[0m [1;34mrch::transfer[0m[34m: [34mRewriting legacy broad exclude pattern 'core.*' to 'core.[0-9]*'[0m
    [2;3mat[0m rch/src/transfer.rs:769 [2;3mon[0m ThreadId(1)

  [2m2026-06-11T14:55:42.689482Z[0m [32m INFO[0m [1;32mrch::transfer[0m[32m: [32mSyncing /data/projects/frankentorch/crates/ft-conformance -> /data/projects/frankentorch/crates/ft-conformance on vmi1227854[0m
    [2;3mat[0m rch/src/transfer.rs:1434 [2;3mon[0m ThreadId(1)

  [2m2026-06-11T14:55:42.689489Z[0m [34mDEBUG[0m [1;34mrch::transfer[0m[34m: [34mEffective exclude patterns: ["*.rlib", "*.rmeta", ".beads/", ".bun/", ".rch-target-*/", ".rch-target*/", ".cargo-target-*/", ".cargo-target-rusticmill/", ".cargo-target/", ".core.[0-9]*", ".git/", ".next/", ".npm/", ".nuxt/", ".nyc_output/", ".parcel-cache/", ".pnpm-store/", ".turbo/", "build/", "core.[0-9]*", "coverage/", "dist/", "legacy_python_mcp_agent_mail_code/mcp_agent_mail/.venv/", "node_modules/", "perf.data", "perf.data.old", "perf_hsmm.data", "perf_hsmm.data.old", "process_triage/", "sample_sqlite_db_files/", "target-*/", "target/", "target_*/", "tests/artifacts/", "baselines/hyperfine/", ".rch-target/", ".rch-tmp/", ".franken_whisper/tools/ffmpeg/"][0m
    [2;3mat[0m rch/src/transfer.rs:1441 [2;3mon[0m ThreadId(1)

  [2m2026-06-11T14:55:44.787859Z[0m [32m INFO[0m [1;32mrch::transfer[0m[32m: [32mSync completed in 2098ms[0m
    [2;3mat[0m rch/src/transfer.rs:1503 [2;3mon[0m ThreadId(1)

  [2m2026-06-11T14:55:44.787963Z[0m [34mDEBUG[0m [1;34mrch::transfer[0m[34m: [34mRewriting legacy broad exclude pattern '.core.*' to '.core.[0-9]*'[0m
    [2;3mat[0m rch/src/transfer.rs:769 [2;3mon[0m ThreadId(1)

  [2m2026-06-11T14:55:44.787971Z[0m [34mDEBUG[0m [1;34mrch::transfer[0m[34m: [34mRewriting legacy broad exclude pattern '.git/objects/' to '.git/'[0m
    [2;3mat[0m rch/src/transfer.rs:769 [2;3mon[0m ThreadId(1)

  [2m2026-06-11T14:55:44.787978Z[0m [34mDEBUG[0m [1;34mrch::transfer[0m[34m: [34mRewriting legacy broad exclude pattern 'core.*' to 'core.[0-9]*'[0m
    [2;3mat[0m rch/src/transfer.rs:769 [2;3mon[0m ThreadId(1)

  [2m2026-06-11T14:55:44.787998Z[0m [32m INFO[0m [1;32mrch::transfer[0m[32m: [32mSyncing /data/projects/frankentorch/crates/ft-core -> /data/projects/frankentorch/crates/ft-core on vmi1227854[0m
    [2;3mat[0m rch/src/transfer.rs:1434 [2;3mon[0m ThreadId(1)

  [2m2026-06-11T14:55:44.788003Z[0m [34mDEBUG[0m [1;34mrch::transfer[0m[34m: [34mEffective exclude patterns: ["*.rlib", "*.rmeta", ".beads/", ".bun/", ".rch-target-*/", ".rch-target*/", ".cargo-target-*/", ".cargo-target-rusticmill/", ".cargo-target/", ".core.[0-9]*", ".git/", ".next/", ".npm/", ".nuxt/", ".nyc_output/", ".parcel-cache/", ".pnpm-store/", ".turbo/", "build/", "core.[0-9]*", "coverage/", "dist/", "legacy_python_mcp_agent_mail_code/mcp_agent_mail/.venv/", "node_modules/", "perf.data", "perf.data.old", "perf_hsmm.data", "perf_hsmm.data.old", "process_triage/", "sample_sqlite_db_files/", "target-*/", "target/", "target_*/", "tests/artifacts/", "baselines/hyperfine/", ".rch-target/", ".rch-tmp/", ".franken_whisper/tools/ffmpeg/"][0m
    [2;3mat[0m rch/src/transfer.rs:1441 [2;3mon[0m ThreadId(1)

  [2m2026-06-11T14:55:46.773197Z[0m [32m INFO[0m [1;32mrch::transfer[0m[32m: [32mSync completed in 1985ms[0m
    [2;3mat[0m rch/src/transfer.rs:1503 [2;3mon[0m ThreadId(1)

  [2m2026-06-11T14:55:46.773310Z[0m [34mDEBUG[0m [1;34mrch::transfer[0m[34m: [34mRewriting legacy broad exclude pattern '.core.*' to '.core.[0-9]*'[0m
    [2;3mat[0m rch/src/transfer.rs:769 [2;3mon[0m ThreadId(1)

  [2m2026-06-11T14:55:46.773318Z[0m [34mDEBUG[0m [1;34mrch::transfer[0m[34m: [34mRewriting legacy broad exclude pattern '.git/objects/' to '.git/'[0m
    [2;3mat[0m rch/src/transfer.rs:769 [2;3mon[0m ThreadId(1)

  [2m2026-06-11T14:55:46.773326Z[0m [34mDEBUG[0m [1;34mrch::transfer[0m[34m: [34mRewriting legacy broad exclude pattern 'core.*' to 'core.[0-9]*'[0m
    [2;3mat[0m rch/src/transfer.rs:769 [2;3mon[0m ThreadId(1)

  [2m2026-06-11T14:55:46.773348Z[0m [32m INFO[0m [1;32mrch::transfer[0m[32m: [32mSyncing /data/projects/frankentorch/crates/ft-data -> /data/projects/frankentorch/crates/ft-data on vmi1227854[0m
    [2;3mat[0m rch/src/transfer.rs:1434 [2;3mon[0m ThreadId(1)

  [2m2026-06-11T14:55:46.773353Z[0m [34mDEBUG[0m [1;34mrch::transfer[0m[34m: [34mEffective exclude patterns: ["*.rlib", "*.rmeta", ".beads/", ".bun/", ".rch-target-*/", ".rch-target*/", ".cargo-target-*/", ".cargo-target-rusticmill/", ".cargo-target/", ".core.[0-9]*", ".git/", ".next/", ".npm/", ".nuxt/", ".nyc_output/", ".parcel-cache/", ".pnpm-store/", ".turbo/", "build/", "core.[0-9]*", "coverage/", "dist/", "legacy_python_mcp_agent_mail_code/mcp_agent_mail/.venv/", "node_modules/", "perf.data", "perf.data.old", "perf_hsmm.data", "perf_hsmm.data.old", "process_triage/", "sample_sqlite_db_files/", "target-*/", "target/", "target_*/", "tests/artifacts/", "baselines/hyperfine/", ".rch-target/", ".rch-tmp/", ".franken_whisper/tools/ffmpeg/"][0m
    [2;3mat[0m rch/src/transfer.rs:1441 [2;3mon[0m ThreadId(1)

  [2m2026-06-11T14:55:48.998571Z[0m [32m INFO[0m [1;32mrch::transfer[0m[32m: [32mSync completed in 2225ms[0m
    [2;3mat[0m rch/src/transfer.rs:1503 [2;3mon[0m ThreadId(1)

  [2m2026-06-11T14:55:48.998673Z[0m [34mDEBUG[0m [1;34mrch::transfer[0m[34m: [34mRewriting legacy broad exclude pattern '.core.*' to '.core.[0-9]*'[0m
    [2;3mat[0m rch/src/transfer.rs:769 [2;3mon[0m ThreadId(1)

  [2m2026-06-11T14:55:48.998682Z[0m [34mDEBUG[0m [1;34mrch::transfer[0m[34m: [34mRewriting legacy broad exclude pattern '.git/objects/' to '.git/'[0m
    [2;3mat[0m rch/src/transfer.rs:769 [2;3mon[0m ThreadId(1)

  [2m2026-06-11T14:55:48.998689Z[0m [34mDEBUG[0m [1;34mrch::transfer[0m[34m: [34mRewriting legacy broad exclude pattern 'core.*' to 'core.[0-9]*'[0m
    [2;3mat[0m rch/src/transfer.rs:769 [2;3mon[0m ThreadId(1)

  [2m2026-06-11T14:55:48.998711Z[0m [32m INFO[0m [1;32mrch::transfer[0m[32m: [32mSyncing /data/projects/frankentorch/crates/ft-device -> /data/projects/frankentorch/crates/ft-device on vmi1227854[0m
    [2;3mat[0m rch/src/transfer.rs:1434 [2;3mon[0m ThreadId(1)

  [2m2026-06-11T14:55:48.998717Z[0m [34mDEBUG[0m [1;34mrch::transfer[0m[34m: [34mEffective exclude patterns: ["*.rlib", "*.rmeta", ".beads/", ".bun/", ".rch-target-*/", ".rch-target*/", ".cargo-target-*/", ".cargo-target-rusticmill/", ".cargo-target/", ".core.[0-9]*", ".git/", ".next/", ".npm/", ".nuxt/", ".nyc_output/", ".parcel-cache/", ".pnpm-store/", ".turbo/", "build/", "core.[0-9]*", "coverage/", "dist/", "legacy_python_mcp_agent_mail_code/mcp_agent_mail/.venv/", "node_modules/", "perf.data", "perf.data.old", "perf_hsmm.data", "perf_hsmm.data.old", "process_triage/", "sample_sqlite_db_files/", "target-*/", "target/", "target_*/", "tests/artifacts/", "baselines/hyperfine/", ".rch-target/", ".rch-tmp/", ".franken_whisper/tools/ffmpeg/"][0m
    [2;3mat[0m rch/src/transfer.rs:1441 [2;3mon[0m ThreadId(1)

  [2m2026-06-11T14:55:51.083682Z[0m [32m INFO[0m [1;32mrch::transfer[0m[32m: [32mSync completed in 2084ms[0m
    [2;3mat[0m rch/src/transfer.rs:1503 [2;3mon[0m ThreadId(1)

  [2m2026-06-11T14:55:51.083786Z[0m [34mDEBUG[0m [1;34mrch::transfer[0m[34m: [34mRewriting legacy broad exclude pattern '.core.*' to '.core.[0-9]*'[0m
    [2;3mat[0m rch/src/transfer.rs:769 [2;3mon[0m ThreadId(1)

  [2m2026-06-11T14:55:51.083803Z[0m [34mDEBUG[0m [1;34mrch::transfer[0m[34m: [34mRewriting legacy broad exclude pattern '.git/objects/' to '.git/'[0m
    [2;3mat[0m rch/src/transfer.rs:769 [2;3mon[0m ThreadId(1)

  [2m2026-06-11T14:55:51.083810Z[0m [34mDEBUG[0m [1;34mrch::transfer[0m[34m: [34mRewriting legacy broad exclude pattern 'core.*' to 'core.[0-9]*'[0m
    [2;3mat[0m rch/src/transfer.rs:769 [2;3mon[0m ThreadId(1)

  [2m2026-06-11T14:55:51.083831Z[0m [32m INFO[0m [1;32mrch::transfer[0m[32m: [32mSyncing /data/projects/frankentorch/crates/ft-dispatch -> /data/projects/frankentorch/crates/ft-dispatch on vmi1227854[0m
    [2;3mat[0m rch/src/transfer.rs:1434 [2;3mon[0m ThreadId(1)

  [2m2026-06-11T14:55:51.083837Z[0m [34mDEBUG[0m [1;34mrch::transfer[0m[34m: [34mEffective exclude patterns: ["*.rlib", "*.rmeta", ".beads/", ".bun/", ".rch-target-*/", ".rch-target*/", ".cargo-target-*/", ".cargo-target-rusticmill/", ".cargo-target/", ".core.[0-9]*", ".git/", ".next/", ".npm/", ".nuxt/", ".nyc_output/", ".parcel-cache/", ".pnpm-store/", ".turbo/", "build/", "core.[0-9]*", "coverage/", "dist/", "legacy_python_mcp_agent_mail_code/mcp_agent_mail/.venv/", "node_modules/", "perf.data", "perf.data.old", "perf_hsmm.data", "perf_hsmm.data.old", "process_triage/", "sample_sqlite_db_files/", "target-*/", "target/", "target_*/", "tests/artifacts/", "baselines/hyperfine/", ".rch-target/", ".rch-tmp/", ".franken_whisper/tools/ffmpeg/"][0m
    [2;3mat[0m rch/src/transfer.rs:1441 [2;3mon[0m ThreadId(1)

  [2m2026-06-11T14:55:53.162825Z[0m [32m INFO[0m [1;32mrch::transfer[0m[32m: [32mSync completed in 2078ms[0m
    [2;3mat[0m rch/src/transfer.rs:1503 [2;3mon[0m ThreadId(1)

  [2m2026-06-11T14:55:53.162973Z[0m [34mDEBUG[0m [1;34mrch::transfer[0m[34m: [34mRewriting legacy broad exclude pattern '.core.*' to '.core.[0-9]*'[0m
    [2;3mat[0m rch/src/transfer.rs:769 [2;3mon[0m ThreadId(1)

  [2m2026-06-11T14:55:53.162988Z[0m [34mDEBUG[0m [1;34mrch::transfer[0m[34m: [34mRewriting legacy broad exclude pattern '.git/objects/' to '.git/'[0m
    [2;3mat[0m rch/src/transfer.rs:769 [2;3mon[0m ThreadId(1)

  [2m2026-06-11T14:55:53.162998Z[0m [34mDEBUG[0m [1;34mrch::transfer[0m[34m: [34mRewriting legacy broad exclude pattern 'core.*' to 'core.[0-9]*'[0m
    [2;3mat[0m rch/src/transfer.rs:769 [2;3mon[0m ThreadId(1)

  [2m2026-06-11T14:55:53.163027Z[0m [32m INFO[0m [1;32mrch::transfer[0m[32m: [32mSyncing /data/projects/frankentorch/crates/ft-kernel-cpu -> /data/projects/frankentorch/crates/ft-kernel-cpu on vmi1227854[0m
    [2;3mat[0m rch/src/transfer.rs:1434 [2;3mon[0m ThreadId(1)

  [2m2026-06-11T14:55:53.163036Z[0m [34mDEBUG[0m [1;34mrch::transfer[0m[34m: [34mEffective exclude patterns: ["*.rlib", "*.rmeta", ".beads/", ".bun/", ".rch-target-*/", ".rch-target*/", ".cargo-target-*/", ".cargo-target-rusticmill/", ".cargo-target/", ".core.[0-9]*", ".git/", ".next/", ".npm/", ".nuxt/", ".nyc_output/", ".parcel-cache/", ".pnpm-store/", ".turbo/", "build/", "core.[0-9]*", "coverage/", "dist/", "legacy_python_mcp_agent_mail_code/mcp_agent_mail/.venv/", "node_modules/", "perf.data", "perf.data.old", "perf_hsmm.data", "perf_hsmm.data.old", "process_triage/", "sample_sqlite_db_files/", "target-*/", "target/", "target_*/", "tests/artifacts/", "baselines/hyperfine/", ".rch-target/", ".rch-tmp/", ".franken_whisper/tools/ffmpeg/"][0m
    [2;3mat[0m rch/src/transfer.rs:1441 [2;3mon[0m ThreadId(1)

  [2m2026-06-11T14:55:55.550440Z[0m [32m INFO[0m [1;32mrch::transfer[0m[32m: [32mSync completed in 2387ms[0m
    [2;3mat[0m rch/src/transfer.rs:1503 [2;3mon[0m ThreadId(1)

  [2m2026-06-11T14:55:55.550555Z[0m [34mDEBUG[0m [1;34mrch::transfer[0m[34m: [34mRewriting legacy broad exclude pattern '.core.*' to '.core.[0-9]*'[0m
    [2;3mat[0m rch/src/transfer.rs:769 [2;3mon[0m ThreadId(1)

  [2m2026-06-11T14:55:55.550569Z[0m [34mDEBUG[0m [1;34mrch::transfer[0m[34m: [34mRewriting legacy broad exclude pattern '.git/objects/' to '.git/'[0m
    [2;3mat[0m rch/src/transfer.rs:769 [2;3mon[0m ThreadId(1)

  [2m2026-06-11T14:55:55.550575Z[0m [34mDEBUG[0m [1;34mrch::transfer[0m[34m: [34mRewriting legacy broad exclude pattern 'core.*' to 'core.[0-9]*'[0m
    [2;3mat[0m rch/src/transfer.rs:769 [2;3mon[0m ThreadId(1)

  [2m2026-06-11T14:55:55.550596Z[0m [32m INFO[0m [1;32mrch::transfer[0m[32m: [32mSyncing /data/projects/frankentorch/crates/ft-nn -> /data/projects/frankentorch/crates/ft-nn on vmi1227854[0m
    [2;3mat[0m rch/src/transfer.rs:1434 [2;3mon[0m ThreadId(1)

  [2m2026-06-11T14:55:55.550601Z[0m [34mDEBUG[0m [1;34mrch::transfer[0m[34m: [34mEffective exclude patterns: ["*.rlib", "*.rmeta", ".beads/", ".bun/", ".rch-target-*/", ".rch-target*/", ".cargo-target-*/", ".cargo-target-rusticmill/", ".cargo-target/", ".core.[0-9]*", ".git/", ".next/", ".npm/", ".nuxt/", ".nyc_output/", ".parcel-cache/", ".pnpm-store/", ".turbo/", "build/", "core.[0-9]*", "coverage/", "dist/", "legacy_python_mcp_agent_mail_code/mcp_agent_mail/.venv/", "node_modules/", "perf.data", "perf.data.old", "perf_hsmm.data", "perf_hsmm.data.old", "process_triage/", "sample_sqlite_db_files/", "target-*/", "target/", "target_*/", "tests/artifacts/", "baselines/hyperfine/", ".rch-target/", ".rch-tmp/", ".franken_whisper/tools/ffmpeg/"][0m
    [2;3mat[0m rch/src/transfer.rs:1441 [2;3mon[0m ThreadId(1)

  [2m2026-06-11T14:55:57.559351Z[0m [32m INFO[0m [1;32mrch::transfer[0m[32m: [32mSync completed in 2008ms[0m
    [2;3mat[0m rch/src/transfer.rs:1503 [2;3mon[0m ThreadId(1)

  [2m2026-06-11T14:55:57.559495Z[0m [34mDEBUG[0m [1;34mrch::transfer[0m[34m: [34mRewriting legacy broad exclude pattern '.core.*' to '.core.[0-9]*'[0m
    [2;3mat[0m rch/src/transfer.rs:769 [2;3mon[0m ThreadId(1)

  [2m2026-06-11T14:55:57.559513Z[0m [34mDEBUG[0m [1;34mrch::transfer[0m[34m: [34mRewriting legacy broad exclude pattern '.git/objects/' to '.git/'[0m
    [2;3mat[0m rch/src/transfer.rs:769 [2;3mon[0m ThreadId(1)

  [2m2026-06-11T14:55:57.559522Z[0m [34mDEBUG[0m [1;34mrch::transfer[0m[34m: [34mRewriting legacy broad exclude pattern 'core.*' to 'core.[0-9]*'[0m
    [2;3mat[0m rch/src/transfer.rs:769 [2;3mon[0m ThreadId(1)

  [2m2026-06-11T14:55:57.559547Z[0m [32m INFO[0m [1;32mrch::transfer[0m[32m: [32mSyncing /data/projects/frankentorch/crates/ft-optim -> /data/projects/frankentorch/crates/ft-optim on vmi1227854[0m
    [2;3mat[0m rch/src/transfer.rs:1434 [2;3mon[0m ThreadId(1)

  [2m2026-06-11T14:55:57.559554Z[0m [34mDEBUG[0m [1;34mrch::transfer[0m[34m: [34mEffective exclude patterns: ["*.rlib", "*.rmeta", ".beads/", ".bun/", ".rch-target-*/", ".rch-target*/", ".cargo-target-*/", ".cargo-target-rusticmill/", ".cargo-target/", ".core.[0-9]*", ".git/", ".next/", ".npm/", ".nuxt/", ".nyc_output/", ".parcel-cache/", ".pnpm-store/", ".turbo/", "build/", "core.[0-9]*", "coverage/", "dist/", "legacy_python_mcp_agent_mail_code/mcp_agent_mail/.venv/", "node_modules/", "perf.data", "perf.data.old", "perf_hsmm.data", "perf_hsmm.data.old", "process_triage/", "sample_sqlite_db_files/", "target-*/", "target/", "target_*/", "tests/artifacts/", "baselines/hyperfine/", ".rch-target/", ".rch-tmp/", ".franken_whisper/tools/ffmpeg/"][0m
    [2;3mat[0m rch/src/transfer.rs:1441 [2;3mon[0m ThreadId(1)

  [2m2026-06-11T14:55:59.841461Z[0m [32m INFO[0m [1;32mrch::transfer[0m[32m: [32mSync completed in 2281ms[0m
    [2;3mat[0m rch/src/transfer.rs:1503 [2;3mon[0m ThreadId(1)

  [2m2026-06-11T14:55:59.841563Z[0m [34mDEBUG[0m [1;34mrch::transfer[0m[34m: [34mRewriting legacy broad exclude pattern '.core.*' to '.core.[0-9]*'[0m
    [2;3mat[0m rch/src/transfer.rs:769 [2;3mon[0m ThreadId(1)

  [2m2026-06-11T14:55:59.841573Z[0m [34mDEBUG[0m [1;34mrch::transfer[0m[34m: [34mRewriting legacy broad exclude pattern '.git/objects/' to '.git/'[0m
    [2;3mat[0m rch/src/transfer.rs:769 [2;3mon[0m ThreadId(1)

  [2m2026-06-11T14:55:59.841586Z[0m [34mDEBUG[0m [1;34mrch::transfer[0m[34m: [34mRewriting legacy broad exclude pattern 'core.*' to 'core.[0-9]*'[0m
    [2;3mat[0m rch/src/transfer.rs:769 [2;3mon[0m ThreadId(1)

  [2m2026-06-11T14:55:59.841606Z[0m [32m INFO[0m [1;32mrch::transfer[0m[32m: [32mSyncing /data/projects/frankentorch/crates/ft-runtime -> /data/projects/frankentorch/crates/ft-runtime on vmi1227854[0m
    [2;3mat[0m rch/src/transfer.rs:1434 [2;3mon[0m ThreadId(1)

  [2m2026-06-11T14:55:59.841612Z[0m [34mDEBUG[0m [1;34mrch::transfer[0m[34m: [34mEffective exclude patterns: ["*.rlib", "*.rmeta", ".beads/", ".bun/", ".rch-target-*/", ".rch-target*/", ".cargo-target-*/", ".cargo-target-rusticmill/", ".cargo-target/", ".core.[0-9]*", ".git/", ".next/", ".npm/", ".nuxt/", ".nyc_output/", ".parcel-cache/", ".pnpm-store/", ".turbo/", "build/", "core.[0-9]*", "coverage/", "dist/", "legacy_python_mcp_agent_mail_code/mcp_agent_mail/.venv/", "node_modules/", "perf.data", "perf.data.old", "perf_hsmm.data", "perf_hsmm.data.old", "process_triage/", "sample_sqlite_db_files/", "target-*/", "target/", "target_*/", "tests/artifacts/", "baselines/hyperfine/", ".rch-target/", ".rch-tmp/", ".franken_whisper/tools/ffmpeg/"][0m
    [2;3mat[0m rch/src/transfer.rs:1441 [2;3mon[0m ThreadId(1)

  [2m2026-06-11T14:56:02.104471Z[0m [32m INFO[0m [1;32mrch::transfer[0m[32m: [32mSync completed in 2262ms[0m
    [2;3mat[0m rch/src/transfer.rs:1503 [2;3mon[0m ThreadId(1)

  [2m2026-06-11T14:56:02.104584Z[0m [34mDEBUG[0m [1;34mrch::transfer[0m[34m: [34mRewriting legacy broad exclude pattern '.core.*' to '.core.[0-9]*'[0m
    [2;3mat[0m rch/src/transfer.rs:769 [2;3mon[0m ThreadId(1)

  [2m2026-06-11T14:56:02.104592Z[0m [34mDEBUG[0m [1;34mrch::transfer[0m[34m: [34mRewriting legacy broad exclude pattern '.git/objects/' to '.git/'[0m
    [2;3mat[0m rch/src/transfer.rs:769 [2;3mon[0m ThreadId(1)

  [2m2026-06-11T14:56:02.104600Z[0m [34mDEBUG[0m [1;34mrch::transfer[0m[34m: [34mRewriting legacy broad exclude pattern 'core.*' to 'core.[0-9]*'[0m
    [2;3mat[0m rch/src/transfer.rs:769 [2;3mon[0m ThreadId(1)

  [2m2026-06-11T14:56:02.104622Z[0m [32m INFO[0m [1;32mrch::transfer[0m[32m: [32mSyncing /data/projects/frankentorch/crates/ft-serialize -> /data/projects/frankentorch/crates/ft-serialize on vmi1227854[0m
    [2;3mat[0m rch/src/transfer.rs:1434 [2;3mon[0m ThreadId(1)

  [2m2026-06-11T14:56:02.104628Z[0m [34mDEBUG[0m [1;34mrch::transfer[0m[34m: [34mEffective exclude patterns: ["*.rlib", "*.rmeta", ".beads/", ".bun/", ".rch-target-*/", ".rch-target*/", ".cargo-target-*/", ".cargo-target-rusticmill/", ".cargo-target/", ".core.[0-9]*", ".git/", ".next/", ".npm/", ".nuxt/", ".nyc_output/", ".parcel-cache/", ".pnpm-store/", ".turbo/", "build/", "core.[0-9]*", "coverage/", "dist/", "legacy_python_mcp_agent_mail_code/mcp_agent_mail/.venv/", "node_modules/", "perf.data", "perf.data.old", "perf_hsmm.data", "perf_hsmm.data.old", "process_triage/", "sample_sqlite_db_files/", "target-*/", "target/", "target_*/", "tests/artifacts/", "baselines/hyperfine/", ".rch-target/", ".rch-tmp/", ".franken_whisper/tools/ffmpeg/"][0m
    [2;3mat[0m rch/src/transfer.rs:1441 [2;3mon[0m ThreadId(1)

  [2m2026-06-11T14:56:04.504740Z[0m [32m INFO[0m [1;32mrch::transfer[0m[32m: [32mSync completed in 2400ms[0m
    [2;3mat[0m rch/src/transfer.rs:1503 [2;3mon[0m ThreadId(1)

  [2m2026-06-11T14:56:04.504822Z[0m [32m INFO[0m [1;32mrch::hook[0m[32m: [32mSync complete: 51685 files, 1865393 bytes in 35185ms[0m
    [2;3mat[0m rch/src/hook.rs:6209 [2;3mon[0m ThreadId(1)

  [2m2026-06-11T14:56:04.504848Z[0m [34mDEBUG[0m [1;34mrch_common::ssh[0m[34m: [34mConnecting to root@109.123.245.77 via SSH...[0m
    [2;3mat[0m rch-common/src/ssh.rs:183 [2;3mon[0m ThreadId(1)

  [2m2026-06-11T14:56:05.462515Z[0m [34mDEBUG[0m [1;34mrch_common::ssh[0m[34m: [34mConnected to vmi1227854 (109.123.245.77)[0m
    [2;3mat[0m rch-common/src/ssh.rs:212 [2;3mon[0m ThreadId(1)

  [2m2026-06-11T14:56:05.462568Z[0m [34mDEBUG[0m [1;34mrch_common::ssh[0m[34m: [34mExecuting on vmi1227854: nohup sh -c 'cd "/data/projects/frankentorch" 2>/dev/null || exit 0; for d in .rch-target-*-job-* .rch-target-*-pid-*; do [ -d "$d" ] || continue; [ "$d" = ".rch-target-vmi1227854-job-29879662679166320-1781189729310726752-0" ] && continue; if find "$d" -mmin -720 -print -quit 2>/dev/null | grep -q .; then continue; fi; rm -rf -- "$d" 2>/dev/null; done' >/dev/null 2>&1 &[0m
    [2;3mat[0m rch-common/src/ssh.rs:343 [2;3mon[0m ThreadId(1)

  [2m2026-06-11T14:56:06.165820Z[0m [34mDEBUG[0m [1;34mrch_common::ssh[0m[34m: [34mCommand completed on vmi1227854 (exit=0, duration=703ms)[0m
    [2;3mat[0m rch-common/src/ssh.rs:418 [2;3mon[0m ThreadId(1)

  [2m2026-06-11T14:56:06.165851Z[0m [34mDEBUG[0m [1;34mrch_common::ssh[0m[34m: [34mDisconnecting from vmi1227854[0m
    [2;3mat[0m rch-common/src/ssh.rs:330 [2;3mon[0m ThreadId(1)

  [2m2026-06-11T14:56:06.173872Z[0m [34mDEBUG[0m [1;34mrch_common::ssh[0m[34m: [34mDisconnected from vmi1227854[0m
    [2;3mat[0m rch-common/src/ssh.rs:333 [2;3mon[0m ThreadId(1)

  [2m2026-06-11T14:56:10.133489Z[0m [32m INFO[0m [1;32mrch::hook[0m[32m: [32mExecuting command remotely: cargo bench -j 1 -p ft-kernel-cpu --bench linalg_bench -- '^(eigh_f64_256x256|eigvalsh_f64_256x256)$' --sample-size 10 --warm-up-time 1 --measurement-time 3[0m
    [2;3mat[0m rch/src/hook.rs:6252 [2;3mon[0m ThreadId(1)

  [2m2026-06-11T14:56:10.133580Z[0m [32m INFO[0m [1;32mrch::transfer[0m[32m: [32mRewriting CARGO_TARGET_DIR for remote execution (worker-scoped path): /data/tmp/cargo-target -> /data/projects/frankentorch/.rch-target-vmi1227854-job-29879662679166320-1781189729310726752-0[0m
    [2;3mat[0m rch/src/transfer.rs:712 [2;3mon[0m ThreadId(1)

  [2m2026-06-11T14:56:10.133593Z[0m [34mDEBUG[0m [1;34mrch::transfer[0m[34m: [34mForwarding env vars: ["CARGO_TARGET_DIR"][0m
    [2;3mat[0m rch/src/transfer.rs:966 [2;3mon[0m ThreadId(1)

  [2m2026-06-11T14:56:10.133605Z[0m [34mDEBUG[0m [1;34mrch::transfer[0m[34m: [34mExternal timeout protection disabled by config[0m
    [2;3mat[0m rch/src/transfer.rs:1084 [2;3mon[0m ThreadId(1)

    Updating crates.io index
 Downloading crates ...
  Downloaded bit-set v0.8.0
  Downloaded anes v0.1.6
  Downloaded bit-vec v0.8.0
  Downloaded aho-corasick v1.1.4
  Downloaded anstyle v1.0.14
  Downloaded autocfg v1.5.0
  Downloaded either v1.15.0
  Downloaded proc-macro2 v1.0.106
  Downloaded wait-timeout v0.2.1
  Downloaded crossbeam-epoch v0.9.18
  Downloaded errno v0.3.14
  Downloaded rand_chacha v0.9.0
  Downloaded half v2.7.1
  Downloaded similar v2.7.0
  Downloaded clap_lex v1.1.0
  Downloaded cast v0.3.0
  Downloaded ppv-lite86 v0.2.21
  Downloaded rand_xorshift v0.4.0
  Downloaded quote v1.0.45
  Downloaded serde v1.0.228
  Downloaded once_cell v1.21.4
  Downloaded plotters-svg v0.3.7
  Downloaded itoa v1.0.18
  Downloaded bytemuck_derive v1.10.2
  Downloaded oorandom v11.1.5
  Downloaded unarray v0.1.4
  Downloaded num-complex v0.4.6
  Downloaded tinytemplate v1.2.1
  Downloaded unicode-ident v1.0.24
  Downloaded fnv v1.0.7
  Downloaded rawpointer v0.2.1
  Downloaded walkdir v2.5.0
  Downloaded crossbeam-deque v0.8.6
  Downloaded tempfile v3.27.0
  Downloaded ciborium-ll v0.2.2
  Downloaded same-file v1.0.6
  Downloaded cfg-if v1.0.4
  Downloaded bitflags v2.11.1
  Downloaded getrandom v0.3.4
  Downloaded console v0.16.3
  Downloaded serde_core v1.0.228
  Downloaded safe_arch v0.7.4
  Downloaded clap v4.6.1
  Downloaded memchr v2.8.0
  Downloaded zmij v1.0.21
  Downloaded ciborium v0.2.2
  Downloaded matrixmultiply v0.3.10
  Downloaded rusty-fork v0.3.1
  Downloaded plotters-backend v0.3.7
  Downloaded crossbeam-utils v0.8.21
  Downloaded proptest v1.11.0
  Downloaded quick-error v1.2.3
  Downloaded rand_core v0.9.5
  Downloaded wide v0.7.33
  Downloaded rayon-core v1.13.0
  Downloaded is-terminal v0.4.17
  Downloaded ciborium-io v0.2.2
  Downloaded criterion-plot v0.5.0
  Downloaded zerocopy-derive v0.8.48
  Downloaded plotters v0.3.7
  Downloaded fastrand v2.4.1
  Downloaded rand v0.9.4
  Downloaded serde_json v1.0.149
  Downloaded num-traits v0.2.19
  Downloaded serde_derive v1.0.228
  Downloaded itertools v0.10.5
  Downloaded regex v1.12.3
  Downloaded bytemuck v1.25.0
  Downloaded libm v0.2.16
  Downloaded clap_builder v4.6.0
  Downloaded criterion v0.5.1
  Downloaded insta v1.47.2
  Downloaded rayon v1.12.0
  Downloaded syn v2.0.117
  Downloaded zerocopy v0.8.48
  Downloaded regex-syntax v0.8.10
  Downloaded rustix v1.1.4
  Downloaded regex-automata v0.4.14
  Downloaded libc v0.2.185
  Downloaded linux-raw-sys v0.12.1
   Compiling proc-macro2 v1.0.106
   Compiling quote v1.0.45
   Compiling unicode-ident v1.0.24
   Compiling syn v2.0.117
   Compiling cfg-if v1.0.4
   Compiling libc v0.2.185
   Compiling autocfg v1.5.0
   Compiling zerocopy v0.8.48
   Compiling zerocopy-derive v0.8.48
   Compiling getrandom v0.3.4
   Compiling bytemuck_derive v1.10.2
   Compiling bytemuck v1.25.0
   Compiling num-traits v0.2.19
   Compiling crossbeam-utils v0.8.21
   Compiling serde_core v1.0.228
   Compiling rustix v1.1.4
   Compiling crossbeam-epoch v0.9.18
   Compiling half v2.7.1
   Compiling serde v1.0.228
   Compiling bitflags v2.11.1
   Compiling either v1.15.0
   Compiling once_cell v1.21.4
   Compiling rayon-core v1.13.0
   Compiling linux-raw-sys v0.12.1
   Compiling zmij v1.0.21
   Compiling crossbeam-deque v0.8.6
   Compiling rand_core v0.9.5
   Compiling serde_derive v1.0.228
   Compiling regex-syntax v0.8.10
   Compiling serde_json v1.0.149
   Compiling fastrand v2.4.1
   Compiling tempfile v3.27.0
   Compiling matrixmultiply v0.3.10
   Compiling ciborium-io v0.2.2
   Compiling libm v0.2.16
   Compiling plotters-backend v0.3.7
   Compiling anstyle v1.0.14
   Compiling memchr v2.8.0
   Compiling itoa v1.0.18
   Compiling clap_lex v1.1.0
   Compiling clap_builder v4.6.0
   Compiling plotters-svg v0.3.7
   Compiling ciborium-ll v0.2.2
   Compiling rayon v1.12.0
   Compiling regex-automata v0.4.14
   Compiling itertools v0.10.5
   Compiling num-complex v0.4.6
   Compiling safe_arch v0.7.4
   Compiling ppv-lite86 v0.2.21
   Compiling wait-timeout v0.2.1
   Compiling bit-vec v0.8.0
   Compiling same-file v1.0.6
   Compiling rawpointer v0.2.1
   Compiling fnv v1.0.7
   Compiling cast v0.3.0
   Compiling quick-error v1.2.3
   Compiling rusty-fork v0.3.1
   Compiling criterion-plot v0.5.0
   Compiling walkdir v2.5.0
   Compiling bit-set v0.8.0
   Compiling rand_chacha v0.9.0
   Compiling wide v0.7.33
   Compiling ft-core v0.1.0 (/data/projects/frankentorch/crates/ft-core)
   Compiling regex v1.12.3
   Compiling ciborium v0.2.2
   Compiling plotters v0.3.7
   Compiling tinytemplate v1.2.1
   Compiling clap v4.6.1
   Compiling rand_xorshift v0.4.0
   Compiling rand v0.9.4
   Compiling is-terminal v0.4.17
   Compiling console v0.16.3
   Compiling anes v0.1.6
   Compiling oorandom v11.1.5
   Compiling similar v2.7.0
   Compiling unarray v0.1.4
   Compiling proptest v1.11.0
   Compiling insta v1.47.2
   Compiling criterion v0.5.1
   Compiling ft-kernel-cpu v0.1.0 (/data/projects/frankentorch/crates/ft-kernel-cpu)
    Finished `bench` profile [optimized + debuginfo] target(s) in 4m 02s
     Running benches/linalg_bench.rs (.rch-target-vmi1227854-job-29879662679166320-1781189729310726752-0/release/deps/linalg_bench-aa9fc2ba4861f31f)
Gnuplot not found, using plotters backend
Benchmarking eigh_f64_256x256
Benchmarking eigh_f64_256x256: Warming up for 1.0000 s
Benchmarking eigh_f64_256x256: Collecting 10 samples in estimated 3.1873 s (275 iterations)
Benchmarking eigh_f64_256x256: Analyzing
eigh_f64_256x256        time:   [10.662 ms 11.066 ms 11.559 ms]

Benchmarking eigvalsh_f64_256x256
Benchmarking eigvalsh_f64_256x256: Warming up for 1.0000 s
Benchmarking eigvalsh_f64_256x256: Collecting 10 samples in estimated 3.0598 s (440 iterations)
Benchmarking eigvalsh_f64_256x256: Analyzing
eigvalsh_f64_256x256    time:   [6.3973 ms 6.5739 ms 6.7658 ms]

  [2m2026-06-11T15:00:56.524354Z[0m [32m INFO[0m [1;32mrch::hook[0m[32m: [32mRemote command finished: exit=0 in 286390ms[0m
    [2;3mat[0m rch/src/hook.rs:6376 [2;3mon[0m ThreadId(1)

  [2m2026-06-11T15:00:56.524709Z[0m [32m INFO[0m [1;32mrch::hook[0m[32m: [32mRetrieving build artifacts...[0m
    [2;3mat[0m rch/src/hook.rs:6425 [2;3mon[0m ThreadId(1)

  [2m2026-06-11T15:00:56.524737Z[0m [32m INFO[0m [1;32mrch::transfer[0m[32m: [32mRetrieving artifacts from /data/projects/frankentorch on vmi1227854[0m
    [2;3mat[0m rch/src/transfer.rs:2106 [2;3mon[0m ThreadId(1)

  [2m2026-06-11T15:00:58.395393Z[0m [32m INFO[0m [1;32mrch::transfer[0m[32m: [32mArtifacts retrieved in 1870ms (5 files, 1809 bytes)[0m
    [2;3mat[0m rch/src/transfer.rs:2145 [2;3mon[0m ThreadId(1)

  [2m2026-06-11T15:00:58.395421Z[0m [32m INFO[0m [1;32mrch::hook[0m[32m: [32mArtifacts retrieved: 5 files, 1809 bytes in 1870ms[0m
    [2;3mat[0m rch/src/hook.rs:6458 [2;3mon[0m ThreadId(1)

  [2m2026-06-11T15:00:58.395511Z[0m [32m INFO[0m [1;32mrch::transfer[0m[32m: [32mRetrieving artifacts from /data/projects/frankentorch/.rch-target-vmi1227854-job-29879662679166320-1781189729310726752-0 on vmi1227854[0m
    [2;3mat[0m rch/src/transfer.rs:2106 [2;3mon[0m ThreadId(1)

  [2m2026-06-11T15:01:00.430191Z[0m [32m INFO[0m [1;32mrch::transfer[0m[32m: [32mArtifacts retrieved in 2034ms (212 files, 1180 bytes)[0m
    [2;3mat[0m rch/src/transfer.rs:2145 [2;3mon[0m ThreadId(1)

  [2m2026-06-11T15:01:00.430223Z[0m [32m INFO[0m [1;32mrch::hook[0m[32m: [32mCustom CARGO_TARGET_DIR artifacts retrieved: 212 files, 1180 bytes in 2034ms[0m
    [2;3mat[0m rch/src/hook.rs:6582 [2;3mon[0m ThreadId(1)

[RCH] remote vmi1227854 (333.3s)
