  [2m2026-06-13T18:35:27.495112Z[0m [32m INFO[0m [1;32mrch::hook[0m[32m: [32mSelected worker: vmi1227854 at root@109.123.245.77 (2 slots remaining after reservation, speed 50.0)[0m
    [2;3mat[0m rch/src/hook.rs:514 [2;3mon[0m ThreadId(1)

  [2m2026-06-13T18:35:28.621571Z[0m [32m INFO[0m [1;32mrch::hook[0m[32m: [32mStarting remote compilation pipeline for frankentorch-kgs4-53-closeout-origin-20260613T1758 (hash: b94651d28d0ea703)[0m
    [2;3mat[0m rch/src/hook.rs:5994 [2;3mon[0m ThreadId(1)

  [2m2026-06-13T18:35:28.621624Z[0m [32m INFO[0m [1;32mrch::hook[0m[32m: [32mPrepared dependency sync manifest for 13 roots[0m
    [2;3mat[0m rch/src/hook.rs:6016 [2;3mon[0m ThreadId(1)

  [2m2026-06-13T18:35:30.248572Z[0m [32m INFO[0m [1;32mrch::hook[0m[32m: [32mSyncing project to worker vmi1227854...[0m
    [2;3mat[0m rch/src/hook.rs:6046 [2;3mon[0m ThreadId(1)

  [2m2026-06-13T18:35:30.248649Z[0m [32m INFO[0m [1;32mrch::transfer[0m[32m: [32mSyncing /data/projects/.scratch/frankentorch-kgs4-53-closeout-origin-20260613T1758 -> /data/projects/.scratch/frankentorch-kgs4-53-closeout-origin-20260613T1758 on vmi1227854[0m
    [2;3mat[0m rch/src/transfer.rs:1434 [2;3mon[0m ThreadId(1)

  [2m2026-06-13T18:35:32.456883Z[0m [32m INFO[0m [1;32mrch::transfer[0m[32m: [32mSync completed in 2208ms[0m
    [2;3mat[0m rch/src/transfer.rs:1503 [2;3mon[0m ThreadId(1)

  [2m2026-06-13T18:35:32.457000Z[0m [32m INFO[0m [1;32mrch::transfer[0m[32m: [32mSyncing /data/projects/.scratch/frankentorch-kgs4-53-closeout-origin-20260613T1758/crates/ft-api -> /data/projects/.scratch/frankentorch-kgs4-53-closeout-origin-20260613T1758/crates/ft-api on vmi1227854[0m
    [2;3mat[0m rch/src/transfer.rs:1434 [2;3mon[0m ThreadId(1)

  [2m2026-06-13T18:35:34.370866Z[0m [32m INFO[0m [1;32mrch::transfer[0m[32m: [32mSync completed in 1913ms[0m
    [2;3mat[0m rch/src/transfer.rs:1503 [2;3mon[0m ThreadId(1)

  [2m2026-06-13T18:35:34.371001Z[0m [32m INFO[0m [1;32mrch::transfer[0m[32m: [32mSyncing /data/projects/.scratch/frankentorch-kgs4-53-closeout-origin-20260613T1758/crates/ft-autograd -> /data/projects/.scratch/frankentorch-kgs4-53-closeout-origin-20260613T1758/crates/ft-autograd on vmi1227854[0m
    [2;3mat[0m rch/src/transfer.rs:1434 [2;3mon[0m ThreadId(1)

  [2m2026-06-13T18:35:36.159864Z[0m [32m INFO[0m [1;32mrch::transfer[0m[32m: [32mSync completed in 1788ms[0m
    [2;3mat[0m rch/src/transfer.rs:1503 [2;3mon[0m ThreadId(1)

  [2m2026-06-13T18:35:36.159982Z[0m [32m INFO[0m [1;32mrch::transfer[0m[32m: [32mSyncing /data/projects/.scratch/frankentorch-kgs4-53-closeout-origin-20260613T1758/crates/ft-conformance -> /data/projects/.scratch/frankentorch-kgs4-53-closeout-origin-20260613T1758/crates/ft-conformance on vmi1227854[0m
    [2;3mat[0m rch/src/transfer.rs:1434 [2;3mon[0m ThreadId(1)

  [2m2026-06-13T18:35:38.004259Z[0m [32m INFO[0m [1;32mrch::transfer[0m[32m: [32mSync completed in 1844ms[0m
    [2;3mat[0m rch/src/transfer.rs:1503 [2;3mon[0m ThreadId(1)

  [2m2026-06-13T18:35:38.004381Z[0m [32m INFO[0m [1;32mrch::transfer[0m[32m: [32mSyncing /data/projects/.scratch/frankentorch-kgs4-53-closeout-origin-20260613T1758/crates/ft-core -> /data/projects/.scratch/frankentorch-kgs4-53-closeout-origin-20260613T1758/crates/ft-core on vmi1227854[0m
    [2;3mat[0m rch/src/transfer.rs:1434 [2;3mon[0m ThreadId(1)

  [2m2026-06-13T18:35:39.859047Z[0m [32m INFO[0m [1;32mrch::transfer[0m[32m: [32mSync completed in 1854ms[0m
    [2;3mat[0m rch/src/transfer.rs:1503 [2;3mon[0m ThreadId(1)

  [2m2026-06-13T18:35:39.859140Z[0m [32m INFO[0m [1;32mrch::transfer[0m[32m: [32mSyncing /data/projects/.scratch/frankentorch-kgs4-53-closeout-origin-20260613T1758/crates/ft-data -> /data/projects/.scratch/frankentorch-kgs4-53-closeout-origin-20260613T1758/crates/ft-data on vmi1227854[0m
    [2;3mat[0m rch/src/transfer.rs:1434 [2;3mon[0m ThreadId(1)

  [2m2026-06-13T18:35:41.757492Z[0m [32m INFO[0m [1;32mrch::transfer[0m[32m: [32mSync completed in 1898ms[0m
    [2;3mat[0m rch/src/transfer.rs:1503 [2;3mon[0m ThreadId(1)

  [2m2026-06-13T18:35:41.757591Z[0m [32m INFO[0m [1;32mrch::transfer[0m[32m: [32mSyncing /data/projects/.scratch/frankentorch-kgs4-53-closeout-origin-20260613T1758/crates/ft-device -> /data/projects/.scratch/frankentorch-kgs4-53-closeout-origin-20260613T1758/crates/ft-device on vmi1227854[0m
    [2;3mat[0m rch/src/transfer.rs:1434 [2;3mon[0m ThreadId(1)

  [2m2026-06-13T18:35:43.572550Z[0m [32m INFO[0m [1;32mrch::transfer[0m[32m: [32mSync completed in 1814ms[0m
    [2;3mat[0m rch/src/transfer.rs:1503 [2;3mon[0m ThreadId(1)

  [2m2026-06-13T18:35:43.573636Z[0m [32m INFO[0m [1;32mrch::transfer[0m[32m: [32mSyncing /data/projects/.scratch/frankentorch-kgs4-53-closeout-origin-20260613T1758/crates/ft-dispatch -> /data/projects/.scratch/frankentorch-kgs4-53-closeout-origin-20260613T1758/crates/ft-dispatch on vmi1227854[0m
    [2;3mat[0m rch/src/transfer.rs:1434 [2;3mon[0m ThreadId(1)

  [2m2026-06-13T18:35:45.394943Z[0m [32m INFO[0m [1;32mrch::transfer[0m[32m: [32mSync completed in 1821ms[0m
    [2;3mat[0m rch/src/transfer.rs:1503 [2;3mon[0m ThreadId(1)

  [2m2026-06-13T18:35:45.395067Z[0m [32m INFO[0m [1;32mrch::transfer[0m[32m: [32mSyncing /data/projects/.scratch/frankentorch-kgs4-53-closeout-origin-20260613T1758/crates/ft-kernel-cpu -> /data/projects/.scratch/frankentorch-kgs4-53-closeout-origin-20260613T1758/crates/ft-kernel-cpu on vmi1227854[0m
    [2;3mat[0m rch/src/transfer.rs:1434 [2;3mon[0m ThreadId(1)

  [2m2026-06-13T18:35:47.198162Z[0m [32m INFO[0m [1;32mrch::transfer[0m[32m: [32mSync completed in 1803ms[0m
    [2;3mat[0m rch/src/transfer.rs:1503 [2;3mon[0m ThreadId(1)

  [2m2026-06-13T18:35:47.198262Z[0m [32m INFO[0m [1;32mrch::transfer[0m[32m: [32mSyncing /data/projects/.scratch/frankentorch-kgs4-53-closeout-origin-20260613T1758/crates/ft-nn -> /data/projects/.scratch/frankentorch-kgs4-53-closeout-origin-20260613T1758/crates/ft-nn on vmi1227854[0m
    [2;3mat[0m rch/src/transfer.rs:1434 [2;3mon[0m ThreadId(1)

  [2m2026-06-13T18:35:49.011236Z[0m [32m INFO[0m [1;32mrch::transfer[0m[32m: [32mSync completed in 1812ms[0m
    [2;3mat[0m rch/src/transfer.rs:1503 [2;3mon[0m ThreadId(1)

  [2m2026-06-13T18:35:49.011339Z[0m [32m INFO[0m [1;32mrch::transfer[0m[32m: [32mSyncing /data/projects/.scratch/frankentorch-kgs4-53-closeout-origin-20260613T1758/crates/ft-optim -> /data/projects/.scratch/frankentorch-kgs4-53-closeout-origin-20260613T1758/crates/ft-optim on vmi1227854[0m
    [2;3mat[0m rch/src/transfer.rs:1434 [2;3mon[0m ThreadId(1)

  [2m2026-06-13T18:35:50.872212Z[0m [32m INFO[0m [1;32mrch::transfer[0m[32m: [32mSync completed in 1860ms[0m
    [2;3mat[0m rch/src/transfer.rs:1503 [2;3mon[0m ThreadId(1)

  [2m2026-06-13T18:35:50.872294Z[0m [32m INFO[0m [1;32mrch::transfer[0m[32m: [32mSyncing /data/projects/.scratch/frankentorch-kgs4-53-closeout-origin-20260613T1758/crates/ft-runtime -> /data/projects/.scratch/frankentorch-kgs4-53-closeout-origin-20260613T1758/crates/ft-runtime on vmi1227854[0m
    [2;3mat[0m rch/src/transfer.rs:1434 [2;3mon[0m ThreadId(1)

  [2m2026-06-13T18:35:52.736922Z[0m [32m INFO[0m [1;32mrch::transfer[0m[32m: [32mSync completed in 1864ms[0m
    [2;3mat[0m rch/src/transfer.rs:1503 [2;3mon[0m ThreadId(1)

  [2m2026-06-13T18:35:52.737039Z[0m [32m INFO[0m [1;32mrch::transfer[0m[32m: [32mSyncing /data/projects/.scratch/frankentorch-kgs4-53-closeout-origin-20260613T1758/crates/ft-serialize -> /data/projects/.scratch/frankentorch-kgs4-53-closeout-origin-20260613T1758/crates/ft-serialize on vmi1227854[0m
    [2;3mat[0m rch/src/transfer.rs:1434 [2;3mon[0m ThreadId(1)

  [2m2026-06-13T18:35:54.764484Z[0m [32m INFO[0m [1;32mrch::transfer[0m[32m: [32mSync completed in 2027ms[0m
    [2;3mat[0m rch/src/transfer.rs:1503 [2;3mon[0m ThreadId(1)

  [2m2026-06-13T18:35:54.764539Z[0m [32m INFO[0m [1;32mrch::hook[0m[32m: [32mSync complete: 2684 files, 124743 bytes in 24506ms[0m
    [2;3mat[0m rch/src/hook.rs:6209 [2;3mon[0m ThreadId(1)

  [2m2026-06-13T18:35:58.996419Z[0m [32m INFO[0m [1;32mrch::hook[0m[32m: [32mExecuting command remotely: cargo bench -j 1 -p ft-api --bench ops_bench linear_forward/hidden -- --warm-up-time 1 --measurement-time 3 --sample-size 10[0m
    [2;3mat[0m rch/src/hook.rs:6252 [2;3mon[0m ThreadId(1)

  [2m2026-06-13T18:35:58.996462Z[0m [32m INFO[0m [1;32mrch::transfer[0m[32m: [32mRewriting CARGO_TARGET_DIR for remote execution (worker-scoped path): /data/tmp/cargo-target -> /data/projects/.scratch/frankentorch-kgs4-53-closeout-origin-20260613T1758/.rch-target-vmi1227854-job-29884606035529171-1781375730248563981-0[0m
    [2;3mat[0m rch/src/transfer.rs:712 [2;3mon[0m ThreadId(1)

    Updating crates.io index
 Downloading crates ...
  Downloaded anes v0.1.6
  Downloaded cast v0.3.0
  Downloaded ciborium-io v0.2.2
  Downloaded itoa v1.0.18
  Downloaded ciborium-ll v0.2.2
  Downloaded is-terminal v0.4.17
  Downloaded cfg-if v1.0.4
  Downloaded rawpointer v0.2.1
  Downloaded same-file v1.0.6
  Downloaded autocfg v1.5.0
  Downloaded plotters-svg v0.3.7
  Downloaded plotters-backend v0.3.7
  Downloaded clap_lex v1.1.0
  Downloaded anstyle v1.0.14
  Downloaded either v1.15.0
  Downloaded crossbeam-deque v0.8.6
  Downloaded bytemuck_derive v1.10.2
  Downloaded tinytemplate v1.2.1
  Downloaded criterion-plot v0.5.0
  Downloaded oorandom v11.1.5
  Downloaded walkdir v2.5.0
  Downloaded quote v1.0.45
  Downloaded zmij v1.0.21
  Downloaded crossbeam-epoch v0.9.18
  Downloaded crossbeam-utils v0.8.21
  Downloaded once_cell v1.21.4
  Downloaded num-complex v0.4.6
  Downloaded ciborium v0.2.2
  Downloaded clap v4.6.1
  Downloaded half v2.7.1
  Downloaded num-traits v0.2.19
  Downloaded proc-macro2 v1.0.106
  Downloaded unicode-ident v1.0.24
  Downloaded serde_core v1.0.228
  Downloaded bytemuck v1.25.0
  Downloaded serde_derive v1.0.228
  Downloaded rayon-core v1.13.0
  Downloaded safe_arch v0.7.4
  Downloaded aho-corasick v1.1.4
  Downloaded memchr v2.8.0
  Downloaded matrixmultiply v0.3.10
  Downloaded serde v1.0.228
  Downloaded wide v0.7.33
  Downloaded zerocopy-derive v0.8.48
  Downloaded criterion v0.5.1
  Downloaded itertools v0.10.5
  Downloaded plotters v0.3.7
  Downloaded serde_json v1.0.149
  Downloaded clap_builder v4.6.0
  Downloaded libm v0.2.16
  Downloaded rayon v1.12.0
  Downloaded regex v1.12.3
  Downloaded syn v2.0.117
  Downloaded zerocopy v0.8.48
  Downloaded regex-syntax v0.8.10
  Downloaded regex-automata v0.4.14
  Downloaded libc v0.2.185
   Compiling proc-macro2 v1.0.106
   Compiling quote v1.0.45
   Compiling unicode-ident v1.0.24
   Compiling syn v2.0.117
   Compiling autocfg v1.5.0
   Compiling bytemuck_derive v1.10.2
   Compiling bytemuck v1.25.0
   Compiling zerocopy v0.8.48
   Compiling num-traits v0.2.19
   Compiling zerocopy-derive v0.8.48
   Compiling crossbeam-utils v0.8.21
   Compiling cfg-if v1.0.4
   Compiling half v2.7.1
   Compiling crossbeam-epoch v0.9.18
   Compiling either v1.15.0
   Compiling rayon-core v1.13.0
   Compiling crossbeam-deque v0.8.6
   Compiling serde_core v1.0.228
   Compiling num-complex v0.4.6
   Compiling matrixmultiply v0.3.10
   Compiling libm v0.2.16
   Compiling ft-core v0.1.0 (/data/projects/.scratch/frankentorch-kgs4-53-closeout-origin-20260613T1758/crates/ft-core)
   Compiling rayon v1.12.0
   Compiling safe_arch v0.7.4
   Compiling zmij v1.0.21
   Compiling serde v1.0.228
   Compiling rawpointer v0.2.1
   Compiling wide v0.7.33
   Compiling serde_derive v1.0.228
   Compiling libc v0.2.185
   Compiling serde_json v1.0.149
   Compiling ft-kernel-cpu v0.1.0 (/data/projects/.scratch/frankentorch-kgs4-53-closeout-origin-20260613T1758/crates/ft-kernel-cpu)
   Compiling plotters-backend v0.3.7
   Compiling anstyle v1.0.14
   Compiling memchr v2.8.0
   Compiling itoa v1.0.18
   Compiling regex-syntax v0.8.10
   Compiling clap_lex v1.1.0
   Compiling ciborium-io v0.2.2
   Compiling ciborium-ll v0.2.2
   Compiling clap_builder v4.6.0
   Compiling regex-automata v0.4.14
   Compiling plotters-svg v0.3.7
   Compiling ft-dispatch v0.1.0 (/data/projects/.scratch/frankentorch-kgs4-53-closeout-origin-20260613T1758/crates/ft-dispatch)
   Compiling itertools v0.10.5
   Compiling same-file v1.0.6
   Compiling cast v0.3.0
   Compiling criterion-plot v0.5.0
   Compiling walkdir v2.5.0
   Compiling is-terminal v0.4.17
   Compiling ft-autograd v0.1.0 (/data/projects/.scratch/frankentorch-kgs4-53-closeout-origin-20260613T1758/crates/ft-autograd)
   Compiling plotters v0.3.7
   Compiling tinytemplate v1.2.1
   Compiling regex v1.12.3
   Compiling clap v4.6.1
   Compiling ciborium v0.2.2
   Compiling ft-runtime v0.1.0 (/data/projects/.scratch/frankentorch-kgs4-53-closeout-origin-20260613T1758/crates/ft-runtime)
   Compiling anes v0.1.6
   Compiling once_cell v1.21.4
   Compiling oorandom v11.1.5
   Compiling criterion v0.5.1
   Compiling ft-api v0.1.0 (/data/projects/.scratch/frankentorch-kgs4-53-closeout-origin-20260613T1758/crates/ft-api)
    Finished `bench` profile [optimized + debuginfo] target(s) in 5m 21s
     Running benches/ops_bench.rs (.rch-target-vmi1227854-job-29884606035529171-1781375730248563981-0/release/deps/ops_bench-f1f85e4b56fe7759)
Gnuplot not found, using plotters backend
Benchmarking linear_forward/hidden/256
Benchmarking linear_forward/hidden/256: Warming up for 1.0000 s
Benchmarking linear_forward/hidden/256: Collecting 10 samples in estimated 3.0004 s (12k iterations)
Benchmarking linear_forward/hidden/256: Analyzing
linear_forward/hidden/256
                        time:   [229.98 µs 236.40 µs 246.38 µs]
                        thrpt:  [33.250 Melem/s 34.653 Melem/s 35.621 Melem/s]
Found 2 outliers among 10 measurements (20.00%)
  2 (20.00%) high severe
Benchmarking linear_forward/hidden/512
Benchmarking linear_forward/hidden/512: Warming up for 1.0000 s
Benchmarking linear_forward/hidden/512: Collecting 10 samples in estimated 3.0176 s (6050 iterations)
Benchmarking linear_forward/hidden/512: Analyzing
linear_forward/hidden/512
                        time:   [477.97 µs 498.36 µs 507.59 µs]
                        thrpt:  [32.278 Melem/s 32.876 Melem/s 34.278 Melem/s]
Benchmarking linear_forward/hidden/1024
Benchmarking linear_forward/hidden/1024: Warming up for 1.0000 s
Benchmarking linear_forward/hidden/1024: Collecting 10 samples in estimated 3.0301 s (2750 iterations)
Benchmarking linear_forward/hidden/1024: Analyzing
linear_forward/hidden/1024
                        time:   [987.86 µs 1.1583 ms 1.2598 ms]
                        thrpt:  [26.011 Melem/s 28.291 Melem/s 33.171 Melem/s]
Benchmarking linear_forward/hidden/2048
Benchmarking linear_forward/hidden/2048: Warming up for 1.0000 s
Benchmarking linear_forward/hidden/2048: Collecting 10 samples in estimated 3.0406 s (1265 iterations)
Benchmarking linear_forward/hidden/2048: Analyzing
linear_forward/hidden/2048
                        time:   [2.0248 ms 2.1266 ms 2.2844 ms]
                        thrpt:  [28.688 Melem/s 30.817 Melem/s 32.367 Melem/s]
Found 1 outliers among 10 measurements (10.00%)
  1 (10.00%) high mild

  [2m2026-06-13T18:41:46.233111Z[0m [32m INFO[0m [1;32mrch::hook[0m[32m: [32mRemote command finished: exit=0 in 347236ms[0m
    [2;3mat[0m rch/src/hook.rs:6376 [2;3mon[0m ThreadId(1)

  [2m2026-06-13T18:41:46.233382Z[0m [32m INFO[0m [1;32mrch::hook[0m[32m: [32mRetrieving build artifacts...[0m
    [2;3mat[0m rch/src/hook.rs:6425 [2;3mon[0m ThreadId(1)

  [2m2026-06-13T18:41:46.233426Z[0m [32m INFO[0m [1;32mrch::transfer[0m[32m: [32mRetrieving artifacts from /data/projects/.scratch/frankentorch-kgs4-53-closeout-origin-20260613T1758 on vmi1227854[0m
    [2;3mat[0m rch/src/transfer.rs:2106 [2;3mon[0m ThreadId(1)

  [2m2026-06-13T18:41:48.236884Z[0m [32m INFO[0m [1;32mrch::transfer[0m[32m: [32mArtifacts retrieved in 2003ms (1 files, 1180 bytes)[0m
    [2;3mat[0m rch/src/transfer.rs:2145 [2;3mon[0m ThreadId(1)

  [2m2026-06-13T18:41:48.236921Z[0m [32m INFO[0m [1;32mrch::hook[0m[32m: [32mArtifacts retrieved: 1 files, 1180 bytes in 2003ms[0m
    [2;3mat[0m rch/src/hook.rs:6458 [2;3mon[0m ThreadId(1)

  [2m2026-06-13T18:41:48.237056Z[0m [32m INFO[0m [1;32mrch::transfer[0m[32m: [32mRetrieving artifacts from /data/projects/.scratch/frankentorch-kgs4-53-closeout-origin-20260613T1758/.rch-target-vmi1227854-job-29884606035529171-1781375730248563981-0 on vmi1227854[0m
    [2;3mat[0m rch/src/transfer.rs:2106 [2;3mon[0m ThreadId(1)

  [2m2026-06-13T18:41:50.420852Z[0m [32m INFO[0m [1;32mrch::transfer[0m[32m: [32mArtifacts retrieved in 2183ms (106 files, 7324 bytes)[0m
    [2;3mat[0m rch/src/transfer.rs:2145 [2;3mon[0m ThreadId(1)

  [2m2026-06-13T18:41:50.420883Z[0m [32m INFO[0m [1;32mrch::hook[0m[32m: [32mCustom CARGO_TARGET_DIR artifacts retrieved: 106 files, 7324 bytes in 2183ms[0m
    [2;3mat[0m rch/src/hook.rs:6582 [2;3mon[0m ThreadId(1)

[RCH] remote vmi1227854 (382.9s)
