  [2m2026-06-09T18:52:47.892377Z[0m [32m INFO[0m [1;32mrch::hook[0m[32m: [32mSelected worker: vmi1227854 at root@109.123.245.77 (0 slots remaining after reservation, speed 50.0)[0m
    [2;3mat[0m rch/src/hook.rs:514 [2;3mon[0m ThreadId(1)

  [2m2026-06-09T18:52:48.307884Z[0m [32m INFO[0m [1;32mrch::hook[0m[32m: [32mStarting remote compilation pipeline for frankentorch-fad7c-20260609 (hash: 9b9dd4e340462725)[0m
    [2;3mat[0m rch/src/hook.rs:5994 [2;3mon[0m ThreadId(1)

  [2m2026-06-09T18:52:48.307935Z[0m [32m INFO[0m [1;32mrch::hook[0m[32m: [32mPrepared dependency sync manifest for 13 roots[0m
    [2;3mat[0m rch/src/hook.rs:6016 [2;3mon[0m ThreadId(1)

  [2m2026-06-09T18:52:49.853860Z[0m [32m INFO[0m [1;32mrch::hook[0m[32m: [32mSyncing project to worker vmi1227854...[0m
    [2;3mat[0m rch/src/hook.rs:6046 [2;3mon[0m ThreadId(1)

  [2m2026-06-09T18:52:49.853993Z[0m [32m INFO[0m [1;32mrch::transfer[0m[32m: [32mSyncing /data/projects/.scratch/frankentorch-fad7c-20260609 -> /data/projects/.scratch/frankentorch-fad7c-20260609 on vmi1227854[0m
    [2;3mat[0m rch/src/transfer.rs:1434 [2;3mon[0m ThreadId(1)

  [2m2026-06-09T18:52:52.168576Z[0m [32m INFO[0m [1;32mrch::transfer[0m[32m: [32mSync completed in 2314ms[0m
    [2;3mat[0m rch/src/transfer.rs:1503 [2;3mon[0m ThreadId(1)

  [2m2026-06-09T18:52:52.168688Z[0m [32m INFO[0m [1;32mrch::transfer[0m[32m: [32mSyncing /data/projects/.scratch/frankentorch-fad7c-20260609/crates/ft-api -> /data/projects/.scratch/frankentorch-fad7c-20260609/crates/ft-api on vmi1227854[0m
    [2;3mat[0m rch/src/transfer.rs:1434 [2;3mon[0m ThreadId(1)

  [2m2026-06-09T18:52:54.034392Z[0m [32m INFO[0m [1;32mrch::transfer[0m[32m: [32mSync completed in 1865ms[0m
    [2;3mat[0m rch/src/transfer.rs:1503 [2;3mon[0m ThreadId(1)

  [2m2026-06-09T18:52:54.034531Z[0m [32m INFO[0m [1;32mrch::transfer[0m[32m: [32mSyncing /data/projects/.scratch/frankentorch-fad7c-20260609/crates/ft-autograd -> /data/projects/.scratch/frankentorch-fad7c-20260609/crates/ft-autograd on vmi1227854[0m
    [2;3mat[0m rch/src/transfer.rs:1434 [2;3mon[0m ThreadId(1)

  [2m2026-06-09T18:52:55.954628Z[0m [32m INFO[0m [1;32mrch::transfer[0m[32m: [32mSync completed in 1920ms[0m
    [2;3mat[0m rch/src/transfer.rs:1503 [2;3mon[0m ThreadId(1)

  [2m2026-06-09T18:52:55.954770Z[0m [32m INFO[0m [1;32mrch::transfer[0m[32m: [32mSyncing /data/projects/.scratch/frankentorch-fad7c-20260609/crates/ft-conformance -> /data/projects/.scratch/frankentorch-fad7c-20260609/crates/ft-conformance on vmi1227854[0m
    [2;3mat[0m rch/src/transfer.rs:1434 [2;3mon[0m ThreadId(1)

  [2m2026-06-09T18:52:57.763975Z[0m [32m INFO[0m [1;32mrch::transfer[0m[32m: [32mSync completed in 1809ms[0m
    [2;3mat[0m rch/src/transfer.rs:1503 [2;3mon[0m ThreadId(1)

  [2m2026-06-09T18:52:57.764083Z[0m [32m INFO[0m [1;32mrch::transfer[0m[32m: [32mSyncing /data/projects/.scratch/frankentorch-fad7c-20260609/crates/ft-core -> /data/projects/.scratch/frankentorch-fad7c-20260609/crates/ft-core on vmi1227854[0m
    [2;3mat[0m rch/src/transfer.rs:1434 [2;3mon[0m ThreadId(1)

  [2m2026-06-09T18:52:59.643491Z[0m [32m INFO[0m [1;32mrch::transfer[0m[32m: [32mSync completed in 1879ms[0m
    [2;3mat[0m rch/src/transfer.rs:1503 [2;3mon[0m ThreadId(1)

  [2m2026-06-09T18:52:59.643616Z[0m [32m INFO[0m [1;32mrch::transfer[0m[32m: [32mSyncing /data/projects/.scratch/frankentorch-fad7c-20260609/crates/ft-data -> /data/projects/.scratch/frankentorch-fad7c-20260609/crates/ft-data on vmi1227854[0m
    [2;3mat[0m rch/src/transfer.rs:1434 [2;3mon[0m ThreadId(1)

  [2m2026-06-09T18:53:01.511555Z[0m [32m INFO[0m [1;32mrch::transfer[0m[32m: [32mSync completed in 1867ms[0m
    [2;3mat[0m rch/src/transfer.rs:1503 [2;3mon[0m ThreadId(1)

  [2m2026-06-09T18:53:01.511732Z[0m [32m INFO[0m [1;32mrch::transfer[0m[32m: [32mSyncing /data/projects/.scratch/frankentorch-fad7c-20260609/crates/ft-device -> /data/projects/.scratch/frankentorch-fad7c-20260609/crates/ft-device on vmi1227854[0m
    [2;3mat[0m rch/src/transfer.rs:1434 [2;3mon[0m ThreadId(1)

  [2m2026-06-09T18:53:03.338107Z[0m [32m INFO[0m [1;32mrch::transfer[0m[32m: [32mSync completed in 1826ms[0m
    [2;3mat[0m rch/src/transfer.rs:1503 [2;3mon[0m ThreadId(1)

  [2m2026-06-09T18:53:03.338208Z[0m [32m INFO[0m [1;32mrch::transfer[0m[32m: [32mSyncing /data/projects/.scratch/frankentorch-fad7c-20260609/crates/ft-dispatch -> /data/projects/.scratch/frankentorch-fad7c-20260609/crates/ft-dispatch on vmi1227854[0m
    [2;3mat[0m rch/src/transfer.rs:1434 [2;3mon[0m ThreadId(1)

  [2m2026-06-09T18:53:05.213125Z[0m [32m INFO[0m [1;32mrch::transfer[0m[32m: [32mSync completed in 1874ms[0m
    [2;3mat[0m rch/src/transfer.rs:1503 [2;3mon[0m ThreadId(1)

  [2m2026-06-09T18:53:05.213255Z[0m [32m INFO[0m [1;32mrch::transfer[0m[32m: [32mSyncing /data/projects/.scratch/frankentorch-fad7c-20260609/crates/ft-kernel-cpu -> /data/projects/.scratch/frankentorch-fad7c-20260609/crates/ft-kernel-cpu on vmi1227854[0m
    [2;3mat[0m rch/src/transfer.rs:1434 [2;3mon[0m ThreadId(1)

  [2m2026-06-09T18:53:07.085742Z[0m [32m INFO[0m [1;32mrch::transfer[0m[32m: [32mSync completed in 1872ms[0m
    [2;3mat[0m rch/src/transfer.rs:1503 [2;3mon[0m ThreadId(1)

  [2m2026-06-09T18:53:07.085920Z[0m [32m INFO[0m [1;32mrch::transfer[0m[32m: [32mSyncing /data/projects/.scratch/frankentorch-fad7c-20260609/crates/ft-nn -> /data/projects/.scratch/frankentorch-fad7c-20260609/crates/ft-nn on vmi1227854[0m
    [2;3mat[0m rch/src/transfer.rs:1434 [2;3mon[0m ThreadId(1)

  [2m2026-06-09T18:53:08.952528Z[0m [32m INFO[0m [1;32mrch::transfer[0m[32m: [32mSync completed in 1866ms[0m
    [2;3mat[0m rch/src/transfer.rs:1503 [2;3mon[0m ThreadId(1)

  [2m2026-06-09T18:53:08.952683Z[0m [32m INFO[0m [1;32mrch::transfer[0m[32m: [32mSyncing /data/projects/.scratch/frankentorch-fad7c-20260609/crates/ft-optim -> /data/projects/.scratch/frankentorch-fad7c-20260609/crates/ft-optim on vmi1227854[0m
    [2;3mat[0m rch/src/transfer.rs:1434 [2;3mon[0m ThreadId(1)

  [2m2026-06-09T18:53:10.879890Z[0m [32m INFO[0m [1;32mrch::transfer[0m[32m: [32mSync completed in 1927ms[0m
    [2;3mat[0m rch/src/transfer.rs:1503 [2;3mon[0m ThreadId(1)

  [2m2026-06-09T18:53:10.880018Z[0m [32m INFO[0m [1;32mrch::transfer[0m[32m: [32mSyncing /data/projects/.scratch/frankentorch-fad7c-20260609/crates/ft-runtime -> /data/projects/.scratch/frankentorch-fad7c-20260609/crates/ft-runtime on vmi1227854[0m
    [2;3mat[0m rch/src/transfer.rs:1434 [2;3mon[0m ThreadId(1)

  [2m2026-06-09T18:53:12.739642Z[0m [32m INFO[0m [1;32mrch::transfer[0m[32m: [32mSync completed in 1859ms[0m
    [2;3mat[0m rch/src/transfer.rs:1503 [2;3mon[0m ThreadId(1)

  [2m2026-06-09T18:53:12.739777Z[0m [32m INFO[0m [1;32mrch::transfer[0m[32m: [32mSyncing /data/projects/.scratch/frankentorch-fad7c-20260609/crates/ft-serialize -> /data/projects/.scratch/frankentorch-fad7c-20260609/crates/ft-serialize on vmi1227854[0m
    [2;3mat[0m rch/src/transfer.rs:1434 [2;3mon[0m ThreadId(1)

  [2m2026-06-09T18:53:14.555994Z[0m [32m INFO[0m [1;32mrch::transfer[0m[32m: [32mSync completed in 1816ms[0m
    [2;3mat[0m rch/src/transfer.rs:1503 [2;3mon[0m ThreadId(1)

  [2m2026-06-09T18:53:14.556042Z[0m [32m INFO[0m [1;32mrch::hook[0m[32m: [32mSync complete: 1862 files, 85242 bytes in 24694ms[0m
    [2;3mat[0m rch/src/hook.rs:6209 [2;3mon[0m ThreadId(1)

  [2m2026-06-09T18:53:18.729783Z[0m [32m INFO[0m [1;32mrch::hook[0m[32m: [32mExecuting command remotely: cargo bench -p ft-api --bench ops_bench -- rms_norm/grad_2048x1024 --sample-size 10 --warm-up-time 1 --measurement-time 3 --noplot[0m
    [2;3mat[0m rch/src/hook.rs:6252 [2;3mon[0m ThreadId(1)

  [2m2026-06-09T18:53:18.729820Z[0m [32m INFO[0m [1;32mrch::transfer[0m[32m: [32mRewriting CARGO_TARGET_DIR for remote execution (worker-scoped path): /data/tmp/cargo-target -> /data/projects/.scratch/frankentorch-fad7c-20260609/.rch-target-vmi1227854-job-29879662679164222-1781031169853852401-0[0m
    [2;3mat[0m rch/src/transfer.rs:712 [2;3mon[0m ThreadId(1)

    Updating crates.io index
 Downloading crates ...
  Downloaded anstyle v1.0.14
  Downloaded bytemuck_derive v1.10.2
  Downloaded rawpointer v0.2.1
  Downloaded cast v0.3.0
  Downloaded safe_arch v0.7.4
  Downloaded libm v0.2.16
  Downloaded tinytemplate v1.2.1
  Downloaded plotters-svg v0.3.7
  Downloaded plotters v0.3.7
  Downloaded num-complex v0.4.6
  Downloaded crossbeam-deque v0.8.6
  Downloaded once_cell v1.21.4
  Downloaded ciborium-io v0.2.2
  Downloaded wide v0.7.33
  Downloaded serde_json v1.0.149
  Downloaded regex v1.12.3
  Downloaded zmij v1.0.21
  Downloaded serde_core v1.0.228
  Downloaded clap_builder v4.6.0
  Downloaded serde_derive v1.0.228
  Downloaded bytemuck v1.25.0
  Downloaded rayon-core v1.13.0
  Downloaded criterion-plot v0.5.0
  Downloaded proc-macro2 v1.0.106
  Downloaded oorandom v11.1.5
  Downloaded syn v2.0.117
  Downloaded half v2.7.1
  Downloaded clap v4.6.1
  Downloaded clap_lex v1.1.0
  Downloaded unicode-ident v1.0.24
  Downloaded itertools v0.10.5
  Downloaded memchr v2.8.0
  Downloaded either v1.15.0
  Downloaded crossbeam-epoch v0.9.18
  Downloaded walkdir v2.5.0
  Downloaded itoa v1.0.18
  Downloaded is-terminal v0.4.17
  Downloaded crossbeam-utils v0.8.21
  Downloaded plotters-backend v0.3.7
  Downloaded matrixmultiply v0.3.10
  Downloaded autocfg v1.5.0
  Downloaded ciborium v0.2.2
  Downloaded cfg-if v1.0.4
  Downloaded quote v1.0.45
  Downloaded rayon v1.12.0
  Downloaded ciborium-ll v0.2.2
  Downloaded anes v0.1.6
  Downloaded same-file v1.0.6
  Downloaded aho-corasick v1.1.4
  Downloaded zerocopy v0.8.48
  Downloaded criterion v0.5.1
  Downloaded regex-syntax v0.8.10
  Downloaded libc v0.2.185
  Downloaded serde v1.0.228
  Downloaded regex-automata v0.4.14
  Downloaded zerocopy-derive v0.8.48
  Downloaded num-traits v0.2.19
   Compiling proc-macro2 v1.0.106
   Compiling quote v1.0.45
   Compiling unicode-ident v1.0.24
   Compiling autocfg v1.5.0
   Compiling zerocopy v0.8.48
   Compiling crossbeam-utils v0.8.21
   Compiling cfg-if v1.0.4
   Compiling either v1.15.0
   Compiling rayon-core v1.13.0
   Compiling serde_core v1.0.228
   Compiling libm v0.2.16
   Compiling serde v1.0.228
   Compiling rawpointer v0.2.1
   Compiling zmij v1.0.21
   Compiling libc v0.2.185
   Compiling serde_json v1.0.149
   Compiling memchr v2.8.0
   Compiling num-traits v0.2.19
   Compiling matrixmultiply v0.3.10
   Compiling plotters-backend v0.3.7
   Compiling itoa v1.0.18
   Compiling crossbeam-epoch v0.9.18
   Compiling ciborium-io v0.2.2
   Compiling clap_lex v1.1.0
   Compiling anstyle v1.0.14
   Compiling syn v2.0.117
   Compiling regex-syntax v0.8.10
   Compiling num-complex v0.4.6
   Compiling crossbeam-deque v0.8.6
   Compiling clap_builder v4.6.0
   Compiling plotters-svg v0.3.7
   Compiling itertools v0.10.5
   Compiling rayon v1.12.0
   Compiling cast v0.3.0
   Compiling same-file v1.0.6
   Compiling walkdir v2.5.0
   Compiling regex-automata v0.4.14
   Compiling clap v4.6.1
   Compiling is-terminal v0.4.17
   Compiling criterion-plot v0.5.0
   Compiling plotters v0.3.7
   Compiling once_cell v1.21.4
   Compiling oorandom v11.1.5
   Compiling anes v0.1.6
   Compiling regex v1.12.3
   Compiling bytemuck_derive v1.10.2
   Compiling zerocopy-derive v0.8.48
   Compiling serde_derive v1.0.228
   Compiling bytemuck v1.25.0
   Compiling safe_arch v0.7.4
   Compiling wide v0.7.33
   Compiling tinytemplate v1.2.1
   Compiling half v2.7.1
   Compiling ft-core v0.1.0 (/data/projects/.scratch/frankentorch-fad7c-20260609/crates/ft-core)
   Compiling ciborium-ll v0.2.2
   Compiling ciborium v0.2.2
   Compiling ft-kernel-cpu v0.1.0 (/data/projects/.scratch/frankentorch-fad7c-20260609/crates/ft-kernel-cpu)
   Compiling ft-runtime v0.1.0 (/data/projects/.scratch/frankentorch-fad7c-20260609/crates/ft-runtime)
   Compiling criterion v0.5.1
   Compiling ft-dispatch v0.1.0 (/data/projects/.scratch/frankentorch-fad7c-20260609/crates/ft-dispatch)
   Compiling ft-autograd v0.1.0 (/data/projects/.scratch/frankentorch-fad7c-20260609/crates/ft-autograd)
   Compiling ft-api v0.1.0 (/data/projects/.scratch/frankentorch-fad7c-20260609/crates/ft-api)
    Finished `bench` profile [optimized + debuginfo] target(s) in 1m 40s
     Running benches/ops_bench.rs (.rch-target-vmi1227854-job-29879662679164222-1781031169853852401-0/release/deps/ops_bench-3580695916ae9312)
Gnuplot not found, using plotters backend
Benchmarking rms_norm/grad_2048x1024
Benchmarking rms_norm/grad_2048x1024: Warming up for 1.0000 s
Benchmarking rms_norm/grad_2048x1024: Collecting 10 samples in estimated 3.6906 s (30 iterations)
Benchmarking rms_norm/grad_2048x1024: Analyzing
rms_norm/grad_2048x1024 time:   [120.04 ms 123.04 ms 126.15 ms]

  [2m2026-06-09T18:55:05.959013Z[0m [32m INFO[0m [1;32mrch::hook[0m[32m: [32mRemote command finished: exit=0 in 107229ms[0m
    [2;3mat[0m rch/src/hook.rs:6376 [2;3mon[0m ThreadId(1)

  [2m2026-06-09T18:55:05.959365Z[0m [32m INFO[0m [1;32mrch::hook[0m[32m: [32mRetrieving build artifacts...[0m
    [2;3mat[0m rch/src/hook.rs:6425 [2;3mon[0m ThreadId(1)

  [2m2026-06-09T18:55:05.959383Z[0m [32m INFO[0m [1;32mrch::transfer[0m[32m: [32mRetrieving artifacts from /data/projects/.scratch/frankentorch-fad7c-20260609 on vmi1227854[0m
    [2;3mat[0m rch/src/transfer.rs:2106 [2;3mon[0m ThreadId(1)

  [2m2026-06-09T18:55:07.921402Z[0m [32m INFO[0m [1;32mrch::transfer[0m[32m: [32mArtifacts retrieved in 1961ms (1 files, 1180 bytes)[0m
    [2;3mat[0m rch/src/transfer.rs:2145 [2;3mon[0m ThreadId(1)

  [2m2026-06-09T18:55:07.921428Z[0m [32m INFO[0m [1;32mrch::hook[0m[32m: [32mArtifacts retrieved: 1 files, 1180 bytes in 1961ms[0m
    [2;3mat[0m rch/src/hook.rs:6458 [2;3mon[0m ThreadId(1)

  [2m2026-06-09T18:55:07.921519Z[0m [32m INFO[0m [1;32mrch::transfer[0m[32m: [32mRetrieving artifacts from /data/projects/.scratch/frankentorch-fad7c-20260609/.rch-target-vmi1227854-job-29879662679164222-1781031169853852401-0 on vmi1227854[0m
    [2;3mat[0m rch/src/transfer.rs:2106 [2;3mon[0m ThreadId(1)

  [2m2026-06-09T18:55:09.913824Z[0m [32m INFO[0m [1;32mrch::transfer[0m[32m: [32mArtifacts retrieved in 1992ms (14 files, 700 bytes)[0m
    [2;3mat[0m rch/src/transfer.rs:2145 [2;3mon[0m ThreadId(1)

  [2m2026-06-09T18:55:09.913848Z[0m [32m INFO[0m [1;32mrch::hook[0m[32m: [32mCustom CARGO_TARGET_DIR artifacts retrieved: 14 files, 700 bytes in 1992ms[0m
    [2;3mat[0m rch/src/hook.rs:6582 [2;3mon[0m ThreadId(1)

[RCH] remote vmi1227854 (142.0s)
