  [2m2026-06-09T18:58:10.658151Z[0m [32m INFO[0m [1;32mrch::hook[0m[32m: [32mSelected worker: ovh-a at ubuntu@51.222.245.56 (0 slots remaining after reservation, speed 50.0)[0m
    [2;3mat[0m rch/src/hook.rs:514 [2;3mon[0m ThreadId(1)

  [2m2026-06-09T18:58:10.974182Z[0m [32m INFO[0m [1;32mrch::hook[0m[32m: [32mStarting remote compilation pipeline for frankentorch-fad7c-baseline-fd6d4029-20260609T1858 (hash: f928132a83fd5818)[0m
    [2;3mat[0m rch/src/hook.rs:5994 [2;3mon[0m ThreadId(1)

  [2m2026-06-09T18:58:10.974239Z[0m [32m INFO[0m [1;32mrch::hook[0m[32m: [32mPrepared dependency sync manifest for 13 roots[0m
    [2;3mat[0m rch/src/hook.rs:6016 [2;3mon[0m ThreadId(1)

  [2m2026-06-09T18:58:11.753394Z[0m [32m INFO[0m [1;32mrch::hook[0m[32m: [32mSyncing project to worker ovh-a...[0m
    [2;3mat[0m rch/src/hook.rs:6046 [2;3mon[0m ThreadId(1)

  [2m2026-06-09T18:58:11.753495Z[0m [32m INFO[0m [1;32mrch::transfer[0m[32m: [32mSyncing /data/projects/.scratch/frankentorch-fad7c-baseline-fd6d4029-20260609T1858 -> /data/projects/.scratch/frankentorch-fad7c-baseline-fd6d4029-20260609T1858 on ovh-a[0m
    [2;3mat[0m rch/src/transfer.rs:1434 [2;3mon[0m ThreadId(1)

  [2m2026-06-09T18:58:12.489201Z[0m [32m INFO[0m [1;32mrch::transfer[0m[32m: [32mSync completed in 735ms[0m
    [2;3mat[0m rch/src/transfer.rs:1503 [2;3mon[0m ThreadId(1)

  [2m2026-06-09T18:58:12.489301Z[0m [32m INFO[0m [1;32mrch::transfer[0m[32m: [32mSyncing /data/projects/.scratch/frankentorch-fad7c-baseline-fd6d4029-20260609T1858/crates/ft-api -> /data/projects/.scratch/frankentorch-fad7c-baseline-fd6d4029-20260609T1858/crates/ft-api on ovh-a[0m
    [2;3mat[0m rch/src/transfer.rs:1434 [2;3mon[0m ThreadId(1)

  [2m2026-06-09T18:58:12.968906Z[0m [32m INFO[0m [1;32mrch::transfer[0m[32m: [32mSync completed in 479ms[0m
    [2;3mat[0m rch/src/transfer.rs:1503 [2;3mon[0m ThreadId(1)

  [2m2026-06-09T18:58:12.968998Z[0m [32m INFO[0m [1;32mrch::transfer[0m[32m: [32mSyncing /data/projects/.scratch/frankentorch-fad7c-baseline-fd6d4029-20260609T1858/crates/ft-autograd -> /data/projects/.scratch/frankentorch-fad7c-baseline-fd6d4029-20260609T1858/crates/ft-autograd on ovh-a[0m
    [2;3mat[0m rch/src/transfer.rs:1434 [2;3mon[0m ThreadId(1)

  [2m2026-06-09T18:58:13.476792Z[0m [32m INFO[0m [1;32mrch::transfer[0m[32m: [32mSync completed in 507ms[0m
    [2;3mat[0m rch/src/transfer.rs:1503 [2;3mon[0m ThreadId(1)

  [2m2026-06-09T18:58:13.476939Z[0m [32m INFO[0m [1;32mrch::transfer[0m[32m: [32mSyncing /data/projects/.scratch/frankentorch-fad7c-baseline-fd6d4029-20260609T1858/crates/ft-conformance -> /data/projects/.scratch/frankentorch-fad7c-baseline-fd6d4029-20260609T1858/crates/ft-conformance on ovh-a[0m
    [2;3mat[0m rch/src/transfer.rs:1434 [2;3mon[0m ThreadId(1)

  [2m2026-06-09T18:58:13.945690Z[0m [32m INFO[0m [1;32mrch::transfer[0m[32m: [32mSync completed in 468ms[0m
    [2;3mat[0m rch/src/transfer.rs:1503 [2;3mon[0m ThreadId(1)

  [2m2026-06-09T18:58:13.945796Z[0m [32m INFO[0m [1;32mrch::transfer[0m[32m: [32mSyncing /data/projects/.scratch/frankentorch-fad7c-baseline-fd6d4029-20260609T1858/crates/ft-core -> /data/projects/.scratch/frankentorch-fad7c-baseline-fd6d4029-20260609T1858/crates/ft-core on ovh-a[0m
    [2;3mat[0m rch/src/transfer.rs:1434 [2;3mon[0m ThreadId(1)

  [2m2026-06-09T18:58:14.470470Z[0m [32m INFO[0m [1;32mrch::transfer[0m[32m: [32mSync completed in 524ms[0m
    [2;3mat[0m rch/src/transfer.rs:1503 [2;3mon[0m ThreadId(1)

  [2m2026-06-09T18:58:14.470558Z[0m [32m INFO[0m [1;32mrch::transfer[0m[32m: [32mSyncing /data/projects/.scratch/frankentorch-fad7c-baseline-fd6d4029-20260609T1858/crates/ft-data -> /data/projects/.scratch/frankentorch-fad7c-baseline-fd6d4029-20260609T1858/crates/ft-data on ovh-a[0m
    [2;3mat[0m rch/src/transfer.rs:1434 [2;3mon[0m ThreadId(1)

  [2m2026-06-09T18:58:14.998907Z[0m [32m INFO[0m [1;32mrch::transfer[0m[32m: [32mSync completed in 528ms[0m
    [2;3mat[0m rch/src/transfer.rs:1503 [2;3mon[0m ThreadId(1)

  [2m2026-06-09T18:58:14.999043Z[0m [32m INFO[0m [1;32mrch::transfer[0m[32m: [32mSyncing /data/projects/.scratch/frankentorch-fad7c-baseline-fd6d4029-20260609T1858/crates/ft-device -> /data/projects/.scratch/frankentorch-fad7c-baseline-fd6d4029-20260609T1858/crates/ft-device on ovh-a[0m
    [2;3mat[0m rch/src/transfer.rs:1434 [2;3mon[0m ThreadId(1)

  [2m2026-06-09T18:58:15.511432Z[0m [32m INFO[0m [1;32mrch::transfer[0m[32m: [32mSync completed in 512ms[0m
    [2;3mat[0m rch/src/transfer.rs:1503 [2;3mon[0m ThreadId(1)

  [2m2026-06-09T18:58:15.511522Z[0m [32m INFO[0m [1;32mrch::transfer[0m[32m: [32mSyncing /data/projects/.scratch/frankentorch-fad7c-baseline-fd6d4029-20260609T1858/crates/ft-dispatch -> /data/projects/.scratch/frankentorch-fad7c-baseline-fd6d4029-20260609T1858/crates/ft-dispatch on ovh-a[0m
    [2;3mat[0m rch/src/transfer.rs:1434 [2;3mon[0m ThreadId(1)

  [2m2026-06-09T18:58:16.016938Z[0m [32m INFO[0m [1;32mrch::transfer[0m[32m: [32mSync completed in 505ms[0m
    [2;3mat[0m rch/src/transfer.rs:1503 [2;3mon[0m ThreadId(1)

  [2m2026-06-09T18:58:16.017039Z[0m [32m INFO[0m [1;32mrch::transfer[0m[32m: [32mSyncing /data/projects/.scratch/frankentorch-fad7c-baseline-fd6d4029-20260609T1858/crates/ft-kernel-cpu -> /data/projects/.scratch/frankentorch-fad7c-baseline-fd6d4029-20260609T1858/crates/ft-kernel-cpu on ovh-a[0m
    [2;3mat[0m rch/src/transfer.rs:1434 [2;3mon[0m ThreadId(1)

  [2m2026-06-09T18:58:16.526306Z[0m [32m INFO[0m [1;32mrch::transfer[0m[32m: [32mSync completed in 509ms[0m
    [2;3mat[0m rch/src/transfer.rs:1503 [2;3mon[0m ThreadId(1)

  [2m2026-06-09T18:58:16.526423Z[0m [32m INFO[0m [1;32mrch::transfer[0m[32m: [32mSyncing /data/projects/.scratch/frankentorch-fad7c-baseline-fd6d4029-20260609T1858/crates/ft-nn -> /data/projects/.scratch/frankentorch-fad7c-baseline-fd6d4029-20260609T1858/crates/ft-nn on ovh-a[0m
    [2;3mat[0m rch/src/transfer.rs:1434 [2;3mon[0m ThreadId(1)

  [2m2026-06-09T18:58:17.041192Z[0m [32m INFO[0m [1;32mrch::transfer[0m[32m: [32mSync completed in 514ms[0m
    [2;3mat[0m rch/src/transfer.rs:1503 [2;3mon[0m ThreadId(1)

  [2m2026-06-09T18:58:17.041293Z[0m [32m INFO[0m [1;32mrch::transfer[0m[32m: [32mSyncing /data/projects/.scratch/frankentorch-fad7c-baseline-fd6d4029-20260609T1858/crates/ft-optim -> /data/projects/.scratch/frankentorch-fad7c-baseline-fd6d4029-20260609T1858/crates/ft-optim on ovh-a[0m
    [2;3mat[0m rch/src/transfer.rs:1434 [2;3mon[0m ThreadId(1)

  [2m2026-06-09T18:58:17.578572Z[0m [32m INFO[0m [1;32mrch::transfer[0m[32m: [32mSync completed in 537ms[0m
    [2;3mat[0m rch/src/transfer.rs:1503 [2;3mon[0m ThreadId(1)

  [2m2026-06-09T18:58:17.578659Z[0m [32m INFO[0m [1;32mrch::transfer[0m[32m: [32mSyncing /data/projects/.scratch/frankentorch-fad7c-baseline-fd6d4029-20260609T1858/crates/ft-runtime -> /data/projects/.scratch/frankentorch-fad7c-baseline-fd6d4029-20260609T1858/crates/ft-runtime on ovh-a[0m
    [2;3mat[0m rch/src/transfer.rs:1434 [2;3mon[0m ThreadId(1)

  [2m2026-06-09T18:58:18.134487Z[0m [32m INFO[0m [1;32mrch::transfer[0m[32m: [32mSync completed in 555ms[0m
    [2;3mat[0m rch/src/transfer.rs:1503 [2;3mon[0m ThreadId(1)

  [2m2026-06-09T18:58:18.134628Z[0m [32m INFO[0m [1;32mrch::transfer[0m[32m: [32mSyncing /data/projects/.scratch/frankentorch-fad7c-baseline-fd6d4029-20260609T1858/crates/ft-serialize -> /data/projects/.scratch/frankentorch-fad7c-baseline-fd6d4029-20260609T1858/crates/ft-serialize on ovh-a[0m
    [2;3mat[0m rch/src/transfer.rs:1434 [2;3mon[0m ThreadId(1)

  [2m2026-06-09T18:58:18.658155Z[0m [32m INFO[0m [1;32mrch::transfer[0m[32m: [32mSync completed in 523ms[0m
    [2;3mat[0m rch/src/transfer.rs:1503 [2;3mon[0m ThreadId(1)

  [2m2026-06-09T18:58:18.658204Z[0m [32m INFO[0m [1;32mrch::hook[0m[32m: [32mSync complete: 1855 files, 4419399 bytes in 6896ms[0m
    [2;3mat[0m rch/src/hook.rs:6209 [2;3mon[0m ThreadId(1)

  [2m2026-06-09T18:58:20.169473Z[0m [32m INFO[0m [1;32mrch::hook[0m[32m: [32mExecuting command remotely: cargo bench -p ft-api --bench ops_bench -- rms_norm/grad_2048x1024 --sample-size 10 --warm-up-time 1 --measurement-time 3[0m
    [2;3mat[0m rch/src/hook.rs:6252 [2;3mon[0m ThreadId(1)

  [2m2026-06-09T18:58:20.169521Z[0m [32m INFO[0m [1;32mrch::transfer[0m[32m: [32mRewriting CARGO_TARGET_DIR for remote execution (worker-scoped path): /data/tmp/cargo-target -> /data/projects/.scratch/frankentorch-fad7c-baseline-fd6d4029-20260609T1858/.rch-target-ovh-a-job-29879662679164241-1781031491753385072-0[0m
    [2;3mat[0m rch/src/transfer.rs:712 [2;3mon[0m ThreadId(1)

    Updating crates.io index
 Downloading crates ...
  Downloaded bytemuck_derive v1.10.2
  Downloaded proc-macro2 v1.0.106
  Downloaded once_cell v1.21.4
  Downloaded rawpointer v0.2.1
  Downloaded bytemuck v1.25.0
  Downloaded plotters-backend v0.3.7
  Downloaded anstyle v1.0.14
  Downloaded unicode-ident v1.0.24
  Downloaded serde v1.0.228
  Downloaded serde_core v1.0.228
  Downloaded rayon-core v1.13.0
  Downloaded same-file v1.0.6
  Downloaded anes v0.1.6
  Downloaded safe_arch v0.7.4
  Downloaded rayon v1.12.0
  Downloaded cfg-if v1.0.4
  Downloaded ciborium-io v0.2.2
  Downloaded is-terminal v0.4.17
  Downloaded plotters-svg v0.3.7
  Downloaded quote v1.0.45
  Downloaded tinytemplate v1.2.1
  Downloaded autocfg v1.5.0
  Downloaded ciborium-ll v0.2.2
  Downloaded either v1.15.0
  Downloaded oorandom v11.1.5
  Downloaded clap_lex v1.1.0
  Downloaded criterion-plot v0.5.0
  Downloaded crossbeam-utils v0.8.21
  Downloaded zmij v1.0.21
  Downloaded ciborium v0.2.2
  Downloaded clap v4.6.1
  Downloaded walkdir v2.5.0
  Downloaded cast v0.3.0
  Downloaded crossbeam-epoch v0.9.18
  Downloaded itoa v1.0.18
  Downloaded num-complex v0.4.6
  Downloaded num-traits v0.2.19
  Downloaded serde_derive v1.0.228
  Downloaded crossbeam-deque v0.8.6
  Downloaded half v2.7.1
  Downloaded wide v0.7.33
  Downloaded aho-corasick v1.1.4
  Downloaded matrixmultiply v0.3.10
  Downloaded zerocopy-derive v0.8.48
  Downloaded plotters v0.3.7
  Downloaded criterion v0.5.1
  Downloaded itertools v0.10.5
  Downloaded memchr v2.8.0
  Downloaded regex v1.12.3
  Downloaded serde_json v1.0.149
  Downloaded syn v2.0.117
  Downloaded clap_builder v4.6.0
  Downloaded libm v0.2.16
  Downloaded zerocopy v0.8.48
  Downloaded regex-syntax v0.8.10
  Downloaded regex-automata v0.4.14
  Downloaded libc v0.2.185
   Compiling proc-macro2 v1.0.106
   Compiling unicode-ident v1.0.24
   Compiling quote v1.0.45
   Compiling autocfg v1.5.0
   Compiling zerocopy v0.8.48
   Compiling crossbeam-utils v0.8.21
   Compiling cfg-if v1.0.4
   Compiling rayon-core v1.13.0
   Compiling either v1.15.0
   Compiling serde_core v1.0.228
   Compiling libm v0.2.16
   Compiling zmij v1.0.21
   Compiling rawpointer v0.2.1
   Compiling serde v1.0.228
   Compiling libc v0.2.185
   Compiling serde_json v1.0.149
   Compiling ciborium-io v0.2.2
   Compiling anstyle v1.0.14
   Compiling clap_lex v1.1.0
   Compiling memchr v2.8.0
   Compiling itoa v1.0.18
   Compiling regex-syntax v0.8.10
   Compiling plotters-backend v0.3.7
   Compiling itertools v0.10.5
   Compiling clap_builder v4.6.0
   Compiling num-traits v0.2.19
   Compiling matrixmultiply v0.3.10
   Compiling plotters-svg v0.3.7
   Compiling cast v0.3.0
   Compiling same-file v1.0.6
   Compiling anes v0.1.6
   Compiling walkdir v2.5.0
   Compiling once_cell v1.21.4
   Compiling syn v2.0.117
   Compiling crossbeam-epoch v0.9.18
   Compiling oorandom v11.1.5
   Compiling crossbeam-deque v0.8.6
   Compiling is-terminal v0.4.17
   Compiling criterion-plot v0.5.0
   Compiling num-complex v0.4.6
   Compiling plotters v0.3.7
   Compiling rayon v1.12.0
   Compiling regex-automata v0.4.14
   Compiling clap v4.6.1
   Compiling bytemuck_derive v1.10.2
   Compiling zerocopy-derive v0.8.48
   Compiling serde_derive v1.0.228
   Compiling regex v1.12.3
   Compiling bytemuck v1.25.0
   Compiling safe_arch v0.7.4
   Compiling wide v0.7.33
   Compiling tinytemplate v1.2.1
   Compiling half v2.7.1
   Compiling ft-core v0.1.0 (/data/projects/.scratch/frankentorch-fad7c-baseline-fd6d4029-20260609T1858/crates/ft-core)
   Compiling ciborium-ll v0.2.2
   Compiling ciborium v0.2.2
   Compiling ft-kernel-cpu v0.1.0 (/data/projects/.scratch/frankentorch-fad7c-baseline-fd6d4029-20260609T1858/crates/ft-kernel-cpu)
   Compiling ft-runtime v0.1.0 (/data/projects/.scratch/frankentorch-fad7c-baseline-fd6d4029-20260609T1858/crates/ft-runtime)
   Compiling criterion v0.5.1
   Compiling ft-dispatch v0.1.0 (/data/projects/.scratch/frankentorch-fad7c-baseline-fd6d4029-20260609T1858/crates/ft-dispatch)
   Compiling ft-autograd v0.1.0 (/data/projects/.scratch/frankentorch-fad7c-baseline-fd6d4029-20260609T1858/crates/ft-autograd)
   Compiling ft-api v0.1.0 (/data/projects/.scratch/frankentorch-fad7c-baseline-fd6d4029-20260609T1858/crates/ft-api)
    Finished `bench` profile [optimized + debuginfo] target(s) in 1m 05s
     Running benches/ops_bench.rs (.rch-target-ovh-a-job-29879662679164241-1781031491753385072-0/release/deps/ops_bench-3580695916ae9312)
Gnuplot not found, using plotters backend
Benchmarking rms_norm/grad_2048x1024
Benchmarking rms_norm/grad_2048x1024: Warming up for 1.0000 s
Benchmarking rms_norm/grad_2048x1024: Collecting 10 samples in estimated 3.9594 s (30 iterations)
Benchmarking rms_norm/grad_2048x1024: Analyzing
rms_norm/grad_2048x1024 time:   [127.87 ms 128.97 ms 130.36 ms]
Found 1 outliers among 10 measurements (10.00%)
  1 (10.00%) high mild

  [2m2026-06-09T18:59:32.252790Z[0m [32m INFO[0m [1;32mrch::hook[0m[32m: [32mRemote command finished: exit=0 in 72083ms[0m
    [2;3mat[0m rch/src/hook.rs:6376 [2;3mon[0m ThreadId(1)

  [2m2026-06-09T18:59:32.253172Z[0m [32m INFO[0m [1;32mrch::hook[0m[32m: [32mRetrieving build artifacts...[0m
    [2;3mat[0m rch/src/hook.rs:6425 [2;3mon[0m ThreadId(1)

  [2m2026-06-09T18:59:32.253190Z[0m [32m INFO[0m [1;32mrch::transfer[0m[32m: [32mRetrieving artifacts from /data/projects/.scratch/frankentorch-fad7c-baseline-fd6d4029-20260609T1858 on ovh-a[0m
    [2;3mat[0m rch/src/transfer.rs:2106 [2;3mon[0m ThreadId(1)

  [2m2026-06-09T18:59:32.744390Z[0m [32m INFO[0m [1;32mrch::transfer[0m[32m: [32mArtifacts retrieved in 491ms (1 files, 1180 bytes)[0m
    [2;3mat[0m rch/src/transfer.rs:2145 [2;3mon[0m ThreadId(1)

  [2m2026-06-09T18:59:32.744419Z[0m [32m INFO[0m [1;32mrch::hook[0m[32m: [32mArtifacts retrieved: 1 files, 1180 bytes in 491ms[0m
    [2;3mat[0m rch/src/hook.rs:6458 [2;3mon[0m ThreadId(1)

  [2m2026-06-09T18:59:32.744500Z[0m [32m INFO[0m [1;32mrch::transfer[0m[32m: [32mRetrieving artifacts from /data/projects/.scratch/frankentorch-fad7c-baseline-fd6d4029-20260609T1858/.rch-target-ovh-a-job-29879662679164241-1781031491753385072-0 on ovh-a[0m
    [2;3mat[0m rch/src/transfer.rs:2106 [2;3mon[0m ThreadId(1)

  [2m2026-06-09T18:59:33.206308Z[0m [32m INFO[0m [1;32mrch::transfer[0m[32m: [32mArtifacts retrieved in 461ms (164 files, 1985 bytes)[0m
    [2;3mat[0m rch/src/transfer.rs:2145 [2;3mon[0m ThreadId(1)

  [2m2026-06-09T18:59:33.206339Z[0m [32m INFO[0m [1;32mrch::hook[0m[32m: [32mCustom CARGO_TARGET_DIR artifacts retrieved: 164 files, 1985 bytes in 461ms[0m
    [2;3mat[0m rch/src/hook.rs:6582 [2;3mon[0m ThreadId(1)

[RCH] remote ovh-a (82.6s)
