  [2m2026-06-10T03:18:58.909497Z[0m [32m INFO[0m [1;32mrch::hook[0m[32m: [32mSelected worker: vmi1227854 at root@109.123.245.77 (0 slots remaining after reservation, speed 50.0)[0m
    [2;3mat[0m rch/src/hook.rs:514 [2;3mon[0m ThreadId(1)

  [2m2026-06-10T03:18:59.235553Z[0m [32m INFO[0m [1;32mrch::hook[0m[32m: [32mStarting remote compilation pipeline for frankentorch (hash: 3d6dc0f5ca5d2899)[0m
    [2;3mat[0m rch/src/hook.rs:5994 [2;3mon[0m ThreadId(1)

  [2m2026-06-10T03:18:59.235597Z[0m [32m INFO[0m [1;32mrch::hook[0m[32m: [32mPrepared dependency sync manifest for 13 roots[0m
    [2;3mat[0m rch/src/hook.rs:6016 [2;3mon[0m ThreadId(1)

  [2m2026-06-10T03:19:00.990354Z[0m [32m INFO[0m [1;32mrch::hook[0m[32m: [32mSyncing project to worker vmi1227854...[0m
    [2;3mat[0m rch/src/hook.rs:6046 [2;3mon[0m ThreadId(1)

  [2m2026-06-10T03:19:00.990452Z[0m [32m INFO[0m [1;32mrch::transfer[0m[32m: [32mSyncing /data/projects/frankentorch -> /data/projects/frankentorch on vmi1227854[0m
    [2;3mat[0m rch/src/transfer.rs:1434 [2;3mon[0m ThreadId(1)

  [2m2026-06-10T03:19:11.026647Z[0m [32m INFO[0m [1;32mrch::transfer[0m[32m: [32mSync completed in 10036ms[0m
    [2;3mat[0m rch/src/transfer.rs:1503 [2;3mon[0m ThreadId(1)

  [2m2026-06-10T03:19:11.026801Z[0m [32m INFO[0m [1;32mrch::transfer[0m[32m: [32mSyncing /data/projects/frankentorch/crates/ft-api -> /data/projects/frankentorch/crates/ft-api on vmi1227854[0m
    [2;3mat[0m rch/src/transfer.rs:1434 [2;3mon[0m ThreadId(1)

  [2m2026-06-10T03:19:13.129925Z[0m [32m INFO[0m [1;32mrch::transfer[0m[32m: [32mSync completed in 2103ms[0m
    [2;3mat[0m rch/src/transfer.rs:1503 [2;3mon[0m ThreadId(1)

  [2m2026-06-10T03:19:13.130071Z[0m [32m INFO[0m [1;32mrch::transfer[0m[32m: [32mSyncing /data/projects/frankentorch/crates/ft-autograd -> /data/projects/frankentorch/crates/ft-autograd on vmi1227854[0m
    [2;3mat[0m rch/src/transfer.rs:1434 [2;3mon[0m ThreadId(1)

  [2m2026-06-10T03:19:15.343961Z[0m [32m INFO[0m [1;32mrch::transfer[0m[32m: [32mSync completed in 2213ms[0m
    [2;3mat[0m rch/src/transfer.rs:1503 [2;3mon[0m ThreadId(1)

  [2m2026-06-10T03:19:15.344078Z[0m [32m INFO[0m [1;32mrch::transfer[0m[32m: [32mSyncing /data/projects/frankentorch/crates/ft-conformance -> /data/projects/frankentorch/crates/ft-conformance on vmi1227854[0m
    [2;3mat[0m rch/src/transfer.rs:1434 [2;3mon[0m ThreadId(1)

  [2m2026-06-10T03:19:17.533559Z[0m [32m INFO[0m [1;32mrch::transfer[0m[32m: [32mSync completed in 2189ms[0m
    [2;3mat[0m rch/src/transfer.rs:1503 [2;3mon[0m ThreadId(1)

  [2m2026-06-10T03:19:17.533705Z[0m [32m INFO[0m [1;32mrch::transfer[0m[32m: [32mSyncing /data/projects/frankentorch/crates/ft-core -> /data/projects/frankentorch/crates/ft-core on vmi1227854[0m
    [2;3mat[0m rch/src/transfer.rs:1434 [2;3mon[0m ThreadId(1)

  [2m2026-06-10T03:19:19.498318Z[0m [32m INFO[0m [1;32mrch::transfer[0m[32m: [32mSync completed in 1964ms[0m
    [2;3mat[0m rch/src/transfer.rs:1503 [2;3mon[0m ThreadId(1)

  [2m2026-06-10T03:19:19.498455Z[0m [32m INFO[0m [1;32mrch::transfer[0m[32m: [32mSyncing /data/projects/frankentorch/crates/ft-data -> /data/projects/frankentorch/crates/ft-data on vmi1227854[0m
    [2;3mat[0m rch/src/transfer.rs:1434 [2;3mon[0m ThreadId(1)

  [2m2026-06-10T03:19:21.516472Z[0m [32m INFO[0m [1;32mrch::transfer[0m[32m: [32mSync completed in 2018ms[0m
    [2;3mat[0m rch/src/transfer.rs:1503 [2;3mon[0m ThreadId(1)

  [2m2026-06-10T03:19:21.516600Z[0m [32m INFO[0m [1;32mrch::transfer[0m[32m: [32mSyncing /data/projects/frankentorch/crates/ft-device -> /data/projects/frankentorch/crates/ft-device on vmi1227854[0m
    [2;3mat[0m rch/src/transfer.rs:1434 [2;3mon[0m ThreadId(1)

  [2m2026-06-10T03:19:23.382451Z[0m [32m INFO[0m [1;32mrch::transfer[0m[32m: [32mSync completed in 1865ms[0m
    [2;3mat[0m rch/src/transfer.rs:1503 [2;3mon[0m ThreadId(1)

  [2m2026-06-10T03:19:23.382573Z[0m [32m INFO[0m [1;32mrch::transfer[0m[32m: [32mSyncing /data/projects/frankentorch/crates/ft-dispatch -> /data/projects/frankentorch/crates/ft-dispatch on vmi1227854[0m
    [2;3mat[0m rch/src/transfer.rs:1434 [2;3mon[0m ThreadId(1)

  [2m2026-06-10T03:19:25.397598Z[0m [32m INFO[0m [1;32mrch::transfer[0m[32m: [32mSync completed in 2015ms[0m
    [2;3mat[0m rch/src/transfer.rs:1503 [2;3mon[0m ThreadId(1)

  [2m2026-06-10T03:19:25.397776Z[0m [32m INFO[0m [1;32mrch::transfer[0m[32m: [32mSyncing /data/projects/frankentorch/crates/ft-kernel-cpu -> /data/projects/frankentorch/crates/ft-kernel-cpu on vmi1227854[0m
    [2;3mat[0m rch/src/transfer.rs:1434 [2;3mon[0m ThreadId(1)

  [2m2026-06-10T03:19:27.303371Z[0m [32m INFO[0m [1;32mrch::transfer[0m[32m: [32mSync completed in 1905ms[0m
    [2;3mat[0m rch/src/transfer.rs:1503 [2;3mon[0m ThreadId(1)

  [2m2026-06-10T03:19:27.303497Z[0m [32m INFO[0m [1;32mrch::transfer[0m[32m: [32mSyncing /data/projects/frankentorch/crates/ft-nn -> /data/projects/frankentorch/crates/ft-nn on vmi1227854[0m
    [2;3mat[0m rch/src/transfer.rs:1434 [2;3mon[0m ThreadId(1)

  [2m2026-06-10T03:19:29.551575Z[0m [32m INFO[0m [1;32mrch::transfer[0m[32m: [32mSync completed in 2248ms[0m
    [2;3mat[0m rch/src/transfer.rs:1503 [2;3mon[0m ThreadId(1)

  [2m2026-06-10T03:19:29.551698Z[0m [32m INFO[0m [1;32mrch::transfer[0m[32m: [32mSyncing /data/projects/frankentorch/crates/ft-optim -> /data/projects/frankentorch/crates/ft-optim on vmi1227854[0m
    [2;3mat[0m rch/src/transfer.rs:1434 [2;3mon[0m ThreadId(1)

  [2m2026-06-10T03:19:31.598792Z[0m [32m INFO[0m [1;32mrch::transfer[0m[32m: [32mSync completed in 2047ms[0m
    [2;3mat[0m rch/src/transfer.rs:1503 [2;3mon[0m ThreadId(1)

  [2m2026-06-10T03:19:31.598918Z[0m [32m INFO[0m [1;32mrch::transfer[0m[32m: [32mSyncing /data/projects/frankentorch/crates/ft-runtime -> /data/projects/frankentorch/crates/ft-runtime on vmi1227854[0m
    [2;3mat[0m rch/src/transfer.rs:1434 [2;3mon[0m ThreadId(1)

  [2m2026-06-10T03:19:33.649426Z[0m [32m INFO[0m [1;32mrch::transfer[0m[32m: [32mSync completed in 2050ms[0m
    [2;3mat[0m rch/src/transfer.rs:1503 [2;3mon[0m ThreadId(1)

  [2m2026-06-10T03:19:33.649550Z[0m [32m INFO[0m [1;32mrch::transfer[0m[32m: [32mSyncing /data/projects/frankentorch/crates/ft-serialize -> /data/projects/frankentorch/crates/ft-serialize on vmi1227854[0m
    [2;3mat[0m rch/src/transfer.rs:1434 [2;3mon[0m ThreadId(1)

  [2m2026-06-10T03:19:35.735483Z[0m [32m INFO[0m [1;32mrch::transfer[0m[32m: [32mSync completed in 2085ms[0m
    [2;3mat[0m rch/src/transfer.rs:1503 [2;3mon[0m ThreadId(1)

  [2m2026-06-10T03:19:35.735531Z[0m [32m INFO[0m [1;32mrch::hook[0m[32m: [32mSync complete: 51376 files, 1830856 bytes in 34738ms[0m
    [2;3mat[0m rch/src/hook.rs:6209 [2;3mon[0m ThreadId(1)

  [2m2026-06-10T03:19:40.462448Z[0m [32m INFO[0m [1;32mrch::hook[0m[32m: [32mExecuting command remotely: cargo bench -j 1 -p ft-kernel-cpu --bench linalg_bench -- sym_to_banded_f64_128x128_b16 --warm-up-time 1 --measurement-time 2 --sample-size 10[0m
    [2;3mat[0m rch/src/hook.rs:6252 [2;3mon[0m ThreadId(1)

  [2m2026-06-10T03:19:40.462521Z[0m [32m INFO[0m [1;32mrch::transfer[0m[32m: [32mRewriting CARGO_TARGET_DIR for remote execution (worker-scoped path): /data/tmp/cargo-target -> /data/projects/frankentorch/.rch-target-vmi1227854-job-29879662679164865-1781061540990347224-0[0m
    [2;3mat[0m rch/src/transfer.rs:712 [2;3mon[0m ThreadId(1)

    Updating crates.io index
 Downloading crates ...
  Downloaded anes v0.1.6
  Downloaded errno v0.3.14
  Downloaded itoa v1.0.18
  Downloaded is-terminal v0.4.17
  Downloaded ciborium-io v0.2.2
  Downloaded ciborium-ll v0.2.2
  Downloaded bit-set v0.8.0
  Downloaded plotters-backend v0.3.7
  Downloaded wait-timeout v0.2.1
  Downloaded same-file v1.0.6
  Downloaded rawpointer v0.2.1
  Downloaded quick-error v1.2.3
  Downloaded plotters-svg v0.3.7
  Downloaded cast v0.3.0
  Downloaded fnv v1.0.7
  Downloaded cfg-if v1.0.4
  Downloaded rand_xorshift v0.4.0
  Downloaded clap_lex v1.1.0
  Downloaded anstyle v1.0.14
  Downloaded autocfg v1.5.0
  Downloaded either v1.15.0
  Downloaded walkdir v2.5.0
  Downloaded bit-vec v0.8.0
  Downloaded crossbeam-deque v0.8.6
  Downloaded criterion-plot v0.5.0
  Downloaded zmij v1.0.21
  Downloaded ppv-lite86 v0.2.21
  Downloaded oorandom v11.1.5
  Downloaded rusty-fork v0.3.1
  Downloaded tinytemplate v1.2.1
  Downloaded rand_core v0.9.5
  Downloaded console v0.16.3
  Downloaded rand_chacha v0.9.0
  Downloaded once_cell v1.21.4
  Downloaded bytemuck_derive v1.10.2
  Downloaded quote v1.0.45
  Downloaded crossbeam-epoch v0.9.18
  Downloaded crossbeam-utils v0.8.21
  Downloaded tempfile v3.27.0
  Downloaded bitflags v2.11.1
  Downloaded num-traits v0.2.19
  Downloaded unicode-ident v1.0.24
  Downloaded half v2.7.1
  Downloaded memchr v2.8.0
  Downloaded ciborium v0.2.2
  Downloaded bytemuck v1.25.0
  Downloaded zerocopy-derive v0.8.48
  Downloaded wide v0.7.33
  Downloaded itertools v0.10.5
  Downloaded serde_json v1.0.149
  Downloaded regex v1.12.3
  Downloaded rayon v1.12.0
  Downloaded proptest v1.11.0
  Downloaded clap_builder v4.6.0
  Downloaded zerocopy v0.8.48
  Downloaded plotters v0.3.7
  Downloaded syn v2.0.117
  Downloaded regex-syntax v0.8.10
  Downloaded libm v0.2.16
  Downloaded insta v1.47.2
  Downloaded rustix v1.1.4
  Downloaded aho-corasick v1.1.4
  Downloaded rand v0.9.4
  Downloaded criterion v0.5.1
  Downloaded serde v1.0.228
  Downloaded safe_arch v0.7.4
  Downloaded rayon-core v1.13.0
  Downloaded regex-automata v0.4.14
  Downloaded similar v2.7.0
  Downloaded serde_derive v1.0.228
  Downloaded serde_core v1.0.228
  Downloaded proc-macro2 v1.0.106
  Downloaded libc v0.2.185
  Downloaded num-complex v0.4.6
  Downloaded matrixmultiply v0.3.10
  Downloaded getrandom v0.3.4
  Downloaded clap v4.6.1
  Downloaded linux-raw-sys v0.12.1
  Downloaded fastrand v2.4.1
  Downloaded unarray v0.1.4
   Compiling proc-macro2 v1.0.106
   Compiling unicode-ident v1.0.24
   Compiling quote v1.0.45
   Compiling syn v2.0.117
   Compiling libc v0.2.185
   Compiling cfg-if v1.0.4
   Compiling autocfg v1.5.0
   Compiling zerocopy v0.8.48
   Compiling zerocopy-derive v0.8.48
   Compiling getrandom v0.3.4
   Compiling bytemuck_derive v1.10.2
   Compiling bytemuck v1.25.0
   Compiling num-traits v0.2.19
   Compiling crossbeam-utils v0.8.21
   Compiling serde_core v1.0.228
   Compiling rustix v1.1.4
   Compiling crossbeam-epoch v0.9.18
   Compiling half v2.7.1
   Compiling rayon-core v1.13.0
   Compiling bitflags v2.11.1
   Compiling once_cell v1.21.4
   Compiling serde v1.0.228
   Compiling zmij v1.0.21
   Compiling either v1.15.0
   Compiling linux-raw-sys v0.12.1
   Compiling crossbeam-deque v0.8.6
   Compiling rand_core v0.9.5
   Compiling serde_derive v1.0.228
   Compiling fastrand v2.4.1
   Compiling serde_json v1.0.149
   Compiling regex-syntax v0.8.10
   Compiling tempfile v3.27.0
   Compiling matrixmultiply v0.3.10
   Compiling clap_lex v1.1.0
   Compiling itoa v1.0.18
   Compiling ciborium-io v0.2.2
   Compiling anstyle v1.0.14
   Compiling memchr v2.8.0
   Compiling plotters-backend v0.3.7
   Compiling libm v0.2.16
   Compiling plotters-svg v0.3.7
   Compiling clap_builder v4.6.0
   Compiling ciborium-ll v0.2.2
   Compiling rayon v1.12.0
   Compiling regex-automata v0.4.14
   Compiling itertools v0.10.5
   Compiling num-complex v0.4.6
   Compiling safe_arch v0.7.4
   Compiling ppv-lite86 v0.2.21
   Compiling wait-timeout v0.2.1
   Compiling rawpointer v0.2.1
   Compiling cast v0.3.0
   Compiling same-file v1.0.6
   Compiling bit-vec v0.8.0
   Compiling fnv v1.0.7
   Compiling quick-error v1.2.3
   Compiling rusty-fork v0.3.1
   Compiling bit-set v0.8.0
   Compiling walkdir v2.5.0
   Compiling criterion-plot v0.5.0
   Compiling rand_chacha v0.9.0
   Compiling wide v0.7.33
   Compiling ft-core v0.1.0 (/data/projects/frankentorch/crates/ft-core)
   Compiling regex v1.12.3
   Compiling ciborium v0.2.2
   Compiling clap v4.6.1
   Compiling tinytemplate v1.2.1
   Compiling plotters v0.3.7
   Compiling rand_xorshift v0.4.0
   Compiling rand v0.9.4
   Compiling is-terminal v0.4.17
   Compiling console v0.16.3
   Compiling unarray v0.1.4
   Compiling similar v2.7.0
   Compiling oorandom v11.1.5
   Compiling anes v0.1.6
   Compiling criterion v0.5.1
   Compiling insta v1.47.2
   Compiling proptest v1.11.0
   Compiling ft-kernel-cpu v0.1.0 (/data/projects/frankentorch/crates/ft-kernel-cpu)
    Finished `bench` profile [optimized + debuginfo] target(s) in 3m 46s
     Running benches/linalg_bench.rs (.rch-target-vmi1227854-job-29879662679164865-1781061540990347224-0/release/deps/linalg_bench-a1fa7e7590f4a8db)
Gnuplot not found, using plotters backend
Benchmarking sym_to_banded_f64_128x128_b16
Benchmarking sym_to_banded_f64_128x128_b16: Warming up for 1.0000 s
Benchmarking sym_to_banded_f64_128x128_b16: Collecting 10 samples in estimated 2.1124 s (660 iterations)
Benchmarking sym_to_banded_f64_128x128_b16: Analyzing
sym_to_banded_f64_128x128_b16
                        time:   [3.1217 ms 3.3211 ms 3.5014 ms]

  [2m2026-06-10T03:24:10.170254Z[0m [32m INFO[0m [1;32mrch::hook[0m[32m: [32mRemote command finished: exit=0 in 269707ms[0m
    [2;3mat[0m rch/src/hook.rs:6376 [2;3mon[0m ThreadId(1)

  [2m2026-06-10T03:24:10.170551Z[0m [32m INFO[0m [1;32mrch::hook[0m[32m: [32mRetrieving build artifacts...[0m
    [2;3mat[0m rch/src/hook.rs:6425 [2;3mon[0m ThreadId(1)

  [2m2026-06-10T03:24:10.170565Z[0m [32m INFO[0m [1;32mrch::transfer[0m[32m: [32mRetrieving artifacts from /data/projects/frankentorch on vmi1227854[0m
    [2;3mat[0m rch/src/transfer.rs:2106 [2;3mon[0m ThreadId(1)

  [2m2026-06-10T03:24:12.254586Z[0m [32m INFO[0m [1;32mrch::transfer[0m[32m: [32mArtifacts retrieved in 2083ms (5 files, 1809 bytes)[0m
    [2;3mat[0m rch/src/transfer.rs:2145 [2;3mon[0m ThreadId(1)

  [2m2026-06-10T03:24:12.254609Z[0m [32m INFO[0m [1;32mrch::hook[0m[32m: [32mArtifacts retrieved: 5 files, 1809 bytes in 2083ms[0m
    [2;3mat[0m rch/src/hook.rs:6458 [2;3mon[0m ThreadId(1)

  [2m2026-06-10T03:24:12.254730Z[0m [32m INFO[0m [1;32mrch::transfer[0m[32m: [32mRetrieving artifacts from /data/projects/frankentorch/.rch-target-vmi1227854-job-29879662679164865-1781061540990347224-0 on vmi1227854[0m
    [2;3mat[0m rch/src/transfer.rs:2106 [2;3mon[0m ThreadId(1)

  [2m2026-06-10T03:24:14.468939Z[0m [32m INFO[0m [1;32mrch::transfer[0m[32m: [32mArtifacts retrieved in 2214ms (189 files, 888 bytes)[0m
    [2;3mat[0m rch/src/transfer.rs:2145 [2;3mon[0m ThreadId(1)

  [2m2026-06-10T03:24:14.468969Z[0m [32m INFO[0m [1;32mrch::hook[0m[32m: [32mCustom CARGO_TARGET_DIR artifacts retrieved: 189 files, 888 bytes in 2214ms[0m
    [2;3mat[0m rch/src/hook.rs:6582 [2;3mon[0m ThreadId(1)

[RCH] remote vmi1227854 (315.6s)
