  [2m2026-06-10T04:56:02.650337Z[0m [32m INFO[0m [1;32mrch::hook[0m[32m: [32mSelected worker: vmi1227854 at root@109.123.245.77 (2 slots remaining after reservation, speed 50.0)[0m
    [2;3mat[0m rch/src/hook.rs:514 [2;3mon[0m ThreadId(1)

  [2m2026-06-10T04:56:02.966661Z[0m [32m INFO[0m [1;32mrch::hook[0m[32m: [32mStarting remote compilation pipeline for frankentorch (hash: 3d6dc0f5ca5d2899)[0m
    [2;3mat[0m rch/src/hook.rs:5994 [2;3mon[0m ThreadId(1)

  [2m2026-06-10T04:56:02.966700Z[0m [32m INFO[0m [1;32mrch::hook[0m[32m: [32mPrepared dependency sync manifest for 13 roots[0m
    [2;3mat[0m rch/src/hook.rs:6016 [2;3mon[0m ThreadId(1)

  [2m2026-06-10T04:56:04.945833Z[0m [32m INFO[0m [1;32mrch::hook[0m[32m: [32mSyncing project to worker vmi1227854...[0m
    [2;3mat[0m rch/src/hook.rs:6046 [2;3mon[0m ThreadId(1)

  [2m2026-06-10T04:56:04.945899Z[0m [32m INFO[0m [1;32mrch::transfer[0m[32m: [32mSyncing /data/projects/frankentorch -> /data/projects/frankentorch on vmi1227854[0m
    [2;3mat[0m rch/src/transfer.rs:1434 [2;3mon[0m ThreadId(1)

  [2m2026-06-10T04:56:13.124515Z[0m [32m INFO[0m [1;32mrch::transfer[0m[32m: [32mSync completed in 8178ms[0m
    [2;3mat[0m rch/src/transfer.rs:1503 [2;3mon[0m ThreadId(1)

  [2m2026-06-10T04:56:13.124579Z[0m [32m INFO[0m [1;32mrch::transfer[0m[32m: [32mSyncing /data/projects/frankentorch/crates/ft-api -> /data/projects/frankentorch/crates/ft-api on vmi1227854[0m
    [2;3mat[0m rch/src/transfer.rs:1434 [2;3mon[0m ThreadId(1)

  [2m2026-06-10T04:56:14.953433Z[0m [32m INFO[0m [1;32mrch::transfer[0m[32m: [32mSync completed in 1828ms[0m
    [2;3mat[0m rch/src/transfer.rs:1503 [2;3mon[0m ThreadId(1)

  [2m2026-06-10T04:56:14.953494Z[0m [32m INFO[0m [1;32mrch::transfer[0m[32m: [32mSyncing /data/projects/frankentorch/crates/ft-autograd -> /data/projects/frankentorch/crates/ft-autograd on vmi1227854[0m
    [2;3mat[0m rch/src/transfer.rs:1434 [2;3mon[0m ThreadId(1)

  [2m2026-06-10T04:56:16.844127Z[0m [32m INFO[0m [1;32mrch::transfer[0m[32m: [32mSync completed in 1890ms[0m
    [2;3mat[0m rch/src/transfer.rs:1503 [2;3mon[0m ThreadId(1)

  [2m2026-06-10T04:56:16.844193Z[0m [32m INFO[0m [1;32mrch::transfer[0m[32m: [32mSyncing /data/projects/frankentorch/crates/ft-conformance -> /data/projects/frankentorch/crates/ft-conformance on vmi1227854[0m
    [2;3mat[0m rch/src/transfer.rs:1434 [2;3mon[0m ThreadId(1)

  [2m2026-06-10T04:56:18.789021Z[0m [32m INFO[0m [1;32mrch::transfer[0m[32m: [32mSync completed in 1944ms[0m
    [2;3mat[0m rch/src/transfer.rs:1503 [2;3mon[0m ThreadId(1)

  [2m2026-06-10T04:56:18.789105Z[0m [32m INFO[0m [1;32mrch::transfer[0m[32m: [32mSyncing /data/projects/frankentorch/crates/ft-core -> /data/projects/frankentorch/crates/ft-core on vmi1227854[0m
    [2;3mat[0m rch/src/transfer.rs:1434 [2;3mon[0m ThreadId(1)

  [2m2026-06-10T04:56:20.704931Z[0m [32m INFO[0m [1;32mrch::transfer[0m[32m: [32mSync completed in 1915ms[0m
    [2;3mat[0m rch/src/transfer.rs:1503 [2;3mon[0m ThreadId(1)

  [2m2026-06-10T04:56:20.705002Z[0m [32m INFO[0m [1;32mrch::transfer[0m[32m: [32mSyncing /data/projects/frankentorch/crates/ft-data -> /data/projects/frankentorch/crates/ft-data on vmi1227854[0m
    [2;3mat[0m rch/src/transfer.rs:1434 [2;3mon[0m ThreadId(1)

  [2m2026-06-10T04:56:22.599531Z[0m [32m INFO[0m [1;32mrch::transfer[0m[32m: [32mSync completed in 1894ms[0m
    [2;3mat[0m rch/src/transfer.rs:1503 [2;3mon[0m ThreadId(1)

  [2m2026-06-10T04:56:22.599595Z[0m [32m INFO[0m [1;32mrch::transfer[0m[32m: [32mSyncing /data/projects/frankentorch/crates/ft-device -> /data/projects/frankentorch/crates/ft-device on vmi1227854[0m
    [2;3mat[0m rch/src/transfer.rs:1434 [2;3mon[0m ThreadId(1)

  [2m2026-06-10T04:56:24.494212Z[0m [32m INFO[0m [1;32mrch::transfer[0m[32m: [32mSync completed in 1894ms[0m
    [2;3mat[0m rch/src/transfer.rs:1503 [2;3mon[0m ThreadId(1)

  [2m2026-06-10T04:56:24.494279Z[0m [32m INFO[0m [1;32mrch::transfer[0m[32m: [32mSyncing /data/projects/frankentorch/crates/ft-dispatch -> /data/projects/frankentorch/crates/ft-dispatch on vmi1227854[0m
    [2;3mat[0m rch/src/transfer.rs:1434 [2;3mon[0m ThreadId(1)

  [2m2026-06-10T04:56:26.262899Z[0m [32m INFO[0m [1;32mrch::transfer[0m[32m: [32mSync completed in 1768ms[0m
    [2;3mat[0m rch/src/transfer.rs:1503 [2;3mon[0m ThreadId(1)

  [2m2026-06-10T04:56:26.262984Z[0m [32m INFO[0m [1;32mrch::transfer[0m[32m: [32mSyncing /data/projects/frankentorch/crates/ft-kernel-cpu -> /data/projects/frankentorch/crates/ft-kernel-cpu on vmi1227854[0m
    [2;3mat[0m rch/src/transfer.rs:1434 [2;3mon[0m ThreadId(1)

  [2m2026-06-10T04:56:28.082872Z[0m [32m INFO[0m [1;32mrch::transfer[0m[32m: [32mSync completed in 1819ms[0m
    [2;3mat[0m rch/src/transfer.rs:1503 [2;3mon[0m ThreadId(1)

  [2m2026-06-10T04:56:28.082960Z[0m [32m INFO[0m [1;32mrch::transfer[0m[32m: [32mSyncing /data/projects/frankentorch/crates/ft-nn -> /data/projects/frankentorch/crates/ft-nn on vmi1227854[0m
    [2;3mat[0m rch/src/transfer.rs:1434 [2;3mon[0m ThreadId(1)

  [2m2026-06-10T04:56:29.864055Z[0m [32m INFO[0m [1;32mrch::transfer[0m[32m: [32mSync completed in 1781ms[0m
    [2;3mat[0m rch/src/transfer.rs:1503 [2;3mon[0m ThreadId(1)

  [2m2026-06-10T04:56:29.864140Z[0m [32m INFO[0m [1;32mrch::transfer[0m[32m: [32mSyncing /data/projects/frankentorch/crates/ft-optim -> /data/projects/frankentorch/crates/ft-optim on vmi1227854[0m
    [2;3mat[0m rch/src/transfer.rs:1434 [2;3mon[0m ThreadId(1)

  [2m2026-06-10T04:56:31.776959Z[0m [32m INFO[0m [1;32mrch::transfer[0m[32m: [32mSync completed in 1912ms[0m
    [2;3mat[0m rch/src/transfer.rs:1503 [2;3mon[0m ThreadId(1)

  [2m2026-06-10T04:56:31.777039Z[0m [32m INFO[0m [1;32mrch::transfer[0m[32m: [32mSyncing /data/projects/frankentorch/crates/ft-runtime -> /data/projects/frankentorch/crates/ft-runtime on vmi1227854[0m
    [2;3mat[0m rch/src/transfer.rs:1434 [2;3mon[0m ThreadId(1)

  [2m2026-06-10T04:56:33.619938Z[0m [32m INFO[0m [1;32mrch::transfer[0m[32m: [32mSync completed in 1842ms[0m
    [2;3mat[0m rch/src/transfer.rs:1503 [2;3mon[0m ThreadId(1)

  [2m2026-06-10T04:56:33.620010Z[0m [32m INFO[0m [1;32mrch::transfer[0m[32m: [32mSyncing /data/projects/frankentorch/crates/ft-serialize -> /data/projects/frankentorch/crates/ft-serialize on vmi1227854[0m
    [2;3mat[0m rch/src/transfer.rs:1434 [2;3mon[0m ThreadId(1)

  [2m2026-06-10T04:56:35.498719Z[0m [32m INFO[0m [1;32mrch::transfer[0m[32m: [32mSync completed in 1878ms[0m
    [2;3mat[0m rch/src/transfer.rs:1503 [2;3mon[0m ThreadId(1)

  [2m2026-06-10T04:56:35.498780Z[0m [32m INFO[0m [1;32mrch::hook[0m[32m: [32mSync complete: 51404 files, 1830389 bytes in 30543ms[0m
    [2;3mat[0m rch/src/hook.rs:6209 [2;3mon[0m ThreadId(1)

  [2m2026-06-10T04:56:39.455781Z[0m [32m INFO[0m [1;32mrch::hook[0m[32m: [32mExecuting command remotely: cargo bench -j 1 -p ft-kernel-cpu --bench linalg_bench -- 'eigvalsh_f64_256x256|eigvalsh_two_stage_f64_256x256_b32' --warm-up-time 1 --measurement-time 2 --sample-size 10[0m
    [2;3mat[0m rch/src/hook.rs:6252 [2;3mon[0m ThreadId(1)

  [2m2026-06-10T04:56:39.455819Z[0m [32m INFO[0m [1;32mrch::transfer[0m[32m: [32mRewriting CARGO_TARGET_DIR for remote execution (worker-scoped path): /data/tmp/cargo-target -> /data/projects/frankentorch/.rch-target-vmi1227854-job-29879662679165027-1781067364945825144-0[0m
    [2;3mat[0m rch/src/transfer.rs:712 [2;3mon[0m ThreadId(1)

    Updating crates.io index
 Downloading crates ...
  Downloaded bit-set v0.8.0
  Downloaded bit-vec v0.8.0
  Downloaded autocfg v1.5.0
  Downloaded anstyle v1.0.14
  Downloaded anes v0.1.6
  Downloaded aho-corasick v1.1.4
  Downloaded rayon-core v1.13.0
  Downloaded rusty-fork v0.3.1
  Downloaded quick-error v1.2.3
  Downloaded fnv v1.0.7
  Downloaded num-traits v0.2.19
  Downloaded wide v0.7.33
  Downloaded same-file v1.0.6
  Downloaded itertools v0.10.5
  Downloaded unicode-ident v1.0.24
  Downloaded unarray v0.1.4
  Downloaded serde v1.0.228
  Downloaded walkdir v2.5.0
  Downloaded itoa v1.0.18
  Downloaded is-terminal v0.4.17
  Downloaded plotters-backend v0.3.7
  Downloaded errno v0.3.14
  Downloaded crossbeam-utils v0.8.21
  Downloaded zmij v1.0.21
  Downloaded fastrand v2.4.1
  Downloaded ciborium-ll v0.2.2
  Downloaded clap_lex v1.1.0
  Downloaded wait-timeout v0.2.1
  Downloaded cfg-if v1.0.4
  Downloaded rawpointer v0.2.1
  Downloaded cast v0.3.0
  Downloaded rand_chacha v0.9.0
  Downloaded bytemuck_derive v1.10.2
  Downloaded rand_core v0.9.5
  Downloaded tinytemplate v1.2.1
  Downloaded quote v1.0.45
  Downloaded tempfile v3.27.0
  Downloaded proc-macro2 v1.0.106
  Downloaded getrandom v0.3.4
  Downloaded serde_derive v1.0.228
  Downloaded half v2.7.1
  Downloaded safe_arch v0.7.4
  Downloaded matrixmultiply v0.3.10
  Downloaded memchr v2.8.0
  Downloaded zerocopy-derive v0.8.48
  Downloaded serde_json v1.0.149
  Downloaded insta v1.47.2
  Downloaded libm v0.2.16
  Downloaded criterion v0.5.1
  Downloaded rayon v1.12.0
  Downloaded clap v4.6.1
  Downloaded plotters v0.3.7
  Downloaded proptest v1.11.0
  Downloaded bytemuck v1.25.0
  Downloaded zerocopy v0.8.48
  Downloaded syn v2.0.117
  Downloaded bitflags v2.11.1
  Downloaded crossbeam-epoch v0.9.18
  Downloaded regex-syntax v0.8.10
  Downloaded rustix v1.1.4
  Downloaded ciborium v0.2.2
  Downloaded once_cell v1.21.4
  Downloaded crossbeam-deque v0.8.6
  Downloaded num-complex v0.4.6
  Downloaded ciborium-io v0.2.2
  Downloaded similar v2.7.0
  Downloaded serde_core v1.0.228
  Downloaded regex v1.12.3
  Downloaded rand_xorshift v0.4.0
  Downloaded rand v0.9.4
  Downloaded regex-automata v0.4.14
  Downloaded ppv-lite86 v0.2.21
  Downloaded plotters-svg v0.3.7
  Downloaded oorandom v11.1.5
  Downloaded either v1.15.0
  Downloaded criterion-plot v0.5.0
  Downloaded console v0.16.3
  Downloaded clap_builder v4.6.0
  Downloaded libc v0.2.185
  Downloaded linux-raw-sys v0.12.1
   Compiling proc-macro2 v1.0.106
   Compiling unicode-ident v1.0.24
   Compiling quote v1.0.45
   Compiling syn v2.0.117
   Compiling libc v0.2.185
   Compiling cfg-if v1.0.4
   Compiling autocfg v1.5.0
   Compiling zerocopy v0.8.48
   Compiling zerocopy-derive v0.8.48
   Compiling getrandom v0.3.4
   Compiling bytemuck_derive v1.10.2
   Compiling bytemuck v1.25.0
   Compiling num-traits v0.2.19
   Compiling crossbeam-utils v0.8.21
   Compiling serde_core v1.0.228
   Compiling rustix v1.1.4
   Compiling crossbeam-epoch v0.9.18
   Compiling half v2.7.1
   Compiling bitflags v2.11.1
   Compiling linux-raw-sys v0.12.1
   Compiling once_cell v1.21.4
   Compiling rayon-core v1.13.0
   Compiling serde v1.0.228
   Compiling either v1.15.0
   Compiling zmij v1.0.21
   Compiling crossbeam-deque v0.8.6
   Compiling rand_core v0.9.5
   Compiling serde_derive v1.0.228
   Compiling serde_json v1.0.149
   Compiling fastrand v2.4.1
   Compiling regex-syntax v0.8.10
   Compiling tempfile v3.27.0
   Compiling matrixmultiply v0.3.10
   Compiling memchr v2.8.0
   Compiling ciborium-io v0.2.2
   Compiling plotters-backend v0.3.7
   Compiling anstyle v1.0.14
   Compiling clap_lex v1.1.0
   Compiling itoa v1.0.18
   Compiling libm v0.2.16
   Compiling clap_builder v4.6.0
   Compiling plotters-svg v0.3.7
   Compiling ciborium-ll v0.2.2
   Compiling rayon v1.12.0
   Compiling regex-automata v0.4.14
   Compiling itertools v0.10.5
   Compiling num-complex v0.4.6
   Compiling safe_arch v0.7.4
   Compiling ppv-lite86 v0.2.21
   Compiling wait-timeout v0.2.1
   Compiling cast v0.3.0
   Compiling rawpointer v0.2.1
   Compiling fnv v1.0.7
   Compiling same-file v1.0.6
   Compiling quick-error v1.2.3
   Compiling bit-vec v0.8.0
   Compiling bit-set v0.8.0
   Compiling rusty-fork v0.3.1
   Compiling walkdir v2.5.0
   Compiling criterion-plot v0.5.0
   Compiling rand_chacha v0.9.0
   Compiling wide v0.7.33
   Compiling ft-core v0.1.0 (/data/projects/frankentorch/crates/ft-core)
   Compiling regex v1.12.3
   Compiling ciborium v0.2.2
   Compiling plotters v0.3.7
   Compiling clap v4.6.1
   Compiling tinytemplate v1.2.1
   Compiling rand_xorshift v0.4.0
   Compiling rand v0.9.4
   Compiling is-terminal v0.4.17
   Compiling console v0.16.3
   Compiling anes v0.1.6
   Compiling similar v2.7.0
   Compiling oorandom v11.1.5
   Compiling unarray v0.1.4
   Compiling proptest v1.11.0
   Compiling criterion v0.5.1
   Compiling insta v1.47.2
   Compiling ft-kernel-cpu v0.1.0 (/data/projects/frankentorch/crates/ft-kernel-cpu)
    Finished `bench` profile [optimized + debuginfo] target(s) in 2m 57s
     Running benches/linalg_bench.rs (.rch-target-vmi1227854-job-29879662679165027-1781067364945825144-0/release/deps/linalg_bench-a1fa7e7590f4a8db)
Gnuplot not found, using plotters backend
Benchmarking eigvalsh_f64_256x256
Benchmarking eigvalsh_f64_256x256: Warming up for 1.0000 s
Benchmarking eigvalsh_f64_256x256: Collecting 10 samples in estimated 2.1108 s (275 iterations)
Benchmarking eigvalsh_f64_256x256: Analyzing
eigvalsh_f64_256x256    time:   [7.3756 ms 7.6166 ms 7.8926 ms]

Benchmarking eigvalsh_two_stage_f64_256x256_b32
Benchmarking eigvalsh_two_stage_f64_256x256_b32: Warming up for 1.0000 s
Benchmarking eigvalsh_two_stage_f64_256x256_b32: Collecting 10 samples in estimated 2.9948 s (110 iterations)
Benchmarking eigvalsh_two_stage_f64_256x256_b32: Analyzing
eigvalsh_two_stage_f64_256x256_b32
                        time:   [26.110 ms 26.568 ms 27.398 ms]
Found 2 outliers among 10 measurements (20.00%)
  1 (10.00%) low mild
  1 (10.00%) high severe

  [2m2026-06-10T05:00:21.254905Z[0m [32m INFO[0m [1;32mrch::hook[0m[32m: [32mRemote command finished: exit=0 in 221799ms[0m
    [2;3mat[0m rch/src/hook.rs:6376 [2;3mon[0m ThreadId(1)

  [2m2026-06-10T05:00:21.255233Z[0m [32m INFO[0m [1;32mrch::hook[0m[32m: [32mRetrieving build artifacts...[0m
    [2;3mat[0m rch/src/hook.rs:6425 [2;3mon[0m ThreadId(1)

  [2m2026-06-10T05:00:21.255251Z[0m [32m INFO[0m [1;32mrch::transfer[0m[32m: [32mRetrieving artifacts from /data/projects/frankentorch on vmi1227854[0m
    [2;3mat[0m rch/src/transfer.rs:2106 [2;3mon[0m ThreadId(1)

  [2m2026-06-10T05:00:23.159913Z[0m [32m INFO[0m [1;32mrch::transfer[0m[32m: [32mArtifacts retrieved in 1904ms (5 files, 1809 bytes)[0m
    [2;3mat[0m rch/src/transfer.rs:2145 [2;3mon[0m ThreadId(1)

  [2m2026-06-10T05:00:23.159945Z[0m [32m INFO[0m [1;32mrch::hook[0m[32m: [32mArtifacts retrieved: 5 files, 1809 bytes in 1904ms[0m
    [2;3mat[0m rch/src/hook.rs:6458 [2;3mon[0m ThreadId(1)

  [2m2026-06-10T05:00:23.160075Z[0m [32m INFO[0m [1;32mrch::transfer[0m[32m: [32mRetrieving artifacts from /data/projects/frankentorch/.rch-target-vmi1227854-job-29879662679165027-1781067364945825144-0 on vmi1227854[0m
    [2;3mat[0m rch/src/transfer.rs:2106 [2;3mon[0m ThreadId(1)

  [2m2026-06-10T05:00:25.265184Z[0m [32m INFO[0m [1;32mrch::transfer[0m[32m: [32mArtifacts retrieved in 2105ms (212 files, 3749 bytes)[0m
    [2;3mat[0m rch/src/transfer.rs:2145 [2;3mon[0m ThreadId(1)

  [2m2026-06-10T05:00:25.265209Z[0m [32m INFO[0m [1;32mrch::hook[0m[32m: [32mCustom CARGO_TARGET_DIR artifacts retrieved: 212 files, 3749 bytes in 2105ms[0m
    [2;3mat[0m rch/src/hook.rs:6582 [2;3mon[0m ThreadId(1)

[RCH] remote vmi1227854 (262.6s)
