  [2m2026-06-10T18:21:42.801171Z[0m [32m INFO[0m [1;32mrch::hook[0m[32m: [32mSelected worker: vmi1227854 at root@109.123.245.77 (2 slots remaining after reservation, speed 50.0)[0m
    [2;3mat[0m rch/src/hook.rs:514 [2;3mon[0m ThreadId(1)

  [2m2026-06-10T18:21:43.121703Z[0m [32m INFO[0m [1;32mrch::hook[0m[32m: [32mStarting remote compilation pipeline for frankentorch-5oqum-boldfalcon (hash: 99d4dfa30d383919)[0m
    [2;3mat[0m rch/src/hook.rs:5994 [2;3mon[0m ThreadId(1)

  [2m2026-06-10T18:21:43.121770Z[0m [32m INFO[0m [1;32mrch::hook[0m[32m: [32mPrepared dependency sync manifest for 13 roots[0m
    [2;3mat[0m rch/src/hook.rs:6016 [2;3mon[0m ThreadId(1)

  [2m2026-06-10T18:21:44.659281Z[0m [32m INFO[0m [1;32mrch::hook[0m[32m: [32mSyncing project to worker vmi1227854...[0m
    [2;3mat[0m rch/src/hook.rs:6046 [2;3mon[0m ThreadId(1)

  [2m2026-06-10T18:21:44.659408Z[0m [32m INFO[0m [1;32mrch::transfer[0m[32m: [32mSyncing /data/projects/frankentorch-5oqum-boldfalcon -> /data/projects/frankentorch-5oqum-boldfalcon on vmi1227854[0m
    [2;3mat[0m rch/src/transfer.rs:1434 [2;3mon[0m ThreadId(1)

  [2m2026-06-10T18:21:46.784470Z[0m [32m INFO[0m [1;32mrch::transfer[0m[32m: [32mSync completed in 2125ms[0m
    [2;3mat[0m rch/src/transfer.rs:1503 [2;3mon[0m ThreadId(1)

  [2m2026-06-10T18:21:46.784610Z[0m [32m INFO[0m [1;32mrch::transfer[0m[32m: [32mSyncing /data/projects/frankentorch-5oqum-boldfalcon/crates/ft-api -> /data/projects/frankentorch-5oqum-boldfalcon/crates/ft-api on vmi1227854[0m
    [2;3mat[0m rch/src/transfer.rs:1434 [2;3mon[0m ThreadId(1)

  [2m2026-06-10T18:21:48.639910Z[0m [32m INFO[0m [1;32mrch::transfer[0m[32m: [32mSync completed in 1855ms[0m
    [2;3mat[0m rch/src/transfer.rs:1503 [2;3mon[0m ThreadId(1)

  [2m2026-06-10T18:21:48.640045Z[0m [32m INFO[0m [1;32mrch::transfer[0m[32m: [32mSyncing /data/projects/frankentorch-5oqum-boldfalcon/crates/ft-autograd -> /data/projects/frankentorch-5oqum-boldfalcon/crates/ft-autograd on vmi1227854[0m
    [2;3mat[0m rch/src/transfer.rs:1434 [2;3mon[0m ThreadId(1)

  [2m2026-06-10T18:21:50.471390Z[0m [32m INFO[0m [1;32mrch::transfer[0m[32m: [32mSync completed in 1831ms[0m
    [2;3mat[0m rch/src/transfer.rs:1503 [2;3mon[0m ThreadId(1)

  [2m2026-06-10T18:21:50.471544Z[0m [32m INFO[0m [1;32mrch::transfer[0m[32m: [32mSyncing /data/projects/frankentorch-5oqum-boldfalcon/crates/ft-conformance -> /data/projects/frankentorch-5oqum-boldfalcon/crates/ft-conformance on vmi1227854[0m
    [2;3mat[0m rch/src/transfer.rs:1434 [2;3mon[0m ThreadId(1)

  [2m2026-06-10T18:21:52.328629Z[0m [32m INFO[0m [1;32mrch::transfer[0m[32m: [32mSync completed in 1857ms[0m
    [2;3mat[0m rch/src/transfer.rs:1503 [2;3mon[0m ThreadId(1)

  [2m2026-06-10T18:21:52.328787Z[0m [32m INFO[0m [1;32mrch::transfer[0m[32m: [32mSyncing /data/projects/frankentorch-5oqum-boldfalcon/crates/ft-core -> /data/projects/frankentorch-5oqum-boldfalcon/crates/ft-core on vmi1227854[0m
    [2;3mat[0m rch/src/transfer.rs:1434 [2;3mon[0m ThreadId(1)

  [2m2026-06-10T18:21:54.149256Z[0m [32m INFO[0m [1;32mrch::transfer[0m[32m: [32mSync completed in 1820ms[0m
    [2;3mat[0m rch/src/transfer.rs:1503 [2;3mon[0m ThreadId(1)

  [2m2026-06-10T18:21:54.149375Z[0m [32m INFO[0m [1;32mrch::transfer[0m[32m: [32mSyncing /data/projects/frankentorch-5oqum-boldfalcon/crates/ft-data -> /data/projects/frankentorch-5oqum-boldfalcon/crates/ft-data on vmi1227854[0m
    [2;3mat[0m rch/src/transfer.rs:1434 [2;3mon[0m ThreadId(1)

  [2m2026-06-10T18:21:56.029870Z[0m [32m INFO[0m [1;32mrch::transfer[0m[32m: [32mSync completed in 1880ms[0m
    [2;3mat[0m rch/src/transfer.rs:1503 [2;3mon[0m ThreadId(1)

  [2m2026-06-10T18:21:56.029992Z[0m [32m INFO[0m [1;32mrch::transfer[0m[32m: [32mSyncing /data/projects/frankentorch-5oqum-boldfalcon/crates/ft-device -> /data/projects/frankentorch-5oqum-boldfalcon/crates/ft-device on vmi1227854[0m
    [2;3mat[0m rch/src/transfer.rs:1434 [2;3mon[0m ThreadId(1)

  [2m2026-06-10T18:21:57.861019Z[0m [32m INFO[0m [1;32mrch::transfer[0m[32m: [32mSync completed in 1831ms[0m
    [2;3mat[0m rch/src/transfer.rs:1503 [2;3mon[0m ThreadId(1)

  [2m2026-06-10T18:21:57.861163Z[0m [32m INFO[0m [1;32mrch::transfer[0m[32m: [32mSyncing /data/projects/frankentorch-5oqum-boldfalcon/crates/ft-dispatch -> /data/projects/frankentorch-5oqum-boldfalcon/crates/ft-dispatch on vmi1227854[0m
    [2;3mat[0m rch/src/transfer.rs:1434 [2;3mon[0m ThreadId(1)

  [2m2026-06-10T18:21:59.709367Z[0m [32m INFO[0m [1;32mrch::transfer[0m[32m: [32mSync completed in 1848ms[0m
    [2;3mat[0m rch/src/transfer.rs:1503 [2;3mon[0m ThreadId(1)

  [2m2026-06-10T18:21:59.709492Z[0m [32m INFO[0m [1;32mrch::transfer[0m[32m: [32mSyncing /data/projects/frankentorch-5oqum-boldfalcon/crates/ft-kernel-cpu -> /data/projects/frankentorch-5oqum-boldfalcon/crates/ft-kernel-cpu on vmi1227854[0m
    [2;3mat[0m rch/src/transfer.rs:1434 [2;3mon[0m ThreadId(1)

  [2m2026-06-10T18:22:01.558935Z[0m [32m INFO[0m [1;32mrch::transfer[0m[32m: [32mSync completed in 1849ms[0m
    [2;3mat[0m rch/src/transfer.rs:1503 [2;3mon[0m ThreadId(1)

  [2m2026-06-10T18:22:01.559085Z[0m [32m INFO[0m [1;32mrch::transfer[0m[32m: [32mSyncing /data/projects/frankentorch-5oqum-boldfalcon/crates/ft-nn -> /data/projects/frankentorch-5oqum-boldfalcon/crates/ft-nn on vmi1227854[0m
    [2;3mat[0m rch/src/transfer.rs:1434 [2;3mon[0m ThreadId(1)

  [2m2026-06-10T18:22:03.385481Z[0m [32m INFO[0m [1;32mrch::transfer[0m[32m: [32mSync completed in 1826ms[0m
    [2;3mat[0m rch/src/transfer.rs:1503 [2;3mon[0m ThreadId(1)

  [2m2026-06-10T18:22:03.385628Z[0m [32m INFO[0m [1;32mrch::transfer[0m[32m: [32mSyncing /data/projects/frankentorch-5oqum-boldfalcon/crates/ft-optim -> /data/projects/frankentorch-5oqum-boldfalcon/crates/ft-optim on vmi1227854[0m
    [2;3mat[0m rch/src/transfer.rs:1434 [2;3mon[0m ThreadId(1)

  [2m2026-06-10T18:22:05.217734Z[0m [32m INFO[0m [1;32mrch::transfer[0m[32m: [32mSync completed in 1832ms[0m
    [2;3mat[0m rch/src/transfer.rs:1503 [2;3mon[0m ThreadId(1)

  [2m2026-06-10T18:22:05.217870Z[0m [32m INFO[0m [1;32mrch::transfer[0m[32m: [32mSyncing /data/projects/frankentorch-5oqum-boldfalcon/crates/ft-runtime -> /data/projects/frankentorch-5oqum-boldfalcon/crates/ft-runtime on vmi1227854[0m
    [2;3mat[0m rch/src/transfer.rs:1434 [2;3mon[0m ThreadId(1)

  [2m2026-06-10T18:22:07.100361Z[0m [32m INFO[0m [1;32mrch::transfer[0m[32m: [32mSync completed in 1882ms[0m
    [2;3mat[0m rch/src/transfer.rs:1503 [2;3mon[0m ThreadId(1)

  [2m2026-06-10T18:22:07.100483Z[0m [32m INFO[0m [1;32mrch::transfer[0m[32m: [32mSyncing /data/projects/frankentorch-5oqum-boldfalcon/crates/ft-serialize -> /data/projects/frankentorch-5oqum-boldfalcon/crates/ft-serialize on vmi1227854[0m
    [2;3mat[0m rch/src/transfer.rs:1434 [2;3mon[0m ThreadId(1)

  [2m2026-06-10T18:22:08.973670Z[0m [32m INFO[0m [1;32mrch::transfer[0m[32m: [32mSync completed in 1873ms[0m
    [2;3mat[0m rch/src/transfer.rs:1503 [2;3mon[0m ThreadId(1)

  [2m2026-06-10T18:22:08.973708Z[0m [32m INFO[0m [1;32mrch::hook[0m[32m: [32mSync complete: 2002 files, 87963 bytes in 24309ms[0m
    [2;3mat[0m rch/src/hook.rs:6209 [2;3mon[0m ThreadId(1)

  [2m2026-06-10T18:22:13.042809Z[0m [32m INFO[0m [1;32mrch::hook[0m[32m: [32mExecuting command remotely: env 'CARGO_NET_OFFLINE=true' cargo run -j 1 -p ft-kernel-cpu --release --example banded_stage1_ab[0m
    [2;3mat[0m rch/src/hook.rs:6252 [2;3mon[0m ThreadId(1)

  [2m2026-06-10T18:22:13.042884Z[0m [32m INFO[0m [1;32mrch::transfer[0m[32m: [32mRewriting CARGO_TARGET_DIR for remote execution (worker-scoped path): /data/tmp/cargo-target -> /data/projects/frankentorch-5oqum-boldfalcon/.rch-target-vmi1227854-job-29879662679165250-1781115704659273729-0[0m
    [2;3mat[0m rch/src/transfer.rs:712 [2;3mon[0m ThreadId(1)

error: no matching package named `half` found
location searched: crates.io index
required by package `ft-core v0.1.0 (/data/projects/frankentorch-5oqum-boldfalcon/crates/ft-core)`
note: offline mode (via `--offline`) can sometimes cause surprising resolution failures
help: if this error is too confusing you may wish to retry without `--offline`
  [2m2026-06-10T18:22:14.535675Z[0m [32m INFO[0m [1;32mrch::hook[0m[32m: [32mRemote command finished: exit=101 in 1492ms[0m
    [2;3mat[0m rch/src/hook.rs:6376 [2;3mon[0m ThreadId(1)

[RCH] remote vmi1227854 failed (exit 101)
