  [2m2026-06-10T18:15:41.141596Z[0m [32m INFO[0m [1;32mrch::hook[0m[32m: [32mSelected worker: vmi1227854 at root@109.123.245.77 (0 slots remaining after reservation, speed 50.0)[0m
    [2;3mat[0m rch/src/hook.rs:514 [2;3mon[0m ThreadId(1)

  [2m2026-06-10T18:15:41.409335Z[0m [32m INFO[0m [1;32mrch::hook[0m[32m: [32mStarting remote compilation pipeline for frankentorch-5oqum-boldfalcon (hash: 99d4dfa30d383919)[0m
    [2;3mat[0m rch/src/hook.rs:5994 [2;3mon[0m ThreadId(1)

  [2m2026-06-10T18:15:41.409377Z[0m [32m INFO[0m [1;32mrch::hook[0m[32m: [32mPrepared dependency sync manifest for 13 roots[0m
    [2;3mat[0m rch/src/hook.rs:6016 [2;3mon[0m ThreadId(1)

  [2m2026-06-10T18:15:43.001265Z[0m [32m INFO[0m [1;32mrch::hook[0m[32m: [32mSyncing project to worker vmi1227854...[0m
    [2;3mat[0m rch/src/hook.rs:6046 [2;3mon[0m ThreadId(1)

  [2m2026-06-10T18:15:43.001339Z[0m [32m INFO[0m [1;32mrch::transfer[0m[32m: [32mSyncing /data/projects/frankentorch-5oqum-boldfalcon -> /data/projects/frankentorch-5oqum-boldfalcon on vmi1227854[0m
    [2;3mat[0m rch/src/transfer.rs:1434 [2;3mon[0m ThreadId(1)

  [2m2026-06-10T18:15:45.210017Z[0m [32m INFO[0m [1;32mrch::transfer[0m[32m: [32mSync completed in 2208ms[0m
    [2;3mat[0m rch/src/transfer.rs:1503 [2;3mon[0m ThreadId(1)

  [2m2026-06-10T18:15:45.210099Z[0m [32m INFO[0m [1;32mrch::transfer[0m[32m: [32mSyncing /data/projects/frankentorch-5oqum-boldfalcon/crates/ft-api -> /data/projects/frankentorch-5oqum-boldfalcon/crates/ft-api on vmi1227854[0m
    [2;3mat[0m rch/src/transfer.rs:1434 [2;3mon[0m ThreadId(1)

  [2m2026-06-10T18:15:47.112745Z[0m [32m INFO[0m [1;32mrch::transfer[0m[32m: [32mSync completed in 1902ms[0m
    [2;3mat[0m rch/src/transfer.rs:1503 [2;3mon[0m ThreadId(1)

  [2m2026-06-10T18:15:47.112846Z[0m [32m INFO[0m [1;32mrch::transfer[0m[32m: [32mSyncing /data/projects/frankentorch-5oqum-boldfalcon/crates/ft-autograd -> /data/projects/frankentorch-5oqum-boldfalcon/crates/ft-autograd on vmi1227854[0m
    [2;3mat[0m rch/src/transfer.rs:1434 [2;3mon[0m ThreadId(1)

  [2m2026-06-10T18:15:48.996138Z[0m [32m INFO[0m [1;32mrch::transfer[0m[32m: [32mSync completed in 1883ms[0m
    [2;3mat[0m rch/src/transfer.rs:1503 [2;3mon[0m ThreadId(1)

  [2m2026-06-10T18:15:48.996212Z[0m [32m INFO[0m [1;32mrch::transfer[0m[32m: [32mSyncing /data/projects/frankentorch-5oqum-boldfalcon/crates/ft-conformance -> /data/projects/frankentorch-5oqum-boldfalcon/crates/ft-conformance on vmi1227854[0m
    [2;3mat[0m rch/src/transfer.rs:1434 [2;3mon[0m ThreadId(1)

  [2m2026-06-10T18:15:50.906202Z[0m [32m INFO[0m [1;32mrch::transfer[0m[32m: [32mSync completed in 1909ms[0m
    [2;3mat[0m rch/src/transfer.rs:1503 [2;3mon[0m ThreadId(1)

  [2m2026-06-10T18:15:50.906280Z[0m [32m INFO[0m [1;32mrch::transfer[0m[32m: [32mSyncing /data/projects/frankentorch-5oqum-boldfalcon/crates/ft-core -> /data/projects/frankentorch-5oqum-boldfalcon/crates/ft-core on vmi1227854[0m
    [2;3mat[0m rch/src/transfer.rs:1434 [2;3mon[0m ThreadId(1)

  [2m2026-06-10T18:15:52.753596Z[0m [32m INFO[0m [1;32mrch::transfer[0m[32m: [32mSync completed in 1847ms[0m
    [2;3mat[0m rch/src/transfer.rs:1503 [2;3mon[0m ThreadId(1)

  [2m2026-06-10T18:15:52.753680Z[0m [32m INFO[0m [1;32mrch::transfer[0m[32m: [32mSyncing /data/projects/frankentorch-5oqum-boldfalcon/crates/ft-data -> /data/projects/frankentorch-5oqum-boldfalcon/crates/ft-data on vmi1227854[0m
    [2;3mat[0m rch/src/transfer.rs:1434 [2;3mon[0m ThreadId(1)

  [2m2026-06-10T18:15:54.638446Z[0m [32m INFO[0m [1;32mrch::transfer[0m[32m: [32mSync completed in 1884ms[0m
    [2;3mat[0m rch/src/transfer.rs:1503 [2;3mon[0m ThreadId(1)

  [2m2026-06-10T18:15:54.638527Z[0m [32m INFO[0m [1;32mrch::transfer[0m[32m: [32mSyncing /data/projects/frankentorch-5oqum-boldfalcon/crates/ft-device -> /data/projects/frankentorch-5oqum-boldfalcon/crates/ft-device on vmi1227854[0m
    [2;3mat[0m rch/src/transfer.rs:1434 [2;3mon[0m ThreadId(1)

  [2m2026-06-10T18:15:56.524994Z[0m [32m INFO[0m [1;32mrch::transfer[0m[32m: [32mSync completed in 1886ms[0m
    [2;3mat[0m rch/src/transfer.rs:1503 [2;3mon[0m ThreadId(1)

  [2m2026-06-10T18:15:56.525079Z[0m [32m INFO[0m [1;32mrch::transfer[0m[32m: [32mSyncing /data/projects/frankentorch-5oqum-boldfalcon/crates/ft-dispatch -> /data/projects/frankentorch-5oqum-boldfalcon/crates/ft-dispatch on vmi1227854[0m
    [2;3mat[0m rch/src/transfer.rs:1434 [2;3mon[0m ThreadId(1)

  [2m2026-06-10T18:15:58.309468Z[0m [32m INFO[0m [1;32mrch::transfer[0m[32m: [32mSync completed in 1784ms[0m
    [2;3mat[0m rch/src/transfer.rs:1503 [2;3mon[0m ThreadId(1)

  [2m2026-06-10T18:15:58.309572Z[0m [32m INFO[0m [1;32mrch::transfer[0m[32m: [32mSyncing /data/projects/frankentorch-5oqum-boldfalcon/crates/ft-kernel-cpu -> /data/projects/frankentorch-5oqum-boldfalcon/crates/ft-kernel-cpu on vmi1227854[0m
    [2;3mat[0m rch/src/transfer.rs:1434 [2;3mon[0m ThreadId(1)

  [2m2026-06-10T18:16:00.178345Z[0m [32m INFO[0m [1;32mrch::transfer[0m[32m: [32mSync completed in 1868ms[0m
    [2;3mat[0m rch/src/transfer.rs:1503 [2;3mon[0m ThreadId(1)

  [2m2026-06-10T18:16:00.178429Z[0m [32m INFO[0m [1;32mrch::transfer[0m[32m: [32mSyncing /data/projects/frankentorch-5oqum-boldfalcon/crates/ft-nn -> /data/projects/frankentorch-5oqum-boldfalcon/crates/ft-nn on vmi1227854[0m
    [2;3mat[0m rch/src/transfer.rs:1434 [2;3mon[0m ThreadId(1)

  [2m2026-06-10T18:16:02.174155Z[0m [32m INFO[0m [1;32mrch::transfer[0m[32m: [32mSync completed in 1995ms[0m
    [2;3mat[0m rch/src/transfer.rs:1503 [2;3mon[0m ThreadId(1)

  [2m2026-06-10T18:16:02.174248Z[0m [32m INFO[0m [1;32mrch::transfer[0m[32m: [32mSyncing /data/projects/frankentorch-5oqum-boldfalcon/crates/ft-optim -> /data/projects/frankentorch-5oqum-boldfalcon/crates/ft-optim on vmi1227854[0m
    [2;3mat[0m rch/src/transfer.rs:1434 [2;3mon[0m ThreadId(1)

  [2m2026-06-10T18:16:04.170651Z[0m [32m INFO[0m [1;32mrch::transfer[0m[32m: [32mSync completed in 1996ms[0m
    [2;3mat[0m rch/src/transfer.rs:1503 [2;3mon[0m ThreadId(1)

  [2m2026-06-10T18:16:04.170727Z[0m [32m INFO[0m [1;32mrch::transfer[0m[32m: [32mSyncing /data/projects/frankentorch-5oqum-boldfalcon/crates/ft-runtime -> /data/projects/frankentorch-5oqum-boldfalcon/crates/ft-runtime on vmi1227854[0m
    [2;3mat[0m rch/src/transfer.rs:1434 [2;3mon[0m ThreadId(1)

  [2m2026-06-10T18:16:06.077989Z[0m [32m INFO[0m [1;32mrch::transfer[0m[32m: [32mSync completed in 1907ms[0m
    [2;3mat[0m rch/src/transfer.rs:1503 [2;3mon[0m ThreadId(1)

  [2m2026-06-10T18:16:06.078096Z[0m [32m INFO[0m [1;32mrch::transfer[0m[32m: [32mSyncing /data/projects/frankentorch-5oqum-boldfalcon/crates/ft-serialize -> /data/projects/frankentorch-5oqum-boldfalcon/crates/ft-serialize on vmi1227854[0m
    [2;3mat[0m rch/src/transfer.rs:1434 [2;3mon[0m ThreadId(1)

  [2m2026-06-10T18:16:08.059178Z[0m [32m INFO[0m [1;32mrch::transfer[0m[32m: [32mSync completed in 1981ms[0m
    [2;3mat[0m rch/src/transfer.rs:1503 [2;3mon[0m ThreadId(1)

  [2m2026-06-10T18:16:08.059218Z[0m [32m INFO[0m [1;32mrch::hook[0m[32m: [32mSync complete: 2000 files, 99412 bytes in 25050ms[0m
    [2;3mat[0m rch/src/hook.rs:6209 [2;3mon[0m ThreadId(1)

  [2m2026-06-10T18:16:12.493107Z[0m [32m INFO[0m [1;32mrch::hook[0m[32m: [32mExecuting command remotely: cargo bench -j 1 -p ft-kernel-cpu --bench linalg_bench -- 'eigvalsh_f64_256x256|eigvalsh_two_stage_f64_256x256_b32|sym_to_banded_f64_256x256_b32|banded_to_tridiag_f64_256x256_b32' --warm-up-time 1 --measurement-time 2 --sample-size 10[0m
    [2;3mat[0m rch/src/hook.rs:6252 [2;3mon[0m ThreadId(1)

  [2m2026-06-10T18:16:12.493149Z[0m [32m INFO[0m [1;32mrch::transfer[0m[32m: [32mRewriting CARGO_TARGET_DIR for remote execution (worker-scoped path): /data/tmp/cargo-target -> /data/projects/frankentorch-5oqum-boldfalcon/.rch-target-vmi1227854-job-29879662679165237-1781115343001258203-0[0m
    [2;3mat[0m rch/src/transfer.rs:712 [2;3mon[0m ThreadId(1)

    Updating crates.io index
 Downloading crates ...
  Downloaded ciborium-io v0.2.2
  Downloaded bitflags v2.11.1
  Downloaded ciborium-ll v0.2.2
  Downloaded anstyle v1.0.14
  Downloaded ciborium v0.2.2
  Downloaded quote v1.0.45
  Downloaded cast v0.3.0
  Downloaded quick-error v1.2.3
  Downloaded bit-set v0.8.0
  Downloaded clap_builder v4.6.0
  Downloaded rand_xorshift v0.4.0
  Downloaded autocfg v1.5.0
  Downloaded plotters v0.3.7
  Downloaded walkdir v2.5.0
  Downloaded cfg-if v1.0.4
  Downloaded oorandom v11.1.5
  Downloaded tempfile v3.27.0
  Downloaded num-traits v0.2.19
  Downloaded once_cell v1.21.4
  Downloaded itoa v1.0.18
  Downloaded serde_derive v1.0.228
  Downloaded bit-vec v0.8.0
  Downloaded zerocopy-derive v0.8.48
  Downloaded wait-timeout v0.2.1
  Downloaded rand v0.9.4
  Downloaded serde_json v1.0.149
  Downloaded zmij v1.0.21
  Downloaded errno v0.3.14
  Downloaded criterion-plot v0.5.0
  Downloaded criterion v0.5.1
  Downloaded rand_chacha v0.9.0
  Downloaded half v2.7.1
  Downloaded crossbeam-utils v0.8.21
  Downloaded similar v2.7.0
  Downloaded safe_arch v0.7.4
  Downloaded zerocopy v0.8.48
  Downloaded wide v0.7.33
  Downloaded rayon v1.12.0
  Downloaded crossbeam-deque v0.8.6
  Downloaded bytemuck v1.25.0
  Downloaded regex v1.12.3
  Downloaded unarray v0.1.4
  Downloaded proptest v1.11.0
  Downloaded syn v2.0.117
  Downloaded tinytemplate v1.2.1
  Downloaded same-file v1.0.6
  Downloaded rustix v1.1.4
  Downloaded rayon-core v1.13.0
  Downloaded plotters-backend v0.3.7
  Downloaded libm v0.2.16
  Downloaded fnv v1.0.7
  Downloaded num-complex v0.4.6
  Downloaded insta v1.47.2
  Downloaded clap v4.6.1
  Downloaded serde_core v1.0.228
  Downloaded serde v1.0.228
  Downloaded rusty-fork v0.3.1
  Downloaded getrandom v0.3.4
  Downloaded anes v0.1.6
  Downloaded rawpointer v0.2.1
  Downloaded rand_core v0.9.5
  Downloaded ppv-lite86 v0.2.21
  Downloaded itertools v0.10.5
  Downloaded regex-automata v0.4.14
  Downloaded either v1.15.0
  Downloaded clap_lex v1.1.0
  Downloaded memchr v2.8.0
  Downloaded is-terminal v0.4.17
  Downloaded bytemuck_derive v1.10.2
  Downloaded unicode-ident v1.0.24
  Downloaded regex-syntax v0.8.10
  Downloaded proc-macro2 v1.0.106
  Downloaded plotters-svg v0.3.7
  Downloaded libc v0.2.185
  Downloaded matrixmultiply v0.3.10
  Downloaded fastrand v2.4.1
  Downloaded crossbeam-epoch v0.9.18
  Downloaded console v0.16.3
  Downloaded aho-corasick v1.1.4
  Downloaded linux-raw-sys v0.12.1
   Compiling proc-macro2 v1.0.106
   Compiling unicode-ident v1.0.24
   Compiling quote v1.0.45
   Compiling syn v2.0.117
   Compiling libc v0.2.185
   Compiling cfg-if v1.0.4
   Compiling autocfg v1.5.0
   Compiling zerocopy v0.8.48
   Compiling zerocopy-derive v0.8.48
   Compiling getrandom v0.3.4
   Compiling bytemuck_derive v1.10.2
   Compiling bytemuck v1.25.0
   Compiling num-traits v0.2.19
   Compiling crossbeam-utils v0.8.21
   Compiling serde_core v1.0.228
   Compiling rustix v1.1.4
   Compiling crossbeam-epoch v0.9.18
   Compiling half v2.7.1
   Compiling either v1.15.0
   Compiling once_cell v1.21.4
   Compiling rayon-core v1.13.0
   Compiling serde v1.0.228
   Compiling zmij v1.0.21
   Compiling linux-raw-sys v0.12.1
   Compiling bitflags v2.11.1
   Compiling crossbeam-deque v0.8.6
   Compiling rand_core v0.9.5
   Compiling serde_derive v1.0.228
   Compiling serde_json v1.0.149
   Compiling fastrand v2.4.1
   Compiling regex-syntax v0.8.10
   Compiling tempfile v3.27.0
   Compiling matrixmultiply v0.3.10
   Compiling libm v0.2.16
   Compiling clap_lex v1.1.0
   Compiling itoa v1.0.18
   Compiling anstyle v1.0.14
   Compiling ciborium-io v0.2.2
   Compiling memchr v2.8.0
   Compiling plotters-backend v0.3.7
   Compiling plotters-svg v0.3.7
   Compiling ciborium-ll v0.2.2
   Compiling clap_builder v4.6.0
   Compiling rayon v1.12.0
   Compiling regex-automata v0.4.14
   Compiling itertools v0.10.5
   Compiling num-complex v0.4.6
   Compiling safe_arch v0.7.4
   Compiling ppv-lite86 v0.2.21
   Compiling wait-timeout v0.2.1
   Compiling same-file v1.0.6
   Compiling rawpointer v0.2.1
   Compiling bit-vec v0.8.0
   Compiling cast v0.3.0
   Compiling fnv v1.0.7
   Compiling quick-error v1.2.3
   Compiling rusty-fork v0.3.1
   Compiling criterion-plot v0.5.0
   Compiling bit-set v0.8.0
   Compiling walkdir v2.5.0
   Compiling rand_chacha v0.9.0
   Compiling wide v0.7.33
   Compiling ft-core v0.1.0 (/data/projects/frankentorch-5oqum-boldfalcon/crates/ft-core)
   Compiling regex v1.12.3
   Compiling clap v4.6.1
   Compiling ciborium v0.2.2
   Compiling tinytemplate v1.2.1
   Compiling plotters v0.3.7
   Compiling rand_xorshift v0.4.0
   Compiling rand v0.9.4
   Compiling is-terminal v0.4.17
   Compiling console v0.16.3
   Compiling oorandom v11.1.5
   Compiling similar v2.7.0
   Compiling anes v0.1.6
   Compiling unarray v0.1.4
   Compiling proptest v1.11.0
   Compiling criterion v0.5.1
   Compiling insta v1.47.2
   Compiling ft-kernel-cpu v0.1.0 (/data/projects/frankentorch-5oqum-boldfalcon/crates/ft-kernel-cpu)
    Finished `bench` profile [optimized + debuginfo] target(s) in 3m 09s
     Running benches/linalg_bench.rs (.rch-target-vmi1227854-job-29879662679165237-1781115343001258203-0/release/deps/linalg_bench-a1fa7e7590f4a8db)
Gnuplot not found, using plotters backend
Benchmarking eigvalsh_f64_256x256
Benchmarking eigvalsh_f64_256x256: Warming up for 1.0000 s
Benchmarking eigvalsh_f64_256x256: Collecting 10 samples in estimated 2.1754 s (330 iterations)
Benchmarking eigvalsh_f64_256x256: Analyzing
eigvalsh_f64_256x256    time:   [6.2171 ms 6.4720 ms 6.7397 ms]

Benchmarking eigvalsh_two_stage_f64_256x256_b32
Benchmarking eigvalsh_two_stage_f64_256x256_b32: Warming up for 1.0000 s
Benchmarking eigvalsh_two_stage_f64_256x256_b32: Collecting 10 samples in estimated 2.4225 s (220 iterations)
Benchmarking eigvalsh_two_stage_f64_256x256_b32: Analyzing
eigvalsh_two_stage_f64_256x256_b32
                        time:   [11.083 ms 11.491 ms 11.963 ms]
Found 2 outliers among 10 measurements (20.00%)
  1 (10.00%) low mild
  1 (10.00%) high severe

Benchmarking sym_to_banded_f64_256x256_b32
Benchmarking sym_to_banded_f64_256x256_b32: Warming up for 1.0000 s

Warning: Unable to complete 10 samples in 2.0s. You may wish to increase target time to 2.5s or enable flat sampling.
Benchmarking sym_to_banded_f64_256x256_b32: Collecting 10 samples in estimated 2.4566 s (55 iterations)
Benchmarking sym_to_banded_f64_256x256_b32: Analyzing
sym_to_banded_f64_256x256_b32
                        time:   [42.571 ms 43.001 ms 43.405 ms]
Found 1 outliers among 10 measurements (10.00%)
  1 (10.00%) high severe

Benchmarking banded_to_tridiag_f64_256x256_b32
Benchmarking banded_to_tridiag_f64_256x256_b32: Warming up for 1.0000 s
Benchmarking banded_to_tridiag_f64_256x256_b32: Collecting 10 samples in estimated 2.3643 s (110 iterations)
Benchmarking banded_to_tridiag_f64_256x256_b32: Analyzing
banded_to_tridiag_f64_256x256_b32
                        time:   [21.615 ms 21.868 ms 22.100 ms]

  [2m2026-06-10T18:20:13.443882Z[0m [32m INFO[0m [1;32mrch::hook[0m[32m: [32mRemote command finished: exit=0 in 240950ms[0m
    [2;3mat[0m rch/src/hook.rs:6376 [2;3mon[0m ThreadId(1)

  [2m2026-06-10T18:20:13.444244Z[0m [32m INFO[0m [1;32mrch::hook[0m[32m: [32mRetrieving build artifacts...[0m
    [2;3mat[0m rch/src/hook.rs:6425 [2;3mon[0m ThreadId(1)

  [2m2026-06-10T18:20:13.444275Z[0m [32m INFO[0m [1;32mrch::transfer[0m[32m: [32mRetrieving artifacts from /data/projects/frankentorch-5oqum-boldfalcon on vmi1227854[0m
    [2;3mat[0m rch/src/transfer.rs:2106 [2;3mon[0m ThreadId(1)

  [2m2026-06-10T18:20:15.422303Z[0m [32m INFO[0m [1;32mrch::transfer[0m[32m: [32mArtifacts retrieved in 1978ms (1 files, 1180 bytes)[0m
    [2;3mat[0m rch/src/transfer.rs:2145 [2;3mon[0m ThreadId(1)

  [2m2026-06-10T18:20:15.422326Z[0m [32m INFO[0m [1;32mrch::hook[0m[32m: [32mArtifacts retrieved: 1 files, 1180 bytes in 1978ms[0m
    [2;3mat[0m rch/src/hook.rs:6458 [2;3mon[0m ThreadId(1)

  [2m2026-06-10T18:20:15.422417Z[0m [32m INFO[0m [1;32mrch::transfer[0m[32m: [32mRetrieving artifacts from /data/projects/frankentorch-5oqum-boldfalcon/.rch-target-vmi1227854-job-29879662679165237-1781115343001258203-0 on vmi1227854[0m
    [2;3mat[0m rch/src/transfer.rs:2106 [2;3mon[0m ThreadId(1)

  [2m2026-06-10T18:20:17.642259Z[0m [32m INFO[0m [1;32mrch::transfer[0m[32m: [32mArtifacts retrieved in 2219ms (96 files, 6565 bytes)[0m
    [2;3mat[0m rch/src/transfer.rs:2145 [2;3mon[0m ThreadId(1)

  [2m2026-06-10T18:20:17.642282Z[0m [32m INFO[0m [1;32mrch::hook[0m[32m: [32mCustom CARGO_TARGET_DIR artifacts retrieved: 96 files, 6565 bytes in 2219ms[0m
    [2;3mat[0m rch/src/hook.rs:6582 [2;3mon[0m ThreadId(1)

[RCH] remote vmi1227854 (276.5s)
