  [2m2026-06-10T19:32:25.272589Z[0m [32m INFO[0m [1;32mrch::hook[0m[32m: [32mSelected worker: vmi1227854 at root@109.123.245.77 (2 slots remaining after reservation, speed 50.0)[0m
    [2;3mat[0m rch/src/hook.rs:514 [2;3mon[0m ThreadId(1)

  [2m2026-06-10T19:32:25.591253Z[0m [32m INFO[0m [1;32mrch::hook[0m[32m: [32mStarting remote compilation pipeline for frankentorch-5oqum-boldfalcon (hash: 99d4dfa30d383919)[0m
    [2;3mat[0m rch/src/hook.rs:5994 [2;3mon[0m ThreadId(1)

  [2m2026-06-10T19:32:25.591308Z[0m [32m INFO[0m [1;32mrch::hook[0m[32m: [32mPrepared dependency sync manifest for 13 roots[0m
    [2;3mat[0m rch/src/hook.rs:6016 [2;3mon[0m ThreadId(1)

  [2m2026-06-10T19:32:27.222754Z[0m [32m INFO[0m [1;32mrch::hook[0m[32m: [32mSyncing project to worker vmi1227854...[0m
    [2;3mat[0m rch/src/hook.rs:6046 [2;3mon[0m ThreadId(1)

  [2m2026-06-10T19:32:27.222853Z[0m [32m INFO[0m [1;32mrch::transfer[0m[32m: [32mSyncing /data/projects/frankentorch-5oqum-boldfalcon -> /data/projects/frankentorch-5oqum-boldfalcon on vmi1227854[0m
    [2;3mat[0m rch/src/transfer.rs:1434 [2;3mon[0m ThreadId(1)

  [2m2026-06-10T19:32:29.695371Z[0m [32m INFO[0m [1;32mrch::transfer[0m[32m: [32mSync completed in 2472ms[0m
    [2;3mat[0m rch/src/transfer.rs:1503 [2;3mon[0m ThreadId(1)

  [2m2026-06-10T19:32:29.695495Z[0m [32m INFO[0m [1;32mrch::transfer[0m[32m: [32mSyncing /data/projects/frankentorch-5oqum-boldfalcon/crates/ft-api -> /data/projects/frankentorch-5oqum-boldfalcon/crates/ft-api on vmi1227854[0m
    [2;3mat[0m rch/src/transfer.rs:1434 [2;3mon[0m ThreadId(1)

  [2m2026-06-10T19:32:31.515434Z[0m [32m INFO[0m [1;32mrch::transfer[0m[32m: [32mSync completed in 1819ms[0m
    [2;3mat[0m rch/src/transfer.rs:1503 [2;3mon[0m ThreadId(1)

  [2m2026-06-10T19:32:31.515556Z[0m [32m INFO[0m [1;32mrch::transfer[0m[32m: [32mSyncing /data/projects/frankentorch-5oqum-boldfalcon/crates/ft-autograd -> /data/projects/frankentorch-5oqum-boldfalcon/crates/ft-autograd on vmi1227854[0m
    [2;3mat[0m rch/src/transfer.rs:1434 [2;3mon[0m ThreadId(1)

  [2m2026-06-10T19:32:33.399978Z[0m [32m INFO[0m [1;32mrch::transfer[0m[32m: [32mSync completed in 1884ms[0m
    [2;3mat[0m rch/src/transfer.rs:1503 [2;3mon[0m ThreadId(1)

  [2m2026-06-10T19:32:33.400110Z[0m [32m INFO[0m [1;32mrch::transfer[0m[32m: [32mSyncing /data/projects/frankentorch-5oqum-boldfalcon/crates/ft-conformance -> /data/projects/frankentorch-5oqum-boldfalcon/crates/ft-conformance on vmi1227854[0m
    [2;3mat[0m rch/src/transfer.rs:1434 [2;3mon[0m ThreadId(1)

  [2m2026-06-10T19:32:35.356949Z[0m [32m INFO[0m [1;32mrch::transfer[0m[32m: [32mSync completed in 1956ms[0m
    [2;3mat[0m rch/src/transfer.rs:1503 [2;3mon[0m ThreadId(1)

  [2m2026-06-10T19:32:35.357073Z[0m [32m INFO[0m [1;32mrch::transfer[0m[32m: [32mSyncing /data/projects/frankentorch-5oqum-boldfalcon/crates/ft-core -> /data/projects/frankentorch-5oqum-boldfalcon/crates/ft-core on vmi1227854[0m
    [2;3mat[0m rch/src/transfer.rs:1434 [2;3mon[0m ThreadId(1)

  [2m2026-06-10T19:32:37.358160Z[0m [32m INFO[0m [1;32mrch::transfer[0m[32m: [32mSync completed in 2001ms[0m
    [2;3mat[0m rch/src/transfer.rs:1503 [2;3mon[0m ThreadId(1)

  [2m2026-06-10T19:32:37.358295Z[0m [32m INFO[0m [1;32mrch::transfer[0m[32m: [32mSyncing /data/projects/frankentorch-5oqum-boldfalcon/crates/ft-data -> /data/projects/frankentorch-5oqum-boldfalcon/crates/ft-data on vmi1227854[0m
    [2;3mat[0m rch/src/transfer.rs:1434 [2;3mon[0m ThreadId(1)

  [2m2026-06-10T19:32:39.334105Z[0m [32m INFO[0m [1;32mrch::transfer[0m[32m: [32mSync completed in 1975ms[0m
    [2;3mat[0m rch/src/transfer.rs:1503 [2;3mon[0m ThreadId(1)

  [2m2026-06-10T19:32:39.334229Z[0m [32m INFO[0m [1;32mrch::transfer[0m[32m: [32mSyncing /data/projects/frankentorch-5oqum-boldfalcon/crates/ft-device -> /data/projects/frankentorch-5oqum-boldfalcon/crates/ft-device on vmi1227854[0m
    [2;3mat[0m rch/src/transfer.rs:1434 [2;3mon[0m ThreadId(1)

  [2m2026-06-10T19:32:41.270094Z[0m [32m INFO[0m [1;32mrch::transfer[0m[32m: [32mSync completed in 1935ms[0m
    [2;3mat[0m rch/src/transfer.rs:1503 [2;3mon[0m ThreadId(1)

  [2m2026-06-10T19:32:41.270246Z[0m [32m INFO[0m [1;32mrch::transfer[0m[32m: [32mSyncing /data/projects/frankentorch-5oqum-boldfalcon/crates/ft-dispatch -> /data/projects/frankentorch-5oqum-boldfalcon/crates/ft-dispatch on vmi1227854[0m
    [2;3mat[0m rch/src/transfer.rs:1434 [2;3mon[0m ThreadId(1)

  [2m2026-06-10T19:32:43.277734Z[0m [32m INFO[0m [1;32mrch::transfer[0m[32m: [32mSync completed in 2007ms[0m
    [2;3mat[0m rch/src/transfer.rs:1503 [2;3mon[0m ThreadId(1)

  [2m2026-06-10T19:32:43.277974Z[0m [32m INFO[0m [1;32mrch::transfer[0m[32m: [32mSyncing /data/projects/frankentorch-5oqum-boldfalcon/crates/ft-kernel-cpu -> /data/projects/frankentorch-5oqum-boldfalcon/crates/ft-kernel-cpu on vmi1227854[0m
    [2;3mat[0m rch/src/transfer.rs:1434 [2;3mon[0m ThreadId(1)

  [2m2026-06-10T19:32:45.266105Z[0m [32m INFO[0m [1;32mrch::transfer[0m[32m: [32mSync completed in 1988ms[0m
    [2;3mat[0m rch/src/transfer.rs:1503 [2;3mon[0m ThreadId(1)

  [2m2026-06-10T19:32:45.266237Z[0m [32m INFO[0m [1;32mrch::transfer[0m[32m: [32mSyncing /data/projects/frankentorch-5oqum-boldfalcon/crates/ft-nn -> /data/projects/frankentorch-5oqum-boldfalcon/crates/ft-nn on vmi1227854[0m
    [2;3mat[0m rch/src/transfer.rs:1434 [2;3mon[0m ThreadId(1)

  [2m2026-06-10T19:32:47.129094Z[0m [32m INFO[0m [1;32mrch::transfer[0m[32m: [32mSync completed in 1862ms[0m
    [2;3mat[0m rch/src/transfer.rs:1503 [2;3mon[0m ThreadId(1)

  [2m2026-06-10T19:32:47.129265Z[0m [32m INFO[0m [1;32mrch::transfer[0m[32m: [32mSyncing /data/projects/frankentorch-5oqum-boldfalcon/crates/ft-optim -> /data/projects/frankentorch-5oqum-boldfalcon/crates/ft-optim on vmi1227854[0m
    [2;3mat[0m rch/src/transfer.rs:1434 [2;3mon[0m ThreadId(1)

  [2m2026-06-10T19:32:49.003264Z[0m [32m INFO[0m [1;32mrch::transfer[0m[32m: [32mSync completed in 1873ms[0m
    [2;3mat[0m rch/src/transfer.rs:1503 [2;3mon[0m ThreadId(1)

  [2m2026-06-10T19:32:49.003413Z[0m [32m INFO[0m [1;32mrch::transfer[0m[32m: [32mSyncing /data/projects/frankentorch-5oqum-boldfalcon/crates/ft-runtime -> /data/projects/frankentorch-5oqum-boldfalcon/crates/ft-runtime on vmi1227854[0m
    [2;3mat[0m rch/src/transfer.rs:1434 [2;3mon[0m ThreadId(1)

  [2m2026-06-10T19:32:50.879596Z[0m [32m INFO[0m [1;32mrch::transfer[0m[32m: [32mSync completed in 1876ms[0m
    [2;3mat[0m rch/src/transfer.rs:1503 [2;3mon[0m ThreadId(1)

  [2m2026-06-10T19:32:50.879726Z[0m [32m INFO[0m [1;32mrch::transfer[0m[32m: [32mSyncing /data/projects/frankentorch-5oqum-boldfalcon/crates/ft-serialize -> /data/projects/frankentorch-5oqum-boldfalcon/crates/ft-serialize on vmi1227854[0m
    [2;3mat[0m rch/src/transfer.rs:1434 [2;3mon[0m ThreadId(1)

  [2m2026-06-10T19:32:52.749162Z[0m [32m INFO[0m [1;32mrch::transfer[0m[32m: [32mSync completed in 1869ms[0m
    [2;3mat[0m rch/src/transfer.rs:1503 [2;3mon[0m ThreadId(1)

  [2m2026-06-10T19:32:52.749214Z[0m [32m INFO[0m [1;32mrch::hook[0m[32m: [32mSync complete: 2050 files, 93650 bytes in 25517ms[0m
    [2;3mat[0m rch/src/hook.rs:6209 [2;3mon[0m ThreadId(1)

  [2m2026-06-10T19:32:57.033455Z[0m [32m INFO[0m [1;32mrch::hook[0m[32m: [32mExecuting command remotely: env 'CARGO_NET_RETRY=10' 'CARGO_HTTP_TIMEOUT=120' cargo bench -j 1 -p ft-kernel-cpu --bench linalg_bench -- 'eigvalsh_f64_256x256|eigvalsh_two_stage_f64_256x256_b32|sym_to_banded_f64_256x256_b32|banded_to_tridiag_f64_256x256_b32' --warm-up-time 1 --measurement-time 2 --sample-size 10[0m
    [2;3mat[0m rch/src/hook.rs:6252 [2;3mon[0m ThreadId(1)

  [2m2026-06-10T19:32:57.033535Z[0m [32m INFO[0m [1;32mrch::transfer[0m[32m: [32mRewriting CARGO_TARGET_DIR for remote execution (worker-scoped path): /data/tmp/cargo-target -> /data/projects/frankentorch-5oqum-boldfalcon/.rch-target-vmi1227854-job-29879662679165402-1781119947222740924-0[0m
    [2;3mat[0m rch/src/transfer.rs:712 [2;3mon[0m ThreadId(1)

    Updating crates.io index
 Downloading crates ...
  Downloaded anes v0.1.6
  Downloaded bit-set v0.8.0
  Downloaded bit-vec v0.8.0
  Downloaded ciborium-io v0.2.2
  Downloaded fnv v1.0.7
  Downloaded cfg-if v1.0.4
  Downloaded autocfg v1.5.0
  Downloaded cast v0.3.0
  Downloaded is-terminal v0.4.17
  Downloaded clap_lex v1.1.0
  Downloaded errno v0.3.14
  Downloaded wait-timeout v0.2.1
  Downloaded rand_xorshift v0.4.0
  Downloaded plotters-backend v0.3.7
  Downloaded quick-error v1.2.3
  Downloaded plotters-svg v0.3.7
  Downloaded same-file v1.0.6
  Downloaded itoa v1.0.18
  Downloaded anstyle v1.0.14
  Downloaded rawpointer v0.2.1
  Downloaded unarray v0.1.4
  Downloaded crossbeam-deque v0.8.6
  Downloaded either v1.15.0
  Downloaded fastrand v2.4.1
  Downloaded bytemuck_derive v1.10.2
  Downloaded tinytemplate v1.2.1
  Downloaded ppv-lite86 v0.2.21
  Downloaded num-complex v0.4.6
  Downloaded rand_core v0.9.5
  Downloaded oorandom v11.1.5
  Downloaded criterion-plot v0.5.0
  Downloaded ciborium-ll v0.2.2
  Downloaded rusty-fork v0.3.1
  Downloaded walkdir v2.5.0
  Downloaded crossbeam-epoch v0.9.18
  Downloaded console v0.16.3
  Downloaded crossbeam-utils v0.8.21
  Downloaded zmij v1.0.21
  Downloaded ciborium v0.2.2
  Downloaded rand_chacha v0.9.0
  Downloaded tempfile v3.27.0
  Downloaded quote v1.0.45
  Downloaded once_cell v1.21.4
  Downloaded clap v4.6.1
  Downloaded bitflags v2.11.1
  Downloaded half v2.7.1
  Downloaded unicode-ident v1.0.24
  Downloaded zerocopy-derive v0.8.48
  Downloaded wide v0.7.33
  Downloaded rand v0.9.4
  Downloaded itertools v0.10.5
  Downloaded insta v1.47.2
  Downloaded serde_json v1.0.149
  Downloaded rayon v1.12.0
  Downloaded clap_builder v4.6.0
  Downloaded regex v1.12.3
  Downloaded proptest v1.11.0
  Downloaded plotters v0.3.7
  Downloaded libm v0.2.16
  Downloaded zerocopy v0.8.48
  Downloaded syn v2.0.117
  Downloaded criterion v0.5.1
  Downloaded aho-corasick v1.1.4
  Downloaded memchr v2.8.0
  Downloaded regex-syntax v0.8.10
  Downloaded serde v1.0.228
  Downloaded similar v2.7.0
  Downloaded rustix v1.1.4
  Downloaded serde_derive v1.0.228
  Downloaded safe_arch v0.7.4
  Downloaded rayon-core v1.13.0
  Downloaded matrixmultiply v0.3.10
  Downloaded regex-automata v0.4.14
  Downloaded bytemuck v1.25.0
  Downloaded serde_core v1.0.228
  Downloaded proc-macro2 v1.0.106
  Downloaded num-traits v0.2.19
  Downloaded getrandom v0.3.4
  Downloaded libc v0.2.185
  Downloaded linux-raw-sys v0.12.1
   Compiling proc-macro2 v1.0.106
   Compiling unicode-ident v1.0.24
   Compiling quote v1.0.45
   Compiling syn v2.0.117
   Compiling cfg-if v1.0.4
   Compiling libc v0.2.185
   Compiling autocfg v1.5.0
   Compiling zerocopy v0.8.48
   Compiling zerocopy-derive v0.8.48
   Compiling getrandom v0.3.4
   Compiling bytemuck_derive v1.10.2
   Compiling bytemuck v1.25.0
   Compiling num-traits v0.2.19
   Compiling crossbeam-utils v0.8.21
   Compiling serde_core v1.0.228
   Compiling rustix v1.1.4
   Compiling crossbeam-epoch v0.9.18
   Compiling half v2.7.1
   Compiling linux-raw-sys v0.12.1
   Compiling either v1.15.0
   Compiling serde v1.0.228
   Compiling once_cell v1.21.4
   Compiling rayon-core v1.13.0
   Compiling bitflags v2.11.1
   Compiling zmij v1.0.21
   Compiling crossbeam-deque v0.8.6
   Compiling rand_core v0.9.5
   Compiling serde_derive v1.0.228
   Compiling regex-syntax v0.8.10
   Compiling serde_json v1.0.149
   Compiling fastrand v2.4.1
   Compiling tempfile v3.27.0
   Compiling matrixmultiply v0.3.10
   Compiling plotters-backend v0.3.7
   Compiling memchr v2.8.0
   Compiling itoa v1.0.18
   Compiling anstyle v1.0.14
   Compiling libm v0.2.16
   Compiling ciborium-io v0.2.2
   Compiling clap_lex v1.1.0
   Compiling clap_builder v4.6.0
   Compiling ciborium-ll v0.2.2
   Compiling plotters-svg v0.3.7
   Compiling rayon v1.12.0
   Compiling regex-automata v0.4.14
   Compiling itertools v0.10.5
   Compiling num-complex v0.4.6
   Compiling safe_arch v0.7.4
   Compiling ppv-lite86 v0.2.21
   Compiling wait-timeout v0.2.1
   Compiling bit-vec v0.8.0
   Compiling rawpointer v0.2.1
   Compiling cast v0.3.0
   Compiling same-file v1.0.6
   Compiling fnv v1.0.7
   Compiling quick-error v1.2.3
   Compiling rusty-fork v0.3.1
   Compiling walkdir v2.5.0
   Compiling criterion-plot v0.5.0
   Compiling bit-set v0.8.0
   Compiling rand_chacha v0.9.0
   Compiling wide v0.7.33
   Compiling ft-core v0.1.0 (/data/projects/frankentorch-5oqum-boldfalcon/crates/ft-core)
   Compiling regex v1.12.3
   Compiling plotters v0.3.7
   Compiling tinytemplate v1.2.1
   Compiling ciborium v0.2.2
   Compiling clap v4.6.1
   Compiling rand_xorshift v0.4.0
   Compiling rand v0.9.4
   Compiling is-terminal v0.4.17
   Compiling console v0.16.3
   Compiling oorandom v11.1.5
   Compiling similar v2.7.0
   Compiling anes v0.1.6
   Compiling unarray v0.1.4
   Compiling proptest v1.11.0
   Compiling criterion v0.5.1
   Compiling insta v1.47.2
   Compiling ft-kernel-cpu v0.1.0 (/data/projects/frankentorch-5oqum-boldfalcon/crates/ft-kernel-cpu)
    Finished `bench` profile [optimized + debuginfo] target(s) in 2m 56s
     Running benches/linalg_bench.rs (.rch-target-vmi1227854-job-29879662679165402-1781119947222740924-0/release/deps/linalg_bench-a1fa7e7590f4a8db)
Gnuplot not found, using plotters backend
Benchmarking eigvalsh_f64_256x256
Benchmarking eigvalsh_f64_256x256: Warming up for 1.0000 s
Benchmarking eigvalsh_f64_256x256: Collecting 10 samples in estimated 2.0767 s (275 iterations)
Benchmarking eigvalsh_f64_256x256: Analyzing
eigvalsh_f64_256x256    time:   [7.0226 ms 7.2418 ms 7.6227 ms]
Found 2 outliers among 10 measurements (20.00%)
  2 (20.00%) high mild

Benchmarking eigvalsh_two_stage_f64_256x256_b32
Benchmarking eigvalsh_two_stage_f64_256x256_b32: Warming up for 1.0000 s
Benchmarking eigvalsh_two_stage_f64_256x256_b32: Collecting 10 samples in estimated 2.0557 s (165 iterations)
Benchmarking eigvalsh_two_stage_f64_256x256_b32: Analyzing
eigvalsh_two_stage_f64_256x256_b32
                        time:   [11.699 ms 12.877 ms 13.716 ms]
Found 1 outliers among 10 measurements (10.00%)
  1 (10.00%) high mild

Benchmarking sym_to_banded_f64_256x256_b32
Benchmarking sym_to_banded_f64_256x256_b32: Warming up for 1.0000 s

Warning: Unable to complete 10 samples in 2.0s. You may wish to increase target time to 2.7s or enable flat sampling.
Benchmarking sym_to_banded_f64_256x256_b32: Collecting 10 samples in estimated 2.6651 s (55 iterations)
Benchmarking sym_to_banded_f64_256x256_b32: Analyzing
sym_to_banded_f64_256x256_b32
                        time:   [44.482 ms 45.898 ms 48.303 ms]
Found 1 outliers among 10 measurements (10.00%)
  1 (10.00%) high severe

Benchmarking banded_to_tridiag_f64_256x256_b32
Benchmarking banded_to_tridiag_f64_256x256_b32: Warming up for 1.0000 s
Benchmarking banded_to_tridiag_f64_256x256_b32: Collecting 10 samples in estimated 2.3300 s (110 iterations)
Benchmarking banded_to_tridiag_f64_256x256_b32: Analyzing
banded_to_tridiag_f64_256x256_b32
                        time:   [20.002 ms 20.385 ms 20.967 ms]

  [2m2026-06-10T19:36:48.688154Z[0m [32m INFO[0m [1;32mrch::hook[0m[32m: [32mRemote command finished: exit=0 in 231654ms[0m
    [2;3mat[0m rch/src/hook.rs:6376 [2;3mon[0m ThreadId(1)

  [2m2026-06-10T19:36:48.688519Z[0m [32m INFO[0m [1;32mrch::hook[0m[32m: [32mRetrieving build artifacts...[0m
    [2;3mat[0m rch/src/hook.rs:6425 [2;3mon[0m ThreadId(1)

  [2m2026-06-10T19:36:48.688567Z[0m [32m INFO[0m [1;32mrch::transfer[0m[32m: [32mRetrieving artifacts from /data/projects/frankentorch-5oqum-boldfalcon on vmi1227854[0m
    [2;3mat[0m rch/src/transfer.rs:2106 [2;3mon[0m ThreadId(1)

  [2m2026-06-10T19:36:50.762628Z[0m [32m INFO[0m [1;32mrch::transfer[0m[32m: [32mArtifacts retrieved in 2074ms (1 files, 1180 bytes)[0m
    [2;3mat[0m rch/src/transfer.rs:2145 [2;3mon[0m ThreadId(1)

  [2m2026-06-10T19:36:50.762661Z[0m [32m INFO[0m [1;32mrch::hook[0m[32m: [32mArtifacts retrieved: 1 files, 1180 bytes in 2074ms[0m
    [2;3mat[0m rch/src/hook.rs:6458 [2;3mon[0m ThreadId(1)

  [2m2026-06-10T19:36:50.762787Z[0m [32m INFO[0m [1;32mrch::transfer[0m[32m: [32mRetrieving artifacts from /data/projects/frankentorch-5oqum-boldfalcon/.rch-target-vmi1227854-job-29879662679165402-1781119947222740924-0 on vmi1227854[0m
    [2;3mat[0m rch/src/transfer.rs:2106 [2;3mon[0m ThreadId(1)

  [2m2026-06-10T19:36:53.095397Z[0m [32m INFO[0m [1;32mrch::transfer[0m[32m: [32mArtifacts retrieved in 2332ms (96 files, 7015 bytes)[0m
    [2;3mat[0m rch/src/transfer.rs:2145 [2;3mon[0m ThreadId(1)

  [2m2026-06-10T19:36:53.095425Z[0m [32m INFO[0m [1;32mrch::hook[0m[32m: [32mCustom CARGO_TARGET_DIR artifacts retrieved: 96 files, 7015 bytes in 2332ms[0m
    [2;3mat[0m rch/src/hook.rs:6582 [2;3mon[0m ThreadId(1)

[RCH] remote vmi1227854 (267.8s)
