  [2m2026-06-13T01:13:51.692849Z[0m [32m INFO[0m [1;32mrch::hook[0m[32m: [32mSelected worker: hz2 at root@178.104.77.29 (6 slots remaining after reservation, speed 50.0)[0m
    [2;3mat[0m rch/src/hook.rs:514 [2;3mon[0m ThreadId(1)

  [2m2026-06-13T01:13:52.009787Z[0m [32m INFO[0m [1;32mrch::hook[0m[32m: [32mStarting remote compilation pipeline for frankentorch (hash: 3d6dc0f5ca5d2899)[0m
    [2;3mat[0m rch/src/hook.rs:5994 [2;3mon[0m ThreadId(1)

  [2m2026-06-13T01:13:52.009834Z[0m [32m INFO[0m [1;32mrch::hook[0m[32m: [32mPrepared dependency sync manifest for 13 roots[0m
    [2;3mat[0m rch/src/hook.rs:6016 [2;3mon[0m ThreadId(1)

  [2m2026-06-13T01:13:53.631824Z[0m [32m INFO[0m [1;32mrch::hook[0m[32m: [32mSyncing project to worker hz2...[0m
    [2;3mat[0m rch/src/hook.rs:6046 [2;3mon[0m ThreadId(1)

  [2m2026-06-13T01:13:53.631943Z[0m [32m INFO[0m [1;32mrch::transfer[0m[32m: [32mSyncing /data/projects/frankentorch -> /data/projects/frankentorch on hz2[0m
    [2;3mat[0m rch/src/transfer.rs:1434 [2;3mon[0m ThreadId(1)

  [2m2026-06-13T01:14:02.792463Z[0m [32m INFO[0m [1;32mrch::transfer[0m[32m: [32mSync completed in 9160ms[0m
    [2;3mat[0m rch/src/transfer.rs:1503 [2;3mon[0m ThreadId(1)

  [2m2026-06-13T01:14:02.792585Z[0m [32m INFO[0m [1;32mrch::transfer[0m[32m: [32mSyncing /data/projects/frankentorch/crates/ft-api -> /data/projects/frankentorch/crates/ft-api on hz2[0m
    [2;3mat[0m rch/src/transfer.rs:1434 [2;3mon[0m ThreadId(1)

  [2m2026-06-13T01:14:04.834884Z[0m [32m INFO[0m [1;32mrch::transfer[0m[32m: [32mSync completed in 2042ms[0m
    [2;3mat[0m rch/src/transfer.rs:1503 [2;3mon[0m ThreadId(1)

  [2m2026-06-13T01:14:04.835016Z[0m [32m INFO[0m [1;32mrch::transfer[0m[32m: [32mSyncing /data/projects/frankentorch/crates/ft-autograd -> /data/projects/frankentorch/crates/ft-autograd on hz2[0m
    [2;3mat[0m rch/src/transfer.rs:1434 [2;3mon[0m ThreadId(1)

  [2m2026-06-13T01:14:06.752006Z[0m [32m INFO[0m [1;32mrch::transfer[0m[32m: [32mSync completed in 1916ms[0m
    [2;3mat[0m rch/src/transfer.rs:1503 [2;3mon[0m ThreadId(1)

  [2m2026-06-13T01:14:06.752121Z[0m [32m INFO[0m [1;32mrch::transfer[0m[32m: [32mSyncing /data/projects/frankentorch/crates/ft-conformance -> /data/projects/frankentorch/crates/ft-conformance on hz2[0m
    [2;3mat[0m rch/src/transfer.rs:1434 [2;3mon[0m ThreadId(1)

  [2m2026-06-13T01:14:08.612457Z[0m [32m INFO[0m [1;32mrch::transfer[0m[32m: [32mSync completed in 1860ms[0m
    [2;3mat[0m rch/src/transfer.rs:1503 [2;3mon[0m ThreadId(1)

  [2m2026-06-13T01:14:08.612592Z[0m [32m INFO[0m [1;32mrch::transfer[0m[32m: [32mSyncing /data/projects/frankentorch/crates/ft-core -> /data/projects/frankentorch/crates/ft-core on hz2[0m
    [2;3mat[0m rch/src/transfer.rs:1434 [2;3mon[0m ThreadId(1)

  [2m2026-06-13T01:14:10.515259Z[0m [32m INFO[0m [1;32mrch::transfer[0m[32m: [32mSync completed in 1902ms[0m
    [2;3mat[0m rch/src/transfer.rs:1503 [2;3mon[0m ThreadId(1)

  [2m2026-06-13T01:14:10.515389Z[0m [32m INFO[0m [1;32mrch::transfer[0m[32m: [32mSyncing /data/projects/frankentorch/crates/ft-data -> /data/projects/frankentorch/crates/ft-data on hz2[0m
    [2;3mat[0m rch/src/transfer.rs:1434 [2;3mon[0m ThreadId(1)

  [2m2026-06-13T01:14:12.483079Z[0m [32m INFO[0m [1;32mrch::transfer[0m[32m: [32mSync completed in 1967ms[0m
    [2;3mat[0m rch/src/transfer.rs:1503 [2;3mon[0m ThreadId(1)

  [2m2026-06-13T01:14:12.483204Z[0m [32m INFO[0m [1;32mrch::transfer[0m[32m: [32mSyncing /data/projects/frankentorch/crates/ft-device -> /data/projects/frankentorch/crates/ft-device on hz2[0m
    [2;3mat[0m rch/src/transfer.rs:1434 [2;3mon[0m ThreadId(1)

  [2m2026-06-13T01:14:14.483895Z[0m [32m INFO[0m [1;32mrch::transfer[0m[32m: [32mSync completed in 2000ms[0m
    [2;3mat[0m rch/src/transfer.rs:1503 [2;3mon[0m ThreadId(1)

  [2m2026-06-13T01:14:14.484020Z[0m [32m INFO[0m [1;32mrch::transfer[0m[32m: [32mSyncing /data/projects/frankentorch/crates/ft-dispatch -> /data/projects/frankentorch/crates/ft-dispatch on hz2[0m
    [2;3mat[0m rch/src/transfer.rs:1434 [2;3mon[0m ThreadId(1)

  [2m2026-06-13T01:14:16.334292Z[0m [32m INFO[0m [1;32mrch::transfer[0m[32m: [32mSync completed in 1850ms[0m
    [2;3mat[0m rch/src/transfer.rs:1503 [2;3mon[0m ThreadId(1)

  [2m2026-06-13T01:14:16.334430Z[0m [32m INFO[0m [1;32mrch::transfer[0m[32m: [32mSyncing /data/projects/frankentorch/crates/ft-kernel-cpu -> /data/projects/frankentorch/crates/ft-kernel-cpu on hz2[0m
    [2;3mat[0m rch/src/transfer.rs:1434 [2;3mon[0m ThreadId(1)

  [2m2026-06-13T01:14:18.250676Z[0m [32m INFO[0m [1;32mrch::transfer[0m[32m: [32mSync completed in 1916ms[0m
    [2;3mat[0m rch/src/transfer.rs:1503 [2;3mon[0m ThreadId(1)

  [2m2026-06-13T01:14:18.250829Z[0m [32m INFO[0m [1;32mrch::transfer[0m[32m: [32mSyncing /data/projects/frankentorch/crates/ft-nn -> /data/projects/frankentorch/crates/ft-nn on hz2[0m
    [2;3mat[0m rch/src/transfer.rs:1434 [2;3mon[0m ThreadId(1)

  [2m2026-06-13T01:14:20.139961Z[0m [32m INFO[0m [1;32mrch::transfer[0m[32m: [32mSync completed in 1889ms[0m
    [2;3mat[0m rch/src/transfer.rs:1503 [2;3mon[0m ThreadId(1)

  [2m2026-06-13T01:14:20.140088Z[0m [32m INFO[0m [1;32mrch::transfer[0m[32m: [32mSyncing /data/projects/frankentorch/crates/ft-optim -> /data/projects/frankentorch/crates/ft-optim on hz2[0m
    [2;3mat[0m rch/src/transfer.rs:1434 [2;3mon[0m ThreadId(1)

  [2m2026-06-13T01:14:22.083123Z[0m [32m INFO[0m [1;32mrch::transfer[0m[32m: [32mSync completed in 1943ms[0m
    [2;3mat[0m rch/src/transfer.rs:1503 [2;3mon[0m ThreadId(1)

  [2m2026-06-13T01:14:22.083247Z[0m [32m INFO[0m [1;32mrch::transfer[0m[32m: [32mSyncing /data/projects/frankentorch/crates/ft-runtime -> /data/projects/frankentorch/crates/ft-runtime on hz2[0m
    [2;3mat[0m rch/src/transfer.rs:1434 [2;3mon[0m ThreadId(1)

  [2m2026-06-13T01:14:24.266119Z[0m [32m INFO[0m [1;32mrch::transfer[0m[32m: [32mSync completed in 2182ms[0m
    [2;3mat[0m rch/src/transfer.rs:1503 [2;3mon[0m ThreadId(1)

  [2m2026-06-13T01:14:24.266246Z[0m [32m INFO[0m [1;32mrch::transfer[0m[32m: [32mSyncing /data/projects/frankentorch/crates/ft-serialize -> /data/projects/frankentorch/crates/ft-serialize on hz2[0m
    [2;3mat[0m rch/src/transfer.rs:1434 [2;3mon[0m ThreadId(1)

  [2m2026-06-13T01:14:26.199154Z[0m [32m INFO[0m [1;32mrch::transfer[0m[32m: [32mSync completed in 1932ms[0m
    [2;3mat[0m rch/src/transfer.rs:1503 [2;3mon[0m ThreadId(1)

  [2m2026-06-13T01:14:26.199203Z[0m [32m INFO[0m [1;32mrch::hook[0m[32m: [32mSync complete: 51908 files, 1856382 bytes in 32559ms[0m
    [2;3mat[0m rch/src/hook.rs:6209 [2;3mon[0m ThreadId(1)

  [2m2026-06-13T01:14:30.362224Z[0m [32m INFO[0m [1;32mrch::hook[0m[32m: [32mExecuting command remotely: cargo clippy -p ft-kernel-cpu --lib --examples --benches -- -D warnings[0m
    [2;3mat[0m rch/src/hook.rs:6252 [2;3mon[0m ThreadId(1)

  [2m2026-06-13T01:14:30.362288Z[0m [32m INFO[0m [1;32mrch::transfer[0m[32m: [32mRewriting CARGO_TARGET_DIR for remote execution (worker-scoped path): /data/tmp/cargo-target -> /data/projects/frankentorch/.rch-target-hz2-job-29884606035526428-1781313233631817450-0[0m
    [2;3mat[0m rch/src/transfer.rs:712 [2;3mon[0m ThreadId(1)

    Updating crates.io index
 Downloading crates ...
  Downloaded bit-set v0.8.0
  Downloaded anes v0.1.6
  Downloaded anstyle v1.0.14
  Downloaded autocfg v1.5.0
  Downloaded bit-vec v0.8.0
  Downloaded bitflags v2.11.1
  Downloaded rand_xorshift v0.4.0
  Downloaded is-terminal v0.4.17
  Downloaded rawpointer v0.2.1
  Downloaded errno v0.3.14
  Downloaded same-file v1.0.6
  Downloaded bytemuck_derive v1.10.2
  Downloaded cast v0.3.0
  Downloaded ciborium-io v0.2.2
  Downloaded itoa v1.0.18
  Downloaded plotters-svg v0.3.7
  Downloaded ciborium-ll v0.2.2
  Downloaded cfg-if v1.0.4
  Downloaded fnv v1.0.7
  Downloaded plotters-backend v0.3.7
  Downloaded unarray v0.1.4
  Downloaded wait-timeout v0.2.1
  Downloaded clap_lex v1.1.0
  Downloaded criterion-plot v0.5.0
  Downloaded fastrand v2.4.1
  Downloaded num-complex v0.4.6
  Downloaded rand_core v0.9.5
  Downloaded zmij v1.0.21
  Downloaded ppv-lite86 v0.2.21
  Downloaded quick-error v1.2.3
  Downloaded either v1.15.0
  Downloaded rusty-fork v0.3.1
  Downloaded walkdir v2.5.0
  Downloaded rand_chacha v0.9.0
  Downloaded tinytemplate v1.2.1
  Downloaded quote v1.0.45
  Downloaded console v0.16.3
  Downloaded crossbeam-utils v0.8.21
  Downloaded oorandom v11.1.5
  Downloaded tempfile v3.27.0
  Downloaded bytemuck v1.25.0
  Downloaded ciborium v0.2.2
  Downloaded clap v4.6.1
  Downloaded crossbeam-deque v0.8.6
  Downloaded crossbeam-epoch v0.9.18
  Downloaded getrandom v0.3.4
  Downloaded matrixmultiply v0.3.10
  Downloaded num-traits v0.2.19
  Downloaded once_cell v1.21.4
  Downloaded proc-macro2 v1.0.106
  Downloaded serde_core v1.0.228
  Downloaded serde_derive v1.0.228
  Downloaded similar v2.7.0
  Downloaded unicode-ident v1.0.24
  Downloaded half v2.7.1
  Downloaded zerocopy-derive v0.8.48
  Downloaded rayon-core v1.13.0
  Downloaded serde v1.0.228
  Downloaded safe_arch v0.7.4
  Downloaded memchr v2.8.0
  Downloaded rand v0.9.4
  Downloaded wide v0.7.33
  Downloaded insta v1.47.2
  Downloaded criterion v0.5.1
  Downloaded itertools v0.10.5
  Downloaded aho-corasick v1.1.4
  Downloaded libm v0.2.16
  Downloaded plotters v0.3.7
  Downloaded regex v1.12.3
  Downloaded serde_json v1.0.149
  Downloaded clap_builder v4.6.0
  Downloaded rayon v1.12.0
  Downloaded proptest v1.11.0
  Downloaded syn v2.0.117
  Downloaded zerocopy v0.8.48
  Downloaded regex-syntax v0.8.10
  Downloaded rustix v1.1.4
  Downloaded regex-automata v0.4.14
  Downloaded libc v0.2.185
  Downloaded linux-raw-sys v0.12.1
   Compiling proc-macro2 v1.0.106
   Compiling unicode-ident v1.0.24
   Compiling quote v1.0.45
   Compiling libc v0.2.185
    Checking cfg-if v1.0.4
   Compiling autocfg v1.5.0
   Compiling zerocopy v0.8.48
   Compiling getrandom v0.3.4
   Compiling crossbeam-utils v0.8.21
   Compiling serde_core v1.0.228
   Compiling rustix v1.1.4
    Checking once_cell v1.21.4
   Compiling serde v1.0.228
   Compiling zmij v1.0.21
    Checking bitflags v2.11.1
    Checking linux-raw-sys v0.12.1
   Compiling rayon-core v1.13.0
    Checking either v1.15.0
   Compiling serde_json v1.0.149
    Checking fastrand v2.4.1
    Checking regex-syntax v0.8.10
    Checking anstyle v1.0.14
    Checking plotters-backend v0.3.7
   Compiling num-traits v0.2.19
   Compiling matrixmultiply v0.3.10
    Checking itoa v1.0.18
    Checking ciborium-io v0.2.2
   Compiling libm v0.2.16
    Checking clap_lex v1.1.0
    Checking memchr v2.8.0
    Checking plotters-svg v0.3.7
    Checking itertools v0.10.5
    Checking quick-error v1.2.3
    Checking cast v0.3.0
    Checking same-file v1.0.6
    Checking clap_builder v4.6.0
    Checking rawpointer v0.2.1
    Checking fnv v1.0.7
    Checking bit-vec v0.8.0
    Checking walkdir v2.5.0
    Checking similar v2.7.0
    Checking anes v0.1.6
    Checking crossbeam-epoch v0.9.18
    Checking unarray v0.1.4
    Checking bit-set v0.8.0
    Checking oorandom v11.1.5
    Checking crossbeam-deque v0.8.6
    Checking num-complex v0.4.6
    Checking plotters v0.3.7
   Compiling syn v2.0.117
    Checking wait-timeout v0.2.1
    Checking is-terminal v0.4.17
    Checking console v0.16.3
    Checking criterion-plot v0.5.0
    Checking regex-automata v0.4.14
    Checking rayon v1.12.0
    Checking rand_core v0.9.5
    Checking tempfile v3.27.0
    Checking clap v4.6.1
    Checking rand v0.9.4
    Checking rand_xorshift v0.4.0
    Checking rusty-fork v0.3.1
    Checking insta v1.47.2
    Checking regex v1.12.3
   Compiling zerocopy-derive v0.8.48
   Compiling bytemuck_derive v1.10.2
   Compiling serde_derive v1.0.228
    Checking bytemuck v1.25.0
    Checking safe_arch v0.7.4
    Checking wide v0.7.33
    Checking tinytemplate v1.2.1
    Checking half v2.7.1
    Checking ppv-lite86 v0.2.21
    Checking ciborium-ll v0.2.2
    Checking ft-core v0.1.0 (/data/projects/frankentorch/crates/ft-core)
    Checking rand_chacha v0.9.0
    Checking proptest v1.11.0
    Checking ciborium v0.2.2
    Checking criterion v0.5.1
    Checking ft-kernel-cpu v0.1.0 (/data/projects/frankentorch/crates/ft-kernel-cpu)
    Finished `dev` profile [unoptimized + debuginfo] target(s) in 15.17s
  [2m2026-06-13T01:14:47.308216Z[0m [32m INFO[0m [1;32mrch::hook[0m[32m: [32mRemote command finished: exit=0 in 16945ms[0m
    [2;3mat[0m rch/src/hook.rs:6376 [2;3mon[0m ThreadId(1)

  [2m2026-06-13T01:14:47.308621Z[0m [32m INFO[0m [1;32mrch::hook[0m[32m: [32mRetrieving build artifacts...[0m
    [2;3mat[0m rch/src/hook.rs:6425 [2;3mon[0m ThreadId(1)

  [2m2026-06-13T01:14:47.308654Z[0m [32m INFO[0m [1;32mrch::transfer[0m[32m: [32mRetrieving artifacts from /data/projects/frankentorch on hz2[0m
    [2;3mat[0m rch/src/transfer.rs:2106 [2;3mon[0m ThreadId(1)

  [2m2026-06-13T01:14:49.186001Z[0m [32m INFO[0m [1;32mrch::transfer[0m[32m: [32mArtifacts retrieved in 1877ms (1 files, 1709 bytes)[0m
    [2;3mat[0m rch/src/transfer.rs:2145 [2;3mon[0m ThreadId(1)

  [2m2026-06-13T01:14:49.186043Z[0m [32m INFO[0m [1;32mrch::hook[0m[32m: [32mArtifacts retrieved: 1 files, 1709 bytes in 1877ms[0m
    [2;3mat[0m rch/src/hook.rs:6458 [2;3mon[0m ThreadId(1)

  [2m2026-06-13T01:14:49.186170Z[0m [32m INFO[0m [1;32mrch::transfer[0m[32m: [32mRetrieving artifacts from /data/projects/frankentorch/.rch-target-hz2-job-29884606035526428-1781313233631817450-0 on hz2[0m
    [2;3mat[0m rch/src/transfer.rs:2106 [2;3mon[0m ThreadId(1)

  [2m2026-06-13T01:14:53.654699Z[0m [32m INFO[0m [1;32mrch::transfer[0m[32m: [32mArtifacts retrieved in 4468ms (1240 files, 771222 bytes)[0m
    [2;3mat[0m rch/src/transfer.rs:2145 [2;3mon[0m ThreadId(1)

  [2m2026-06-13T01:14:53.654731Z[0m [32m INFO[0m [1;32mrch::hook[0m[32m: [32mCustom CARGO_TARGET_DIR artifacts retrieved: 1240 files, 771222 bytes in 4468ms[0m
    [2;3mat[0m rch/src/hook.rs:6582 [2;3mon[0m ThreadId(1)

[RCH] remote hz2 (62.0s)
