   Compiling proc-macro2 v1.0.106
   Compiling unicode-ident v1.0.24
   Compiling quote v1.0.45
   Compiling syn v2.0.117
    Checking cfg-if v1.0.4
   Compiling libc v0.2.185
   Compiling autocfg v1.5.0
   Compiling zerocopy v0.8.48
   Compiling zerocopy-derive v0.8.48
   Compiling getrandom v0.3.4
   Compiling bytemuck_derive v1.10.2
    Checking bytemuck v1.25.0
   Compiling num-traits v0.2.19
   Compiling crossbeam-utils v0.8.21
   Compiling serde_core v1.0.228
   Compiling rustix v1.1.4
    Checking crossbeam-epoch v0.9.18
    Checking half v2.7.1
   Compiling serde v1.0.228
    Checking linux-raw-sys v0.12.1
    Checking bitflags v2.11.1
    Checking either v1.15.0
   Compiling rayon-core v1.13.0
   Compiling zmij v1.0.21
    Checking once_cell v1.21.4
    Checking crossbeam-deque v0.8.6
    Checking rand_core v0.9.5
   Compiling serde_derive v1.0.228
    Checking fastrand v2.4.1
   Compiling serde_json v1.0.149
    Checking regex-syntax v0.8.10
    Checking tempfile v3.27.0
   Compiling matrixmultiply v0.3.10
    Checking anstyle v1.0.14
    Checking itoa v1.0.18
    Checking clap_lex v1.1.0
    Checking plotters-backend v0.3.7
    Checking ciborium-io v0.2.2
   Compiling libm v0.2.16
    Checking memchr v2.8.0
    Checking ciborium-ll v0.2.2
    Checking plotters-svg v0.3.7
    Checking clap_builder v4.6.0
    Checking rayon v1.12.0
    Checking regex-automata v0.4.14
    Checking itertools v0.10.5
    Checking num-complex v0.4.6
    Checking safe_arch v0.7.4
    Checking ppv-lite86 v0.2.21
    Checking wait-timeout v0.2.1
    Checking fnv v1.0.7
    Checking quick-error v1.2.3
    Checking rawpointer v0.2.1
    Checking cast v0.3.0
    Checking same-file v1.0.6
    Checking bit-vec v0.8.0
    Checking bit-set v0.8.0
    Checking walkdir v2.5.0
    Checking criterion-plot v0.5.0
    Checking rusty-fork v0.3.1
    Checking rand_chacha v0.9.0
    Checking wide v0.7.33
    Checking ft-core v0.1.0 (/data/projects/frankentorch/crates/ft-core)
    Checking regex v1.12.3
    Checking clap v4.6.1
    Checking plotters v0.3.7
    Checking ciborium v0.2.2
    Checking tinytemplate v1.2.1
    Checking rand_xorshift v0.4.0
    Checking rand v0.9.4
    Checking is-terminal v0.4.17
    Checking console v0.16.3
    Checking anes v0.1.6
    Checking similar v2.7.0
    Checking oorandom v11.1.5
    Checking unarray v0.1.4
    Checking proptest v1.11.0
    Checking criterion v0.5.1
    Checking insta v1.47.2
    Checking ft-kernel-cpu v0.1.0 (/data/projects/frankentorch/crates/ft-kernel-cpu)
warning: unnecessary parentheses around closure body
 --> crates/ft-kernel-cpu/examples/gemm_golden.rs:8:46
  |
8 |         let a: Vec<f64> = (0..m * k).map(|i| ((i as f64 * 0.001).sin())).collect();
  |                                              ^                        ^
  |
  = note: `#[warn(unused_parens)]` (part of `#[warn(unused)]`) on by default
help: remove these parentheses
  |
8 -         let a: Vec<f64> = (0..m * k).map(|i| ((i as f64 * 0.001).sin())).collect();
8 +         let a: Vec<f64> = (0..m * k).map(|i| (i as f64 * 0.001).sin() ).collect();
  |

warning: unnecessary parentheses around closure body
 --> crates/ft-kernel-cpu/examples/gemm_golden.rs:9:46
  |
9 |         let b: Vec<f64> = (0..k * n).map(|i| ((i as f64 * 0.0017).cos())).collect();
  |                                              ^                         ^
  |
help: remove these parentheses
  |
9 -         let b: Vec<f64> = (0..k * n).map(|i| ((i as f64 * 0.0017).cos())).collect();
9 +         let b: Vec<f64> = (0..k * n).map(|i| (i as f64 * 0.0017).cos() ).collect();
  |

warning: `ft-kernel-cpu` (example "gemm_golden") generated 2 warnings (run `cargo fix --example "gemm_golden" -p ft-kernel-cpu` to apply 2 suggestions)
    Finished `dev` profile [unoptimized + debuginfo] target(s) in 40.45s
