   Compiling ft-core v0.1.0 (/data/projects/.scratch/frankentorch-cod-b-kgs4-129-20260619T0550/crates/ft-core)
   Compiling ft-kernel-cpu v0.1.0 (/data/projects/.scratch/frankentorch-cod-b-kgs4-129-20260619T0550/crates/ft-kernel-cpu)
   Compiling ft-runtime v0.1.0 (/data/projects/.scratch/frankentorch-cod-b-kgs4-129-20260619T0550/crates/ft-runtime)
   Compiling ft-dispatch v0.1.0 (/data/projects/.scratch/frankentorch-cod-b-kgs4-129-20260619T0550/crates/ft-dispatch)
   Compiling ft-autograd v0.1.0 (/data/projects/.scratch/frankentorch-cod-b-kgs4-129-20260619T0550/crates/ft-autograd)
   Compiling ft-api v0.1.0 (/data/projects/.scratch/frankentorch-cod-b-kgs4-129-20260619T0550/crates/ft-api)
    Finished `bench` profile [optimized + debuginfo] target(s) in 47.53s
     Running benches/pytorch_gauntlet_bench.rs (/data/projects/.rch-targets/frankentorch-cod-b/release/deps/pytorch_gauntlet_bench-5f2ebc2fd9ddf042)
Gnuplot not found, using plotters backend
Benchmarking gauntlet_max_pool3d_grad/frankentorch_kgs4_117
Benchmarking gauntlet_max_pool3d_grad/frankentorch_kgs4_117: Warming up for 1.0000 s
Benchmarking gauntlet_max_pool3d_grad/frankentorch_kgs4_117: Collecting 10 samples in estimated 3.6810 s (220 iterations)
Benchmarking gauntlet_max_pool3d_grad/frankentorch_kgs4_117: Analyzing
gauntlet_max_pool3d_grad/frankentorch_kgs4_117
                        time:   [16.530 ms 16.692 ms 16.966 ms]
                        change: [-0.0090% +1.7950% +3.6575%] (p = 0.07 > 0.05)
                        No change in performance detected.
Benchmarking gauntlet_max_pool3d_grad/pytorch_2_12_cpu
Benchmarking gauntlet_max_pool3d_grad/pytorch_2_12_cpu: Warming up for 1.0000 s

Warning: Unable to complete 10 samples in 3.0s. You may wish to increase target time to 12.6s.
Benchmarking gauntlet_max_pool3d_grad/pytorch_2_12_cpu: Collecting 10 samples in estimated 12.636 s (10 iterations)
Benchmarking gauntlet_max_pool3d_grad/pytorch_2_12_cpu: Analyzing
gauntlet_max_pool3d_grad/pytorch_2_12_cpu
                        time:   [1.8559 ms 2.3587 ms 3.0073 ms]
                        change: [-82.152% -55.919% +55.634%] (p = 0.59 > 0.05)
                        No change in performance detected.
Found 1 outliers among 10 measurements (10.00%)
  1 (10.00%) high mild
Benchmarking gauntlet_max_pool3d_grad_stage/frankentorch_setup_tensor
Benchmarking gauntlet_max_pool3d_grad_stage/frankentorch_setup_tensor: Warming up for 1.0000 s
Benchmarking gauntlet_max_pool3d_grad_stage/frankentorch_setup_tensor: Collecting 10 samples in estimated 3.0105 s (13k iterations)
Benchmarking gauntlet_max_pool3d_grad_stage/frankentorch_setup_tensor: Analyzing
gauntlet_max_pool3d_grad_stage/frankentorch_setup_tensor
                        time:   [227.91 µs 240.66 µs 247.05 µs]
                        change: [+1.7768% +8.3826% +15.689%] (p = 0.04 < 0.05)
                        Performance has regressed.
Benchmarking gauntlet_max_pool3d_grad_stage/frankentorch_forward_only
Benchmarking gauntlet_max_pool3d_grad_stage/frankentorch_forward_only: Warming up for 1.0000 s
Benchmarking gauntlet_max_pool3d_grad_stage/frankentorch_forward_only: Collecting 10 samples in estimated 3.3892 s (440 iterations)
Benchmarking gauntlet_max_pool3d_grad_stage/frankentorch_forward_only: Analyzing
gauntlet_max_pool3d_grad_stage/frankentorch_forward_only
                        time:   [3.7495 ms 3.8604 ms 4.0790 ms]
                        change: [+94.327% +114.62% +139.22%] (p = 0.00 < 0.05)
                        Performance has regressed.
Found 2 outliers among 10 measurements (20.00%)
  1 (10.00%) low mild
  1 (10.00%) high mild
Benchmarking gauntlet_max_pool3d_grad_stage/frankentorch_sum_only
Benchmarking gauntlet_max_pool3d_grad_stage/frankentorch_sum_only: Warming up for 1.0000 s
Benchmarking gauntlet_max_pool3d_grad_stage/frankentorch_sum_only: Collecting 10 samples in estimated 3.0637 s (385 iterations)
Benchmarking gauntlet_max_pool3d_grad_stage/frankentorch_sum_only: Analyzing
gauntlet_max_pool3d_grad_stage/frankentorch_sum_only
                        time:   [1.0053 ms 1.0497 ms 1.0900 ms]
                        change: [-20.374% +1.9048% +35.607%] (p = 0.90 > 0.05)
                        No change in performance detected.
Found 1 outliers among 10 measurements (10.00%)
  1 (10.00%) low severe
Benchmarking gauntlet_max_pool3d_grad_stage/frankentorch_backward_only
Benchmarking gauntlet_max_pool3d_grad_stage/frankentorch_backward_only: Warming up for 1.0000 s
Benchmarking gauntlet_max_pool3d_grad_stage/frankentorch_backward_only: Collecting 10 samples in estimated 3.0592 s (165 iterations)
Benchmarking gauntlet_max_pool3d_grad_stage/frankentorch_backward_only: Analyzing
gauntlet_max_pool3d_grad_stage/frankentorch_backward_only
                        time:   [8.1851 ms 8.5067 ms 9.0200 ms]
                        change: [-41.890% -31.259% -18.823%] (p = 0.00 < 0.05)
                        Performance has improved.
Benchmarking gauntlet_max_pool3d_grad_stage/kernel_forward_with_indices
Benchmarking gauntlet_max_pool3d_grad_stage/kernel_forward_with_indices: Warming up for 1.0000 s
Benchmarking gauntlet_max_pool3d_grad_stage/kernel_forward_with_indices: Collecting 10 samples in estimated 3.0104 s (4015 iterations)
Benchmarking gauntlet_max_pool3d_grad_stage/kernel_forward_with_indices: Analyzing
gauntlet_max_pool3d_grad_stage/kernel_forward_with_indices
                        time:   [796.14 µs 809.89 µs 819.86 µs]
                        change: [-5.6824% -0.3264% +5.6059%] (p = 0.92 > 0.05)
                        No change in performance detected.
Benchmarking gauntlet_max_pool3d_grad_stage/kernel_backward_from_indices
Benchmarking gauntlet_max_pool3d_grad_stage/kernel_backward_from_indices: Warming up for 1.0000 s
Benchmarking gauntlet_max_pool3d_grad_stage/kernel_backward_from_indices: Collecting 10 samples in estimated 3.0728 s (1760 iterations)
Benchmarking gauntlet_max_pool3d_grad_stage/kernel_backward_from_indices: Analyzing
gauntlet_max_pool3d_grad_stage/kernel_backward_from_indices
                        time:   [1.6679 ms 1.7109 ms 1.7833 ms]
                        change: [-44.007% -38.370% -32.301%] (p = 0.00 < 0.05)
                        Performance has improved.
Found 1 outliers among 10 measurements (10.00%)
  1 (10.00%) high mild
