  [2m2026-06-15T18:33:34.533513Z[0m [32m INFO[0m [1;32mrch::hook[0m[32m: [32mSelected worker: vmi1227854 at root@109.123.245.77 (0 slots remaining after reservation, speed 50.0)[0m
    [2;3mat[0m rch/src/hook.rs:514 [2;3mon[0m ThreadId(1)

  [2m2026-06-15T18:33:34.907858Z[0m [32m INFO[0m [1;32mrch::hook[0m[32m: [32mStarting remote compilation pipeline for frankentorch-2dx0d-baseline (hash: 4acdef3166d7c920)[0m
    [2;3mat[0m rch/src/hook.rs:5994 [2;3mon[0m ThreadId(1)

  [2m2026-06-15T18:33:34.907943Z[0m [32m INFO[0m [1;32mrch::hook[0m[32m: [32mPrepared dependency sync manifest for 13 roots[0m
    [2;3mat[0m rch/src/hook.rs:6016 [2;3mon[0m ThreadId(1)

  [2m2026-06-15T18:33:54.585622Z[0m [32m INFO[0m [1;32mrch::hook[0m[32m: [32mSyncing project to worker vmi1227854...[0m
    [2;3mat[0m rch/src/hook.rs:6046 [2;3mon[0m ThreadId(1)

  [2m2026-06-15T18:33:54.585687Z[0m [32m INFO[0m [1;32mrch::transfer[0m[32m: [32mSyncing /data/projects/.scratch/frankentorch-2dx0d-baseline -> /data/projects/.scratch/frankentorch-2dx0d-baseline on vmi1227854[0m
    [2;3mat[0m rch/src/transfer.rs:1434 [2;3mon[0m ThreadId(1)

  [2m2026-06-15T18:33:56.909587Z[0m [32m INFO[0m [1;32mrch::transfer[0m[32m: [32mSync completed in 2323ms[0m
    [2;3mat[0m rch/src/transfer.rs:1503 [2;3mon[0m ThreadId(1)

  [2m2026-06-15T18:33:56.909667Z[0m [32m INFO[0m [1;32mrch::transfer[0m[32m: [32mSyncing /data/projects/.scratch/frankentorch-2dx0d-baseline/crates/ft-api -> /data/projects/.scratch/frankentorch-2dx0d-baseline/crates/ft-api on vmi1227854[0m
    [2;3mat[0m rch/src/transfer.rs:1434 [2;3mon[0m ThreadId(1)

  [2m2026-06-15T18:33:58.742968Z[0m [32m INFO[0m [1;32mrch::transfer[0m[32m: [32mSync completed in 1833ms[0m
    [2;3mat[0m rch/src/transfer.rs:1503 [2;3mon[0m ThreadId(1)

  [2m2026-06-15T18:33:58.743058Z[0m [32m INFO[0m [1;32mrch::transfer[0m[32m: [32mSyncing /data/projects/.scratch/frankentorch-2dx0d-baseline/crates/ft-autograd -> /data/projects/.scratch/frankentorch-2dx0d-baseline/crates/ft-autograd on vmi1227854[0m
    [2;3mat[0m rch/src/transfer.rs:1434 [2;3mon[0m ThreadId(1)

  [2m2026-06-15T18:34:00.915393Z[0m [32m INFO[0m [1;32mrch::transfer[0m[32m: [32mSync completed in 2172ms[0m
    [2;3mat[0m rch/src/transfer.rs:1503 [2;3mon[0m ThreadId(1)

  [2m2026-06-15T18:34:00.915487Z[0m [32m INFO[0m [1;32mrch::transfer[0m[32m: [32mSyncing /data/projects/.scratch/frankentorch-2dx0d-baseline/crates/ft-conformance -> /data/projects/.scratch/frankentorch-2dx0d-baseline/crates/ft-conformance on vmi1227854[0m
    [2;3mat[0m rch/src/transfer.rs:1434 [2;3mon[0m ThreadId(1)

  [2m2026-06-15T18:34:02.797908Z[0m [32m INFO[0m [1;32mrch::transfer[0m[32m: [32mSync completed in 1882ms[0m
    [2;3mat[0m rch/src/transfer.rs:1503 [2;3mon[0m ThreadId(1)

  [2m2026-06-15T18:34:02.798005Z[0m [32m INFO[0m [1;32mrch::transfer[0m[32m: [32mSyncing /data/projects/.scratch/frankentorch-2dx0d-baseline/crates/ft-core -> /data/projects/.scratch/frankentorch-2dx0d-baseline/crates/ft-core on vmi1227854[0m
    [2;3mat[0m rch/src/transfer.rs:1434 [2;3mon[0m ThreadId(1)

  [2m2026-06-15T18:34:04.692118Z[0m [32m INFO[0m [1;32mrch::transfer[0m[32m: [32mSync completed in 1894ms[0m
    [2;3mat[0m rch/src/transfer.rs:1503 [2;3mon[0m ThreadId(1)

  [2m2026-06-15T18:34:04.692209Z[0m [32m INFO[0m [1;32mrch::transfer[0m[32m: [32mSyncing /data/projects/.scratch/frankentorch-2dx0d-baseline/crates/ft-data -> /data/projects/.scratch/frankentorch-2dx0d-baseline/crates/ft-data on vmi1227854[0m
    [2;3mat[0m rch/src/transfer.rs:1434 [2;3mon[0m ThreadId(1)

  [2m2026-06-15T18:34:06.563538Z[0m [32m INFO[0m [1;32mrch::transfer[0m[32m: [32mSync completed in 1871ms[0m
    [2;3mat[0m rch/src/transfer.rs:1503 [2;3mon[0m ThreadId(1)

  [2m2026-06-15T18:34:06.563632Z[0m [32m INFO[0m [1;32mrch::transfer[0m[32m: [32mSyncing /data/projects/.scratch/frankentorch-2dx0d-baseline/crates/ft-device -> /data/projects/.scratch/frankentorch-2dx0d-baseline/crates/ft-device on vmi1227854[0m
    [2;3mat[0m rch/src/transfer.rs:1434 [2;3mon[0m ThreadId(1)

  [2m2026-06-15T18:34:08.399999Z[0m [32m INFO[0m [1;32mrch::transfer[0m[32m: [32mSync completed in 1836ms[0m
    [2;3mat[0m rch/src/transfer.rs:1503 [2;3mon[0m ThreadId(1)

  [2m2026-06-15T18:34:08.400094Z[0m [32m INFO[0m [1;32mrch::transfer[0m[32m: [32mSyncing /data/projects/.scratch/frankentorch-2dx0d-baseline/crates/ft-dispatch -> /data/projects/.scratch/frankentorch-2dx0d-baseline/crates/ft-dispatch on vmi1227854[0m
    [2;3mat[0m rch/src/transfer.rs:1434 [2;3mon[0m ThreadId(1)

  [2m2026-06-15T18:34:10.283907Z[0m [32m INFO[0m [1;32mrch::transfer[0m[32m: [32mSync completed in 1883ms[0m
    [2;3mat[0m rch/src/transfer.rs:1503 [2;3mon[0m ThreadId(1)

  [2m2026-06-15T18:34:10.284025Z[0m [32m INFO[0m [1;32mrch::transfer[0m[32m: [32mSyncing /data/projects/.scratch/frankentorch-2dx0d-baseline/crates/ft-kernel-cpu -> /data/projects/.scratch/frankentorch-2dx0d-baseline/crates/ft-kernel-cpu on vmi1227854[0m
    [2;3mat[0m rch/src/transfer.rs:1434 [2;3mon[0m ThreadId(1)

  [2m2026-06-15T18:34:12.073229Z[0m [32m INFO[0m [1;32mrch::transfer[0m[32m: [32mSync completed in 1789ms[0m
    [2;3mat[0m rch/src/transfer.rs:1503 [2;3mon[0m ThreadId(1)

  [2m2026-06-15T18:34:12.073320Z[0m [32m INFO[0m [1;32mrch::transfer[0m[32m: [32mSyncing /data/projects/.scratch/frankentorch-2dx0d-baseline/crates/ft-nn -> /data/projects/.scratch/frankentorch-2dx0d-baseline/crates/ft-nn on vmi1227854[0m
    [2;3mat[0m rch/src/transfer.rs:1434 [2;3mon[0m ThreadId(1)

  [2m2026-06-15T18:34:13.959222Z[0m [32m INFO[0m [1;32mrch::transfer[0m[32m: [32mSync completed in 1885ms[0m
    [2;3mat[0m rch/src/transfer.rs:1503 [2;3mon[0m ThreadId(1)

  [2m2026-06-15T18:34:13.959311Z[0m [32m INFO[0m [1;32mrch::transfer[0m[32m: [32mSyncing /data/projects/.scratch/frankentorch-2dx0d-baseline/crates/ft-optim -> /data/projects/.scratch/frankentorch-2dx0d-baseline/crates/ft-optim on vmi1227854[0m
    [2;3mat[0m rch/src/transfer.rs:1434 [2;3mon[0m ThreadId(1)

  [2m2026-06-15T18:34:16.035886Z[0m [32m INFO[0m [1;32mrch::transfer[0m[32m: [32mSync completed in 2076ms[0m
    [2;3mat[0m rch/src/transfer.rs:1503 [2;3mon[0m ThreadId(1)

  [2m2026-06-15T18:34:16.035983Z[0m [32m INFO[0m [1;32mrch::transfer[0m[32m: [32mSyncing /data/projects/.scratch/frankentorch-2dx0d-baseline/crates/ft-runtime -> /data/projects/.scratch/frankentorch-2dx0d-baseline/crates/ft-runtime on vmi1227854[0m
    [2;3mat[0m rch/src/transfer.rs:1434 [2;3mon[0m ThreadId(1)

  [2m2026-06-15T18:34:17.873029Z[0m [32m INFO[0m [1;32mrch::transfer[0m[32m: [32mSync completed in 1837ms[0m
    [2;3mat[0m rch/src/transfer.rs:1503 [2;3mon[0m ThreadId(1)

  [2m2026-06-15T18:34:17.873122Z[0m [32m INFO[0m [1;32mrch::transfer[0m[32m: [32mSyncing /data/projects/.scratch/frankentorch-2dx0d-baseline/crates/ft-serialize -> /data/projects/.scratch/frankentorch-2dx0d-baseline/crates/ft-serialize on vmi1227854[0m
    [2;3mat[0m rch/src/transfer.rs:1434 [2;3mon[0m ThreadId(1)

  [2m2026-06-15T18:34:19.803969Z[0m [32m INFO[0m [1;32mrch::transfer[0m[32m: [32mSync completed in 1930ms[0m
    [2;3mat[0m rch/src/transfer.rs:1503 [2;3mon[0m ThreadId(1)

  [2m2026-06-15T18:34:19.804019Z[0m [32m INFO[0m [1;32mrch::hook[0m[32m: [32mSync complete: 2916 files, 122483 bytes in 25211ms[0m
    [2;3mat[0m rch/src/hook.rs:6209 [2;3mon[0m ThreadId(1)

  [2m2026-06-15T18:34:25.403642Z[0m [32m INFO[0m [1;32mrch::hook[0m[32m: [32mExecuting command remotely: cargo bench -p ft-autograd --bench backward_bench -- autograd_backward/add_chain_256x2048_anchor --sample-size 20 --warm-up-time 1 --measurement-time 5 --noplot[0m
    [2;3mat[0m rch/src/hook.rs:6252 [2;3mon[0m ThreadId(1)

  [2m2026-06-15T18:34:25.403691Z[0m [32m INFO[0m [1;32mrch::transfer[0m[32m: [32mRewriting CARGO_TARGET_DIR for remote execution (worker-scoped path): /data/tmp/cargo-target -> /data/projects/.scratch/frankentorch-2dx0d-baseline/.rch-target-vmi1227854-job-29884606035532875-1781548434585615087-0[0m
    [2;3mat[0m rch/src/transfer.rs:712 [2;3mon[0m ThreadId(1)

    Updating crates.io index
 Downloading crates ...
  Downloaded bit-vec v0.8.0
  Downloaded anstyle v1.0.14
  Downloaded ciborium-ll v0.2.2
  Downloaded autocfg v1.5.0
  Downloaded bit-set v0.8.0
  Downloaded anes v0.1.6
  Downloaded clap v4.6.1
  Downloaded ciborium-io v0.2.2
  Downloaded aho-corasick v1.1.4
  Downloaded bitflags v2.11.1
  Downloaded unarray v0.1.4
  Downloaded cfg-if v1.0.4
  Downloaded errno v0.3.14
  Downloaded unicode-ident v1.0.24
  Downloaded once_cell v1.21.4
  Downloaded num-complex v0.4.6
  Downloaded walkdir v2.5.0
  Downloaded insta v1.47.2
  Downloaded rand v0.9.4
  Downloaded fastrand v2.4.1
  Downloaded half v2.7.1
  Downloaded wait-timeout v0.2.1
  Downloaded zerocopy-derive v0.8.48
  Downloaded bytemuck v1.25.0
  Downloaded getrandom v0.3.4
  Downloaded console v0.16.3
  Downloaded num-traits v0.2.19
  Downloaded tempfile v3.27.0
  Downloaded memchr v2.8.0
  Downloaded similar v2.7.0
  Downloaded crossbeam-epoch v0.9.18
  Downloaded rayon v1.12.0
  Downloaded ciborium v0.2.2
  Downloaded plotters-svg v0.3.7
  Downloaded criterion v0.5.1
  Downloaded quick-error v1.2.3
  Downloaded rand_chacha v0.9.0
  Downloaded wide v0.7.33
  Downloaded clap_lex v1.1.0
  Downloaded either v1.15.0
  Downloaded fnv v1.0.7
  Downloaded is-terminal v0.4.17
  Downloaded bytemuck_derive v1.10.2
  Downloaded criterion-plot v0.5.0
  Downloaded rawpointer v0.2.1
  Downloaded rand_xorshift v0.4.0
  Downloaded rand_core v0.9.5
  Downloaded cast v0.3.0
  Downloaded plotters-backend v0.3.7
  Downloaded syn v2.0.117
  Downloaded proc-macro2 v1.0.106
  Downloaded itoa v1.0.18
  Downloaded same-file v1.0.6
  Downloaded zmij v1.0.21
  Downloaded oorandom v11.1.5
  Downloaded crossbeam-deque v0.8.6
  Downloaded ppv-lite86 v0.2.21
  Downloaded tinytemplate v1.2.1
  Downloaded quote v1.0.45
  Downloaded serde_derive v1.0.228
  Downloaded safe_arch v0.7.4
  Downloaded rusty-fork v0.3.1
  Downloaded crossbeam-utils v0.8.21
  Downloaded matrixmultiply v0.3.10
  Downloaded serde_core v1.0.228
  Downloaded serde v1.0.228
  Downloaded rayon-core v1.13.0
  Downloaded itertools v0.10.5
  Downloaded plotters v0.3.7
  Downloaded clap_builder v4.6.0
  Downloaded libm v0.2.16
  Downloaded regex v1.12.3
  Downloaded serde_json v1.0.149
  Downloaded rustix v1.1.4
  Downloaded proptest v1.11.0
  Downloaded zerocopy v0.8.48
  Downloaded regex-automata v0.4.14
  Downloaded regex-syntax v0.8.10
  Downloaded libc v0.2.185
  Downloaded linux-raw-sys v0.12.1
   Compiling proc-macro2 v1.0.106
   Compiling quote v1.0.45
   Compiling unicode-ident v1.0.24
   Compiling cfg-if v1.0.4
   Compiling libc v0.2.185
   Compiling autocfg v1.5.0
   Compiling zerocopy v0.8.48
   Compiling getrandom v0.3.4
   Compiling crossbeam-utils v0.8.21
   Compiling either v1.15.0
   Compiling serde_core v1.0.228
   Compiling rayon-core v1.13.0
   Compiling rustix v1.1.4
   Compiling libm v0.2.16
   Compiling bitflags v2.11.1
   Compiling serde v1.0.228
   Compiling num-traits v0.2.19
   Compiling matrixmultiply v0.3.10
   Compiling zmij v1.0.21
   Compiling linux-raw-sys v0.12.1
   Compiling once_cell v1.21.4
   Compiling serde_json v1.0.149
   Compiling crossbeam-epoch v0.9.18
   Compiling rawpointer v0.2.1
   Compiling fastrand v2.4.1
   Compiling regex-syntax v0.8.10
   Compiling syn v2.0.117
   Compiling crossbeam-deque v0.8.6
   Compiling num-complex v0.4.6
   Compiling rand_core v0.9.5
   Compiling memchr v2.8.0
   Compiling rayon v1.12.0
   Compiling plotters-backend v0.3.7
   Compiling anstyle v1.0.14
   Compiling tempfile v3.27.0
   Compiling itoa v1.0.18
   Compiling clap_lex v1.1.0
   Compiling ciborium-io v0.2.2
   Compiling clap_builder v4.6.0
   Compiling regex-automata v0.4.14
   Compiling plotters-svg v0.3.7
   Compiling wait-timeout v0.2.1
   Compiling itertools v0.10.5
   Compiling same-file v1.0.6
   Compiling bit-vec v0.8.0
   Compiling quick-error v1.2.3
   Compiling cast v0.3.0
   Compiling fnv v1.0.7
   Compiling rusty-fork v0.3.1
   Compiling bit-set v0.8.0
   Compiling walkdir v2.5.0
   Compiling plotters v0.3.7
   Compiling rand v0.9.4
   Compiling zerocopy-derive v0.8.48
   Compiling bytemuck_derive v1.10.2
   Compiling serde_derive v1.0.228
   Compiling clap v4.6.1
   Compiling criterion-plot v0.5.0
   Compiling regex v1.12.3
   Compiling rand_xorshift v0.4.0
   Compiling is-terminal v0.4.17
   Compiling console v0.16.3
   Compiling bytemuck v1.25.0
   Compiling safe_arch v0.7.4
   Compiling similar v2.7.0
   Compiling oorandom v11.1.5
   Compiling anes v0.1.6
   Compiling wide v0.7.33
   Compiling unarray v0.1.4
   Compiling insta v1.47.2
   Compiling tinytemplate v1.2.1
   Compiling half v2.7.1
   Compiling ppv-lite86 v0.2.21
   Compiling ft-core v0.1.0 (/data/projects/.scratch/frankentorch-2dx0d-baseline/crates/ft-core)
   Compiling ciborium-ll v0.2.2
   Compiling rand_chacha v0.9.0
   Compiling ft-kernel-cpu v0.1.0 (/data/projects/.scratch/frankentorch-2dx0d-baseline/crates/ft-kernel-cpu)
   Compiling ciborium v0.2.2
   Compiling proptest v1.11.0
   Compiling criterion v0.5.1
   Compiling ft-dispatch v0.1.0 (/data/projects/.scratch/frankentorch-2dx0d-baseline/crates/ft-dispatch)
   Compiling ft-autograd v0.1.0 (/data/projects/.scratch/frankentorch-2dx0d-baseline/crates/ft-autograd)
    Finished `bench` profile [optimized + debuginfo] target(s) in 56.92s
     Running benches/backward_bench.rs (.rch-target-vmi1227854-job-29884606035532875-1781548434585615087-0/release/deps/backward_bench-7cfc73f77a6e4eda)
Gnuplot not found, using plotters backend
Benchmarking autograd_backward/add_chain_256x2048_anchor
Benchmarking autograd_backward/add_chain_256x2048_anchor: Warming up for 1.0000 s
Benchmarking autograd_backward/add_chain_256x2048_anchor: Collecting 20 samples in estimated 5.5292 s (1050 iterations)
Benchmarking autograd_backward/add_chain_256x2048_anchor: Analyzing
autograd_backward/add_chain_256x2048_anchor
                        time:   [3.2125 ms 3.4402 ms 3.6136 ms]

  [2m2026-06-15T18:35:29.927736Z[0m [32m INFO[0m [1;32mrch::hook[0m[32m: [32mRemote command finished: exit=0 in 64523ms[0m
    [2;3mat[0m rch/src/hook.rs:6376 [2;3mon[0m ThreadId(1)

  [2m2026-06-15T18:35:29.928006Z[0m [32m INFO[0m [1;32mrch::hook[0m[32m: [32mRetrieving build artifacts...[0m
    [2;3mat[0m rch/src/hook.rs:6425 [2;3mon[0m ThreadId(1)

  [2m2026-06-15T18:35:29.928031Z[0m [32m INFO[0m [1;32mrch::transfer[0m[32m: [32mRetrieving artifacts from /data/projects/.scratch/frankentorch-2dx0d-baseline on vmi1227854[0m
    [2;3mat[0m rch/src/transfer.rs:2106 [2;3mon[0m ThreadId(1)

  [2m2026-06-15T18:35:31.868463Z[0m [32m INFO[0m [1;32mrch::transfer[0m[32m: [32mArtifacts retrieved in 1940ms (1 files, 1180 bytes)[0m
    [2;3mat[0m rch/src/transfer.rs:2145 [2;3mon[0m ThreadId(1)

  [2m2026-06-15T18:35:31.868496Z[0m [32m INFO[0m [1;32mrch::hook[0m[32m: [32mArtifacts retrieved: 1 files, 1180 bytes in 1940ms[0m
    [2;3mat[0m rch/src/hook.rs:6458 [2;3mon[0m ThreadId(1)

  [2m2026-06-15T18:35:31.868590Z[0m [32m INFO[0m [1;32mrch::transfer[0m[32m: [32mRetrieving artifacts from /data/projects/.scratch/frankentorch-2dx0d-baseline/.rch-target-vmi1227854-job-29884606035532875-1781548434585615087-0 on vmi1227854[0m
    [2;3mat[0m rch/src/transfer.rs:2106 [2;3mon[0m ThreadId(1)

  [2m2026-06-15T18:35:33.852595Z[0m [32m INFO[0m [1;32mrch::transfer[0m[32m: [32mArtifacts retrieved in 1983ms (14 files, 665 bytes)[0m
    [2;3mat[0m rch/src/transfer.rs:2145 [2;3mon[0m ThreadId(1)

  [2m2026-06-15T18:35:33.852636Z[0m [32m INFO[0m [1;32mrch::hook[0m[32m: [32mCustom CARGO_TARGET_DIR artifacts retrieved: 14 files, 665 bytes in 1983ms[0m
    [2;3mat[0m rch/src/hook.rs:6582 [2;3mon[0m ThreadId(1)

[RCH] remote vmi1227854 (119.3s)
