  [2m2026-06-15T18:35:40.562448Z[0m [32m INFO[0m [1;32mrch::hook[0m[32m: [32mSelected worker: vmi1227854 at root@109.123.245.77 (0 slots remaining after reservation, speed 50.0)[0m
    [2;3mat[0m rch/src/hook.rs:514 [2;3mon[0m ThreadId(1)

  [2m2026-06-15T18:35:40.879804Z[0m [32m INFO[0m [1;32mrch::hook[0m[32m: [32mStarting remote compilation pipeline for frankentorch (hash: 0ec0772f2c4d842e)[0m
    [2;3mat[0m rch/src/hook.rs:5994 [2;3mon[0m ThreadId(1)

  [2m2026-06-15T18:35:40.879891Z[0m [32m INFO[0m [1;32mrch::hook[0m[32m: [32mPrepared dependency sync manifest for 13 roots[0m
    [2;3mat[0m rch/src/hook.rs:6016 [2;3mon[0m ThreadId(1)

  [2m2026-06-15T18:35:42.656286Z[0m [32m INFO[0m [1;32mrch::hook[0m[32m: [32mSyncing project to worker vmi1227854...[0m
    [2;3mat[0m rch/src/hook.rs:6046 [2;3mon[0m ThreadId(1)

  [2m2026-06-15T18:35:42.656354Z[0m [32m INFO[0m [1;32mrch::transfer[0m[32m: [32mSyncing /data/projects/frankentorch -> /data/projects/frankentorch on vmi1227854[0m
    [2;3mat[0m rch/src/transfer.rs:1434 [2;3mon[0m ThreadId(1)

  [2m2026-06-15T18:35:50.541890Z[0m [32m INFO[0m [1;32mrch::transfer[0m[32m: [32mSync completed in 7885ms[0m
    [2;3mat[0m rch/src/transfer.rs:1503 [2;3mon[0m ThreadId(1)

  [2m2026-06-15T18:35:50.541976Z[0m [32m INFO[0m [1;32mrch::transfer[0m[32m: [32mSyncing /data/projects/frankentorch/crates/ft-api -> /data/projects/frankentorch/crates/ft-api on vmi1227854[0m
    [2;3mat[0m rch/src/transfer.rs:1434 [2;3mon[0m ThreadId(1)

  [2m2026-06-15T18:35:52.396550Z[0m [32m INFO[0m [1;32mrch::transfer[0m[32m: [32mSync completed in 1854ms[0m
    [2;3mat[0m rch/src/transfer.rs:1503 [2;3mon[0m ThreadId(1)

  [2m2026-06-15T18:35:52.396629Z[0m [32m INFO[0m [1;32mrch::transfer[0m[32m: [32mSyncing /data/projects/frankentorch/crates/ft-autograd -> /data/projects/frankentorch/crates/ft-autograd on vmi1227854[0m
    [2;3mat[0m rch/src/transfer.rs:1434 [2;3mon[0m ThreadId(1)

  [2m2026-06-15T18:35:54.200757Z[0m [32m INFO[0m [1;32mrch::transfer[0m[32m: [32mSync completed in 1804ms[0m
    [2;3mat[0m rch/src/transfer.rs:1503 [2;3mon[0m ThreadId(1)

  [2m2026-06-15T18:35:54.200842Z[0m [32m INFO[0m [1;32mrch::transfer[0m[32m: [32mSyncing /data/projects/frankentorch/crates/ft-conformance -> /data/projects/frankentorch/crates/ft-conformance on vmi1227854[0m
    [2;3mat[0m rch/src/transfer.rs:1434 [2;3mon[0m ThreadId(1)

  [2m2026-06-15T18:35:56.046025Z[0m [32m INFO[0m [1;32mrch::transfer[0m[32m: [32mSync completed in 1845ms[0m
    [2;3mat[0m rch/src/transfer.rs:1503 [2;3mon[0m ThreadId(1)

  [2m2026-06-15T18:35:56.046123Z[0m [32m INFO[0m [1;32mrch::transfer[0m[32m: [32mSyncing /data/projects/frankentorch/crates/ft-core -> /data/projects/frankentorch/crates/ft-core on vmi1227854[0m
    [2;3mat[0m rch/src/transfer.rs:1434 [2;3mon[0m ThreadId(1)

  [2m2026-06-15T18:35:57.963295Z[0m [32m INFO[0m [1;32mrch::transfer[0m[32m: [32mSync completed in 1917ms[0m
    [2;3mat[0m rch/src/transfer.rs:1503 [2;3mon[0m ThreadId(1)

  [2m2026-06-15T18:35:57.963376Z[0m [32m INFO[0m [1;32mrch::transfer[0m[32m: [32mSyncing /data/projects/frankentorch/crates/ft-data -> /data/projects/frankentorch/crates/ft-data on vmi1227854[0m
    [2;3mat[0m rch/src/transfer.rs:1434 [2;3mon[0m ThreadId(1)

  [2m2026-06-15T18:36:00.078005Z[0m [32m INFO[0m [1;32mrch::transfer[0m[32m: [32mSync completed in 2114ms[0m
    [2;3mat[0m rch/src/transfer.rs:1503 [2;3mon[0m ThreadId(1)

  [2m2026-06-15T18:36:00.078102Z[0m [32m INFO[0m [1;32mrch::transfer[0m[32m: [32mSyncing /data/projects/frankentorch/crates/ft-device -> /data/projects/frankentorch/crates/ft-device on vmi1227854[0m
    [2;3mat[0m rch/src/transfer.rs:1434 [2;3mon[0m ThreadId(1)

  [2m2026-06-15T18:36:02.072373Z[0m [32m INFO[0m [1;32mrch::transfer[0m[32m: [32mSync completed in 1994ms[0m
    [2;3mat[0m rch/src/transfer.rs:1503 [2;3mon[0m ThreadId(1)

  [2m2026-06-15T18:36:02.072485Z[0m [32m INFO[0m [1;32mrch::transfer[0m[32m: [32mSyncing /data/projects/frankentorch/crates/ft-dispatch -> /data/projects/frankentorch/crates/ft-dispatch on vmi1227854[0m
    [2;3mat[0m rch/src/transfer.rs:1434 [2;3mon[0m ThreadId(1)

  [2m2026-06-15T18:36:03.940384Z[0m [32m INFO[0m [1;32mrch::transfer[0m[32m: [32mSync completed in 1867ms[0m
    [2;3mat[0m rch/src/transfer.rs:1503 [2;3mon[0m ThreadId(1)

  [2m2026-06-15T18:36:03.940497Z[0m [32m INFO[0m [1;32mrch::transfer[0m[32m: [32mSyncing /data/projects/frankentorch/crates/ft-kernel-cpu -> /data/projects/frankentorch/crates/ft-kernel-cpu on vmi1227854[0m
    [2;3mat[0m rch/src/transfer.rs:1434 [2;3mon[0m ThreadId(1)

  [2m2026-06-15T18:36:05.746761Z[0m [32m INFO[0m [1;32mrch::transfer[0m[32m: [32mSync completed in 1806ms[0m
    [2;3mat[0m rch/src/transfer.rs:1503 [2;3mon[0m ThreadId(1)

  [2m2026-06-15T18:36:05.746854Z[0m [32m INFO[0m [1;32mrch::transfer[0m[32m: [32mSyncing /data/projects/frankentorch/crates/ft-nn -> /data/projects/frankentorch/crates/ft-nn on vmi1227854[0m
    [2;3mat[0m rch/src/transfer.rs:1434 [2;3mon[0m ThreadId(1)

  [2m2026-06-15T18:36:07.554774Z[0m [32m INFO[0m [1;32mrch::transfer[0m[32m: [32mSync completed in 1807ms[0m
    [2;3mat[0m rch/src/transfer.rs:1503 [2;3mon[0m ThreadId(1)

  [2m2026-06-15T18:36:07.554860Z[0m [32m INFO[0m [1;32mrch::transfer[0m[32m: [32mSyncing /data/projects/frankentorch/crates/ft-optim -> /data/projects/frankentorch/crates/ft-optim on vmi1227854[0m
    [2;3mat[0m rch/src/transfer.rs:1434 [2;3mon[0m ThreadId(1)

  [2m2026-06-15T18:36:09.363575Z[0m [32m INFO[0m [1;32mrch::transfer[0m[32m: [32mSync completed in 1808ms[0m
    [2;3mat[0m rch/src/transfer.rs:1503 [2;3mon[0m ThreadId(1)

  [2m2026-06-15T18:36:09.363656Z[0m [32m INFO[0m [1;32mrch::transfer[0m[32m: [32mSyncing /data/projects/frankentorch/crates/ft-runtime -> /data/projects/frankentorch/crates/ft-runtime on vmi1227854[0m
    [2;3mat[0m rch/src/transfer.rs:1434 [2;3mon[0m ThreadId(1)

  [2m2026-06-15T18:36:11.143645Z[0m [32m INFO[0m [1;32mrch::transfer[0m[32m: [32mSync completed in 1779ms[0m
    [2;3mat[0m rch/src/transfer.rs:1503 [2;3mon[0m ThreadId(1)

  [2m2026-06-15T18:36:11.143758Z[0m [32m INFO[0m [1;32mrch::transfer[0m[32m: [32mSyncing /data/projects/frankentorch/crates/ft-serialize -> /data/projects/frankentorch/crates/ft-serialize on vmi1227854[0m
    [2;3mat[0m rch/src/transfer.rs:1434 [2;3mon[0m ThreadId(1)

  [2m2026-06-15T18:36:12.976615Z[0m [32m INFO[0m [1;32mrch::transfer[0m[32m: [32mSync completed in 1832ms[0m
    [2;3mat[0m rch/src/transfer.rs:1503 [2;3mon[0m ThreadId(1)

  [2m2026-06-15T18:36:12.976682Z[0m [32m INFO[0m [1;32mrch::hook[0m[32m: [32mSync complete: 52173 files, 1867712 bytes in 30312ms[0m
    [2;3mat[0m rch/src/hook.rs:6209 [2;3mon[0m ThreadId(1)

  [2m2026-06-15T18:36:18.511084Z[0m [32m INFO[0m [1;32mrch::hook[0m[32m: [32mExecuting command remotely: cargo bench -p ft-autograd --bench backward_bench -- autograd_backward/add_chain_256x2048_anchor --sample-size 20 --warm-up-time 1 --measurement-time 5 --noplot[0m
    [2;3mat[0m rch/src/hook.rs:6252 [2;3mon[0m ThreadId(1)

  [2m2026-06-15T18:36:18.511128Z[0m [32m INFO[0m [1;32mrch::transfer[0m[32m: [32mRewriting CARGO_TARGET_DIR for remote execution (worker-scoped path): /data/tmp/cargo-target -> /data/projects/frankentorch/.rch-target-vmi1227854-job-29884606035532883-1781548542656278464-0[0m
    [2;3mat[0m rch/src/transfer.rs:712 [2;3mon[0m ThreadId(1)

    Updating crates.io index
 Downloading crates ...
  Downloaded anes v0.1.6
  Downloaded anstyle v1.0.14
  Downloaded aho-corasick v1.1.4
  Downloaded clap_lex v1.1.0
  Downloaded bit-set v0.8.0
  Downloaded bit-vec v0.8.0
  Downloaded ciborium v0.2.2
  Downloaded autocfg v1.5.0
  Downloaded bitflags v2.11.1
  Downloaded clap v4.6.1
  Downloaded ciborium-ll v0.2.2
  Downloaded criterion v0.5.1
  Downloaded crossbeam-epoch v0.9.18
  Downloaded bytemuck v1.25.0
  Downloaded ciborium-io v0.2.2
  Downloaded either v1.15.0
  Downloaded bytemuck_derive v1.10.2
  Downloaded console v0.16.3
  Downloaded clap_builder v4.6.0
  Downloaded criterion-plot v0.5.0
  Downloaded cast v0.3.0
  Downloaded crossbeam-deque v0.8.6
  Downloaded crossbeam-utils v0.8.21
  Downloaded safe_arch v0.7.4
  Downloaded unarray v0.1.4
  Downloaded getrandom v0.3.4
  Downloaded errno v0.3.14
  Downloaded same-file v1.0.6
  Downloaded similar v2.7.0
  Downloaded fnv v1.0.7
  Downloaded insta v1.47.2
  Downloaded serde_derive v1.0.228
  Downloaded num-complex v0.4.6
  Downloaded memchr v2.8.0
  Downloaded zerocopy-derive v0.8.48
  Downloaded regex-syntax v0.8.10
  Downloaded oorandom v11.1.5
  Downloaded itoa v1.0.18
  Downloaded tinytemplate v1.2.1
  Downloaded rand_xorshift v0.4.0
  Downloaded wait-timeout v0.2.1
  Downloaded walkdir v2.5.0
  Downloaded rusty-fork v0.3.1
  Downloaded once_cell v1.21.4
  Downloaded plotters-svg v0.3.7
  Downloaded rand_chacha v0.9.0
  Downloaded fastrand v2.4.1
  Downloaded rawpointer v0.2.1
  Downloaded plotters-backend v0.3.7
  Downloaded quick-error v1.2.3
  Downloaded is-terminal v0.4.17
  Downloaded zmij v1.0.21
  Downloaded cfg-if v1.0.4
  Downloaded serde_core v1.0.228
  Downloaded ppv-lite86 v0.2.21
  Downloaded quote v1.0.45
  Downloaded matrixmultiply v0.3.10
  Downloaded rand_core v0.9.5
  Downloaded num-traits v0.2.19
  Downloaded tempfile v3.27.0
  Downloaded half v2.7.1
  Downloaded proc-macro2 v1.0.106
  Downloaded rayon-core v1.13.0
  Downloaded unicode-ident v1.0.24
  Downloaded serde v1.0.228
  Downloaded wide v0.7.33
  Downloaded rand v0.9.4
  Downloaded itertools v0.10.5
  Downloaded regex v1.12.3
  Downloaded plotters v0.3.7
  Downloaded serde_json v1.0.149
  Downloaded libm v0.2.16
  Downloaded rayon v1.12.0
  Downloaded proptest v1.11.0
  Downloaded zerocopy v0.8.48
  Downloaded syn v2.0.117
  Downloaded rustix v1.1.4
  Downloaded regex-automata v0.4.14
  Downloaded libc v0.2.185
  Downloaded linux-raw-sys v0.12.1
   Compiling proc-macro2 v1.0.106
   Compiling unicode-ident v1.0.24
   Compiling quote v1.0.45
   Compiling cfg-if v1.0.4
   Compiling libc v0.2.185
   Compiling autocfg v1.5.0
   Compiling zerocopy v0.8.48
   Compiling crossbeam-utils v0.8.21
   Compiling getrandom v0.3.4
   Compiling either v1.15.0
   Compiling rayon-core v1.13.0
   Compiling serde_core v1.0.228
   Compiling rustix v1.1.4
   Compiling bitflags v2.11.1
   Compiling linux-raw-sys v0.12.1
   Compiling once_cell v1.21.4
   Compiling zmij v1.0.21
   Compiling num-traits v0.2.19
   Compiling matrixmultiply v0.3.10
   Compiling serde v1.0.228
   Compiling libm v0.2.16
   Compiling crossbeam-epoch v0.9.18
   Compiling fastrand v2.4.1
   Compiling crossbeam-deque v0.8.6
   Compiling regex-syntax v0.8.10
   Compiling syn v2.0.117
   Compiling rawpointer v0.2.1
   Compiling serde_json v1.0.149
   Compiling rand_core v0.9.5
   Compiling num-complex v0.4.6
   Compiling memchr v2.8.0
   Compiling rayon v1.12.0
   Compiling tempfile v3.27.0
   Compiling anstyle v1.0.14
   Compiling clap_lex v1.1.0
   Compiling itoa v1.0.18
   Compiling plotters-backend v0.3.7
   Compiling ciborium-io v0.2.2
   Compiling clap_builder v4.6.0
   Compiling regex-automata v0.4.14
   Compiling wait-timeout v0.2.1
   Compiling plotters-svg v0.3.7
   Compiling itertools v0.10.5
   Compiling quick-error v1.2.3
   Compiling bit-vec v0.8.0
   Compiling cast v0.3.0
   Compiling fnv v1.0.7
   Compiling same-file v1.0.6
   Compiling rusty-fork v0.3.1
   Compiling bit-set v0.8.0
   Compiling walkdir v2.5.0
   Compiling plotters v0.3.7
   Compiling rand v0.9.4
   Compiling zerocopy-derive v0.8.48
   Compiling bytemuck_derive v1.10.2
   Compiling serde_derive v1.0.228
   Compiling clap v4.6.1
   Compiling regex v1.12.3
   Compiling criterion-plot v0.5.0
   Compiling bytemuck v1.25.0
   Compiling rand_xorshift v0.4.0
   Compiling safe_arch v0.7.4
   Compiling is-terminal v0.4.17
   Compiling console v0.16.3
   Compiling oorandom v11.1.5
   Compiling wide v0.7.33
   Compiling unarray v0.1.4
   Compiling anes v0.1.6
   Compiling similar v2.7.0
   Compiling insta v1.47.2
   Compiling tinytemplate v1.2.1
   Compiling half v2.7.1
   Compiling ppv-lite86 v0.2.21
   Compiling ft-core v0.1.0 (/data/projects/frankentorch/crates/ft-core)
   Compiling ciborium-ll v0.2.2
   Compiling rand_chacha v0.9.0
   Compiling ciborium v0.2.2
   Compiling proptest v1.11.0
   Compiling ft-kernel-cpu v0.1.0 (/data/projects/frankentorch/crates/ft-kernel-cpu)
   Compiling criterion v0.5.1
   Compiling ft-dispatch v0.1.0 (/data/projects/frankentorch/crates/ft-dispatch)
   Compiling ft-autograd v0.1.0 (/data/projects/frankentorch/crates/ft-autograd)
    Finished `bench` profile [optimized + debuginfo] target(s) in 42.47s
     Running benches/backward_bench.rs (.rch-target-vmi1227854-job-29884606035532883-1781548542656278464-0/release/deps/backward_bench-7cfc73f77a6e4eda)
Gnuplot not found, using plotters backend
Benchmarking autograd_backward/add_chain_256x2048_anchor
Benchmarking autograd_backward/add_chain_256x2048_anchor: Warming up for 1.0000 s
Benchmarking autograd_backward/add_chain_256x2048_anchor: Collecting 20 samples in estimated 5.3198 s (1260 iterations)
Benchmarking autograd_backward/add_chain_256x2048_anchor: Analyzing
autograd_backward/add_chain_256x2048_anchor
                        time:   [2.5682 ms 2.7064 ms 2.8488 ms]

  [2m2026-06-15T18:37:08.324362Z[0m [32m INFO[0m [1;32mrch::hook[0m[32m: [32mRemote command finished: exit=0 in 49813ms[0m
    [2;3mat[0m rch/src/hook.rs:6376 [2;3mon[0m ThreadId(1)

  [2m2026-06-15T18:37:08.324691Z[0m [32m INFO[0m [1;32mrch::hook[0m[32m: [32mRetrieving build artifacts...[0m
    [2;3mat[0m rch/src/hook.rs:6425 [2;3mon[0m ThreadId(1)

  [2m2026-06-15T18:37:08.324708Z[0m [32m INFO[0m [1;32mrch::transfer[0m[32m: [32mRetrieving artifacts from /data/projects/frankentorch on vmi1227854[0m
    [2;3mat[0m rch/src/transfer.rs:2106 [2;3mon[0m ThreadId(1)

  [2m2026-06-15T18:37:10.929920Z[0m [32m INFO[0m [1;32mrch::transfer[0m[32m: [32mArtifacts retrieved in 2605ms (5 files, 1824 bytes)[0m
    [2;3mat[0m rch/src/transfer.rs:2145 [2;3mon[0m ThreadId(1)

  [2m2026-06-15T18:37:10.929973Z[0m [32m INFO[0m [1;32mrch::hook[0m[32m: [32mArtifacts retrieved: 5 files, 1824 bytes in 2605ms[0m
    [2;3mat[0m rch/src/hook.rs:6458 [2;3mon[0m ThreadId(1)

  [2m2026-06-15T18:37:10.930072Z[0m [32m INFO[0m [1;32mrch::transfer[0m[32m: [32mRetrieving artifacts from /data/projects/frankentorch/.rch-target-vmi1227854-job-29884606035532883-1781548542656278464-0 on vmi1227854[0m
    [2;3mat[0m rch/src/transfer.rs:2106 [2;3mon[0m ThreadId(1)

  [2m2026-06-15T18:37:12.988051Z[0m [32m INFO[0m [1;32mrch::transfer[0m[32m: [32mArtifacts retrieved in 2057ms (14 files, 725 bytes)[0m
    [2;3mat[0m rch/src/transfer.rs:2145 [2;3mon[0m ThreadId(1)

  [2m2026-06-15T18:37:12.988089Z[0m [32m INFO[0m [1;32mrch::hook[0m[32m: [32mCustom CARGO_TARGET_DIR artifacts retrieved: 14 files, 725 bytes in 2057ms[0m
    [2;3mat[0m rch/src/hook.rs:6582 [2;3mon[0m ThreadId(1)

[RCH] remote vmi1227854 (92.4s)
