  [2m2026-06-15T18:30:44.705174Z[0m [32m INFO[0m [1;32mrch::hook[0m[32m: [32mSelected worker: vmi1227854 at root@109.123.245.77 (0 slots remaining after reservation, speed 50.0)[0m
    [2;3mat[0m rch/src/hook.rs:514 [2;3mon[0m ThreadId(1)

  [2m2026-06-15T18:30:44.975116Z[0m [32m INFO[0m [1;32mrch::hook[0m[32m: [32mStarting remote compilation pipeline for frankentorch (hash: 0ec0772f2c4d842e)[0m
    [2;3mat[0m rch/src/hook.rs:5994 [2;3mon[0m ThreadId(1)

  [2m2026-06-15T18:30:44.975202Z[0m [32m INFO[0m [1;32mrch::hook[0m[32m: [32mPrepared dependency sync manifest for 13 roots[0m
    [2;3mat[0m rch/src/hook.rs:6016 [2;3mon[0m ThreadId(1)

  [2m2026-06-15T18:30:46.713601Z[0m [32m INFO[0m [1;32mrch::hook[0m[32m: [32mSyncing project to worker vmi1227854...[0m
    [2;3mat[0m rch/src/hook.rs:6046 [2;3mon[0m ThreadId(1)

  [2m2026-06-15T18:30:46.713735Z[0m [32m INFO[0m [1;32mrch::transfer[0m[32m: [32mSyncing /data/projects/frankentorch -> /data/projects/frankentorch on vmi1227854[0m
    [2;3mat[0m rch/src/transfer.rs:1434 [2;3mon[0m ThreadId(1)

  [2m2026-06-15T18:30:55.549684Z[0m [32m INFO[0m [1;32mrch::transfer[0m[32m: [32mSync completed in 8835ms[0m
    [2;3mat[0m rch/src/transfer.rs:1503 [2;3mon[0m ThreadId(1)

  [2m2026-06-15T18:30:55.549753Z[0m [32m INFO[0m [1;32mrch::transfer[0m[32m: [32mSyncing /data/projects/frankentorch/crates/ft-api -> /data/projects/frankentorch/crates/ft-api on vmi1227854[0m
    [2;3mat[0m rch/src/transfer.rs:1434 [2;3mon[0m ThreadId(1)

  [2m2026-06-15T18:30:57.564153Z[0m [32m INFO[0m [1;32mrch::transfer[0m[32m: [32mSync completed in 2014ms[0m
    [2;3mat[0m rch/src/transfer.rs:1503 [2;3mon[0m ThreadId(1)

  [2m2026-06-15T18:30:57.564241Z[0m [32m INFO[0m [1;32mrch::transfer[0m[32m: [32mSyncing /data/projects/frankentorch/crates/ft-autograd -> /data/projects/frankentorch/crates/ft-autograd on vmi1227854[0m
    [2;3mat[0m rch/src/transfer.rs:1434 [2;3mon[0m ThreadId(1)

  [2m2026-06-15T18:30:59.473846Z[0m [32m INFO[0m [1;32mrch::transfer[0m[32m: [32mSync completed in 1909ms[0m
    [2;3mat[0m rch/src/transfer.rs:1503 [2;3mon[0m ThreadId(1)

  [2m2026-06-15T18:30:59.473954Z[0m [32m INFO[0m [1;32mrch::transfer[0m[32m: [32mSyncing /data/projects/frankentorch/crates/ft-conformance -> /data/projects/frankentorch/crates/ft-conformance on vmi1227854[0m
    [2;3mat[0m rch/src/transfer.rs:1434 [2;3mon[0m ThreadId(1)

  [2m2026-06-15T18:31:01.344189Z[0m [32m INFO[0m [1;32mrch::transfer[0m[32m: [32mSync completed in 1870ms[0m
    [2;3mat[0m rch/src/transfer.rs:1503 [2;3mon[0m ThreadId(1)

  [2m2026-06-15T18:31:01.344272Z[0m [32m INFO[0m [1;32mrch::transfer[0m[32m: [32mSyncing /data/projects/frankentorch/crates/ft-core -> /data/projects/frankentorch/crates/ft-core on vmi1227854[0m
    [2;3mat[0m rch/src/transfer.rs:1434 [2;3mon[0m ThreadId(1)

  [2m2026-06-15T18:31:03.184608Z[0m [32m INFO[0m [1;32mrch::transfer[0m[32m: [32mSync completed in 1840ms[0m
    [2;3mat[0m rch/src/transfer.rs:1503 [2;3mon[0m ThreadId(1)

  [2m2026-06-15T18:31:03.184697Z[0m [32m INFO[0m [1;32mrch::transfer[0m[32m: [32mSyncing /data/projects/frankentorch/crates/ft-data -> /data/projects/frankentorch/crates/ft-data on vmi1227854[0m
    [2;3mat[0m rch/src/transfer.rs:1434 [2;3mon[0m ThreadId(1)

  [2m2026-06-15T18:31:05.195325Z[0m [32m INFO[0m [1;32mrch::transfer[0m[32m: [32mSync completed in 2010ms[0m
    [2;3mat[0m rch/src/transfer.rs:1503 [2;3mon[0m ThreadId(1)

  [2m2026-06-15T18:31:05.195420Z[0m [32m INFO[0m [1;32mrch::transfer[0m[32m: [32mSyncing /data/projects/frankentorch/crates/ft-device -> /data/projects/frankentorch/crates/ft-device on vmi1227854[0m
    [2;3mat[0m rch/src/transfer.rs:1434 [2;3mon[0m ThreadId(1)

  [2m2026-06-15T18:31:07.032120Z[0m [32m INFO[0m [1;32mrch::transfer[0m[32m: [32mSync completed in 1836ms[0m
    [2;3mat[0m rch/src/transfer.rs:1503 [2;3mon[0m ThreadId(1)

  [2m2026-06-15T18:31:07.032193Z[0m [32m INFO[0m [1;32mrch::transfer[0m[32m: [32mSyncing /data/projects/frankentorch/crates/ft-dispatch -> /data/projects/frankentorch/crates/ft-dispatch on vmi1227854[0m
    [2;3mat[0m rch/src/transfer.rs:1434 [2;3mon[0m ThreadId(1)

  [2m2026-06-15T18:31:08.909612Z[0m [32m INFO[0m [1;32mrch::transfer[0m[32m: [32mSync completed in 1877ms[0m
    [2;3mat[0m rch/src/transfer.rs:1503 [2;3mon[0m ThreadId(1)

  [2m2026-06-15T18:31:08.909708Z[0m [32m INFO[0m [1;32mrch::transfer[0m[32m: [32mSyncing /data/projects/frankentorch/crates/ft-kernel-cpu -> /data/projects/frankentorch/crates/ft-kernel-cpu on vmi1227854[0m
    [2;3mat[0m rch/src/transfer.rs:1434 [2;3mon[0m ThreadId(1)

  [2m2026-06-15T18:31:10.884551Z[0m [32m INFO[0m [1;32mrch::transfer[0m[32m: [32mSync completed in 1974ms[0m
    [2;3mat[0m rch/src/transfer.rs:1503 [2;3mon[0m ThreadId(1)

  [2m2026-06-15T18:31:10.884642Z[0m [32m INFO[0m [1;32mrch::transfer[0m[32m: [32mSyncing /data/projects/frankentorch/crates/ft-nn -> /data/projects/frankentorch/crates/ft-nn on vmi1227854[0m
    [2;3mat[0m rch/src/transfer.rs:1434 [2;3mon[0m ThreadId(1)

  [2m2026-06-15T18:31:12.805391Z[0m [32m INFO[0m [1;32mrch::transfer[0m[32m: [32mSync completed in 1920ms[0m
    [2;3mat[0m rch/src/transfer.rs:1503 [2;3mon[0m ThreadId(1)

  [2m2026-06-15T18:31:12.805476Z[0m [32m INFO[0m [1;32mrch::transfer[0m[32m: [32mSyncing /data/projects/frankentorch/crates/ft-optim -> /data/projects/frankentorch/crates/ft-optim on vmi1227854[0m
    [2;3mat[0m rch/src/transfer.rs:1434 [2;3mon[0m ThreadId(1)

  [2m2026-06-15T18:31:14.824197Z[0m [32m INFO[0m [1;32mrch::transfer[0m[32m: [32mSync completed in 2018ms[0m
    [2;3mat[0m rch/src/transfer.rs:1503 [2;3mon[0m ThreadId(1)

  [2m2026-06-15T18:31:14.824291Z[0m [32m INFO[0m [1;32mrch::transfer[0m[32m: [32mSyncing /data/projects/frankentorch/crates/ft-runtime -> /data/projects/frankentorch/crates/ft-runtime on vmi1227854[0m
    [2;3mat[0m rch/src/transfer.rs:1434 [2;3mon[0m ThreadId(1)

  [2m2026-06-15T18:31:16.700311Z[0m [32m INFO[0m [1;32mrch::transfer[0m[32m: [32mSync completed in 1876ms[0m
    [2;3mat[0m rch/src/transfer.rs:1503 [2;3mon[0m ThreadId(1)

  [2m2026-06-15T18:31:16.700406Z[0m [32m INFO[0m [1;32mrch::transfer[0m[32m: [32mSyncing /data/projects/frankentorch/crates/ft-serialize -> /data/projects/frankentorch/crates/ft-serialize on vmi1227854[0m
    [2;3mat[0m rch/src/transfer.rs:1434 [2;3mon[0m ThreadId(1)

  [2m2026-06-15T18:31:18.773896Z[0m [32m INFO[0m [1;32mrch::transfer[0m[32m: [32mSync completed in 2073ms[0m
    [2;3mat[0m rch/src/transfer.rs:1503 [2;3mon[0m ThreadId(1)

  [2m2026-06-15T18:31:18.773969Z[0m [32m INFO[0m [1;32mrch::hook[0m[32m: [32mSync complete: 52169 files, 2004362 bytes in 32052ms[0m
    [2;3mat[0m rch/src/hook.rs:6209 [2;3mon[0m ThreadId(1)

  [2m2026-06-15T18:31:24.432714Z[0m [32m INFO[0m [1;32mrch::hook[0m[32m: [32mExecuting command remotely: cargo bench -p ft-autograd --bench backward_bench -- 'activation_backward/(gelu_chain_16x65536|silu_chain_16x65536)' --sample-size 10 --warm-up-time 1 --measurement-time 3 --noplot[0m
    [2;3mat[0m rch/src/hook.rs:6252 [2;3mon[0m ThreadId(1)

  [2m2026-06-15T18:31:24.432767Z[0m [32m INFO[0m [1;32mrch::transfer[0m[32m: [32mRewriting CARGO_TARGET_DIR for remote execution (worker-scoped path): /data/tmp/cargo-target -> /data/projects/frankentorch/.rch-target-vmi1227854-job-29884606035532865-1781548246713592573-0[0m
    [2;3mat[0m rch/src/transfer.rs:712 [2;3mon[0m ThreadId(1)

    Updating crates.io index
 Downloading crates ...
  Downloaded libm v0.2.16
  Downloaded bytemuck_derive v1.10.2
  Downloaded half v2.7.1
  Downloaded serde_derive v1.0.228
  Downloaded bitflags v2.11.1
  Downloaded ciborium v0.2.2
  Downloaded num-complex v0.4.6
  Downloaded ciborium-io v0.2.2
  Downloaded proc-macro2 v1.0.106
  Downloaded cast v0.3.0
  Downloaded same-file v1.0.6
  Downloaded criterion-plot v0.5.0
  Downloaded fnv v1.0.7
  Downloaded plotters-svg v0.3.7
  Downloaded rawpointer v0.2.1
  Downloaded walkdir v2.5.0
  Downloaded anstyle v1.0.14
  Downloaded clap_lex v1.1.0
  Downloaded getrandom v0.3.4
  Downloaded memchr v2.8.0
  Downloaded quote v1.0.45
  Downloaded bit-vec v0.8.0
  Downloaded bytemuck v1.25.0
  Downloaded matrixmultiply v0.3.10
  Downloaded clap v4.6.1
  Downloaded plotters-backend v0.3.7
  Downloaded rand_core v0.9.5
  Downloaded rand_xorshift v0.4.0
  Downloaded serde_core v1.0.228
  Downloaded zerocopy-derive v0.8.48
  Downloaded aho-corasick v1.1.4
  Downloaded bit-set v0.8.0
  Downloaded fastrand v2.4.1
  Downloaded is-terminal v0.4.17
  Downloaded num-traits v0.2.19
  Downloaded tempfile v3.27.0
  Downloaded anes v0.1.6
  Downloaded insta v1.47.2
  Downloaded rand_chacha v0.9.0
  Downloaded regex v1.12.3
  Downloaded rusty-fork v0.3.1
  Downloaded serde_json v1.0.149
  Downloaded criterion v0.5.1
  Downloaded rayon v1.12.0
  Downloaded crossbeam-deque v0.8.6
  Downloaded itoa v1.0.18
  Downloaded unarray v0.1.4
  Downloaded oorandom v11.1.5
  Downloaded autocfg v1.5.0
  Downloaded clap_builder v4.6.0
  Downloaded serde v1.0.228
  Downloaded proptest v1.11.0
  Downloaded ciborium-ll v0.2.2
  Downloaded once_cell v1.21.4
  Downloaded similar v2.7.0
  Downloaded syn v2.0.117
  Downloaded tinytemplate v1.2.1
  Downloaded wait-timeout v0.2.1
  Downloaded zerocopy v0.8.48
  Downloaded cfg-if v1.0.4
  Downloaded either v1.15.0
  Downloaded quick-error v1.2.3
  Downloaded zmij v1.0.21
  Downloaded crossbeam-epoch v0.9.18
  Downloaded wide v0.7.33
  Downloaded crossbeam-utils v0.8.21
  Downloaded unicode-ident v1.0.24
  Downloaded errno v0.3.14
  Downloaded rayon-core v1.13.0
  Downloaded safe_arch v0.7.4
  Downloaded rand v0.9.4
  Downloaded console v0.16.3
  Downloaded ppv-lite86 v0.2.21
  Downloaded plotters v0.3.7
  Downloaded rustix v1.1.4
  Downloaded itertools v0.10.5
  Downloaded regex-automata v0.4.14
  Downloaded regex-syntax v0.8.10
  Downloaded libc v0.2.185
  Downloaded linux-raw-sys v0.12.1
   Compiling proc-macro2 v1.0.106
   Compiling unicode-ident v1.0.24
   Compiling quote v1.0.45
   Compiling cfg-if v1.0.4
   Compiling libc v0.2.185
   Compiling autocfg v1.5.0
   Compiling zerocopy v0.8.48
   Compiling getrandom v0.3.4
   Compiling crossbeam-utils v0.8.21
   Compiling serde_core v1.0.228
   Compiling either v1.15.0
   Compiling rayon-core v1.13.0
   Compiling rustix v1.1.4
   Compiling linux-raw-sys v0.12.1
   Compiling libm v0.2.16
   Compiling bitflags v2.11.1
   Compiling num-traits v0.2.19
   Compiling matrixmultiply v0.3.10
   Compiling zmij v1.0.21
   Compiling once_cell v1.21.4
   Compiling serde v1.0.228
   Compiling crossbeam-epoch v0.9.18
   Compiling crossbeam-deque v0.8.6
   Compiling serde_json v1.0.149
   Compiling rawpointer v0.2.1
   Compiling syn v2.0.117
   Compiling fastrand v2.4.1
   Compiling regex-syntax v0.8.10
   Compiling num-complex v0.4.6
   Compiling clap_lex v1.1.0
   Compiling plotters-backend v0.3.7
   Compiling itoa v1.0.18
   Compiling anstyle v1.0.14
   Compiling memchr v2.8.0
   Compiling rayon v1.12.0
   Compiling rand_core v0.9.5
   Compiling tempfile v3.27.0
   Compiling ciborium-io v0.2.2
   Compiling regex-automata v0.4.14
   Compiling clap_builder v4.6.0
   Compiling plotters-svg v0.3.7
   Compiling wait-timeout v0.2.1
   Compiling itertools v0.10.5
   Compiling fnv v1.0.7
   Compiling same-file v1.0.6
   Compiling cast v0.3.0
   Compiling bit-vec v0.8.0
   Compiling quick-error v1.2.3
   Compiling rusty-fork v0.3.1
   Compiling regex v1.12.3
   Compiling bit-set v0.8.0
   Compiling zerocopy-derive v0.8.48
   Compiling bytemuck_derive v1.10.2
   Compiling serde_derive v1.0.228
   Compiling criterion-plot v0.5.0
   Compiling walkdir v2.5.0
   Compiling clap v4.6.1
   Compiling plotters v0.3.7
   Compiling bytemuck v1.25.0
   Compiling rand v0.9.4
   Compiling safe_arch v0.7.4
   Compiling rand_xorshift v0.4.0
   Compiling console v0.16.3
   Compiling wide v0.7.33
   Compiling is-terminal v0.4.17
   Compiling oorandom v11.1.5
   Compiling similar v2.7.0
   Compiling unarray v0.1.4
   Compiling anes v0.1.6
   Compiling insta v1.47.2
   Compiling tinytemplate v1.2.1
   Compiling half v2.7.1
   Compiling ft-core v0.1.0 (/data/projects/frankentorch/crates/ft-core)
   Compiling ciborium-ll v0.2.2
   Compiling ppv-lite86 v0.2.21
   Compiling ciborium v0.2.2
   Compiling criterion v0.5.1
   Compiling ft-kernel-cpu v0.1.0 (/data/projects/frankentorch/crates/ft-kernel-cpu)
   Compiling rand_chacha v0.9.0
   Compiling proptest v1.11.0
   Compiling ft-dispatch v0.1.0 (/data/projects/frankentorch/crates/ft-dispatch)
   Compiling ft-autograd v0.1.0 (/data/projects/frankentorch/crates/ft-autograd)
    Finished `bench` profile [optimized + debuginfo] target(s) in 1m 06s
     Running benches/backward_bench.rs (.rch-target-vmi1227854-job-29884606035532865-1781548246713592573-0/release/deps/backward_bench-7cfc73f77a6e4eda)
Gnuplot not found, using plotters backend
Benchmarking activation_backward/gelu_chain_16x65536
Benchmarking activation_backward/gelu_chain_16x65536: Warming up for 1.0000 s
Benchmarking activation_backward/gelu_chain_16x65536: Collecting 10 samples in estimated 3.5241 s (110 iterations)
Benchmarking activation_backward/gelu_chain_16x65536: Analyzing
activation_backward/gelu_chain_16x65536
                        time:   [23.664 ms 30.019 ms 38.827 ms]
Found 2 outliers among 10 measurements (20.00%)
  2 (20.00%) high severe
Benchmarking activation_backward/silu_chain_16x65536
Benchmarking activation_backward/silu_chain_16x65536: Warming up for 1.0000 s
Benchmarking activation_backward/silu_chain_16x65536: Collecting 10 samples in estimated 4.4127 s (110 iterations)
Benchmarking activation_backward/silu_chain_16x65536: Analyzing
activation_backward/silu_chain_16x65536
                        time:   [21.847 ms 24.563 ms 29.708 ms]
Found 1 outliers among 10 measurements (10.00%)
  1 (10.00%) high mild

  [2m2026-06-15T18:32:43.397538Z[0m [32m INFO[0m [1;32mrch::hook[0m[32m: [32mRemote command finished: exit=0 in 78964ms[0m
    [2;3mat[0m rch/src/hook.rs:6376 [2;3mon[0m ThreadId(1)

  [2m2026-06-15T18:32:43.417921Z[0m [32m INFO[0m [1;32mrch::hook[0m[32m: [32mRetrieving build artifacts...[0m
    [2;3mat[0m rch/src/hook.rs:6425 [2;3mon[0m ThreadId(1)

  [2m2026-06-15T18:32:43.417971Z[0m [32m INFO[0m [1;32mrch::transfer[0m[32m: [32mRetrieving artifacts from /data/projects/frankentorch on vmi1227854[0m
    [2;3mat[0m rch/src/transfer.rs:2106 [2;3mon[0m ThreadId(1)

  [2m2026-06-15T18:32:45.407255Z[0m [32m INFO[0m [1;32mrch::transfer[0m[32m: [32mArtifacts retrieved in 1989ms (5 files, 1824 bytes)[0m
    [2;3mat[0m rch/src/transfer.rs:2145 [2;3mon[0m ThreadId(1)

  [2m2026-06-15T18:32:45.407390Z[0m [32m INFO[0m [1;32mrch::hook[0m[32m: [32mArtifacts retrieved: 5 files, 1824 bytes in 1989ms[0m
    [2;3mat[0m rch/src/hook.rs:6458 [2;3mon[0m ThreadId(1)

  [2m2026-06-15T18:32:45.407481Z[0m [32m INFO[0m [1;32mrch::transfer[0m[32m: [32mRetrieving artifacts from /data/projects/frankentorch/.rch-target-vmi1227854-job-29884606035532865-1781548246713592573-0 on vmi1227854[0m
    [2;3mat[0m rch/src/transfer.rs:2106 [2;3mon[0m ThreadId(1)

  [2m2026-06-15T18:32:48.331781Z[0m [32m INFO[0m [1;32mrch::transfer[0m[32m: [32mArtifacts retrieved in 2924ms (25 files, 946 bytes)[0m
    [2;3mat[0m rch/src/transfer.rs:2145 [2;3mon[0m ThreadId(1)

  [2m2026-06-15T18:32:48.376688Z[0m [32m INFO[0m [1;32mrch::hook[0m[32m: [32mCustom CARGO_TARGET_DIR artifacts retrieved: 25 files, 946 bytes in 2924ms[0m
    [2;3mat[0m rch/src/hook.rs:6582 [2;3mon[0m ThreadId(1)

[RCH] remote vmi1227854 (123.7s)
