  [2m2026-06-20T01:33:55.753082Z[0m [32m INFO[0m [1;32mrch::hook[0m[32m: [32mSelected worker: hz1 at root@87.99.133.171 (2 slots remaining after reservation, speed 50.0)[0m
    [2;3mat[0m rch/src/hook.rs:866 [2;3mon[0m ThreadId(1)

  [2m2026-06-20T01:33:56.050376Z[0m [32m INFO[0m [1;32mrch::hook::transfer_orchestration[0m[32m: [32mStarting remote compilation pipeline for frankentorch-kgs4-115-baseline (hash: 8d4dd5485aadfa28)[0m
    [2;3mat[0m rch/src/hook/transfer_orchestration.rs:241 [2;3mon[0m ThreadId(1)

  [2m2026-06-20T01:33:56.050445Z[0m [32m INFO[0m [1;32mrch::hook::transfer_orchestration[0m[32m: [32mPrepared dependency sync manifest for 13 roots[0m
    [2;3mat[0m rch/src/hook/transfer_orchestration.rs:263 [2;3mon[0m ThreadId(1)

  [2m2026-06-20T01:34:01.232239Z[0m [32m INFO[0m [1;32mrch::hook::transfer_orchestration[0m[32m: [32mSyncing project to worker hz1...[0m
    [2;3mat[0m rch/src/hook/transfer_orchestration.rs:323 [2;3mon[0m ThreadId(1)

  [2m2026-06-20T01:34:01.232294Z[0m [32m INFO[0m [1;32mrch::transfer[0m[32m: [32mSyncing /data/projects/frankentorch-kgs4-115-baseline -> /data/projects/frankentorch-kgs4-115-baseline on hz1[0m
    [2;3mat[0m rch/src/transfer.rs:1528 [2;3mon[0m ThreadId(1)

  [2m2026-06-20T01:34:02.083128Z[0m [32m INFO[0m [1;32mrch::transfer[0m[32m: [32mSync completed in 850ms[0m
    [2;3mat[0m rch/src/transfer.rs:1592 [2;3mon[0m ThreadId(1)

  [2m2026-06-20T01:34:02.083211Z[0m [32m INFO[0m [1;32mrch::transfer[0m[32m: [32mSyncing /data/projects/frankentorch-kgs4-115-baseline/crates/ft-api -> /data/projects/frankentorch-kgs4-115-baseline/crates/ft-api on hz1[0m
    [2;3mat[0m rch/src/transfer.rs:1528 [2;3mon[0m ThreadId(1)

  [2m2026-06-20T01:34:02.490783Z[0m [32m INFO[0m [1;32mrch::transfer[0m[32m: [32mSync completed in 407ms[0m
    [2;3mat[0m rch/src/transfer.rs:1592 [2;3mon[0m ThreadId(1)

  [2m2026-06-20T01:34:02.490861Z[0m [32m INFO[0m [1;32mrch::transfer[0m[32m: [32mSyncing /data/projects/frankentorch-kgs4-115-baseline/crates/ft-autograd -> /data/projects/frankentorch-kgs4-115-baseline/crates/ft-autograd on hz1[0m
    [2;3mat[0m rch/src/transfer.rs:1528 [2;3mon[0m ThreadId(1)

  [2m2026-06-20T01:34:02.902739Z[0m [32m INFO[0m [1;32mrch::transfer[0m[32m: [32mSync completed in 411ms[0m
    [2;3mat[0m rch/src/transfer.rs:1592 [2;3mon[0m ThreadId(1)

  [2m2026-06-20T01:34:02.902831Z[0m [32m INFO[0m [1;32mrch::transfer[0m[32m: [32mSyncing /data/projects/frankentorch-kgs4-115-baseline/crates/ft-conformance -> /data/projects/frankentorch-kgs4-115-baseline/crates/ft-conformance on hz1[0m
    [2;3mat[0m rch/src/transfer.rs:1528 [2;3mon[0m ThreadId(1)

  [2m2026-06-20T01:34:03.326983Z[0m [32m INFO[0m [1;32mrch::transfer[0m[32m: [32mSync completed in 424ms[0m
    [2;3mat[0m rch/src/transfer.rs:1592 [2;3mon[0m ThreadId(1)

  [2m2026-06-20T01:34:03.327065Z[0m [32m INFO[0m [1;32mrch::transfer[0m[32m: [32mSyncing /data/projects/frankentorch-kgs4-115-baseline/crates/ft-core -> /data/projects/frankentorch-kgs4-115-baseline/crates/ft-core on hz1[0m
    [2;3mat[0m rch/src/transfer.rs:1528 [2;3mon[0m ThreadId(1)

  [2m2026-06-20T01:34:03.739035Z[0m [32m INFO[0m [1;32mrch::transfer[0m[32m: [32mSync completed in 411ms[0m
    [2;3mat[0m rch/src/transfer.rs:1592 [2;3mon[0m ThreadId(1)

  [2m2026-06-20T01:34:03.739112Z[0m [32m INFO[0m [1;32mrch::transfer[0m[32m: [32mSyncing /data/projects/frankentorch-kgs4-115-baseline/crates/ft-data -> /data/projects/frankentorch-kgs4-115-baseline/crates/ft-data on hz1[0m
    [2;3mat[0m rch/src/transfer.rs:1528 [2;3mon[0m ThreadId(1)

  [2m2026-06-20T01:34:04.119999Z[0m [32m INFO[0m [1;32mrch::transfer[0m[32m: [32mSync completed in 380ms[0m
    [2;3mat[0m rch/src/transfer.rs:1592 [2;3mon[0m ThreadId(1)

  [2m2026-06-20T01:34:04.120090Z[0m [32m INFO[0m [1;32mrch::transfer[0m[32m: [32mSyncing /data/projects/frankentorch-kgs4-115-baseline/crates/ft-device -> /data/projects/frankentorch-kgs4-115-baseline/crates/ft-device on hz1[0m
    [2;3mat[0m rch/src/transfer.rs:1528 [2;3mon[0m ThreadId(1)

  [2m2026-06-20T01:34:04.540482Z[0m [32m INFO[0m [1;32mrch::transfer[0m[32m: [32mSync completed in 420ms[0m
    [2;3mat[0m rch/src/transfer.rs:1592 [2;3mon[0m ThreadId(1)

  [2m2026-06-20T01:34:04.540555Z[0m [32m INFO[0m [1;32mrch::transfer[0m[32m: [32mSyncing /data/projects/frankentorch-kgs4-115-baseline/crates/ft-dispatch -> /data/projects/frankentorch-kgs4-115-baseline/crates/ft-dispatch on hz1[0m
    [2;3mat[0m rch/src/transfer.rs:1528 [2;3mon[0m ThreadId(1)

  [2m2026-06-20T01:34:04.952685Z[0m [32m INFO[0m [1;32mrch::transfer[0m[32m: [32mSync completed in 412ms[0m
    [2;3mat[0m rch/src/transfer.rs:1592 [2;3mon[0m ThreadId(1)

  [2m2026-06-20T01:34:04.952755Z[0m [32m INFO[0m [1;32mrch::transfer[0m[32m: [32mSyncing /data/projects/frankentorch-kgs4-115-baseline/crates/ft-kernel-cpu -> /data/projects/frankentorch-kgs4-115-baseline/crates/ft-kernel-cpu on hz1[0m
    [2;3mat[0m rch/src/transfer.rs:1528 [2;3mon[0m ThreadId(1)

  [2m2026-06-20T01:34:05.344426Z[0m [32m INFO[0m [1;32mrch::transfer[0m[32m: [32mSync completed in 391ms[0m
    [2;3mat[0m rch/src/transfer.rs:1592 [2;3mon[0m ThreadId(1)

  [2m2026-06-20T01:34:05.344514Z[0m [32m INFO[0m [1;32mrch::transfer[0m[32m: [32mSyncing /data/projects/frankentorch-kgs4-115-baseline/crates/ft-nn -> /data/projects/frankentorch-kgs4-115-baseline/crates/ft-nn on hz1[0m
    [2;3mat[0m rch/src/transfer.rs:1528 [2;3mon[0m ThreadId(1)

  [2m2026-06-20T01:34:05.740202Z[0m [32m INFO[0m [1;32mrch::transfer[0m[32m: [32mSync completed in 395ms[0m
    [2;3mat[0m rch/src/transfer.rs:1592 [2;3mon[0m ThreadId(1)

  [2m2026-06-20T01:34:05.740281Z[0m [32m INFO[0m [1;32mrch::transfer[0m[32m: [32mSyncing /data/projects/frankentorch-kgs4-115-baseline/crates/ft-optim -> /data/projects/frankentorch-kgs4-115-baseline/crates/ft-optim on hz1[0m
    [2;3mat[0m rch/src/transfer.rs:1528 [2;3mon[0m ThreadId(1)

  [2m2026-06-20T01:34:06.190703Z[0m [32m INFO[0m [1;32mrch::transfer[0m[32m: [32mSync completed in 450ms[0m
    [2;3mat[0m rch/src/transfer.rs:1592 [2;3mon[0m ThreadId(1)

  [2m2026-06-20T01:34:06.190781Z[0m [32m INFO[0m [1;32mrch::transfer[0m[32m: [32mSyncing /data/projects/frankentorch-kgs4-115-baseline/crates/ft-runtime -> /data/projects/frankentorch-kgs4-115-baseline/crates/ft-runtime on hz1[0m
    [2;3mat[0m rch/src/transfer.rs:1528 [2;3mon[0m ThreadId(1)

  [2m2026-06-20T01:34:06.616879Z[0m [32m INFO[0m [1;32mrch::transfer[0m[32m: [32mSync completed in 426ms[0m
    [2;3mat[0m rch/src/transfer.rs:1592 [2;3mon[0m ThreadId(1)

  [2m2026-06-20T01:34:06.616964Z[0m [32m INFO[0m [1;32mrch::transfer[0m[32m: [32mSyncing /data/projects/frankentorch-kgs4-115-baseline/crates/ft-serialize -> /data/projects/frankentorch-kgs4-115-baseline/crates/ft-serialize on hz1[0m
    [2;3mat[0m rch/src/transfer.rs:1528 [2;3mon[0m ThreadId(1)

  [2m2026-06-20T01:34:07.077677Z[0m [32m INFO[0m [1;32mrch::transfer[0m[32m: [32mSync completed in 460ms[0m
    [2;3mat[0m rch/src/transfer.rs:1592 [2;3mon[0m ThreadId(1)

  [2m2026-06-20T01:34:07.077727Z[0m [32m INFO[0m [1;32mrch::hook::transfer_orchestration[0m[32m: [32mSync complete: 3800 files, 7141682 bytes in 5837ms[0m
    [2;3mat[0m rch/src/hook/transfer_orchestration.rs:486 [2;3mon[0m ThreadId(1)

  [2m2026-06-20T01:34:08.814255Z[0m [32m INFO[0m [1;32mrch::hook::transfer_orchestration[0m[32m: [32mExecuting command remotely: cargo run --release -p ft-api --example group_norm_f32_grad_ab[0m
    [2;3mat[0m rch/src/hook/transfer_orchestration.rs:529 [2;3mon[0m ThreadId(1)

  [2m2026-06-20T01:34:08.814294Z[0m [32m INFO[0m [1;32mrch::transfer[0m[32m: [32mRewriting CARGO_TARGET_DIR for remote execution (worker-scoped path): /data/projects/.rch-targets/frankentorch-cod-a-baseline -> /data/projects/frankentorch-kgs4-115-baseline/.rch-target-hz1-pool-8f3730fddf5000478b987170a3fb6385[0m
    [2;3mat[0m rch/src/transfer.rs:799 [2;3mon[0m ThreadId(1)

    Updating crates.io index
 Downloading crates ...
  Downloaded bytemuck_derive v1.10.2
  Downloaded anes v0.1.6
  Downloaded cast v0.3.0
  Downloaded criterion v0.5.1
  Downloaded same-file v1.0.6
  Downloaded cfg-if v1.0.4
  Downloaded plotters-svg v0.3.7
  Downloaded rawpointer v0.2.1
  Downloaded ciborium-io v0.2.2
  Downloaded ciborium-ll v0.2.2
  Downloaded walkdir v2.5.0
  Downloaded num-complex v0.4.6
  Downloaded clap_builder v4.6.0
  Downloaded crossbeam-utils v0.8.21
  Downloaded autocfg v1.5.0
  Downloaded crossbeam-epoch v0.9.18
  Downloaded matrixmultiply v0.3.10
  Downloaded proc-macro2 v1.0.106
  Downloaded serde_derive v1.0.228
  Downloaded bytemuck v1.25.0
  Downloaded serde v1.0.228
  Downloaded serde_json v1.0.149
  Downloaded plotters v0.3.7
  Downloaded itoa v1.0.18
  Downloaded aho-corasick v1.1.4
  Downloaded half v2.7.1
  Downloaded regex-syntax v0.8.10
  Downloaded memchr v2.8.0
  Downloaded wide v0.7.33
  Downloaded unicode-ident v1.0.24
  Downloaded once_cell v1.21.4
  Downloaded quote v1.0.45
  Downloaded libc v0.2.185
  Downloaded num-traits v0.2.19
  Downloaded zerocopy-derive v0.8.48
  Downloaded safe_arch v0.7.4
  Downloaded regex-automata v0.4.14
  Downloaded clap v4.6.1
  Downloaded itertools v0.10.5
  Downloaded rayon v1.12.0
  Downloaded tinytemplate v1.2.1
  Downloaded plotters-backend v0.3.7
  Downloaded anstyle v1.0.14
  Downloaded ciborium v0.2.2
  Downloaded is-terminal v0.4.17
  Downloaded clap_lex v1.1.0
  Downloaded criterion-plot v0.5.0
  Downloaded either v1.15.0
  Downloaded rayon-core v1.13.0
  Downloaded crossbeam-deque v0.8.6
  Downloaded zerocopy v0.8.48
  Downloaded zmij v1.0.21
  Downloaded syn v2.0.117
  Downloaded serde_core v1.0.228
  Downloaded regex v1.12.3
  Downloaded oorandom v11.1.5
  Downloaded libm v0.2.16
   Compiling proc-macro2 v1.0.106
   Compiling unicode-ident v1.0.24
   Compiling quote v1.0.45
   Compiling autocfg v1.5.0
   Compiling zerocopy v0.8.48
   Compiling crossbeam-utils v0.8.21
   Compiling cfg-if v1.0.4
   Compiling either v1.15.0
   Compiling rayon-core v1.13.0
   Compiling serde_core v1.0.228
   Compiling libm v0.2.16
   Compiling rawpointer v0.2.1
   Compiling serde v1.0.228
   Compiling zmij v1.0.21
   Compiling libc v0.2.185
   Compiling num-traits v0.2.19
   Compiling matrixmultiply v0.3.10
   Compiling serde_json v1.0.149
   Compiling crossbeam-epoch v0.9.18
   Compiling syn v2.0.117
   Compiling regex-syntax v0.8.10
   Compiling crossbeam-deque v0.8.6
   Compiling ciborium-io v0.2.2
   Compiling clap_lex v1.1.0
   Compiling num-complex v0.4.6
   Compiling anstyle v1.0.14
   Compiling rayon v1.12.0
   Compiling plotters-backend v0.3.7
   Compiling memchr v2.8.0
   Compiling itoa v1.0.18
   Compiling plotters-svg v0.3.7
   Compiling regex-automata v0.4.14
   Compiling clap_builder v4.6.0
   Compiling itertools v0.10.5
   Compiling same-file v1.0.6
   Compiling cast v0.3.0
   Compiling walkdir v2.5.0
   Compiling is-terminal v0.4.17
   Compiling regex v1.12.3
   Compiling bytemuck_derive v1.10.2
   Compiling zerocopy-derive v0.8.48
   Compiling serde_derive v1.0.228
   Compiling criterion-plot v0.5.0
   Compiling bytemuck v1.25.0
   Compiling clap v4.6.1
   Compiling safe_arch v0.7.4
   Compiling plotters v0.3.7
   Compiling wide v0.7.33
   Compiling once_cell v1.21.4
   Compiling oorandom v11.1.5
   Compiling anes v0.1.6
   Compiling tinytemplate v1.2.1
   Compiling half v2.7.1
   Compiling ft-core v0.1.0 (/data/projects/frankentorch-kgs4-115-baseline/crates/ft-core)
   Compiling ciborium-ll v0.2.2
   Compiling ciborium v0.2.2
   Compiling ft-kernel-cpu v0.1.0 (/data/projects/frankentorch-kgs4-115-baseline/crates/ft-kernel-cpu)
   Compiling ft-runtime v0.1.0 (/data/projects/frankentorch-kgs4-115-baseline/crates/ft-runtime)
   Compiling criterion v0.5.1
   Compiling ft-dispatch v0.1.0 (/data/projects/frankentorch-kgs4-115-baseline/crates/ft-dispatch)
   Compiling ft-autograd v0.1.0 (/data/projects/frankentorch-kgs4-115-baseline/crates/ft-autograd)
   Compiling ft-api v0.1.0 (/data/projects/frankentorch-kgs4-115-baseline/crates/ft-api)
    Finished `release` profile [optimized] target(s) in 1m 40s
     Running `.rch-target-hz1-pool-8f3730fddf5000478b987170a3fb6385/release/examples/group_norm_f32_grad_ab`
group_norm f32 fwd+bwd [8,64,28x28] g32: composed 165.03 ms / fused 19.13 ms / speedup 8.63x
  [2m2026-06-20T01:35:52.516638Z[0m [32m INFO[0m [1;32mrch::hook::transfer_orchestration[0m[32m: [32mRemote command finished: exit=0 in 103702ms[0m
    [2;3mat[0m rch/src/hook/transfer_orchestration.rs:653 [2;3mon[0m ThreadId(1)

  [2m2026-06-20T01:35:52.517057Z[0m [32m INFO[0m [1;32mrch::hook::transfer_orchestration[0m[32m: [32mRetrieving build artifacts...[0m
    [2;3mat[0m rch/src/hook/transfer_orchestration.rs:702 [2;3mon[0m ThreadId(1)

  [2m2026-06-20T01:35:52.517088Z[0m [32m INFO[0m [1;32mrch::transfer[0m[32m: [32mRetrieving artifacts from /data/projects/frankentorch-kgs4-115-baseline on hz1[0m
    [2;3mat[0m rch/src/transfer.rs:2246 [2;3mon[0m ThreadId(1)

  [2m2026-06-20T01:35:52.923628Z[0m [32m INFO[0m [1;32mrch::transfer[0m[32m: [32mArtifacts retrieved in 406ms (1 files, 1080 bytes)[0m
    [2;3mat[0m rch/src/transfer.rs:2301 [2;3mon[0m ThreadId(1)

  [2m2026-06-20T01:35:52.923655Z[0m [32m INFO[0m [1;32mrch::hook::transfer_orchestration[0m[32m: [32mArtifacts retrieved: 1 files, 1080 bytes in 406ms[0m
    [2;3mat[0m rch/src/hook/transfer_orchestration.rs:735 [2;3mon[0m ThreadId(1)

  [2m2026-06-20T01:35:52.923806Z[0m [32m INFO[0m [1;32mrch::transfer[0m[32m: [32mRetrieving artifacts from /data/projects/frankentorch-kgs4-115-baseline/.rch-target-hz1-pool-8f3730fddf5000478b987170a3fb6385 on hz1[0m
    [2;3mat[0m rch/src/transfer.rs:2246 [2;3mon[0m ThreadId(1)

  [2m2026-06-20T01:35:54.526513Z[0m [32m INFO[0m [1;32mrch::transfer[0m[32m: [32mArtifacts retrieved in 1602ms (131 files, 2844 bytes)[0m
    [2;3mat[0m rch/src/transfer.rs:2301 [2;3mon[0m ThreadId(1)

  [2m2026-06-20T01:35:54.526532Z[0m [32m INFO[0m [1;32mrch::hook::transfer_orchestration[0m[32m: [32mCustom CARGO_TARGET_DIR artifacts retrieved: 131 files, 2844 bytes in 1602ms[0m
    [2;3mat[0m rch/src/hook/transfer_orchestration.rs:859 [2;3mon[0m ThreadId(1)

[RCH] remote hz1 (118.8s)
