  [2m2026-06-24T22:28:05.663816Z[0m [32m INFO[0m [1;32mrch::hook[0m[32m: [32mSelected worker: ovh-a at ubuntu@51.222.245.56 (0 slots remaining after reservation, speed 50.0)[0m
    [2;3mat[0m rch/src/hook.rs:921 [2;3mon[0m ThreadId(1)

  [2m2026-06-24T22:28:05.927055Z[0m [32m INFO[0m [1;32mrch::hook::transfer_orchestration[0m[32m: [32mStarting remote compilation pipeline for frankentorch (hash: a66f74c02962d452)[0m
    [2;3mat[0m rch/src/hook/transfer_orchestration.rs:241 [2;3mon[0m ThreadId(1)

  [2m2026-06-24T22:28:05.927155Z[0m [32m INFO[0m [1;32mrch::hook::transfer_orchestration[0m[32m: [32mPrepared dependency sync manifest for 13 roots[0m
    [2;3mat[0m rch/src/hook/transfer_orchestration.rs:263 [2;3mon[0m ThreadId(1)

  [2m2026-06-24T22:28:06.765358Z[0m [32m INFO[0m [1;32mrch::hook::transfer_orchestration[0m[32m: [32mSyncing project to worker ovh-a...[0m
    [2;3mat[0m rch/src/hook/transfer_orchestration.rs:323 [2;3mon[0m ThreadId(1)

  [2m2026-06-24T22:28:06.765504Z[0m [32m INFO[0m [1;32mrch::transfer[0m[32m: [32mSyncing /data/projects/frankentorch -> /data/projects/frankentorch on ovh-a[0m
    [2;3mat[0m rch/src/transfer.rs:1528 [2;3mon[0m ThreadId(1)

  [2m2026-06-24T22:28:09.244898Z[0m [32m INFO[0m [1;32mrch::transfer[0m[32m: [32mSync completed in 2479ms[0m
    [2;3mat[0m rch/src/transfer.rs:1592 [2;3mon[0m ThreadId(1)

  [2m2026-06-24T22:28:09.245016Z[0m [32m INFO[0m [1;32mrch::transfer[0m[32m: [32mSyncing /data/projects/frankentorch/crates/ft-api -> /data/projects/frankentorch/crates/ft-api on ovh-a[0m
    [2;3mat[0m rch/src/transfer.rs:1528 [2;3mon[0m ThreadId(1)

  [2m2026-06-24T22:28:09.714921Z[0m [32m INFO[0m [1;32mrch::transfer[0m[32m: [32mSync completed in 469ms[0m
    [2;3mat[0m rch/src/transfer.rs:1592 [2;3mon[0m ThreadId(1)

  [2m2026-06-24T22:28:09.715023Z[0m [32m INFO[0m [1;32mrch::transfer[0m[32m: [32mSyncing /data/projects/frankentorch/crates/ft-autograd -> /data/projects/frankentorch/crates/ft-autograd on ovh-a[0m
    [2;3mat[0m rch/src/transfer.rs:1528 [2;3mon[0m ThreadId(1)

  [2m2026-06-24T22:28:10.232674Z[0m [32m INFO[0m [1;32mrch::transfer[0m[32m: [32mSync completed in 517ms[0m
    [2;3mat[0m rch/src/transfer.rs:1592 [2;3mon[0m ThreadId(1)

  [2m2026-06-24T22:28:10.232754Z[0m [32m INFO[0m [1;32mrch::transfer[0m[32m: [32mSyncing /data/projects/frankentorch/crates/ft-conformance -> /data/projects/frankentorch/crates/ft-conformance on ovh-a[0m
    [2;3mat[0m rch/src/transfer.rs:1528 [2;3mon[0m ThreadId(1)

  [2m2026-06-24T22:28:10.739992Z[0m [32m INFO[0m [1;32mrch::transfer[0m[32m: [32mSync completed in 507ms[0m
    [2;3mat[0m rch/src/transfer.rs:1592 [2;3mon[0m ThreadId(1)

  [2m2026-06-24T22:28:10.740094Z[0m [32m INFO[0m [1;32mrch::transfer[0m[32m: [32mSyncing /data/projects/frankentorch/crates/ft-core -> /data/projects/frankentorch/crates/ft-core on ovh-a[0m
    [2;3mat[0m rch/src/transfer.rs:1528 [2;3mon[0m ThreadId(1)

  [2m2026-06-24T22:28:11.237471Z[0m [32m INFO[0m [1;32mrch::transfer[0m[32m: [32mSync completed in 497ms[0m
    [2;3mat[0m rch/src/transfer.rs:1592 [2;3mon[0m ThreadId(1)

  [2m2026-06-24T22:28:11.237545Z[0m [32m INFO[0m [1;32mrch::transfer[0m[32m: [32mSyncing /data/projects/frankentorch/crates/ft-data -> /data/projects/frankentorch/crates/ft-data on ovh-a[0m
    [2;3mat[0m rch/src/transfer.rs:1528 [2;3mon[0m ThreadId(1)

  [2m2026-06-24T22:28:11.706259Z[0m [32m INFO[0m [1;32mrch::transfer[0m[32m: [32mSync completed in 468ms[0m
    [2;3mat[0m rch/src/transfer.rs:1592 [2;3mon[0m ThreadId(1)

  [2m2026-06-24T22:28:11.706332Z[0m [32m INFO[0m [1;32mrch::transfer[0m[32m: [32mSyncing /data/projects/frankentorch/crates/ft-device -> /data/projects/frankentorch/crates/ft-device on ovh-a[0m
    [2;3mat[0m rch/src/transfer.rs:1528 [2;3mon[0m ThreadId(1)

  [2m2026-06-24T22:28:12.225116Z[0m [32m INFO[0m [1;32mrch::transfer[0m[32m: [32mSync completed in 518ms[0m
    [2;3mat[0m rch/src/transfer.rs:1592 [2;3mon[0m ThreadId(1)

  [2m2026-06-24T22:28:12.225217Z[0m [32m INFO[0m [1;32mrch::transfer[0m[32m: [32mSyncing /data/projects/frankentorch/crates/ft-dispatch -> /data/projects/frankentorch/crates/ft-dispatch on ovh-a[0m
    [2;3mat[0m rch/src/transfer.rs:1528 [2;3mon[0m ThreadId(1)

  [2m2026-06-24T22:28:12.710341Z[0m [32m INFO[0m [1;32mrch::transfer[0m[32m: [32mSync completed in 485ms[0m
    [2;3mat[0m rch/src/transfer.rs:1592 [2;3mon[0m ThreadId(1)

  [2m2026-06-24T22:28:12.710426Z[0m [32m INFO[0m [1;32mrch::transfer[0m[32m: [32mSyncing /data/projects/frankentorch/crates/ft-kernel-cpu -> /data/projects/frankentorch/crates/ft-kernel-cpu on ovh-a[0m
    [2;3mat[0m rch/src/transfer.rs:1528 [2;3mon[0m ThreadId(1)

  [2m2026-06-24T22:28:13.237645Z[0m [32m INFO[0m [1;32mrch::transfer[0m[32m: [32mSync completed in 527ms[0m
    [2;3mat[0m rch/src/transfer.rs:1592 [2;3mon[0m ThreadId(1)

  [2m2026-06-24T22:28:13.237737Z[0m [32m INFO[0m [1;32mrch::transfer[0m[32m: [32mSyncing /data/projects/frankentorch/crates/ft-nn -> /data/projects/frankentorch/crates/ft-nn on ovh-a[0m
    [2;3mat[0m rch/src/transfer.rs:1528 [2;3mon[0m ThreadId(1)

  [2m2026-06-24T22:28:13.752561Z[0m [32m INFO[0m [1;32mrch::transfer[0m[32m: [32mSync completed in 514ms[0m
    [2;3mat[0m rch/src/transfer.rs:1592 [2;3mon[0m ThreadId(1)

  [2m2026-06-24T22:28:13.752641Z[0m [32m INFO[0m [1;32mrch::transfer[0m[32m: [32mSyncing /data/projects/frankentorch/crates/ft-optim -> /data/projects/frankentorch/crates/ft-optim on ovh-a[0m
    [2;3mat[0m rch/src/transfer.rs:1528 [2;3mon[0m ThreadId(1)

  [2m2026-06-24T22:28:14.281186Z[0m [32m INFO[0m [1;32mrch::transfer[0m[32m: [32mSync completed in 528ms[0m
    [2;3mat[0m rch/src/transfer.rs:1592 [2;3mon[0m ThreadId(1)

  [2m2026-06-24T22:28:14.281262Z[0m [32m INFO[0m [1;32mrch::transfer[0m[32m: [32mSyncing /data/projects/frankentorch/crates/ft-runtime -> /data/projects/frankentorch/crates/ft-runtime on ovh-a[0m
    [2;3mat[0m rch/src/transfer.rs:1528 [2;3mon[0m ThreadId(1)

  [2m2026-06-24T22:28:14.814310Z[0m [32m INFO[0m [1;32mrch::transfer[0m[32m: [32mSync completed in 533ms[0m
    [2;3mat[0m rch/src/transfer.rs:1592 [2;3mon[0m ThreadId(1)

  [2m2026-06-24T22:28:14.814390Z[0m [32m INFO[0m [1;32mrch::transfer[0m[32m: [32mSyncing /data/projects/frankentorch/crates/ft-serialize -> /data/projects/frankentorch/crates/ft-serialize on ovh-a[0m
    [2;3mat[0m rch/src/transfer.rs:1528 [2;3mon[0m ThreadId(1)

  [2m2026-06-24T22:28:15.277535Z[0m [32m INFO[0m [1;32mrch::transfer[0m[32m: [32mSync completed in 463ms[0m
    [2;3mat[0m rch/src/transfer.rs:1592 [2;3mon[0m ThreadId(1)

  [2m2026-06-24T22:28:15.277585Z[0m [32m INFO[0m [1;32mrch::hook::transfer_orchestration[0m[32m: [32mSync complete: 54226 files, 1971240 bytes in 8505ms[0m
    [2;3mat[0m rch/src/hook/transfer_orchestration.rs:486 [2;3mon[0m ThreadId(1)

  [2m2026-06-24T22:28:19.109017Z[0m [32m INFO[0m [1;32mrch::hook::transfer_orchestration[0m[32m: [32mExecuting command remotely: cargo check -p ft-nn --example bert_rerank_spike[0m
    [2;3mat[0m rch/src/hook/transfer_orchestration.rs:529 [2;3mon[0m ThreadId(1)

  [2m2026-06-24T22:28:19.109061Z[0m [32m INFO[0m [1;32mrch::transfer[0m[32m: [32mRewriting CARGO_TARGET_DIR for remote execution (worker-scoped path): /data/projects/.rch-targets/frankentorch-cod-b -> /data/projects/frankentorch/.rch-target-ovh-a-pool-a7b1c8c357b0059b1f61676dcab2f583[0m
    [2;3mat[0m rch/src/transfer.rs:799 [2;3mon[0m ThreadId(1)

    Updating crates.io index
 Downloading crates ...
  Downloaded aead v0.5.2
  Downloaded anes v0.1.6
  Downloaded anstyle v1.0.14
  Downloaded anyhow v1.0.102
  Downloaded allocator-api2 v0.2.21
  Downloaded aes-gcm v0.10.3
  Downloaded aes v0.8.4
  Downloaded aho-corasick v1.1.4
  Downloaded pem-rfc7468 v0.7.0
  Downloaded pin-project v1.1.11
  Downloaded chacha20poly1305 v0.10.1
  Downloaded ppv-lite86 v0.2.21
  Downloaded rmp v0.8.15
  Downloaded sysinfo v0.33.1
  Downloaded autocfg v1.5.0
  Downloaded cfg-if v1.0.4
  Downloaded cast v0.3.0
  Downloaded bincode_derive-next v2.1.0
  Downloaded crossbeam-deque v0.8.6
  Downloaded bytes v1.11.1
  Downloaded crc32fast v1.5.0
  Downloaded chacha20 v0.9.1
  Downloaded crossbeam-queue v0.3.12
  Downloaded franken-kernel v0.3.4
  Downloaded base64ct v1.8.3
  Downloaded bincode-next v2.1.0
  Downloaded cfg_aliases v0.2.1
  Downloaded proc-macro2 v1.0.106
  Downloaded rayon v1.12.0
  Downloaded pin-project-lite v0.2.17
  Downloaded bytemuck v1.25.0
  Downloaded bytemuck_derive v1.10.2
  Downloaded cpufeatures v0.2.17
  Downloaded criterion-plot v0.5.0
  Downloaded ctr v0.9.2
  Downloaded hmac v0.13.0
  Downloaded inout v0.1.4
  Downloaded num-complex v0.4.6
  Downloaded block-buffer v0.10.4
  Downloaded clap v4.6.1
  Downloaded ciborium-io v0.2.2
  Downloaded futures-core v0.3.32
  Downloaded franken-decision v0.3.4
  Downloaded ghash v0.5.1
  Downloaded bitflags v2.11.1
  Downloaded ed25519 v2.2.3
  Downloaded nkeys v0.4.5
  Downloaded ciborium v0.2.2
  Downloaded der v0.7.10
  Downloaded equivalent v1.0.2
  Downloaded franken-evidence v0.3.4
  Downloaded futures-lite v2.6.1
  Downloaded getrandom v0.2.17
  Downloaded getrandom v0.3.4
  Downloaded num-traits v0.2.19
  Downloaded cmov v0.5.3
  Downloaded criterion v0.5.1
  Downloaded getrandom v0.4.2
  Downloaded block-buffer v0.12.0
  Downloaded memoffset v0.9.1
  Downloaded clap_lex v1.1.0
  Downloaded itoa v1.0.18
  Downloaded polyval v0.6.2
  Downloaded cipher v0.4.4
  Downloaded clap_builder v4.6.0
  Downloaded curve25519-dalek-derive v0.1.1
  Downloaded digest v0.11.2
  Downloaded hashbrown v0.16.1
  Downloaded hmac v0.12.1
  Downloaded lazy_static v1.5.0
  Downloaded zerocopy-derive v0.8.48
  Downloaded const-oid v0.9.6
  Downloaded nu-ansi-term v0.50.3
  Downloaded is-terminal v0.4.17
  Downloaded cpufeatures v0.3.0
  Downloaded crypto-common v0.1.7
  Downloaded console v0.16.3
  Downloaded generic-array v0.14.7
  Downloaded base64 v0.22.1
  Downloaded rand_core v0.6.4
  Downloaded safetensors v0.7.0
  Downloaded crypto-common v0.2.1
  Downloaded ctutils v0.4.2
  Downloaded digest v0.10.7
  Downloaded foldhash v0.2.0
  Downloaded either v1.15.0
  Downloaded lock_api v0.4.14
  Downloaded regex v1.12.3
  Downloaded fastrand v2.4.1
  Downloaded rmp-serde v1.3.1
  Downloaded sha1 v0.11.0
  Downloaded visibility v0.1.1
  Downloaded const-oid v0.10.2
  Downloaded crossbeam-epoch v0.9.18
  Downloaded memchr v2.8.0
  Downloaded libm v0.2.16
  Downloaded walkdir v2.5.0
  Downloaded ciborium-ll v0.2.2
  Downloaded smallvec v1.15.1
  Downloaded errno v0.3.14
  Downloaded futures-io v0.3.32
  Downloaded hkdf v0.12.4
  Downloaded itertools v0.10.5
  Downloaded pin-project-internal v1.1.11
  Downloaded similar v2.7.0
  Downloaded virtue-next v0.1.3
  Downloaded parking_lot v0.12.5
  Downloaded data-encoding v2.11.0
  Downloaded crossbeam-utils v0.8.21
  Downloaded hex v0.4.3
  Downloaded hybrid-array v0.4.10
  Downloaded hashbrown v0.17.0
  Downloaded half v2.7.1
  Downloaded same-file v1.0.6
  Downloaded zeroize v1.8.2
  Downloaded oorandom v11.1.5
  Downloaded subtle v2.6.1
  Downloaded log v0.4.29
  Downloaded prost-derive v0.14.4
  Downloaded matrixmultiply v0.3.10
  Downloaded insta v1.47.2
  Downloaded prost v0.14.4
  Downloaded ed25519-dalek v2.2.0
  Downloaded nix v0.31.2
  Downloaded semver v1.0.28
  Downloaded plotters-backend v0.3.7
  Downloaded plotters v0.3.7
  Downloaded curve25519-dalek v4.1.3
  Downloaded syn v2.0.117
  Downloaded tracing-attributes v0.1.31
  Downloaded rand v0.8.6
  Downloaded regex-automata v0.4.14
  Downloaded libc v0.2.185
  Downloaded signal-hook v0.4.4
  Downloaded thread_local v1.1.9
  Downloaded zeroize_derive v1.4.3
  Downloaded spki v0.7.3
  Downloaded poly1305 v0.8.0
  Downloaded rayon-core v1.13.0
  Downloaded regex-syntax v0.8.10
  Downloaded sharded-slab v0.1.7
  Downloaded rustc_version v0.4.1
  Downloaded version_check v0.9.5
  Downloaded tracing-core v0.1.36
  Downloaded serde v1.0.228
  Downloaded serde_json v1.0.149
  Downloaded signature v2.2.0
  Downloaded tinytemplate v1.2.1
  Downloaded thiserror-impl v2.0.18
  Downloaded signatory v0.27.1
  Downloaded universal-hash v0.5.1
  Downloaded signal-hook-registry v1.4.8
  Downloaded opaque-debug v0.3.1
  Downloaded once_cell v1.21.4
  Downloaded linux-raw-sys v0.12.1
  Downloaded wide v0.7.33
  Downloaded zerocopy v0.8.48
  Downloaded polling v3.11.0
  Downloaded thiserror v2.0.18
  Downloaded safe_arch v0.7.4
  Downloaded sha2 v0.11.0
  Downloaded quote v1.0.45
  Downloaded plotters-svg v0.3.7
  Downloaded rawpointer v0.2.1
  Downloaded parking v2.2.1
  Downloaded serde_derive v1.0.228
  Downloaded scopeguard v1.2.0
  Downloaded unty-next v0.1.1
  Downloaded sha2 v0.10.9
  Downloaded slab v0.4.12
  Downloaded zmij v1.0.21
  Downloaded rand_chacha v0.3.1
  Downloaded tracing-log v0.2.0
  Downloaded pkcs8 v0.10.2
  Downloaded tempfile v3.27.0
  Downloaded unicode-ident v1.0.24
  Downloaded socket2 v0.6.3
  Downloaded parking_lot_core v0.9.12
  Downloaded serde_core v1.0.228
  Downloaded typenum v1.20.0
  Downloaded tracing-subscriber v0.3.23
  Downloaded rustix v1.1.4
  Downloaded asupersync v0.3.4
  Downloaded tracing v0.1.44
   Compiling proc-macro2 v1.0.106
   Compiling quote v1.0.45
   Compiling unicode-ident v1.0.24
    Checking cfg-if v1.0.4
   Compiling libc v0.2.185
    Checking typenum v1.20.0
   Compiling version_check v0.9.5
   Compiling autocfg v1.5.0
   Compiling zerocopy v0.8.48
    Checking subtle v2.6.1
   Compiling serde_core v1.0.228
   Compiling crossbeam-utils v0.8.21
    Checking cpufeatures v0.2.17
   Compiling serde v1.0.228
   Compiling rayon-core v1.13.0
    Checking either v1.15.0
   Compiling zmij v1.0.21
   Compiling serde_json v1.0.149
    Checking memchr v2.8.0
    Checking once_cell v1.21.4
    Checking base64ct v1.8.3
    Checking itoa v1.0.18
   Compiling semver v1.0.28
    Checking cmov v0.5.3
   Compiling generic-array v0.14.7
    Checking opaque-debug v0.3.1
   Compiling libm v0.2.16
   Compiling rustix v1.1.4
    Checking bitflags v2.11.1
   Compiling num-traits v0.2.19
   Compiling matrixmultiply v0.3.10
    Checking const-oid v0.9.6
    Checking pem-rfc7468 v0.7.0
   Compiling rustc_version v0.4.1
    Checking ctutils v0.4.2
   Compiling getrandom v0.3.4
    Checking const-oid v0.10.2
    Checking linux-raw-sys v0.12.1
   Compiling anyhow v1.0.102
    Checking rawpointer v0.2.1
   Compiling memoffset v0.9.1
    Checking tracing-core v0.1.36
    Checking crossbeam-epoch v0.9.18
    Checking allocator-api2 v0.2.21
   Compiling curve25519-dalek v4.1.3
   Compiling cfg_aliases v0.2.1
    Checking fastrand v2.4.1
    Checking equivalent v1.0.2
    Checking crossbeam-deque v0.8.6
    Checking smallvec v1.15.1
   Compiling syn v2.0.117
    Checking hybrid-array v0.4.10
   Compiling parking_lot_core v0.9.12
    Checking log v0.4.29
    Checking foldhash v0.2.0
   Compiling nix v0.31.2
   Compiling itertools v0.10.5
    Checking lazy_static v1.5.0
   Compiling virtue-next v0.1.3
   Compiling thiserror v2.0.18
   Compiling crc32fast v1.5.0
    Checking scopeguard v1.2.0
    Checking num-complex v0.4.6
    Checking cpufeatures v0.3.0
   Compiling signal-hook v0.4.4
   Compiling getrandom v0.4.2
    Checking pin-project-lite v0.2.17
    Checking block-buffer v0.10.4
    Checking rayon v1.12.0
    Checking inout v0.1.4
    Checking lock_api v0.4.14
    Checking rmp v0.8.15
    Checking tracing-log v0.2.0
    Checking block-buffer v0.12.0
    Checking crypto-common v0.2.1
    Checking sharded-slab v0.1.7
    Checking thread_local v1.1.9
    Checking futures-io v0.3.32
    Checking clap_lex v1.1.0
    Checking unty-next v0.1.1
    Checking anstyle v1.0.14
    Checking bytes v1.11.1
    Checking regex-syntax v0.8.10
    Checking data-encoding v2.11.0
    Checking plotters-backend v0.3.7
    Checking futures-core v0.3.32
    Checking parking v2.2.1
    Checking nu-ansi-term v0.50.3
    Checking ciborium-io v0.2.2
    Checking clap_builder v4.6.0
   Compiling bincode_derive-next v2.1.0
    Checking getrandom v0.2.17
    Checking errno v0.3.14
    Checking futures-lite v2.6.1
    Checking tracing-subscriber v0.3.23
    Checking rand_core v0.6.4
    Checking signal-hook-registry v1.4.8
    Checking socket2 v0.6.3
    Checking digest v0.11.2
    Checking parking_lot v0.12.5
    Checking crypto-common v0.1.7
    Checking sha2 v0.11.0
    Checking digest v0.10.7
    Checking universal-hash v0.5.1
    Checking aead v0.5.2
    Checking hashbrown v0.16.1
    Checking polyval v0.6.2
    Checking signature v2.2.0
    Checking sha2 v0.10.9
    Checking hmac v0.12.1
    Checking poly1305 v0.8.0
    Checking regex-automata v0.4.14
    Checking ed25519 v2.2.3
    Checking ghash v0.5.1
    Checking hkdf v0.12.4
    Checking hmac v0.13.0
    Checking sha1 v0.11.0
    Checking plotters-svg v0.3.7
    Checking hashbrown v0.17.0
    Checking crossbeam-queue v0.3.12
    Checking hex v0.4.3
    Checking slab v0.4.12
    Checking cast v0.3.0
    Checking base64 v0.22.1
    Checking same-file v1.0.6
    Checking plotters v0.3.7
    Checking console v0.16.3
    Checking is-terminal v0.4.17
    Checking similar v2.7.0
    Checking oorandom v11.1.5
    Checking walkdir v2.5.0
    Checking sysinfo v0.33.1
    Checking anes v0.1.6
    Checking tempfile v3.27.0
    Checking polling v3.11.0
    Checking clap v4.6.1
    Checking insta v1.47.2
    Checking criterion-plot v0.5.0
    Checking regex v1.12.3
   Compiling zerocopy-derive v0.8.48
   Compiling bytemuck_derive v1.10.2
   Compiling zeroize_derive v1.4.3
   Compiling serde_derive v1.0.228
   Compiling curve25519-dalek-derive v0.1.1
   Compiling pin-project-internal v1.1.11
   Compiling tracing-attributes v0.1.31
   Compiling thiserror-impl v2.0.18
   Compiling prost-derive v0.14.4
   Compiling visibility v0.1.1
    Checking zeroize v1.8.2
    Checking cipher v0.4.4
    Checking der v0.7.10
    Checking aes v0.8.4
    Checking ctr v0.9.2
    Checking chacha20 v0.9.1
    Checking chacha20poly1305 v0.10.1
    Checking bytemuck v1.25.0
    Checking pin-project v1.1.11
    Checking tracing v0.1.44
    Checking safe_arch v0.7.4
    Checking ed25519-dalek v2.2.0
    Checking aes-gcm v0.10.3
    Checking prost v0.14.4
    Checking spki v0.7.3
    Checking wide v0.7.33
    Checking pkcs8 v0.10.2
    Checking signatory v0.27.1
    Checking franken-evidence v0.3.4
    Checking franken-kernel v0.3.4
    Checking rmp-serde v1.3.1
    Checking bincode-next v2.1.0
    Checking safetensors v0.7.0
    Checking tinytemplate v1.2.1
    Checking franken-decision v0.3.4
    Checking half v2.7.1
    Checking ppv-lite86 v0.2.21
    Checking ft-core v0.1.0 (/data/projects/frankentorch/crates/ft-core)
    Checking ciborium-ll v0.2.2
    Checking rand_chacha v0.3.1
    Checking ciborium v0.2.2
    Checking rand v0.8.6
    Checking ft-kernel-cpu v0.1.0 (/data/projects/frankentorch/crates/ft-kernel-cpu)
    Checking ft-runtime v0.1.0 (/data/projects/frankentorch/crates/ft-runtime)
    Checking criterion v0.5.1
    Checking nkeys v0.4.5
    Checking asupersync v0.3.4
    Checking ft-dispatch v0.1.0 (/data/projects/frankentorch/crates/ft-dispatch)
    Checking ft-autograd v0.1.0 (/data/projects/frankentorch/crates/ft-autograd)
    Checking ft-api v0.1.0 (/data/projects/frankentorch/crates/ft-api)
    Checking ft-nn v0.1.0 (/data/projects/frankentorch/crates/ft-nn)
    Checking ft-serialize v0.1.0 (/data/projects/frankentorch/crates/ft-serialize)
warning: constant `INTER` is never used
  --> crates/ft-nn/examples/bert_rerank_spike.rs:17:7
   |
17 | const INTER: usize = 1536;
   |       ^^^^^
   |
   = note: `#[warn(dead_code)]` (part of `#[warn(unused)]`) on by default

warning: `ft-nn` (example "bert_rerank_spike") generated 1 warning
    Finished `dev` profile [unoptimized + debuginfo] target(s) in 1m 09s
  [2m2026-06-24T22:29:29.930556Z[0m [32m INFO[0m [1;32mrch::hook::transfer_orchestration[0m[32m: [32mRemote command finished: exit=0 in 70821ms[0m
    [2;3mat[0m rch/src/hook/transfer_orchestration.rs:653 [2;3mon[0m ThreadId(1)

  [2m2026-06-24T22:29:29.930821Z[0m [32m INFO[0m [1;32mrch::hook::transfer_orchestration[0m[32m: [32mRetrieving build artifacts...[0m
    [2;3mat[0m rch/src/hook/transfer_orchestration.rs:702 [2;3mon[0m ThreadId(1)

  [2m2026-06-24T22:29:29.930844Z[0m [32m INFO[0m [1;32mrch::transfer[0m[32m: [32mRetrieving artifacts from /data/projects/frankentorch on ovh-a[0m
    [2;3mat[0m rch/src/transfer.rs:2246 [2;3mon[0m ThreadId(1)

  [2m2026-06-24T22:29:30.693890Z[0m [32m INFO[0m [1;32mrch::transfer[0m[32m: [32mArtifacts retrieved in 763ms (1 files, 1859 bytes)[0m
    [2;3mat[0m rch/src/transfer.rs:2301 [2;3mon[0m ThreadId(1)

  [2m2026-06-24T22:29:30.693928Z[0m [32m INFO[0m [1;32mrch::hook::transfer_orchestration[0m[32m: [32mArtifacts retrieved: 1 files, 1859 bytes in 763ms[0m
    [2;3mat[0m rch/src/hook/transfer_orchestration.rs:735 [2;3mon[0m ThreadId(1)

[RCH] remote ovh-a (85.0s)
