  [2m2026-06-11T02:15:43.234363Z[0m [32m INFO[0m [1;32mrch::hook[0m[32m: [32mSelected worker: vmi1227854 at root@109.123.245.77 (1 slots remaining after reservation, speed 50.0)[0m
    [2;3mat[0m rch/src/hook.rs:514 [2;3mon[0m ThreadId(1)

  [2m2026-06-11T02:15:43.605400Z[0m [32m INFO[0m [1;32mrch::hook[0m[32m: [32mStarting remote compilation pipeline for frankentorch (hash: 3d6dc0f5ca5d2899)[0m
    [2;3mat[0m rch/src/hook.rs:5994 [2;3mon[0m ThreadId(1)

  [2m2026-06-11T02:15:43.605449Z[0m [32m INFO[0m [1;32mrch::hook[0m[32m: [32mPrepared dependency sync manifest for 13 roots[0m
    [2;3mat[0m rch/src/hook.rs:6016 [2;3mon[0m ThreadId(1)

  [2m2026-06-11T02:15:45.360370Z[0m [32m INFO[0m [1;32mrch::hook[0m[32m: [32mSyncing project to worker vmi1227854...[0m
    [2;3mat[0m rch/src/hook.rs:6046 [2;3mon[0m ThreadId(1)

  [2m2026-06-11T02:15:45.360458Z[0m [32m INFO[0m [1;32mrch::transfer[0m[32m: [32mSyncing /data/projects/frankentorch -> /data/projects/frankentorch on vmi1227854[0m
    [2;3mat[0m rch/src/transfer.rs:1434 [2;3mon[0m ThreadId(1)

  [2m2026-06-11T02:15:52.704881Z[0m [32m INFO[0m [1;32mrch::transfer[0m[32m: [32mSync completed in 7344ms[0m
    [2;3mat[0m rch/src/transfer.rs:1503 [2;3mon[0m ThreadId(1)

  [2m2026-06-11T02:15:52.705045Z[0m [32m INFO[0m [1;32mrch::transfer[0m[32m: [32mSyncing /data/projects/frankentorch/crates/ft-api -> /data/projects/frankentorch/crates/ft-api on vmi1227854[0m
    [2;3mat[0m rch/src/transfer.rs:1434 [2;3mon[0m ThreadId(1)

  [2m2026-06-11T02:15:54.550433Z[0m [32m INFO[0m [1;32mrch::transfer[0m[32m: [32mSync completed in 1845ms[0m
    [2;3mat[0m rch/src/transfer.rs:1503 [2;3mon[0m ThreadId(1)

  [2m2026-06-11T02:15:54.550543Z[0m [32m INFO[0m [1;32mrch::transfer[0m[32m: [32mSyncing /data/projects/frankentorch/crates/ft-autograd -> /data/projects/frankentorch/crates/ft-autograd on vmi1227854[0m
    [2;3mat[0m rch/src/transfer.rs:1434 [2;3mon[0m ThreadId(1)

  [2m2026-06-11T02:15:56.402603Z[0m [32m INFO[0m [1;32mrch::transfer[0m[32m: [32mSync completed in 1852ms[0m
    [2;3mat[0m rch/src/transfer.rs:1503 [2;3mon[0m ThreadId(1)

  [2m2026-06-11T02:15:56.402735Z[0m [32m INFO[0m [1;32mrch::transfer[0m[32m: [32mSyncing /data/projects/frankentorch/crates/ft-conformance -> /data/projects/frankentorch/crates/ft-conformance on vmi1227854[0m
    [2;3mat[0m rch/src/transfer.rs:1434 [2;3mon[0m ThreadId(1)

  [2m2026-06-11T02:15:58.294659Z[0m [32m INFO[0m [1;32mrch::transfer[0m[32m: [32mSync completed in 1891ms[0m
    [2;3mat[0m rch/src/transfer.rs:1503 [2;3mon[0m ThreadId(1)

  [2m2026-06-11T02:15:58.294838Z[0m [32m INFO[0m [1;32mrch::transfer[0m[32m: [32mSyncing /data/projects/frankentorch/crates/ft-core -> /data/projects/frankentorch/crates/ft-core on vmi1227854[0m
    [2;3mat[0m rch/src/transfer.rs:1434 [2;3mon[0m ThreadId(1)

  [2m2026-06-11T02:16:00.185808Z[0m [32m INFO[0m [1;32mrch::transfer[0m[32m: [32mSync completed in 1890ms[0m
    [2;3mat[0m rch/src/transfer.rs:1503 [2;3mon[0m ThreadId(1)

  [2m2026-06-11T02:16:00.185924Z[0m [32m INFO[0m [1;32mrch::transfer[0m[32m: [32mSyncing /data/projects/frankentorch/crates/ft-data -> /data/projects/frankentorch/crates/ft-data on vmi1227854[0m
    [2;3mat[0m rch/src/transfer.rs:1434 [2;3mon[0m ThreadId(1)

  [2m2026-06-11T02:16:02.053816Z[0m [32m INFO[0m [1;32mrch::transfer[0m[32m: [32mSync completed in 1867ms[0m
    [2;3mat[0m rch/src/transfer.rs:1503 [2;3mon[0m ThreadId(1)

  [2m2026-06-11T02:16:02.053936Z[0m [32m INFO[0m [1;32mrch::transfer[0m[32m: [32mSyncing /data/projects/frankentorch/crates/ft-device -> /data/projects/frankentorch/crates/ft-device on vmi1227854[0m
    [2;3mat[0m rch/src/transfer.rs:1434 [2;3mon[0m ThreadId(1)

  [2m2026-06-11T02:16:03.924646Z[0m [32m INFO[0m [1;32mrch::transfer[0m[32m: [32mSync completed in 1870ms[0m
    [2;3mat[0m rch/src/transfer.rs:1503 [2;3mon[0m ThreadId(1)

  [2m2026-06-11T02:16:03.924765Z[0m [32m INFO[0m [1;32mrch::transfer[0m[32m: [32mSyncing /data/projects/frankentorch/crates/ft-dispatch -> /data/projects/frankentorch/crates/ft-dispatch on vmi1227854[0m
    [2;3mat[0m rch/src/transfer.rs:1434 [2;3mon[0m ThreadId(1)

  [2m2026-06-11T02:16:05.783801Z[0m [32m INFO[0m [1;32mrch::transfer[0m[32m: [32mSync completed in 1859ms[0m
    [2;3mat[0m rch/src/transfer.rs:1503 [2;3mon[0m ThreadId(1)

  [2m2026-06-11T02:16:05.783942Z[0m [32m INFO[0m [1;32mrch::transfer[0m[32m: [32mSyncing /data/projects/frankentorch/crates/ft-kernel-cpu -> /data/projects/frankentorch/crates/ft-kernel-cpu on vmi1227854[0m
    [2;3mat[0m rch/src/transfer.rs:1434 [2;3mon[0m ThreadId(1)

  [2m2026-06-11T02:16:07.663539Z[0m [32m INFO[0m [1;32mrch::transfer[0m[32m: [32mSync completed in 1879ms[0m
    [2;3mat[0m rch/src/transfer.rs:1503 [2;3mon[0m ThreadId(1)

  [2m2026-06-11T02:16:07.663712Z[0m [32m INFO[0m [1;32mrch::transfer[0m[32m: [32mSyncing /data/projects/frankentorch/crates/ft-nn -> /data/projects/frankentorch/crates/ft-nn on vmi1227854[0m
    [2;3mat[0m rch/src/transfer.rs:1434 [2;3mon[0m ThreadId(1)

  [2m2026-06-11T02:16:09.521652Z[0m [32m INFO[0m [1;32mrch::transfer[0m[32m: [32mSync completed in 1857ms[0m
    [2;3mat[0m rch/src/transfer.rs:1503 [2;3mon[0m ThreadId(1)

  [2m2026-06-11T02:16:09.521774Z[0m [32m INFO[0m [1;32mrch::transfer[0m[32m: [32mSyncing /data/projects/frankentorch/crates/ft-optim -> /data/projects/frankentorch/crates/ft-optim on vmi1227854[0m
    [2;3mat[0m rch/src/transfer.rs:1434 [2;3mon[0m ThreadId(1)

  [2m2026-06-11T02:16:11.367809Z[0m [32m INFO[0m [1;32mrch::transfer[0m[32m: [32mSync completed in 1846ms[0m
    [2;3mat[0m rch/src/transfer.rs:1503 [2;3mon[0m ThreadId(1)

  [2m2026-06-11T02:16:11.367951Z[0m [32m INFO[0m [1;32mrch::transfer[0m[32m: [32mSyncing /data/projects/frankentorch/crates/ft-runtime -> /data/projects/frankentorch/crates/ft-runtime on vmi1227854[0m
    [2;3mat[0m rch/src/transfer.rs:1434 [2;3mon[0m ThreadId(1)

  [2m2026-06-11T02:16:13.214544Z[0m [32m INFO[0m [1;32mrch::transfer[0m[32m: [32mSync completed in 1846ms[0m
    [2;3mat[0m rch/src/transfer.rs:1503 [2;3mon[0m ThreadId(1)

  [2m2026-06-11T02:16:13.214696Z[0m [32m INFO[0m [1;32mrch::transfer[0m[32m: [32mSyncing /data/projects/frankentorch/crates/ft-serialize -> /data/projects/frankentorch/crates/ft-serialize on vmi1227854[0m
    [2;3mat[0m rch/src/transfer.rs:1434 [2;3mon[0m ThreadId(1)

  [2m2026-06-11T02:16:15.064839Z[0m [32m INFO[0m [1;32mrch::transfer[0m[32m: [32mSync completed in 1850ms[0m
    [2;3mat[0m rch/src/transfer.rs:1503 [2;3mon[0m ThreadId(1)

  [2m2026-06-11T02:16:15.064892Z[0m [32m INFO[0m [1;32mrch::hook[0m[32m: [32mSync complete: 51533 files, 1839515 bytes in 29696ms[0m
    [2;3mat[0m rch/src/hook.rs:6209 [2;3mon[0m ThreadId(1)

  [2m2026-06-11T02:16:19.162305Z[0m [32m INFO[0m [1;32mrch::hook[0m[32m: [32mExecuting command remotely: cargo clippy -j 1 -p ft-kernel-cpu --all-targets -- -D warnings[0m
    [2;3mat[0m rch/src/hook.rs:6252 [2;3mon[0m ThreadId(1)

  [2m2026-06-11T02:16:19.162367Z[0m [32m INFO[0m [1;32mrch::transfer[0m[32m: [32mRewriting CARGO_TARGET_DIR for remote execution (worker-scoped path): /data/tmp/cargo-target -> /data/projects/frankentorch/.rch-target-vmi1227854-job-29879662679165791-1781144145360363105-0[0m
    [2;3mat[0m rch/src/transfer.rs:712 [2;3mon[0m ThreadId(1)

    Updating crates.io index
 Downloading crates ...
  Downloaded bit-set v0.8.0
  Downloaded autocfg v1.5.0
  Downloaded bit-vec v0.8.0
  Downloaded anes v0.1.6
  Downloaded anstyle v1.0.14
  Downloaded is-terminal v0.4.17
  Downloaded aho-corasick v1.1.4
  Downloaded getrandom v0.3.4
  Downloaded half v2.7.1
  Downloaded insta v1.47.2
  Downloaded rusty-fork v0.3.1
  Downloaded plotters-backend v0.3.7
  Downloaded quick-error v1.2.3
  Downloaded wait-timeout v0.2.1
  Downloaded fnv v1.0.7
  Downloaded ciborium-io v0.2.2
  Downloaded tempfile v3.27.0
  Downloaded ciborium-ll v0.2.2
  Downloaded plotters-svg v0.3.7
  Downloaded rawpointer v0.2.1
  Downloaded unarray v0.1.4
  Downloaded cfg-if v1.0.4
  Downloaded tinytemplate v1.2.1
  Downloaded rand_xorshift v0.4.0
  Downloaded cast v0.3.0
  Downloaded same-file v1.0.6
  Downloaded serde_derive v1.0.228
  Downloaded bytemuck_derive v1.10.2
  Downloaded clap_lex v1.1.0
  Downloaded errno v0.3.14
  Downloaded num-complex v0.4.6
  Downloaded oorandom v11.1.5
  Downloaded either v1.15.0
  Downloaded itoa v1.0.18
  Downloaded walkdir v2.5.0
  Downloaded criterion-plot v0.5.0
  Downloaded zmij v1.0.21
  Downloaded crossbeam-deque v0.8.6
  Downloaded fastrand v2.4.1
  Downloaded ciborium v0.2.2
  Downloaded once_cell v1.21.4
  Downloaded ppv-lite86 v0.2.21
  Downloaded proc-macro2 v1.0.106
  Downloaded rand_chacha v0.9.0
  Downloaded rand_core v0.9.5
  Downloaded quote v1.0.45
  Downloaded matrixmultiply v0.3.10
  Downloaded plotters v0.3.7
  Downloaded similar v2.7.0
  Downloaded unicode-ident v1.0.24
  Downloaded zerocopy-derive v0.8.48
  Downloaded bitflags v2.11.1
  Downloaded clap v4.6.1
  Downloaded console v0.16.3
  Downloaded crossbeam-utils v0.8.21
  Downloaded num-traits v0.2.19
  Downloaded crossbeam-epoch v0.9.18
  Downloaded safe_arch v0.7.4
  Downloaded wide v0.7.33
  Downloaded serde v1.0.228
  Downloaded serde_core v1.0.228
  Downloaded bytemuck v1.25.0
  Downloaded regex v1.12.3
  Downloaded rayon-core v1.13.0
  Downloaded rand v0.9.4
  Downloaded memchr v2.8.0
  Downloaded criterion v0.5.1
  Downloaded itertools v0.10.5
  Downloaded clap_builder v4.6.0
  Downloaded serde_json v1.0.149
  Downloaded libm v0.2.16
  Downloaded rayon v1.12.0
  Downloaded proptest v1.11.0
  Downloaded syn v2.0.117
  Downloaded zerocopy v0.8.48
  Downloaded regex-syntax v0.8.10
  Downloaded rustix v1.1.4
  Downloaded regex-automata v0.4.14
  Downloaded libc v0.2.185
  Downloaded linux-raw-sys v0.12.1
   Compiling proc-macro2 v1.0.106
   Compiling unicode-ident v1.0.24
   Compiling quote v1.0.45
   Compiling syn v2.0.117
    Checking cfg-if v1.0.4
   Compiling libc v0.2.185
   Compiling autocfg v1.5.0
   Compiling zerocopy v0.8.48
   Compiling zerocopy-derive v0.8.48
   Compiling getrandom v0.3.4
   Compiling bytemuck_derive v1.10.2
    Checking bytemuck v1.25.0
   Compiling num-traits v0.2.19
   Compiling crossbeam-utils v0.8.21
   Compiling serde_core v1.0.228
   Compiling rustix v1.1.4
    Checking crossbeam-epoch v0.9.18
    Checking half v2.7.1
   Compiling zmij v1.0.21
    Checking linux-raw-sys v0.12.1
    Checking bitflags v2.11.1
   Compiling rayon-core v1.13.0
    Checking either v1.15.0
    Checking once_cell v1.21.4
   Compiling serde v1.0.228
    Checking crossbeam-deque v0.8.6
    Checking rand_core v0.9.5
   Compiling serde_derive v1.0.228
    Checking fastrand v2.4.1
    Checking regex-syntax v0.8.10
   Compiling serde_json v1.0.149
    Checking tempfile v3.27.0
   Compiling matrixmultiply v0.3.10
    Checking itoa v1.0.18
   Compiling libm v0.2.16
    Checking clap_lex v1.1.0
    Checking plotters-backend v0.3.7
    Checking ciborium-io v0.2.2
    Checking memchr v2.8.0
    Checking anstyle v1.0.14
    Checking clap_builder v4.6.0
    Checking ciborium-ll v0.2.2
    Checking plotters-svg v0.3.7
    Checking rayon v1.12.0
    Checking regex-automata v0.4.14
    Checking itertools v0.10.5
    Checking num-complex v0.4.6
    Checking safe_arch v0.7.4
    Checking ppv-lite86 v0.2.21
    Checking wait-timeout v0.2.1
    Checking rawpointer v0.2.1
    Checking same-file v1.0.6
    Checking fnv v1.0.7
    Checking bit-vec v0.8.0
    Checking cast v0.3.0
    Checking quick-error v1.2.3
    Checking rusty-fork v0.3.1
    Checking criterion-plot v0.5.0
    Checking bit-set v0.8.0
    Checking walkdir v2.5.0
    Checking rand_chacha v0.9.0
    Checking wide v0.7.33
    Checking ft-core v0.1.0 (/data/projects/frankentorch/crates/ft-core)
    Checking regex v1.12.3
    Checking plotters v0.3.7
    Checking ciborium v0.2.2
    Checking tinytemplate v1.2.1
    Checking clap v4.6.1
    Checking rand_xorshift v0.4.0
    Checking rand v0.9.4
    Checking is-terminal v0.4.17
    Checking console v0.16.3
    Checking unarray v0.1.4
    Checking oorandom v11.1.5
    Checking anes v0.1.6
    Checking similar v2.7.0
    Checking insta v1.47.2
    Checking criterion v0.5.1
    Checking proptest v1.11.0
    Checking ft-kernel-cpu v0.1.0 (/data/projects/frankentorch/crates/ft-kernel-cpu)
    Finished `dev` profile [unoptimized + debuginfo] target(s) in 45.30s
  [2m2026-06-11T02:17:06.241917Z[0m [32m INFO[0m [1;32mrch::hook[0m[32m: [32mRemote command finished: exit=0 in 47079ms[0m
    [2;3mat[0m rch/src/hook.rs:6376 [2;3mon[0m ThreadId(1)

  [2m2026-06-11T02:17:06.242238Z[0m [32m INFO[0m [1;32mrch::hook[0m[32m: [32mRetrieving build artifacts...[0m
    [2;3mat[0m rch/src/hook.rs:6425 [2;3mon[0m ThreadId(1)

  [2m2026-06-11T02:17:06.242259Z[0m [32m INFO[0m [1;32mrch::transfer[0m[32m: [32mRetrieving artifacts from /data/projects/frankentorch on vmi1227854[0m
    [2;3mat[0m rch/src/transfer.rs:2106 [2;3mon[0m ThreadId(1)

  [2m2026-06-11T02:17:08.218483Z[0m [32m INFO[0m [1;32mrch::transfer[0m[32m: [32mArtifacts retrieved in 1976ms (5 files, 1709 bytes)[0m
    [2;3mat[0m rch/src/transfer.rs:2145 [2;3mon[0m ThreadId(1)

  [2m2026-06-11T02:17:08.218524Z[0m [32m INFO[0m [1;32mrch::hook[0m[32m: [32mArtifacts retrieved: 5 files, 1709 bytes in 1976ms[0m
    [2;3mat[0m rch/src/hook.rs:6458 [2;3mon[0m ThreadId(1)

  [2m2026-06-11T02:17:08.218626Z[0m [32m INFO[0m [1;32mrch::transfer[0m[32m: [32mRetrieving artifacts from /data/projects/frankentorch/.rch-target-vmi1227854-job-29879662679165791-1781144145360363105-0 on vmi1227854[0m
    [2;3mat[0m rch/src/transfer.rs:2106 [2;3mon[0m ThreadId(1)

  [2m2026-06-11T02:17:12.278052Z[0m [32m INFO[0m [1;32mrch::transfer[0m[32m: [32mArtifacts retrieved in 4059ms (1110 files, 775788 bytes)[0m
    [2;3mat[0m rch/src/transfer.rs:2145 [2;3mon[0m ThreadId(1)

  [2m2026-06-11T02:17:12.278085Z[0m [32m INFO[0m [1;32mrch::hook[0m[32m: [32mCustom CARGO_TARGET_DIR artifacts retrieved: 1110 files, 775788 bytes in 4059ms[0m
    [2;3mat[0m rch/src/hook.rs:6582 [2;3mon[0m ThreadId(1)

[RCH] remote vmi1227854 (89.0s)
