   Compiling ft-core v0.1.0 (/data/projects/.scratch/frankentorch-kgs4.121-baseline-20260619T0324/crates/ft-core)
   Compiling ft-kernel-cpu v0.1.0 (/data/projects/.scratch/frankentorch-kgs4.121-baseline-20260619T0324/crates/ft-kernel-cpu)
   Compiling ft-runtime v0.1.0 (/data/projects/.scratch/frankentorch-kgs4.121-baseline-20260619T0324/crates/ft-runtime)
   Compiling ft-dispatch v0.1.0 (/data/projects/.scratch/frankentorch-kgs4.121-baseline-20260619T0324/crates/ft-dispatch)
   Compiling ft-autograd v0.1.0 (/data/projects/.scratch/frankentorch-kgs4.121-baseline-20260619T0324/crates/ft-autograd)
   Compiling ft-api v0.1.0 (/data/projects/.scratch/frankentorch-kgs4.121-baseline-20260619T0324/crates/ft-api)
    Finished `bench` profile [optimized + debuginfo] target(s) in 50.54s
     Running benches/pytorch_gauntlet_bench.rs (/data/projects/.rch-targets/frankentorch-cod-a/release/deps/pytorch_gauntlet_bench-5f2ebc2fd9ddf042)
Gnuplot not found, using plotters backend
Benchmarking gauntlet_linear_train_hidden_2048/frankentorch_kgs4_121
Benchmarking gauntlet_linear_train_hidden_2048/frankentorch_kgs4_121: Warming up for 1.0000 s
Benchmarking gauntlet_linear_train_hidden_2048/frankentorch_kgs4_121: Collecting 10 samples in estimated 3.8966 s (165 iterations)
Benchmarking gauntlet_linear_train_hidden_2048/frankentorch_kgs4_121: Analyzing
gauntlet_linear_train_hidden_2048/frankentorch_kgs4_121
                        time:   [16.579 ms 21.494 ms 27.094 ms]
                        change: [-31.539% -12.486% +4.5496%] (p = 0.18 > 0.05)
                        No change in performance detected.
Benchmarking gauntlet_linear_train_hidden_2048/pytorch_2_12_cpu
Benchmarking gauntlet_linear_train_hidden_2048/pytorch_2_12_cpu: Warming up for 1.0000 s

Warning: Unable to complete 10 samples in 3.0s. You may wish to increase target time to 13.5s.
Benchmarking gauntlet_linear_train_hidden_2048/pytorch_2_12_cpu: Collecting 10 samples in estimated 13.453 s (10 iterations)
Benchmarking gauntlet_linear_train_hidden_2048/pytorch_2_12_cpu: Analyzing
gauntlet_linear_train_hidden_2048/pytorch_2_12_cpu
                        time:   [5.7143 ms 8.6461 ms 12.127 ms]
                        change: [-43.278% -11.707% +32.652%] (p = 0.60 > 0.05)
                        No change in performance detected.
Found 1 outliers among 10 measurements (10.00%)
  1 (10.00%) high mild
