   Compiling ft-kernel-cpu v0.1.0 (/data/projects/frankentorch/crates/ft-kernel-cpu)
   Compiling ft-dispatch v0.1.0 (/data/projects/frankentorch/crates/ft-dispatch)
   Compiling ft-autograd v0.1.0 (/data/projects/frankentorch/crates/ft-autograd)
   Compiling ft-api v0.1.0 (/data/projects/frankentorch/crates/ft-api)
    Finished `bench` profile [optimized + debuginfo] target(s) in 45.55s
     Running benches/pytorch_gauntlet_bench.rs (/data/projects/.rch-targets/frankentorch-cod-a/release/deps/pytorch_gauntlet_bench-5f2ebc2fd9ddf042)
Gnuplot not found, using plotters backend
Benchmarking gauntlet_linear_train_hidden_2048/frankentorch_kgs4_121
Benchmarking gauntlet_linear_train_hidden_2048/frankentorch_kgs4_121: Warming up for 1.0000 s
Benchmarking gauntlet_linear_train_hidden_2048/frankentorch_kgs4_121: Collecting 10 samples in estimated 3.7840 s (165 iterations)
Benchmarking gauntlet_linear_train_hidden_2048/frankentorch_kgs4_121: Analyzing
gauntlet_linear_train_hidden_2048/frankentorch_kgs4_121
                        time:   [22.273 ms 22.775 ms 23.039 ms]
                        change: [-28.969% -26.704% -24.261%] (p = 0.00 < 0.05)
                        Performance has improved.
Benchmarking gauntlet_linear_train_hidden_2048/pytorch_2_12_cpu
Benchmarking gauntlet_linear_train_hidden_2048/pytorch_2_12_cpu: Warming up for 1.0000 s

Warning: Unable to complete 10 samples in 3.0s. You may wish to increase target time to 12.7s.
Benchmarking gauntlet_linear_train_hidden_2048/pytorch_2_12_cpu: Collecting 10 samples in estimated 12.703 s (10 iterations)
Benchmarking gauntlet_linear_train_hidden_2048/pytorch_2_12_cpu: Analyzing
gauntlet_linear_train_hidden_2048/pytorch_2_12_cpu
                        time:   [7.5579 ms 9.2821 ms 11.205 ms]
                        change: [-33.613% -5.7574% +38.032%] (p = 0.76 > 0.05)
                        No change in performance detected.
