  [2m2026-06-20T10:56:54.046307Z[0m [32m INFO[0m [1;32mrch::hook[0m[32m: [32mSelected worker: vmi1156319 at root@178.18.254.243 (1 slots remaining after reservation, speed 50.0)[0m
    [2;3mat[0m rch/src/hook.rs:921 [2;3mon[0m ThreadId(1)

  [2m2026-06-20T10:56:54.311789Z[0m [32m INFO[0m [1;32mrch::hook::transfer_orchestration[0m[32m: [32mStarting remote compilation pipeline for frankentorch (hash: dbca29276fa80333)[0m
    [2;3mat[0m rch/src/hook/transfer_orchestration.rs:241 [2;3mon[0m ThreadId(1)

  [2m2026-06-20T10:56:54.311840Z[0m [32m INFO[0m [1;32mrch::hook::transfer_orchestration[0m[32m: [32mPrepared dependency sync manifest for 13 roots[0m
    [2;3mat[0m rch/src/hook/transfer_orchestration.rs:263 [2;3mon[0m ThreadId(1)

  [2m2026-06-20T10:56:56.094624Z[0m [32m INFO[0m [1;32mrch::hook::transfer_orchestration[0m[32m: [32mSyncing project to worker vmi1156319...[0m
    [2;3mat[0m rch/src/hook/transfer_orchestration.rs:323 [2;3mon[0m ThreadId(1)

  [2m2026-06-20T10:56:56.094691Z[0m [32m INFO[0m [1;32mrch::transfer[0m[32m: [32mSyncing /data/projects/frankentorch -> /data/projects/frankentorch on vmi1156319[0m
    [2;3mat[0m rch/src/transfer.rs:1528 [2;3mon[0m ThreadId(1)

  [2m2026-06-20T10:57:04.883877Z[0m [32m INFO[0m [1;32mrch::transfer[0m[32m: [32mSync completed in 8789ms[0m
    [2;3mat[0m rch/src/transfer.rs:1592 [2;3mon[0m ThreadId(1)

  [2m2026-06-20T10:57:04.883983Z[0m [32m INFO[0m [1;32mrch::transfer[0m[32m: [32mSyncing /data/projects/frankentorch/crates/ft-api -> /data/projects/frankentorch/crates/ft-api on vmi1156319[0m
    [2;3mat[0m rch/src/transfer.rs:1528 [2;3mon[0m ThreadId(1)

  [2m2026-06-20T10:57:07.034855Z[0m [32m INFO[0m [1;32mrch::transfer[0m[32m: [32mSync completed in 2150ms[0m
    [2;3mat[0m rch/src/transfer.rs:1592 [2;3mon[0m ThreadId(1)

  [2m2026-06-20T10:57:07.034927Z[0m [32m INFO[0m [1;32mrch::transfer[0m[32m: [32mSyncing /data/projects/frankentorch/crates/ft-autograd -> /data/projects/frankentorch/crates/ft-autograd on vmi1156319[0m
    [2;3mat[0m rch/src/transfer.rs:1528 [2;3mon[0m ThreadId(1)

  [2m2026-06-20T10:57:08.994102Z[0m [32m INFO[0m [1;32mrch::transfer[0m[32m: [32mSync completed in 1959ms[0m
    [2;3mat[0m rch/src/transfer.rs:1592 [2;3mon[0m ThreadId(1)

  [2m2026-06-20T10:57:08.994180Z[0m [32m INFO[0m [1;32mrch::transfer[0m[32m: [32mSyncing /data/projects/frankentorch/crates/ft-conformance -> /data/projects/frankentorch/crates/ft-conformance on vmi1156319[0m
    [2;3mat[0m rch/src/transfer.rs:1528 [2;3mon[0m ThreadId(1)

  [2m2026-06-20T10:57:11.168977Z[0m [32m INFO[0m [1;32mrch::transfer[0m[32m: [32mSync completed in 2174ms[0m
    [2;3mat[0m rch/src/transfer.rs:1592 [2;3mon[0m ThreadId(1)

  [2m2026-06-20T10:57:11.169051Z[0m [32m INFO[0m [1;32mrch::transfer[0m[32m: [32mSyncing /data/projects/frankentorch/crates/ft-core -> /data/projects/frankentorch/crates/ft-core on vmi1156319[0m
    [2;3mat[0m rch/src/transfer.rs:1528 [2;3mon[0m ThreadId(1)

  [2m2026-06-20T10:57:13.172515Z[0m [32m INFO[0m [1;32mrch::transfer[0m[32m: [32mSync completed in 2003ms[0m
    [2;3mat[0m rch/src/transfer.rs:1592 [2;3mon[0m ThreadId(1)

  [2m2026-06-20T10:57:13.172600Z[0m [32m INFO[0m [1;32mrch::transfer[0m[32m: [32mSyncing /data/projects/frankentorch/crates/ft-data -> /data/projects/frankentorch/crates/ft-data on vmi1156319[0m
    [2;3mat[0m rch/src/transfer.rs:1528 [2;3mon[0m ThreadId(1)

  [2m2026-06-20T10:57:15.169900Z[0m [32m INFO[0m [1;32mrch::transfer[0m[32m: [32mSync completed in 1997ms[0m
    [2;3mat[0m rch/src/transfer.rs:1592 [2;3mon[0m ThreadId(1)

  [2m2026-06-20T10:57:15.169997Z[0m [32m INFO[0m [1;32mrch::transfer[0m[32m: [32mSyncing /data/projects/frankentorch/crates/ft-device -> /data/projects/frankentorch/crates/ft-device on vmi1156319[0m
    [2;3mat[0m rch/src/transfer.rs:1528 [2;3mon[0m ThreadId(1)

  [2m2026-06-20T10:57:17.225310Z[0m [32m INFO[0m [1;32mrch::transfer[0m[32m: [32mSync completed in 2055ms[0m
    [2;3mat[0m rch/src/transfer.rs:1592 [2;3mon[0m ThreadId(1)

  [2m2026-06-20T10:57:17.225384Z[0m [32m INFO[0m [1;32mrch::transfer[0m[32m: [32mSyncing /data/projects/frankentorch/crates/ft-dispatch -> /data/projects/frankentorch/crates/ft-dispatch on vmi1156319[0m
    [2;3mat[0m rch/src/transfer.rs:1528 [2;3mon[0m ThreadId(1)

  [2m2026-06-20T10:57:19.642835Z[0m [32m INFO[0m [1;32mrch::transfer[0m[32m: [32mSync completed in 2417ms[0m
    [2;3mat[0m rch/src/transfer.rs:1592 [2;3mon[0m ThreadId(1)

  [2m2026-06-20T10:57:19.642904Z[0m [32m INFO[0m [1;32mrch::transfer[0m[32m: [32mSyncing /data/projects/frankentorch/crates/ft-kernel-cpu -> /data/projects/frankentorch/crates/ft-kernel-cpu on vmi1156319[0m
    [2;3mat[0m rch/src/transfer.rs:1528 [2;3mon[0m ThreadId(1)

  [2m2026-06-20T10:57:21.756382Z[0m [32m INFO[0m [1;32mrch::transfer[0m[32m: [32mSync completed in 2113ms[0m
    [2;3mat[0m rch/src/transfer.rs:1592 [2;3mon[0m ThreadId(1)

  [2m2026-06-20T10:57:21.756471Z[0m [32m INFO[0m [1;32mrch::transfer[0m[32m: [32mSyncing /data/projects/frankentorch/crates/ft-nn -> /data/projects/frankentorch/crates/ft-nn on vmi1156319[0m
    [2;3mat[0m rch/src/transfer.rs:1528 [2;3mon[0m ThreadId(1)

  [2m2026-06-20T10:57:23.761506Z[0m [32m INFO[0m [1;32mrch::transfer[0m[32m: [32mSync completed in 2005ms[0m
    [2;3mat[0m rch/src/transfer.rs:1592 [2;3mon[0m ThreadId(1)

  [2m2026-06-20T10:57:23.761590Z[0m [32m INFO[0m [1;32mrch::transfer[0m[32m: [32mSyncing /data/projects/frankentorch/crates/ft-optim -> /data/projects/frankentorch/crates/ft-optim on vmi1156319[0m
    [2;3mat[0m rch/src/transfer.rs:1528 [2;3mon[0m ThreadId(1)

  [2m2026-06-20T10:57:25.699886Z[0m [32m INFO[0m [1;32mrch::transfer[0m[32m: [32mSync completed in 1938ms[0m
    [2;3mat[0m rch/src/transfer.rs:1592 [2;3mon[0m ThreadId(1)

  [2m2026-06-20T10:57:25.699971Z[0m [32m INFO[0m [1;32mrch::transfer[0m[32m: [32mSyncing /data/projects/frankentorch/crates/ft-runtime -> /data/projects/frankentorch/crates/ft-runtime on vmi1156319[0m
    [2;3mat[0m rch/src/transfer.rs:1528 [2;3mon[0m ThreadId(1)

  [2m2026-06-20T10:57:27.701284Z[0m [32m INFO[0m [1;32mrch::transfer[0m[32m: [32mSync completed in 2001ms[0m
    [2;3mat[0m rch/src/transfer.rs:1592 [2;3mon[0m ThreadId(1)

  [2m2026-06-20T10:57:27.701373Z[0m [32m INFO[0m [1;32mrch::transfer[0m[32m: [32mSyncing /data/projects/frankentorch/crates/ft-serialize -> /data/projects/frankentorch/crates/ft-serialize on vmi1156319[0m
    [2;3mat[0m rch/src/transfer.rs:1528 [2;3mon[0m ThreadId(1)

  [2m2026-06-20T10:57:29.755434Z[0m [32m INFO[0m [1;32mrch::transfer[0m[32m: [32mSync completed in 2054ms[0m
    [2;3mat[0m rch/src/transfer.rs:1592 [2;3mon[0m ThreadId(1)

  [2m2026-06-20T10:57:29.755474Z[0m [32m INFO[0m [1;32mrch::hook::transfer_orchestration[0m[32m: [32mSync complete: 53523 files, 1941326 bytes in 33655ms[0m
    [2;3mat[0m rch/src/hook/transfer_orchestration.rs:486 [2;3mon[0m ThreadId(1)

  [2m2026-06-20T10:57:37.444964Z[0m [32m INFO[0m [1;32mrch::hook::transfer_orchestration[0m[32m: [32mExecuting command remotely: cargo check -p ft-kernel-cpu --all-targets[0m
    [2;3mat[0m rch/src/hook/transfer_orchestration.rs:529 [2;3mon[0m ThreadId(1)

  [2m2026-06-20T10:57:37.445017Z[0m [32m INFO[0m [1;32mrch::transfer[0m[32m: [32mRewriting CARGO_TARGET_DIR for remote execution (worker-scoped path): /data/projects/.rch-targets/frankentorch-cod-a -> /data/projects/frankentorch/.rch-target-vmi1156319-pool-a7b1c8c357b0059b1f61676dcab2f583[0m
    [2;3mat[0m rch/src/transfer.rs:799 [2;3mon[0m ThreadId(1)

    Updating crates.io index
 Downloading crates ...
  Downloaded ciborium-io v0.2.2
  Downloaded aho-corasick v1.1.4
  Downloaded cast v0.3.0
  Downloaded bitflags v2.11.1
  Downloaded anstyle v1.0.14
  Downloaded ciborium v0.2.2
  Downloaded plotters-backend v0.3.7
  Downloaded cfg-if v1.0.4
  Downloaded fnv v1.0.7
  Downloaded is-terminal v0.4.17
  Downloaded autocfg v1.5.0
  Downloaded zmij v1.0.21
  Downloaded bytemuck v1.25.0
  Downloaded either v1.15.0
  Downloaded errno v0.3.14
  Downloaded wide v0.7.33
  Downloaded safe_arch v0.7.4
  Downloaded proc-macro2 v1.0.106
  Downloaded serde v1.0.228
  Downloaded serde_core v1.0.228
  Downloaded walkdir v2.5.0
  Downloaded rusty-fork v0.3.1
  Downloaded tinytemplate v1.2.1
  Downloaded console v0.16.3
  Downloaded rand v0.9.4
  Downloaded rawpointer v0.2.1
  Downloaded syn v2.0.117
  Downloaded libm v0.2.16
  Downloaded ciborium-ll v0.2.2
  Downloaded itoa v1.0.18
  Downloaded rand_xorshift v0.4.0
  Downloaded same-file v1.0.6
  Downloaded crossbeam-deque v0.8.6
  Downloaded oorandom v11.1.5
  Downloaded criterion-plot v0.5.0
  Downloaded quick-error v1.2.3
  Downloaded bytemuck_derive v1.10.2
  Downloaded fastrand v2.4.1
  Downloaded once_cell v1.21.4
  Downloaded plotters-svg v0.3.7
  Downloaded similar v2.7.0
  Downloaded unicode-ident v1.0.24
  Downloaded wait-timeout v0.2.1
  Downloaded matrixmultiply v0.3.10
  Downloaded ppv-lite86 v0.2.21
  Downloaded quote v1.0.45
  Downloaded rand_core v0.9.5
  Downloaded unarray v0.1.4
  Downloaded bit-set v0.8.0
  Downloaded clap_lex v1.1.0
  Downloaded half v2.7.1
  Downloaded memchr v2.8.0
  Downloaded tempfile v3.27.0
  Downloaded bit-vec v0.8.0
  Downloaded crossbeam-utils v0.8.21
  Downloaded getrandom v0.3.4
  Downloaded rand_chacha v0.9.0
  Downloaded rayon-core v1.13.0
  Downloaded serde_derive v1.0.228
  Downloaded anes v0.1.6
  Downloaded num-complex v0.4.6
  Downloaded clap v4.6.1
  Downloaded num-traits v0.2.19
  Downloaded crossbeam-epoch v0.9.18
  Downloaded insta v1.47.2
  Downloaded serde_json v1.0.149
  Downloaded zerocopy-derive v0.8.48
  Downloaded criterion v0.5.1
  Downloaded itertools v0.10.5
  Downloaded rayon v1.12.0
  Downloaded plotters v0.3.7
  Downloaded clap_builder v4.6.0
  Downloaded regex v1.12.3
  Downloaded proptest v1.11.0
  Downloaded zerocopy v0.8.48
  Downloaded regex-syntax v0.8.10
  Downloaded regex-automata v0.4.14
  Downloaded rustix v1.1.4
  Downloaded libc v0.2.185
  Downloaded linux-raw-sys v0.12.1
   Compiling proc-macro2 v1.0.106
   Compiling quote v1.0.45
   Compiling unicode-ident v1.0.24
    Checking cfg-if v1.0.4
   Compiling libc v0.2.185
   Compiling autocfg v1.5.0
   Compiling zerocopy v0.8.48
   Compiling getrandom v0.3.4
   Compiling crossbeam-utils v0.8.21
   Compiling serde_core v1.0.228
   Compiling rustix v1.1.4
    Checking bitflags v2.11.1
   Compiling rayon-core v1.13.0
   Compiling serde v1.0.228
   Compiling num-traits v0.2.19
    Checking linux-raw-sys v0.12.1
    Checking either v1.15.0
    Checking crossbeam-epoch v0.9.18
    Checking once_cell v1.21.4
   Compiling zmij v1.0.21
    Checking crossbeam-deque v0.8.6
   Compiling syn v2.0.117
   Compiling serde_json v1.0.149
    Checking regex-syntax v0.8.10
    Checking fastrand v2.4.1
   Compiling matrixmultiply v0.3.10
    Checking clap_lex v1.1.0
    Checking rand_core v0.9.5
   Compiling libm v0.2.16
    Checking ciborium-io v0.2.2
    Checking memchr v2.8.0
    Checking anstyle v1.0.14
    Checking plotters-backend v0.3.7
    Checking itoa v1.0.18
    Checking clap_builder v4.6.0
    Checking plotters-svg v0.3.7
    Checking rayon v1.12.0
    Checking num-complex v0.4.6
    Checking wait-timeout v0.2.1
    Checking itertools v0.10.5
    Checking same-file v1.0.6
    Checking tempfile v3.27.0
    Checking bit-vec v0.8.0
    Checking rawpointer v0.2.1
    Checking fnv v1.0.7
    Checking cast v0.3.0
    Checking regex-automata v0.4.14
    Checking quick-error v1.2.3
    Checking rusty-fork v0.3.1
    Checking bit-set v0.8.0
    Checking walkdir v2.5.0
    Checking plotters v0.3.7
    Checking criterion-plot v0.5.0
    Checking clap v4.6.1
    Checking rand v0.9.4
    Checking rand_xorshift v0.4.0
    Checking is-terminal v0.4.17
    Checking console v0.16.3
    Checking oorandom v11.1.5
    Checking similar v2.7.0
    Checking anes v0.1.6
    Checking unarray v0.1.4
    Checking regex v1.12.3
    Checking insta v1.47.2
   Compiling zerocopy-derive v0.8.48
   Compiling bytemuck_derive v1.10.2
   Compiling serde_derive v1.0.228
    Checking bytemuck v1.25.0
    Checking safe_arch v0.7.4
    Checking wide v0.7.33
    Checking tinytemplate v1.2.1
    Checking half v2.7.1
    Checking ppv-lite86 v0.2.21
    Checking ciborium-ll v0.2.2
    Checking ft-core v0.1.0 (/data/projects/frankentorch/crates/ft-core)
    Checking rand_chacha v0.9.0
    Checking ciborium v0.2.2
    Checking proptest v1.11.0
    Checking ft-kernel-cpu v0.1.0 (/data/projects/frankentorch/crates/ft-kernel-cpu)
    Checking criterion v0.5.1
warning: unnecessary parentheses around closure body
 --> crates/ft-kernel-cpu/examples/gemm_golden.rs:8:46
  |
8 |         let a: Vec<f64> = (0..m * k).map(|i| ((i as f64 * 0.001).sin())).collect();
  |                                              ^                        ^
  |
  = note: `#[warn(unused_parens)]` (part of `#[warn(unused)]`) on by default
help: remove these parentheses
  |
8 -         let a: Vec<f64> = (0..m * k).map(|i| ((i as f64 * 0.001).sin())).collect();
8 +         let a: Vec<f64> = (0..m * k).map(|i| (i as f64 * 0.001).sin() ).collect();
  |

warning: unnecessary parentheses around closure body
 --> crates/ft-kernel-cpu/examples/gemm_golden.rs:9:46
  |
9 |         let b: Vec<f64> = (0..k * n).map(|i| ((i as f64 * 0.0017).cos())).collect();
  |                                              ^                         ^
  |
help: remove these parentheses
  |
9 -         let b: Vec<f64> = (0..k * n).map(|i| ((i as f64 * 0.0017).cos())).collect();
9 +         let b: Vec<f64> = (0..k * n).map(|i| (i as f64 * 0.0017).cos() ).collect();
  |

warning: `ft-kernel-cpu` (example "gemm_golden") generated 2 warnings (run `cargo fix --example "gemm_golden" -p ft-kernel-cpu` to apply 2 suggestions)
    Finished `dev` profile [unoptimized + debuginfo] target(s) in 33.90s
  [2m2026-06-20T10:58:13.525698Z[0m [32m INFO[0m [1;32mrch::hook::transfer_orchestration[0m[32m: [32mRemote command finished: exit=0 in 36080ms[0m
    [2;3mat[0m rch/src/hook/transfer_orchestration.rs:653 [2;3mon[0m ThreadId(1)

  [2m2026-06-20T10:58:13.525983Z[0m [32m INFO[0m [1;32mrch::hook::transfer_orchestration[0m[32m: [32mRetrieving build artifacts...[0m
    [2;3mat[0m rch/src/hook/transfer_orchestration.rs:702 [2;3mon[0m ThreadId(1)

  [2m2026-06-20T10:58:13.526002Z[0m [32m INFO[0m [1;32mrch::transfer[0m[32m: [32mRetrieving artifacts from /data/projects/frankentorch on vmi1156319[0m
    [2;3mat[0m rch/src/transfer.rs:2246 [2;3mon[0m ThreadId(1)

  [2m2026-06-20T10:58:15.657630Z[0m [32m INFO[0m [1;32mrch::transfer[0m[32m: [32mArtifacts retrieved in 2131ms (1 files, 1859 bytes)[0m
    [2;3mat[0m rch/src/transfer.rs:2301 [2;3mon[0m ThreadId(1)

  [2m2026-06-20T10:58:15.657663Z[0m [32m INFO[0m [1;32mrch::hook::transfer_orchestration[0m[32m: [32mArtifacts retrieved: 1 files, 1859 bytes in 2131ms[0m
    [2;3mat[0m rch/src/hook/transfer_orchestration.rs:735 [2;3mon[0m ThreadId(1)

[RCH] remote vmi1156319 (81.6s)
