  [2m2026-06-20T10:59:14.775261Z[0m [32m INFO[0m [1;32mrch::hook[0m[32m: [32mSelected worker: vmi1293453 at root@149.102.137.103 (0 slots remaining after reservation, speed 50.0)[0m
    [2;3mat[0m rch/src/hook.rs:921 [2;3mon[0m ThreadId(1)

  [2m2026-06-20T10:59:15.039315Z[0m [32m INFO[0m [1;32mrch::hook::transfer_orchestration[0m[32m: [32mStarting remote compilation pipeline for frankentorch (hash: dbca29276fa80333)[0m
    [2;3mat[0m rch/src/hook/transfer_orchestration.rs:241 [2;3mon[0m ThreadId(1)

  [2m2026-06-20T10:59:15.039389Z[0m [32m INFO[0m [1;32mrch::hook::transfer_orchestration[0m[32m: [32mPrepared dependency sync manifest for 13 roots[0m
    [2;3mat[0m rch/src/hook/transfer_orchestration.rs:263 [2;3mon[0m ThreadId(1)

  [2m2026-06-20T10:59:16.726476Z[0m [32m INFO[0m [1;32mrch::hook::transfer_orchestration[0m[32m: [32mSyncing project to worker vmi1293453...[0m
    [2;3mat[0m rch/src/hook/transfer_orchestration.rs:323 [2;3mon[0m ThreadId(1)

  [2m2026-06-20T10:59:16.726531Z[0m [32m INFO[0m [1;32mrch::transfer[0m[32m: [32mSyncing /data/projects/frankentorch -> /data/projects/frankentorch on vmi1293453[0m
    [2;3mat[0m rch/src/transfer.rs:1528 [2;3mon[0m ThreadId(1)

  [2m2026-06-20T10:59:24.784240Z[0m [32m INFO[0m [1;32mrch::transfer[0m[32m: [32mSync completed in 8057ms[0m
    [2;3mat[0m rch/src/transfer.rs:1592 [2;3mon[0m ThreadId(1)

  [2m2026-06-20T10:59:24.784307Z[0m [32m INFO[0m [1;32mrch::transfer[0m[32m: [32mSyncing /data/projects/frankentorch/crates/ft-api -> /data/projects/frankentorch/crates/ft-api on vmi1293453[0m
    [2;3mat[0m rch/src/transfer.rs:1528 [2;3mon[0m ThreadId(1)

  [2m2026-06-20T10:59:26.675377Z[0m [32m INFO[0m [1;32mrch::transfer[0m[32m: [32mSync completed in 1891ms[0m
    [2;3mat[0m rch/src/transfer.rs:1592 [2;3mon[0m ThreadId(1)

  [2m2026-06-20T10:59:26.675457Z[0m [32m INFO[0m [1;32mrch::transfer[0m[32m: [32mSyncing /data/projects/frankentorch/crates/ft-autograd -> /data/projects/frankentorch/crates/ft-autograd on vmi1293453[0m
    [2;3mat[0m rch/src/transfer.rs:1528 [2;3mon[0m ThreadId(1)

  [2m2026-06-20T10:59:28.586590Z[0m [32m INFO[0m [1;32mrch::transfer[0m[32m: [32mSync completed in 1911ms[0m
    [2;3mat[0m rch/src/transfer.rs:1592 [2;3mon[0m ThreadId(1)

  [2m2026-06-20T10:59:28.586650Z[0m [32m INFO[0m [1;32mrch::transfer[0m[32m: [32mSyncing /data/projects/frankentorch/crates/ft-conformance -> /data/projects/frankentorch/crates/ft-conformance on vmi1293453[0m
    [2;3mat[0m rch/src/transfer.rs:1528 [2;3mon[0m ThreadId(1)

  [2m2026-06-20T10:59:30.517124Z[0m [32m INFO[0m [1;32mrch::transfer[0m[32m: [32mSync completed in 1930ms[0m
    [2;3mat[0m rch/src/transfer.rs:1592 [2;3mon[0m ThreadId(1)

  [2m2026-06-20T10:59:30.517206Z[0m [32m INFO[0m [1;32mrch::transfer[0m[32m: [32mSyncing /data/projects/frankentorch/crates/ft-core -> /data/projects/frankentorch/crates/ft-core on vmi1293453[0m
    [2;3mat[0m rch/src/transfer.rs:1528 [2;3mon[0m ThreadId(1)

  [2m2026-06-20T10:59:32.508520Z[0m [32m INFO[0m [1;32mrch::transfer[0m[32m: [32mSync completed in 1991ms[0m
    [2;3mat[0m rch/src/transfer.rs:1592 [2;3mon[0m ThreadId(1)

  [2m2026-06-20T10:59:32.508594Z[0m [32m INFO[0m [1;32mrch::transfer[0m[32m: [32mSyncing /data/projects/frankentorch/crates/ft-data -> /data/projects/frankentorch/crates/ft-data on vmi1293453[0m
    [2;3mat[0m rch/src/transfer.rs:1528 [2;3mon[0m ThreadId(1)

  [2m2026-06-20T10:59:34.411317Z[0m [32m INFO[0m [1;32mrch::transfer[0m[32m: [32mSync completed in 1902ms[0m
    [2;3mat[0m rch/src/transfer.rs:1592 [2;3mon[0m ThreadId(1)

  [2m2026-06-20T10:59:34.411401Z[0m [32m INFO[0m [1;32mrch::transfer[0m[32m: [32mSyncing /data/projects/frankentorch/crates/ft-device -> /data/projects/frankentorch/crates/ft-device on vmi1293453[0m
    [2;3mat[0m rch/src/transfer.rs:1528 [2;3mon[0m ThreadId(1)

  [2m2026-06-20T10:59:36.319122Z[0m [32m INFO[0m [1;32mrch::transfer[0m[32m: [32mSync completed in 1907ms[0m
    [2;3mat[0m rch/src/transfer.rs:1592 [2;3mon[0m ThreadId(1)

  [2m2026-06-20T10:59:36.319206Z[0m [32m INFO[0m [1;32mrch::transfer[0m[32m: [32mSyncing /data/projects/frankentorch/crates/ft-dispatch -> /data/projects/frankentorch/crates/ft-dispatch on vmi1293453[0m
    [2;3mat[0m rch/src/transfer.rs:1528 [2;3mon[0m ThreadId(1)

  [2m2026-06-20T10:59:38.306343Z[0m [32m INFO[0m [1;32mrch::transfer[0m[32m: [32mSync completed in 1987ms[0m
    [2;3mat[0m rch/src/transfer.rs:1592 [2;3mon[0m ThreadId(1)

  [2m2026-06-20T10:59:38.306429Z[0m [32m INFO[0m [1;32mrch::transfer[0m[32m: [32mSyncing /data/projects/frankentorch/crates/ft-kernel-cpu -> /data/projects/frankentorch/crates/ft-kernel-cpu on vmi1293453[0m
    [2;3mat[0m rch/src/transfer.rs:1528 [2;3mon[0m ThreadId(1)

  [2m2026-06-20T10:59:40.247096Z[0m [32m INFO[0m [1;32mrch::transfer[0m[32m: [32mSync completed in 1940ms[0m
    [2;3mat[0m rch/src/transfer.rs:1592 [2;3mon[0m ThreadId(1)

  [2m2026-06-20T10:59:40.247187Z[0m [32m INFO[0m [1;32mrch::transfer[0m[32m: [32mSyncing /data/projects/frankentorch/crates/ft-nn -> /data/projects/frankentorch/crates/ft-nn on vmi1293453[0m
    [2;3mat[0m rch/src/transfer.rs:1528 [2;3mon[0m ThreadId(1)

  [2m2026-06-20T10:59:42.215013Z[0m [32m INFO[0m [1;32mrch::transfer[0m[32m: [32mSync completed in 1967ms[0m
    [2;3mat[0m rch/src/transfer.rs:1592 [2;3mon[0m ThreadId(1)

  [2m2026-06-20T10:59:42.215095Z[0m [32m INFO[0m [1;32mrch::transfer[0m[32m: [32mSyncing /data/projects/frankentorch/crates/ft-optim -> /data/projects/frankentorch/crates/ft-optim on vmi1293453[0m
    [2;3mat[0m rch/src/transfer.rs:1528 [2;3mon[0m ThreadId(1)

  [2m2026-06-20T10:59:44.101343Z[0m [32m INFO[0m [1;32mrch::transfer[0m[32m: [32mSync completed in 1886ms[0m
    [2;3mat[0m rch/src/transfer.rs:1592 [2;3mon[0m ThreadId(1)

  [2m2026-06-20T10:59:44.101428Z[0m [32m INFO[0m [1;32mrch::transfer[0m[32m: [32mSyncing /data/projects/frankentorch/crates/ft-runtime -> /data/projects/frankentorch/crates/ft-runtime on vmi1293453[0m
    [2;3mat[0m rch/src/transfer.rs:1528 [2;3mon[0m ThreadId(1)

  [2m2026-06-20T10:59:45.995025Z[0m [32m INFO[0m [1;32mrch::transfer[0m[32m: [32mSync completed in 1893ms[0m
    [2;3mat[0m rch/src/transfer.rs:1592 [2;3mon[0m ThreadId(1)

  [2m2026-06-20T10:59:45.995107Z[0m [32m INFO[0m [1;32mrch::transfer[0m[32m: [32mSyncing /data/projects/frankentorch/crates/ft-serialize -> /data/projects/frankentorch/crates/ft-serialize on vmi1293453[0m
    [2;3mat[0m rch/src/transfer.rs:1528 [2;3mon[0m ThreadId(1)

  [2m2026-06-20T10:59:47.884712Z[0m [32m INFO[0m [1;32mrch::transfer[0m[32m: [32mSync completed in 1889ms[0m
    [2;3mat[0m rch/src/transfer.rs:1592 [2;3mon[0m ThreadId(1)

  [2m2026-06-20T10:59:47.884765Z[0m [32m INFO[0m [1;32mrch::hook::transfer_orchestration[0m[32m: [32mSync complete: 53525 files, 2005132 bytes in 31151ms[0m
    [2;3mat[0m rch/src/hook/transfer_orchestration.rs:486 [2;3mon[0m ThreadId(1)

  [2m2026-06-20T10:59:55.687764Z[0m [32m INFO[0m [1;32mrch::hook::transfer_orchestration[0m[32m: [32mExecuting command remotely: cargo clippy -p ft-kernel-cpu --all-targets -- -D warnings[0m
    [2;3mat[0m rch/src/hook/transfer_orchestration.rs:529 [2;3mon[0m ThreadId(1)

  [2m2026-06-20T10:59:55.687812Z[0m [32m INFO[0m [1;32mrch::transfer[0m[32m: [32mRewriting CARGO_TARGET_DIR for remote execution (worker-scoped path): /data/projects/.rch-targets/frankentorch-cod-a -> /data/projects/frankentorch/.rch-target-vmi1293453-pool-a7b1c8c357b0059b1f61676dcab2f583[0m
    [2;3mat[0m rch/src/transfer.rs:799 [2;3mon[0m ThreadId(1)

    Updating crates.io index
 Downloading crates ...
  Downloaded rawpointer v0.2.1
  Downloaded aho-corasick v1.1.4
  Downloaded bit-vec v0.8.0
  Downloaded console v0.16.3
  Downloaded cfg-if v1.0.4
  Downloaded clap_lex v1.1.0
  Downloaded ciborium-ll v0.2.2
  Downloaded ciborium-io v0.2.2
  Downloaded num-traits v0.2.19
  Downloaded bit-set v0.8.0
  Downloaded plotters-svg v0.3.7
  Downloaded bytemuck_derive v1.10.2
  Downloaded tempfile v3.27.0
  Downloaded fastrand v2.4.1
  Downloaded plotters-backend v0.3.7
  Downloaded wait-timeout v0.2.1
  Downloaded walkdir v2.5.0
  Downloaded zmij v1.0.21
  Downloaded cast v0.3.0
  Downloaded fnv v1.0.7
  Downloaded errno v0.3.14
  Downloaded anes v0.1.6
  Downloaded bitflags v2.11.1
  Downloaded ciborium v0.2.2
  Downloaded is-terminal v0.4.17
  Downloaded unarray v0.1.4
  Downloaded anstyle v1.0.14
  Downloaded num-complex v0.4.6
  Downloaded proc-macro2 v1.0.106
  Downloaded autocfg v1.5.0
  Downloaded rusty-fork v0.3.1
  Downloaded tinytemplate v1.2.1
  Downloaded clap v4.6.1
  Downloaded similar v2.7.0
  Downloaded once_cell v1.21.4
  Downloaded quick-error v1.2.3
  Downloaded same-file v1.0.6
  Downloaded bytemuck v1.25.0
  Downloaded crossbeam-deque v0.8.6
  Downloaded safe_arch v0.7.4
  Downloaded criterion-plot v0.5.0
  Downloaded half v2.7.1
  Downloaded serde_derive v1.0.228
  Downloaded unicode-ident v1.0.24
  Downloaded either v1.15.0
  Downloaded rand_xorshift v0.4.0
  Downloaded matrixmultiply v0.3.10
  Downloaded ppv-lite86 v0.2.21
  Downloaded itoa v1.0.18
  Downloaded oorandom v11.1.5
  Downloaded rand_core v0.9.5
  Downloaded rayon-core v1.13.0
  Downloaded serde v1.0.228
  Downloaded criterion v0.5.1
  Downloaded crossbeam-utils v0.8.21
  Downloaded quote v1.0.45
  Downloaded rand_chacha v0.9.0
  Downloaded getrandom v0.3.4
  Downloaded rayon v1.12.0
  Downloaded itertools v0.10.5
  Downloaded crossbeam-epoch v0.9.18
  Downloaded serde_core v1.0.228
  Downloaded zerocopy-derive v0.8.48
  Downloaded rand v0.9.4
  Downloaded wide v0.7.33
  Downloaded insta v1.47.2
  Downloaded memchr v2.8.0
  Downloaded clap_builder v4.6.0
  Downloaded libm v0.2.16
  Downloaded plotters v0.3.7
  Downloaded regex v1.12.3
  Downloaded serde_json v1.0.149
  Downloaded proptest v1.11.0
  Downloaded zerocopy v0.8.48
  Downloaded syn v2.0.117
  Downloaded rustix v1.1.4
  Downloaded regex-syntax v0.8.10
  Downloaded regex-automata v0.4.14
  Downloaded libc v0.2.185
  Downloaded linux-raw-sys v0.12.1
   Compiling proc-macro2 v1.0.106
   Compiling unicode-ident v1.0.24
   Compiling quote v1.0.45
    Checking cfg-if v1.0.4
   Compiling libc v0.2.185
   Compiling autocfg v1.5.0
   Compiling zerocopy v0.8.48
   Compiling getrandom v0.3.4
   Compiling crossbeam-utils v0.8.21
   Compiling serde_core v1.0.228
   Compiling rustix v1.1.4
   Compiling serde v1.0.228
   Compiling zmij v1.0.21
   Compiling num-traits v0.2.19
    Checking linux-raw-sys v0.12.1
    Checking once_cell v1.21.4
    Checking crossbeam-epoch v0.9.18
   Compiling rayon-core v1.13.0
    Checking bitflags v2.11.1
    Checking either v1.15.0
    Checking crossbeam-deque v0.8.6
    Checking regex-syntax v0.8.10
    Checking fastrand v2.4.1
    Checking rand_core v0.9.5
   Compiling syn v2.0.117
   Compiling serde_json v1.0.149
   Compiling matrixmultiply v0.3.10
    Checking plotters-backend v0.3.7
    Checking itoa v1.0.18
    Checking anstyle v1.0.14
    Checking memchr v2.8.0
    Checking clap_lex v1.1.0
   Compiling libm v0.2.16
    Checking ciborium-io v0.2.2
    Checking clap_builder v4.6.0
    Checking rayon v1.12.0
    Checking tempfile v3.27.0
    Checking plotters-svg v0.3.7
    Checking num-complex v0.4.6
    Checking wait-timeout v0.2.1
    Checking itertools v0.10.5
    Checking quick-error v1.2.3
    Checking bit-vec v0.8.0
    Checking cast v0.3.0
    Checking rawpointer v0.2.1
    Checking fnv v1.0.7
    Checking regex-automata v0.4.14
    Checking same-file v1.0.6
    Checking rusty-fork v0.3.1
    Checking walkdir v2.5.0
    Checking bit-set v0.8.0
    Checking plotters v0.3.7
    Checking rand v0.9.4
    Checking criterion-plot v0.5.0
    Checking clap v4.6.1
    Checking rand_xorshift v0.4.0
    Checking console v0.16.3
    Checking is-terminal v0.4.17
    Checking unarray v0.1.4
    Checking oorandom v11.1.5
    Checking anes v0.1.6
    Checking similar v2.7.0
    Checking regex v1.12.3
    Checking insta v1.47.2
   Compiling zerocopy-derive v0.8.48
   Compiling bytemuck_derive v1.10.2
   Compiling serde_derive v1.0.228
    Checking bytemuck v1.25.0
    Checking safe_arch v0.7.4
    Checking wide v0.7.33
    Checking tinytemplate v1.2.1
    Checking half v2.7.1
    Checking ppv-lite86 v0.2.21
    Checking ciborium-ll v0.2.2
    Checking ft-core v0.1.0 (/data/projects/frankentorch/crates/ft-core)
    Checking rand_chacha v0.9.0
    Checking proptest v1.11.0
    Checking ciborium v0.2.2
    Checking criterion v0.5.1
    Checking ft-kernel-cpu v0.1.0 (/data/projects/frankentorch/crates/ft-kernel-cpu)
error: this function has too many arguments (12/7)
  --> crates/ft-kernel-cpu/examples/depthwise_conv_ab.rs:11:1
   |
11 | / fn per_group_im2col(
12 | |     padded: &[f64],
13 | |     weight: &[f64],
14 | |     n: usize,
...  |
23 | |     sw: usize,
24 | | ) -> Vec<f64> {
   | |_____________^
   |
   = help: for further information visit https://rust-lang.github.io/rust-clippy/master/index.html#too_many_arguments
   = note: `-D clippy::too-many-arguments` implied by `-D warnings`
   = help: to override `-D warnings` add `#[allow(clippy::too_many_arguments)]`

error: could not compile `ft-kernel-cpu` (example "depthwise_conv_ab") due to 1 previous error
warning: build failed, waiting for other jobs to finish...
error: items after a test module
    --> crates/ft-kernel-cpu/src/lib.rs:929:5
     |
 929 |       mod tile_iso_tests {
     |       ^^^^^^^^^^^^^^^^^^
...
1023 |       pub fn dgemm_block(m: usize, k: usize, n: usize, a: &[f64], b: &[f64], c: &mut [f64]) {
     |       ^^^^^^^^^^^^^^^^^^^^^^^^^^^^^^^^^^^^^^^^^^^^^^^^^^^^^^^^^^^^^^^^^^^^^^^^^^^^^^^^^^^^^
...
1027 | /     pub fn dgemm_block_scaled(
1028 | |         m: usize,
1029 | |         k: usize,
1030 | |         n: usize,
...    |
1034 | |         c: &mut [f64],
1035 | |     ) {
     | |_____^
...
1059 |       pub fn sgemm(m: usize, k: usize, n: usize, a: &[f32], b: &[f32], c: &mut [f32]) {
     |       ^^^^^^^^^^^^^^^^^^^^^^^^^^^^^^^^^^^^^^^^^^^^^^^^^^^^^^^^^^^^^^^^^^^^^^^^^^^^^^^
...
1089 | /     pub fn sgemm_scaled(
1090 | |         m: usize,
1091 | |         k: usize,
1092 | |         n: usize,
...    |
1096 | |         c: &mut [f32],
1097 | |     ) {
     | |_____^
...
1123 |       fn sgemm_col_parallel(m: usize, k: usize, n: usize, a: &[f32], b: &[f32], c: &mut [f32]) {
     |       ^^^^^^^^^^^^^^^^^^^^^^^^^^^^^^^^^^^^^^^^^^^^^^^^^^^^^^^^^^^^^^^^^^^^^^^^^^^^^^^^^^^^^^^^
...
1127 | /     fn sgemm_col_parallel_scaled(
1128 | |         m: usize,
1129 | |         k: usize,
1130 | |         n: usize,
...    |
1134 | |         c: &mut [f32],
1135 | |     ) {
     | |_____^
...
1165 |       pub fn sgemm_bt(m: usize, k: usize, n: usize, a: &[f32], b: &[f32], c: &mut [f32]) {
     |       ^^^^^^^^^^^^^^^^^^^^^^^^^^^^^^^^^^^^^^^^^^^^^^^^^^^^^^^^^^^^^^^^^^^^^^^^^^^^^^^^^^
...
1219 |       pub fn sgemm_tb(m: usize, k: usize, n: usize, a: &[f32], b: &[f32], c: &mut [f32]) {
     |       ^^^^^^^^^^^^^^^^^^^^^^^^^^^^^^^^^^^^^^^^^^^^^^^^^^^^^^^^^^^^^^^^^^^^^^^^^^^^^^^^^^
...
1223 | /     pub fn sgemm_tb_scaled(
1224 | |         m: usize,
1225 | |         k: usize,
1226 | |         n: usize,
...    |
1230 | |         c: &mut [f32],
1231 | |     ) {
     | |_____^
...
1259 |       fn sgemm_bt_block(m: usize, k: usize, n: usize, a: &[f32], b: &[f32], c: &mut [f32]) {
     |       ^^^^^^^^^^^^^^^^^^^^^^^^^^^^^^^^^^^^^^^^^^^^^^^^^^^^^^^^^^^^^^^^^^^^^^^^^^^^^^^^^^^^
...
1281 |       pub fn sgemm_block(m: usize, k: usize, n: usize, a: &[f32], b: &[f32], c: &mut [f32]) {
     |       ^^^^^^^^^^^^^^^^^^^^^^^^^^^^^^^^^^^^^^^^^^^^^^^^^^^^^^^^^^^^^^^^^^^^^^^^^^^^^^^^^^^^^
...
1285 | /     pub fn sgemm_block_scaled(
1286 | |         m: usize,
1287 | |         k: usize,
1288 | |         n: usize,
...    |
1292 | |         c: &mut [f32],
1293 | |     ) {
     | |_____^
...
1321 |       pub fn read_mxcsr() -> u32 {
     |       ^^^^^^^^^^^^^^^^^^^^^^^^^^
...
1337 |       pub fn set_mxcsr_default() {
     |       ^^^^^^^^^^^^^^^^^^^^^^^^^^
...
1363 | /     unsafe fn dgemm_mm(
1364 | |         m: usize,
1365 | |         k: usize,
1366 | |         n: usize,
...    |
1377 | |         csc: isize,
1378 | |     ) {
     | |_____^
...
1391 | /     unsafe fn sgemm_mm(
1392 | |         m: usize,
1393 | |         k: usize,
1394 | |         n: usize,
...    |
1405 | |         csc: isize,
1406 | |     ) {
     | |_____^
     |
     = help: for further information visit https://rust-lang.github.io/rust-clippy/master/index.html#items_after_test_module
     = note: `-D clippy::items-after-test-module` implied by `-D warnings`
     = help: to override `-D warnings` add `#[allow(clippy::items_after_test_module)]`
     = help: move the items to before the test module was defined

error: the loop variable `ci` is used to index `wb`
     --> crates/ft-kernel-cpu/src/lib.rs:27641:23
      |
27641 |             for ci in 0..c {
      |                       ^^^^
      |
      = help: for further information visit https://rust-lang.github.io/rust-clippy/master/index.html#needless_range_loop
      = note: `-D clippy::needless-range-loop` implied by `-D warnings`
      = help: to override `-D warnings` add `#[allow(clippy::needless_range_loop)]`
help: consider using an iterator and enumerate()
      |
27641 -             for ci in 0..c {
27641 +             for (ci, <item>) in wb.iter_mut().enumerate().take(c) {
      |

error: this operation has no effect
     --> crates/ft-kernel-cpu/src/lib.rs:32876:27
      |
32876 |                 let idx = c * 1 + r * cols; // strides [1, cols]
      |                           ^^^^^ help: consider reducing it to: `c`
      |
      = help: for further information visit https://rust-lang.github.io/rust-clippy/master/index.html#identity_op
      = note: `-D clippy::identity-op` implied by `-D warnings`
      = help: to override `-D warnings` add `#[allow(clippy::identity_op)]`

error: could not compile `ft-kernel-cpu` (lib test) due to 3 previous errors
  [2m2026-06-20T11:00:52.452741Z[0m [32m INFO[0m [1;32mrch::hook::transfer_orchestration[0m[32m: [32mRemote command finished: exit=101 in 56764ms[0m
    [2;3mat[0m rch/src/hook/transfer_orchestration.rs:653 [2;3mon[0m ThreadId(1)

[RCH] remote vmi1293453 failed (exit 101)
