  [2m2026-06-13T03:49:48.236757Z[0m [32m INFO[0m [1;32mrch::hook[0m[32m: [32mSelected worker: vmi1149989 at root@212.90.121.76 (6 slots remaining after reservation, speed 50.0)[0m
    [2;3mat[0m rch/src/hook.rs:514 [2;3mon[0m ThreadId(1)

  [2m2026-06-13T03:49:48.510766Z[0m [32m INFO[0m [1;32mrch::hook[0m[32m: [32mStarting remote compilation pipeline for frankentorch (hash: 3d6dc0f5ca5d2899)[0m
    [2;3mat[0m rch/src/hook.rs:5994 [2;3mon[0m ThreadId(1)

  [2m2026-06-13T03:49:48.510806Z[0m [32m INFO[0m [1;32mrch::hook[0m[32m: [32mPrepared dependency sync manifest for 13 roots[0m
    [2;3mat[0m rch/src/hook.rs:6016 [2;3mon[0m ThreadId(1)

  [2m2026-06-13T03:49:50.237591Z[0m [32m INFO[0m [1;32mrch::hook[0m[32m: [32mSyncing project to worker vmi1149989...[0m
    [2;3mat[0m rch/src/hook.rs:6046 [2;3mon[0m ThreadId(1)

  [2m2026-06-13T03:49:50.237704Z[0m [32m INFO[0m [1;32mrch::transfer[0m[32m: [32mSyncing /data/projects/frankentorch -> /data/projects/frankentorch on vmi1149989[0m
    [2;3mat[0m rch/src/transfer.rs:1434 [2;3mon[0m ThreadId(1)

  [2m2026-06-13T03:49:58.403734Z[0m [32m INFO[0m [1;32mrch::transfer[0m[32m: [32mSync completed in 8166ms[0m
    [2;3mat[0m rch/src/transfer.rs:1503 [2;3mon[0m ThreadId(1)

  [2m2026-06-13T03:49:58.403864Z[0m [32m INFO[0m [1;32mrch::transfer[0m[32m: [32mSyncing /data/projects/frankentorch/crates/ft-api -> /data/projects/frankentorch/crates/ft-api on vmi1149989[0m
    [2;3mat[0m rch/src/transfer.rs:1434 [2;3mon[0m ThreadId(1)

  [2m2026-06-13T03:50:00.405147Z[0m [32m INFO[0m [1;32mrch::transfer[0m[32m: [32mSync completed in 2001ms[0m
    [2;3mat[0m rch/src/transfer.rs:1503 [2;3mon[0m ThreadId(1)

  [2m2026-06-13T03:50:00.405272Z[0m [32m INFO[0m [1;32mrch::transfer[0m[32m: [32mSyncing /data/projects/frankentorch/crates/ft-autograd -> /data/projects/frankentorch/crates/ft-autograd on vmi1149989[0m
    [2;3mat[0m rch/src/transfer.rs:1434 [2;3mon[0m ThreadId(1)

  [2m2026-06-13T03:50:02.526261Z[0m [32m INFO[0m [1;32mrch::transfer[0m[32m: [32mSync completed in 2120ms[0m
    [2;3mat[0m rch/src/transfer.rs:1503 [2;3mon[0m ThreadId(1)

  [2m2026-06-13T03:50:02.526389Z[0m [32m INFO[0m [1;32mrch::transfer[0m[32m: [32mSyncing /data/projects/frankentorch/crates/ft-conformance -> /data/projects/frankentorch/crates/ft-conformance on vmi1149989[0m
    [2;3mat[0m rch/src/transfer.rs:1434 [2;3mon[0m ThreadId(1)

  [2m2026-06-13T03:50:04.740738Z[0m [32m INFO[0m [1;32mrch::transfer[0m[32m: [32mSync completed in 2214ms[0m
    [2;3mat[0m rch/src/transfer.rs:1503 [2;3mon[0m ThreadId(1)

  [2m2026-06-13T03:50:04.740877Z[0m [32m INFO[0m [1;32mrch::transfer[0m[32m: [32mSyncing /data/projects/frankentorch/crates/ft-core -> /data/projects/frankentorch/crates/ft-core on vmi1149989[0m
    [2;3mat[0m rch/src/transfer.rs:1434 [2;3mon[0m ThreadId(1)

  [2m2026-06-13T03:50:06.756912Z[0m [32m INFO[0m [1;32mrch::transfer[0m[32m: [32mSync completed in 2016ms[0m
    [2;3mat[0m rch/src/transfer.rs:1503 [2;3mon[0m ThreadId(1)

  [2m2026-06-13T03:50:06.757049Z[0m [32m INFO[0m [1;32mrch::transfer[0m[32m: [32mSyncing /data/projects/frankentorch/crates/ft-data -> /data/projects/frankentorch/crates/ft-data on vmi1149989[0m
    [2;3mat[0m rch/src/transfer.rs:1434 [2;3mon[0m ThreadId(1)

  [2m2026-06-13T03:50:08.836827Z[0m [32m INFO[0m [1;32mrch::transfer[0m[32m: [32mSync completed in 2079ms[0m
    [2;3mat[0m rch/src/transfer.rs:1503 [2;3mon[0m ThreadId(1)

  [2m2026-06-13T03:50:08.836979Z[0m [32m INFO[0m [1;32mrch::transfer[0m[32m: [32mSyncing /data/projects/frankentorch/crates/ft-device -> /data/projects/frankentorch/crates/ft-device on vmi1149989[0m
    [2;3mat[0m rch/src/transfer.rs:1434 [2;3mon[0m ThreadId(1)

  [2m2026-06-13T03:50:10.945981Z[0m [32m INFO[0m [1;32mrch::transfer[0m[32m: [32mSync completed in 2108ms[0m
    [2;3mat[0m rch/src/transfer.rs:1503 [2;3mon[0m ThreadId(1)

  [2m2026-06-13T03:50:10.946132Z[0m [32m INFO[0m [1;32mrch::transfer[0m[32m: [32mSyncing /data/projects/frankentorch/crates/ft-dispatch -> /data/projects/frankentorch/crates/ft-dispatch on vmi1149989[0m
    [2;3mat[0m rch/src/transfer.rs:1434 [2;3mon[0m ThreadId(1)

  [2m2026-06-13T03:50:13.026495Z[0m [32m INFO[0m [1;32mrch::transfer[0m[32m: [32mSync completed in 2080ms[0m
    [2;3mat[0m rch/src/transfer.rs:1503 [2;3mon[0m ThreadId(1)

  [2m2026-06-13T03:50:13.026641Z[0m [32m INFO[0m [1;32mrch::transfer[0m[32m: [32mSyncing /data/projects/frankentorch/crates/ft-kernel-cpu -> /data/projects/frankentorch/crates/ft-kernel-cpu on vmi1149989[0m
    [2;3mat[0m rch/src/transfer.rs:1434 [2;3mon[0m ThreadId(1)

  [2m2026-06-13T03:50:15.056622Z[0m [32m INFO[0m [1;32mrch::transfer[0m[32m: [32mSync completed in 2029ms[0m
    [2;3mat[0m rch/src/transfer.rs:1503 [2;3mon[0m ThreadId(1)

  [2m2026-06-13T03:50:15.056755Z[0m [32m INFO[0m [1;32mrch::transfer[0m[32m: [32mSyncing /data/projects/frankentorch/crates/ft-nn -> /data/projects/frankentorch/crates/ft-nn on vmi1149989[0m
    [2;3mat[0m rch/src/transfer.rs:1434 [2;3mon[0m ThreadId(1)

  [2m2026-06-13T03:50:17.041750Z[0m [32m INFO[0m [1;32mrch::transfer[0m[32m: [32mSync completed in 1984ms[0m
    [2;3mat[0m rch/src/transfer.rs:1503 [2;3mon[0m ThreadId(1)

  [2m2026-06-13T03:50:17.041881Z[0m [32m INFO[0m [1;32mrch::transfer[0m[32m: [32mSyncing /data/projects/frankentorch/crates/ft-optim -> /data/projects/frankentorch/crates/ft-optim on vmi1149989[0m
    [2;3mat[0m rch/src/transfer.rs:1434 [2;3mon[0m ThreadId(1)

  [2m2026-06-13T03:50:20.501835Z[0m [32m INFO[0m [1;32mrch::transfer[0m[32m: [32mSync completed in 3459ms[0m
    [2;3mat[0m rch/src/transfer.rs:1503 [2;3mon[0m ThreadId(1)

  [2m2026-06-13T03:50:20.501980Z[0m [32m INFO[0m [1;32mrch::transfer[0m[32m: [32mSyncing /data/projects/frankentorch/crates/ft-runtime -> /data/projects/frankentorch/crates/ft-runtime on vmi1149989[0m
    [2;3mat[0m rch/src/transfer.rs:1434 [2;3mon[0m ThreadId(1)

  [2m2026-06-13T03:50:22.585073Z[0m [32m INFO[0m [1;32mrch::transfer[0m[32m: [32mSync completed in 2083ms[0m
    [2;3mat[0m rch/src/transfer.rs:1503 [2;3mon[0m ThreadId(1)

  [2m2026-06-13T03:50:22.585208Z[0m [32m INFO[0m [1;32mrch::transfer[0m[32m: [32mSyncing /data/projects/frankentorch/crates/ft-serialize -> /data/projects/frankentorch/crates/ft-serialize on vmi1149989[0m
    [2;3mat[0m rch/src/transfer.rs:1434 [2;3mon[0m ThreadId(1)

  [2m2026-06-13T03:50:24.634419Z[0m [32m INFO[0m [1;32mrch::transfer[0m[32m: [32mSync completed in 2049ms[0m
    [2;3mat[0m rch/src/transfer.rs:1503 [2;3mon[0m ThreadId(1)

  [2m2026-06-13T03:50:24.634457Z[0m [32m INFO[0m [1;32mrch::hook[0m[32m: [32mSync complete: 51978 files, 1883785 bytes in 34388ms[0m
    [2;3mat[0m rch/src/hook.rs:6209 [2;3mon[0m ThreadId(1)

  [2m2026-06-13T03:50:29.125481Z[0m [32m INFO[0m [1;32mrch::hook[0m[32m: [32mExecuting command remotely: cargo bench -j 1 -p ft-kernel-cpu --bench linalg_bench eigvals_f64_256x256 -- --sample-size 10 --warm-up-time 1 --measurement-time 3[0m
    [2;3mat[0m rch/src/hook.rs:6252 [2;3mon[0m ThreadId(1)

  [2m2026-06-13T03:50:29.125527Z[0m [32m INFO[0m [1;32mrch::transfer[0m[32m: [32mRewriting CARGO_TARGET_DIR for remote execution (worker-scoped path): /data/tmp/cargo-target -> /data/projects/frankentorch/.rch-target-vmi1149989-job-29884606035526851-1781322590237582438-0[0m
    [2;3mat[0m rch/src/transfer.rs:712 [2;3mon[0m ThreadId(1)

    Updating crates.io index
 Downloading crates ...
  Downloaded anes v0.1.6
  Downloaded autocfg v1.5.0
  Downloaded anstyle v1.0.14
  Downloaded bit-vec v0.8.0
  Downloaded bit-set v0.8.0
  Downloaded fnv v1.0.7
  Downloaded aho-corasick v1.1.4
  Downloaded ciborium-ll v0.2.2
  Downloaded crossbeam-utils v0.8.21
  Downloaded clap_lex v1.1.0
  Downloaded is-terminal v0.4.17
  Downloaded cfg-if v1.0.4
  Downloaded either v1.15.0
  Downloaded crossbeam-deque v0.8.6
  Downloaded criterion v0.5.1
  Downloaded fastrand v2.4.1
  Downloaded insta v1.47.2
  Downloaded ciborium v0.2.2
  Downloaded crossbeam-epoch v0.9.18
  Downloaded walkdir v2.5.0
  Downloaded errno v0.3.14
  Downloaded criterion-plot v0.5.0
  Downloaded getrandom v0.3.4
  Downloaded console v0.16.3
  Downloaded cast v0.3.0
  Downloaded clap v4.6.1
  Downloaded half v2.7.1
  Downloaded similar v2.7.0
  Downloaded clap_builder v4.6.0
  Downloaded ciborium-io v0.2.2
  Downloaded same-file v1.0.6
  Downloaded itoa v1.0.18
  Downloaded tinytemplate v1.2.1
  Downloaded wait-timeout v0.2.1
  Downloaded oorandom v11.1.5
  Downloaded rawpointer v0.2.1
  Downloaded rusty-fork v0.3.1
  Downloaded plotters-svg v0.3.7
  Downloaded quick-error v1.2.3
  Downloaded unarray v0.1.4
  Downloaded rand_core v0.9.5
  Downloaded bitflags v2.11.1
  Downloaded num-complex v0.4.6
  Downloaded plotters-backend v0.3.7
  Downloaded rand_xorshift v0.4.0
  Downloaded rand_chacha v0.9.0
  Downloaded quote v1.0.45
  Downloaded serde_core v1.0.228
  Downloaded tempfile v3.27.0
  Downloaded zmij v1.0.21
  Downloaded bytemuck_derive v1.10.2
  Downloaded ppv-lite86 v0.2.21
  Downloaded bytemuck v1.25.0
  Downloaded matrixmultiply v0.3.10
  Downloaded rayon v1.12.0
  Downloaded serde_derive v1.0.228
  Downloaded regex v1.12.3
  Downloaded once_cell v1.21.4
  Downloaded unicode-ident v1.0.24
  Downloaded proc-macro2 v1.0.106
  Downloaded memchr v2.8.0
  Downloaded serde v1.0.228
  Downloaded num-traits v0.2.19
  Downloaded safe_arch v0.7.4
  Downloaded rand v0.9.4
  Downloaded rayon-core v1.13.0
  Downloaded zerocopy-derive v0.8.48
  Downloaded wide v0.7.33
  Downloaded itertools v0.10.5
  Downloaded libm v0.2.16
  Downloaded plotters v0.3.7
  Downloaded serde_json v1.0.149
  Downloaded proptest v1.11.0
  Downloaded syn v2.0.117
  Downloaded zerocopy v0.8.48
  Downloaded regex-syntax v0.8.10
  Downloaded rustix v1.1.4
  Downloaded regex-automata v0.4.14
  Downloaded libc v0.2.185
  Downloaded linux-raw-sys v0.12.1
   Compiling proc-macro2 v1.0.106
   Compiling quote v1.0.45
   Compiling unicode-ident v1.0.24
   Compiling syn v2.0.117
   Compiling libc v0.2.185
   Compiling cfg-if v1.0.4
   Compiling autocfg v1.5.0
   Compiling zerocopy v0.8.48
   Compiling zerocopy-derive v0.8.48
   Compiling getrandom v0.3.4
   Compiling bytemuck_derive v1.10.2
   Compiling bytemuck v1.25.0
   Compiling num-traits v0.2.19
   Compiling crossbeam-utils v0.8.21
   Compiling serde_core v1.0.228
   Compiling rustix v1.1.4
   Compiling crossbeam-epoch v0.9.18
   Compiling half v2.7.1
   Compiling serde v1.0.228
   Compiling bitflags v2.11.1
   Compiling once_cell v1.21.4
   Compiling rayon-core v1.13.0
   Compiling zmij v1.0.21
   Compiling either v1.15.0
   Compiling linux-raw-sys v0.12.1
   Compiling crossbeam-deque v0.8.6
   Compiling rand_core v0.9.5
   Compiling serde_derive v1.0.228
   Compiling fastrand v2.4.1
   Compiling regex-syntax v0.8.10
   Compiling serde_json v1.0.149
   Compiling tempfile v3.27.0
   Compiling matrixmultiply v0.3.10
   Compiling clap_lex v1.1.0
   Compiling plotters-backend v0.3.7
   Compiling itoa v1.0.18
   Compiling anstyle v1.0.14
   Compiling ciborium-io v0.2.2
   Compiling libm v0.2.16
   Compiling memchr v2.8.0
   Compiling ciborium-ll v0.2.2
   Compiling clap_builder v4.6.0
   Compiling plotters-svg v0.3.7
   Compiling rayon v1.12.0
   Compiling regex-automata v0.4.14
   Compiling itertools v0.10.5
   Compiling num-complex v0.4.6
   Compiling safe_arch v0.7.4
   Compiling ppv-lite86 v0.2.21
   Compiling wait-timeout v0.2.1
   Compiling same-file v1.0.6
   Compiling rawpointer v0.2.1
   Compiling fnv v1.0.7
   Compiling bit-vec v0.8.0
   Compiling cast v0.3.0
   Compiling quick-error v1.2.3
   Compiling rusty-fork v0.3.1
   Compiling criterion-plot v0.5.0
   Compiling bit-set v0.8.0
   Compiling walkdir v2.5.0
   Compiling rand_chacha v0.9.0
   Compiling wide v0.7.33
   Compiling ft-core v0.1.0 (/data/projects/frankentorch/crates/ft-core)
   Compiling regex v1.12.3
   Compiling plotters v0.3.7
   Compiling clap v4.6.1
   Compiling ciborium v0.2.2
   Compiling tinytemplate v1.2.1
   Compiling rand v0.9.4
   Compiling rand_xorshift v0.4.0
   Compiling is-terminal v0.4.17
   Compiling console v0.16.3
   Compiling unarray v0.1.4
   Compiling anes v0.1.6
   Compiling similar v2.7.0
   Compiling oorandom v11.1.5
   Compiling criterion v0.5.1
   Compiling insta v1.47.2
   Compiling proptest v1.11.0
   Compiling ft-kernel-cpu v0.1.0 (/data/projects/frankentorch/crates/ft-kernel-cpu)
    Finished `bench` profile [optimized + debuginfo] target(s) in 4m 57s
     Running benches/linalg_bench.rs (.rch-target-vmi1149989-job-29884606035526851-1781322590237582438-0/release/deps/linalg_bench-aa9fc2ba4861f31f)
Gnuplot not found, using plotters backend
Benchmarking eigvals_f64_256x256
Benchmarking eigvals_f64_256x256: Warming up for 1.0000 s
Benchmarking eigvals_f64_256x256: Collecting 10 samples in estimated 3.6775 s (165 iterations)
Benchmarking eigvals_f64_256x256: Analyzing
eigvals_f64_256x256     time:   [22.106 ms 25.710 ms 30.316 ms]
Found 1 outliers among 10 measurements (10.00%)
  1 (10.00%) high severe

  [2m2026-06-13T03:56:03.335488Z[0m [32m INFO[0m [1;32mrch::hook[0m[32m: [32mRemote command finished: exit=0 in 334209ms[0m
    [2;3mat[0m rch/src/hook.rs:6376 [2;3mon[0m ThreadId(1)

  [2m2026-06-13T03:56:03.335850Z[0m [32m INFO[0m [1;32mrch::hook[0m[32m: [32mRetrieving build artifacts...[0m
    [2;3mat[0m rch/src/hook.rs:6425 [2;3mon[0m ThreadId(1)

  [2m2026-06-13T03:56:03.335874Z[0m [32m INFO[0m [1;32mrch::transfer[0m[32m: [32mRetrieving artifacts from /data/projects/frankentorch on vmi1149989[0m
    [2;3mat[0m rch/src/transfer.rs:2106 [2;3mon[0m ThreadId(1)

  [2m2026-06-13T03:56:05.252104Z[0m [32m INFO[0m [1;32mrch::transfer[0m[32m: [32mArtifacts retrieved in 1916ms (1 files, 1809 bytes)[0m
    [2;3mat[0m rch/src/transfer.rs:2145 [2;3mon[0m ThreadId(1)

  [2m2026-06-13T03:56:05.252125Z[0m [32m INFO[0m [1;32mrch::hook[0m[32m: [32mArtifacts retrieved: 1 files, 1809 bytes in 1916ms[0m
    [2;3mat[0m rch/src/hook.rs:6458 [2;3mon[0m ThreadId(1)

  [2m2026-06-13T03:56:05.252230Z[0m [32m INFO[0m [1;32mrch::transfer[0m[32m: [32mRetrieving artifacts from /data/projects/frankentorch/.rch-target-vmi1149989-job-29884606035526851-1781322590237582438-0 on vmi1149989[0m
    [2;3mat[0m rch/src/transfer.rs:2106 [2;3mon[0m ThreadId(1)

  [2m2026-06-13T03:56:07.247068Z[0m [32m INFO[0m [1;32mrch::transfer[0m[32m: [32mArtifacts retrieved in 1994ms (27 files, 1997 bytes)[0m
    [2;3mat[0m rch/src/transfer.rs:2145 [2;3mon[0m ThreadId(1)

  [2m2026-06-13T03:56:07.247093Z[0m [32m INFO[0m [1;32mrch::hook[0m[32m: [32mCustom CARGO_TARGET_DIR artifacts retrieved: 27 files, 1997 bytes in 1994ms[0m
    [2;3mat[0m rch/src/hook.rs:6582 [2;3mon[0m ThreadId(1)

[RCH] remote vmi1149989 (379.0s)
