  [2m2026-06-15T19:48:02.070137Z[0m [32m INFO[0m [1;32mrch::hook[0m[32m: [32mSelected worker: vmi1152480 at root@109.205.181.92 (4 slots remaining after reservation, speed 50.0)[0m
    [2;3mat[0m rch/src/hook.rs:514 [2;3mon[0m ThreadId(1)

  [2m2026-06-15T19:48:02.388186Z[0m [32m INFO[0m [1;32mrch::hook[0m[32m: [32mStarting remote compilation pipeline for frankentorch (hash: 0ec0772f2c4d842e)[0m
    [2;3mat[0m rch/src/hook.rs:5994 [2;3mon[0m ThreadId(1)

  [2m2026-06-15T19:48:02.388224Z[0m [32m INFO[0m [1;32mrch::hook[0m[32m: [32mPrepared dependency sync manifest for 13 roots[0m
    [2;3mat[0m rch/src/hook.rs:6016 [2;3mon[0m ThreadId(1)

  [2m2026-06-15T19:48:04.540611Z[0m [32m INFO[0m [1;32mrch::hook[0m[32m: [32mSyncing project to worker vmi1152480...[0m
    [2;3mat[0m rch/src/hook.rs:6046 [2;3mon[0m ThreadId(1)

  [2m2026-06-15T19:48:04.540722Z[0m [32m INFO[0m [1;32mrch::transfer[0m[32m: [32mSyncing /data/projects/frankentorch -> /data/projects/frankentorch on vmi1152480[0m
    [2;3mat[0m rch/src/transfer.rs:1434 [2;3mon[0m ThreadId(1)

  [2m2026-06-15T19:48:13.382489Z[0m [32m INFO[0m [1;32mrch::transfer[0m[32m: [32mSync completed in 8841ms[0m
    [2;3mat[0m rch/src/transfer.rs:1503 [2;3mon[0m ThreadId(1)

  [2m2026-06-15T19:48:13.382592Z[0m [32m INFO[0m [1;32mrch::transfer[0m[32m: [32mSyncing /data/projects/frankentorch/crates/ft-api -> /data/projects/frankentorch/crates/ft-api on vmi1152480[0m
    [2;3mat[0m rch/src/transfer.rs:1434 [2;3mon[0m ThreadId(1)

  [2m2026-06-15T19:48:15.500689Z[0m [32m INFO[0m [1;32mrch::transfer[0m[32m: [32mSync completed in 2118ms[0m
    [2;3mat[0m rch/src/transfer.rs:1503 [2;3mon[0m ThreadId(1)

  [2m2026-06-15T19:48:15.500820Z[0m [32m INFO[0m [1;32mrch::transfer[0m[32m: [32mSyncing /data/projects/frankentorch/crates/ft-autograd -> /data/projects/frankentorch/crates/ft-autograd on vmi1152480[0m
    [2;3mat[0m rch/src/transfer.rs:1434 [2;3mon[0m ThreadId(1)

  [2m2026-06-15T19:48:17.684352Z[0m [32m INFO[0m [1;32mrch::transfer[0m[32m: [32mSync completed in 2183ms[0m
    [2;3mat[0m rch/src/transfer.rs:1503 [2;3mon[0m ThreadId(1)

  [2m2026-06-15T19:48:17.684463Z[0m [32m INFO[0m [1;32mrch::transfer[0m[32m: [32mSyncing /data/projects/frankentorch/crates/ft-conformance -> /data/projects/frankentorch/crates/ft-conformance on vmi1152480[0m
    [2;3mat[0m rch/src/transfer.rs:1434 [2;3mon[0m ThreadId(1)

  [2m2026-06-15T19:48:19.703775Z[0m [32m INFO[0m [1;32mrch::transfer[0m[32m: [32mSync completed in 2019ms[0m
    [2;3mat[0m rch/src/transfer.rs:1503 [2;3mon[0m ThreadId(1)

  [2m2026-06-15T19:48:19.703904Z[0m [32m INFO[0m [1;32mrch::transfer[0m[32m: [32mSyncing /data/projects/frankentorch/crates/ft-core -> /data/projects/frankentorch/crates/ft-core on vmi1152480[0m
    [2;3mat[0m rch/src/transfer.rs:1434 [2;3mon[0m ThreadId(1)

  [2m2026-06-15T19:48:21.881793Z[0m [32m INFO[0m [1;32mrch::transfer[0m[32m: [32mSync completed in 2177ms[0m
    [2;3mat[0m rch/src/transfer.rs:1503 [2;3mon[0m ThreadId(1)

  [2m2026-06-15T19:48:21.881920Z[0m [32m INFO[0m [1;32mrch::transfer[0m[32m: [32mSyncing /data/projects/frankentorch/crates/ft-data -> /data/projects/frankentorch/crates/ft-data on vmi1152480[0m
    [2;3mat[0m rch/src/transfer.rs:1434 [2;3mon[0m ThreadId(1)

  [2m2026-06-15T19:48:24.117509Z[0m [32m INFO[0m [1;32mrch::transfer[0m[32m: [32mSync completed in 2235ms[0m
    [2;3mat[0m rch/src/transfer.rs:1503 [2;3mon[0m ThreadId(1)

  [2m2026-06-15T19:48:24.117653Z[0m [32m INFO[0m [1;32mrch::transfer[0m[32m: [32mSyncing /data/projects/frankentorch/crates/ft-device -> /data/projects/frankentorch/crates/ft-device on vmi1152480[0m
    [2;3mat[0m rch/src/transfer.rs:1434 [2;3mon[0m ThreadId(1)

  [2m2026-06-15T19:48:26.342264Z[0m [32m INFO[0m [1;32mrch::transfer[0m[32m: [32mSync completed in 2224ms[0m
    [2;3mat[0m rch/src/transfer.rs:1503 [2;3mon[0m ThreadId(1)

  [2m2026-06-15T19:48:26.342396Z[0m [32m INFO[0m [1;32mrch::transfer[0m[32m: [32mSyncing /data/projects/frankentorch/crates/ft-dispatch -> /data/projects/frankentorch/crates/ft-dispatch on vmi1152480[0m
    [2;3mat[0m rch/src/transfer.rs:1434 [2;3mon[0m ThreadId(1)

  [2m2026-06-15T19:48:28.438013Z[0m [32m INFO[0m [1;32mrch::transfer[0m[32m: [32mSync completed in 2095ms[0m
    [2;3mat[0m rch/src/transfer.rs:1503 [2;3mon[0m ThreadId(1)

  [2m2026-06-15T19:48:28.438146Z[0m [32m INFO[0m [1;32mrch::transfer[0m[32m: [32mSyncing /data/projects/frankentorch/crates/ft-kernel-cpu -> /data/projects/frankentorch/crates/ft-kernel-cpu on vmi1152480[0m
    [2;3mat[0m rch/src/transfer.rs:1434 [2;3mon[0m ThreadId(1)

  [2m2026-06-15T19:48:30.515726Z[0m [32m INFO[0m [1;32mrch::transfer[0m[32m: [32mSync completed in 2077ms[0m
    [2;3mat[0m rch/src/transfer.rs:1503 [2;3mon[0m ThreadId(1)

  [2m2026-06-15T19:48:30.515861Z[0m [32m INFO[0m [1;32mrch::transfer[0m[32m: [32mSyncing /data/projects/frankentorch/crates/ft-nn -> /data/projects/frankentorch/crates/ft-nn on vmi1152480[0m
    [2;3mat[0m rch/src/transfer.rs:1434 [2;3mon[0m ThreadId(1)

  [2m2026-06-15T19:48:32.449125Z[0m [32m INFO[0m [1;32mrch::transfer[0m[32m: [32mSync completed in 1933ms[0m
    [2;3mat[0m rch/src/transfer.rs:1503 [2;3mon[0m ThreadId(1)

  [2m2026-06-15T19:48:32.449258Z[0m [32m INFO[0m [1;32mrch::transfer[0m[32m: [32mSyncing /data/projects/frankentorch/crates/ft-optim -> /data/projects/frankentorch/crates/ft-optim on vmi1152480[0m
    [2;3mat[0m rch/src/transfer.rs:1434 [2;3mon[0m ThreadId(1)

  [2m2026-06-15T19:48:34.775607Z[0m [32m INFO[0m [1;32mrch::transfer[0m[32m: [32mSync completed in 2326ms[0m
    [2;3mat[0m rch/src/transfer.rs:1503 [2;3mon[0m ThreadId(1)

  [2m2026-06-15T19:48:34.775719Z[0m [32m INFO[0m [1;32mrch::transfer[0m[32m: [32mSyncing /data/projects/frankentorch/crates/ft-runtime -> /data/projects/frankentorch/crates/ft-runtime on vmi1152480[0m
    [2;3mat[0m rch/src/transfer.rs:1434 [2;3mon[0m ThreadId(1)

  [2m2026-06-15T19:48:36.907303Z[0m [32m INFO[0m [1;32mrch::transfer[0m[32m: [32mSync completed in 2131ms[0m
    [2;3mat[0m rch/src/transfer.rs:1503 [2;3mon[0m ThreadId(1)

  [2m2026-06-15T19:48:36.907435Z[0m [32m INFO[0m [1;32mrch::transfer[0m[32m: [32mSyncing /data/projects/frankentorch/crates/ft-serialize -> /data/projects/frankentorch/crates/ft-serialize on vmi1152480[0m
    [2;3mat[0m rch/src/transfer.rs:1434 [2;3mon[0m ThreadId(1)

  [2m2026-06-15T19:48:39.073864Z[0m [32m INFO[0m [1;32mrch::transfer[0m[32m: [32mSync completed in 2166ms[0m
    [2;3mat[0m rch/src/transfer.rs:1503 [2;3mon[0m ThreadId(1)

  [2m2026-06-15T19:48:39.073899Z[0m [32m INFO[0m [1;32mrch::hook[0m[32m: [32mSync complete: 52214 files, 1878491 bytes in 34525ms[0m
    [2;3mat[0m rch/src/hook.rs:6209 [2;3mon[0m ThreadId(1)

  [2m2026-06-15T19:48:45.725405Z[0m [32m INFO[0m [1;32mrch::hook[0m[32m: [32mExecuting command remotely: cargo bench -j 1 -p ft-api --bench ops_bench histogramdd/f64_1m_3d_16bins -- --warm-up-time 1 --measurement-time 5 --sample-size 20[0m
    [2;3mat[0m rch/src/hook.rs:6252 [2;3mon[0m ThreadId(1)

  [2m2026-06-15T19:48:45.725460Z[0m [32m INFO[0m [1;32mrch::transfer[0m[32m: [32mRewriting CARGO_TARGET_DIR for remote execution (worker-scoped path): /data/tmp/cargo-target -> /data/projects/frankentorch/.rch-target-vmi1152480-job-29884606035533242-1781552884540603295-0[0m
    [2;3mat[0m rch/src/transfer.rs:712 [2;3mon[0m ThreadId(1)

    Updating crates.io index
 Downloading crates ...
  Downloaded anstyle v1.0.14
  Downloaded cfg-if v1.0.4
  Downloaded ciborium-io v0.2.2
  Downloaded criterion-plot v0.5.0
  Downloaded crossbeam-utils v0.8.21
  Downloaded clap_builder v4.6.0
  Downloaded num-traits v0.2.19
  Downloaded proc-macro2 v1.0.106
  Downloaded clap_lex v1.1.0
  Downloaded half v2.7.1
  Downloaded safe_arch v0.7.4
  Downloaded anes v0.1.6
  Downloaded ciborium v0.2.2
  Downloaded regex v1.12.3
  Downloaded either v1.15.0
  Downloaded plotters v0.3.7
  Downloaded bytemuck v1.25.0
  Downloaded memchr v2.8.0
  Downloaded rayon v1.12.0
  Downloaded serde_json v1.0.149
  Downloaded zerocopy v0.8.48
  Downloaded clap v4.6.1
  Downloaded criterion v0.5.1
  Downloaded num-complex v0.4.6
  Downloaded rawpointer v0.2.1
  Downloaded serde_derive v1.0.228
  Downloaded zmij v1.0.21
  Downloaded aho-corasick v1.1.4
  Downloaded crossbeam-epoch v0.9.18
  Downloaded wide v0.7.33
  Downloaded bytemuck_derive v1.10.2
  Downloaded matrixmultiply v0.3.10
  Downloaded plotters-backend v0.3.7
  Downloaded same-file v1.0.6
  Downloaded zerocopy-derive v0.8.48
  Downloaded autocfg v1.5.0
  Downloaded ciborium-ll v0.2.2
  Downloaded crossbeam-deque v0.8.6
  Downloaded once_cell v1.21.4
  Downloaded oorandom v11.1.5
  Downloaded plotters-svg v0.3.7
  Downloaded walkdir v2.5.0
  Downloaded libm v0.2.16
  Downloaded serde_core v1.0.228
  Downloaded serde v1.0.228
  Downloaded tinytemplate v1.2.1
  Downloaded cast v0.3.0
  Downloaded syn v2.0.117
  Downloaded itoa v1.0.18
  Downloaded quote v1.0.45
  Downloaded rayon-core v1.13.0
  Downloaded regex-syntax v0.8.10
  Downloaded is-terminal v0.4.17
  Downloaded itertools v0.10.5
  Downloaded regex-automata v0.4.14
  Downloaded libc v0.2.185
  Downloaded unicode-ident v1.0.24
   Compiling proc-macro2 v1.0.106
   Compiling unicode-ident v1.0.24
   Compiling quote v1.0.45
   Compiling syn v2.0.117
   Compiling autocfg v1.5.0
   Compiling bytemuck_derive v1.10.2
   Compiling bytemuck v1.25.0
   Compiling zerocopy v0.8.48
   Compiling num-traits v0.2.19
   Compiling zerocopy-derive v0.8.48
   Compiling crossbeam-utils v0.8.21
   Compiling cfg-if v1.0.4
   Compiling half v2.7.1
   Compiling crossbeam-epoch v0.9.18
   Compiling rayon-core v1.13.0
   Compiling either v1.15.0
   Compiling crossbeam-deque v0.8.6
   Compiling serde_core v1.0.228
   Compiling num-complex v0.4.6
   Compiling matrixmultiply v0.3.10
   Compiling libm v0.2.16
   Compiling ft-core v0.1.0 (/data/projects/frankentorch/crates/ft-core)
   Compiling rayon v1.12.0
   Compiling safe_arch v0.7.4
   Compiling rawpointer v0.2.1
   Compiling zmij v1.0.21
   Compiling serde v1.0.228
   Compiling wide v0.7.33
   Compiling serde_derive v1.0.228
   Compiling libc v0.2.185
   Compiling serde_json v1.0.149
   Compiling ft-kernel-cpu v0.1.0 (/data/projects/frankentorch/crates/ft-kernel-cpu)
   Compiling ciborium-io v0.2.2
   Compiling plotters-backend v0.3.7
   Compiling regex-syntax v0.8.10
   Compiling anstyle v1.0.14
   Compiling itoa v1.0.18
   Compiling clap_lex v1.1.0
   Compiling memchr v2.8.0
   Compiling clap_builder v4.6.0
   Compiling regex-automata v0.4.14
   Compiling plotters-svg v0.3.7
   Compiling ciborium-ll v0.2.2
   Compiling ft-dispatch v0.1.0 (/data/projects/frankentorch/crates/ft-dispatch)
   Compiling itertools v0.10.5
   Compiling same-file v1.0.6
   Compiling cast v0.3.0
   Compiling criterion-plot v0.5.0
   Compiling walkdir v2.5.0
   Compiling is-terminal v0.4.17
   Compiling ft-autograd v0.1.0 (/data/projects/frankentorch/crates/ft-autograd)
   Compiling ciborium v0.2.2
   Compiling plotters v0.3.7
   Compiling regex v1.12.3
   Compiling clap v4.6.1
   Compiling tinytemplate v1.2.1
   Compiling ft-runtime v0.1.0 (/data/projects/frankentorch/crates/ft-runtime)
   Compiling once_cell v1.21.4
   Compiling anes v0.1.6
   Compiling oorandom v11.1.5
   Compiling criterion v0.5.1
   Compiling ft-api v0.1.0 (/data/projects/frankentorch/crates/ft-api)
    Finished `bench` profile [optimized + debuginfo] target(s) in 12m 20s
     Running benches/ops_bench.rs (.rch-target-vmi1152480-job-29884606035533242-1781552884540603295-0/release/deps/ops_bench-8824b9e24f0b8087)
Gnuplot not found, using plotters backend
Benchmarking histogramdd/f64_1m_3d_16bins
Benchmarking histogramdd/f64_1m_3d_16bins: Warming up for 1.0000 s
Benchmarking histogramdd/f64_1m_3d_16bins: Collecting 20 samples in estimated 9.5367 s (420 iterations)
Benchmarking histogramdd/f64_1m_3d_16bins: Analyzing
histogramdd/f64_1m_3d_16bins
                        time:   [18.709 ms 21.685 ms 24.314 ms]
                        thrpt:  [43.126 Melem/s 48.356 Melem/s 56.047 Melem/s]
Found 4 outliers among 20 measurements (20.00%)
  2 (10.00%) low mild
  1 (5.00%) high mild
  1 (5.00%) high severe

  [2m2026-06-15T20:01:22.029655Z[0m [32m INFO[0m [1;32mrch::hook[0m[32m: [32mRemote command finished: exit=0 in 756304ms[0m
    [2;3mat[0m rch/src/hook.rs:6376 [2;3mon[0m ThreadId(1)

  [2m2026-06-15T20:01:22.029832Z[0m [32m INFO[0m [1;32mrch::hook[0m[32m: [32mRetrieving build artifacts...[0m
    [2;3mat[0m rch/src/hook.rs:6425 [2;3mon[0m ThreadId(1)

  [2m2026-06-15T20:01:22.029845Z[0m [32m INFO[0m [1;32mrch::transfer[0m[32m: [32mRetrieving artifacts from /data/projects/frankentorch on vmi1152480[0m
    [2;3mat[0m rch/src/transfer.rs:2106 [2;3mon[0m ThreadId(1)

  [2m2026-06-15T20:01:24.534125Z[0m [32m INFO[0m [1;32mrch::transfer[0m[32m: [32mArtifacts retrieved in 2504ms (1 files, 1824 bytes)[0m
    [2;3mat[0m rch/src/transfer.rs:2145 [2;3mon[0m ThreadId(1)

  [2m2026-06-15T20:01:24.534147Z[0m [32m INFO[0m [1;32mrch::hook[0m[32m: [32mArtifacts retrieved: 1 files, 1824 bytes in 2504ms[0m
    [2;3mat[0m rch/src/hook.rs:6458 [2;3mon[0m ThreadId(1)

  [2m2026-06-15T20:01:24.534249Z[0m [32m INFO[0m [1;32mrch::transfer[0m[32m: [32mRetrieving artifacts from /data/projects/frankentorch/.rch-target-vmi1152480-job-29884606035533242-1781552884540603295-0 on vmi1152480[0m
    [2;3mat[0m rch/src/transfer.rs:2106 [2;3mon[0m ThreadId(1)

  [2m2026-06-15T20:01:26.834069Z[0m [32m INFO[0m [1;32mrch::transfer[0m[32m: [32mArtifacts retrieved in 2299ms (28 files, 2075 bytes)[0m
    [2;3mat[0m rch/src/transfer.rs:2145 [2;3mon[0m ThreadId(1)

  [2m2026-06-15T20:01:26.834089Z[0m [32m INFO[0m [1;32mrch::hook[0m[32m: [32mCustom CARGO_TARGET_DIR artifacts retrieved: 28 files, 2075 bytes in 2299ms[0m
    [2;3mat[0m rch/src/hook.rs:6582 [2;3mon[0m ThreadId(1)

[RCH] remote vmi1152480 (804.8s)
