  [2m2026-06-14T03:48:55.692603Z[0m [32m INFO[0m [1;32mrch::hook[0m[32m: [32mSelected worker: vmi1293453 at root@149.102.137.103 (1 slots remaining after reservation, speed 50.0)[0m
    [2;3mat[0m rch/src/hook.rs:514 [2;3mon[0m ThreadId(1)

  [2m2026-06-14T03:48:56.446330Z[0m [32m INFO[0m [1;32mrch::hook[0m[32m: [32mStarting remote compilation pipeline for frankentorch-2ar7m-baseline-20260614T0316 (hash: a022b95843b124ee)[0m
    [2;3mat[0m rch/src/hook.rs:5994 [2;3mon[0m ThreadId(1)

  [2m2026-06-14T03:48:56.446400Z[0m [32m INFO[0m [1;32mrch::hook[0m[32m: [32mPrepared dependency sync manifest for 13 roots[0m
    [2;3mat[0m rch/src/hook.rs:6016 [2;3mon[0m ThreadId(1)

  [2m2026-06-14T03:48:58.252918Z[0m [32m INFO[0m [1;32mrch::hook[0m[32m: [32mSyncing project to worker vmi1293453...[0m
    [2;3mat[0m rch/src/hook.rs:6046 [2;3mon[0m ThreadId(1)

  [2m2026-06-14T03:48:58.253063Z[0m [32m INFO[0m [1;32mrch::transfer[0m[32m: [32mSyncing /data/projects/.scratch/frankentorch-2ar7m-baseline-20260614T0316 -> /data/projects/.scratch/frankentorch-2ar7m-baseline-20260614T0316 on vmi1293453[0m
    [2;3mat[0m rch/src/transfer.rs:1434 [2;3mon[0m ThreadId(1)

  [2m2026-06-14T03:49:01.280886Z[0m [32m INFO[0m [1;32mrch::transfer[0m[32m: [32mSync completed in 3027ms[0m
    [2;3mat[0m rch/src/transfer.rs:1503 [2;3mon[0m ThreadId(1)

  [2m2026-06-14T03:49:01.281083Z[0m [32m INFO[0m [1;32mrch::transfer[0m[32m: [32mSyncing /data/projects/.scratch/frankentorch-2ar7m-baseline-20260614T0316/crates/ft-api -> /data/projects/.scratch/frankentorch-2ar7m-baseline-20260614T0316/crates/ft-api on vmi1293453[0m
    [2;3mat[0m rch/src/transfer.rs:1434 [2;3mon[0m ThreadId(1)

  [2m2026-06-14T03:49:03.205270Z[0m [32m INFO[0m [1;32mrch::transfer[0m[32m: [32mSync completed in 1924ms[0m
    [2;3mat[0m rch/src/transfer.rs:1503 [2;3mon[0m ThreadId(1)

  [2m2026-06-14T03:49:03.205464Z[0m [32m INFO[0m [1;32mrch::transfer[0m[32m: [32mSyncing /data/projects/.scratch/frankentorch-2ar7m-baseline-20260614T0316/crates/ft-autograd -> /data/projects/.scratch/frankentorch-2ar7m-baseline-20260614T0316/crates/ft-autograd on vmi1293453[0m
    [2;3mat[0m rch/src/transfer.rs:1434 [2;3mon[0m ThreadId(1)

  [2m2026-06-14T03:49:05.347336Z[0m [32m INFO[0m [1;32mrch::transfer[0m[32m: [32mSync completed in 2141ms[0m
    [2;3mat[0m rch/src/transfer.rs:1503 [2;3mon[0m ThreadId(1)

  [2m2026-06-14T03:49:05.347469Z[0m [32m INFO[0m [1;32mrch::transfer[0m[32m: [32mSyncing /data/projects/.scratch/frankentorch-2ar7m-baseline-20260614T0316/crates/ft-conformance -> /data/projects/.scratch/frankentorch-2ar7m-baseline-20260614T0316/crates/ft-conformance on vmi1293453[0m
    [2;3mat[0m rch/src/transfer.rs:1434 [2;3mon[0m ThreadId(1)

  [2m2026-06-14T03:49:07.635575Z[0m [32m INFO[0m [1;32mrch::transfer[0m[32m: [32mSync completed in 2288ms[0m
    [2;3mat[0m rch/src/transfer.rs:1503 [2;3mon[0m ThreadId(1)

  [2m2026-06-14T03:49:07.635709Z[0m [32m INFO[0m [1;32mrch::transfer[0m[32m: [32mSyncing /data/projects/.scratch/frankentorch-2ar7m-baseline-20260614T0316/crates/ft-core -> /data/projects/.scratch/frankentorch-2ar7m-baseline-20260614T0316/crates/ft-core on vmi1293453[0m
    [2;3mat[0m rch/src/transfer.rs:1434 [2;3mon[0m ThreadId(1)

  [2m2026-06-14T03:49:10.022309Z[0m [32m INFO[0m [1;32mrch::transfer[0m[32m: [32mSync completed in 2386ms[0m
    [2;3mat[0m rch/src/transfer.rs:1503 [2;3mon[0m ThreadId(1)

  [2m2026-06-14T03:49:10.022496Z[0m [32m INFO[0m [1;32mrch::transfer[0m[32m: [32mSyncing /data/projects/.scratch/frankentorch-2ar7m-baseline-20260614T0316/crates/ft-data -> /data/projects/.scratch/frankentorch-2ar7m-baseline-20260614T0316/crates/ft-data on vmi1293453[0m
    [2;3mat[0m rch/src/transfer.rs:1434 [2;3mon[0m ThreadId(1)

  [2m2026-06-14T03:49:12.333226Z[0m [32m INFO[0m [1;32mrch::transfer[0m[32m: [32mSync completed in 2310ms[0m
    [2;3mat[0m rch/src/transfer.rs:1503 [2;3mon[0m ThreadId(1)

  [2m2026-06-14T03:49:12.333375Z[0m [32m INFO[0m [1;32mrch::transfer[0m[32m: [32mSyncing /data/projects/.scratch/frankentorch-2ar7m-baseline-20260614T0316/crates/ft-device -> /data/projects/.scratch/frankentorch-2ar7m-baseline-20260614T0316/crates/ft-device on vmi1293453[0m
    [2;3mat[0m rch/src/transfer.rs:1434 [2;3mon[0m ThreadId(1)

  [2m2026-06-14T03:49:14.896100Z[0m [32m INFO[0m [1;32mrch::transfer[0m[32m: [32mSync completed in 2562ms[0m
    [2;3mat[0m rch/src/transfer.rs:1503 [2;3mon[0m ThreadId(1)

  [2m2026-06-14T03:49:14.896282Z[0m [32m INFO[0m [1;32mrch::transfer[0m[32m: [32mSyncing /data/projects/.scratch/frankentorch-2ar7m-baseline-20260614T0316/crates/ft-dispatch -> /data/projects/.scratch/frankentorch-2ar7m-baseline-20260614T0316/crates/ft-dispatch on vmi1293453[0m
    [2;3mat[0m rch/src/transfer.rs:1434 [2;3mon[0m ThreadId(1)

  [2m2026-06-14T03:49:17.610470Z[0m [32m INFO[0m [1;32mrch::transfer[0m[32m: [32mSync completed in 2714ms[0m
    [2;3mat[0m rch/src/transfer.rs:1503 [2;3mon[0m ThreadId(1)

  [2m2026-06-14T03:49:17.610603Z[0m [32m INFO[0m [1;32mrch::transfer[0m[32m: [32mSyncing /data/projects/.scratch/frankentorch-2ar7m-baseline-20260614T0316/crates/ft-kernel-cpu -> /data/projects/.scratch/frankentorch-2ar7m-baseline-20260614T0316/crates/ft-kernel-cpu on vmi1293453[0m
    [2;3mat[0m rch/src/transfer.rs:1434 [2;3mon[0m ThreadId(1)

  [2m2026-06-14T03:49:20.294796Z[0m [32m INFO[0m [1;32mrch::transfer[0m[32m: [32mSync completed in 2684ms[0m
    [2;3mat[0m rch/src/transfer.rs:1503 [2;3mon[0m ThreadId(1)

  [2m2026-06-14T03:49:20.296993Z[0m [32m INFO[0m [1;32mrch::transfer[0m[32m: [32mSyncing /data/projects/.scratch/frankentorch-2ar7m-baseline-20260614T0316/crates/ft-nn -> /data/projects/.scratch/frankentorch-2ar7m-baseline-20260614T0316/crates/ft-nn on vmi1293453[0m
    [2;3mat[0m rch/src/transfer.rs:1434 [2;3mon[0m ThreadId(1)

  [2m2026-06-14T03:49:22.343361Z[0m [32m INFO[0m [1;32mrch::transfer[0m[32m: [32mSync completed in 2046ms[0m
    [2;3mat[0m rch/src/transfer.rs:1503 [2;3mon[0m ThreadId(1)

  [2m2026-06-14T03:49:22.343538Z[0m [32m INFO[0m [1;32mrch::transfer[0m[32m: [32mSyncing /data/projects/.scratch/frankentorch-2ar7m-baseline-20260614T0316/crates/ft-optim -> /data/projects/.scratch/frankentorch-2ar7m-baseline-20260614T0316/crates/ft-optim on vmi1293453[0m
    [2;3mat[0m rch/src/transfer.rs:1434 [2;3mon[0m ThreadId(1)

  [2m2026-06-14T03:49:24.674804Z[0m [32m INFO[0m [1;32mrch::transfer[0m[32m: [32mSync completed in 2331ms[0m
    [2;3mat[0m rch/src/transfer.rs:1503 [2;3mon[0m ThreadId(1)

  [2m2026-06-14T03:49:24.674985Z[0m [32m INFO[0m [1;32mrch::transfer[0m[32m: [32mSyncing /data/projects/.scratch/frankentorch-2ar7m-baseline-20260614T0316/crates/ft-runtime -> /data/projects/.scratch/frankentorch-2ar7m-baseline-20260614T0316/crates/ft-runtime on vmi1293453[0m
    [2;3mat[0m rch/src/transfer.rs:1434 [2;3mon[0m ThreadId(1)

  [2m2026-06-14T03:49:26.454318Z[0m [32m INFO[0m [1;32mrch::transfer[0m[32m: [32mSync completed in 1779ms[0m
    [2;3mat[0m rch/src/transfer.rs:1503 [2;3mon[0m ThreadId(1)

  [2m2026-06-14T03:49:26.454445Z[0m [32m INFO[0m [1;32mrch::transfer[0m[32m: [32mSyncing /data/projects/.scratch/frankentorch-2ar7m-baseline-20260614T0316/crates/ft-serialize -> /data/projects/.scratch/frankentorch-2ar7m-baseline-20260614T0316/crates/ft-serialize on vmi1293453[0m
    [2;3mat[0m rch/src/transfer.rs:1434 [2;3mon[0m ThreadId(1)

  [2m2026-06-14T03:49:28.501165Z[0m [32m INFO[0m [1;32mrch::transfer[0m[32m: [32mSync completed in 2046ms[0m
    [2;3mat[0m rch/src/transfer.rs:1503 [2;3mon[0m ThreadId(1)

  [2m2026-06-14T03:49:28.501212Z[0m [32m INFO[0m [1;32mrch::hook[0m[32m: [32mSync complete: 2752 files, 5582737 bytes in 30238ms[0m
    [2;3mat[0m rch/src/hook.rs:6209 [2;3mon[0m ThreadId(1)

  [2m2026-06-14T03:49:32.839732Z[0m [32m INFO[0m [1;32mrch::hook[0m[32m: [32mExecuting command remotely: cargo clippy -j 1 -p ft-serialize --all-targets -- -D warnings[0m
    [2;3mat[0m rch/src/hook.rs:6252 [2;3mon[0m ThreadId(1)

  [2m2026-06-14T03:49:32.839853Z[0m [32m INFO[0m [1;32mrch::transfer[0m[32m: [32mRewriting CARGO_TARGET_DIR for remote execution (worker-scoped path): /data/tmp/cargo-target -> /data/projects/.scratch/frankentorch-2ar7m-baseline-20260614T0316/.rch-target-vmi1293453-job-29884606035530608-1781408938252909802-0[0m
    [2;3mat[0m rch/src/transfer.rs:712 [2;3mon[0m ThreadId(1)

    Updating crates.io index
 Downloading crates ...
  Downloaded ciborium-ll v0.2.2
  Downloaded crossbeam-deque v0.8.6
  Downloaded once_cell v1.21.4
  Downloaded cmov v0.5.3
  Downloaded cast v0.3.0
  Downloaded bincode_derive-next v2.1.0
  Downloaded bytemuck_derive v1.10.2
  Downloaded parking_lot_core v0.9.12
  Downloaded num-traits v0.2.19
  Downloaded plotters-backend v0.3.7
  Downloaded bytes v1.11.1
  Downloaded pem-rfc7468 v0.7.0
  Downloaded polyval v0.6.2
  Downloaded pin-project v1.1.11
  Downloaded poly1305 v0.8.0
  Downloaded oorandom v11.1.5
  Downloaded parking_lot v0.12.5
  Downloaded base64 v0.22.1
  Downloaded cfg-if v1.0.4
  Downloaded cfg_aliases v0.2.1
  Downloaded generic-array v0.14.7
  Downloaded memoffset v0.9.1
  Downloaded opaque-debug v0.3.1
  Downloaded pin-project-lite v0.2.17
  Downloaded plotters-svg v0.3.7
  Downloaded cpufeatures v0.2.17
  Downloaded quote v1.0.45
  Downloaded wait-timeout v0.2.1
  Downloaded zeroize_derive v1.4.3
  Downloaded prost-derive v0.14.4
  Downloaded signature v2.2.0
  Downloaded bit-set v0.8.0
  Downloaded num-complex v0.4.6
  Downloaded pin-project-internal v1.1.11
  Downloaded tracing-log v0.2.0
  Downloaded version_check v0.9.5
  Downloaded rmp-serde v1.3.1
  Downloaded pkcs8 v0.10.2
  Downloaded scopeguard v1.2.0
  Downloaded rand_chacha v0.9.0
  Downloaded serde_derive v1.0.228
  Downloaded thiserror v2.0.18
  Downloaded inout v0.1.4
  Downloaded universal-hash v0.5.1
  Downloaded futures-io v0.3.32
  Downloaded franken-kernel v0.3.4
  Downloaded rand_chacha v0.3.1
  Downloaded rmp v0.8.15
  Downloaded smallvec v1.15.1
  Downloaded visibility v0.1.1
  Downloaded nkeys v0.4.5
  Downloaded subtle v2.6.1
  Downloaded unarray v0.1.4
  Downloaded either v1.15.0
  Downloaded anes v0.1.6
  Downloaded parking v2.2.1
  Downloaded ciborium-io v0.2.2
  Downloaded crypto-common v0.1.7
  Downloaded equivalent v1.0.2
  Downloaded clap_lex v1.1.0
  Downloaded cpufeatures v0.3.0
  Downloaded crypto-common v0.2.1
  Downloaded curve25519-dalek-derive v0.1.1
  Downloaded same-file v1.0.6
  Downloaded serde v1.0.228
  Downloaded unty-next v0.1.1
  Downloaded zmij v1.0.21
  Downloaded crossbeam-queue v0.3.12
  Downloaded quick-error v1.2.3
  Downloaded sha1 v0.11.0
  Downloaded itoa v1.0.18
  Downloaded futures-core v0.3.32
  Downloaded hex v0.4.3
  Downloaded rand_xorshift v0.4.0
  Downloaded sha2 v0.10.9
  Downloaded rand_core v0.6.4
  Downloaded signal-hook-registry v1.4.8
  Downloaded thread_local v1.1.9
  Downloaded block-buffer v0.10.4
  Downloaded lazy_static v1.5.0
  Downloaded autocfg v1.5.0
  Downloaded digest v0.11.2
  Downloaded franken-evidence v0.3.4
  Downloaded nu-ansi-term v0.50.3
  Downloaded rusty-fork v0.3.1
  Downloaded safetensors v0.7.0
  Downloaded walkdir v2.5.0
  Downloaded zeroize v1.8.2
  Downloaded block-buffer v0.12.0
  Downloaded ppv-lite86 v0.2.21
  Downloaded proc-macro2 v1.0.106
  Downloaded rand_core v0.9.5
  Downloaded rustc_version v0.4.1
  Downloaded signal-hook v0.4.4
  Downloaded spki v0.7.3
  Downloaded thiserror-impl v2.0.18
  Downloaded tracing-attributes v0.1.31
  Downloaded virtue-next v0.1.3
  Downloaded base64ct v1.8.3
  Downloaded bit-vec v0.8.0
  Downloaded ed25519 v2.2.3
  Downloaded polling v3.11.0
  Downloaded sha2 v0.11.0
  Downloaded similar v2.7.0
  Downloaded tempfile v3.27.0
  Downloaded tinytemplate v1.2.1
  Downloaded digest v0.10.7
  Downloaded is-terminal v0.4.17
  Downloaded slab v0.4.12
  Downloaded semver v1.0.28
  Downloaded futures-lite v2.6.1
  Downloaded ghash v0.5.1
  Downloaded cipher v0.4.4
  Downloaded errno v0.3.14
  Downloaded franken-decision v0.3.4
  Downloaded prost v0.14.4
  Downloaded socket2 v0.6.3
  Downloaded foldhash v0.2.0
  Downloaded sharded-slab v0.1.7
  Downloaded unicode-ident v1.0.24
  Downloaded tracing-core v0.1.36
  Downloaded serde_core v1.0.228
  Downloaded chacha20 v0.9.1
  Downloaded data-encoding v2.11.0
  Downloaded anstyle v1.0.14
  Downloaded fnv v1.0.7
  Downloaded aead v0.5.2
  Downloaded criterion-plot v0.5.0
  Downloaded ctr v0.9.2
  Downloaded fastrand v2.4.1
  Downloaded lock_api v0.4.14
  Downloaded const-oid v0.9.6
  Downloaded hybrid-array v0.4.10
  Downloaded rand v0.8.6
  Downloaded rayon-core v1.13.0
  Downloaded plotters v0.3.7
  Downloaded crc32fast v1.5.0
  Downloaded bitflags v2.11.1
  Downloaded crossbeam-epoch v0.9.18
  Downloaded console v0.16.3
  Downloaded getrandom v0.2.17
  Downloaded typenum v1.20.0
  Downloaded rand v0.9.4
  Downloaded crossbeam-utils v0.8.21
  Downloaded hmac v0.12.1
  Downloaded zerocopy-derive v0.8.48
  Downloaded ctutils v0.4.2
  Downloaded hmac v0.13.0
  Downloaded serde_json v1.0.149
  Downloaded signatory v0.27.1
  Downloaded bytemuck v1.25.0
  Downloaded half v2.7.1
  Downloaded clap v4.6.1
  Downloaded allocator-api2 v0.2.21
  Downloaded getrandom v0.3.4
  Downloaded anyhow v1.0.102
  Downloaded ciborium v0.2.2
  Downloaded log v0.4.29
  Downloaded regex v1.12.3
  Downloaded tracing-subscriber v0.3.23
  Downloaded getrandom v0.4.2
  Downloaded rayon v1.12.0
  Downloaded sysinfo v0.33.1
  Downloaded proptest v1.11.0
  Downloaded const-oid v0.10.2
  Downloaded chacha20poly1305 v0.10.1
  Downloaded bincode-next v2.1.0
  Downloaded syn v2.0.117
  Downloaded ed25519-dalek v2.2.0
  Downloaded zerocopy v0.8.48
  Downloaded memchr v2.8.0
  Downloaded der v0.7.10
  Downloaded regex-syntax v0.8.10
  Downloaded itertools v0.10.5
  Downloaded rustix v1.1.4
  Downloaded tracing v0.1.44
  Downloaded criterion v0.5.1
  Downloaded aes v0.8.4
  Downloaded insta v1.47.2
  Downloaded regex-automata v0.4.14
  Downloaded aes-gcm v0.10.3
  Downloaded hashbrown v0.16.1
  Downloaded hkdf v0.12.4
  Downloaded hashbrown v0.17.0
  Downloaded clap_builder v4.6.0
  Downloaded aho-corasick v1.1.4
  Downloaded nix v0.31.2
  Downloaded curve25519-dalek v4.1.3
  Downloaded libc v0.2.185
  Downloaded linux-raw-sys v0.12.1
  Downloaded asupersync v0.3.4
   Compiling proc-macro2 v1.0.106
   Compiling quote v1.0.45
   Compiling unicode-ident v1.0.24
   Compiling libc v0.2.185
    Checking cfg-if v1.0.4
   Compiling syn v2.0.117
    Checking typenum v1.20.0
   Compiling version_check v0.9.5
   Compiling generic-array v0.14.7
    Checking getrandom v0.2.17
    Checking rand_core v0.6.4
    Checking crypto-common v0.1.7
    Checking subtle v2.6.1
   Compiling serde_core v1.0.228
   Compiling autocfg v1.5.0
   Compiling zerocopy v0.8.48
   Compiling zerocopy-derive v0.8.48
   Compiling zeroize_derive v1.4.3
    Checking zeroize v1.8.2
    Checking cpufeatures v0.2.17
   Compiling serde v1.0.228
    Checking block-buffer v0.10.4
   Compiling serde_derive v1.0.228
   Compiling getrandom v0.3.4
    Checking digest v0.10.7
   Compiling num-traits v0.2.19
   Compiling crossbeam-utils v0.8.21
    Checking once_cell v1.21.4
   Compiling zmij v1.0.21
   Compiling rustix v1.1.4
    Checking memchr v2.8.0
   Compiling serde_json v1.0.149
    Checking bitflags v2.11.1
    Checking inout v0.1.4
    Checking hybrid-array v0.4.10
    Checking linux-raw-sys v0.12.1
   Compiling semver v1.0.28
    Checking itoa v1.0.18
    Checking base64ct v1.8.3
    Checking pem-rfc7468 v0.7.0
   Compiling rustc_version v0.4.1
    Checking cipher v0.4.4
    Checking crossbeam-epoch v0.9.18
    Checking ppv-lite86 v0.2.21
    Checking universal-hash v0.5.1
   Compiling bytemuck_derive v1.10.2
    Checking const-oid v0.9.6
   Compiling rayon-core v1.13.0
    Checking cmov v0.5.3
    Checking fastrand v2.4.1
    Checking opaque-debug v0.3.1
    Checking either v1.15.0
    Checking ctutils v0.4.2
    Checking der v0.7.10
    Checking bytemuck v1.25.0
    Checking crossbeam-deque v0.8.6
   Compiling curve25519-dalek v4.1.3
    Checking block-buffer v0.12.0
    Checking crypto-common v0.2.1
    Checking signature v2.2.0
   Compiling anyhow v1.0.102
    Checking const-oid v0.10.2
    Checking digest v0.11.2
    Checking half v2.7.1
    Checking spki v0.7.3
    Checking tempfile v3.27.0
    Checking tracing-core v0.1.36
   Compiling memoffset v0.9.1
   Compiling curve25519-dalek-derive v0.1.1
    Checking smallvec v1.15.1
    Checking foldhash v0.2.0
   Compiling parking_lot_core v0.9.12
    Checking log v0.4.29
    Checking allocator-api2 v0.2.21
    Checking equivalent v1.0.2
   Compiling cfg_aliases v0.2.1
   Compiling nix v0.31.2
   Compiling itertools v0.10.5
    Checking pkcs8 v0.10.2
    Checking rayon v1.12.0
    Checking ed25519 v2.2.3
    Checking polyval v0.6.2
    Checking rand_chacha v0.3.1
    Checking rand_core v0.9.5
    Checking sha2 v0.10.9
    Checking aead v0.5.2
    Checking errno v0.3.14
    Checking pin-project-lite v0.2.17
   Compiling virtue-next v0.1.3
    Checking regex-syntax v0.8.10
   Compiling crc32fast v1.5.0
    Checking scopeguard v1.2.0
   Compiling getrandom v0.4.2
   Compiling thiserror v2.0.18
    Checking lazy_static v1.5.0
    Checking cpufeatures v0.3.0
   Compiling signal-hook v0.4.4
    Checking sharded-slab v0.1.7
    Checking lock_api v0.4.14
   Compiling bincode_derive-next v2.1.0
    Checking signal-hook-registry v1.4.8
    Checking ed25519-dalek v2.2.0
    Checking rand v0.8.6
    Checking ghash v0.5.1
   Compiling prost-derive v0.14.4
    Checking signatory v0.27.1
    Checking tracing-log v0.2.0
    Checking poly1305 v0.8.0
    Checking aes v0.8.4
    Checking ctr v0.9.2
    Checking chacha20 v0.9.1
    Checking franken-evidence v0.3.4
    Checking rmp v0.8.15
    Checking hmac v0.12.1
    Checking franken-kernel v0.3.4
   Compiling pin-project-internal v1.1.11
   Compiling thiserror-impl v2.0.18
   Compiling tracing-attributes v0.1.31
    Checking thread_local v1.1.9
    Checking parking v2.2.1
    Checking unty-next v0.1.1
    Checking clap_lex v1.1.0
    Checking futures-core v0.3.32
    Checking ciborium-io v0.2.2
    Checking data-encoding v2.11.0
    Checking nu-ansi-term v0.50.3
    Checking anstyle v1.0.14
    Checking plotters-backend v0.3.7
    Checking futures-io v0.3.32
    Checking bytes v1.11.1
    Checking prost v0.14.4
    Checking futures-lite v2.6.1
    Checking plotters-svg v0.3.7
    Checking clap_builder v4.6.0
    Checking tracing-subscriber v0.3.23
    Checking nkeys v0.4.5
    Checking ciborium-ll v0.2.2
    Checking bincode-next v2.1.0
    Checking tracing v0.1.44
    Checking pin-project v1.1.11
    Checking franken-decision v0.3.4
    Checking hkdf v0.12.4
    Checking rmp-serde v1.3.1
    Checking chacha20poly1305 v0.10.1
    Checking aes-gcm v0.10.3
    Checking parking_lot v0.12.5
    Checking sha1 v0.11.0
    Checking sha2 v0.11.0
    Checking regex-automata v0.4.14
    Checking sysinfo v0.33.1
    Checking hashbrown v0.17.0
    Checking hashbrown v0.16.1
    Checking hmac v0.13.0
    Checking polling v3.11.0
    Checking crossbeam-queue v0.3.12
    Checking num-complex v0.4.6
    Checking socket2 v0.6.3
    Checking wait-timeout v0.2.1
   Compiling visibility v0.1.1
    Checking fnv v1.0.7
    Checking same-file v1.0.6
    Checking slab v0.4.12
    Checking base64 v0.22.1
    Checking quick-error v1.2.3
    Checking cast v0.3.0
    Checking hex v0.4.3
    Checking bit-vec v0.8.0
    Checking bit-set v0.8.0
    Checking asupersync v0.3.4
    Checking criterion-plot v0.5.0
    Checking rusty-fork v0.3.1
    Checking walkdir v2.5.0
    Checking ft-core v0.1.0 (/data/projects/.scratch/frankentorch-2ar7m-baseline-20260614T0316/crates/ft-core)
    Checking safetensors v0.7.0
    Checking regex v1.12.3
    Checking ciborium v0.2.2
    Checking clap v4.6.1
    Checking plotters v0.3.7
    Checking rand v0.9.4
    Checking rand_xorshift v0.4.0
    Checking rand_chacha v0.9.0
    Checking tinytemplate v1.2.1
    Checking is-terminal v0.4.17
    Checking console v0.16.3
    Checking oorandom v11.1.5
    Checking similar v2.7.0
    Checking unarray v0.1.4
    Checking anes v0.1.6
    Checking criterion v0.5.1
    Checking proptest v1.11.0
    Checking insta v1.47.2
    Checking ft-serialize v0.1.0 (/data/projects/.scratch/frankentorch-2ar7m-baseline-20260614T0316/crates/ft-serialize)
    Finished `dev` profile [unoptimized + debuginfo] target(s) in 2m 37s
  [2m2026-06-14T03:52:12.274150Z[0m [32m INFO[0m [1;32mrch::hook[0m[32m: [32mRemote command finished: exit=0 in 159434ms[0m
    [2;3mat[0m rch/src/hook.rs:6376 [2;3mon[0m ThreadId(1)

  [2m2026-06-14T03:52:12.274434Z[0m [32m INFO[0m [1;32mrch::hook[0m[32m: [32mRetrieving build artifacts...[0m
    [2;3mat[0m rch/src/hook.rs:6425 [2;3mon[0m ThreadId(1)

  [2m2026-06-14T03:52:12.274451Z[0m [32m INFO[0m [1;32mrch::transfer[0m[32m: [32mRetrieving artifacts from /data/projects/.scratch/frankentorch-2ar7m-baseline-20260614T0316 on vmi1293453[0m
    [2;3mat[0m rch/src/transfer.rs:2106 [2;3mon[0m ThreadId(1)

  [2m2026-06-14T03:52:14.413197Z[0m [32m INFO[0m [1;32mrch::transfer[0m[32m: [32mArtifacts retrieved in 2138ms (1 files, 1080 bytes)[0m
    [2;3mat[0m rch/src/transfer.rs:2145 [2;3mon[0m ThreadId(1)

  [2m2026-06-14T03:52:14.413225Z[0m [32m INFO[0m [1;32mrch::hook[0m[32m: [32mArtifacts retrieved: 1 files, 1080 bytes in 2138ms[0m
    [2;3mat[0m rch/src/hook.rs:6458 [2;3mon[0m ThreadId(1)

  [2m2026-06-14T03:52:14.413324Z[0m [32m INFO[0m [1;32mrch::transfer[0m[32m: [32mRetrieving artifacts from /data/projects/.scratch/frankentorch-2ar7m-baseline-20260614T0316/.rch-target-vmi1293453-job-29884606035530608-1781408938252909802-0 on vmi1293453[0m
    [2;3mat[0m rch/src/transfer.rs:2106 [2;3mon[0m ThreadId(1)

  [2m2026-06-14T03:52:19.074615Z[0m [32m INFO[0m [1;32mrch::transfer[0m[32m: [32mArtifacts retrieved in 4661ms (1847 files, 1456763 bytes)[0m
    [2;3mat[0m rch/src/transfer.rs:2145 [2;3mon[0m ThreadId(1)

  [2m2026-06-14T03:52:19.074638Z[0m [32m INFO[0m [1;32mrch::hook[0m[32m: [32mCustom CARGO_TARGET_DIR artifacts retrieved: 1847 files, 1456763 bytes in 4661ms[0m
    [2;3mat[0m rch/src/hook.rs:6582 [2;3mon[0m ThreadId(1)

[RCH] remote vmi1293453 (203.4s)
