local PyTorch comparator for batch_norm2d_f32; elapsed seconds total per run
python=/data/projects/.venvs/frankentorch-pytorch-cpu/bin/python
/data/projects/.venvs/frankentorch-pytorch-cpu/lib/python3.13/site-packages/torch/_subclasses/functional_tensor.py:362: UserWarning: Failed to initialize NumPy: No module named 'numpy' (Triggered internally at /pytorch/torch/csrc/utils/tensor_numpy.cpp:84.)
  cpu = _conversion_method_template(device=torch.device("cpu"))
torch=2.12.1+cpu
/data/projects/.venvs/frankentorch-pytorch-cpu/lib/python3.13/site-packages/torch/_subclasses/functional_tensor.py:362: UserWarning: Failed to initialize NumPy: No module named 'numpy' (Triggered internally at /pytorch/torch/csrc/utils/tensor_numpy.cpp:84.)
  cpu = _conversion_method_template(device=torch.device("cpu"))
checksum=1003520.000000000000
0.298917255015
/data/projects/.venvs/frankentorch-pytorch-cpu/lib/python3.13/site-packages/torch/_subclasses/functional_tensor.py:362: UserWarning: Failed to initialize NumPy: No module named 'numpy' (Triggered internally at /pytorch/torch/csrc/utils/tensor_numpy.cpp:84.)
  cpu = _conversion_method_template(device=torch.device("cpu"))
checksum=1003520.000000000000
0.298686239053
/data/projects/.venvs/frankentorch-pytorch-cpu/lib/python3.13/site-packages/torch/_subclasses/functional_tensor.py:362: UserWarning: Failed to initialize NumPy: No module named 'numpy' (Triggered internally at /pytorch/torch/csrc/utils/tensor_numpy.cpp:84.)
  cpu = _conversion_method_template(device=torch.device("cpu"))
checksum=1003520.000000000000
0.266571774962
/data/projects/.venvs/frankentorch-pytorch-cpu/lib/python3.13/site-packages/torch/_subclasses/functional_tensor.py:362: UserWarning: Failed to initialize NumPy: No module named 'numpy' (Triggered internally at /pytorch/torch/csrc/utils/tensor_numpy.cpp:84.)
  cpu = _conversion_method_template(device=torch.device("cpu"))
checksum=1003520.000000000000
0.279750167974
/data/projects/.venvs/frankentorch-pytorch-cpu/lib/python3.13/site-packages/torch/_subclasses/functional_tensor.py:362: UserWarning: Failed to initialize NumPy: No module named 'numpy' (Triggered internally at /pytorch/torch/csrc/utils/tensor_numpy.cpp:84.)
  cpu = _conversion_method_template(device=torch.device("cpu"))
checksum=1003520.000000000000
0.315121468971
