  [2m2026-06-11T04:45:25.212146Z[0m [34mDEBUG[0m [1;34mrch::verbose[0m[34m: [34mverbose output enabled, [1;34mmode[0m[34m: Plain, [1;34mformat[0m[34m: json[0m
    [2;3mat[0m rch/src/main.rs:1722 [2;3mon[0m ThreadId(1)

  [2m2026-06-11T04:45:25.212295Z[0m [34mDEBUG[0m [1;34mrch::hook::config_cache[0m[34m: [34mconfig.cache.hit, [1;34mpath[0m[34m: /home/ubuntu/.cache/rch/config.cache.json, [1;34mbytes[0m[34m: 2928[0m
    [2;3mat[0m rch/src/config.rs:196 [2;3mon[0m ThreadId(1)

  [2m2026-06-11T04:45:25.212353Z[0m [34mDEBUG[0m [1;34mrch::hook[0m[34m: [34m[RCH] project identity normalization: received_input=/data/projects/frankentorch[0m
    [2;3mat[0m rch/src/hook.rs:2875 [2;3mon[0m ThreadId(1)

  [2m2026-06-11T04:45:25.212359Z[0m [34mDEBUG[0m [1;34mrch::hook[0m[34m: [34m[RCH] project identity normalization: verified_absolute_input=/data/projects/frankentorch[0m
    [2;3mat[0m rch/src/hook.rs:2875 [2;3mon[0m ThreadId(1)

  [2m2026-06-11T04:45:25.212364Z[0m [34mDEBUG[0m [1;34mrch::hook[0m[34m: [34m[RCH] project identity normalization: canonical_root_resolved=/data/projects[0m
    [2;3mat[0m rch/src/hook.rs:2875 [2;3mon[0m ThreadId(1)

  [2m2026-06-11T04:45:25.212369Z[0m [34mDEBUG[0m [1;34mrch::hook[0m[34m: [34m[RCH] project identity normalization: canonical_input_resolved=/data/projects/frankentorch[0m
    [2;3mat[0m rch/src/hook.rs:2875 [2;3mon[0m ThreadId(1)

  [2m2026-06-11T04:45:25.212373Z[0m [34mDEBUG[0m [1;34mrch::hook[0m[34m: [34m[RCH] project identity normalization: verified_within_root=/data/projects/frankentorch root=/data/projects[0m
    [2;3mat[0m rch/src/hook.rs:2875 [2;3mon[0m ThreadId(1)

  [2m2026-06-11T04:45:25.213800Z[0m [32m INFO[0m [1;32mrch::hook[0m[32m: [32mSelected worker: vmi1227854 at root@109.123.245.77 (3 slots remaining after reservation, speed 50.0)[0m
    [2;3mat[0m rch/src/hook.rs:514 [2;3mon[0m ThreadId(1)

  [2m2026-06-11T04:45:25.484480Z[0m [32m INFO[0m [1;32mrch::hook[0m[32m: [32mStarting remote compilation pipeline for frankentorch (hash: 3d6dc0f5ca5d2899)[0m
    [2;3mat[0m rch/src/hook.rs:5994 [2;3mon[0m ThreadId(1)

  [2m2026-06-11T04:45:25.484549Z[0m [32m INFO[0m [1;32mrch::hook[0m[32m: [32mPrepared dependency sync manifest for 13 roots[0m
    [2;3mat[0m rch/src/hook.rs:6016 [2;3mon[0m ThreadId(1)

  [2m2026-06-11T04:45:27.209561Z[0m [32m INFO[0m [1;32mrch::hook[0m[32m: [32mSyncing project to worker vmi1227854...[0m
    [2;3mat[0m rch/src/hook.rs:6046 [2;3mon[0m ThreadId(1)

  [2m2026-06-11T04:45:27.209604Z[0m [34mDEBUG[0m [1;34mrch::transfer[0m[34m: [34mRewriting legacy broad exclude pattern '.core.*' to '.core.[0-9]*'[0m
    [2;3mat[0m rch/src/transfer.rs:769 [2;3mon[0m ThreadId(1)

  [2m2026-06-11T04:45:27.209610Z[0m [34mDEBUG[0m [1;34mrch::transfer[0m[34m: [34mRewriting legacy broad exclude pattern '.git/objects/' to '.git/'[0m
    [2;3mat[0m rch/src/transfer.rs:769 [2;3mon[0m ThreadId(1)

  [2m2026-06-11T04:45:27.209614Z[0m [34mDEBUG[0m [1;34mrch::transfer[0m[34m: [34mRewriting legacy broad exclude pattern 'core.*' to 'core.[0-9]*'[0m
    [2;3mat[0m rch/src/transfer.rs:769 [2;3mon[0m ThreadId(1)

  [2m2026-06-11T04:45:27.209630Z[0m [32m INFO[0m [1;32mrch::transfer[0m[32m: [32mSyncing /data/projects/frankentorch -> /data/projects/frankentorch on vmi1227854[0m
    [2;3mat[0m rch/src/transfer.rs:1434 [2;3mon[0m ThreadId(1)

  [2m2026-06-11T04:45:27.209634Z[0m [34mDEBUG[0m [1;34mrch::transfer[0m[34m: [34mEffective exclude patterns: ["*.rlib", "*.rmeta", ".beads/", ".bun/", ".rch-target-*/", ".rch-target*/", ".cargo-target-*/", ".cargo-target-rusticmill/", ".cargo-target/", ".core.[0-9]*", ".git/", ".next/", ".npm/", ".nuxt/", ".nyc_output/", ".parcel-cache/", ".pnpm-store/", ".turbo/", "build/", "core.[0-9]*", "coverage/", "dist/", "legacy_python_mcp_agent_mail_code/mcp_agent_mail/.venv/", "node_modules/", "perf.data", "perf.data.old", "perf_hsmm.data", "perf_hsmm.data.old", "process_triage/", "sample_sqlite_db_files/", "target-*/", "target/", "target_*/", "tests/artifacts/", "baselines/hyperfine/", ".rch-target/", ".rch-tmp/", ".franken_whisper/tools/ffmpeg/"][0m
    [2;3mat[0m rch/src/transfer.rs:1441 [2;3mon[0m ThreadId(1)

  [2m2026-06-11T04:45:35.007606Z[0m [32m INFO[0m [1;32mrch::transfer[0m[32m: [32mSync completed in 7797ms[0m
    [2;3mat[0m rch/src/transfer.rs:1503 [2;3mon[0m ThreadId(1)

  [2m2026-06-11T04:45:35.007720Z[0m [34mDEBUG[0m [1;34mrch::transfer[0m[34m: [34mRewriting legacy broad exclude pattern '.core.*' to '.core.[0-9]*'[0m
    [2;3mat[0m rch/src/transfer.rs:769 [2;3mon[0m ThreadId(1)

  [2m2026-06-11T04:45:35.007731Z[0m [34mDEBUG[0m [1;34mrch::transfer[0m[34m: [34mRewriting legacy broad exclude pattern '.git/objects/' to '.git/'[0m
    [2;3mat[0m rch/src/transfer.rs:769 [2;3mon[0m ThreadId(1)

  [2m2026-06-11T04:45:35.007738Z[0m [34mDEBUG[0m [1;34mrch::transfer[0m[34m: [34mRewriting legacy broad exclude pattern 'core.*' to 'core.[0-9]*'[0m
    [2;3mat[0m rch/src/transfer.rs:769 [2;3mon[0m ThreadId(1)

  [2m2026-06-11T04:45:35.007782Z[0m [32m INFO[0m [1;32mrch::transfer[0m[32m: [32mSyncing /data/projects/frankentorch/crates/ft-api -> /data/projects/frankentorch/crates/ft-api on vmi1227854[0m
    [2;3mat[0m rch/src/transfer.rs:1434 [2;3mon[0m ThreadId(1)

  [2m2026-06-11T04:45:35.007790Z[0m [34mDEBUG[0m [1;34mrch::transfer[0m[34m: [34mEffective exclude patterns: ["*.rlib", "*.rmeta", ".beads/", ".bun/", ".rch-target-*/", ".rch-target*/", ".cargo-target-*/", ".cargo-target-rusticmill/", ".cargo-target/", ".core.[0-9]*", ".git/", ".next/", ".npm/", ".nuxt/", ".nyc_output/", ".parcel-cache/", ".pnpm-store/", ".turbo/", "build/", "core.[0-9]*", "coverage/", "dist/", "legacy_python_mcp_agent_mail_code/mcp_agent_mail/.venv/", "node_modules/", "perf.data", "perf.data.old", "perf_hsmm.data", "perf_hsmm.data.old", "process_triage/", "sample_sqlite_db_files/", "target-*/", "target/", "target_*/", "tests/artifacts/", "baselines/hyperfine/", ".rch-target/", ".rch-tmp/", ".franken_whisper/tools/ffmpeg/"][0m
    [2;3mat[0m rch/src/transfer.rs:1441 [2;3mon[0m ThreadId(1)

  [2m2026-06-11T04:45:36.878934Z[0m [32m INFO[0m [1;32mrch::transfer[0m[32m: [32mSync completed in 1871ms[0m
    [2;3mat[0m rch/src/transfer.rs:1503 [2;3mon[0m ThreadId(1)

  [2m2026-06-11T04:45:36.879004Z[0m [34mDEBUG[0m [1;34mrch::transfer[0m[34m: [34mRewriting legacy broad exclude pattern '.core.*' to '.core.[0-9]*'[0m
    [2;3mat[0m rch/src/transfer.rs:769 [2;3mon[0m ThreadId(1)

  [2m2026-06-11T04:45:36.879010Z[0m [34mDEBUG[0m [1;34mrch::transfer[0m[34m: [34mRewriting legacy broad exclude pattern '.git/objects/' to '.git/'[0m
    [2;3mat[0m rch/src/transfer.rs:769 [2;3mon[0m ThreadId(1)

  [2m2026-06-11T04:45:36.879016Z[0m [34mDEBUG[0m [1;34mrch::transfer[0m[34m: [34mRewriting legacy broad exclude pattern 'core.*' to 'core.[0-9]*'[0m
    [2;3mat[0m rch/src/transfer.rs:769 [2;3mon[0m ThreadId(1)

  [2m2026-06-11T04:45:36.879035Z[0m [32m INFO[0m [1;32mrch::transfer[0m[32m: [32mSyncing /data/projects/frankentorch/crates/ft-autograd -> /data/projects/frankentorch/crates/ft-autograd on vmi1227854[0m
    [2;3mat[0m rch/src/transfer.rs:1434 [2;3mon[0m ThreadId(1)

  [2m2026-06-11T04:45:36.879040Z[0m [34mDEBUG[0m [1;34mrch::transfer[0m[34m: [34mEffective exclude patterns: ["*.rlib", "*.rmeta", ".beads/", ".bun/", ".rch-target-*/", ".rch-target*/", ".cargo-target-*/", ".cargo-target-rusticmill/", ".cargo-target/", ".core.[0-9]*", ".git/", ".next/", ".npm/", ".nuxt/", ".nyc_output/", ".parcel-cache/", ".pnpm-store/", ".turbo/", "build/", "core.[0-9]*", "coverage/", "dist/", "legacy_python_mcp_agent_mail_code/mcp_agent_mail/.venv/", "node_modules/", "perf.data", "perf.data.old", "perf_hsmm.data", "perf_hsmm.data.old", "process_triage/", "sample_sqlite_db_files/", "target-*/", "target/", "target_*/", "tests/artifacts/", "baselines/hyperfine/", ".rch-target/", ".rch-tmp/", ".franken_whisper/tools/ffmpeg/"][0m
    [2;3mat[0m rch/src/transfer.rs:1441 [2;3mon[0m ThreadId(1)

  [2m2026-06-11T04:45:38.751663Z[0m [32m INFO[0m [1;32mrch::transfer[0m[32m: [32mSync completed in 1872ms[0m
    [2;3mat[0m rch/src/transfer.rs:1503 [2;3mon[0m ThreadId(1)

  [2m2026-06-11T04:45:38.751725Z[0m [34mDEBUG[0m [1;34mrch::transfer[0m[34m: [34mRewriting legacy broad exclude pattern '.core.*' to '.core.[0-9]*'[0m
    [2;3mat[0m rch/src/transfer.rs:769 [2;3mon[0m ThreadId(1)

  [2m2026-06-11T04:45:38.751731Z[0m [34mDEBUG[0m [1;34mrch::transfer[0m[34m: [34mRewriting legacy broad exclude pattern '.git/objects/' to '.git/'[0m
    [2;3mat[0m rch/src/transfer.rs:769 [2;3mon[0m ThreadId(1)

  [2m2026-06-11T04:45:38.751737Z[0m [34mDEBUG[0m [1;34mrch::transfer[0m[34m: [34mRewriting legacy broad exclude pattern 'core.*' to 'core.[0-9]*'[0m
    [2;3mat[0m rch/src/transfer.rs:769 [2;3mon[0m ThreadId(1)

  [2m2026-06-11T04:45:38.751771Z[0m [32m INFO[0m [1;32mrch::transfer[0m[32m: [32mSyncing /data/projects/frankentorch/crates/ft-conformance -> /data/projects/frankentorch/crates/ft-conformance on vmi1227854[0m
    [2;3mat[0m rch/src/transfer.rs:1434 [2;3mon[0m ThreadId(1)

  [2m2026-06-11T04:45:38.751777Z[0m [34mDEBUG[0m [1;34mrch::transfer[0m[34m: [34mEffective exclude patterns: ["*.rlib", "*.rmeta", ".beads/", ".bun/", ".rch-target-*/", ".rch-target*/", ".cargo-target-*/", ".cargo-target-rusticmill/", ".cargo-target/", ".core.[0-9]*", ".git/", ".next/", ".npm/", ".nuxt/", ".nyc_output/", ".parcel-cache/", ".pnpm-store/", ".turbo/", "build/", "core.[0-9]*", "coverage/", "dist/", "legacy_python_mcp_agent_mail_code/mcp_agent_mail/.venv/", "node_modules/", "perf.data", "perf.data.old", "perf_hsmm.data", "perf_hsmm.data.old", "process_triage/", "sample_sqlite_db_files/", "target-*/", "target/", "target_*/", "tests/artifacts/", "baselines/hyperfine/", ".rch-target/", ".rch-tmp/", ".franken_whisper/tools/ffmpeg/"][0m
    [2;3mat[0m rch/src/transfer.rs:1441 [2;3mon[0m ThreadId(1)

  [2m2026-06-11T04:45:40.665856Z[0m [32m INFO[0m [1;32mrch::transfer[0m[32m: [32mSync completed in 1914ms[0m
    [2;3mat[0m rch/src/transfer.rs:1503 [2;3mon[0m ThreadId(1)

  [2m2026-06-11T04:45:40.665923Z[0m [34mDEBUG[0m [1;34mrch::transfer[0m[34m: [34mRewriting legacy broad exclude pattern '.core.*' to '.core.[0-9]*'[0m
    [2;3mat[0m rch/src/transfer.rs:769 [2;3mon[0m ThreadId(1)

  [2m2026-06-11T04:45:40.665930Z[0m [34mDEBUG[0m [1;34mrch::transfer[0m[34m: [34mRewriting legacy broad exclude pattern '.git/objects/' to '.git/'[0m
    [2;3mat[0m rch/src/transfer.rs:769 [2;3mon[0m ThreadId(1)

  [2m2026-06-11T04:45:40.665936Z[0m [34mDEBUG[0m [1;34mrch::transfer[0m[34m: [34mRewriting legacy broad exclude pattern 'core.*' to 'core.[0-9]*'[0m
    [2;3mat[0m rch/src/transfer.rs:769 [2;3mon[0m ThreadId(1)

  [2m2026-06-11T04:45:40.665958Z[0m [32m INFO[0m [1;32mrch::transfer[0m[32m: [32mSyncing /data/projects/frankentorch/crates/ft-core -> /data/projects/frankentorch/crates/ft-core on vmi1227854[0m
    [2;3mat[0m rch/src/transfer.rs:1434 [2;3mon[0m ThreadId(1)

  [2m2026-06-11T04:45:40.665964Z[0m [34mDEBUG[0m [1;34mrch::transfer[0m[34m: [34mEffective exclude patterns: ["*.rlib", "*.rmeta", ".beads/", ".bun/", ".rch-target-*/", ".rch-target*/", ".cargo-target-*/", ".cargo-target-rusticmill/", ".cargo-target/", ".core.[0-9]*", ".git/", ".next/", ".npm/", ".nuxt/", ".nyc_output/", ".parcel-cache/", ".pnpm-store/", ".turbo/", "build/", "core.[0-9]*", "coverage/", "dist/", "legacy_python_mcp_agent_mail_code/mcp_agent_mail/.venv/", "node_modules/", "perf.data", "perf.data.old", "perf_hsmm.data", "perf_hsmm.data.old", "process_triage/", "sample_sqlite_db_files/", "target-*/", "target/", "target_*/", "tests/artifacts/", "baselines/hyperfine/", ".rch-target/", ".rch-tmp/", ".franken_whisper/tools/ffmpeg/"][0m
    [2;3mat[0m rch/src/transfer.rs:1441 [2;3mon[0m ThreadId(1)

  [2m2026-06-11T04:45:42.535946Z[0m [32m INFO[0m [1;32mrch::transfer[0m[32m: [32mSync completed in 1869ms[0m
    [2;3mat[0m rch/src/transfer.rs:1503 [2;3mon[0m ThreadId(1)

  [2m2026-06-11T04:45:42.536009Z[0m [34mDEBUG[0m [1;34mrch::transfer[0m[34m: [34mRewriting legacy broad exclude pattern '.core.*' to '.core.[0-9]*'[0m
    [2;3mat[0m rch/src/transfer.rs:769 [2;3mon[0m ThreadId(1)

  [2m2026-06-11T04:45:42.536016Z[0m [34mDEBUG[0m [1;34mrch::transfer[0m[34m: [34mRewriting legacy broad exclude pattern '.git/objects/' to '.git/'[0m
    [2;3mat[0m rch/src/transfer.rs:769 [2;3mon[0m ThreadId(1)

  [2m2026-06-11T04:45:42.536023Z[0m [34mDEBUG[0m [1;34mrch::transfer[0m[34m: [34mRewriting legacy broad exclude pattern 'core.*' to 'core.[0-9]*'[0m
    [2;3mat[0m rch/src/transfer.rs:769 [2;3mon[0m ThreadId(1)

  [2m2026-06-11T04:45:42.536043Z[0m [32m INFO[0m [1;32mrch::transfer[0m[32m: [32mSyncing /data/projects/frankentorch/crates/ft-data -> /data/projects/frankentorch/crates/ft-data on vmi1227854[0m
    [2;3mat[0m rch/src/transfer.rs:1434 [2;3mon[0m ThreadId(1)

  [2m2026-06-11T04:45:42.536051Z[0m [34mDEBUG[0m [1;34mrch::transfer[0m[34m: [34mEffective exclude patterns: ["*.rlib", "*.rmeta", ".beads/", ".bun/", ".rch-target-*/", ".rch-target*/", ".cargo-target-*/", ".cargo-target-rusticmill/", ".cargo-target/", ".core.[0-9]*", ".git/", ".next/", ".npm/", ".nuxt/", ".nyc_output/", ".parcel-cache/", ".pnpm-store/", ".turbo/", "build/", "core.[0-9]*", "coverage/", "dist/", "legacy_python_mcp_agent_mail_code/mcp_agent_mail/.venv/", "node_modules/", "perf.data", "perf.data.old", "perf_hsmm.data", "perf_hsmm.data.old", "process_triage/", "sample_sqlite_db_files/", "target-*/", "target/", "target_*/", "tests/artifacts/", "baselines/hyperfine/", ".rch-target/", ".rch-tmp/", ".franken_whisper/tools/ffmpeg/"][0m
    [2;3mat[0m rch/src/transfer.rs:1441 [2;3mon[0m ThreadId(1)

  [2m2026-06-11T04:45:44.403088Z[0m [32m INFO[0m [1;32mrch::transfer[0m[32m: [32mSync completed in 1867ms[0m
    [2;3mat[0m rch/src/transfer.rs:1503 [2;3mon[0m ThreadId(1)

  [2m2026-06-11T04:45:44.403142Z[0m [34mDEBUG[0m [1;34mrch::transfer[0m[34m: [34mRewriting legacy broad exclude pattern '.core.*' to '.core.[0-9]*'[0m
    [2;3mat[0m rch/src/transfer.rs:769 [2;3mon[0m ThreadId(1)

  [2m2026-06-11T04:45:44.403149Z[0m [34mDEBUG[0m [1;34mrch::transfer[0m[34m: [34mRewriting legacy broad exclude pattern '.git/objects/' to '.git/'[0m
    [2;3mat[0m rch/src/transfer.rs:769 [2;3mon[0m ThreadId(1)

  [2m2026-06-11T04:45:44.403156Z[0m [34mDEBUG[0m [1;34mrch::transfer[0m[34m: [34mRewriting legacy broad exclude pattern 'core.*' to 'core.[0-9]*'[0m
    [2;3mat[0m rch/src/transfer.rs:769 [2;3mon[0m ThreadId(1)

  [2m2026-06-11T04:45:44.403181Z[0m [32m INFO[0m [1;32mrch::transfer[0m[32m: [32mSyncing /data/projects/frankentorch/crates/ft-device -> /data/projects/frankentorch/crates/ft-device on vmi1227854[0m
    [2;3mat[0m rch/src/transfer.rs:1434 [2;3mon[0m ThreadId(1)

  [2m2026-06-11T04:45:44.403190Z[0m [34mDEBUG[0m [1;34mrch::transfer[0m[34m: [34mEffective exclude patterns: ["*.rlib", "*.rmeta", ".beads/", ".bun/", ".rch-target-*/", ".rch-target*/", ".cargo-target-*/", ".cargo-target-rusticmill/", ".cargo-target/", ".core.[0-9]*", ".git/", ".next/", ".npm/", ".nuxt/", ".nyc_output/", ".parcel-cache/", ".pnpm-store/", ".turbo/", "build/", "core.[0-9]*", "coverage/", "dist/", "legacy_python_mcp_agent_mail_code/mcp_agent_mail/.venv/", "node_modules/", "perf.data", "perf.data.old", "perf_hsmm.data", "perf_hsmm.data.old", "process_triage/", "sample_sqlite_db_files/", "target-*/", "target/", "target_*/", "tests/artifacts/", "baselines/hyperfine/", ".rch-target/", ".rch-tmp/", ".franken_whisper/tools/ffmpeg/"][0m
    [2;3mat[0m rch/src/transfer.rs:1441 [2;3mon[0m ThreadId(1)

  [2m2026-06-11T04:45:46.302046Z[0m [32m INFO[0m [1;32mrch::transfer[0m[32m: [32mSync completed in 1898ms[0m
    [2;3mat[0m rch/src/transfer.rs:1503 [2;3mon[0m ThreadId(1)

  [2m2026-06-11T04:45:46.302114Z[0m [34mDEBUG[0m [1;34mrch::transfer[0m[34m: [34mRewriting legacy broad exclude pattern '.core.*' to '.core.[0-9]*'[0m
    [2;3mat[0m rch/src/transfer.rs:769 [2;3mon[0m ThreadId(1)

  [2m2026-06-11T04:45:46.302121Z[0m [34mDEBUG[0m [1;34mrch::transfer[0m[34m: [34mRewriting legacy broad exclude pattern '.git/objects/' to '.git/'[0m
    [2;3mat[0m rch/src/transfer.rs:769 [2;3mon[0m ThreadId(1)

  [2m2026-06-11T04:45:46.302128Z[0m [34mDEBUG[0m [1;34mrch::transfer[0m[34m: [34mRewriting legacy broad exclude pattern 'core.*' to 'core.[0-9]*'[0m
    [2;3mat[0m rch/src/transfer.rs:769 [2;3mon[0m ThreadId(1)

  [2m2026-06-11T04:45:46.302148Z[0m [32m INFO[0m [1;32mrch::transfer[0m[32m: [32mSyncing /data/projects/frankentorch/crates/ft-dispatch -> /data/projects/frankentorch/crates/ft-dispatch on vmi1227854[0m
    [2;3mat[0m rch/src/transfer.rs:1434 [2;3mon[0m ThreadId(1)

  [2m2026-06-11T04:45:46.302154Z[0m [34mDEBUG[0m [1;34mrch::transfer[0m[34m: [34mEffective exclude patterns: ["*.rlib", "*.rmeta", ".beads/", ".bun/", ".rch-target-*/", ".rch-target*/", ".cargo-target-*/", ".cargo-target-rusticmill/", ".cargo-target/", ".core.[0-9]*", ".git/", ".next/", ".npm/", ".nuxt/", ".nyc_output/", ".parcel-cache/", ".pnpm-store/", ".turbo/", "build/", "core.[0-9]*", "coverage/", "dist/", "legacy_python_mcp_agent_mail_code/mcp_agent_mail/.venv/", "node_modules/", "perf.data", "perf.data.old", "perf_hsmm.data", "perf_hsmm.data.old", "process_triage/", "sample_sqlite_db_files/", "target-*/", "target/", "target_*/", "tests/artifacts/", "baselines/hyperfine/", ".rch-target/", ".rch-tmp/", ".franken_whisper/tools/ffmpeg/"][0m
    [2;3mat[0m rch/src/transfer.rs:1441 [2;3mon[0m ThreadId(1)

  [2m2026-06-11T04:45:48.162545Z[0m [32m INFO[0m [1;32mrch::transfer[0m[32m: [32mSync completed in 1860ms[0m
    [2;3mat[0m rch/src/transfer.rs:1503 [2;3mon[0m ThreadId(1)

  [2m2026-06-11T04:45:48.162624Z[0m [34mDEBUG[0m [1;34mrch::transfer[0m[34m: [34mRewriting legacy broad exclude pattern '.core.*' to '.core.[0-9]*'[0m
    [2;3mat[0m rch/src/transfer.rs:769 [2;3mon[0m ThreadId(1)

  [2m2026-06-11T04:45:48.162634Z[0m [34mDEBUG[0m [1;34mrch::transfer[0m[34m: [34mRewriting legacy broad exclude pattern '.git/objects/' to '.git/'[0m
    [2;3mat[0m rch/src/transfer.rs:769 [2;3mon[0m ThreadId(1)

  [2m2026-06-11T04:45:48.162643Z[0m [34mDEBUG[0m [1;34mrch::transfer[0m[34m: [34mRewriting legacy broad exclude pattern 'core.*' to 'core.[0-9]*'[0m
    [2;3mat[0m rch/src/transfer.rs:769 [2;3mon[0m ThreadId(1)

  [2m2026-06-11T04:45:48.162667Z[0m [32m INFO[0m [1;32mrch::transfer[0m[32m: [32mSyncing /data/projects/frankentorch/crates/ft-kernel-cpu -> /data/projects/frankentorch/crates/ft-kernel-cpu on vmi1227854[0m
    [2;3mat[0m rch/src/transfer.rs:1434 [2;3mon[0m ThreadId(1)

  [2m2026-06-11T04:45:48.162675Z[0m [34mDEBUG[0m [1;34mrch::transfer[0m[34m: [34mEffective exclude patterns: ["*.rlib", "*.rmeta", ".beads/", ".bun/", ".rch-target-*/", ".rch-target*/", ".cargo-target-*/", ".cargo-target-rusticmill/", ".cargo-target/", ".core.[0-9]*", ".git/", ".next/", ".npm/", ".nuxt/", ".nyc_output/", ".parcel-cache/", ".pnpm-store/", ".turbo/", "build/", "core.[0-9]*", "coverage/", "dist/", "legacy_python_mcp_agent_mail_code/mcp_agent_mail/.venv/", "node_modules/", "perf.data", "perf.data.old", "perf_hsmm.data", "perf_hsmm.data.old", "process_triage/", "sample_sqlite_db_files/", "target-*/", "target/", "target_*/", "tests/artifacts/", "baselines/hyperfine/", ".rch-target/", ".rch-tmp/", ".franken_whisper/tools/ffmpeg/"][0m
    [2;3mat[0m rch/src/transfer.rs:1441 [2;3mon[0m ThreadId(1)

  [2m2026-06-11T04:45:50.017654Z[0m [32m INFO[0m [1;32mrch::transfer[0m[32m: [32mSync completed in 1854ms[0m
    [2;3mat[0m rch/src/transfer.rs:1503 [2;3mon[0m ThreadId(1)

  [2m2026-06-11T04:45:50.017713Z[0m [34mDEBUG[0m [1;34mrch::transfer[0m[34m: [34mRewriting legacy broad exclude pattern '.core.*' to '.core.[0-9]*'[0m
    [2;3mat[0m rch/src/transfer.rs:769 [2;3mon[0m ThreadId(1)

  [2m2026-06-11T04:45:50.017719Z[0m [34mDEBUG[0m [1;34mrch::transfer[0m[34m: [34mRewriting legacy broad exclude pattern '.git/objects/' to '.git/'[0m
    [2;3mat[0m rch/src/transfer.rs:769 [2;3mon[0m ThreadId(1)

  [2m2026-06-11T04:45:50.017726Z[0m [34mDEBUG[0m [1;34mrch::transfer[0m[34m: [34mRewriting legacy broad exclude pattern 'core.*' to 'core.[0-9]*'[0m
    [2;3mat[0m rch/src/transfer.rs:769 [2;3mon[0m ThreadId(1)

  [2m2026-06-11T04:45:50.017746Z[0m [32m INFO[0m [1;32mrch::transfer[0m[32m: [32mSyncing /data/projects/frankentorch/crates/ft-nn -> /data/projects/frankentorch/crates/ft-nn on vmi1227854[0m
    [2;3mat[0m rch/src/transfer.rs:1434 [2;3mon[0m ThreadId(1)

  [2m2026-06-11T04:45:50.017764Z[0m [34mDEBUG[0m [1;34mrch::transfer[0m[34m: [34mEffective exclude patterns: ["*.rlib", "*.rmeta", ".beads/", ".bun/", ".rch-target-*/", ".rch-target*/", ".cargo-target-*/", ".cargo-target-rusticmill/", ".cargo-target/", ".core.[0-9]*", ".git/", ".next/", ".npm/", ".nuxt/", ".nyc_output/", ".parcel-cache/", ".pnpm-store/", ".turbo/", "build/", "core.[0-9]*", "coverage/", "dist/", "legacy_python_mcp_agent_mail_code/mcp_agent_mail/.venv/", "node_modules/", "perf.data", "perf.data.old", "perf_hsmm.data", "perf_hsmm.data.old", "process_triage/", "sample_sqlite_db_files/", "target-*/", "target/", "target_*/", "tests/artifacts/", "baselines/hyperfine/", ".rch-target/", ".rch-tmp/", ".franken_whisper/tools/ffmpeg/"][0m
    [2;3mat[0m rch/src/transfer.rs:1441 [2;3mon[0m ThreadId(1)

  [2m2026-06-11T04:45:51.851807Z[0m [32m INFO[0m [1;32mrch::transfer[0m[32m: [32mSync completed in 1834ms[0m
    [2;3mat[0m rch/src/transfer.rs:1503 [2;3mon[0m ThreadId(1)

  [2m2026-06-11T04:45:51.851867Z[0m [34mDEBUG[0m [1;34mrch::transfer[0m[34m: [34mRewriting legacy broad exclude pattern '.core.*' to '.core.[0-9]*'[0m
    [2;3mat[0m rch/src/transfer.rs:769 [2;3mon[0m ThreadId(1)

  [2m2026-06-11T04:45:51.851873Z[0m [34mDEBUG[0m [1;34mrch::transfer[0m[34m: [34mRewriting legacy broad exclude pattern '.git/objects/' to '.git/'[0m
    [2;3mat[0m rch/src/transfer.rs:769 [2;3mon[0m ThreadId(1)

  [2m2026-06-11T04:45:51.851879Z[0m [34mDEBUG[0m [1;34mrch::transfer[0m[34m: [34mRewriting legacy broad exclude pattern 'core.*' to 'core.[0-9]*'[0m
    [2;3mat[0m rch/src/transfer.rs:769 [2;3mon[0m ThreadId(1)

  [2m2026-06-11T04:45:51.851897Z[0m [32m INFO[0m [1;32mrch::transfer[0m[32m: [32mSyncing /data/projects/frankentorch/crates/ft-optim -> /data/projects/frankentorch/crates/ft-optim on vmi1227854[0m
    [2;3mat[0m rch/src/transfer.rs:1434 [2;3mon[0m ThreadId(1)

  [2m2026-06-11T04:45:51.851902Z[0m [34mDEBUG[0m [1;34mrch::transfer[0m[34m: [34mEffective exclude patterns: ["*.rlib", "*.rmeta", ".beads/", ".bun/", ".rch-target-*/", ".rch-target*/", ".cargo-target-*/", ".cargo-target-rusticmill/", ".cargo-target/", ".core.[0-9]*", ".git/", ".next/", ".npm/", ".nuxt/", ".nyc_output/", ".parcel-cache/", ".pnpm-store/", ".turbo/", "build/", "core.[0-9]*", "coverage/", "dist/", "legacy_python_mcp_agent_mail_code/mcp_agent_mail/.venv/", "node_modules/", "perf.data", "perf.data.old", "perf_hsmm.data", "perf_hsmm.data.old", "process_triage/", "sample_sqlite_db_files/", "target-*/", "target/", "target_*/", "tests/artifacts/", "baselines/hyperfine/", ".rch-target/", ".rch-tmp/", ".franken_whisper/tools/ffmpeg/"][0m
    [2;3mat[0m rch/src/transfer.rs:1441 [2;3mon[0m ThreadId(1)

  [2m2026-06-11T04:45:53.624723Z[0m [32m INFO[0m [1;32mrch::transfer[0m[32m: [32mSync completed in 1772ms[0m
    [2;3mat[0m rch/src/transfer.rs:1503 [2;3mon[0m ThreadId(1)

  [2m2026-06-11T04:45:53.624812Z[0m [34mDEBUG[0m [1;34mrch::transfer[0m[34m: [34mRewriting legacy broad exclude pattern '.core.*' to '.core.[0-9]*'[0m
    [2;3mat[0m rch/src/transfer.rs:769 [2;3mon[0m ThreadId(1)

  [2m2026-06-11T04:45:53.624820Z[0m [34mDEBUG[0m [1;34mrch::transfer[0m[34m: [34mRewriting legacy broad exclude pattern '.git/objects/' to '.git/'[0m
    [2;3mat[0m rch/src/transfer.rs:769 [2;3mon[0m ThreadId(1)

  [2m2026-06-11T04:45:53.624828Z[0m [34mDEBUG[0m [1;34mrch::transfer[0m[34m: [34mRewriting legacy broad exclude pattern 'core.*' to 'core.[0-9]*'[0m
    [2;3mat[0m rch/src/transfer.rs:769 [2;3mon[0m ThreadId(1)

  [2m2026-06-11T04:45:53.624851Z[0m [32m INFO[0m [1;32mrch::transfer[0m[32m: [32mSyncing /data/projects/frankentorch/crates/ft-runtime -> /data/projects/frankentorch/crates/ft-runtime on vmi1227854[0m
    [2;3mat[0m rch/src/transfer.rs:1434 [2;3mon[0m ThreadId(1)

  [2m2026-06-11T04:45:53.624858Z[0m [34mDEBUG[0m [1;34mrch::transfer[0m[34m: [34mEffective exclude patterns: ["*.rlib", "*.rmeta", ".beads/", ".bun/", ".rch-target-*/", ".rch-target*/", ".cargo-target-*/", ".cargo-target-rusticmill/", ".cargo-target/", ".core.[0-9]*", ".git/", ".next/", ".npm/", ".nuxt/", ".nyc_output/", ".parcel-cache/", ".pnpm-store/", ".turbo/", "build/", "core.[0-9]*", "coverage/", "dist/", "legacy_python_mcp_agent_mail_code/mcp_agent_mail/.venv/", "node_modules/", "perf.data", "perf.data.old", "perf_hsmm.data", "perf_hsmm.data.old", "process_triage/", "sample_sqlite_db_files/", "target-*/", "target/", "target_*/", "tests/artifacts/", "baselines/hyperfine/", ".rch-target/", ".rch-tmp/", ".franken_whisper/tools/ffmpeg/"][0m
    [2;3mat[0m rch/src/transfer.rs:1441 [2;3mon[0m ThreadId(1)

  [2m2026-06-11T04:45:55.477782Z[0m [32m INFO[0m [1;32mrch::transfer[0m[32m: [32mSync completed in 1852ms[0m
    [2;3mat[0m rch/src/transfer.rs:1503 [2;3mon[0m ThreadId(1)

  [2m2026-06-11T04:45:55.477849Z[0m [34mDEBUG[0m [1;34mrch::transfer[0m[34m: [34mRewriting legacy broad exclude pattern '.core.*' to '.core.[0-9]*'[0m
    [2;3mat[0m rch/src/transfer.rs:769 [2;3mon[0m ThreadId(1)

  [2m2026-06-11T04:45:55.477857Z[0m [34mDEBUG[0m [1;34mrch::transfer[0m[34m: [34mRewriting legacy broad exclude pattern '.git/objects/' to '.git/'[0m
    [2;3mat[0m rch/src/transfer.rs:769 [2;3mon[0m ThreadId(1)

  [2m2026-06-11T04:45:55.477864Z[0m [34mDEBUG[0m [1;34mrch::transfer[0m[34m: [34mRewriting legacy broad exclude pattern 'core.*' to 'core.[0-9]*'[0m
    [2;3mat[0m rch/src/transfer.rs:769 [2;3mon[0m ThreadId(1)

  [2m2026-06-11T04:45:55.477888Z[0m [32m INFO[0m [1;32mrch::transfer[0m[32m: [32mSyncing /data/projects/frankentorch/crates/ft-serialize -> /data/projects/frankentorch/crates/ft-serialize on vmi1227854[0m
    [2;3mat[0m rch/src/transfer.rs:1434 [2;3mon[0m ThreadId(1)

  [2m2026-06-11T04:45:55.477895Z[0m [34mDEBUG[0m [1;34mrch::transfer[0m[34m: [34mEffective exclude patterns: ["*.rlib", "*.rmeta", ".beads/", ".bun/", ".rch-target-*/", ".rch-target*/", ".cargo-target-*/", ".cargo-target-rusticmill/", ".cargo-target/", ".core.[0-9]*", ".git/", ".next/", ".npm/", ".nuxt/", ".nyc_output/", ".parcel-cache/", ".pnpm-store/", ".turbo/", "build/", "core.[0-9]*", "coverage/", "dist/", "legacy_python_mcp_agent_mail_code/mcp_agent_mail/.venv/", "node_modules/", "perf.data", "perf.data.old", "perf_hsmm.data", "perf_hsmm.data.old", "process_triage/", "sample_sqlite_db_files/", "target-*/", "target/", "target_*/", "tests/artifacts/", "baselines/hyperfine/", ".rch-target/", ".rch-tmp/", ".franken_whisper/tools/ffmpeg/"][0m
    [2;3mat[0m rch/src/transfer.rs:1441 [2;3mon[0m ThreadId(1)

  [2m2026-06-11T04:45:57.385738Z[0m [32m INFO[0m [1;32mrch::transfer[0m[32m: [32mSync completed in 1907ms[0m
    [2;3mat[0m rch/src/transfer.rs:1503 [2;3mon[0m ThreadId(1)

  [2m2026-06-11T04:45:57.385799Z[0m [32m INFO[0m [1;32mrch::hook[0m[32m: [32mSync complete: 51586 files, 1842599 bytes in 30167ms[0m
    [2;3mat[0m rch/src/hook.rs:6209 [2;3mon[0m ThreadId(1)

  [2m2026-06-11T04:45:57.385823Z[0m [34mDEBUG[0m [1;34mrch_common::ssh[0m[34m: [34mConnecting to root@109.123.245.77 via SSH...[0m
    [2;3mat[0m rch-common/src/ssh.rs:183 [2;3mon[0m ThreadId(1)

  [2m2026-06-11T04:45:58.358113Z[0m [34mDEBUG[0m [1;34mrch_common::ssh[0m[34m: [34mConnected to vmi1227854 (109.123.245.77)[0m
    [2;3mat[0m rch-common/src/ssh.rs:212 [2;3mon[0m ThreadId(1)

  [2m2026-06-11T04:45:58.358145Z[0m [34mDEBUG[0m [1;34mrch_common::ssh[0m[34m: [34mExecuting on vmi1227854: nohup sh -c 'cd "/data/projects/frankentorch" 2>/dev/null || exit 0; for d in .rch-target-*-job-* .rch-target-*-pid-*; do [ -d "$d" ] || continue; [ "$d" = ".rch-target-vmi1227854-job-29879662679165924-1781153127209553684-0" ] && continue; if find "$d" -mmin -720 -print -quit 2>/dev/null | grep -q .; then continue; fi; rm -rf -- "$d" 2>/dev/null; done' >/dev/null 2>&1 &[0m
    [2;3mat[0m rch-common/src/ssh.rs:343 [2;3mon[0m ThreadId(1)

  [2m2026-06-11T04:45:58.711258Z[0m [34mDEBUG[0m [1;34mrch_common::ssh[0m[34m: [34mCommand completed on vmi1227854 (exit=0, duration=353ms)[0m
    [2;3mat[0m rch-common/src/ssh.rs:418 [2;3mon[0m ThreadId(1)

  [2m2026-06-11T04:45:58.711283Z[0m [34mDEBUG[0m [1;34mrch_common::ssh[0m[34m: [34mDisconnecting from vmi1227854[0m
    [2;3mat[0m rch-common/src/ssh.rs:330 [2;3mon[0m ThreadId(1)

  [2m2026-06-11T04:45:58.718521Z[0m [34mDEBUG[0m [1;34mrch_common::ssh[0m[34m: [34mDisconnected from vmi1227854[0m
    [2;3mat[0m rch-common/src/ssh.rs:333 [2;3mon[0m ThreadId(1)

  [2m2026-06-11T04:46:01.445927Z[0m [32m INFO[0m [1;32mrch::hook[0m[32m: [32mExecuting command remotely: cargo check -p ft-kernel-cpu --lib --tests --benches --example qr_stage_split[0m
    [2;3mat[0m rch/src/hook.rs:6252 [2;3mon[0m ThreadId(1)

  [2m2026-06-11T04:46:01.445973Z[0m [32m INFO[0m [1;32mrch::transfer[0m[32m: [32mRewriting CARGO_TARGET_DIR for remote execution (worker-scoped path): /data/tmp/cargo-target -> /data/projects/frankentorch/.rch-target-vmi1227854-job-29879662679165924-1781153127209553684-0[0m
    [2;3mat[0m rch/src/transfer.rs:712 [2;3mon[0m ThreadId(1)

  [2m2026-06-11T04:46:01.445984Z[0m [34mDEBUG[0m [1;34mrch::transfer[0m[34m: [34mForwarding env vars: ["CARGO_TARGET_DIR"][0m
    [2;3mat[0m rch/src/transfer.rs:966 [2;3mon[0m ThreadId(1)

  [2m2026-06-11T04:46:01.445990Z[0m [34mDEBUG[0m [1;34mrch::transfer[0m[34m: [34mExternal timeout protection disabled by config[0m
    [2;3mat[0m rch/src/transfer.rs:1084 [2;3mon[0m ThreadId(1)

    Updating crates.io index
 Downloading crates ...
  Downloaded bytemuck_derive v1.10.2
  Downloaded bitflags v2.11.1
  Downloaded fastrand v2.4.1
  Downloaded anes v0.1.6
  Downloaded bit-set v0.8.0
  Downloaded bit-vec v0.8.0
  Downloaded bytemuck v1.25.0
  Downloaded rand_xorshift v0.4.0
  Downloaded cast v0.3.0
  Downloaded anstyle v1.0.14
  Downloaded autocfg v1.5.0
  Downloaded aho-corasick v1.1.4
  Downloaded ciborium-io v0.2.2
  Downloaded is-terminal v0.4.17
  Downloaded ciborium-ll v0.2.2
  Downloaded errno v0.3.14
  Downloaded criterion-plot v0.5.0
  Downloaded crossbeam-deque v0.8.6
  Downloaded console v0.16.3
  Downloaded same-file v1.0.6
  Downloaded half v2.7.1
  Downloaded libm v0.2.16
  Downloaded insta v1.47.2
  Downloaded rawpointer v0.2.1
  Downloaded wait-timeout v0.2.1
  Downloaded similar v2.7.0
  Downloaded unarray v0.1.4
  Downloaded itoa v1.0.18
  Downloaded plotters-svg v0.3.7
  Downloaded quick-error v1.2.3
  Downloaded rusty-fork v0.3.1
  Downloaded zmij v1.0.21
  Downloaded cfg-if v1.0.4
  Downloaded clap_lex v1.1.0
  Downloaded fnv v1.0.7
  Downloaded plotters-backend v0.3.7
  Downloaded itertools v0.10.5
  Downloaded rand v0.9.4
  Downloaded criterion v0.5.1
  Downloaded quote v1.0.45
  Downloaded num-complex v0.4.6
  Downloaded ppv-lite86 v0.2.21
  Downloaded oorandom v11.1.5
  Downloaded walkdir v2.5.0
  Downloaded ciborium v0.2.2
  Downloaded once_cell v1.21.4
  Downloaded rand_core v0.9.5
  Downloaded either v1.15.0
  Downloaded rand_chacha v0.9.0
  Downloaded tinytemplate v1.2.1
  Downloaded crossbeam-utils v0.8.21
  Downloaded matrixmultiply v0.3.10
  Downloaded crossbeam-epoch v0.9.18
  Downloaded getrandom v0.3.4
  Downloaded serde_core v1.0.228
  Downloaded num-traits v0.2.19
  Downloaded proc-macro2 v1.0.106
  Downloaded tempfile v3.27.0
  Downloaded unicode-ident v1.0.24
  Downloaded clap v4.6.1
  Downloaded safe_arch v0.7.4
  Downloaded serde_derive v1.0.228
  Downloaded rayon-core v1.13.0
  Downloaded memchr v2.8.0
  Downloaded serde v1.0.228
  Downloaded zerocopy-derive v0.8.48
  Downloaded wide v0.7.33
  Downloaded clap_builder v4.6.0
  Downloaded serde_json v1.0.149
  Downloaded plotters v0.3.7
  Downloaded regex v1.12.3
  Downloaded proptest v1.11.0
  Downloaded rayon v1.12.0
  Downloaded syn v2.0.117
  Downloaded zerocopy v0.8.48
  Downloaded regex-syntax v0.8.10
  Downloaded rustix v1.1.4
  Downloaded regex-automata v0.4.14
  Downloaded libc v0.2.185
  Downloaded linux-raw-sys v0.12.1
   Compiling proc-macro2 v1.0.106
   Compiling unicode-ident v1.0.24
   Compiling quote v1.0.45
    Checking cfg-if v1.0.4
   Compiling libc v0.2.185
   Compiling autocfg v1.5.0
   Compiling zerocopy v0.8.48
   Compiling getrandom v0.3.4
   Compiling crossbeam-utils v0.8.21
   Compiling serde_core v1.0.228
   Compiling rustix v1.1.4
   Compiling zmij v1.0.21
    Checking linux-raw-sys v0.12.1
   Compiling rayon-core v1.13.0
   Compiling serde v1.0.228
   Compiling num-traits v0.2.19
    Checking bitflags v2.11.1
    Checking either v1.15.0
    Checking once_cell v1.21.4
    Checking crossbeam-epoch v0.9.18
    Checking fastrand v2.4.1
   Compiling serde_json v1.0.149
    Checking regex-syntax v0.8.10
   Compiling matrixmultiply v0.3.10
    Checking crossbeam-deque v0.8.6
    Checking plotters-backend v0.3.7
    Checking clap_lex v1.1.0
    Checking ciborium-io v0.2.2
    Checking memchr v2.8.0
   Compiling libm v0.2.16
    Checking anstyle v1.0.14
   Compiling syn v2.0.117
    Checking itoa v1.0.18
    Checking clap_builder v4.6.0
    Checking rayon v1.12.0
    Checking wait-timeout v0.2.1
    Checking rand_core v0.9.5
    Checking num-complex v0.4.6
    Checking plotters-svg v0.3.7
    Checking itertools v0.10.5
    Checking bit-vec v0.8.0
    Checking same-file v1.0.6
    Checking cast v0.3.0
    Checking rawpointer v0.2.1
    Checking fnv v1.0.7
    Checking quick-error v1.2.3
    Checking bit-set v0.8.0
    Checking walkdir v2.5.0
    Checking plotters v0.3.7
    Checking tempfile v3.27.0
    Checking regex-automata v0.4.14
    Checking rand v0.9.4
    Checking rusty-fork v0.3.1
    Checking rand_xorshift v0.4.0
    Checking clap v4.6.1
    Checking console v0.16.3
    Checking criterion-plot v0.5.0
    Checking is-terminal v0.4.17
    Checking anes v0.1.6
    Checking oorandom v11.1.5
    Checking unarray v0.1.4
    Checking similar v2.7.0
    Checking regex v1.12.3
    Checking insta v1.47.2
   Compiling zerocopy-derive v0.8.48
   Compiling bytemuck_derive v1.10.2
   Compiling serde_derive v1.0.228
    Checking bytemuck v1.25.0
    Checking safe_arch v0.7.4
    Checking wide v0.7.33
    Checking tinytemplate v1.2.1
    Checking half v2.7.1
    Checking ppv-lite86 v0.2.21
    Checking ciborium-ll v0.2.2
    Checking ft-core v0.1.0 (/data/projects/frankentorch/crates/ft-core)
    Checking rand_chacha v0.9.0
    Checking ciborium v0.2.2
    Checking proptest v1.11.0
    Checking ft-kernel-cpu v0.1.0 (/data/projects/frankentorch/crates/ft-kernel-cpu)
    Checking criterion v0.5.1
error: there is no argument named `label`
   --> crates/ft-kernel-cpu/examples/qr_stage_split.rs:111:9
    |
111 | /         concat!(
112 | |             "qr_stage_split shape={label} rows={m} cols={n} reduced=true samples=7 ",
113 | |             "blocked={used_blocked} matches_production={all_match} ",
114 | |             "digest_fnv64={production_digest:016x} ",
...   |
120 | |             "unaccounted_ns={} unaccounted_pct={:.3}"
121 | |         ),
    | |_________^
    |
    = note: did you intend to capture a variable `label` from the surrounding scope?
    = note: to avoid ambiguity, `format_args!` cannot capture variables when the format string is expanded from a macro

error: there is no argument named `m`
   --> crates/ft-kernel-cpu/examples/qr_stage_split.rs:111:9
    |
111 | /         concat!(
112 | |             "qr_stage_split shape={label} rows={m} cols={n} reduced=true samples=7 ",
113 | |             "blocked={used_blocked} matches_production={all_match} ",
114 | |             "digest_fnv64={production_digest:016x} ",
...   |
120 | |             "unaccounted_ns={} unaccounted_pct={:.3}"
121 | |         ),
    | |_________^
    |
    = note: did you intend to capture a variable `m` from the surrounding scope?
    = note: to avoid ambiguity, `format_args!` cannot capture variables when the format string is expanded from a macro

error: there is no argument named `n`
   --> crates/ft-kernel-cpu/examples/qr_stage_split.rs:111:9
    |
111 | /         concat!(
112 | |             "qr_stage_split shape={label} rows={m} cols={n} reduced=true samples=7 ",
113 | |             "blocked={used_blocked} matches_production={all_match} ",
114 | |             "digest_fnv64={production_digest:016x} ",
...   |
120 | |             "unaccounted_ns={} unaccounted_pct={:.3}"
121 | |         ),
    | |_________^
    |
    = note: did you intend to capture a variable `n` from the surrounding scope?
    = note: to avoid ambiguity, `format_args!` cannot capture variables when the format string is expanded from a macro

error: there is no argument named `used_blocked`
   --> crates/ft-kernel-cpu/examples/qr_stage_split.rs:111:9
    |
111 | /         concat!(
112 | |             "qr_stage_split shape={label} rows={m} cols={n} reduced=true samples=7 ",
113 | |             "blocked={used_blocked} matches_production={all_match} ",
114 | |             "digest_fnv64={production_digest:016x} ",
...   |
120 | |             "unaccounted_ns={} unaccounted_pct={:.3}"
121 | |         ),
    | |_________^
    |
    = note: did you intend to capture a variable `used_blocked` from the surrounding scope?
    = note: to avoid ambiguity, `format_args!` cannot capture variables when the format string is expanded from a macro

error: there is no argument named `all_match`
   --> crates/ft-kernel-cpu/examples/qr_stage_split.rs:111:9
    |
111 | /         concat!(
112 | |             "qr_stage_split shape={label} rows={m} cols={n} reduced=true samples=7 ",
113 | |             "blocked={used_blocked} matches_production={all_match} ",
114 | |             "digest_fnv64={production_digest:016x} ",
...   |
120 | |             "unaccounted_ns={} unaccounted_pct={:.3}"
121 | |         ),
    | |_________^
    |
    = note: did you intend to capture a variable `all_match` from the surrounding scope?
    = note: to avoid ambiguity, `format_args!` cannot capture variables when the format string is expanded from a macro

error: there is no argument named `production_digest`
   --> crates/ft-kernel-cpu/examples/qr_stage_split.rs:111:9
    |
111 | /         concat!(
112 | |             "qr_stage_split shape={label} rows={m} cols={n} reduced=true samples=7 ",
113 | |             "blocked={used_blocked} matches_production={all_match} ",
114 | |             "digest_fnv64={production_digest:016x} ",
...   |
120 | |             "unaccounted_ns={} unaccounted_pct={:.3}"
121 | |         ),
    | |_________^
    |
    = note: did you intend to capture a variable `production_digest` from the surrounding scope?
    = note: to avoid ambiguity, `format_args!` cannot capture variables when the format string is expanded from a macro

error: could not compile `ft-kernel-cpu` (example "qr_stage_split") due to 6 previous errors
warning: build failed, waiting for other jobs to finish...
  [2m2026-06-11T04:46:15.054027Z[0m [32m INFO[0m [1;32mrch::hook[0m[32m: [32mRemote command finished: exit=101 in 13607ms[0m
    [2;3mat[0m rch/src/hook.rs:6376 [2;3mon[0m ThreadId(1)

[RCH] remote vmi1227854 failed (exit 101)
