  [2m2026-06-22T18:12:32.812528Z[0m [32m INFO[0m [1;32mrch::hook[0m[32m: [32mSelected worker: ovh-a at ubuntu@51.222.245.56 (4 slots remaining after reservation, speed 50.0)[0m
    [2;3mat[0m rch/src/hook.rs:921 [2;3mon[0m ThreadId(1)

  [2m2026-06-22T18:12:33.074755Z[0m [32m INFO[0m [1;32mrch::hook::transfer_orchestration[0m[32m: [32mStarting remote compilation pipeline for frankentorch-kgs4.146-cdist-20260622133636 (hash: 1189dcb35ba1455b)[0m
    [2;3mat[0m rch/src/hook/transfer_orchestration.rs:241 [2;3mon[0m ThreadId(1)

  [2m2026-06-22T18:12:33.074797Z[0m [32m INFO[0m [1;32mrch::hook::transfer_orchestration[0m[32m: [32mPrepared dependency sync manifest for 13 roots[0m
    [2;3mat[0m rch/src/hook/transfer_orchestration.rs:263 [2;3mon[0m ThreadId(1)

  [2m2026-06-22T18:12:33.863137Z[0m [32m INFO[0m [1;32mrch::hook::transfer_orchestration[0m[32m: [32mSyncing project to worker ovh-a...[0m
    [2;3mat[0m rch/src/hook/transfer_orchestration.rs:323 [2;3mon[0m ThreadId(1)

  [2m2026-06-22T18:12:33.863186Z[0m [32m INFO[0m [1;32mrch::transfer[0m[32m: [32mSyncing /data/projects/.scratch/frankentorch-kgs4.146-cdist-20260622133636 -> /data/projects/.scratch/frankentorch-kgs4.146-cdist-20260622133636 on ovh-a[0m
    [2;3mat[0m rch/src/transfer.rs:1528 [2;3mon[0m ThreadId(1)

  [2m2026-06-22T18:12:34.486614Z[0m [32m INFO[0m [1;32mrch::transfer[0m[32m: [32mSync completed in 623ms[0m
    [2;3mat[0m rch/src/transfer.rs:1592 [2;3mon[0m ThreadId(1)

  [2m2026-06-22T18:12:34.486675Z[0m [32m INFO[0m [1;32mrch::transfer[0m[32m: [32mSyncing /data/projects/.scratch/frankentorch-kgs4.146-cdist-20260622133636/crates/ft-api -> /data/projects/.scratch/frankentorch-kgs4.146-cdist-20260622133636/crates/ft-api on ovh-a[0m
    [2;3mat[0m rch/src/transfer.rs:1528 [2;3mon[0m ThreadId(1)

  [2m2026-06-22T18:12:34.941647Z[0m [32m INFO[0m [1;32mrch::transfer[0m[32m: [32mSync completed in 454ms[0m
    [2;3mat[0m rch/src/transfer.rs:1592 [2;3mon[0m ThreadId(1)

  [2m2026-06-22T18:12:34.941714Z[0m [32m INFO[0m [1;32mrch::transfer[0m[32m: [32mSyncing /data/projects/.scratch/frankentorch-kgs4.146-cdist-20260622133636/crates/ft-autograd -> /data/projects/.scratch/frankentorch-kgs4.146-cdist-20260622133636/crates/ft-autograd on ovh-a[0m
    [2;3mat[0m rch/src/transfer.rs:1528 [2;3mon[0m ThreadId(1)

  [2m2026-06-22T18:12:35.458121Z[0m [32m INFO[0m [1;32mrch::transfer[0m[32m: [32mSync completed in 516ms[0m
    [2;3mat[0m rch/src/transfer.rs:1592 [2;3mon[0m ThreadId(1)

  [2m2026-06-22T18:12:35.458184Z[0m [32m INFO[0m [1;32mrch::transfer[0m[32m: [32mSyncing /data/projects/.scratch/frankentorch-kgs4.146-cdist-20260622133636/crates/ft-conformance -> /data/projects/.scratch/frankentorch-kgs4.146-cdist-20260622133636/crates/ft-conformance on ovh-a[0m
    [2;3mat[0m rch/src/transfer.rs:1528 [2;3mon[0m ThreadId(1)

  [2m2026-06-22T18:12:35.986085Z[0m [32m INFO[0m [1;32mrch::transfer[0m[32m: [32mSync completed in 527ms[0m
    [2;3mat[0m rch/src/transfer.rs:1592 [2;3mon[0m ThreadId(1)

  [2m2026-06-22T18:12:35.986164Z[0m [32m INFO[0m [1;32mrch::transfer[0m[32m: [32mSyncing /data/projects/.scratch/frankentorch-kgs4.146-cdist-20260622133636/crates/ft-core -> /data/projects/.scratch/frankentorch-kgs4.146-cdist-20260622133636/crates/ft-core on ovh-a[0m
    [2;3mat[0m rch/src/transfer.rs:1528 [2;3mon[0m ThreadId(1)

  [2m2026-06-22T18:12:36.495388Z[0m [32m INFO[0m [1;32mrch::transfer[0m[32m: [32mSync completed in 509ms[0m
    [2;3mat[0m rch/src/transfer.rs:1592 [2;3mon[0m ThreadId(1)

  [2m2026-06-22T18:12:36.495443Z[0m [32m INFO[0m [1;32mrch::transfer[0m[32m: [32mSyncing /data/projects/.scratch/frankentorch-kgs4.146-cdist-20260622133636/crates/ft-data -> /data/projects/.scratch/frankentorch-kgs4.146-cdist-20260622133636/crates/ft-data on ovh-a[0m
    [2;3mat[0m rch/src/transfer.rs:1528 [2;3mon[0m ThreadId(1)

  [2m2026-06-22T18:12:37.008181Z[0m [32m INFO[0m [1;32mrch::transfer[0m[32m: [32mSync completed in 512ms[0m
    [2;3mat[0m rch/src/transfer.rs:1592 [2;3mon[0m ThreadId(1)

  [2m2026-06-22T18:12:37.008245Z[0m [32m INFO[0m [1;32mrch::transfer[0m[32m: [32mSyncing /data/projects/.scratch/frankentorch-kgs4.146-cdist-20260622133636/crates/ft-device -> /data/projects/.scratch/frankentorch-kgs4.146-cdist-20260622133636/crates/ft-device on ovh-a[0m
    [2;3mat[0m rch/src/transfer.rs:1528 [2;3mon[0m ThreadId(1)

  [2m2026-06-22T18:12:37.449096Z[0m [32m INFO[0m [1;32mrch::transfer[0m[32m: [32mSync completed in 440ms[0m
    [2;3mat[0m rch/src/transfer.rs:1592 [2;3mon[0m ThreadId(1)

  [2m2026-06-22T18:12:37.449210Z[0m [32m INFO[0m [1;32mrch::transfer[0m[32m: [32mSyncing /data/projects/.scratch/frankentorch-kgs4.146-cdist-20260622133636/crates/ft-dispatch -> /data/projects/.scratch/frankentorch-kgs4.146-cdist-20260622133636/crates/ft-dispatch on ovh-a[0m
    [2;3mat[0m rch/src/transfer.rs:1528 [2;3mon[0m ThreadId(1)

  [2m2026-06-22T18:12:37.902253Z[0m [32m INFO[0m [1;32mrch::transfer[0m[32m: [32mSync completed in 453ms[0m
    [2;3mat[0m rch/src/transfer.rs:1592 [2;3mon[0m ThreadId(1)

  [2m2026-06-22T18:12:37.902322Z[0m [32m INFO[0m [1;32mrch::transfer[0m[32m: [32mSyncing /data/projects/.scratch/frankentorch-kgs4.146-cdist-20260622133636/crates/ft-kernel-cpu -> /data/projects/.scratch/frankentorch-kgs4.146-cdist-20260622133636/crates/ft-kernel-cpu on ovh-a[0m
    [2;3mat[0m rch/src/transfer.rs:1528 [2;3mon[0m ThreadId(1)

  [2m2026-06-22T18:12:38.440010Z[0m [32m INFO[0m [1;32mrch::transfer[0m[32m: [32mSync completed in 537ms[0m
    [2;3mat[0m rch/src/transfer.rs:1592 [2;3mon[0m ThreadId(1)

  [2m2026-06-22T18:12:38.440072Z[0m [32m INFO[0m [1;32mrch::transfer[0m[32m: [32mSyncing /data/projects/.scratch/frankentorch-kgs4.146-cdist-20260622133636/crates/ft-nn -> /data/projects/.scratch/frankentorch-kgs4.146-cdist-20260622133636/crates/ft-nn on ovh-a[0m
    [2;3mat[0m rch/src/transfer.rs:1528 [2;3mon[0m ThreadId(1)

  [2m2026-06-22T18:12:38.931080Z[0m [32m INFO[0m [1;32mrch::transfer[0m[32m: [32mSync completed in 490ms[0m
    [2;3mat[0m rch/src/transfer.rs:1592 [2;3mon[0m ThreadId(1)

  [2m2026-06-22T18:12:38.931140Z[0m [32m INFO[0m [1;32mrch::transfer[0m[32m: [32mSyncing /data/projects/.scratch/frankentorch-kgs4.146-cdist-20260622133636/crates/ft-optim -> /data/projects/.scratch/frankentorch-kgs4.146-cdist-20260622133636/crates/ft-optim on ovh-a[0m
    [2;3mat[0m rch/src/transfer.rs:1528 [2;3mon[0m ThreadId(1)

  [2m2026-06-22T18:12:39.457634Z[0m [32m INFO[0m [1;32mrch::transfer[0m[32m: [32mSync completed in 526ms[0m
    [2;3mat[0m rch/src/transfer.rs:1592 [2;3mon[0m ThreadId(1)

  [2m2026-06-22T18:12:39.457693Z[0m [32m INFO[0m [1;32mrch::transfer[0m[32m: [32mSyncing /data/projects/.scratch/frankentorch-kgs4.146-cdist-20260622133636/crates/ft-runtime -> /data/projects/.scratch/frankentorch-kgs4.146-cdist-20260622133636/crates/ft-runtime on ovh-a[0m
    [2;3mat[0m rch/src/transfer.rs:1528 [2;3mon[0m ThreadId(1)

  [2m2026-06-22T18:12:40.005725Z[0m [32m INFO[0m [1;32mrch::transfer[0m[32m: [32mSync completed in 548ms[0m
    [2;3mat[0m rch/src/transfer.rs:1592 [2;3mon[0m ThreadId(1)

  [2m2026-06-22T18:12:40.005793Z[0m [32m INFO[0m [1;32mrch::transfer[0m[32m: [32mSyncing /data/projects/.scratch/frankentorch-kgs4.146-cdist-20260622133636/crates/ft-serialize -> /data/projects/.scratch/frankentorch-kgs4.146-cdist-20260622133636/crates/ft-serialize on ovh-a[0m
    [2;3mat[0m rch/src/transfer.rs:1528 [2;3mon[0m ThreadId(1)

  [2m2026-06-22T18:12:40.640975Z[0m [32m INFO[0m [1;32mrch::transfer[0m[32m: [32mSync completed in 635ms[0m
    [2;3mat[0m rch/src/transfer.rs:1592 [2;3mon[0m ThreadId(1)

  [2m2026-06-22T18:12:40.641003Z[0m [32m INFO[0m [1;32mrch::hook::transfer_orchestration[0m[32m: [32mSync complete: 4836 files, 206908 bytes in 6770ms[0m
    [2;3mat[0m rch/src/hook/transfer_orchestration.rs:486 [2;3mon[0m ThreadId(1)

  [2m2026-06-22T18:12:43.752895Z[0m [32m INFO[0m [1;32mrch::hook::transfer_orchestration[0m[32m: [32mExecuting command remotely: cargo clippy -p ft-api --all-targets --no-deps -- -D warnings[0m
    [2;3mat[0m rch/src/hook/transfer_orchestration.rs:529 [2;3mon[0m ThreadId(1)

  [2m2026-06-22T18:12:43.752938Z[0m [32m INFO[0m [1;32mrch::transfer[0m[32m: [32mRewriting CARGO_TARGET_DIR for remote execution (worker-scoped path): /data/projects/.rch-targets/frankentorch-cod-a -> /data/projects/.scratch/frankentorch-kgs4.146-cdist-20260622133636/.rch-target-ovh-a-pool-f5f6f8c795a8dcc2375945a9c599ca6a[0m
    [2;3mat[0m rch/src/transfer.rs:799 [2;3mon[0m ThreadId(1)

    Updating crates.io index
 Downloading crates ...
  Downloaded anes v0.1.6
  Downloaded is-terminal v0.4.17
  Downloaded anstyle v1.0.14
  Downloaded autocfg v1.5.0
  Downloaded bytemuck v1.25.0
  Downloaded aho-corasick v1.1.4
  Downloaded once_cell v1.21.4
  Downloaded serde_derive v1.0.228
  Downloaded ciborium-io v0.2.2
  Downloaded same-file v1.0.6
  Downloaded ciborium v0.2.2
  Downloaded ciborium-ll v0.2.2
  Downloaded crossbeam-epoch v0.9.18
  Downloaded rayon-core v1.13.0
  Downloaded walkdir v2.5.0
  Downloaded half v2.7.1
  Downloaded itoa v1.0.18
  Downloaded cfg-if v1.0.4
  Downloaded serde v1.0.228
  Downloaded clap v4.6.1
  Downloaded either v1.15.0
  Downloaded serde_json v1.0.149
  Downloaded crossbeam-utils v0.8.21
  Downloaded tinytemplate v1.2.1
  Downloaded criterion v0.5.1
  Downloaded safe_arch v0.7.4
  Downloaded itertools v0.10.5
  Downloaded clap_lex v1.1.0
  Downloaded regex v1.12.3
  Downloaded regex-syntax v0.8.10
  Downloaded proc-macro2 v1.0.106
  Downloaded plotters-backend v0.3.7
  Downloaded criterion-plot v0.5.0
  Downloaded zerocopy-derive v0.8.48
  Downloaded num-complex v0.4.6
  Downloaded rayon v1.12.0
  Downloaded serde_core v1.0.228
  Downloaded crossbeam-deque v0.8.6
  Downloaded oorandom v11.1.5
  Downloaded plotters v0.3.7
  Downloaded matrixmultiply v0.3.10
  Downloaded num-traits v0.2.19
  Downloaded memchr v2.8.0
  Downloaded rawpointer v0.2.1
  Downloaded cast v0.3.0
  Downloaded clap_builder v4.6.0
  Downloaded quote v1.0.45
  Downloaded zmij v1.0.21
  Downloaded wide v0.7.33
  Downloaded plotters-svg v0.3.7
  Downloaded unicode-ident v1.0.24
  Downloaded libm v0.2.16
  Downloaded zerocopy v0.8.48
  Downloaded syn v2.0.117
  Downloaded regex-automata v0.4.14
  Downloaded libc v0.2.185
  Downloaded bytemuck_derive v1.10.2
   Compiling proc-macro2 v1.0.106
   Compiling quote v1.0.45
   Compiling unicode-ident v1.0.24
   Compiling autocfg v1.5.0
   Compiling zerocopy v0.8.48
   Compiling crossbeam-utils v0.8.21
    Checking cfg-if v1.0.4
    Checking either v1.15.0
   Compiling rayon-core v1.13.0
   Compiling serde_core v1.0.228
   Compiling libm v0.2.16
   Compiling serde v1.0.228
    Checking rawpointer v0.2.1
   Compiling zmij v1.0.21
   Compiling libc v0.2.185
   Compiling serde_json v1.0.149
    Checking ciborium-io v0.2.2
    Checking anstyle v1.0.14
    Checking regex-syntax v0.8.10
    Checking plotters-backend v0.3.7
    Checking itoa v1.0.18
    Checking memchr v2.8.0
    Checking clap_lex v1.1.0
    Checking itertools v0.10.5
    Checking same-file v1.0.6
    Checking cast v0.3.0
    Checking once_cell v1.21.4
    Checking anes v0.1.6
    Checking plotters-svg v0.3.7
   Compiling num-traits v0.2.19
   Compiling matrixmultiply v0.3.10
    Checking clap_builder v4.6.0
    Checking walkdir v2.5.0
    Checking oorandom v11.1.5
    Checking crossbeam-epoch v0.9.18
    Checking crossbeam-deque v0.8.6
   Compiling syn v2.0.117
    Checking regex-automata v0.4.14
    Checking num-complex v0.4.6
    Checking plotters v0.3.7
    Checking rayon v1.12.0
    Checking is-terminal v0.4.17
    Checking criterion-plot v0.5.0
    Checking clap v4.6.1
    Checking regex v1.12.3
   Compiling bytemuck_derive v1.10.2
   Compiling zerocopy-derive v0.8.48
   Compiling serde_derive v1.0.228
    Checking bytemuck v1.25.0
    Checking safe_arch v0.7.4
    Checking wide v0.7.33
    Checking tinytemplate v1.2.1
    Checking half v2.7.1
    Checking ft-core v0.1.0 (/data/projects/.scratch/frankentorch-kgs4.146-cdist-20260622133636/crates/ft-core)
    Checking ciborium-ll v0.2.2
    Checking ciborium v0.2.2
    Checking ft-kernel-cpu v0.1.0 (/data/projects/.scratch/frankentorch-kgs4.146-cdist-20260622133636/crates/ft-kernel-cpu)
    Checking ft-runtime v0.1.0 (/data/projects/.scratch/frankentorch-kgs4.146-cdist-20260622133636/crates/ft-runtime)
    Checking criterion v0.5.1
    Checking ft-dispatch v0.1.0 (/data/projects/.scratch/frankentorch-kgs4.146-cdist-20260622133636/crates/ft-dispatch)
    Checking ft-autograd v0.1.0 (/data/projects/.scratch/frankentorch-kgs4.146-cdist-20260622133636/crates/ft-autograd)
    Checking ft-api v0.1.0 (/data/projects/.scratch/frankentorch-kgs4.146-cdist-20260622133636/crates/ft-api)
error: approximate value of `f{32, 64}::consts::SQRT_2` found
  --> crates/ft-api/tests/cholesky_double_backward_parity.rs:45:27
   |
45 |     close("L fwd", &lv, &[1.414213562, 0.0, 0.353553391, 1.17260394]);
   |                           ^^^^^^^^^^^
   |
   = help: consider using the constant directly
   = help: for further information visit https://rust-lang.github.io/rust-clippy/master/index.html#approx_constant
   = note: `#[deny(clippy::approx_constant)]` on by default

error: could not compile `ft-api` (test "cholesky_double_backward_parity") due to 1 previous error
warning: build failed, waiting for other jobs to finish...
  [2m2026-06-22T18:13:04.674201Z[0m [32m INFO[0m [1;32mrch::hook::transfer_orchestration[0m[32m: [32mRemote command finished: exit=101 in 20921ms[0m
    [2;3mat[0m rch/src/hook/transfer_orchestration.rs:653 [2;3mon[0m ThreadId(1)

[RCH] remote ovh-a failed (exit 101)
