  [2m2026-06-22T17:49:17.899366Z[0m [32m INFO[0m [1;32mrch::hook[0m[32m: [32mSelected worker: vmi1149989 at root@212.90.121.76 (0 slots remaining after reservation, speed 50.0)[0m
    [2;3mat[0m rch/src/hook.rs:921 [2;3mon[0m ThreadId(1)

  [2m2026-06-22T17:49:18.865304Z[0m [32m INFO[0m [1;32mrch::hook::transfer_orchestration[0m[32m: [32mStarting remote compilation pipeline for frankentorch-kgs4.146-baseline-202606221349 (hash: ba49fb173be04a29)[0m
    [2;3mat[0m rch/src/hook/transfer_orchestration.rs:241 [2;3mon[0m ThreadId(1)

  [2m2026-06-22T17:49:18.865389Z[0m [32m INFO[0m [1;32mrch::hook::transfer_orchestration[0m[32m: [32mPrepared dependency sync manifest for 13 roots[0m
    [2;3mat[0m rch/src/hook/transfer_orchestration.rs:263 [2;3mon[0m ThreadId(1)

  [2m2026-06-22T17:49:21.050620Z[0m [32m INFO[0m [1;32mrch::hook::transfer_orchestration[0m[32m: [32mSyncing project to worker vmi1149989...[0m
    [2;3mat[0m rch/src/hook/transfer_orchestration.rs:323 [2;3mon[0m ThreadId(1)

  [2m2026-06-22T17:49:21.050679Z[0m [32m INFO[0m [1;32mrch::transfer[0m[32m: [32mSyncing /data/projects/.scratch/frankentorch-kgs4.146-baseline-202606221349 -> /data/projects/.scratch/frankentorch-kgs4.146-baseline-202606221349 on vmi1149989[0m
    [2;3mat[0m rch/src/transfer.rs:1528 [2;3mon[0m ThreadId(1)

  [2m2026-06-22T17:49:25.445865Z[0m [32m INFO[0m [1;32mrch::transfer[0m[32m: [32mSync completed in 4395ms[0m
    [2;3mat[0m rch/src/transfer.rs:1592 [2;3mon[0m ThreadId(1)

  [2m2026-06-22T17:49:25.445968Z[0m [32m INFO[0m [1;32mrch::transfer[0m[32m: [32mSyncing /data/projects/.scratch/frankentorch-kgs4.146-baseline-202606221349/crates/ft-api -> /data/projects/.scratch/frankentorch-kgs4.146-baseline-202606221349/crates/ft-api on vmi1149989[0m
    [2;3mat[0m rch/src/transfer.rs:1528 [2;3mon[0m ThreadId(1)

  [2m2026-06-22T17:49:27.566642Z[0m [32m INFO[0m [1;32mrch::transfer[0m[32m: [32mSync completed in 2120ms[0m
    [2;3mat[0m rch/src/transfer.rs:1592 [2;3mon[0m ThreadId(1)

  [2m2026-06-22T17:49:27.566728Z[0m [32m INFO[0m [1;32mrch::transfer[0m[32m: [32mSyncing /data/projects/.scratch/frankentorch-kgs4.146-baseline-202606221349/crates/ft-autograd -> /data/projects/.scratch/frankentorch-kgs4.146-baseline-202606221349/crates/ft-autograd on vmi1149989[0m
    [2;3mat[0m rch/src/transfer.rs:1528 [2;3mon[0m ThreadId(1)

  [2m2026-06-22T17:49:29.640213Z[0m [32m INFO[0m [1;32mrch::transfer[0m[32m: [32mSync completed in 2073ms[0m
    [2;3mat[0m rch/src/transfer.rs:1592 [2;3mon[0m ThreadId(1)

  [2m2026-06-22T17:49:29.640291Z[0m [32m INFO[0m [1;32mrch::transfer[0m[32m: [32mSyncing /data/projects/.scratch/frankentorch-kgs4.146-baseline-202606221349/crates/ft-conformance -> /data/projects/.scratch/frankentorch-kgs4.146-baseline-202606221349/crates/ft-conformance on vmi1149989[0m
    [2;3mat[0m rch/src/transfer.rs:1528 [2;3mon[0m ThreadId(1)

  [2m2026-06-22T17:49:31.756956Z[0m [32m INFO[0m [1;32mrch::transfer[0m[32m: [32mSync completed in 2116ms[0m
    [2;3mat[0m rch/src/transfer.rs:1592 [2;3mon[0m ThreadId(1)

  [2m2026-06-22T17:49:31.757048Z[0m [32m INFO[0m [1;32mrch::transfer[0m[32m: [32mSyncing /data/projects/.scratch/frankentorch-kgs4.146-baseline-202606221349/crates/ft-core -> /data/projects/.scratch/frankentorch-kgs4.146-baseline-202606221349/crates/ft-core on vmi1149989[0m
    [2;3mat[0m rch/src/transfer.rs:1528 [2;3mon[0m ThreadId(1)

  [2m2026-06-22T17:49:34.156877Z[0m [32m INFO[0m [1;32mrch::transfer[0m[32m: [32mSync completed in 2399ms[0m
    [2;3mat[0m rch/src/transfer.rs:1592 [2;3mon[0m ThreadId(1)

  [2m2026-06-22T17:49:34.156986Z[0m [32m INFO[0m [1;32mrch::transfer[0m[32m: [32mSyncing /data/projects/.scratch/frankentorch-kgs4.146-baseline-202606221349/crates/ft-data -> /data/projects/.scratch/frankentorch-kgs4.146-baseline-202606221349/crates/ft-data on vmi1149989[0m
    [2;3mat[0m rch/src/transfer.rs:1528 [2;3mon[0m ThreadId(1)

  [2m2026-06-22T17:49:36.002787Z[0m [32m INFO[0m [1;32mrch::transfer[0m[32m: [32mSync completed in 1845ms[0m
    [2;3mat[0m rch/src/transfer.rs:1592 [2;3mon[0m ThreadId(1)

  [2m2026-06-22T17:49:36.002865Z[0m [32m INFO[0m [1;32mrch::transfer[0m[32m: [32mSyncing /data/projects/.scratch/frankentorch-kgs4.146-baseline-202606221349/crates/ft-device -> /data/projects/.scratch/frankentorch-kgs4.146-baseline-202606221349/crates/ft-device on vmi1149989[0m
    [2;3mat[0m rch/src/transfer.rs:1528 [2;3mon[0m ThreadId(1)

  [2m2026-06-22T17:49:37.912792Z[0m [32m INFO[0m [1;32mrch::transfer[0m[32m: [32mSync completed in 1909ms[0m
    [2;3mat[0m rch/src/transfer.rs:1592 [2;3mon[0m ThreadId(1)

  [2m2026-06-22T17:49:37.912875Z[0m [32m INFO[0m [1;32mrch::transfer[0m[32m: [32mSyncing /data/projects/.scratch/frankentorch-kgs4.146-baseline-202606221349/crates/ft-dispatch -> /data/projects/.scratch/frankentorch-kgs4.146-baseline-202606221349/crates/ft-dispatch on vmi1149989[0m
    [2;3mat[0m rch/src/transfer.rs:1528 [2;3mon[0m ThreadId(1)

  [2m2026-06-22T17:49:39.739281Z[0m [32m INFO[0m [1;32mrch::transfer[0m[32m: [32mSync completed in 1826ms[0m
    [2;3mat[0m rch/src/transfer.rs:1592 [2;3mon[0m ThreadId(1)

  [2m2026-06-22T17:49:39.739368Z[0m [32m INFO[0m [1;32mrch::transfer[0m[32m: [32mSyncing /data/projects/.scratch/frankentorch-kgs4.146-baseline-202606221349/crates/ft-kernel-cpu -> /data/projects/.scratch/frankentorch-kgs4.146-baseline-202606221349/crates/ft-kernel-cpu on vmi1149989[0m
    [2;3mat[0m rch/src/transfer.rs:1528 [2;3mon[0m ThreadId(1)

  [2m2026-06-22T17:49:41.614868Z[0m [32m INFO[0m [1;32mrch::transfer[0m[32m: [32mSync completed in 1875ms[0m
    [2;3mat[0m rch/src/transfer.rs:1592 [2;3mon[0m ThreadId(1)

  [2m2026-06-22T17:49:41.614978Z[0m [32m INFO[0m [1;32mrch::transfer[0m[32m: [32mSyncing /data/projects/.scratch/frankentorch-kgs4.146-baseline-202606221349/crates/ft-nn -> /data/projects/.scratch/frankentorch-kgs4.146-baseline-202606221349/crates/ft-nn on vmi1149989[0m
    [2;3mat[0m rch/src/transfer.rs:1528 [2;3mon[0m ThreadId(1)

  [2m2026-06-22T17:49:43.501853Z[0m [32m INFO[0m [1;32mrch::transfer[0m[32m: [32mSync completed in 1886ms[0m
    [2;3mat[0m rch/src/transfer.rs:1592 [2;3mon[0m ThreadId(1)

  [2m2026-06-22T17:49:43.501960Z[0m [32m INFO[0m [1;32mrch::transfer[0m[32m: [32mSyncing /data/projects/.scratch/frankentorch-kgs4.146-baseline-202606221349/crates/ft-optim -> /data/projects/.scratch/frankentorch-kgs4.146-baseline-202606221349/crates/ft-optim on vmi1149989[0m
    [2;3mat[0m rch/src/transfer.rs:1528 [2;3mon[0m ThreadId(1)

  [2m2026-06-22T17:49:45.306162Z[0m [32m INFO[0m [1;32mrch::transfer[0m[32m: [32mSync completed in 1804ms[0m
    [2;3mat[0m rch/src/transfer.rs:1592 [2;3mon[0m ThreadId(1)

  [2m2026-06-22T17:49:45.306245Z[0m [32m INFO[0m [1;32mrch::transfer[0m[32m: [32mSyncing /data/projects/.scratch/frankentorch-kgs4.146-baseline-202606221349/crates/ft-runtime -> /data/projects/.scratch/frankentorch-kgs4.146-baseline-202606221349/crates/ft-runtime on vmi1149989[0m
    [2;3mat[0m rch/src/transfer.rs:1528 [2;3mon[0m ThreadId(1)

  [2m2026-06-22T17:49:47.233559Z[0m [32m INFO[0m [1;32mrch::transfer[0m[32m: [32mSync completed in 1927ms[0m
    [2;3mat[0m rch/src/transfer.rs:1592 [2;3mon[0m ThreadId(1)

  [2m2026-06-22T17:49:47.233646Z[0m [32m INFO[0m [1;32mrch::transfer[0m[32m: [32mSyncing /data/projects/.scratch/frankentorch-kgs4.146-baseline-202606221349/crates/ft-serialize -> /data/projects/.scratch/frankentorch-kgs4.146-baseline-202606221349/crates/ft-serialize on vmi1149989[0m
    [2;3mat[0m rch/src/transfer.rs:1528 [2;3mon[0m ThreadId(1)

  [2m2026-06-22T17:49:49.255155Z[0m [32m INFO[0m [1;32mrch::transfer[0m[32m: [32mSync completed in 2021ms[0m
    [2;3mat[0m rch/src/transfer.rs:1592 [2;3mon[0m ThreadId(1)

  [2m2026-06-22T17:49:49.255189Z[0m [32m INFO[0m [1;32mrch::hook::transfer_orchestration[0m[32m: [32mSync complete: 4819 files, 9092675 bytes in 28196ms[0m
    [2;3mat[0m rch/src/hook/transfer_orchestration.rs:486 [2;3mon[0m ThreadId(1)

  [2m2026-06-22T17:49:58.375698Z[0m [32m INFO[0m [1;32mrch::hook::transfer_orchestration[0m[32m: [32mExecuting command remotely: cargo run --release -p ft-api --example cdist_grad_h2h[0m
    [2;3mat[0m rch/src/hook/transfer_orchestration.rs:529 [2;3mon[0m ThreadId(1)

  [2m2026-06-22T17:49:58.375740Z[0m [32m INFO[0m [1;32mrch::transfer[0m[32m: [32mRewriting CARGO_TARGET_DIR for remote execution (worker-scoped path): /data/projects/.rch-targets/frankentorch-cod-a -> /data/projects/.scratch/frankentorch-kgs4.146-baseline-202606221349/.rch-target-vmi1149989-pool-3ad026f1eb16da23a5830dbc708591db[0m
    [2;3mat[0m rch/src/transfer.rs:799 [2;3mon[0m ThreadId(1)

    Updating crates.io index
 Downloading crates ...
  Downloaded autocfg v1.5.0
  Downloaded aho-corasick v1.1.4
  Downloaded anes v0.1.6
  Downloaded anstyle v1.0.14
  Downloaded bytemuck_derive v1.10.2
  Downloaded bytemuck v1.25.0
  Downloaded matrixmultiply v0.3.10
  Downloaded crossbeam-utils v0.8.21
  Downloaded cfg-if v1.0.4
  Downloaded rawpointer v0.2.1
  Downloaded num-complex v0.4.6
  Downloaded num-traits v0.2.19
  Downloaded ciborium-ll v0.2.2
  Downloaded ciborium-io v0.2.2
  Downloaded is-terminal v0.4.17
  Downloaded tinytemplate v1.2.1
  Downloaded clap v4.6.1
  Downloaded plotters v0.3.7
  Downloaded once_cell v1.21.4
  Downloaded crossbeam-deque v0.8.6
  Downloaded itertools v0.10.5
  Downloaded zerocopy-derive v0.8.48
  Downloaded criterion v0.5.1
  Downloaded plotters-svg v0.3.7
  Downloaded crossbeam-epoch v0.9.18
  Downloaded same-file v1.0.6
  Downloaded unicode-ident v1.0.24
  Downloaded walkdir v2.5.0
  Downloaded itoa v1.0.18
  Downloaded clap_lex v1.1.0
  Downloaded cast v0.3.0
  Downloaded oorandom v11.1.5
  Downloaded regex-syntax v0.8.10
  Downloaded serde_derive v1.0.228
  Downloaded ciborium v0.2.2
  Downloaded either v1.15.0
  Downloaded zmij v1.0.21
  Downloaded criterion-plot v0.5.0
  Downloaded plotters-backend v0.3.7
  Downloaded proc-macro2 v1.0.106
  Downloaded half v2.7.1
  Downloaded safe_arch v0.7.4
  Downloaded serde v1.0.228
  Downloaded serde_core v1.0.228
  Downloaded quote v1.0.45
  Downloaded wide v0.7.33
  Downloaded memchr v2.8.0
  Downloaded rayon-core v1.13.0
  Downloaded regex v1.12.3
  Downloaded libm v0.2.16
  Downloaded serde_json v1.0.149
  Downloaded rayon v1.12.0
  Downloaded clap_builder v4.6.0
  Downloaded zerocopy v0.8.48
  Downloaded syn v2.0.117
  Downloaded regex-automata v0.4.14
  Downloaded libc v0.2.185
   Compiling proc-macro2 v1.0.106
   Compiling unicode-ident v1.0.24
   Compiling quote v1.0.45
   Compiling autocfg v1.5.0
   Compiling zerocopy v0.8.48
   Compiling crossbeam-utils v0.8.21
   Compiling cfg-if v1.0.4
   Compiling rayon-core v1.13.0
   Compiling either v1.15.0
   Compiling serde_core v1.0.228
   Compiling libm v0.2.16
   Compiling zmij v1.0.21
   Compiling rawpointer v0.2.1
   Compiling serde v1.0.228
   Compiling libc v0.2.185
   Compiling serde_json v1.0.149
   Compiling regex-syntax v0.8.10
   Compiling num-traits v0.2.19
   Compiling matrixmultiply v0.3.10
   Compiling plotters-backend v0.3.7
   Compiling anstyle v1.0.14
   Compiling syn v2.0.117
   Compiling crossbeam-epoch v0.9.18
   Compiling itoa v1.0.18
   Compiling clap_lex v1.1.0
   Compiling memchr v2.8.0
   Compiling ciborium-io v0.2.2
   Compiling crossbeam-deque v0.8.6
   Compiling num-complex v0.4.6
   Compiling clap_builder v4.6.0
   Compiling plotters-svg v0.3.7
   Compiling itertools v0.10.5
   Compiling rayon v1.12.0
   Compiling regex-automata v0.4.14
   Compiling same-file v1.0.6
   Compiling cast v0.3.0
   Compiling walkdir v2.5.0
   Compiling is-terminal v0.4.17
   Compiling plotters v0.3.7
   Compiling criterion-plot v0.5.0
   Compiling once_cell v1.21.4
   Compiling oorandom v11.1.5
   Compiling clap v4.6.1
   Compiling anes v0.1.6
   Compiling bytemuck_derive v1.10.2
   Compiling zerocopy-derive v0.8.48
   Compiling serde_derive v1.0.228
   Compiling regex v1.12.3
   Compiling bytemuck v1.25.0
   Compiling safe_arch v0.7.4
   Compiling wide v0.7.33
   Compiling tinytemplate v1.2.1
   Compiling half v2.7.1
   Compiling ft-core v0.1.0 (/data/projects/.scratch/frankentorch-kgs4.146-baseline-202606221349/crates/ft-core)
   Compiling ciborium-ll v0.2.2
   Compiling ciborium v0.2.2
   Compiling ft-kernel-cpu v0.1.0 (/data/projects/.scratch/frankentorch-kgs4.146-baseline-202606221349/crates/ft-kernel-cpu)
   Compiling ft-runtime v0.1.0 (/data/projects/.scratch/frankentorch-kgs4.146-baseline-202606221349/crates/ft-runtime)
   Compiling criterion v0.5.1
   Compiling ft-dispatch v0.1.0 (/data/projects/.scratch/frankentorch-kgs4.146-baseline-202606221349/crates/ft-dispatch)
   Compiling ft-autograd v0.1.0 (/data/projects/.scratch/frankentorch-kgs4.146-baseline-202606221349/crates/ft-autograd)
   Compiling ft-api v0.1.0 (/data/projects/.scratch/frankentorch-kgs4.146-baseline-202606221349/crates/ft-api)
    Finished `release` profile [optimized] target(s) in 1m 43s
     Running `.rch-target-vmi1149989-pool-3ad026f1eb16da23a5830dbc708591db/release/examples/cdist_grad_h2h`
p=1 P=1500 R=1500 D=8: FT 1097.726 ms gradsum 1.800000e5 | PyTorch unavailable
Traceback (most recent call last):
  File "<stdin>", line 2, in <module>
ModuleNotFoundError: No module named 'torch'

p=1 P=1000 R=1000 D=16: FT 941.616 ms gradsum 1.600000e5 | PyTorch unavailable
Traceback (most recent call last):
  File "<stdin>", line 2, in <module>
ModuleNotFoundError: No module named 'torch'

p=2 P=1500 R=1500 D=8: FT 205.382 ms gradsum 5.913865e4 | PyTorch unavailable
Traceback (most recent call last):
  File "<stdin>", line 2, in <module>
ModuleNotFoundError: No module named 'torch'

p=2 P=1000 R=1000 D=16: FT 109.296 ms gradsum 3.672637e4 | PyTorch unavailable
Traceback (most recent call last):
  File "<stdin>", line 2, in <module>
ModuleNotFoundError: No module named 'torch'

  [2m2026-06-22T17:51:52.175071Z[0m [32m INFO[0m [1;32mrch::hook::transfer_orchestration[0m[32m: [32mRemote command finished: exit=0 in 113799ms[0m
    [2;3mat[0m rch/src/hook/transfer_orchestration.rs:653 [2;3mon[0m ThreadId(1)

  [2m2026-06-22T17:51:52.175302Z[0m [32m INFO[0m [1;32mrch::hook::transfer_orchestration[0m[32m: [32mRetrieving build artifacts...[0m
    [2;3mat[0m rch/src/hook/transfer_orchestration.rs:702 [2;3mon[0m ThreadId(1)

  [2m2026-06-22T17:51:52.175315Z[0m [32m INFO[0m [1;32mrch::transfer[0m[32m: [32mRetrieving artifacts from /data/projects/.scratch/frankentorch-kgs4.146-baseline-202606221349 on vmi1149989[0m
    [2;3mat[0m rch/src/transfer.rs:2246 [2;3mon[0m ThreadId(1)

  [2m2026-06-22T17:51:54.511772Z[0m [32m INFO[0m [1;32mrch::transfer[0m[32m: [32mArtifacts retrieved in 2336ms (1 files, 1080 bytes)[0m
    [2;3mat[0m rch/src/transfer.rs:2301 [2;3mon[0m ThreadId(1)

  [2m2026-06-22T17:51:54.511794Z[0m [32m INFO[0m [1;32mrch::hook::transfer_orchestration[0m[32m: [32mArtifacts retrieved: 1 files, 1080 bytes in 2336ms[0m
    [2;3mat[0m rch/src/hook/transfer_orchestration.rs:735 [2;3mon[0m ThreadId(1)

  [2m2026-06-22T17:51:54.527791Z[0m [32m INFO[0m [1;32mrch::transfer[0m[32m: [32mRetrieving artifacts from /data/projects/.scratch/frankentorch-kgs4.146-baseline-202606221349/.rch-target-vmi1149989-pool-3ad026f1eb16da23a5830dbc708591db on vmi1149989[0m
    [2;3mat[0m rch/src/transfer.rs:2246 [2;3mon[0m ThreadId(1)

  [2m2026-06-22T17:52:06.028541Z[0m [32m INFO[0m [1;32mrch::transfer[0m[32m: [32mArtifacts retrieved in 11500ms (131 files, 781123 bytes)[0m
    [2;3mat[0m rch/src/transfer.rs:2301 [2;3mon[0m ThreadId(1)

  [2m2026-06-22T17:52:06.028570Z[0m [32m INFO[0m [1;32mrch::hook::transfer_orchestration[0m[32m: [32mCustom CARGO_TARGET_DIR artifacts retrieved: 131 files, 781123 bytes in 11500ms[0m
    [2;3mat[0m rch/src/hook/transfer_orchestration.rs:859 [2;3mon[0m ThreadId(1)

[RCH] remote vmi1149989 (168.1s)
