  [2m2026-06-22T18:06:12.024362Z[0m [32m INFO[0m [1;32mrch::hook[0m[32m: [32mSelected worker: ovh-a at ubuntu@51.222.245.56 (0 slots remaining after reservation, speed 50.0)[0m
    [2;3mat[0m rch/src/hook.rs:921 [2;3mon[0m ThreadId(1)

  [2m2026-06-22T18:06:12.236634Z[0m [32m INFO[0m [1;32mrch::hook::transfer_orchestration[0m[32m: [32mStarting remote compilation pipeline for frankentorch-kgs4.146-cdist-20260622133636 (hash: 1189dcb35ba1455b)[0m
    [2;3mat[0m rch/src/hook/transfer_orchestration.rs:241 [2;3mon[0m ThreadId(1)

  [2m2026-06-22T18:06:12.236684Z[0m [32m INFO[0m [1;32mrch::hook::transfer_orchestration[0m[32m: [32mPrepared dependency sync manifest for 13 roots[0m
    [2;3mat[0m rch/src/hook/transfer_orchestration.rs:263 [2;3mon[0m ThreadId(1)

  [2m2026-06-22T18:06:13.270752Z[0m [32m INFO[0m [1;32mrch::hook::transfer_orchestration[0m[32m: [32mSyncing project to worker ovh-a...[0m
    [2;3mat[0m rch/src/hook/transfer_orchestration.rs:323 [2;3mon[0m ThreadId(1)

  [2m2026-06-22T18:06:13.270794Z[0m [32m INFO[0m [1;32mrch::transfer[0m[32m: [32mSyncing /data/projects/.scratch/frankentorch-kgs4.146-cdist-20260622133636 -> /data/projects/.scratch/frankentorch-kgs4.146-cdist-20260622133636 on ovh-a[0m
    [2;3mat[0m rch/src/transfer.rs:1528 [2;3mon[0m ThreadId(1)

  [2m2026-06-22T18:06:13.922778Z[0m [32m INFO[0m [1;32mrch::transfer[0m[32m: [32mSync completed in 651ms[0m
    [2;3mat[0m rch/src/transfer.rs:1592 [2;3mon[0m ThreadId(1)

  [2m2026-06-22T18:06:13.922838Z[0m [32m INFO[0m [1;32mrch::transfer[0m[32m: [32mSyncing /data/projects/.scratch/frankentorch-kgs4.146-cdist-20260622133636/crates/ft-api -> /data/projects/.scratch/frankentorch-kgs4.146-cdist-20260622133636/crates/ft-api on ovh-a[0m
    [2;3mat[0m rch/src/transfer.rs:1528 [2;3mon[0m ThreadId(1)

  [2m2026-06-22T18:06:14.389663Z[0m [32m INFO[0m [1;32mrch::transfer[0m[32m: [32mSync completed in 466ms[0m
    [2;3mat[0m rch/src/transfer.rs:1592 [2;3mon[0m ThreadId(1)

  [2m2026-06-22T18:06:14.389718Z[0m [32m INFO[0m [1;32mrch::transfer[0m[32m: [32mSyncing /data/projects/.scratch/frankentorch-kgs4.146-cdist-20260622133636/crates/ft-autograd -> /data/projects/.scratch/frankentorch-kgs4.146-cdist-20260622133636/crates/ft-autograd on ovh-a[0m
    [2;3mat[0m rch/src/transfer.rs:1528 [2;3mon[0m ThreadId(1)

  [2m2026-06-22T18:06:14.911695Z[0m [32m INFO[0m [1;32mrch::transfer[0m[32m: [32mSync completed in 521ms[0m
    [2;3mat[0m rch/src/transfer.rs:1592 [2;3mon[0m ThreadId(1)

  [2m2026-06-22T18:06:14.911770Z[0m [32m INFO[0m [1;32mrch::transfer[0m[32m: [32mSyncing /data/projects/.scratch/frankentorch-kgs4.146-cdist-20260622133636/crates/ft-conformance -> /data/projects/.scratch/frankentorch-kgs4.146-cdist-20260622133636/crates/ft-conformance on ovh-a[0m
    [2;3mat[0m rch/src/transfer.rs:1528 [2;3mon[0m ThreadId(1)

  [2m2026-06-22T18:06:15.372591Z[0m [32m INFO[0m [1;32mrch::transfer[0m[32m: [32mSync completed in 460ms[0m
    [2;3mat[0m rch/src/transfer.rs:1592 [2;3mon[0m ThreadId(1)

  [2m2026-06-22T18:06:15.372658Z[0m [32m INFO[0m [1;32mrch::transfer[0m[32m: [32mSyncing /data/projects/.scratch/frankentorch-kgs4.146-cdist-20260622133636/crates/ft-core -> /data/projects/.scratch/frankentorch-kgs4.146-cdist-20260622133636/crates/ft-core on ovh-a[0m
    [2;3mat[0m rch/src/transfer.rs:1528 [2;3mon[0m ThreadId(1)

  [2m2026-06-22T18:06:15.887606Z[0m [32m INFO[0m [1;32mrch::transfer[0m[32m: [32mSync completed in 514ms[0m
    [2;3mat[0m rch/src/transfer.rs:1592 [2;3mon[0m ThreadId(1)

  [2m2026-06-22T18:06:15.887671Z[0m [32m INFO[0m [1;32mrch::transfer[0m[32m: [32mSyncing /data/projects/.scratch/frankentorch-kgs4.146-cdist-20260622133636/crates/ft-data -> /data/projects/.scratch/frankentorch-kgs4.146-cdist-20260622133636/crates/ft-data on ovh-a[0m
    [2;3mat[0m rch/src/transfer.rs:1528 [2;3mon[0m ThreadId(1)

  [2m2026-06-22T18:06:16.389688Z[0m [32m INFO[0m [1;32mrch::transfer[0m[32m: [32mSync completed in 502ms[0m
    [2;3mat[0m rch/src/transfer.rs:1592 [2;3mon[0m ThreadId(1)

  [2m2026-06-22T18:06:16.389776Z[0m [32m INFO[0m [1;32mrch::transfer[0m[32m: [32mSyncing /data/projects/.scratch/frankentorch-kgs4.146-cdist-20260622133636/crates/ft-device -> /data/projects/.scratch/frankentorch-kgs4.146-cdist-20260622133636/crates/ft-device on ovh-a[0m
    [2;3mat[0m rch/src/transfer.rs:1528 [2;3mon[0m ThreadId(1)

  [2m2026-06-22T18:06:16.864332Z[0m [32m INFO[0m [1;32mrch::transfer[0m[32m: [32mSync completed in 474ms[0m
    [2;3mat[0m rch/src/transfer.rs:1592 [2;3mon[0m ThreadId(1)

  [2m2026-06-22T18:06:16.864404Z[0m [32m INFO[0m [1;32mrch::transfer[0m[32m: [32mSyncing /data/projects/.scratch/frankentorch-kgs4.146-cdist-20260622133636/crates/ft-dispatch -> /data/projects/.scratch/frankentorch-kgs4.146-cdist-20260622133636/crates/ft-dispatch on ovh-a[0m
    [2;3mat[0m rch/src/transfer.rs:1528 [2;3mon[0m ThreadId(1)

  [2m2026-06-22T18:06:17.378759Z[0m [32m INFO[0m [1;32mrch::transfer[0m[32m: [32mSync completed in 514ms[0m
    [2;3mat[0m rch/src/transfer.rs:1592 [2;3mon[0m ThreadId(1)

  [2m2026-06-22T18:06:17.378828Z[0m [32m INFO[0m [1;32mrch::transfer[0m[32m: [32mSyncing /data/projects/.scratch/frankentorch-kgs4.146-cdist-20260622133636/crates/ft-kernel-cpu -> /data/projects/.scratch/frankentorch-kgs4.146-cdist-20260622133636/crates/ft-kernel-cpu on ovh-a[0m
    [2;3mat[0m rch/src/transfer.rs:1528 [2;3mon[0m ThreadId(1)

  [2m2026-06-22T18:06:17.972749Z[0m [32m INFO[0m [1;32mrch::transfer[0m[32m: [32mSync completed in 593ms[0m
    [2;3mat[0m rch/src/transfer.rs:1592 [2;3mon[0m ThreadId(1)

  [2m2026-06-22T18:06:17.972839Z[0m [32m INFO[0m [1;32mrch::transfer[0m[32m: [32mSyncing /data/projects/.scratch/frankentorch-kgs4.146-cdist-20260622133636/crates/ft-nn -> /data/projects/.scratch/frankentorch-kgs4.146-cdist-20260622133636/crates/ft-nn on ovh-a[0m
    [2;3mat[0m rch/src/transfer.rs:1528 [2;3mon[0m ThreadId(1)

  [2m2026-06-22T18:06:18.440244Z[0m [32m INFO[0m [1;32mrch::transfer[0m[32m: [32mSync completed in 467ms[0m
    [2;3mat[0m rch/src/transfer.rs:1592 [2;3mon[0m ThreadId(1)

  [2m2026-06-22T18:06:18.440313Z[0m [32m INFO[0m [1;32mrch::transfer[0m[32m: [32mSyncing /data/projects/.scratch/frankentorch-kgs4.146-cdist-20260622133636/crates/ft-optim -> /data/projects/.scratch/frankentorch-kgs4.146-cdist-20260622133636/crates/ft-optim on ovh-a[0m
    [2;3mat[0m rch/src/transfer.rs:1528 [2;3mon[0m ThreadId(1)

  [2m2026-06-22T18:06:18.942045Z[0m [32m INFO[0m [1;32mrch::transfer[0m[32m: [32mSync completed in 501ms[0m
    [2;3mat[0m rch/src/transfer.rs:1592 [2;3mon[0m ThreadId(1)

  [2m2026-06-22T18:06:18.942103Z[0m [32m INFO[0m [1;32mrch::transfer[0m[32m: [32mSyncing /data/projects/.scratch/frankentorch-kgs4.146-cdist-20260622133636/crates/ft-runtime -> /data/projects/.scratch/frankentorch-kgs4.146-cdist-20260622133636/crates/ft-runtime on ovh-a[0m
    [2;3mat[0m rch/src/transfer.rs:1528 [2;3mon[0m ThreadId(1)

  [2m2026-06-22T18:06:19.470012Z[0m [32m INFO[0m [1;32mrch::transfer[0m[32m: [32mSync completed in 527ms[0m
    [2;3mat[0m rch/src/transfer.rs:1592 [2;3mon[0m ThreadId(1)

  [2m2026-06-22T18:06:19.470070Z[0m [32m INFO[0m [1;32mrch::transfer[0m[32m: [32mSyncing /data/projects/.scratch/frankentorch-kgs4.146-cdist-20260622133636/crates/ft-serialize -> /data/projects/.scratch/frankentorch-kgs4.146-cdist-20260622133636/crates/ft-serialize on ovh-a[0m
    [2;3mat[0m rch/src/transfer.rs:1528 [2;3mon[0m ThreadId(1)

  [2m2026-06-22T18:06:19.976517Z[0m [32m INFO[0m [1;32mrch::transfer[0m[32m: [32mSync completed in 506ms[0m
    [2;3mat[0m rch/src/transfer.rs:1592 [2;3mon[0m ThreadId(1)

  [2m2026-06-22T18:06:19.976547Z[0m [32m INFO[0m [1;32mrch::hook::transfer_orchestration[0m[32m: [32mSync complete: 4832 files, 204491 bytes in 6696ms[0m
    [2;3mat[0m rch/src/hook/transfer_orchestration.rs:486 [2;3mon[0m ThreadId(1)

  [2m2026-06-22T18:06:23.025907Z[0m [32m INFO[0m [1;32mrch::hook::transfer_orchestration[0m[32m: [32mExecuting command remotely: cargo clippy -p ft-api --all-targets --no-deps -- -D warnings[0m
    [2;3mat[0m rch/src/hook/transfer_orchestration.rs:529 [2;3mon[0m ThreadId(1)

  [2m2026-06-22T18:06:23.025955Z[0m [32m INFO[0m [1;32mrch::transfer[0m[32m: [32mRewriting CARGO_TARGET_DIR for remote execution (worker-scoped path): /data/projects/.rch-targets/frankentorch-cod-a -> /data/projects/.scratch/frankentorch-kgs4.146-cdist-20260622133636/.rch-target-ovh-a-pool-f5f6f8c795a8dcc2375945a9c599ca6a[0m
    [2;3mat[0m rch/src/transfer.rs:799 [2;3mon[0m ThreadId(1)

    Updating crates.io index
 Downloading crates ...
  Downloaded bytemuck_derive v1.10.2
  Downloaded cast v0.3.0
  Downloaded ciborium-io v0.2.2
  Downloaded ciborium-ll v0.2.2
  Downloaded crossbeam-deque v0.8.6
  Downloaded clap v4.6.1
  Downloaded once_cell v1.21.4
  Downloaded rawpointer v0.2.1
  Downloaded libm v0.2.16
  Downloaded plotters-svg v0.3.7
  Downloaded cfg-if v1.0.4
  Downloaded zerocopy-derive v0.8.48
  Downloaded serde_derive v1.0.228
  Downloaded itoa v1.0.18
  Downloaded memchr v2.8.0
  Downloaded serde_json v1.0.149
  Downloaded ciborium v0.2.2
  Downloaded criterion v0.5.1
  Downloaded proc-macro2 v1.0.106
  Downloaded tinytemplate v1.2.1
  Downloaded half v2.7.1
  Downloaded clap_lex v1.1.0
  Downloaded syn v2.0.117
  Downloaded either v1.15.0
  Downloaded anstyle v1.0.14
  Downloaded safe_arch v0.7.4
  Downloaded serde v1.0.228
  Downloaded autocfg v1.5.0
  Downloaded quote v1.0.45
  Downloaded num-complex v0.4.6
  Downloaded unicode-ident v1.0.24
  Downloaded same-file v1.0.6
  Downloaded is-terminal v0.4.17
  Downloaded walkdir v2.5.0
  Downloaded anes v0.1.6
  Downloaded bytemuck v1.25.0
  Downloaded num-traits v0.2.19
  Downloaded plotters-backend v0.3.7
  Downloaded zmij v1.0.21
  Downloaded oorandom v11.1.5
  Downloaded serde_core v1.0.228
  Downloaded clap_builder v4.6.0
  Downloaded matrixmultiply v0.3.10
  Downloaded crossbeam-utils v0.8.21
  Downloaded criterion-plot v0.5.0
  Downloaded itertools v0.10.5
  Downloaded crossbeam-epoch v0.9.18
  Downloaded rayon-core v1.13.0
  Downloaded wide v0.7.33
  Downloaded plotters v0.3.7
  Downloaded zerocopy v0.8.48
  Downloaded rayon v1.12.0
  Downloaded regex v1.12.3
  Downloaded aho-corasick v1.1.4
  Downloaded regex-automata v0.4.14
  Downloaded regex-syntax v0.8.10
  Downloaded libc v0.2.185
   Compiling proc-macro2 v1.0.106
   Compiling unicode-ident v1.0.24
   Compiling quote v1.0.45
   Compiling autocfg v1.5.0
   Compiling zerocopy v0.8.48
   Compiling crossbeam-utils v0.8.21
    Checking cfg-if v1.0.4
    Checking either v1.15.0
   Compiling rayon-core v1.13.0
   Compiling serde_core v1.0.228
   Compiling libm v0.2.16
   Compiling zmij v1.0.21
   Compiling serde v1.0.228
    Checking rawpointer v0.2.1
   Compiling serde_json v1.0.149
   Compiling libc v0.2.185
    Checking ciborium-io v0.2.2
    Checking memchr v2.8.0
    Checking plotters-backend v0.3.7
    Checking anstyle v1.0.14
    Checking clap_lex v1.1.0
    Checking regex-syntax v0.8.10
    Checking itoa v1.0.18
    Checking itertools v0.10.5
    Checking cast v0.3.0
    Checking clap_builder v4.6.0
    Checking same-file v1.0.6
    Checking once_cell v1.21.4
    Checking plotters-svg v0.3.7
    Checking anes v0.1.6
   Compiling num-traits v0.2.19
   Compiling matrixmultiply v0.3.10
    Checking walkdir v2.5.0
    Checking oorandom v11.1.5
    Checking crossbeam-epoch v0.9.18
    Checking crossbeam-deque v0.8.6
   Compiling syn v2.0.117
    Checking regex-automata v0.4.14
    Checking rayon v1.12.0
    Checking criterion-plot v0.5.0
    Checking num-complex v0.4.6
    Checking plotters v0.3.7
    Checking is-terminal v0.4.17
    Checking clap v4.6.1
    Checking regex v1.12.3
   Compiling bytemuck_derive v1.10.2
   Compiling zerocopy-derive v0.8.48
   Compiling serde_derive v1.0.228
    Checking bytemuck v1.25.0
    Checking safe_arch v0.7.4
    Checking wide v0.7.33
    Checking tinytemplate v1.2.1
    Checking half v2.7.1
    Checking ft-core v0.1.0 (/data/projects/.scratch/frankentorch-kgs4.146-cdist-20260622133636/crates/ft-core)
    Checking ciborium-ll v0.2.2
    Checking ciborium v0.2.2
    Checking ft-kernel-cpu v0.1.0 (/data/projects/.scratch/frankentorch-kgs4.146-cdist-20260622133636/crates/ft-kernel-cpu)
    Checking ft-runtime v0.1.0 (/data/projects/.scratch/frankentorch-kgs4.146-cdist-20260622133636/crates/ft-runtime)
    Checking criterion v0.5.1
    Checking ft-dispatch v0.1.0 (/data/projects/.scratch/frankentorch-kgs4.146-cdist-20260622133636/crates/ft-dispatch)
    Checking ft-autograd v0.1.0 (/data/projects/.scratch/frankentorch-kgs4.146-cdist-20260622133636/crates/ft-autograd)
    Checking ft-api v0.1.0 (/data/projects/.scratch/frankentorch-kgs4.146-cdist-20260622133636/crates/ft-api)
error: approximate value of `f{32, 64}::consts::FRAC_1_SQRT_2` found
  --> crates/ft-api/tests/complex_fft_autograd_parity.rs:78:16
   |
78 |         &[0.6, 0.707106781, -0.707106781, 0.707106781],
   |                ^^^^^^^^^^^
   |
   = help: consider using the constant directly
   = help: for further information visit https://rust-lang.github.io/rust-clippy/master/index.html#approx_constant
   = note: `#[deny(clippy::approx_constant)]` on by default

error: approximate value of `f{32, 64}::consts::FRAC_1_SQRT_2` found
  --> crates/ft-api/tests/complex_fft_autograd_parity.rs:78:30
   |
78 |         &[0.6, 0.707106781, -0.707106781, 0.707106781],
   |                              ^^^^^^^^^^^
   |
   = help: consider using the constant directly
   = help: for further information visit https://rust-lang.github.io/rust-clippy/master/index.html#approx_constant

error: approximate value of `f{32, 64}::consts::FRAC_1_SQRT_2` found
  --> crates/ft-api/tests/complex_fft_autograd_parity.rs:78:43
   |
78 |         &[0.6, 0.707106781, -0.707106781, 0.707106781],
   |                                           ^^^^^^^^^^^
   |
   = help: consider using the constant directly
   = help: for further information visit https://rust-lang.github.io/rust-clippy/master/index.html#approx_constant

error: approximate value of `f{32, 64}::consts::FRAC_1_SQRT_2` found
  --> crates/ft-api/tests/complex_fft_autograd_parity.rs:83:16
   |
83 |         &[0.8, 0.707106781, 0.707106781, -0.707106781],
   |                ^^^^^^^^^^^
   |
   = help: consider using the constant directly
   = help: for further information visit https://rust-lang.github.io/rust-clippy/master/index.html#approx_constant

error: approximate value of `f{32, 64}::consts::FRAC_1_SQRT_2` found
  --> crates/ft-api/tests/complex_fft_autograd_parity.rs:83:29
   |
83 |         &[0.8, 0.707106781, 0.707106781, -0.707106781],
   |                             ^^^^^^^^^^^
   |
   = help: consider using the constant directly
   = help: for further information visit https://rust-lang.github.io/rust-clippy/master/index.html#approx_constant

error: approximate value of `f{32, 64}::consts::FRAC_1_SQRT_2` found
  --> crates/ft-api/tests/complex_fft_autograd_parity.rs:83:43
   |
83 |         &[0.8, 0.707106781, 0.707106781, -0.707106781],
   |                                           ^^^^^^^^^^^
   |
   = help: consider using the constant directly
   = help: for further information visit https://rust-lang.github.io/rust-clippy/master/index.html#approx_constant

error: could not compile `ft-api` (test "complex_fft_autograd_parity") due to 6 previous errors
warning: build failed, waiting for other jobs to finish...
error: the loop variable `x` is used to index `data`
 --> crates/ft-api/examples/pinv_hermitian_h2h.rs:6:18
  |
6 |         for x in 0..bb*k*k { data[x]=(((x*2654435761usize)%9973) as f64)*0.001-5.0; }
  |                  ^^^^^^^^^
  |
  = help: for further information visit https://rust-lang.github.io/rust-clippy/master/index.html#needless_range_loop
  = note: `-D clippy::needless-range-loop` implied by `-D warnings`
  = help: to override `-D warnings` add `#[allow(clippy::needless_range_loop)]`
help: consider using an iterator and enumerate()
  |
6 -         for x in 0..bb*k*k { data[x]=(((x*2654435761usize)%9973) as f64)*0.001-5.0; }
6 +         for (x, <item>) in data.iter_mut().enumerate().take(bb*k*k) { data[x]=(((x*2654435761usize)%9973) as f64)*0.001-5.0; }
  |

error: this `if` statement can be collapsed
  --> crates/ft-api/examples/pinv_hermitian_h2h.rs:32:9
   |
32 | / ...   if let Ok(o)=Command::new(&python).arg("-c").arg(&pysrc).output() { if o.status.success() {
33 | | ...       if let Some(p)=String::from_utf8_lossy(&o.stdout).lines().find_map(|l| l.strip_prefix("MS ").and_then(|v| v.trim().parse...
34 | | ...           let rr=p/best; println!(" | torch {p:.1}ms | {}", if rr>=1.0 {format!("FT {rr:.2}x FASTER")} else {format!("FT {:.2}...
35 | | ...       }
36 | | ...   }}
   | |________^
   |
   = help: for further information visit https://rust-lang.github.io/rust-clippy/master/index.html#collapsible_if
   = note: `-D clippy::collapsible-if` implied by `-D warnings`
   = help: to override `-D warnings` add `#[allow(clippy::collapsible_if)]`
help: collapse nested if block
   |
32 ~         if let Ok(o)=Command::new(&python).arg("-c").arg(&pysrc).output() && o.status.success() {
33 |             if let Some(p)=String::from_utf8_lossy(&o.stdout).lines().find_map(|l| l.strip_prefix("MS ").and_then(|v| v.trim().parse::<f64>().ok())) {
34 |                 let rr=p/best; println!(" | torch {p:.1}ms | {}", if rr>=1.0 {format!("FT {rr:.2}x FASTER")} else {format!("FT {:.2}x slower",1.0/rr)});
35 |             }
36 ~         }
   |

error: this `if` statement can be collapsed
  --> crates/ft-api/examples/pinv_hermitian_h2h.rs:32:77
   |
32 |   ...   if let Ok(o)=Command::new(&python).arg("-c").arg(&pysrc).output() { if o.status.success() {
   |  ___________________________________________________________________________^
33 | | ...       if let Some(p)=String::from_utf8_lossy(&o.stdout).lines().find_map(|l| l.strip_prefix("MS ").and_then(|v| v.trim().parse...
34 | | ...           let rr=p/best; println!(" | torch {p:.1}ms | {}", if rr>=1.0 {format!("FT {rr:.2}x FASTER")} else {format!("FT {:.2}...
35 | | ...       }
36 | | ...   }}
   | |_______^
   |
   = help: for further information visit https://rust-lang.github.io/rust-clippy/master/index.html#collapsible_if
help: collapse nested if block
   |
32 ~         if let Ok(o)=Command::new(&python).arg("-c").arg(&pysrc).output() { if o.status.success()
33 ~             && let Some(p)=String::from_utf8_lossy(&o.stdout).lines().find_map(|l| l.strip_prefix("MS ").and_then(|v| v.trim().parse::<f64>().ok())) {
34 |                 let rr=p/best; println!(" | torch {p:.1}ms | {}", if rr>=1.0 {format!("FT {rr:.2}x FASTER")} else {format!("FT {:.2}x slower",1.0/rr)});
35 ~             }}
   |

error: could not compile `ft-api` (example "pinv_hermitian_h2h") due to 3 previous errors
  [2m2026-06-22T18:06:49.784072Z[0m [32m INFO[0m [1;32mrch::hook::transfer_orchestration[0m[32m: [32mRemote command finished: exit=101 in 26758ms[0m
    [2;3mat[0m rch/src/hook/transfer_orchestration.rs:653 [2;3mon[0m ThreadId(1)

[RCH] remote ovh-a failed (exit 101)
