  [2m2026-06-22T18:26:30.820531Z[0m [32m INFO[0m [1;32mrch::hook[0m[32m: [32mSelected worker: ovh-b at ubuntu@37.187.75.150 (1 slots remaining after reservation, speed 50.0)[0m
    [2;3mat[0m rch/src/hook.rs:921 [2;3mon[0m ThreadId(1)

  [2m2026-06-22T18:26:31.033635Z[0m [32m INFO[0m [1;32mrch::hook::transfer_orchestration[0m[32m: [32mStarting remote compilation pipeline for frankentorch-kgs4.146-cdist-20260622133636 (hash: 1189dcb35ba1455b)[0m
    [2;3mat[0m rch/src/hook/transfer_orchestration.rs:241 [2;3mon[0m ThreadId(1)

  [2m2026-06-22T18:26:31.033669Z[0m [32m INFO[0m [1;32mrch::hook::transfer_orchestration[0m[32m: [32mPrepared dependency sync manifest for 13 roots[0m
    [2;3mat[0m rch/src/hook/transfer_orchestration.rs:263 [2;3mon[0m ThreadId(1)

  [2m2026-06-22T18:26:32.409975Z[0m [32m INFO[0m [1;32mrch::hook::transfer_orchestration[0m[32m: [32mSyncing project to worker ovh-b...[0m
    [2;3mat[0m rch/src/hook/transfer_orchestration.rs:323 [2;3mon[0m ThreadId(1)

  [2m2026-06-22T18:26:32.410035Z[0m [32m INFO[0m [1;32mrch::transfer[0m[32m: [32mSyncing /data/projects/.scratch/frankentorch-kgs4.146-cdist-20260622133636 -> /data/projects/.scratch/frankentorch-kgs4.146-cdist-20260622133636 on ovh-b[0m
    [2;3mat[0m rch/src/transfer.rs:1528 [2;3mon[0m ThreadId(1)

  [2m2026-06-22T18:26:34.580689Z[0m [32m INFO[0m [1;32mrch::transfer[0m[32m: [32mSync completed in 2170ms[0m
    [2;3mat[0m rch/src/transfer.rs:1592 [2;3mon[0m ThreadId(1)

  [2m2026-06-22T18:26:34.580740Z[0m [32m INFO[0m [1;32mrch::transfer[0m[32m: [32mSyncing /data/projects/.scratch/frankentorch-kgs4.146-cdist-20260622133636/crates/ft-api -> /data/projects/.scratch/frankentorch-kgs4.146-cdist-20260622133636/crates/ft-api on ovh-b[0m
    [2;3mat[0m rch/src/transfer.rs:1528 [2;3mon[0m ThreadId(1)

  [2m2026-06-22T18:26:36.084324Z[0m [32m INFO[0m [1;32mrch::transfer[0m[32m: [32mSync completed in 1503ms[0m
    [2;3mat[0m rch/src/transfer.rs:1592 [2;3mon[0m ThreadId(1)

  [2m2026-06-22T18:26:36.084398Z[0m [32m INFO[0m [1;32mrch::transfer[0m[32m: [32mSyncing /data/projects/.scratch/frankentorch-kgs4.146-cdist-20260622133636/crates/ft-autograd -> /data/projects/.scratch/frankentorch-kgs4.146-cdist-20260622133636/crates/ft-autograd on ovh-b[0m
    [2;3mat[0m rch/src/transfer.rs:1528 [2;3mon[0m ThreadId(1)

  [2m2026-06-22T18:26:37.704837Z[0m [32m INFO[0m [1;32mrch::transfer[0m[32m: [32mSync completed in 1620ms[0m
    [2;3mat[0m rch/src/transfer.rs:1592 [2;3mon[0m ThreadId(1)

  [2m2026-06-22T18:26:37.704901Z[0m [32m INFO[0m [1;32mrch::transfer[0m[32m: [32mSyncing /data/projects/.scratch/frankentorch-kgs4.146-cdist-20260622133636/crates/ft-conformance -> /data/projects/.scratch/frankentorch-kgs4.146-cdist-20260622133636/crates/ft-conformance on ovh-b[0m
    [2;3mat[0m rch/src/transfer.rs:1528 [2;3mon[0m ThreadId(1)

  [2m2026-06-22T18:26:39.295672Z[0m [32m INFO[0m [1;32mrch::transfer[0m[32m: [32mSync completed in 1590ms[0m
    [2;3mat[0m rch/src/transfer.rs:1592 [2;3mon[0m ThreadId(1)

  [2m2026-06-22T18:26:39.295728Z[0m [32m INFO[0m [1;32mrch::transfer[0m[32m: [32mSyncing /data/projects/.scratch/frankentorch-kgs4.146-cdist-20260622133636/crates/ft-core -> /data/projects/.scratch/frankentorch-kgs4.146-cdist-20260622133636/crates/ft-core on ovh-b[0m
    [2;3mat[0m rch/src/transfer.rs:1528 [2;3mon[0m ThreadId(1)

  [2m2026-06-22T18:26:40.769456Z[0m [32m INFO[0m [1;32mrch::transfer[0m[32m: [32mSync completed in 1473ms[0m
    [2;3mat[0m rch/src/transfer.rs:1592 [2;3mon[0m ThreadId(1)

  [2m2026-06-22T18:26:40.769526Z[0m [32m INFO[0m [1;32mrch::transfer[0m[32m: [32mSyncing /data/projects/.scratch/frankentorch-kgs4.146-cdist-20260622133636/crates/ft-data -> /data/projects/.scratch/frankentorch-kgs4.146-cdist-20260622133636/crates/ft-data on ovh-b[0m
    [2;3mat[0m rch/src/transfer.rs:1528 [2;3mon[0m ThreadId(1)

  [2m2026-06-22T18:26:42.341954Z[0m [32m INFO[0m [1;32mrch::transfer[0m[32m: [32mSync completed in 1572ms[0m
    [2;3mat[0m rch/src/transfer.rs:1592 [2;3mon[0m ThreadId(1)

  [2m2026-06-22T18:26:42.342012Z[0m [32m INFO[0m [1;32mrch::transfer[0m[32m: [32mSyncing /data/projects/.scratch/frankentorch-kgs4.146-cdist-20260622133636/crates/ft-device -> /data/projects/.scratch/frankentorch-kgs4.146-cdist-20260622133636/crates/ft-device on ovh-b[0m
    [2;3mat[0m rch/src/transfer.rs:1528 [2;3mon[0m ThreadId(1)

  [2m2026-06-22T18:26:43.908962Z[0m [32m INFO[0m [1;32mrch::transfer[0m[32m: [32mSync completed in 1566ms[0m
    [2;3mat[0m rch/src/transfer.rs:1592 [2;3mon[0m ThreadId(1)

  [2m2026-06-22T18:26:43.909045Z[0m [32m INFO[0m [1;32mrch::transfer[0m[32m: [32mSyncing /data/projects/.scratch/frankentorch-kgs4.146-cdist-20260622133636/crates/ft-dispatch -> /data/projects/.scratch/frankentorch-kgs4.146-cdist-20260622133636/crates/ft-dispatch on ovh-b[0m
    [2;3mat[0m rch/src/transfer.rs:1528 [2;3mon[0m ThreadId(1)

  [2m2026-06-22T18:26:45.483287Z[0m [32m INFO[0m [1;32mrch::transfer[0m[32m: [32mSync completed in 1574ms[0m
    [2;3mat[0m rch/src/transfer.rs:1592 [2;3mon[0m ThreadId(1)

  [2m2026-06-22T18:26:45.483345Z[0m [32m INFO[0m [1;32mrch::transfer[0m[32m: [32mSyncing /data/projects/.scratch/frankentorch-kgs4.146-cdist-20260622133636/crates/ft-kernel-cpu -> /data/projects/.scratch/frankentorch-kgs4.146-cdist-20260622133636/crates/ft-kernel-cpu on ovh-b[0m
    [2;3mat[0m rch/src/transfer.rs:1528 [2;3mon[0m ThreadId(1)

  [2m2026-06-22T18:26:47.046147Z[0m [32m INFO[0m [1;32mrch::transfer[0m[32m: [32mSync completed in 1562ms[0m
    [2;3mat[0m rch/src/transfer.rs:1592 [2;3mon[0m ThreadId(1)

  [2m2026-06-22T18:26:47.046203Z[0m [32m INFO[0m [1;32mrch::transfer[0m[32m: [32mSyncing /data/projects/.scratch/frankentorch-kgs4.146-cdist-20260622133636/crates/ft-nn -> /data/projects/.scratch/frankentorch-kgs4.146-cdist-20260622133636/crates/ft-nn on ovh-b[0m
    [2;3mat[0m rch/src/transfer.rs:1528 [2;3mon[0m ThreadId(1)

  [2m2026-06-22T18:26:48.635837Z[0m [32m INFO[0m [1;32mrch::transfer[0m[32m: [32mSync completed in 1589ms[0m
    [2;3mat[0m rch/src/transfer.rs:1592 [2;3mon[0m ThreadId(1)

  [2m2026-06-22T18:26:48.635927Z[0m [32m INFO[0m [1;32mrch::transfer[0m[32m: [32mSyncing /data/projects/.scratch/frankentorch-kgs4.146-cdist-20260622133636/crates/ft-optim -> /data/projects/.scratch/frankentorch-kgs4.146-cdist-20260622133636/crates/ft-optim on ovh-b[0m
    [2;3mat[0m rch/src/transfer.rs:1528 [2;3mon[0m ThreadId(1)

  [2m2026-06-22T18:26:50.154214Z[0m [32m INFO[0m [1;32mrch::transfer[0m[32m: [32mSync completed in 1518ms[0m
    [2;3mat[0m rch/src/transfer.rs:1592 [2;3mon[0m ThreadId(1)

  [2m2026-06-22T18:26:50.154289Z[0m [32m INFO[0m [1;32mrch::transfer[0m[32m: [32mSyncing /data/projects/.scratch/frankentorch-kgs4.146-cdist-20260622133636/crates/ft-runtime -> /data/projects/.scratch/frankentorch-kgs4.146-cdist-20260622133636/crates/ft-runtime on ovh-b[0m
    [2;3mat[0m rch/src/transfer.rs:1528 [2;3mon[0m ThreadId(1)

  [2m2026-06-22T18:26:51.809737Z[0m [32m INFO[0m [1;32mrch::transfer[0m[32m: [32mSync completed in 1655ms[0m
    [2;3mat[0m rch/src/transfer.rs:1592 [2;3mon[0m ThreadId(1)

  [2m2026-06-22T18:26:51.809816Z[0m [32m INFO[0m [1;32mrch::transfer[0m[32m: [32mSyncing /data/projects/.scratch/frankentorch-kgs4.146-cdist-20260622133636/crates/ft-serialize -> /data/projects/.scratch/frankentorch-kgs4.146-cdist-20260622133636/crates/ft-serialize on ovh-b[0m
    [2;3mat[0m rch/src/transfer.rs:1528 [2;3mon[0m ThreadId(1)

  [2m2026-06-22T18:26:53.534155Z[0m [32m INFO[0m [1;32mrch::transfer[0m[32m: [32mSync completed in 1724ms[0m
    [2;3mat[0m rch/src/transfer.rs:1592 [2;3mon[0m ThreadId(1)

  [2m2026-06-22T18:26:53.534186Z[0m [32m INFO[0m [1;32mrch::hook::transfer_orchestration[0m[32m: [32mSync complete: 4842 files, 205738 bytes in 21116ms[0m
    [2;3mat[0m rch/src/hook/transfer_orchestration.rs:486 [2;3mon[0m ThreadId(1)

  [2m2026-06-22T18:27:00.673173Z[0m [32m INFO[0m [1;32mrch::hook::transfer_orchestration[0m[32m: [32mExecuting command remotely: cargo clippy -p ft-api --all-targets --no-deps -- -D warnings[0m
    [2;3mat[0m rch/src/hook/transfer_orchestration.rs:529 [2;3mon[0m ThreadId(1)

  [2m2026-06-22T18:27:00.673214Z[0m [32m INFO[0m [1;32mrch::transfer[0m[32m: [32mRewriting CARGO_TARGET_DIR for remote execution (worker-scoped path): /data/projects/.rch-targets/frankentorch-cod-a -> /data/projects/.scratch/frankentorch-kgs4.146-cdist-20260622133636/.rch-target-ovh-b-pool-f5f6f8c795a8dcc2375945a9c599ca6a[0m
    [2;3mat[0m rch/src/transfer.rs:799 [2;3mon[0m ThreadId(1)

    Updating crates.io index
 Downloading crates ...
  Downloaded autocfg v1.5.0
  Downloaded bytemuck v1.25.0
  Downloaded cast v0.3.0
  Downloaded anstyle v1.0.14
  Downloaded bytemuck_derive v1.10.2
  Downloaded anes v0.1.6
  Downloaded num-complex v0.4.6
  Downloaded half v2.7.1
  Downloaded plotters-backend v0.3.7
  Downloaded clap_lex v1.1.0
  Downloaded ciborium-ll v0.2.2
  Downloaded plotters-svg v0.3.7
  Downloaded cfg-if v1.0.4
  Downloaded rawpointer v0.2.1
  Downloaded itoa v1.0.18
  Downloaded same-file v1.0.6
  Downloaded is-terminal v0.4.17
  Downloaded ciborium-io v0.2.2
  Downloaded aho-corasick v1.1.4
  Downloaded criterion-plot v0.5.0
  Downloaded crossbeam-deque v0.8.6
  Downloaded tinytemplate v1.2.1
  Downloaded walkdir v2.5.0
  Downloaded zmij v1.0.21
  Downloaded either v1.15.0
  Downloaded oorandom v11.1.5
  Downloaded once_cell v1.21.4
  Downloaded quote v1.0.45
  Downloaded crossbeam-epoch v0.9.18
  Downloaded crossbeam-utils v0.8.21
  Downloaded safe_arch v0.7.4
  Downloaded serde_core v1.0.228
  Downloaded ciborium v0.2.2
  Downloaded proc-macro2 v1.0.106
  Downloaded unicode-ident v1.0.24
  Downloaded clap v4.6.1
  Downloaded num-traits v0.2.19
  Downloaded matrixmultiply v0.3.10
  Downloaded rayon-core v1.13.0
  Downloaded serde_derive v1.0.228
  Downloaded memchr v2.8.0
  Downloaded serde v1.0.228
  Downloaded criterion v0.5.1
  Downloaded wide v0.7.33
  Downloaded zerocopy-derive v0.8.48
  Downloaded regex v1.12.3
  Downloaded itertools v0.10.5
  Downloaded serde_json v1.0.149
  Downloaded libm v0.2.16
  Downloaded rayon v1.12.0
  Downloaded clap_builder v4.6.0
  Downloaded plotters v0.3.7
  Downloaded syn v2.0.117
  Downloaded zerocopy v0.8.48
  Downloaded regex-syntax v0.8.10
  Downloaded regex-automata v0.4.14
  Downloaded libc v0.2.185
   Compiling proc-macro2 v1.0.106
   Compiling unicode-ident v1.0.24
   Compiling quote v1.0.45
   Compiling autocfg v1.5.0
   Compiling zerocopy v0.8.48
   Compiling crossbeam-utils v0.8.21
    Checking cfg-if v1.0.4
    Checking either v1.15.0
   Compiling rayon-core v1.13.0
   Compiling serde_core v1.0.228
   Compiling libm v0.2.16
   Compiling zmij v1.0.21
    Checking rawpointer v0.2.1
   Compiling serde v1.0.228
   Compiling libc v0.2.185
   Compiling serde_json v1.0.149
   Compiling num-traits v0.2.19
   Compiling matrixmultiply v0.3.10
    Checking clap_lex v1.1.0
    Checking crossbeam-epoch v0.9.18
    Checking regex-syntax v0.8.10
    Checking memchr v2.8.0
    Checking crossbeam-deque v0.8.6
   Compiling syn v2.0.117
    Checking ciborium-io v0.2.2
    Checking anstyle v1.0.14
    Checking itoa v1.0.18
    Checking plotters-backend v0.3.7
    Checking clap_builder v4.6.0
    Checking num-complex v0.4.6
    Checking rayon v1.12.0
    Checking plotters-svg v0.3.7
    Checking itertools v0.10.5
    Checking same-file v1.0.6
    Checking cast v0.3.0
    Checking regex-automata v0.4.14
    Checking walkdir v2.5.0
    Checking plotters v0.3.7
    Checking is-terminal v0.4.17
    Checking anes v0.1.6
    Checking criterion-plot v0.5.0
    Checking oorandom v11.1.5
    Checking once_cell v1.21.4
    Checking clap v4.6.1
    Checking regex v1.12.3
   Compiling bytemuck_derive v1.10.2
   Compiling zerocopy-derive v0.8.48
   Compiling serde_derive v1.0.228
    Checking bytemuck v1.25.0
    Checking safe_arch v0.7.4
    Checking wide v0.7.33
    Checking tinytemplate v1.2.1
    Checking half v2.7.1
    Checking ft-core v0.1.0 (/data/projects/.scratch/frankentorch-kgs4.146-cdist-20260622133636/crates/ft-core)
    Checking ciborium-ll v0.2.2
    Checking ciborium v0.2.2
    Checking ft-kernel-cpu v0.1.0 (/data/projects/.scratch/frankentorch-kgs4.146-cdist-20260622133636/crates/ft-kernel-cpu)
    Checking ft-runtime v0.1.0 (/data/projects/.scratch/frankentorch-kgs4.146-cdist-20260622133636/crates/ft-runtime)
    Checking criterion v0.5.1
    Checking ft-dispatch v0.1.0 (/data/projects/.scratch/frankentorch-kgs4.146-cdist-20260622133636/crates/ft-dispatch)
    Checking ft-autograd v0.1.0 (/data/projects/.scratch/frankentorch-kgs4.146-cdist-20260622133636/crates/ft-autograd)
    Checking ft-api v0.1.0 (/data/projects/.scratch/frankentorch-kgs4.146-cdist-20260622133636/crates/ft-api)
    Finished `dev` profile [unoptimized + debuginfo] target(s) in 39.72s
  [2m2026-06-22T18:27:41.844394Z[0m [32m INFO[0m [1;32mrch::hook::transfer_orchestration[0m[32m: [32mRemote command finished: exit=0 in 41171ms[0m
    [2;3mat[0m rch/src/hook/transfer_orchestration.rs:653 [2;3mon[0m ThreadId(1)

  [2m2026-06-22T18:27:41.844728Z[0m [32m INFO[0m [1;32mrch::hook::transfer_orchestration[0m[32m: [32mRetrieving build artifacts...[0m
    [2;3mat[0m rch/src/hook/transfer_orchestration.rs:702 [2;3mon[0m ThreadId(1)

  [2m2026-06-22T18:27:41.844757Z[0m [32m INFO[0m [1;32mrch::transfer[0m[32m: [32mRetrieving artifacts from /data/projects/.scratch/frankentorch-kgs4.146-cdist-20260622133636 on ovh-b[0m
    [2;3mat[0m rch/src/transfer.rs:2246 [2;3mon[0m ThreadId(1)

  [2m2026-06-22T18:27:43.518177Z[0m [32m INFO[0m [1;32mrch::transfer[0m[32m: [32mArtifacts retrieved in 1673ms (1 files, 1180 bytes)[0m
    [2;3mat[0m rch/src/transfer.rs:2301 [2;3mon[0m ThreadId(1)

  [2m2026-06-22T18:27:43.518216Z[0m [32m INFO[0m [1;32mrch::hook::transfer_orchestration[0m[32m: [32mArtifacts retrieved: 1 files, 1180 bytes in 1673ms[0m
    [2;3mat[0m rch/src/hook/transfer_orchestration.rs:735 [2;3mon[0m ThreadId(1)

[RCH] remote ovh-b (72.7s)
