  [2m2026-06-22T17:45:34.912923Z[0m [32m INFO[0m [1;32mrch::hook[0m[32m: [32mSelected worker: vmi1149989 at root@212.90.121.76 (0 slots remaining after reservation, speed 50.0)[0m
    [2;3mat[0m rch/src/hook.rs:921 [2;3mon[0m ThreadId(1)

  [2m2026-06-22T17:45:35.128859Z[0m [32m INFO[0m [1;32mrch::hook::transfer_orchestration[0m[32m: [32mStarting remote compilation pipeline for frankentorch-kgs4.146-cdist-20260622133636 (hash: 1189dcb35ba1455b)[0m
    [2;3mat[0m rch/src/hook/transfer_orchestration.rs:241 [2;3mon[0m ThreadId(1)

  [2m2026-06-22T17:45:35.128926Z[0m [32m INFO[0m [1;32mrch::hook::transfer_orchestration[0m[32m: [32mPrepared dependency sync manifest for 13 roots[0m
    [2;3mat[0m rch/src/hook/transfer_orchestration.rs:263 [2;3mon[0m ThreadId(1)

  [2m2026-06-22T17:45:36.833009Z[0m [32m INFO[0m [1;32mrch::hook::transfer_orchestration[0m[32m: [32mSyncing project to worker vmi1149989...[0m
    [2;3mat[0m rch/src/hook/transfer_orchestration.rs:323 [2;3mon[0m ThreadId(1)

  [2m2026-06-22T17:45:36.833056Z[0m [32m INFO[0m [1;32mrch::transfer[0m[32m: [32mSyncing /data/projects/.scratch/frankentorch-kgs4.146-cdist-20260622133636 -> /data/projects/.scratch/frankentorch-kgs4.146-cdist-20260622133636 on vmi1149989[0m
    [2;3mat[0m rch/src/transfer.rs:1528 [2;3mon[0m ThreadId(1)

  [2m2026-06-22T17:45:39.622164Z[0m [32m INFO[0m [1;32mrch::transfer[0m[32m: [32mSync completed in 2789ms[0m
    [2;3mat[0m rch/src/transfer.rs:1592 [2;3mon[0m ThreadId(1)

  [2m2026-06-22T17:45:39.622229Z[0m [32m INFO[0m [1;32mrch::transfer[0m[32m: [32mSyncing /data/projects/.scratch/frankentorch-kgs4.146-cdist-20260622133636/crates/ft-api -> /data/projects/.scratch/frankentorch-kgs4.146-cdist-20260622133636/crates/ft-api on vmi1149989[0m
    [2;3mat[0m rch/src/transfer.rs:1528 [2;3mon[0m ThreadId(1)

  [2m2026-06-22T17:45:41.983821Z[0m [32m INFO[0m [1;32mrch::transfer[0m[32m: [32mSync completed in 2361ms[0m
    [2;3mat[0m rch/src/transfer.rs:1592 [2;3mon[0m ThreadId(1)

  [2m2026-06-22T17:45:41.983900Z[0m [32m INFO[0m [1;32mrch::transfer[0m[32m: [32mSyncing /data/projects/.scratch/frankentorch-kgs4.146-cdist-20260622133636/crates/ft-autograd -> /data/projects/.scratch/frankentorch-kgs4.146-cdist-20260622133636/crates/ft-autograd on vmi1149989[0m
    [2;3mat[0m rch/src/transfer.rs:1528 [2;3mon[0m ThreadId(1)

  [2m2026-06-22T17:45:43.889593Z[0m [32m INFO[0m [1;32mrch::transfer[0m[32m: [32mSync completed in 1905ms[0m
    [2;3mat[0m rch/src/transfer.rs:1592 [2;3mon[0m ThreadId(1)

  [2m2026-06-22T17:45:43.889668Z[0m [32m INFO[0m [1;32mrch::transfer[0m[32m: [32mSyncing /data/projects/.scratch/frankentorch-kgs4.146-cdist-20260622133636/crates/ft-conformance -> /data/projects/.scratch/frankentorch-kgs4.146-cdist-20260622133636/crates/ft-conformance on vmi1149989[0m
    [2;3mat[0m rch/src/transfer.rs:1528 [2;3mon[0m ThreadId(1)

  [2m2026-06-22T17:45:45.940344Z[0m [32m INFO[0m [1;32mrch::transfer[0m[32m: [32mSync completed in 2050ms[0m
    [2;3mat[0m rch/src/transfer.rs:1592 [2;3mon[0m ThreadId(1)

  [2m2026-06-22T17:45:45.940412Z[0m [32m INFO[0m [1;32mrch::transfer[0m[32m: [32mSyncing /data/projects/.scratch/frankentorch-kgs4.146-cdist-20260622133636/crates/ft-core -> /data/projects/.scratch/frankentorch-kgs4.146-cdist-20260622133636/crates/ft-core on vmi1149989[0m
    [2;3mat[0m rch/src/transfer.rs:1528 [2;3mon[0m ThreadId(1)

  [2m2026-06-22T17:45:47.949538Z[0m [32m INFO[0m [1;32mrch::transfer[0m[32m: [32mSync completed in 2009ms[0m
    [2;3mat[0m rch/src/transfer.rs:1592 [2;3mon[0m ThreadId(1)

  [2m2026-06-22T17:45:47.949630Z[0m [32m INFO[0m [1;32mrch::transfer[0m[32m: [32mSyncing /data/projects/.scratch/frankentorch-kgs4.146-cdist-20260622133636/crates/ft-data -> /data/projects/.scratch/frankentorch-kgs4.146-cdist-20260622133636/crates/ft-data on vmi1149989[0m
    [2;3mat[0m rch/src/transfer.rs:1528 [2;3mon[0m ThreadId(1)

  [2m2026-06-22T17:45:49.848830Z[0m [32m INFO[0m [1;32mrch::transfer[0m[32m: [32mSync completed in 1899ms[0m
    [2;3mat[0m rch/src/transfer.rs:1592 [2;3mon[0m ThreadId(1)

  [2m2026-06-22T17:45:49.848919Z[0m [32m INFO[0m [1;32mrch::transfer[0m[32m: [32mSyncing /data/projects/.scratch/frankentorch-kgs4.146-cdist-20260622133636/crates/ft-device -> /data/projects/.scratch/frankentorch-kgs4.146-cdist-20260622133636/crates/ft-device on vmi1149989[0m
    [2;3mat[0m rch/src/transfer.rs:1528 [2;3mon[0m ThreadId(1)

  [2m2026-06-22T17:45:51.835683Z[0m [32m INFO[0m [1;32mrch::transfer[0m[32m: [32mSync completed in 1986ms[0m
    [2;3mat[0m rch/src/transfer.rs:1592 [2;3mon[0m ThreadId(1)

  [2m2026-06-22T17:45:51.835776Z[0m [32m INFO[0m [1;32mrch::transfer[0m[32m: [32mSyncing /data/projects/.scratch/frankentorch-kgs4.146-cdist-20260622133636/crates/ft-dispatch -> /data/projects/.scratch/frankentorch-kgs4.146-cdist-20260622133636/crates/ft-dispatch on vmi1149989[0m
    [2;3mat[0m rch/src/transfer.rs:1528 [2;3mon[0m ThreadId(1)

  [2m2026-06-22T17:45:53.786419Z[0m [32m INFO[0m [1;32mrch::transfer[0m[32m: [32mSync completed in 1950ms[0m
    [2;3mat[0m rch/src/transfer.rs:1592 [2;3mon[0m ThreadId(1)

  [2m2026-06-22T17:45:53.786500Z[0m [32m INFO[0m [1;32mrch::transfer[0m[32m: [32mSyncing /data/projects/.scratch/frankentorch-kgs4.146-cdist-20260622133636/crates/ft-kernel-cpu -> /data/projects/.scratch/frankentorch-kgs4.146-cdist-20260622133636/crates/ft-kernel-cpu on vmi1149989[0m
    [2;3mat[0m rch/src/transfer.rs:1528 [2;3mon[0m ThreadId(1)

  [2m2026-06-22T17:45:55.684709Z[0m [32m INFO[0m [1;32mrch::transfer[0m[32m: [32mSync completed in 1898ms[0m
    [2;3mat[0m rch/src/transfer.rs:1592 [2;3mon[0m ThreadId(1)

  [2m2026-06-22T17:45:55.684784Z[0m [32m INFO[0m [1;32mrch::transfer[0m[32m: [32mSyncing /data/projects/.scratch/frankentorch-kgs4.146-cdist-20260622133636/crates/ft-nn -> /data/projects/.scratch/frankentorch-kgs4.146-cdist-20260622133636/crates/ft-nn on vmi1149989[0m
    [2;3mat[0m rch/src/transfer.rs:1528 [2;3mon[0m ThreadId(1)

  [2m2026-06-22T17:45:57.640053Z[0m [32m INFO[0m [1;32mrch::transfer[0m[32m: [32mSync completed in 1955ms[0m
    [2;3mat[0m rch/src/transfer.rs:1592 [2;3mon[0m ThreadId(1)

  [2m2026-06-22T17:45:57.640115Z[0m [32m INFO[0m [1;32mrch::transfer[0m[32m: [32mSyncing /data/projects/.scratch/frankentorch-kgs4.146-cdist-20260622133636/crates/ft-optim -> /data/projects/.scratch/frankentorch-kgs4.146-cdist-20260622133636/crates/ft-optim on vmi1149989[0m
    [2;3mat[0m rch/src/transfer.rs:1528 [2;3mon[0m ThreadId(1)

  [2m2026-06-22T17:45:59.553292Z[0m [32m INFO[0m [1;32mrch::transfer[0m[32m: [32mSync completed in 1913ms[0m
    [2;3mat[0m rch/src/transfer.rs:1592 [2;3mon[0m ThreadId(1)

  [2m2026-06-22T17:45:59.553371Z[0m [32m INFO[0m [1;32mrch::transfer[0m[32m: [32mSyncing /data/projects/.scratch/frankentorch-kgs4.146-cdist-20260622133636/crates/ft-runtime -> /data/projects/.scratch/frankentorch-kgs4.146-cdist-20260622133636/crates/ft-runtime on vmi1149989[0m
    [2;3mat[0m rch/src/transfer.rs:1528 [2;3mon[0m ThreadId(1)

  [2m2026-06-22T17:46:01.425788Z[0m [32m INFO[0m [1;32mrch::transfer[0m[32m: [32mSync completed in 1872ms[0m
    [2;3mat[0m rch/src/transfer.rs:1592 [2;3mon[0m ThreadId(1)

  [2m2026-06-22T17:46:01.425863Z[0m [32m INFO[0m [1;32mrch::transfer[0m[32m: [32mSyncing /data/projects/.scratch/frankentorch-kgs4.146-cdist-20260622133636/crates/ft-serialize -> /data/projects/.scratch/frankentorch-kgs4.146-cdist-20260622133636/crates/ft-serialize on vmi1149989[0m
    [2;3mat[0m rch/src/transfer.rs:1528 [2;3mon[0m ThreadId(1)

  [2m2026-06-22T17:46:03.377763Z[0m [32m INFO[0m [1;32mrch::transfer[0m[32m: [32mSync completed in 1951ms[0m
    [2;3mat[0m rch/src/transfer.rs:1592 [2;3mon[0m ThreadId(1)

  [2m2026-06-22T17:46:03.377798Z[0m [32m INFO[0m [1;32mrch::hook::transfer_orchestration[0m[32m: [32mSync complete: 4822 files, 203675 bytes in 26538ms[0m
    [2;3mat[0m rch/src/hook/transfer_orchestration.rs:486 [2;3mon[0m ThreadId(1)

  [2m2026-06-22T17:46:12.001567Z[0m [32m INFO[0m [1;32mrch::hook::transfer_orchestration[0m[32m: [32mExecuting command remotely: cargo run --release -p ft-api --example cdist_grad_h2h[0m
    [2;3mat[0m rch/src/hook/transfer_orchestration.rs:529 [2;3mon[0m ThreadId(1)

  [2m2026-06-22T17:46:12.001615Z[0m [32m INFO[0m [1;32mrch::transfer[0m[32m: [32mRewriting CARGO_TARGET_DIR for remote execution (worker-scoped path): /data/projects/.rch-targets/frankentorch-cod-a -> /data/projects/.scratch/frankentorch-kgs4.146-cdist-20260622133636/.rch-target-vmi1149989-pool-34146f7cad15c9e21a98cef7d9517a50[0m
    [2;3mat[0m rch/src/transfer.rs:799 [2;3mon[0m ThreadId(1)

    Updating crates.io index
 Downloading crates ...
  Downloaded cast v0.3.0
  Downloaded cfg-if v1.0.4
  Downloaded ciborium-io v0.2.2
  Downloaded ciborium-ll v0.2.2
  Downloaded itoa v1.0.18
  Downloaded plotters-backend v0.3.7
  Downloaded plotters-svg v0.3.7
  Downloaded is-terminal v0.4.17
  Downloaded same-file v1.0.6
  Downloaded rawpointer v0.2.1
  Downloaded anstyle v1.0.14
  Downloaded autocfg v1.5.0
  Downloaded bytemuck v1.25.0
  Downloaded clap_lex v1.1.0
  Downloaded anes v0.1.6
  Downloaded bytemuck_derive v1.10.2
  Downloaded either v1.15.0
  Downloaded crossbeam-deque v0.8.6
  Downloaded criterion-plot v0.5.0
  Downloaded num-complex v0.4.6
  Downloaded quote v1.0.45
  Downloaded oorandom v11.1.5
  Downloaded tinytemplate v1.2.1
  Downloaded walkdir v2.5.0
  Downloaded ciborium v0.2.2
  Downloaded zmij v1.0.21
  Downloaded crossbeam-utils v0.8.21
  Downloaded matrixmultiply v0.3.10
  Downloaded num-traits v0.2.19
  Downloaded proc-macro2 v1.0.106
  Downloaded crossbeam-epoch v0.9.18
  Downloaded serde_derive v1.0.228
  Downloaded unicode-ident v1.0.24
  Downloaded clap v4.6.1
  Downloaded half v2.7.1
  Downloaded once_cell v1.21.4
  Downloaded serde_core v1.0.228
  Downloaded rayon-core v1.13.0
  Downloaded safe_arch v0.7.4
  Downloaded zerocopy-derive v0.8.48
  Downloaded memchr v2.8.0
  Downloaded serde v1.0.228
  Downloaded criterion v0.5.1
  Downloaded itertools v0.10.5
  Downloaded wide v0.7.33
  Downloaded aho-corasick v1.1.4
  Downloaded plotters v0.3.7
  Downloaded serde_json v1.0.149
  Downloaded clap_builder v4.6.0
  Downloaded libm v0.2.16
  Downloaded regex v1.12.3
  Downloaded rayon v1.12.0
  Downloaded zerocopy v0.8.48
  Downloaded syn v2.0.117
  Downloaded regex-syntax v0.8.10
  Downloaded regex-automata v0.4.14
  Downloaded libc v0.2.185
   Compiling proc-macro2 v1.0.106
   Compiling unicode-ident v1.0.24
   Compiling quote v1.0.45
   Compiling autocfg v1.5.0
   Compiling zerocopy v0.8.48
   Compiling crossbeam-utils v0.8.21
   Compiling cfg-if v1.0.4
   Compiling rayon-core v1.13.0
   Compiling either v1.15.0
   Compiling serde_core v1.0.228
   Compiling libm v0.2.16
   Compiling rawpointer v0.2.1
   Compiling zmij v1.0.21
   Compiling serde v1.0.228
   Compiling libc v0.2.185
   Compiling serde_json v1.0.149
   Compiling clap_lex v1.1.0
   Compiling num-traits v0.2.19
   Compiling matrixmultiply v0.3.10
   Compiling memchr v2.8.0
   Compiling ciborium-io v0.2.2
   Compiling anstyle v1.0.14
   Compiling itoa v1.0.18
   Compiling regex-syntax v0.8.10
   Compiling crossbeam-epoch v0.9.18
   Compiling plotters-backend v0.3.7
   Compiling clap_builder v4.6.0
   Compiling syn v2.0.117
   Compiling crossbeam-deque v0.8.6
   Compiling plotters-svg v0.3.7
   Compiling num-complex v0.4.6
   Compiling rayon v1.12.0
   Compiling itertools v0.10.5
   Compiling regex-automata v0.4.14
   Compiling same-file v1.0.6
   Compiling cast v0.3.0
   Compiling walkdir v2.5.0
   Compiling is-terminal v0.4.17
   Compiling plotters v0.3.7
   Compiling anes v0.1.6
   Compiling criterion-plot v0.5.0
   Compiling clap v4.6.1
   Compiling once_cell v1.21.4
   Compiling oorandom v11.1.5
   Compiling regex v1.12.3
   Compiling bytemuck_derive v1.10.2
   Compiling zerocopy-derive v0.8.48
   Compiling serde_derive v1.0.228
   Compiling bytemuck v1.25.0
   Compiling safe_arch v0.7.4
   Compiling wide v0.7.33
   Compiling tinytemplate v1.2.1
   Compiling half v2.7.1
   Compiling ft-core v0.1.0 (/data/projects/.scratch/frankentorch-kgs4.146-cdist-20260622133636/crates/ft-core)
   Compiling ciborium-ll v0.2.2
   Compiling ciborium v0.2.2
   Compiling ft-kernel-cpu v0.1.0 (/data/projects/.scratch/frankentorch-kgs4.146-cdist-20260622133636/crates/ft-kernel-cpu)
   Compiling ft-runtime v0.1.0 (/data/projects/.scratch/frankentorch-kgs4.146-cdist-20260622133636/crates/ft-runtime)
   Compiling criterion v0.5.1
   Compiling ft-dispatch v0.1.0 (/data/projects/.scratch/frankentorch-kgs4.146-cdist-20260622133636/crates/ft-dispatch)
   Compiling ft-autograd v0.1.0 (/data/projects/.scratch/frankentorch-kgs4.146-cdist-20260622133636/crates/ft-autograd)
   Compiling ft-api v0.1.0 (/data/projects/.scratch/frankentorch-kgs4.146-cdist-20260622133636/crates/ft-api)
    Finished `release` profile [optimized] target(s) in 2m 16s
     Running `.rch-target-vmi1149989-pool-34146f7cad15c9e21a98cef7d9517a50/release/examples/cdist_grad_h2h`
p=1 P=1500 R=1500 D=8: FT 9.067 ms gradsum 1.800000e5 | PyTorch unavailable
Traceback (most recent call last):
  File "<stdin>", line 2, in <module>
ModuleNotFoundError: No module named 'torch'

p=1 P=1000 R=1000 D=16: FT 6.065 ms gradsum 1.600000e5 | PyTorch unavailable
Traceback (most recent call last):
  File "<stdin>", line 2, in <module>
ModuleNotFoundError: No module named 'torch'

p=2 P=1500 R=1500 D=8: FT 14.947 ms gradsum 5.913865e4 | PyTorch unavailable
Traceback (most recent call last):
  File "<stdin>", line 2, in <module>
ModuleNotFoundError: No module named 'torch'

p=2 P=1000 R=1000 D=16: FT 9.923 ms gradsum 3.672637e4 | PyTorch unavailable
Traceback (most recent call last):
  File "<stdin>", line 2, in <module>
ModuleNotFoundError: No module named 'torch'

  [2m2026-06-22T17:48:30.973407Z[0m [32m INFO[0m [1;32mrch::hook::transfer_orchestration[0m[32m: [32mRemote command finished: exit=0 in 138971ms[0m
    [2;3mat[0m rch/src/hook/transfer_orchestration.rs:653 [2;3mon[0m ThreadId(1)

  [2m2026-06-22T17:48:30.973657Z[0m [32m INFO[0m [1;32mrch::hook::transfer_orchestration[0m[32m: [32mRetrieving build artifacts...[0m
    [2;3mat[0m rch/src/hook/transfer_orchestration.rs:702 [2;3mon[0m ThreadId(1)

  [2m2026-06-22T17:48:30.973669Z[0m [32m INFO[0m [1;32mrch::transfer[0m[32m: [32mRetrieving artifacts from /data/projects/.scratch/frankentorch-kgs4.146-cdist-20260622133636 on vmi1149989[0m
    [2;3mat[0m rch/src/transfer.rs:2246 [2;3mon[0m ThreadId(1)

  [2m2026-06-22T17:48:32.920267Z[0m [32m INFO[0m [1;32mrch::transfer[0m[32m: [32mArtifacts retrieved in 1946ms (1 files, 1080 bytes)[0m
    [2;3mat[0m rch/src/transfer.rs:2301 [2;3mon[0m ThreadId(1)

  [2m2026-06-22T17:48:32.920289Z[0m [32m INFO[0m [1;32mrch::hook::transfer_orchestration[0m[32m: [32mArtifacts retrieved: 1 files, 1080 bytes in 1946ms[0m
    [2;3mat[0m rch/src/hook/transfer_orchestration.rs:735 [2;3mon[0m ThreadId(1)

  [2m2026-06-22T17:48:32.920429Z[0m [32m INFO[0m [1;32mrch::transfer[0m[32m: [32mRetrieving artifacts from /data/projects/.scratch/frankentorch-kgs4.146-cdist-20260622133636/.rch-target-vmi1149989-pool-34146f7cad15c9e21a98cef7d9517a50 on vmi1149989[0m
    [2;3mat[0m rch/src/transfer.rs:2246 [2;3mon[0m ThreadId(1)

  [2m2026-06-22T17:48:36.574176Z[0m [32m INFO[0m [1;32mrch::transfer[0m[32m: [32mArtifacts retrieved in 3653ms (131 files, 780541 bytes)[0m
    [2;3mat[0m rch/src/transfer.rs:2301 [2;3mon[0m ThreadId(1)

  [2m2026-06-22T17:48:36.574198Z[0m [32m INFO[0m [1;32mrch::hook::transfer_orchestration[0m[32m: [32mCustom CARGO_TARGET_DIR artifacts retrieved: 131 files, 780541 bytes in 3653ms[0m
    [2;3mat[0m rch/src/hook/transfer_orchestration.rs:859 [2;3mon[0m ThreadId(1)

[RCH] remote vmi1149989 (181.7s)
