  [2m2026-06-22T18:00:30.664863Z[0m [32m INFO[0m [1;32mrch::hook[0m[32m: [32mSelected worker: ovh-a at ubuntu@51.222.245.56 (4 slots remaining after reservation, speed 50.0)[0m
    [2;3mat[0m rch/src/hook.rs:921 [2;3mon[0m ThreadId(1)

  [2m2026-06-22T18:00:30.880925Z[0m [32m INFO[0m [1;32mrch::hook::transfer_orchestration[0m[32m: [32mStarting remote compilation pipeline for frankentorch-kgs4.146-cdist-20260622133636 (hash: 1189dcb35ba1455b)[0m
    [2;3mat[0m rch/src/hook/transfer_orchestration.rs:241 [2;3mon[0m ThreadId(1)

  [2m2026-06-22T18:00:30.880981Z[0m [32m INFO[0m [1;32mrch::hook::transfer_orchestration[0m[32m: [32mPrepared dependency sync manifest for 13 roots[0m
    [2;3mat[0m rch/src/hook/transfer_orchestration.rs:263 [2;3mon[0m ThreadId(1)

  [2m2026-06-22T18:00:31.742035Z[0m [32m INFO[0m [1;32mrch::hook::transfer_orchestration[0m[32m: [32mSyncing project to worker ovh-a...[0m
    [2;3mat[0m rch/src/hook/transfer_orchestration.rs:323 [2;3mon[0m ThreadId(1)

  [2m2026-06-22T18:00:31.742077Z[0m [32m INFO[0m [1;32mrch::transfer[0m[32m: [32mSyncing /data/projects/.scratch/frankentorch-kgs4.146-cdist-20260622133636 -> /data/projects/.scratch/frankentorch-kgs4.146-cdist-20260622133636 on ovh-a[0m
    [2;3mat[0m rch/src/transfer.rs:1528 [2;3mon[0m ThreadId(1)

  [2m2026-06-22T18:00:32.488060Z[0m [32m INFO[0m [1;32mrch::transfer[0m[32m: [32mSync completed in 745ms[0m
    [2;3mat[0m rch/src/transfer.rs:1592 [2;3mon[0m ThreadId(1)

  [2m2026-06-22T18:00:32.488131Z[0m [32m INFO[0m [1;32mrch::transfer[0m[32m: [32mSyncing /data/projects/.scratch/frankentorch-kgs4.146-cdist-20260622133636/crates/ft-api -> /data/projects/.scratch/frankentorch-kgs4.146-cdist-20260622133636/crates/ft-api on ovh-a[0m
    [2;3mat[0m rch/src/transfer.rs:1528 [2;3mon[0m ThreadId(1)

  [2m2026-06-22T18:00:33.009862Z[0m [32m INFO[0m [1;32mrch::transfer[0m[32m: [32mSync completed in 521ms[0m
    [2;3mat[0m rch/src/transfer.rs:1592 [2;3mon[0m ThreadId(1)

  [2m2026-06-22T18:00:33.009947Z[0m [32m INFO[0m [1;32mrch::transfer[0m[32m: [32mSyncing /data/projects/.scratch/frankentorch-kgs4.146-cdist-20260622133636/crates/ft-autograd -> /data/projects/.scratch/frankentorch-kgs4.146-cdist-20260622133636/crates/ft-autograd on ovh-a[0m
    [2;3mat[0m rch/src/transfer.rs:1528 [2;3mon[0m ThreadId(1)

  [2m2026-06-22T18:00:33.696328Z[0m [32m INFO[0m [1;32mrch::transfer[0m[32m: [32mSync completed in 686ms[0m
    [2;3mat[0m rch/src/transfer.rs:1592 [2;3mon[0m ThreadId(1)

  [2m2026-06-22T18:00:33.696398Z[0m [32m INFO[0m [1;32mrch::transfer[0m[32m: [32mSyncing /data/projects/.scratch/frankentorch-kgs4.146-cdist-20260622133636/crates/ft-conformance -> /data/projects/.scratch/frankentorch-kgs4.146-cdist-20260622133636/crates/ft-conformance on ovh-a[0m
    [2;3mat[0m rch/src/transfer.rs:1528 [2;3mon[0m ThreadId(1)

  [2m2026-06-22T18:00:34.165879Z[0m [32m INFO[0m [1;32mrch::transfer[0m[32m: [32mSync completed in 469ms[0m
    [2;3mat[0m rch/src/transfer.rs:1592 [2;3mon[0m ThreadId(1)

  [2m2026-06-22T18:00:34.165977Z[0m [32m INFO[0m [1;32mrch::transfer[0m[32m: [32mSyncing /data/projects/.scratch/frankentorch-kgs4.146-cdist-20260622133636/crates/ft-core -> /data/projects/.scratch/frankentorch-kgs4.146-cdist-20260622133636/crates/ft-core on ovh-a[0m
    [2;3mat[0m rch/src/transfer.rs:1528 [2;3mon[0m ThreadId(1)

  [2m2026-06-22T18:00:34.618136Z[0m [32m INFO[0m [1;32mrch::transfer[0m[32m: [32mSync completed in 452ms[0m
    [2;3mat[0m rch/src/transfer.rs:1592 [2;3mon[0m ThreadId(1)

  [2m2026-06-22T18:00:34.618215Z[0m [32m INFO[0m [1;32mrch::transfer[0m[32m: [32mSyncing /data/projects/.scratch/frankentorch-kgs4.146-cdist-20260622133636/crates/ft-data -> /data/projects/.scratch/frankentorch-kgs4.146-cdist-20260622133636/crates/ft-data on ovh-a[0m
    [2;3mat[0m rch/src/transfer.rs:1528 [2;3mon[0m ThreadId(1)

  [2m2026-06-22T18:00:35.129552Z[0m [32m INFO[0m [1;32mrch::transfer[0m[32m: [32mSync completed in 511ms[0m
    [2;3mat[0m rch/src/transfer.rs:1592 [2;3mon[0m ThreadId(1)

  [2m2026-06-22T18:00:35.129613Z[0m [32m INFO[0m [1;32mrch::transfer[0m[32m: [32mSyncing /data/projects/.scratch/frankentorch-kgs4.146-cdist-20260622133636/crates/ft-device -> /data/projects/.scratch/frankentorch-kgs4.146-cdist-20260622133636/crates/ft-device on ovh-a[0m
    [2;3mat[0m rch/src/transfer.rs:1528 [2;3mon[0m ThreadId(1)

  [2m2026-06-22T18:00:35.595018Z[0m [32m INFO[0m [1;32mrch::transfer[0m[32m: [32mSync completed in 465ms[0m
    [2;3mat[0m rch/src/transfer.rs:1592 [2;3mon[0m ThreadId(1)

  [2m2026-06-22T18:00:35.595115Z[0m [32m INFO[0m [1;32mrch::transfer[0m[32m: [32mSyncing /data/projects/.scratch/frankentorch-kgs4.146-cdist-20260622133636/crates/ft-dispatch -> /data/projects/.scratch/frankentorch-kgs4.146-cdist-20260622133636/crates/ft-dispatch on ovh-a[0m
    [2;3mat[0m rch/src/transfer.rs:1528 [2;3mon[0m ThreadId(1)

  [2m2026-06-22T18:00:36.118505Z[0m [32m INFO[0m [1;32mrch::transfer[0m[32m: [32mSync completed in 523ms[0m
    [2;3mat[0m rch/src/transfer.rs:1592 [2;3mon[0m ThreadId(1)

  [2m2026-06-22T18:00:36.118574Z[0m [32m INFO[0m [1;32mrch::transfer[0m[32m: [32mSyncing /data/projects/.scratch/frankentorch-kgs4.146-cdist-20260622133636/crates/ft-kernel-cpu -> /data/projects/.scratch/frankentorch-kgs4.146-cdist-20260622133636/crates/ft-kernel-cpu on ovh-a[0m
    [2;3mat[0m rch/src/transfer.rs:1528 [2;3mon[0m ThreadId(1)

  [2m2026-06-22T18:00:36.569491Z[0m [32m INFO[0m [1;32mrch::transfer[0m[32m: [32mSync completed in 450ms[0m
    [2;3mat[0m rch/src/transfer.rs:1592 [2;3mon[0m ThreadId(1)

  [2m2026-06-22T18:00:36.569575Z[0m [32m INFO[0m [1;32mrch::transfer[0m[32m: [32mSyncing /data/projects/.scratch/frankentorch-kgs4.146-cdist-20260622133636/crates/ft-nn -> /data/projects/.scratch/frankentorch-kgs4.146-cdist-20260622133636/crates/ft-nn on ovh-a[0m
    [2;3mat[0m rch/src/transfer.rs:1528 [2;3mon[0m ThreadId(1)

  [2m2026-06-22T18:00:37.053311Z[0m [32m INFO[0m [1;32mrch::transfer[0m[32m: [32mSync completed in 483ms[0m
    [2;3mat[0m rch/src/transfer.rs:1592 [2;3mon[0m ThreadId(1)

  [2m2026-06-22T18:00:37.053375Z[0m [32m INFO[0m [1;32mrch::transfer[0m[32m: [32mSyncing /data/projects/.scratch/frankentorch-kgs4.146-cdist-20260622133636/crates/ft-optim -> /data/projects/.scratch/frankentorch-kgs4.146-cdist-20260622133636/crates/ft-optim on ovh-a[0m
    [2;3mat[0m rch/src/transfer.rs:1528 [2;3mon[0m ThreadId(1)

  [2m2026-06-22T18:00:37.511404Z[0m [32m INFO[0m [1;32mrch::transfer[0m[32m: [32mSync completed in 458ms[0m
    [2;3mat[0m rch/src/transfer.rs:1592 [2;3mon[0m ThreadId(1)

  [2m2026-06-22T18:00:37.511463Z[0m [32m INFO[0m [1;32mrch::transfer[0m[32m: [32mSyncing /data/projects/.scratch/frankentorch-kgs4.146-cdist-20260622133636/crates/ft-runtime -> /data/projects/.scratch/frankentorch-kgs4.146-cdist-20260622133636/crates/ft-runtime on ovh-a[0m
    [2;3mat[0m rch/src/transfer.rs:1528 [2;3mon[0m ThreadId(1)

  [2m2026-06-22T18:00:37.972443Z[0m [32m INFO[0m [1;32mrch::transfer[0m[32m: [32mSync completed in 460ms[0m
    [2;3mat[0m rch/src/transfer.rs:1592 [2;3mon[0m ThreadId(1)

  [2m2026-06-22T18:00:37.972504Z[0m [32m INFO[0m [1;32mrch::transfer[0m[32m: [32mSyncing /data/projects/.scratch/frankentorch-kgs4.146-cdist-20260622133636/crates/ft-serialize -> /data/projects/.scratch/frankentorch-kgs4.146-cdist-20260622133636/crates/ft-serialize on ovh-a[0m
    [2;3mat[0m rch/src/transfer.rs:1528 [2;3mon[0m ThreadId(1)

  [2m2026-06-22T18:00:38.424112Z[0m [32m INFO[0m [1;32mrch::transfer[0m[32m: [32mSync completed in 451ms[0m
    [2;3mat[0m rch/src/transfer.rs:1592 [2;3mon[0m ThreadId(1)

  [2m2026-06-22T18:00:38.424147Z[0m [32m INFO[0m [1;32mrch::hook::transfer_orchestration[0m[32m: [32mSync complete: 4828 files, 204819 bytes in 6674ms[0m
    [2;3mat[0m rch/src/hook/transfer_orchestration.rs:486 [2;3mon[0m ThreadId(1)

  [2m2026-06-22T18:00:41.591090Z[0m [32m INFO[0m [1;32mrch::hook::transfer_orchestration[0m[32m: [32mExecuting command remotely: cargo clippy -p ft-api --all-targets --no-deps -- -D warnings[0m
    [2;3mat[0m rch/src/hook/transfer_orchestration.rs:529 [2;3mon[0m ThreadId(1)

  [2m2026-06-22T18:00:41.591122Z[0m [32m INFO[0m [1;32mrch::transfer[0m[32m: [32mRewriting CARGO_TARGET_DIR for remote execution (worker-scoped path): /data/projects/.rch-targets/frankentorch-cod-a -> /data/projects/.scratch/frankentorch-kgs4.146-cdist-20260622133636/.rch-target-ovh-a-pool-f5f6f8c795a8dcc2375945a9c599ca6a[0m
    [2;3mat[0m rch/src/transfer.rs:799 [2;3mon[0m ThreadId(1)

    Updating crates.io index
 Downloading crates ...
  Downloaded anes v0.1.6
  Downloaded anstyle v1.0.14
  Downloaded bytemuck v1.25.0
  Downloaded autocfg v1.5.0
  Downloaded aho-corasick v1.1.4
  Downloaded matrixmultiply v0.3.10
  Downloaded crossbeam-utils v0.8.21
  Downloaded half v2.7.1
  Downloaded clap_lex v1.1.0
  Downloaded plotters-backend v0.3.7
  Downloaded clap v4.6.1
  Downloaded ciborium-ll v0.2.2
  Downloaded ciborium v0.2.2
  Downloaded serde_core v1.0.228
  Downloaded plotters-svg v0.3.7
  Downloaded crossbeam-deque v0.8.6
  Downloaded unicode-ident v1.0.24
  Downloaded num-complex v0.4.6
  Downloaded proc-macro2 v1.0.106
  Downloaded oorandom v11.1.5
  Downloaded rayon v1.12.0
  Downloaded itoa v1.0.18
  Downloaded itertools v0.10.5
  Downloaded same-file v1.0.6
  Downloaded num-traits v0.2.19
  Downloaded serde v1.0.228
  Downloaded crossbeam-epoch v0.9.18
  Downloaded ciborium-io v0.2.2
  Downloaded bytemuck_derive v1.10.2
  Downloaded criterion-plot v0.5.0
  Downloaded rayon-core v1.13.0
  Downloaded criterion v0.5.1
  Downloaded quote v1.0.45
  Downloaded once_cell v1.21.4
  Downloaded rawpointer v0.2.1
  Downloaded libm v0.2.16
  Downloaded serde_derive v1.0.228
  Downloaded wide v0.7.33
  Downloaded zmij v1.0.21
  Downloaded plotters v0.3.7
  Downloaded cast v0.3.0
  Downloaded is-terminal v0.4.17
  Downloaded safe_arch v0.7.4
  Downloaded either v1.15.0
  Downloaded cfg-if v1.0.4
  Downloaded zerocopy-derive v0.8.48
  Downloaded clap_builder v4.6.0
  Downloaded regex v1.12.3
  Downloaded tinytemplate v1.2.1
  Downloaded walkdir v2.5.0
  Downloaded memchr v2.8.0
  Downloaded serde_json v1.0.149
  Downloaded syn v2.0.117
  Downloaded regex-syntax v0.8.10
  Downloaded zerocopy v0.8.48
  Downloaded libc v0.2.185
  Downloaded regex-automata v0.4.14
   Compiling proc-macro2 v1.0.106
   Compiling quote v1.0.45
   Compiling unicode-ident v1.0.24
   Compiling autocfg v1.5.0
   Compiling zerocopy v0.8.48
   Compiling crossbeam-utils v0.8.21
    Checking cfg-if v1.0.4
   Compiling rayon-core v1.13.0
    Checking either v1.15.0
   Compiling serde_core v1.0.228
   Compiling libm v0.2.16
   Compiling zmij v1.0.21
   Compiling serde v1.0.228
    Checking rawpointer v0.2.1
   Compiling libc v0.2.185
   Compiling serde_json v1.0.149
    Checking anstyle v1.0.14
    Checking plotters-backend v0.3.7
    Checking itoa v1.0.18
    Checking regex-syntax v0.8.10
    Checking memchr v2.8.0
    Checking clap_lex v1.1.0
    Checking ciborium-io v0.2.2
    Checking plotters-svg v0.3.7
    Checking itertools v0.10.5
    Checking cast v0.3.0
    Checking same-file v1.0.6
    Checking clap_builder v4.6.0
    Checking anes v0.1.6
   Compiling num-traits v0.2.19
   Compiling matrixmultiply v0.3.10
    Checking walkdir v2.5.0
    Checking oorandom v11.1.5
    Checking once_cell v1.21.4
    Checking crossbeam-epoch v0.9.18
    Checking crossbeam-deque v0.8.6
   Compiling syn v2.0.117
    Checking regex-automata v0.4.14
    Checking num-complex v0.4.6
    Checking plotters v0.3.7
    Checking criterion-plot v0.5.0
    Checking rayon v1.12.0
    Checking is-terminal v0.4.17
    Checking clap v4.6.1
    Checking regex v1.12.3
   Compiling bytemuck_derive v1.10.2
   Compiling zerocopy-derive v0.8.48
   Compiling serde_derive v1.0.228
    Checking bytemuck v1.25.0
    Checking safe_arch v0.7.4
    Checking wide v0.7.33
    Checking tinytemplate v1.2.1
    Checking half v2.7.1
    Checking ft-core v0.1.0 (/data/projects/.scratch/frankentorch-kgs4.146-cdist-20260622133636/crates/ft-core)
    Checking ciborium-ll v0.2.2
    Checking ciborium v0.2.2
    Checking ft-kernel-cpu v0.1.0 (/data/projects/.scratch/frankentorch-kgs4.146-cdist-20260622133636/crates/ft-kernel-cpu)
    Checking ft-runtime v0.1.0 (/data/projects/.scratch/frankentorch-kgs4.146-cdist-20260622133636/crates/ft-runtime)
    Checking criterion v0.5.1
    Checking ft-dispatch v0.1.0 (/data/projects/.scratch/frankentorch-kgs4.146-cdist-20260622133636/crates/ft-dispatch)
    Checking ft-autograd v0.1.0 (/data/projects/.scratch/frankentorch-kgs4.146-cdist-20260622133636/crates/ft-autograd)
    Checking ft-api v0.1.0 (/data/projects/.scratch/frankentorch-kgs4.146-cdist-20260622133636/crates/ft-api)
error: this `if` statement can be collapsed
  --> crates/ft-api/examples/batched_eigvalsh_f32_h2h.rs:84:9
   |
84 | /         if let Ok(child) = child.as_mut() {
85 | |             if let Some(stdin) = child.stdin.as_mut() {
86 | |                 let _ = stdin.write_all(pysrc.as_bytes());
87 | |             }
88 | |         }
   | |_________^
   |
   = help: for further information visit https://rust-lang.github.io/rust-clippy/master/index.html#collapsible_if
   = note: `-D clippy::collapsible-if` implied by `-D warnings`
   = help: to override `-D warnings` add `#[allow(clippy::collapsible_if)]`
help: collapse nested if block
   |
84 ~         if let Ok(child) = child.as_mut()
85 ~             && let Some(stdin) = child.stdin.as_mut() {
86 |                 let _ = stdin.write_all(pysrc.as_bytes());
87 ~             }
   |

error: could not compile `ft-api` (example "batched_eigvalsh_f32_h2h") due to 1 previous error
warning: build failed, waiting for other jobs to finish...
error: this operation has no effect
   --> crates/ft-api/examples/permute_parallel_ab.rs:134:28
    |
134 |     let ev: Vec<f64> = (0..en * 1 * ed)
    |                            ^^^^^^ help: consider reducing it to: `en`
    |
    = help: for further information visit https://rust-lang.github.io/rust-clippy/master/index.html#identity_op
    = note: `-D clippy::identity-op` implied by `-D warnings`
    = help: to override `-D warnings` add `#[allow(clippy::identity_op)]`

error: could not compile `ft-api` (example "permute_parallel_ab") due to 1 previous error
error: this function has too many arguments (8/7)
  --> crates/ft-api/examples/conv_variants_gradpenalty_probe.rs:11:1
   |
11 | / fn gp(
12 | |     name: &str,
13 | |     xv: Vec<f64>,
14 | |     xs: Vec<usize>,
...  |
24 | |     ) -> Result<TensorNodeId, AutogradError>,
25 | | ) {
   | |_^
   |
   = help: for further information visit https://rust-lang.github.io/rust-clippy/master/index.html#too_many_arguments
   = note: `-D clippy::too-many-arguments` implied by `-D warnings`
   = help: to override `-D warnings` add `#[allow(clippy::too_many_arguments)]`

error: could not compile `ft-api` (example "conv_variants_gradpenalty_probe") due to 1 previous error
error: approximate value of `f{32, 64}::consts::FRAC_PI_6` found
     --> crates/ft-api/src/lib.rs:91992:27
      |
91992 |         chk(&mut s, asin, 0.523_598_775_6, "asin");
      |                           ^^^^^^^^^^^^^^^
      |
      = help: consider using the constant directly
      = help: for further information visit https://rust-lang.github.io/rust-clippy/master/index.html#approx_constant
      = note: `#[deny(clippy::approx_constant)]` on by default

error: approximate value of `f{32, 64}::consts::FRAC_PI_3` found
     --> crates/ft-api/src/lib.rs:91994:27
      |
91994 |         chk(&mut s, acos, 1.047_197_551_2, "acos");
      |                           ^^^^^^^^^^^^^^^
      |
      = help: consider using the constant directly
      = help: for further information visit https://rust-lang.github.io/rust-clippy/master/index.html#approx_constant

error: approximate value of `f{32, 64}::consts::FRAC_PI_4` found
     --> crates/ft-api/src/lib.rs:91996:27
      |
91996 |         chk(&mut s, atan, 0.785_398_163_4, "atan");
      |                           ^^^^^^^^^^^^^^^
      |
      = help: consider using the constant directly
      = help: for further information visit https://rust-lang.github.io/rust-clippy/master/index.html#approx_constant

error: manual `RangeInclusive::contains` implementation
     --> crates/ft-api/src/lib.rs:94278:21
      |
94278 |             assert!(g >= 0.0 && g <= 0.25 + 1e-10, "sigmoid grad in [0, 0.25]");
      |                     ^^^^^^^^^^^^^^^^^^^^^^^^^^^^^ help: use: `(0.0..=0.25 + 1e-10).contains(&g)`
      |
      = help: for further information visit https://rust-lang.github.io/rust-clippy/master/index.html#manual_range_contains
      = note: `-D clippy::manual-range-contains` implied by `-D warnings`
      = help: to override `-D warnings` add `#[allow(clippy::manual_range_contains)]`

error: approximate value of `f{32, 64}::consts::SQRT_2` found
      --> crates/ft-api/src/lib.rs:105290:20
       |
105290 |             (2.0, [1.41421356, 2.0, 1.0, 2.23606798, 2.0, 1.41421356]),
       |                    ^^^^^^^^^^
       |
       = help: consider using the constant directly
       = help: for further information visit https://rust-lang.github.io/rust-clippy/master/index.html#approx_constant

error: approximate value of `f{32, 64}::consts::SQRT_2` found
      --> crates/ft-api/src/lib.rs:105290:59
       |
105290 |             (2.0, [1.41421356, 2.0, 1.0, 2.23606798, 2.0, 1.41421356]),
       |                                                           ^^^^^^^^^^
       |
       = help: consider using the constant directly
       = help: for further information visit https://rust-lang.github.io/rust-clippy/master/index.html#approx_constant

error: approximate value of `f{32, 64}::consts::LN_2` found
      --> crates/ft-api/src/lib.rs:105955:31
       |
105955 |         chk(&mut s, logabs, &[0.6931471805599453]);
       |                               ^^^^^^^^^^^^^^^^^^
       |
       = help: consider using the constant directly
       = help: for further information visit https://rust-lang.github.io/rust-clippy/master/index.html#approx_constant

error: approximate value of `f{32, 64}::consts::LN_10` found
      --> crates/ft-api/src/lib.rs:106077:26
       |
106077 |         chk(&mut s, o, &[2.302_585_092_994_046]);
       |                          ^^^^^^^^^^^^^^^^^^^^^
       |
       = help: consider using the constant directly
       = help: for further information visit https://rust-lang.github.io/rust-clippy/master/index.html#approx_constant

error: this operation has no effect
      --> crates/ft-api/src/lib.rs:106319:21
       |
106319 |         assert!((iv[1 * 4 + 1] - 0.229167).abs() < 1e-4);
       |                     ^^^^^ help: consider reducing it to: `4`
       |
       = help: for further information visit https://rust-lang.github.io/rust-clippy/master/index.html#identity_op
       = note: `-D clippy::identity-op` implied by `-D warnings`
       = help: to override `-D warnings` add `#[allow(clippy::identity_op)]`

error: this expression creates a reference which is immediately dereferenced by the compiler
      --> crates/ft-api/src/lib.rs:118763:21
       |
118763 |         assert_bits(&got_x, &expected_x, "dx");
       |                     ^^^^^^ help: change this to: `got_x`
       |
       = help: for further information visit https://rust-lang.github.io/rust-clippy/master/index.html#needless_borrow
       = note: `-D clippy::needless-borrow` implied by `-D warnings`
       = help: to override `-D warnings` add `#[allow(clippy::needless_borrow)]`

error: this expression creates a reference which is immediately dereferenced by the compiler
      --> crates/ft-api/src/lib.rs:118763:29
       |
118763 |         assert_bits(&got_x, &expected_x, "dx");
       |                             ^^^^^^^^^^^ help: change this to: `expected_x`
       |
       = help: for further information visit https://rust-lang.github.io/rust-clippy/master/index.html#needless_borrow

error: this expression creates a reference which is immediately dereferenced by the compiler
      --> crates/ft-api/src/lib.rs:118764:21
       |
118764 |         assert_bits(&got_w, &expected_w, "dweight");
       |                     ^^^^^^ help: change this to: `got_w`
       |
       = help: for further information visit https://rust-lang.github.io/rust-clippy/master/index.html#needless_borrow

error: this expression creates a reference which is immediately dereferenced by the compiler
      --> crates/ft-api/src/lib.rs:118764:29
       |
118764 |         assert_bits(&got_w, &expected_w, "dweight");
       |                             ^^^^^^^^^^^ help: change this to: `expected_w`
       |
       = help: for further information visit https://rust-lang.github.io/rust-clippy/master/index.html#needless_borrow

error: this expression creates a reference which is immediately dereferenced by the compiler
      --> crates/ft-api/src/lib.rs:118765:21
       |
118765 |         assert_bits(&got_b, &expected_b, "dbias");
       |                     ^^^^^^ help: change this to: `got_b`
       |
       = help: for further information visit https://rust-lang.github.io/rust-clippy/master/index.html#needless_borrow

error: this expression creates a reference which is immediately dereferenced by the compiler
      --> crates/ft-api/src/lib.rs:118765:29
       |
118765 |         assert_bits(&got_b, &expected_b, "dbias");
       |                             ^^^^^^^^^^^ help: change this to: `expected_b`
       |
       = help: for further information visit https://rust-lang.github.io/rust-clippy/master/index.html#needless_borrow

error: approximate value of `f{32, 64}::consts::SQRT_2` found
      --> crates/ft-api/src/lib.rs:122264:13
       |
122264 |             1.4142135623730951,
       |             ^^^^^^^^^^^^^^^^^^
       |
       = help: consider using the constant directly
       = help: for further information visit https://rust-lang.github.io/rust-clippy/master/index.html#approx_constant

error: approximate value of `f{32, 64}::consts::SQRT_2` found
      --> crates/ft-api/src/lib.rs:122299:13
       |
122299 |             1.4142135623730951,
       |             ^^^^^^^^^^^^^^^^^^
       |
       = help: consider using the constant directly
       = help: for further information visit https://rust-lang.github.io/rust-clippy/master/index.html#approx_constant

error: it looks like you're manually copying between slices
      --> crates/ft-api/src/lib.rs:126124:13
       |
126124 | /             for k in 0..=m {
126125 | |                 fr[k] = xr[k];
126126 | |                 fi[k] = xi[k];
126127 | |             }
       | |_____________^
       |
       = help: for further information visit https://rust-lang.github.io/rust-clippy/master/index.html#manual_memcpy
       = note: `-D clippy::manual-memcpy` implied by `-D warnings`
       = help: to override `-D warnings` add `#[allow(clippy::manual_memcpy)]`
help: try replacing the loop by
       |
126124 ~             fr[..(m + 1)].copy_from_slice(&xr[..(m + 1)]);
126125 +     fi[..(m + 1)].copy_from_slice(&xi[..(m + 1)]);
       |

error: approximate value of `f{32, 64}::consts::LOG2_10` found
      --> crates/ft-api/src/lib.rs:132421:17
       |
132421 |                 3.321928094887362,
       |                 ^^^^^^^^^^^^^^^^^
       |
       = help: consider using the constant directly
       = help: for further information visit https://rust-lang.github.io/rust-clippy/master/index.html#approx_constant

error: approximate value of `f{32, 64}::consts::LN_2` found
      --> crates/ft-api/src/lib.rs:132436:25
       |
132436 |             &[0.0, 1.0, 0.6931471805599453, 1.3132616875182228],
       |                         ^^^^^^^^^^^^^^^^^^
       |
       = help: consider using the constant directly
       = help: for further information visit https://rust-lang.github.io/rust-clippy/master/index.html#approx_constant

error: this operation has no effect
      --> crates/ft-api/src/lib.rs:140860:21
       |
140860 |                 (0..1 * 2 * 2 * 2).map(|i| (i + 1) as f64).collect(),
       |                     ^^^^^ help: consider reducing it to: `2`
       |
       = help: for further information visit https://rust-lang.github.io/rust-clippy/master/index.html#identity_op

error: useless use of `vec!`
     --> crates/ft-api/src/lib.rs:97873:21
      |
97873 |         let mut r = vec![0.0_f64; 3 * 3];
      |                     ^^^^^^^^^^^^^^^^^^^^ help: you can use an array directly: `[0.0_f64; 3 * 3]`
      |
      = help: for further information visit https://rust-lang.github.io/rust-clippy/master/index.html#useless_vec
      = note: `-D clippy::useless-vec` implied by `-D warnings`
      = help: to override `-D warnings` add `#[allow(clippy::useless_vec)]`

error: useless use of `vec!`
      --> crates/ft-api/src/lib.rs:117237:19
       |
117237 |         let dir = vec![0.3, -0.2, 0.5, 0.1, -0.4, 0.25];
       |                   ^^^^^^^^^^^^^^^^^^^^^^^^^^^^^^^^^^^^^ help: you can use an array directly: `[0.3, -0.2, 0.5, 0.1, -0.4, 0.25]`
       |
       = help: for further information visit https://rust-lang.github.io/rust-clippy/master/index.html#useless_vec

error: useless use of `vec!`
      --> crates/ft-api/src/lib.rs:137120:19
       |
137120 |         let dir = vec![0.3, -0.2, 0.0, 0.5, -0.4, 0.0, 0.1];
       |                   ^^^^^^^^^^^^^^^^^^^^^^^^^^^^^^^^^^^^^^^^^ help: you can use an array directly: `[0.3, -0.2, 0.0, 0.5, -0.4, 0.0, 0.1]`
       |
       = help: for further information visit https://rust-lang.github.io/rust-clippy/master/index.html#useless_vec

error: could not compile `ft-api` (lib test) due to 24 previous errors
  [2m2026-06-22T18:01:17.000330Z[0m [32m INFO[0m [1;32mrch::hook::transfer_orchestration[0m[32m: [32mRemote command finished: exit=101 in 35409ms[0m
    [2;3mat[0m rch/src/hook/transfer_orchestration.rs:653 [2;3mon[0m ThreadId(1)

[RCH] remote ovh-a failed (exit 101)
