    Checking bitflags v2.11.1
    Checking linux-raw-sys v0.12.1
    Checking regex-syntax v0.8.10
    Checking fastrand v2.4.1
    Checking bit-vec v0.8.0
    Checking fnv v1.0.7
    Checking quick-error v1.2.3
    Checking unarray v0.1.4
    Checking similar v2.7.0
    Checking getrandom v0.3.4
    Checking wait-timeout v0.2.1
    Checking console v0.16.3
    Checking ppv-lite86 v0.2.21
    Checking ft-kernel-cpu v0.1.0 (/data/projects/frankentorch/crates/ft-kernel-cpu)
    Checking rand_core v0.9.5
    Checking bit-set v0.8.0
    Checking rand v0.9.4
    Checking rand_xorshift v0.4.0
    Checking rustix v1.1.4
    Checking rand_chacha v0.9.0
    Checking regex-automata v0.4.14
    Checking tempfile v3.27.0
    Checking rusty-fork v0.3.1
    Checking insta v1.47.2
    Checking proptest v1.11.0
    Checking regex v1.12.3
    Checking criterion v0.5.1
    Finished `dev` profile [unoptimized + debuginfo] target(s) in 7.27s
