  [2m2026-06-16T03:00:45.310462Z[0m [32m INFO[0m [1;32mrch::hook[0m[32m: [32mSelected worker: vmi1227854 at root@109.123.245.77 (1 slots remaining after reservation, speed 50.0)[0m
    [2;3mat[0m rch/src/hook.rs:514 [2;3mon[0m ThreadId(1)

  [2m2026-06-16T03:00:45.631187Z[0m [32m INFO[0m [1;32mrch::hook[0m[32m: [32mStarting remote compilation pipeline for frankentorch (hash: 0ec0772f2c4d842e)[0m
    [2;3mat[0m rch/src/hook.rs:5994 [2;3mon[0m ThreadId(1)

  [2m2026-06-16T03:00:45.631221Z[0m [32m INFO[0m [1;32mrch::hook[0m[32m: [32mPrepared dependency sync manifest for 13 roots[0m
    [2;3mat[0m rch/src/hook.rs:6016 [2;3mon[0m ThreadId(1)

  [2m2026-06-16T03:00:47.181879Z[0m [32m INFO[0m [1;32mrch::hook[0m[32m: [32mSyncing project to worker vmi1227854...[0m
    [2;3mat[0m rch/src/hook.rs:6046 [2;3mon[0m ThreadId(1)

  [2m2026-06-16T03:00:47.182014Z[0m [32m INFO[0m [1;32mrch::transfer[0m[32m: [32mSyncing /data/projects/frankentorch -> /data/projects/frankentorch on vmi1227854[0m
    [2;3mat[0m rch/src/transfer.rs:1434 [2;3mon[0m ThreadId(1)

  [2m2026-06-16T03:00:55.357283Z[0m [32m INFO[0m [1;32mrch::transfer[0m[32m: [32mSync completed in 8175ms[0m
    [2;3mat[0m rch/src/transfer.rs:1503 [2;3mon[0m ThreadId(1)

  [2m2026-06-16T03:00:55.357422Z[0m [32m INFO[0m [1;32mrch::transfer[0m[32m: [32mSyncing /data/projects/frankentorch/crates/ft-api -> /data/projects/frankentorch/crates/ft-api on vmi1227854[0m
    [2;3mat[0m rch/src/transfer.rs:1434 [2;3mon[0m ThreadId(1)

  [2m2026-06-16T03:00:57.186620Z[0m [32m INFO[0m [1;32mrch::transfer[0m[32m: [32mSync completed in 1829ms[0m
    [2;3mat[0m rch/src/transfer.rs:1503 [2;3mon[0m ThreadId(1)

  [2m2026-06-16T03:00:57.186764Z[0m [32m INFO[0m [1;32mrch::transfer[0m[32m: [32mSyncing /data/projects/frankentorch/crates/ft-autograd -> /data/projects/frankentorch/crates/ft-autograd on vmi1227854[0m
    [2;3mat[0m rch/src/transfer.rs:1434 [2;3mon[0m ThreadId(1)

  [2m2026-06-16T03:00:59.025294Z[0m [32m INFO[0m [1;32mrch::transfer[0m[32m: [32mSync completed in 1838ms[0m
    [2;3mat[0m rch/src/transfer.rs:1503 [2;3mon[0m ThreadId(1)

  [2m2026-06-16T03:00:59.025406Z[0m [32m INFO[0m [1;32mrch::transfer[0m[32m: [32mSyncing /data/projects/frankentorch/crates/ft-conformance -> /data/projects/frankentorch/crates/ft-conformance on vmi1227854[0m
    [2;3mat[0m rch/src/transfer.rs:1434 [2;3mon[0m ThreadId(1)

  [2m2026-06-16T03:01:00.930757Z[0m [32m INFO[0m [1;32mrch::transfer[0m[32m: [32mSync completed in 1905ms[0m
    [2;3mat[0m rch/src/transfer.rs:1503 [2;3mon[0m ThreadId(1)

  [2m2026-06-16T03:01:00.930874Z[0m [32m INFO[0m [1;32mrch::transfer[0m[32m: [32mSyncing /data/projects/frankentorch/crates/ft-core -> /data/projects/frankentorch/crates/ft-core on vmi1227854[0m
    [2;3mat[0m rch/src/transfer.rs:1434 [2;3mon[0m ThreadId(1)

  [2m2026-06-16T03:01:02.951296Z[0m [32m INFO[0m [1;32mrch::transfer[0m[32m: [32mSync completed in 2020ms[0m
    [2;3mat[0m rch/src/transfer.rs:1503 [2;3mon[0m ThreadId(1)

  [2m2026-06-16T03:01:02.951434Z[0m [32m INFO[0m [1;32mrch::transfer[0m[32m: [32mSyncing /data/projects/frankentorch/crates/ft-data -> /data/projects/frankentorch/crates/ft-data on vmi1227854[0m
    [2;3mat[0m rch/src/transfer.rs:1434 [2;3mon[0m ThreadId(1)

  [2m2026-06-16T03:01:04.808946Z[0m [32m INFO[0m [1;32mrch::transfer[0m[32m: [32mSync completed in 1857ms[0m
    [2;3mat[0m rch/src/transfer.rs:1503 [2;3mon[0m ThreadId(1)

  [2m2026-06-16T03:01:04.809102Z[0m [32m INFO[0m [1;32mrch::transfer[0m[32m: [32mSyncing /data/projects/frankentorch/crates/ft-device -> /data/projects/frankentorch/crates/ft-device on vmi1227854[0m
    [2;3mat[0m rch/src/transfer.rs:1434 [2;3mon[0m ThreadId(1)

  [2m2026-06-16T03:01:06.667161Z[0m [32m INFO[0m [1;32mrch::transfer[0m[32m: [32mSync completed in 1858ms[0m
    [2;3mat[0m rch/src/transfer.rs:1503 [2;3mon[0m ThreadId(1)

  [2m2026-06-16T03:01:06.667297Z[0m [32m INFO[0m [1;32mrch::transfer[0m[32m: [32mSyncing /data/projects/frankentorch/crates/ft-dispatch -> /data/projects/frankentorch/crates/ft-dispatch on vmi1227854[0m
    [2;3mat[0m rch/src/transfer.rs:1434 [2;3mon[0m ThreadId(1)

  [2m2026-06-16T03:01:08.512787Z[0m [32m INFO[0m [1;32mrch::transfer[0m[32m: [32mSync completed in 1845ms[0m
    [2;3mat[0m rch/src/transfer.rs:1503 [2;3mon[0m ThreadId(1)

  [2m2026-06-16T03:01:08.512897Z[0m [32m INFO[0m [1;32mrch::transfer[0m[32m: [32mSyncing /data/projects/frankentorch/crates/ft-kernel-cpu -> /data/projects/frankentorch/crates/ft-kernel-cpu on vmi1227854[0m
    [2;3mat[0m rch/src/transfer.rs:1434 [2;3mon[0m ThreadId(1)

  [2m2026-06-16T03:01:10.326289Z[0m [32m INFO[0m [1;32mrch::transfer[0m[32m: [32mSync completed in 1813ms[0m
    [2;3mat[0m rch/src/transfer.rs:1503 [2;3mon[0m ThreadId(1)

  [2m2026-06-16T03:01:10.326416Z[0m [32m INFO[0m [1;32mrch::transfer[0m[32m: [32mSyncing /data/projects/frankentorch/crates/ft-nn -> /data/projects/frankentorch/crates/ft-nn on vmi1227854[0m
    [2;3mat[0m rch/src/transfer.rs:1434 [2;3mon[0m ThreadId(1)

  [2m2026-06-16T03:01:12.269790Z[0m [32m INFO[0m [1;32mrch::transfer[0m[32m: [32mSync completed in 1943ms[0m
    [2;3mat[0m rch/src/transfer.rs:1503 [2;3mon[0m ThreadId(1)

  [2m2026-06-16T03:01:12.269929Z[0m [32m INFO[0m [1;32mrch::transfer[0m[32m: [32mSyncing /data/projects/frankentorch/crates/ft-optim -> /data/projects/frankentorch/crates/ft-optim on vmi1227854[0m
    [2;3mat[0m rch/src/transfer.rs:1434 [2;3mon[0m ThreadId(1)

  [2m2026-06-16T03:01:14.110638Z[0m [32m INFO[0m [1;32mrch::transfer[0m[32m: [32mSync completed in 1840ms[0m
    [2;3mat[0m rch/src/transfer.rs:1503 [2;3mon[0m ThreadId(1)

  [2m2026-06-16T03:01:14.110747Z[0m [32m INFO[0m [1;32mrch::transfer[0m[32m: [32mSyncing /data/projects/frankentorch/crates/ft-runtime -> /data/projects/frankentorch/crates/ft-runtime on vmi1227854[0m
    [2;3mat[0m rch/src/transfer.rs:1434 [2;3mon[0m ThreadId(1)

  [2m2026-06-16T03:01:16.080366Z[0m [32m INFO[0m [1;32mrch::transfer[0m[32m: [32mSync completed in 1969ms[0m
    [2;3mat[0m rch/src/transfer.rs:1503 [2;3mon[0m ThreadId(1)

  [2m2026-06-16T03:01:16.080475Z[0m [32m INFO[0m [1;32mrch::transfer[0m[32m: [32mSyncing /data/projects/frankentorch/crates/ft-serialize -> /data/projects/frankentorch/crates/ft-serialize on vmi1227854[0m
    [2;3mat[0m rch/src/transfer.rs:1434 [2;3mon[0m ThreadId(1)

  [2m2026-06-16T03:01:17.935218Z[0m [32m INFO[0m [1;32mrch::transfer[0m[32m: [32mSync completed in 1854ms[0m
    [2;3mat[0m rch/src/transfer.rs:1503 [2;3mon[0m ThreadId(1)

  [2m2026-06-16T03:01:17.935268Z[0m [32m INFO[0m [1;32mrch::hook[0m[32m: [32mSync complete: 52353 files, 1889391 bytes in 30746ms[0m
    [2;3mat[0m rch/src/hook.rs:6209 [2;3mon[0m ThreadId(1)

  [2m2026-06-16T03:01:24.525576Z[0m [32m INFO[0m [1;32mrch::hook[0m[32m: [32mExecuting command remotely: cargo test -j 1 -p ft-kernel-cpu batch_norm_f64_spatial1_row_parallel_matches_serial_reference_bits --lib -- --nocapture[0m
    [2;3mat[0m rch/src/hook.rs:6252 [2;3mon[0m ThreadId(1)

  [2m2026-06-16T03:01:24.525625Z[0m [32m INFO[0m [1;32mrch::transfer[0m[32m: [32mRewriting CARGO_TARGET_DIR for remote execution (worker-scoped path): /data/tmp/cargo-target -> /data/projects/frankentorch/.rch-target-vmi1227854-job-29884606035534502-1781578847181872417-0[0m
    [2;3mat[0m rch/src/transfer.rs:712 [2;3mon[0m ThreadId(1)

    Updating crates.io index
 Downloading crates ...
  Downloaded anstyle v1.0.14
  Downloaded bit-set v0.8.0
  Downloaded errno v0.3.14
  Downloaded anes v0.1.6
  Downloaded autocfg v1.5.0
  Downloaded bit-vec v0.8.0
  Downloaded aho-corasick v1.1.4
  Downloaded crossbeam-deque v0.8.6
  Downloaded fnv v1.0.7
  Downloaded is-terminal v0.4.17
  Downloaded quick-error v1.2.3
  Downloaded quote v1.0.45
  Downloaded same-file v1.0.6
  Downloaded unarray v0.1.4
  Downloaded ciborium-io v0.2.2
  Downloaded plotters-backend v0.3.7
  Downloaded rawpointer v0.2.1
  Downloaded cast v0.3.0
  Downloaded cfg-if v1.0.4
  Downloaded fastrand v2.4.1
  Downloaded crossbeam-epoch v0.9.18
  Downloaded wait-timeout v0.2.1
  Downloaded plotters-svg v0.3.7
  Downloaded itoa v1.0.18
  Downloaded clap_lex v1.1.0
  Downloaded ciborium-ll v0.2.2
  Downloaded rand_xorshift v0.4.0
  Downloaded rand_chacha v0.9.0
  Downloaded either v1.15.0
  Downloaded rusty-fork v0.3.1
  Downloaded ppv-lite86 v0.2.21
  Downloaded bytemuck_derive v1.10.2
  Downloaded criterion-plot v0.5.0
  Downloaded tinytemplate v1.2.1
  Downloaded walkdir v2.5.0
  Downloaded getrandom v0.3.4
  Downloaded zmij v1.0.21
  Downloaded ciborium v0.2.2
  Downloaded num-complex v0.4.6
  Downloaded crossbeam-utils v0.8.21
  Downloaded console v0.16.3
  Downloaded bitflags v2.11.1
  Downloaded rand_core v0.9.5
  Downloaded once_cell v1.21.4
  Downloaded bytemuck v1.25.0
  Downloaded oorandom v11.1.5
  Downloaded similar v2.7.0
  Downloaded half v2.7.1
  Downloaded clap v4.6.1
  Downloaded tempfile v3.27.0
  Downloaded serde_derive v1.0.228
  Downloaded matrixmultiply v0.3.10
  Downloaded safe_arch v0.7.4
  Downloaded unicode-ident v1.0.24
  Downloaded proc-macro2 v1.0.106
  Downloaded rayon-core v1.13.0
  Downloaded serde_core v1.0.228
  Downloaded serde v1.0.228
  Downloaded num-traits v0.2.19
  Downloaded memchr v2.8.0
  Downloaded zerocopy-derive v0.8.48
  Downloaded itertools v0.10.5
  Downloaded rand v0.9.4
  Downloaded wide v0.7.33
  Downloaded criterion v0.5.1
  Downloaded insta v1.47.2
  Downloaded serde_json v1.0.149
  Downloaded plotters v0.3.7
  Downloaded regex v1.12.3
  Downloaded libm v0.2.16
  Downloaded rayon v1.12.0
  Downloaded clap_builder v4.6.0
  Downloaded proptest v1.11.0
  Downloaded syn v2.0.117
  Downloaded zerocopy v0.8.48
  Downloaded regex-syntax v0.8.10
  Downloaded rustix v1.1.4
  Downloaded regex-automata v0.4.14
  Downloaded libc v0.2.185
  Downloaded linux-raw-sys v0.12.1
   Compiling proc-macro2 v1.0.106
   Compiling quote v1.0.45
   Compiling unicode-ident v1.0.24
   Compiling syn v2.0.117
   Compiling libc v0.2.185
   Compiling cfg-if v1.0.4
   Compiling autocfg v1.5.0
   Compiling zerocopy v0.8.48
   Compiling getrandom v0.3.4
   Compiling zerocopy-derive v0.8.48
   Compiling bytemuck_derive v1.10.2
   Compiling bytemuck v1.25.0
   Compiling num-traits v0.2.19
   Compiling crossbeam-utils v0.8.21
   Compiling serde_core v1.0.228
   Compiling rustix v1.1.4
   Compiling serde v1.0.228
   Compiling once_cell v1.21.4
   Compiling linux-raw-sys v0.12.1
   Compiling bitflags v2.11.1
   Compiling zmij v1.0.21
   Compiling crossbeam-epoch v0.9.18
   Compiling half v2.7.1
   Compiling rand_core v0.9.5
   Compiling serde_derive v1.0.228
   Compiling either v1.15.0
   Compiling rayon-core v1.13.0
   Compiling fastrand v2.4.1
   Compiling serde_json v1.0.149
   Compiling regex-syntax v0.8.10
   Compiling tempfile v3.27.0
   Compiling crossbeam-deque v0.8.6
   Compiling clap_lex v1.1.0
   Compiling itoa v1.0.18
   Compiling memchr v2.8.0
   Compiling anstyle v1.0.14
   Compiling ciborium-io v0.2.2
   Compiling plotters-backend v0.3.7
   Compiling plotters-svg v0.3.7
   Compiling ciborium-ll v0.2.2
   Compiling clap_builder v4.6.0
   Compiling regex-automata v0.4.14
   Compiling itertools v0.10.5
   Compiling ppv-lite86 v0.2.21
   Compiling matrixmultiply v0.3.10
   Compiling wait-timeout v0.2.1
   Compiling libm v0.2.16
   Compiling fnv v1.0.7
   Compiling quick-error v1.2.3
   Compiling bit-vec v0.8.0
   Compiling cast v0.3.0
   Compiling same-file v1.0.6
   Compiling walkdir v2.5.0
   Compiling criterion-plot v0.5.0
   Compiling bit-set v0.8.0
   Compiling rusty-fork v0.3.1
   Compiling rand_chacha v0.9.0
   Compiling regex v1.12.3
   Compiling rayon v1.12.0
   Compiling tinytemplate v1.2.1
   Compiling clap v4.6.1
   Compiling ciborium v0.2.2
   Compiling plotters v0.3.7
   Compiling rand_xorshift v0.4.0
   Compiling rand v0.9.4
   Compiling num-complex v0.4.6
   Compiling safe_arch v0.7.4
   Compiling is-terminal v0.4.17
   Compiling console v0.16.3
   Compiling anes v0.1.6
   Compiling rawpointer v0.2.1
   Compiling unarray v0.1.4
   Compiling similar v2.7.0
   Compiling oorandom v11.1.5
   Compiling criterion v0.5.1
   Compiling insta v1.47.2
   Compiling proptest v1.11.0
   Compiling wide v0.7.33
   Compiling ft-core v0.1.0 (/data/projects/frankentorch/crates/ft-core)
   Compiling ft-kernel-cpu v0.1.0 (/data/projects/frankentorch/crates/ft-kernel-cpu)
    Finished `test` profile [unoptimized + debuginfo] target(s) in 1m 22s
     Running unittests src/lib.rs (.rch-target-vmi1227854-job-29884606035534502-1781578847181872417-0/debug/deps/ft_kernel_cpu-d26c108ecd1e4673)

running 1 test
test tests::batch_norm_f64_spatial1_row_parallel_matches_serial_reference_bits ... ok

test result: ok. 1 passed; 0 failed; 0 ignored; 0 measured; 480 filtered out; finished in 0.00s

  [2m2026-06-16T03:02:49.117541Z[0m [32m INFO[0m [1;32mrch::hook[0m[32m: [32mRemote command finished: exit=0 in 84591ms[0m
    [2;3mat[0m rch/src/hook.rs:6376 [2;3mon[0m ThreadId(1)

  [2m2026-06-16T03:02:49.117879Z[0m [32m INFO[0m [1;32mrch::hook[0m[32m: [32mRetrieving build artifacts...[0m
    [2;3mat[0m rch/src/hook.rs:6425 [2;3mon[0m ThreadId(1)

  [2m2026-06-16T03:02:49.117898Z[0m [32m INFO[0m [1;32mrch::transfer[0m[32m: [32mRetrieving artifacts from /data/projects/frankentorch on vmi1227854[0m
    [2;3mat[0m rch/src/transfer.rs:2106 [2;3mon[0m ThreadId(1)

  [2m2026-06-16T03:02:50.982777Z[0m [32m INFO[0m [1;32mrch::transfer[0m[32m: [32mArtifacts retrieved in 1864ms (5 files, 1824 bytes)[0m
    [2;3mat[0m rch/src/transfer.rs:2145 [2;3mon[0m ThreadId(1)

  [2m2026-06-16T03:02:50.982797Z[0m [32m INFO[0m [1;32mrch::hook[0m[32m: [32mArtifacts retrieved: 5 files, 1824 bytes in 1864ms[0m
    [2;3mat[0m rch/src/hook.rs:6458 [2;3mon[0m ThreadId(1)

[RCH] remote vmi1227854 (125.7s)
