  [2m2026-06-09T19:39:12.197642Z[0m [32m INFO[0m [1;32mrch::hook[0m[32m: [32mSelected worker: ovh-a at ubuntu@51.222.245.56 (3 slots remaining after reservation, speed 50.0)[0m
    [2;3mat[0m rch/src/hook.rs:514 [2;3mon[0m ThreadId(1)

  [2m2026-06-09T19:39:12.563477Z[0m [32m INFO[0m [1;32mrch::hook[0m[32m: [32mStarting remote compilation pipeline for frankentorch-fad7c-commit-20260609T1848 (hash: 23899eb7590ce51b)[0m
    [2;3mat[0m rch/src/hook.rs:5994 [2;3mon[0m ThreadId(1)

  [2m2026-06-09T19:39:12.563543Z[0m [32m INFO[0m [1;32mrch::hook[0m[32m: [32mPrepared dependency sync manifest for 13 roots[0m
    [2;3mat[0m rch/src/hook.rs:6016 [2;3mon[0m ThreadId(1)

  [2m2026-06-09T19:39:13.478912Z[0m [32m INFO[0m [1;32mrch::hook[0m[32m: [32mSyncing project to worker ovh-a...[0m
    [2;3mat[0m rch/src/hook.rs:6046 [2;3mon[0m ThreadId(1)

  [2m2026-06-09T19:39:13.478974Z[0m [32m INFO[0m [1;32mrch::transfer[0m[32m: [32mSyncing /data/projects/.scratch/frankentorch-fad7c-commit-20260609T1848 -> /data/projects/.scratch/frankentorch-fad7c-commit-20260609T1848 on ovh-a[0m
    [2;3mat[0m rch/src/transfer.rs:1434 [2;3mon[0m ThreadId(1)

  [2m2026-06-09T19:39:14.086713Z[0m [32m INFO[0m [1;32mrch::transfer[0m[32m: [32mSync completed in 607ms[0m
    [2;3mat[0m rch/src/transfer.rs:1503 [2;3mon[0m ThreadId(1)

  [2m2026-06-09T19:39:14.086894Z[0m [32m INFO[0m [1;32mrch::transfer[0m[32m: [32mSyncing /data/projects/.scratch/frankentorch-fad7c-commit-20260609T1848/crates/ft-api -> /data/projects/.scratch/frankentorch-fad7c-commit-20260609T1848/crates/ft-api on ovh-a[0m
    [2;3mat[0m rch/src/transfer.rs:1434 [2;3mon[0m ThreadId(1)

  [2m2026-06-09T19:39:14.628123Z[0m [32m INFO[0m [1;32mrch::transfer[0m[32m: [32mSync completed in 541ms[0m
    [2;3mat[0m rch/src/transfer.rs:1503 [2;3mon[0m ThreadId(1)

  [2m2026-06-09T19:39:14.628198Z[0m [32m INFO[0m [1;32mrch::transfer[0m[32m: [32mSyncing /data/projects/.scratch/frankentorch-fad7c-commit-20260609T1848/crates/ft-autograd -> /data/projects/.scratch/frankentorch-fad7c-commit-20260609T1848/crates/ft-autograd on ovh-a[0m
    [2;3mat[0m rch/src/transfer.rs:1434 [2;3mon[0m ThreadId(1)

  [2m2026-06-09T19:39:15.142417Z[0m [32m INFO[0m [1;32mrch::transfer[0m[32m: [32mSync completed in 514ms[0m
    [2;3mat[0m rch/src/transfer.rs:1503 [2;3mon[0m ThreadId(1)

  [2m2026-06-09T19:39:15.142491Z[0m [32m INFO[0m [1;32mrch::transfer[0m[32m: [32mSyncing /data/projects/.scratch/frankentorch-fad7c-commit-20260609T1848/crates/ft-conformance -> /data/projects/.scratch/frankentorch-fad7c-commit-20260609T1848/crates/ft-conformance on ovh-a[0m
    [2;3mat[0m rch/src/transfer.rs:1434 [2;3mon[0m ThreadId(1)

  [2m2026-06-09T19:39:15.645530Z[0m [32m INFO[0m [1;32mrch::transfer[0m[32m: [32mSync completed in 503ms[0m
    [2;3mat[0m rch/src/transfer.rs:1503 [2;3mon[0m ThreadId(1)

  [2m2026-06-09T19:39:15.645609Z[0m [32m INFO[0m [1;32mrch::transfer[0m[32m: [32mSyncing /data/projects/.scratch/frankentorch-fad7c-commit-20260609T1848/crates/ft-core -> /data/projects/.scratch/frankentorch-fad7c-commit-20260609T1848/crates/ft-core on ovh-a[0m
    [2;3mat[0m rch/src/transfer.rs:1434 [2;3mon[0m ThreadId(1)

  [2m2026-06-09T19:39:16.176632Z[0m [32m INFO[0m [1;32mrch::transfer[0m[32m: [32mSync completed in 531ms[0m
    [2;3mat[0m rch/src/transfer.rs:1503 [2;3mon[0m ThreadId(1)

  [2m2026-06-09T19:39:16.176724Z[0m [32m INFO[0m [1;32mrch::transfer[0m[32m: [32mSyncing /data/projects/.scratch/frankentorch-fad7c-commit-20260609T1848/crates/ft-data -> /data/projects/.scratch/frankentorch-fad7c-commit-20260609T1848/crates/ft-data on ovh-a[0m
    [2;3mat[0m rch/src/transfer.rs:1434 [2;3mon[0m ThreadId(1)

  [2m2026-06-09T19:39:16.727334Z[0m [32m INFO[0m [1;32mrch::transfer[0m[32m: [32mSync completed in 550ms[0m
    [2;3mat[0m rch/src/transfer.rs:1503 [2;3mon[0m ThreadId(1)

  [2m2026-06-09T19:39:16.727424Z[0m [32m INFO[0m [1;32mrch::transfer[0m[32m: [32mSyncing /data/projects/.scratch/frankentorch-fad7c-commit-20260609T1848/crates/ft-device -> /data/projects/.scratch/frankentorch-fad7c-commit-20260609T1848/crates/ft-device on ovh-a[0m
    [2;3mat[0m rch/src/transfer.rs:1434 [2;3mon[0m ThreadId(1)

  [2m2026-06-09T19:39:17.244224Z[0m [32m INFO[0m [1;32mrch::transfer[0m[32m: [32mSync completed in 516ms[0m
    [2;3mat[0m rch/src/transfer.rs:1503 [2;3mon[0m ThreadId(1)

  [2m2026-06-09T19:39:17.244308Z[0m [32m INFO[0m [1;32mrch::transfer[0m[32m: [32mSyncing /data/projects/.scratch/frankentorch-fad7c-commit-20260609T1848/crates/ft-dispatch -> /data/projects/.scratch/frankentorch-fad7c-commit-20260609T1848/crates/ft-dispatch on ovh-a[0m
    [2;3mat[0m rch/src/transfer.rs:1434 [2;3mon[0m ThreadId(1)

  [2m2026-06-09T19:39:17.712125Z[0m [32m INFO[0m [1;32mrch::transfer[0m[32m: [32mSync completed in 467ms[0m
    [2;3mat[0m rch/src/transfer.rs:1503 [2;3mon[0m ThreadId(1)

  [2m2026-06-09T19:39:17.712218Z[0m [32m INFO[0m [1;32mrch::transfer[0m[32m: [32mSyncing /data/projects/.scratch/frankentorch-fad7c-commit-20260609T1848/crates/ft-kernel-cpu -> /data/projects/.scratch/frankentorch-fad7c-commit-20260609T1848/crates/ft-kernel-cpu on ovh-a[0m
    [2;3mat[0m rch/src/transfer.rs:1434 [2;3mon[0m ThreadId(1)

  [2m2026-06-09T19:39:18.222143Z[0m [32m INFO[0m [1;32mrch::transfer[0m[32m: [32mSync completed in 509ms[0m
    [2;3mat[0m rch/src/transfer.rs:1503 [2;3mon[0m ThreadId(1)

  [2m2026-06-09T19:39:18.222241Z[0m [32m INFO[0m [1;32mrch::transfer[0m[32m: [32mSyncing /data/projects/.scratch/frankentorch-fad7c-commit-20260609T1848/crates/ft-nn -> /data/projects/.scratch/frankentorch-fad7c-commit-20260609T1848/crates/ft-nn on ovh-a[0m
    [2;3mat[0m rch/src/transfer.rs:1434 [2;3mon[0m ThreadId(1)

  [2m2026-06-09T19:39:18.744460Z[0m [32m INFO[0m [1;32mrch::transfer[0m[32m: [32mSync completed in 522ms[0m
    [2;3mat[0m rch/src/transfer.rs:1503 [2;3mon[0m ThreadId(1)

  [2m2026-06-09T19:39:18.744536Z[0m [32m INFO[0m [1;32mrch::transfer[0m[32m: [32mSyncing /data/projects/.scratch/frankentorch-fad7c-commit-20260609T1848/crates/ft-optim -> /data/projects/.scratch/frankentorch-fad7c-commit-20260609T1848/crates/ft-optim on ovh-a[0m
    [2;3mat[0m rch/src/transfer.rs:1434 [2;3mon[0m ThreadId(1)

  [2m2026-06-09T19:39:19.203863Z[0m [32m INFO[0m [1;32mrch::transfer[0m[32m: [32mSync completed in 459ms[0m
    [2;3mat[0m rch/src/transfer.rs:1503 [2;3mon[0m ThreadId(1)

  [2m2026-06-09T19:39:19.203959Z[0m [32m INFO[0m [1;32mrch::transfer[0m[32m: [32mSyncing /data/projects/.scratch/frankentorch-fad7c-commit-20260609T1848/crates/ft-runtime -> /data/projects/.scratch/frankentorch-fad7c-commit-20260609T1848/crates/ft-runtime on ovh-a[0m
    [2;3mat[0m rch/src/transfer.rs:1434 [2;3mon[0m ThreadId(1)

  [2m2026-06-09T19:39:19.676206Z[0m [32m INFO[0m [1;32mrch::transfer[0m[32m: [32mSync completed in 472ms[0m
    [2;3mat[0m rch/src/transfer.rs:1503 [2;3mon[0m ThreadId(1)

  [2m2026-06-09T19:39:19.676292Z[0m [32m INFO[0m [1;32mrch::transfer[0m[32m: [32mSyncing /data/projects/.scratch/frankentorch-fad7c-commit-20260609T1848/crates/ft-serialize -> /data/projects/.scratch/frankentorch-fad7c-commit-20260609T1848/crates/ft-serialize on ovh-a[0m
    [2;3mat[0m rch/src/transfer.rs:1434 [2;3mon[0m ThreadId(1)

  [2m2026-06-09T19:39:20.135996Z[0m [32m INFO[0m [1;32mrch::transfer[0m[32m: [32mSync completed in 459ms[0m
    [2;3mat[0m rch/src/transfer.rs:1503 [2;3mon[0m ThreadId(1)

  [2m2026-06-09T19:39:20.136044Z[0m [32m INFO[0m [1;32mrch::hook[0m[32m: [32mSync complete: 1891 files, 84879 bytes in 6650ms[0m
    [2;3mat[0m rch/src/hook.rs:6209 [2;3mon[0m ThreadId(1)

  [2m2026-06-09T19:39:21.619291Z[0m [32m INFO[0m [1;32mrch::hook[0m[32m: [32mExecuting command remotely: cargo check -p ft-kernel-cpu -p ft-api --all-targets[0m
    [2;3mat[0m rch/src/hook.rs:6252 [2;3mon[0m ThreadId(1)

  [2m2026-06-09T19:39:21.619330Z[0m [32m INFO[0m [1;32mrch::transfer[0m[32m: [32mRewriting CARGO_TARGET_DIR for remote execution (worker-scoped path): /data/tmp/cargo-target -> /data/projects/.scratch/frankentorch-fad7c-commit-20260609T1848/.rch-target-ovh-a-job-29879662679164365-1781033953478903238-0[0m
    [2;3mat[0m rch/src/transfer.rs:712 [2;3mon[0m ThreadId(1)

    Updating crates.io index
 Downloading crates ...
  Downloaded autocfg v1.5.0
  Downloaded anes v0.1.6
  Downloaded aho-corasick v1.1.4
  Downloaded anstyle v1.0.14
  Downloaded errno v0.3.14
  Downloaded ciborium-io v0.2.2
  Downloaded half v2.7.1
  Downloaded rand_xorshift v0.4.0
  Downloaded fastrand v2.4.1
  Downloaded clap v4.6.1
  Downloaded fnv v1.0.7
  Downloaded ciborium-ll v0.2.2
  Downloaded bitflags v2.11.1
  Downloaded bytemuck_derive v1.10.2
  Downloaded clap_builder v4.6.0
  Downloaded once_cell v1.21.4
  Downloaded quote v1.0.45
  Downloaded memchr v2.8.0
  Downloaded plotters-svg v0.3.7
  Downloaded cfg-if v1.0.4
  Downloaded plotters v0.3.7
  Downloaded matrixmultiply v0.3.10
  Downloaded rawpointer v0.2.1
  Downloaded is-terminal v0.4.17
  Downloaded unicode-ident v1.0.24
  Downloaded clap_lex v1.1.0
  Downloaded num-traits v0.2.19
  Downloaded rand_core v0.9.5
  Downloaded unarray v0.1.4
  Downloaded itertools v0.10.5
  Downloaded tempfile v3.27.0
  Downloaded proptest v1.11.0
  Downloaded crossbeam-epoch v0.9.18
  Downloaded walkdir v2.5.0
  Downloaded similar v2.7.0
  Downloaded serde_core v1.0.228
  Downloaded crossbeam-deque v0.8.6
  Downloaded oorandom v11.1.5
  Downloaded proc-macro2 v1.0.106
  Downloaded zerocopy-derive v0.8.48
  Downloaded quick-error v1.2.3
  Downloaded libm v0.2.16
  Downloaded criterion v0.5.1
  Downloaded serde v1.0.228
  Downloaded rayon v1.12.0
  Downloaded regex-syntax v0.8.10
  Downloaded rustix v1.1.4
  Downloaded serde_derive v1.0.228
  Downloaded same-file v1.0.6
  Downloaded tinytemplate v1.2.1
  Downloaded safe_arch v0.7.4
  Downloaded libc v0.2.185
  Downloaded criterion-plot v0.5.0
  Downloaded regex-automata v0.4.14
  Downloaded plotters-backend v0.3.7
  Downloaded bit-set v0.8.0
  Downloaded rayon-core v1.13.0
  Downloaded zmij v1.0.21
  Downloaded getrandom v0.3.4
  Downloaded rand_chacha v0.9.0
  Downloaded itoa v1.0.18
  Downloaded num-complex v0.4.6
  Downloaded bit-vec v0.8.0
  Downloaded ciborium v0.2.2
  Downloaded ppv-lite86 v0.2.21
  Downloaded regex v1.12.3
  Downloaded crossbeam-utils v0.8.21
  Downloaded serde_json v1.0.149
  Downloaded either v1.15.0
  Downloaded rusty-fork v0.3.1
  Downloaded insta v1.47.2
  Downloaded wait-timeout v0.2.1
  Downloaded cast v0.3.0
  Downloaded wide v0.7.33
  Downloaded rand v0.9.4
  Downloaded console v0.16.3
  Downloaded syn v2.0.117
  Downloaded bytemuck v1.25.0
  Downloaded zerocopy v0.8.48
  Downloaded linux-raw-sys v0.12.1
   Compiling proc-macro2 v1.0.106
   Compiling unicode-ident v1.0.24
   Compiling quote v1.0.45
    Checking cfg-if v1.0.4
   Compiling autocfg v1.5.0
   Compiling libc v0.2.185
   Compiling zerocopy v0.8.48
   Compiling crossbeam-utils v0.8.21
   Compiling rayon-core v1.13.0
    Checking either v1.15.0
   Compiling serde_core v1.0.228
   Compiling libm v0.2.16
    Checking once_cell v1.21.4
   Compiling zmij v1.0.21
   Compiling serde v1.0.228
    Checking rawpointer v0.2.1
    Checking regex-syntax v0.8.10
   Compiling serde_json v1.0.149
    Checking ciborium-io v0.2.2
    Checking memchr v2.8.0
    Checking anstyle v1.0.14
    Checking plotters-backend v0.3.7
    Checking itoa v1.0.18
    Checking clap_lex v1.1.0
    Checking itertools v0.10.5
    Checking same-file v1.0.6
    Checking cast v0.3.0
    Checking anes v0.1.6
    Checking clap_builder v4.6.0
    Checking oorandom v11.1.5
    Checking walkdir v2.5.0
   Compiling num-traits v0.2.19
   Compiling matrixmultiply v0.3.10
    Checking plotters-svg v0.3.7
   Compiling getrandom v0.3.4
   Compiling rustix v1.1.4
    Checking bitflags v2.11.1
    Checking linux-raw-sys v0.12.1
    Checking fastrand v2.4.1
    Checking bit-vec v0.8.0
    Checking crossbeam-epoch v0.9.18
    Checking quick-error v1.2.3
    Checking fnv v1.0.7
    Checking bit-set v0.8.0
    Checking unarray v0.1.4
    Checking similar v2.7.0
    Checking crossbeam-deque v0.8.6
   Compiling syn v2.0.117
    Checking num-complex v0.4.6
    Checking plotters v0.3.7
    Checking criterion-plot v0.5.0
    Checking rayon v1.12.0
    Checking is-terminal v0.4.17
    Checking wait-timeout v0.2.1
    Checking console v0.16.3
    Checking rand_core v0.9.5
    Checking clap v4.6.1
    Checking regex-automata v0.4.14
    Checking rand v0.9.4
    Checking rand_xorshift v0.4.0
    Checking tempfile v3.27.0
    Checking rusty-fork v0.3.1
    Checking insta v1.47.2
    Checking regex v1.12.3
   Compiling zerocopy-derive v0.8.48
   Compiling bytemuck_derive v1.10.2
   Compiling serde_derive v1.0.228
    Checking bytemuck v1.25.0
    Checking safe_arch v0.7.4
    Checking wide v0.7.33
    Checking tinytemplate v1.2.1
    Checking half v2.7.1
    Checking ppv-lite86 v0.2.21
    Checking ft-core v0.1.0 (/data/projects/.scratch/frankentorch-fad7c-commit-20260609T1848/crates/ft-core)
    Checking ciborium-ll v0.2.2
    Checking rand_chacha v0.9.0
    Checking ciborium v0.2.2
    Checking proptest v1.11.0
    Checking ft-kernel-cpu v0.1.0 (/data/projects/.scratch/frankentorch-fad7c-commit-20260609T1848/crates/ft-kernel-cpu)
    Checking ft-runtime v0.1.0 (/data/projects/.scratch/frankentorch-fad7c-commit-20260609T1848/crates/ft-runtime)
    Checking criterion v0.5.1
    Checking ft-dispatch v0.1.0 (/data/projects/.scratch/frankentorch-fad7c-commit-20260609T1848/crates/ft-dispatch)
    Checking ft-autograd v0.1.0 (/data/projects/.scratch/frankentorch-fad7c-commit-20260609T1848/crates/ft-autograd)
    Checking ft-api v0.1.0 (/data/projects/.scratch/frankentorch-fad7c-commit-20260609T1848/crates/ft-api)
    Finished `dev` profile [unoptimized + debuginfo] target(s) in 20.70s
  [2m2026-06-09T19:39:43.264366Z[0m [32m INFO[0m [1;32mrch::hook[0m[32m: [32mRemote command finished: exit=0 in 21644ms[0m
    [2;3mat[0m rch/src/hook.rs:6376 [2;3mon[0m ThreadId(1)

  [2m2026-06-09T19:39:43.264735Z[0m [32m INFO[0m [1;32mrch::hook[0m[32m: [32mRetrieving build artifacts...[0m
    [2;3mat[0m rch/src/hook.rs:6425 [2;3mon[0m ThreadId(1)

  [2m2026-06-09T19:39:43.264785Z[0m [32m INFO[0m [1;32mrch::transfer[0m[32m: [32mRetrieving artifacts from /data/projects/.scratch/frankentorch-fad7c-commit-20260609T1848 on ovh-a[0m
    [2;3mat[0m rch/src/transfer.rs:2106 [2;3mon[0m ThreadId(1)

  [2m2026-06-09T19:39:43.815404Z[0m [32m INFO[0m [1;32mrch::transfer[0m[32m: [32mArtifacts retrieved in 550ms (1 files, 1080 bytes)[0m
    [2;3mat[0m rch/src/transfer.rs:2145 [2;3mon[0m ThreadId(1)

  [2m2026-06-09T19:39:43.815446Z[0m [32m INFO[0m [1;32mrch::hook[0m[32m: [32mArtifacts retrieved: 1 files, 1080 bytes in 550ms[0m
    [2;3mat[0m rch/src/hook.rs:6458 [2;3mon[0m ThreadId(1)

  [2m2026-06-09T19:39:43.815537Z[0m [32m INFO[0m [1;32mrch::transfer[0m[32m: [32mRetrieving artifacts from /data/projects/.scratch/frankentorch-fad7c-commit-20260609T1848/.rch-target-ovh-a-job-29879662679164365-1781033953478903238-0 on ovh-a[0m
    [2;3mat[0m rch/src/transfer.rs:2106 [2;3mon[0m ThreadId(1)

  [2m2026-06-09T19:39:45.905209Z[0m [32m INFO[0m [1;32mrch::transfer[0m[32m: [32mArtifacts retrieved in 2089ms (1218 files, 791138 bytes)[0m
    [2;3mat[0m rch/src/transfer.rs:2145 [2;3mon[0m ThreadId(1)

  [2m2026-06-09T19:39:45.905245Z[0m [32m INFO[0m [1;32mrch::hook[0m[32m: [32mCustom CARGO_TARGET_DIR artifacts retrieved: 1218 files, 791138 bytes in 2089ms[0m
    [2;3mat[0m rch/src/hook.rs:6582 [2;3mon[0m ThreadId(1)

[RCH] remote ovh-a (33.7s)
