  [2m2026-06-09T19:40:49.729705Z[0m [32m INFO[0m [1;32mrch::hook[0m[32m: [32mSelected worker: ovh-a at ubuntu@51.222.245.56 (1 slots remaining after reservation, speed 50.0)[0m
    [2;3mat[0m rch/src/hook.rs:514 [2;3mon[0m ThreadId(1)

  [2m2026-06-09T19:40:50.046410Z[0m [32m INFO[0m [1;32mrch::hook[0m[32m: [32mStarting remote compilation pipeline for frankentorch-fad7c-commit-20260609T1848 (hash: 23899eb7590ce51b)[0m
    [2;3mat[0m rch/src/hook.rs:5994 [2;3mon[0m ThreadId(1)

  [2m2026-06-09T19:40:50.046470Z[0m [32m INFO[0m [1;32mrch::hook[0m[32m: [32mPrepared dependency sync manifest for 13 roots[0m
    [2;3mat[0m rch/src/hook.rs:6016 [2;3mon[0m ThreadId(1)

  [2m2026-06-09T19:40:50.891305Z[0m [32m INFO[0m [1;32mrch::hook[0m[32m: [32mSyncing project to worker ovh-a...[0m
    [2;3mat[0m rch/src/hook.rs:6046 [2;3mon[0m ThreadId(1)

  [2m2026-06-09T19:40:50.891376Z[0m [32m INFO[0m [1;32mrch::transfer[0m[32m: [32mSyncing /data/projects/.scratch/frankentorch-fad7c-commit-20260609T1848 -> /data/projects/.scratch/frankentorch-fad7c-commit-20260609T1848 on ovh-a[0m
    [2;3mat[0m rch/src/transfer.rs:1434 [2;3mon[0m ThreadId(1)

  [2m2026-06-09T19:40:51.527151Z[0m [32m INFO[0m [1;32mrch::transfer[0m[32m: [32mSync completed in 635ms[0m
    [2;3mat[0m rch/src/transfer.rs:1503 [2;3mon[0m ThreadId(1)

  [2m2026-06-09T19:40:51.527270Z[0m [32m INFO[0m [1;32mrch::transfer[0m[32m: [32mSyncing /data/projects/.scratch/frankentorch-fad7c-commit-20260609T1848/crates/ft-api -> /data/projects/.scratch/frankentorch-fad7c-commit-20260609T1848/crates/ft-api on ovh-a[0m
    [2;3mat[0m rch/src/transfer.rs:1434 [2;3mon[0m ThreadId(1)

  [2m2026-06-09T19:40:52.081719Z[0m [32m INFO[0m [1;32mrch::transfer[0m[32m: [32mSync completed in 554ms[0m
    [2;3mat[0m rch/src/transfer.rs:1503 [2;3mon[0m ThreadId(1)

  [2m2026-06-09T19:40:52.081863Z[0m [32m INFO[0m [1;32mrch::transfer[0m[32m: [32mSyncing /data/projects/.scratch/frankentorch-fad7c-commit-20260609T1848/crates/ft-autograd -> /data/projects/.scratch/frankentorch-fad7c-commit-20260609T1848/crates/ft-autograd on ovh-a[0m
    [2;3mat[0m rch/src/transfer.rs:1434 [2;3mon[0m ThreadId(1)

  [2m2026-06-09T19:40:52.654210Z[0m [32m INFO[0m [1;32mrch::transfer[0m[32m: [32mSync completed in 572ms[0m
    [2;3mat[0m rch/src/transfer.rs:1503 [2;3mon[0m ThreadId(1)

  [2m2026-06-09T19:40:52.654286Z[0m [32m INFO[0m [1;32mrch::transfer[0m[32m: [32mSyncing /data/projects/.scratch/frankentorch-fad7c-commit-20260609T1848/crates/ft-conformance -> /data/projects/.scratch/frankentorch-fad7c-commit-20260609T1848/crates/ft-conformance on ovh-a[0m
    [2;3mat[0m rch/src/transfer.rs:1434 [2;3mon[0m ThreadId(1)

  [2m2026-06-09T19:40:53.197202Z[0m [32m INFO[0m [1;32mrch::transfer[0m[32m: [32mSync completed in 542ms[0m
    [2;3mat[0m rch/src/transfer.rs:1503 [2;3mon[0m ThreadId(1)

  [2m2026-06-09T19:40:53.197282Z[0m [32m INFO[0m [1;32mrch::transfer[0m[32m: [32mSyncing /data/projects/.scratch/frankentorch-fad7c-commit-20260609T1848/crates/ft-core -> /data/projects/.scratch/frankentorch-fad7c-commit-20260609T1848/crates/ft-core on ovh-a[0m
    [2;3mat[0m rch/src/transfer.rs:1434 [2;3mon[0m ThreadId(1)

  [2m2026-06-09T19:40:53.753319Z[0m [32m INFO[0m [1;32mrch::transfer[0m[32m: [32mSync completed in 556ms[0m
    [2;3mat[0m rch/src/transfer.rs:1503 [2;3mon[0m ThreadId(1)

  [2m2026-06-09T19:40:53.753400Z[0m [32m INFO[0m [1;32mrch::transfer[0m[32m: [32mSyncing /data/projects/.scratch/frankentorch-fad7c-commit-20260609T1848/crates/ft-data -> /data/projects/.scratch/frankentorch-fad7c-commit-20260609T1848/crates/ft-data on ovh-a[0m
    [2;3mat[0m rch/src/transfer.rs:1434 [2;3mon[0m ThreadId(1)

  [2m2026-06-09T19:40:54.322924Z[0m [32m INFO[0m [1;32mrch::transfer[0m[32m: [32mSync completed in 569ms[0m
    [2;3mat[0m rch/src/transfer.rs:1503 [2;3mon[0m ThreadId(1)

  [2m2026-06-09T19:40:54.323005Z[0m [32m INFO[0m [1;32mrch::transfer[0m[32m: [32mSyncing /data/projects/.scratch/frankentorch-fad7c-commit-20260609T1848/crates/ft-device -> /data/projects/.scratch/frankentorch-fad7c-commit-20260609T1848/crates/ft-device on ovh-a[0m
    [2;3mat[0m rch/src/transfer.rs:1434 [2;3mon[0m ThreadId(1)

  [2m2026-06-09T19:40:54.875480Z[0m [32m INFO[0m [1;32mrch::transfer[0m[32m: [32mSync completed in 552ms[0m
    [2;3mat[0m rch/src/transfer.rs:1503 [2;3mon[0m ThreadId(1)

  [2m2026-06-09T19:40:54.875578Z[0m [32m INFO[0m [1;32mrch::transfer[0m[32m: [32mSyncing /data/projects/.scratch/frankentorch-fad7c-commit-20260609T1848/crates/ft-dispatch -> /data/projects/.scratch/frankentorch-fad7c-commit-20260609T1848/crates/ft-dispatch on ovh-a[0m
    [2;3mat[0m rch/src/transfer.rs:1434 [2;3mon[0m ThreadId(1)

  [2m2026-06-09T19:40:55.448673Z[0m [32m INFO[0m [1;32mrch::transfer[0m[32m: [32mSync completed in 573ms[0m
    [2;3mat[0m rch/src/transfer.rs:1503 [2;3mon[0m ThreadId(1)

  [2m2026-06-09T19:40:55.448814Z[0m [32m INFO[0m [1;32mrch::transfer[0m[32m: [32mSyncing /data/projects/.scratch/frankentorch-fad7c-commit-20260609T1848/crates/ft-kernel-cpu -> /data/projects/.scratch/frankentorch-fad7c-commit-20260609T1848/crates/ft-kernel-cpu on ovh-a[0m
    [2;3mat[0m rch/src/transfer.rs:1434 [2;3mon[0m ThreadId(1)

  [2m2026-06-09T19:40:55.993597Z[0m [32m INFO[0m [1;32mrch::transfer[0m[32m: [32mSync completed in 544ms[0m
    [2;3mat[0m rch/src/transfer.rs:1503 [2;3mon[0m ThreadId(1)

  [2m2026-06-09T19:40:55.993706Z[0m [32m INFO[0m [1;32mrch::transfer[0m[32m: [32mSyncing /data/projects/.scratch/frankentorch-fad7c-commit-20260609T1848/crates/ft-nn -> /data/projects/.scratch/frankentorch-fad7c-commit-20260609T1848/crates/ft-nn on ovh-a[0m
    [2;3mat[0m rch/src/transfer.rs:1434 [2;3mon[0m ThreadId(1)

  [2m2026-06-09T19:40:56.485056Z[0m [32m INFO[0m [1;32mrch::transfer[0m[32m: [32mSync completed in 491ms[0m
    [2;3mat[0m rch/src/transfer.rs:1503 [2;3mon[0m ThreadId(1)

  [2m2026-06-09T19:40:56.485158Z[0m [32m INFO[0m [1;32mrch::transfer[0m[32m: [32mSyncing /data/projects/.scratch/frankentorch-fad7c-commit-20260609T1848/crates/ft-optim -> /data/projects/.scratch/frankentorch-fad7c-commit-20260609T1848/crates/ft-optim on ovh-a[0m
    [2;3mat[0m rch/src/transfer.rs:1434 [2;3mon[0m ThreadId(1)

  [2m2026-06-09T19:40:57.038857Z[0m [32m INFO[0m [1;32mrch::transfer[0m[32m: [32mSync completed in 553ms[0m
    [2;3mat[0m rch/src/transfer.rs:1503 [2;3mon[0m ThreadId(1)

  [2m2026-06-09T19:40:57.038944Z[0m [32m INFO[0m [1;32mrch::transfer[0m[32m: [32mSyncing /data/projects/.scratch/frankentorch-fad7c-commit-20260609T1848/crates/ft-runtime -> /data/projects/.scratch/frankentorch-fad7c-commit-20260609T1848/crates/ft-runtime on ovh-a[0m
    [2;3mat[0m rch/src/transfer.rs:1434 [2;3mon[0m ThreadId(1)

  [2m2026-06-09T19:40:57.560265Z[0m [32m INFO[0m [1;32mrch::transfer[0m[32m: [32mSync completed in 521ms[0m
    [2;3mat[0m rch/src/transfer.rs:1503 [2;3mon[0m ThreadId(1)

  [2m2026-06-09T19:40:57.560381Z[0m [32m INFO[0m [1;32mrch::transfer[0m[32m: [32mSyncing /data/projects/.scratch/frankentorch-fad7c-commit-20260609T1848/crates/ft-serialize -> /data/projects/.scratch/frankentorch-fad7c-commit-20260609T1848/crates/ft-serialize on ovh-a[0m
    [2;3mat[0m rch/src/transfer.rs:1434 [2;3mon[0m ThreadId(1)

  [2m2026-06-09T19:40:58.096092Z[0m [32m INFO[0m [1;32mrch::transfer[0m[32m: [32mSync completed in 535ms[0m
    [2;3mat[0m rch/src/transfer.rs:1503 [2;3mon[0m ThreadId(1)

  [2m2026-06-09T19:40:58.096163Z[0m [32m INFO[0m [1;32mrch::hook[0m[32m: [32mSync complete: 1892 files, 83729 bytes in 7197ms[0m
    [2;3mat[0m rch/src/hook.rs:6209 [2;3mon[0m ThreadId(1)

  [2m2026-06-09T19:40:59.715391Z[0m [32m INFO[0m [1;32mrch::hook[0m[32m: [32mExecuting command remotely: cargo clippy -p ft-kernel-cpu --all-targets -- -D warnings[0m
    [2;3mat[0m rch/src/hook.rs:6252 [2;3mon[0m ThreadId(1)

  [2m2026-06-09T19:40:59.715460Z[0m [32m INFO[0m [1;32mrch::transfer[0m[32m: [32mRewriting CARGO_TARGET_DIR for remote execution (worker-scoped path): /data/tmp/cargo-target -> /data/projects/.scratch/frankentorch-fad7c-commit-20260609T1848/.rch-target-ovh-a-job-29879662679164372-1781034050891296644-0[0m
    [2;3mat[0m rch/src/transfer.rs:712 [2;3mon[0m ThreadId(1)

    Updating crates.io index
 Downloading crates ...
  Downloaded anes v0.1.6
  Downloaded anstyle v1.0.14
  Downloaded autocfg v1.5.0
  Downloaded bit-vec v0.8.0
  Downloaded bit-set v0.8.0
  Downloaded bitflags v2.11.1
  Downloaded aho-corasick v1.1.4
  Downloaded rand v0.9.4
  Downloaded rand_core v0.9.5
  Downloaded wait-timeout v0.2.1
  Downloaded cfg-if v1.0.4
  Downloaded cast v0.3.0
  Downloaded console v0.16.3
  Downloaded serde_core v1.0.228
  Downloaded unarray v0.1.4
  Downloaded criterion v0.5.1
  Downloaded rand_chacha v0.9.0
  Downloaded crossbeam-deque v0.8.6
  Downloaded crossbeam-epoch v0.9.18
  Downloaded quote v1.0.45
  Downloaded ppv-lite86 v0.2.21
  Downloaded same-file v1.0.6
  Downloaded bytemuck_derive v1.10.2
  Downloaded ciborium-ll v0.2.2
  Downloaded rand_xorshift v0.4.0
  Downloaded fnv v1.0.7
  Downloaded regex-syntax v0.8.10
  Downloaded num-complex v0.4.6
  Downloaded ciborium-io v0.2.2
  Downloaded is-terminal v0.4.17
  Downloaded itoa v1.0.18
  Downloaded plotters-backend v0.3.7
  Downloaded plotters-svg v0.3.7
  Downloaded errno v0.3.14
  Downloaded rawpointer v0.2.1
  Downloaded quick-error v1.2.3
  Downloaded clap_lex v1.1.0
  Downloaded rusty-fork v0.3.1
  Downloaded tinytemplate v1.2.1
  Downloaded serde_derive v1.0.228
  Downloaded fastrand v2.4.1
  Downloaded zmij v1.0.21
  Downloaded walkdir v2.5.0
  Downloaded oorandom v11.1.5
  Downloaded criterion-plot v0.5.0
  Downloaded tempfile v3.27.0
  Downloaded bytemuck v1.25.0
  Downloaded once_cell v1.21.4
  Downloaded either v1.15.0
  Downloaded crossbeam-utils v0.8.21
  Downloaded ciborium v0.2.2
  Downloaded num-traits v0.2.19
  Downloaded unicode-ident v1.0.24
  Downloaded half v2.7.1
  Downloaded similar v2.7.0
  Downloaded getrandom v0.3.4
  Downloaded matrixmultiply v0.3.10
  Downloaded clap v4.6.1
  Downloaded safe_arch v0.7.4
  Downloaded serde v1.0.228
  Downloaded rayon-core v1.13.0
  Downloaded proc-macro2 v1.0.106
  Downloaded memchr v2.8.0
  Downloaded wide v0.7.33
  Downloaded zerocopy-derive v0.8.48
  Downloaded itertools v0.10.5
  Downloaded rayon v1.12.0
  Downloaded serde_json v1.0.149
  Downloaded syn v2.0.117
  Downloaded insta v1.47.2
  Downloaded plotters v0.3.7
  Downloaded regex v1.12.3
  Downloaded libm v0.2.16
  Downloaded clap_builder v4.6.0
  Downloaded proptest v1.11.0
  Downloaded zerocopy v0.8.48
  Downloaded rustix v1.1.4
  Downloaded regex-automata v0.4.14
  Downloaded libc v0.2.185
  Downloaded linux-raw-sys v0.12.1
   Compiling proc-macro2 v1.0.106
   Compiling unicode-ident v1.0.24
   Compiling quote v1.0.45
   Compiling libc v0.2.185
    Checking cfg-if v1.0.4
   Compiling autocfg v1.5.0
   Compiling zerocopy v0.8.48
   Compiling getrandom v0.3.4
   Compiling crossbeam-utils v0.8.21
   Compiling serde_core v1.0.228
   Compiling rustix v1.1.4
   Compiling rayon-core v1.13.0
   Compiling zmij v1.0.21
    Checking either v1.15.0
    Checking once_cell v1.21.4
   Compiling serde v1.0.228
    Checking bitflags v2.11.1
    Checking linux-raw-sys v0.12.1
    Checking regex-syntax v0.8.10
   Compiling serde_json v1.0.149
    Checking fastrand v2.4.1
    Checking ciborium-io v0.2.2
    Checking plotters-backend v0.3.7
    Checking memchr v2.8.0
    Checking itoa v1.0.18
    Checking anstyle v1.0.14
    Checking clap_lex v1.1.0
   Compiling libm v0.2.16
   Compiling num-traits v0.2.19
   Compiling matrixmultiply v0.3.10
    Checking plotters-svg v0.3.7
    Checking itertools v0.10.5
    Checking quick-error v1.2.3
    Checking rawpointer v0.2.1
    Checking clap_builder v4.6.0
    Checking same-file v1.0.6
    Checking fnv v1.0.7
    Checking bit-vec v0.8.0
    Checking cast v0.3.0
    Checking similar v2.7.0
    Checking walkdir v2.5.0
    Checking crossbeam-epoch v0.9.18
    Checking oorandom v11.1.5
    Checking anes v0.1.6
    Checking bit-set v0.8.0
    Checking unarray v0.1.4
    Checking crossbeam-deque v0.8.6
   Compiling syn v2.0.117
    Checking wait-timeout v0.2.1
    Checking console v0.16.3
    Checking is-terminal v0.4.17
    Checking num-complex v0.4.6
    Checking plotters v0.3.7
    Checking rand_core v0.9.5
    Checking criterion-plot v0.5.0
    Checking rayon v1.12.0
    Checking rand v0.9.4
    Checking rand_xorshift v0.4.0
    Checking regex-automata v0.4.14
    Checking clap v4.6.1
    Checking tempfile v3.27.0
    Checking rusty-fork v0.3.1
    Checking insta v1.47.2
    Checking regex v1.12.3
   Compiling zerocopy-derive v0.8.48
   Compiling bytemuck_derive v1.10.2
   Compiling serde_derive v1.0.228
    Checking bytemuck v1.25.0
    Checking safe_arch v0.7.4
    Checking wide v0.7.33
    Checking tinytemplate v1.2.1
    Checking half v2.7.1
    Checking ppv-lite86 v0.2.21
    Checking ciborium-ll v0.2.2
    Checking ft-core v0.1.0 (/data/projects/.scratch/frankentorch-fad7c-commit-20260609T1848/crates/ft-core)
    Checking rand_chacha v0.9.0
    Checking ciborium v0.2.2
    Checking proptest v1.11.0
    Checking ft-kernel-cpu v0.1.0 (/data/projects/.scratch/frankentorch-fad7c-commit-20260609T1848/crates/ft-kernel-cpu)
    Checking criterion v0.5.1
    Finished `dev` profile [unoptimized + debuginfo] target(s) in 11.52s
  [2m2026-06-09T19:41:11.965148Z[0m [32m INFO[0m [1;32mrch::hook[0m[32m: [32mRemote command finished: exit=0 in 12249ms[0m
    [2;3mat[0m rch/src/hook.rs:6376 [2;3mon[0m ThreadId(1)

  [2m2026-06-09T19:41:11.966055Z[0m [32m INFO[0m [1;32mrch::hook[0m[32m: [32mRetrieving build artifacts...[0m
    [2;3mat[0m rch/src/hook.rs:6425 [2;3mon[0m ThreadId(1)

  [2m2026-06-09T19:41:11.966102Z[0m [32m INFO[0m [1;32mrch::transfer[0m[32m: [32mRetrieving artifacts from /data/projects/.scratch/frankentorch-fad7c-commit-20260609T1848 on ovh-a[0m
    [2;3mat[0m rch/src/transfer.rs:2106 [2;3mon[0m ThreadId(1)

  [2m2026-06-09T19:41:12.471182Z[0m [32m INFO[0m [1;32mrch::transfer[0m[32m: [32mArtifacts retrieved in 505ms (1 files, 1080 bytes)[0m
    [2;3mat[0m rch/src/transfer.rs:2145 [2;3mon[0m ThreadId(1)

  [2m2026-06-09T19:41:12.471223Z[0m [32m INFO[0m [1;32mrch::hook[0m[32m: [32mArtifacts retrieved: 1 files, 1080 bytes in 505ms[0m
    [2;3mat[0m rch/src/hook.rs:6458 [2;3mon[0m ThreadId(1)

  [2m2026-06-09T19:41:12.471337Z[0m [32m INFO[0m [1;32mrch::transfer[0m[32m: [32mRetrieving artifacts from /data/projects/.scratch/frankentorch-fad7c-commit-20260609T1848/.rch-target-ovh-a-job-29879662679164372-1781034050891296644-0 on ovh-a[0m
    [2;3mat[0m rch/src/transfer.rs:2106 [2;3mon[0m ThreadId(1)

  [2m2026-06-09T19:41:13.557929Z[0m [32m INFO[0m [1;32mrch::transfer[0m[32m: [32mArtifacts retrieved in 1086ms (1019 files, 764927 bytes)[0m
    [2;3mat[0m rch/src/transfer.rs:2145 [2;3mon[0m ThreadId(1)

  [2m2026-06-09T19:41:13.557974Z[0m [32m INFO[0m [1;32mrch::hook[0m[32m: [32mCustom CARGO_TARGET_DIR artifacts retrieved: 1019 files, 764927 bytes in 1086ms[0m
    [2;3mat[0m rch/src/hook.rs:6582 [2;3mon[0m ThreadId(1)

[RCH] remote ovh-a (23.8s)
