    Checking cfg-if v1.0.4
    Checking either v1.15.0
    Checking rawpointer v0.2.1
    Checking memchr v2.8.0
    Checking regex-syntax v0.8.10
    Checking clap_lex v1.1.0
    Checking anstyle v1.0.14
    Checking plotters-backend v0.3.7
    Checking itoa v1.0.18
    Checking ciborium-io v0.2.2
    Checking cast v0.3.0
    Checking same-file v1.0.6
    Checking anes v0.1.6
    Checking oorandom v11.1.5
    Checking once_cell v1.21.4
    Checking crossbeam-utils v0.8.21
    Checking serde_core v1.0.228
    Checking libm v0.2.16
    Checking zmij v1.0.21
    Checking libc v0.2.185
    Checking num-traits v0.2.19
    Checking matrixmultiply v0.3.10
    Checking bytemuck v1.25.0
    Checking zerocopy v0.8.48
    Checking walkdir v2.5.0
    Checking itertools v0.10.5
    Checking clap_builder v4.6.0
    Checking plotters-svg v0.3.7
    Checking safe_arch v0.7.4
    Checking crossbeam-epoch v0.9.18
    Checking wide v0.7.33
    Checking crossbeam-deque v0.8.6
    Checking num-complex v0.4.6
    Checking plotters v0.3.7
    Checking rayon-core v1.13.0
    Checking regex-automata v0.4.14
    Checking is-terminal v0.4.17
    Checking rayon v1.12.0
    Checking criterion-plot v0.5.0
    Checking clap v4.6.1
    Checking serde v1.0.228
    Checking serde_json v1.0.149
    Checking regex v1.12.3
    Checking tinytemplate v1.2.1
    Checking half v2.7.1
    Checking ft-core v0.1.0 (/data/projects/frankentorch/crates/ft-core)
    Checking ciborium-ll v0.2.2
    Checking ciborium v0.2.2
    Checking criterion v0.5.1
    Checking ft-kernel-cpu v0.1.0 (/data/projects/frankentorch/crates/ft-kernel-cpu)
    Checking ft-runtime v0.1.0 (/data/projects/frankentorch/crates/ft-runtime)
    Checking ft-dispatch v0.1.0 (/data/projects/frankentorch/crates/ft-dispatch)
    Checking ft-autograd v0.1.0 (/data/projects/frankentorch/crates/ft-autograd)
    Checking ft-api v0.1.0 (/data/projects/frankentorch/crates/ft-api)
error: unnecessary parentheses around closure body
  --> crates/ft-api/examples/mode_h2h.rs:19:18
   |
19 |         .map(|i| (((i * 1_103_515_245usize + 12345) % 97) as f64))
   |                  ^                                              ^
   |
   = note: `-D unused-parens` implied by `-D warnings`
   = help: to override `-D warnings` add `#[allow(unused_parens)]`
help: remove these parentheses
   |
19 -         .map(|i| (((i * 1_103_515_245usize + 12345) % 97) as f64))
19 +         .map(|i| ((i * 1_103_515_245usize + 12345) % 97) as f64)
   |

error: for loop over a single element
  --> crates/ft-api/examples/softmax_family_dim0_h2h.rs:48:9
   |
48 | /         for dtype in ["f64"] {
49 | |             let (ft, chk) = bench_ft(op, dtype, &data);
50 | |             let py = format!(
51 | |                 r#"
...  |
92 | |         }
   | |_________^
   |
   = help: for further information visit https://rust-lang.github.io/rust-clippy/master/index.html#single_element_loop
   = note: `-D clippy::single-element-loop` implied by `-D warnings`
   = help: to override `-D warnings` add `#[allow(clippy::single_element_loop)]`
help: try
   |
48 ~         {
49 +             let dtype = "f64";
50 +             let (ft, chk) = bench_ft(op, dtype, &data);
51 +             let py = format!(
52 +                 r#"
53 + import time, torch
54 + torch.set_num_threads(8)
55 + R,C={R},{C}
56 + x = (torch.arange(R*C, dtype=torch.float64).mul_(0.0007).sin_().mul_(4.0)).reshape(R,C)
57 + x = x.to(torch.{dt})
58 + fn = torch.{fn}
59 + for _ in range(3): fn(x, dim=0)
60 + ts=[]; chk=0.0
61 + for _ in range(12):
62 +     t=time.perf_counter(); o=fn(x, dim=0); ts.append((time.perf_counter()-t)*1e3); chk=o.double().sum().item()
63 + print("MS", sorted(ts)[0]); print("CHK", chk)
64 + "#,
65 +                 dt = if dtype == "f32" { "float32" } else { "float64" },
66 +                 fn = if op == "softmax" { "softmax" } else { "log_softmax" },
67 +             );
68 +             let out = Command::new(&python).arg("-c").arg(&py).output();
69 +             print!("{op:11} {dtype}  dim=0 [{R},{C}]: FT {ft:8.3} ms");
70 +             if let Ok(o) = out
71 +                 && o.status.success()
72 +             {
73 +                 let s = String::from_utf8_lossy(&o.stdout);
74 +                 let g = |p: &str| {
75 +                     s.lines()
76 +                         .find_map(|l| l.strip_prefix(p).and_then(|v| v.trim().parse::<f64>().ok()))
77 +                 };
78 +                 if let (Some(p), Some(pc)) = (g("MS "), g("CHK ")) {
79 +                     let rel = (chk - pc).abs() / (pc.abs() + 1e-9);
80 +                     let r = p / ft;
81 +                     let verdict = if r >= 1.0 {
82 +                         format!("FT {r:.2}x FASTER")
83 +                     } else {
84 +                         format!("FT {:.2}x slower", 1.0 / r)
85 +                     };
86 +                     println!("  | torch {p:8.3} ms  => {verdict}  (sum rel {rel:.1e})");
87 +                 } else {
88 +                     println!("  (torch parse fail)");
89 +                 }
90 +             } else {
91 +                 println!("  (torch fail)");
92 +             }
93 +         }
   |

error: could not compile `ft-api` (example "mode_h2h") due to 1 previous error
warning: build failed, waiting for other jobs to finish...
error: could not compile `ft-api` (example "softmax_family_dim0_h2h") due to 1 previous error
