Script started on 2026-06-09 10:22:34-04:00 [COMMAND="env RCH_REQUIRE_REMOTE=1 rch exec -- cargo bench -p ft-kernel-cpu --bench linalg_bench -- eig_f64_256x256" <not executed on terminal>]
  [2m2026-06-09T14:22:34.466823Z[0m [32m INFO[0m [1;32mrch::hook[0m[32m: [32mSelected worker: vmi1227854 at root@109.123.245.77 (0 slots remaining after reservation, speed 50.0)[0m
    [2;3mat[0m rch/src/hook.rs:514 [2;3mon[0m ThreadId(1)

[*] Job j-29879662679163787 submitted to vmi1227854 (0 slots remaining, speed 50.0)
  [2m2026-06-09T14:22:34.782830Z[0m [32m INFO[0m [1;32mrch::hook[0m[32m: [32mStarting remote compilation pipeline for frankentorch (hash: 78ab156102a58c4c)[0m
    [2;3mat[0m rch/src/hook.rs:5994 [2;3mon[0m ThreadId(1)

  [2m2026-06-09T14:22:34.782886Z[0m [32m INFO[0m [1;32mrch::hook[0m[32m: [32mPrepared dependency sync manifest for 13 roots[0m
    [2;3mat[0m rch/src/hook.rs:6016 [2;3mon[0m ThreadId(1)

  [2m2026-06-09T14:22:36.523941Z[0m [32m INFO[0m [1;32mrch::hook[0m[32m: [32mSyncing project to worker vmi1227854...[0m
    [2;3mat[0m rch/src/hook.rs:6046 [2;3mon[0m ThreadId(1)

  [2m2026-06-09T14:22:36.524004Z[0m [32m INFO[0m [1;32mrch::transfer[0m[32m: [32mSyncing /data/projects/frankentorch -> /data/projects/frankentorch on vmi1227854[0m
    [2;3mat[0m rch/src/transfer.rs:1434 [2;3mon[0m ThreadId(1)

  [2m2026-06-09T14:22:43.795436Z[0m [32m INFO[0m [1;32mrch::transfer[0m[32m: [32mSync completed in 7271ms[0m
    [2;3mat[0m rch/src/transfer.rs:1503 [2;3mon[0m ThreadId(1)

  [2m2026-06-09T14:22:43.795499Z[0m [32m INFO[0m [1;32mrch::transfer[0m[32m: [32mSyncing /data/projects/frankentorch/crates/ft-api -> /data/projects/frankentorch/crates/ft-api on vmi1227854[0m
    [2;3mat[0m rch/src/transfer.rs:1434 [2;3mon[0m ThreadId(1)

  [2m2026-06-09T14:22:45.640654Z[0m [32m INFO[0m [1;32mrch::transfer[0m[32m: [32mSync completed in 1845ms[0m
    [2;3mat[0m rch/src/transfer.rs:1503 [2;3mon[0m ThreadId(1)

  [2m2026-06-09T14:22:45.640737Z[0m [32m INFO[0m [1;32mrch::transfer[0m[32m: [32mSyncing /data/projects/frankentorch/crates/ft-autograd -> /data/projects/frankentorch/crates/ft-autograd on vmi1227854[0m
    [2;3mat[0m rch/src/transfer.rs:1434 [2;3mon[0m ThreadId(1)

  [2m2026-06-09T14:22:47.512351Z[0m [32m INFO[0m [1;32mrch::transfer[0m[32m: [32mSync completed in 1871ms[0m
    [2;3mat[0m rch/src/transfer.rs:1503 [2;3mon[0m ThreadId(1)

  [2m2026-06-09T14:22:47.512416Z[0m [32m INFO[0m [1;32mrch::transfer[0m[32m: [32mSyncing /data/projects/frankentorch/crates/ft-conformance -> /data/projects/frankentorch/crates/ft-conformance on vmi1227854[0m
    [2;3mat[0m rch/src/transfer.rs:1434 [2;3mon[0m ThreadId(1)

  [2m2026-06-09T14:22:49.369118Z[0m [32m INFO[0m [1;32mrch::transfer[0m[32m: [32mSync completed in 1856ms[0m
    [2;3mat[0m rch/src/transfer.rs:1503 [2;3mon[0m ThreadId(1)

  [2m2026-06-09T14:22:49.369195Z[0m [32m INFO[0m [1;32mrch::transfer[0m[32m: [32mSyncing /data/projects/frankentorch/crates/ft-core -> /data/projects/frankentorch/crates/ft-core on vmi1227854[0m
    [2;3mat[0m rch/src/transfer.rs:1434 [2;3mon[0m ThreadId(1)

  [2m2026-06-09T14:22:51.231655Z[0m [32m INFO[0m [1;32mrch::transfer[0m[32m: [32mSync completed in 1862ms[0m
    [2;3mat[0m rch/src/transfer.rs:1503 [2;3mon[0m ThreadId(1)

  [2m2026-06-09T14:22:51.231725Z[0m [32m INFO[0m [1;32mrch::transfer[0m[32m: [32mSyncing /data/projects/frankentorch/crates/ft-data -> /data/projects/frankentorch/crates/ft-data on vmi1227854[0m
    [2;3mat[0m rch/src/transfer.rs:1434 [2;3mon[0m ThreadId(1)

  [2m2026-06-09T14:22:53.054660Z[0m [32m INFO[0m [1;32mrch::transfer[0m[32m: [32mSync completed in 1822ms[0m
    [2;3mat[0m rch/src/transfer.rs:1503 [2;3mon[0m ThreadId(1)

  [2m2026-06-09T14:22:53.054726Z[0m [32m INFO[0m [1;32mrch::transfer[0m[32m: [32mSyncing /data/projects/frankentorch/crates/ft-device -> /data/projects/frankentorch/crates/ft-device on vmi1227854[0m
    [2;3mat[0m rch/src/transfer.rs:1434 [2;3mon[0m ThreadId(1)

  [2m2026-06-09T14:22:54.938836Z[0m [32m INFO[0m [1;32mrch::transfer[0m[32m: [32mSync completed in 1884ms[0m
    [2;3mat[0m rch/src/transfer.rs:1503 [2;3mon[0m ThreadId(1)

  [2m2026-06-09T14:22:54.938908Z[0m [32m INFO[0m [1;32mrch::transfer[0m[32m: [32mSyncing /data/projects/frankentorch/crates/ft-dispatch -> /data/projects/frankentorch/crates/ft-dispatch on vmi1227854[0m
    [2;3mat[0m rch/src/transfer.rs:1434 [2;3mon[0m ThreadId(1)

  [2m2026-06-09T14:22:56.878486Z[0m [32m INFO[0m [1;32mrch::transfer[0m[32m: [32mSync completed in 1939ms[0m
    [2;3mat[0m rch/src/transfer.rs:1503 [2;3mon[0m ThreadId(1)

  [2m2026-06-09T14:22:56.878583Z[0m [32m INFO[0m [1;32mrch::transfer[0m[32m: [32mSyncing /data/projects/frankentorch/crates/ft-kernel-cpu -> /data/projects/frankentorch/crates/ft-kernel-cpu on vmi1227854[0m
    [2;3mat[0m rch/src/transfer.rs:1434 [2;3mon[0m ThreadId(1)

  [2m2026-06-09T14:22:58.782570Z[0m [32m INFO[0m [1;32mrch::transfer[0m[32m: [32mSync completed in 1903ms[0m
    [2;3mat[0m rch/src/transfer.rs:1503 [2;3mon[0m ThreadId(1)

  [2m2026-06-09T14:22:58.782665Z[0m [32m INFO[0m [1;32mrch::transfer[0m[32m: [32mSyncing /data/projects/frankentorch/crates/ft-nn -> /data/projects/frankentorch/crates/ft-nn on vmi1227854[0m
    [2;3mat[0m rch/src/transfer.rs:1434 [2;3mon[0m ThreadId(1)

  [2m2026-06-09T14:23:00.640179Z[0m [32m INFO[0m [1;32mrch::transfer[0m[32m: [32mSync completed in 1857ms[0m
    [2;3mat[0m rch/src/transfer.rs:1503 [2;3mon[0m ThreadId(1)

  [2m2026-06-09T14:23:00.640257Z[0m [32m INFO[0m [1;32mrch::transfer[0m[32m: [32mSyncing /data/projects/frankentorch/crates/ft-optim -> /data/projects/frankentorch/crates/ft-optim on vmi1227854[0m
    [2;3mat[0m rch/src/transfer.rs:1434 [2;3mon[0m ThreadId(1)

  [2m2026-06-09T14:23:02.644485Z[0m [32m INFO[0m [1;32mrch::transfer[0m[32m: [32mSync completed in 2004ms[0m
    [2;3mat[0m rch/src/transfer.rs:1503 [2;3mon[0m ThreadId(1)

  [2m2026-06-09T14:23:02.644559Z[0m [32m INFO[0m [1;32mrch::transfer[0m[32m: [32mSyncing /data/projects/frankentorch/crates/ft-runtime -> /data/projects/frankentorch/crates/ft-runtime on vmi1227854[0m
    [2;3mat[0m rch/src/transfer.rs:1434 [2;3mon[0m ThreadId(1)

  [2m2026-06-09T14:23:04.455934Z[0m [32m INFO[0m [1;32mrch::transfer[0m[32m: [32mSync completed in 1811ms[0m
    [2;3mat[0m rch/src/transfer.rs:1503 [2;3mon[0m ThreadId(1)

  [2m2026-06-09T14:23:04.456064Z[0m [32m INFO[0m [1;32mrch::transfer[0m[32m: [32mSyncing /data/projects/frankentorch/crates/ft-serialize -> /data/projects/frankentorch/crates/ft-serialize on vmi1227854[0m
    [2;3mat[0m rch/src/transfer.rs:1434 [2;3mon[0m ThreadId(1)

  [2m2026-06-09T14:23:06.366561Z[0m [32m INFO[0m [1;32mrch::transfer[0m[32m: [32mSync completed in 1910ms[0m
    [2;3mat[0m rch/src/transfer.rs:1503 [2;3mon[0m ThreadId(1)

  [2m2026-06-09T14:23:06.366607Z[0m [32m INFO[0m [1;32mrch::hook[0m[32m: [32mSync complete: 51221 files, 1827417 bytes in 29835ms[0m
    [2;3mat[0m rch/src/hook.rs:6209 [2;3mon[0m ThreadId(1)

  [2m2026-06-09T14:23:10.481483Z[0m [32m INFO[0m [1;32mrch::hook[0m[32m: [32mExecuting command remotely: cargo bench -p ft-kernel-cpu --bench linalg_bench -- eig_f64_256x256[0m
    [2;3mat[0m rch/src/hook.rs:6252 [2;3mon[0m ThreadId(1)

  [2m2026-06-09T14:23:10.481529Z[0m [32m INFO[0m [1;32mrch::transfer[0m[32m: [32mRewriting CARGO_TARGET_DIR for remote execution (worker-scoped path): /data/tmp/cargo-target -> /data/projects/frankentorch/.rch-target-vmi1227854-job-29879662679163787-1781014956523933466-0[0m
    [2;3mat[0m rch/src/transfer.rs:712 [2;3mon[0m ThreadId(1)

    Updating crates.io index
 Downloading crates ...
  Downloaded anes v0.1.6
  Downloaded bit-set v0.8.0
  Downloaded criterion v0.5.1
  Downloaded errno v0.3.14
  Downloaded rusty-fork v0.3.1
  Downloaded rand_xorshift v0.4.0
  Downloaded num-complex v0.4.6
  Downloaded ciborium-ll v0.2.2
  Downloaded fnv v1.0.7
  Downloaded anstyle v1.0.14
  Downloaded is-terminal v0.4.17
  Downloaded zerocopy-derive v0.8.48
  Downloaded serde_json v1.0.149
  Downloaded tinytemplate v1.2.1
  Downloaded proptest v1.11.0
  Downloaded wide v0.7.33
  Downloaded bitflags v2.11.1
  Downloaded unarray v0.1.4
  Downloaded ppv-lite86 v0.2.21
  Downloaded memchr v2.8.0
  Downloaded wait-timeout v0.2.1
  Downloaded plotters v0.3.7
  Downloaded zmij v1.0.21
  Downloaded walkdir v2.5.0
  Downloaded console v0.16.3
  Downloaded safe_arch v0.7.4
  Downloaded tempfile v3.27.0
  Downloaded similar v2.7.0
  Downloaded num-traits v0.2.19
  Downloaded libm v0.2.16
  Downloaded matrixmultiply v0.3.10
  Downloaded serde v1.0.228
  Downloaded regex v1.12.3
  Downloaded rand v0.9.4
  Downloaded rayon-core v1.13.0
  Downloaded cast v0.3.0
  Downloaded serde_core v1.0.228
  Downloaded ciborium v0.2.2
  Downloaded syn v2.0.117
  Downloaded itertools v0.10.5
  Downloaded rand_chacha v0.9.0
  Downloaded zerocopy v0.8.48
  Downloaded plotters-backend v0.3.7
  Downloaded itoa v1.0.18
  Downloaded criterion-plot v0.5.0
  Downloaded regex-syntax v0.8.10
  Downloaded rustix v1.1.4
  Downloaded clap_lex v1.1.0
  Downloaded bytemuck v1.25.0
  Downloaded rand_core v0.9.5
  Downloaded quote v1.0.45
  Downloaded unicode-ident v1.0.24
  Downloaded serde_derive v1.0.228
  Downloaded proc-macro2 v1.0.106
  Downloaded plotters-svg v0.3.7
  Downloaded once_cell v1.21.4
  Downloaded insta v1.47.2
  Downloaded aho-corasick v1.1.4
  Downloaded regex-automata v0.4.14
  Downloaded oorandom v11.1.5
  Downloaded half v2.7.1
  Downloaded fastrand v2.4.1
  Downloaded cfg-if v1.0.4
  Downloaded bytemuck_derive v1.10.2
  Downloaded same-file v1.0.6
  Downloaded rayon v1.12.0
  Downloaded rawpointer v0.2.1
  Downloaded getrandom v0.3.4
  Downloaded either v1.15.0
  Downloaded libc v0.2.185
  Downloaded clap v4.6.1
  Downloaded bit-vec v0.8.0
  Downloaded quick-error v1.2.3
  Downloaded crossbeam-deque v0.8.6
  Downloaded ciborium-io v0.2.2
  Downloaded crossbeam-utils v0.8.21
  Downloaded crossbeam-epoch v0.9.18
  Downloaded clap_builder v4.6.0
  Downloaded autocfg v1.5.0
  Downloaded linux-raw-sys v0.12.1
   Compiling proc-macro2 v1.0.106
   Compiling quote v1.0.45
   Compiling unicode-ident v1.0.24
   Compiling cfg-if v1.0.4
   Compiling libc v0.2.185
   Compiling autocfg v1.5.0
   Compiling zerocopy v0.8.48
   Compiling getrandom v0.3.4
   Compiling crossbeam-utils v0.8.21
   Compiling serde_core v1.0.228
   Compiling rustix v1.1.4
   Compiling rayon-core v1.13.0
   Compiling linux-raw-sys v0.12.1
   Compiling zmij v1.0.21
   Compiling once_cell v1.21.4
   Compiling either v1.15.0
   Compiling num-traits v0.2.19
   Compiling bitflags v2.11.1
   Compiling serde v1.0.228
   Compiling fastrand v2.4.1
   Compiling regex-syntax v0.8.10
   Compiling syn v2.0.117
   Compiling crossbeam-epoch v0.9.18
   Compiling serde_json v1.0.149
   Compiling matrixmultiply v0.3.10
   Compiling anstyle v1.0.14
   Compiling plotters-backend v0.3.7
   Compiling crossbeam-deque v0.8.6
   Compiling ciborium-io v0.2.2
   Compiling rand_core v0.9.5
   Compiling clap_lex v1.1.0
   Compiling itoa v1.0.18
   Compiling libm v0.2.16
   Compiling memchr v2.8.0
   Compiling clap_builder v4.6.0
   Compiling plotters-svg v0.3.7
   Compiling wait-timeout v0.2.1
   Compiling num-complex v0.4.6
   Compiling rayon v1.12.0
   Compiling regex-automata v0.4.14
   Compiling tempfile v3.27.0
   Compiling itertools v0.10.5
   Compiling same-file v1.0.6
   Compiling bit-vec v0.8.0
   Compiling quick-error v1.2.3
   Compiling fnv v1.0.7
   Compiling cast v0.3.0
   Compiling rawpointer v0.2.1
   Compiling regex v1.12.3
   Compiling rusty-fork v0.3.1
   Compiling zerocopy-derive v0.8.48
   Compiling bytemuck_derive v1.10.2
   Compiling serde_derive v1.0.228
   Compiling criterion-plot v0.5.0
   Compiling bytemuck v1.25.0
   Compiling safe_arch v0.7.4
   Compiling clap v4.6.1
   Compiling bit-set v0.8.0
   Compiling walkdir v2.5.0
   Compiling wide v0.7.33
   Compiling plotters v0.3.7
   Compiling rand v0.9.4
   Compiling rand_xorshift v0.4.0
   Compiling console v0.16.3
   Compiling is-terminal v0.4.17
   Compiling oorandom v11.1.5
   Compiling unarray v0.1.4
   Compiling anes v0.1.6
   Compiling similar v2.7.0
   Compiling tinytemplate v1.2.1
   Compiling insta v1.47.2
   Compiling half v2.7.1
   Compiling ppv-lite86 v0.2.21
   Compiling rand_chacha v0.9.0
   Compiling ciborium-ll v0.2.2
   Compiling ft-core v0.1.0 (/data/projects/frankentorch/crates/ft-core)
   Compiling ciborium v0.2.2
   Compiling proptest v1.11.0
   Compiling ft-kernel-cpu v0.1.0 (/data/projects/frankentorch/crates/ft-kernel-cpu)
   Compiling criterion v0.5.1
    Finished `bench` profile [optimized + debuginfo] target(s) in 30.88s
     Running benches/linalg_bench.rs (.rch-target-vmi1227854-job-29879662679163787-1781014956523933466-0/release/deps/linalg_bench-a1fa7e7590f4a8db)
Gnuplot not found, using plotters backend
Benchmarking eig_f64_256x256
Benchmarking eig_f64_256x256: Warming up for 3.0000 s

Warning: Unable to complete 100 samples in 5.0s. You may wish to increase target time to 13.5s, or reduce sample count to 30.
Benchmarking eig_f64_256x256: Collecting 100 samples in estimated 13.471 s (100 iterations)
Benchmarking eig_f64_256x256: Analyzing
eig_f64_256x256         time:   [129.28 ms 132.12 ms 135.12 ms]
Found 3 outliers among 100 measurements (3.00%)
  2 (2.00%) high mild
  1 (1.00%) high severe

  [2m2026-06-09T14:24:32.781695Z[0m [32m INFO[0m [1;32mrch::hook[0m[32m: [32mRemote command finished: exit=0 in 82300ms[0m
    [2;3mat[0m rch/src/hook.rs:6376 [2;3mon[0m ThreadId(1)

  [2m2026-06-09T14:24:32.782131Z[0m [32m INFO[0m [1;32mrch::hook[0m[32m: [32mRetrieving build artifacts...[0m
    [2;3mat[0m rch/src/hook.rs:6425 [2;3mon[0m ThreadId(1)

  [2m2026-06-09T14:24:32.782192Z[0m [32m INFO[0m [1;32mrch::transfer[0m[32m: [32mRetrieving artifacts from /data/projects/frankentorch on vmi1227854[0m
    [2;3mat[0m rch/src/transfer.rs:2106 [2;3mon[0m ThreadId(1)

  [2m2026-06-09T14:24:34.926920Z[0m [32m INFO[0m [1;32mrch::transfer[0m[32m: [32mArtifacts retrieved in 2144ms (5 files, 1809 bytes)[0m
    [2;3mat[0m rch/src/transfer.rs:2145 [2;3mon[0m ThreadId(1)

  [2m2026-06-09T14:24:34.926946Z[0m [32m INFO[0m [1;32mrch::hook[0m[32m: [32mArtifacts retrieved: 5 files, 1809 bytes in 2144ms[0m
    [2;3mat[0m rch/src/hook.rs:6458 [2;3mon[0m ThreadId(1)

  [2m2026-06-09T14:24:34.927039Z[0m [32m INFO[0m [1;32mrch::transfer[0m[32m: [32mRetrieving artifacts from /data/projects/frankentorch/.rch-target-vmi1227854-job-29879662679163787-1781014956523933466-0 on vmi1227854[0m
    [2;3mat[0m rch/src/transfer.rs:2106 [2;3mon[0m ThreadId(1)

  [2m2026-06-09T14:24:37.507878Z[0m [32m INFO[0m [1;32mrch::transfer[0m[32m: [32mArtifacts retrieved in 2580ms (26 files, 2686 bytes)[0m
    [2;3mat[0m rch/src/transfer.rs:2145 [2;3mon[0m ThreadId(1)

  [2m2026-06-09T14:24:37.507942Z[0m [32m INFO[0m [1;32mrch::hook[0m[32m: [32mCustom CARGO_TARGET_DIR artifacts retrieved: 26 files, 2686 bytes in 2580ms[0m
    [2;3mat[0m rch/src/hook.rs:6582 [2;3mon[0m ThreadId(1)

[W] Worker: vmi1227854 | Job: j-29879662679163787
[T] Total: 116.9s (sync 29.8s, build 82.3s, artifacts 4.7s)
^ Sync: 1.7 MB in 29.8s (59.8 KB/s)
[C] Compile: 82.3s
v Artifacts: 4.4 KB in 4.7s (952 B/s)
[T] Cache: MISS
+------------- [OK] Build Successful --------------+
| Duration: 1.4m (^ 309% slower vs previous 20.1s) |
| Artifacts: 31 files (4.4 KB)                     |
| Worker: vmi1227854                               |
| Cache: MISS (warming cache)                      |
| Time: 2026-06-09 14:24:37                        |
+--------------------------------------------------+
[RCH] remote vmi1227854 (123.0s)

Script done on 2026-06-09 10:24:37-04:00 [COMMAND_EXIT_CODE="0"]
