  [2m2026-06-16T02:34:18.701715Z[0m [32m INFO[0m [1;32mrch::hook[0m[32m: [32mSelected worker: vmi1152480 at root@109.205.181.92 (0 slots remaining after reservation, speed 50.0)[0m
    [2;3mat[0m rch/src/hook.rs:514 [2;3mon[0m ThreadId(1)

  [2m2026-06-16T02:34:18.969648Z[0m [32m INFO[0m [1;32mrch::hook[0m[32m: [32mStarting remote compilation pipeline for frankentorch (hash: 0ec0772f2c4d842e)[0m
    [2;3mat[0m rch/src/hook.rs:5994 [2;3mon[0m ThreadId(1)

  [2m2026-06-16T02:34:18.969684Z[0m [32m INFO[0m [1;32mrch::hook[0m[32m: [32mPrepared dependency sync manifest for 13 roots[0m
    [2;3mat[0m rch/src/hook.rs:6016 [2;3mon[0m ThreadId(1)

  [2m2026-06-16T02:34:20.768561Z[0m [32m INFO[0m [1;32mrch::hook[0m[32m: [32mSyncing project to worker vmi1152480...[0m
    [2;3mat[0m rch/src/hook.rs:6046 [2;3mon[0m ThreadId(1)

  [2m2026-06-16T02:34:20.768672Z[0m [32m INFO[0m [1;32mrch::transfer[0m[32m: [32mSyncing /data/projects/frankentorch -> /data/projects/frankentorch on vmi1152480[0m
    [2;3mat[0m rch/src/transfer.rs:1434 [2;3mon[0m ThreadId(1)

  [2m2026-06-16T02:34:30.024045Z[0m [32m INFO[0m [1;32mrch::transfer[0m[32m: [32mSync completed in 9255ms[0m
    [2;3mat[0m rch/src/transfer.rs:1503 [2;3mon[0m ThreadId(1)

  [2m2026-06-16T02:34:30.024170Z[0m [32m INFO[0m [1;32mrch::transfer[0m[32m: [32mSyncing /data/projects/frankentorch/crates/ft-api -> /data/projects/frankentorch/crates/ft-api on vmi1152480[0m
    [2;3mat[0m rch/src/transfer.rs:1434 [2;3mon[0m ThreadId(1)

  [2m2026-06-16T02:34:32.083476Z[0m [32m INFO[0m [1;32mrch::transfer[0m[32m: [32mSync completed in 2059ms[0m
    [2;3mat[0m rch/src/transfer.rs:1503 [2;3mon[0m ThreadId(1)

  [2m2026-06-16T02:34:32.083594Z[0m [32m INFO[0m [1;32mrch::transfer[0m[32m: [32mSyncing /data/projects/frankentorch/crates/ft-autograd -> /data/projects/frankentorch/crates/ft-autograd on vmi1152480[0m
    [2;3mat[0m rch/src/transfer.rs:1434 [2;3mon[0m ThreadId(1)

  [2m2026-06-16T02:34:34.090045Z[0m [32m INFO[0m [1;32mrch::transfer[0m[32m: [32mSync completed in 2006ms[0m
    [2;3mat[0m rch/src/transfer.rs:1503 [2;3mon[0m ThreadId(1)

  [2m2026-06-16T02:34:34.090190Z[0m [32m INFO[0m [1;32mrch::transfer[0m[32m: [32mSyncing /data/projects/frankentorch/crates/ft-conformance -> /data/projects/frankentorch/crates/ft-conformance on vmi1152480[0m
    [2;3mat[0m rch/src/transfer.rs:1434 [2;3mon[0m ThreadId(1)

  [2m2026-06-16T02:34:36.048797Z[0m [32m INFO[0m [1;32mrch::transfer[0m[32m: [32mSync completed in 1958ms[0m
    [2;3mat[0m rch/src/transfer.rs:1503 [2;3mon[0m ThreadId(1)

  [2m2026-06-16T02:34:36.048908Z[0m [32m INFO[0m [1;32mrch::transfer[0m[32m: [32mSyncing /data/projects/frankentorch/crates/ft-core -> /data/projects/frankentorch/crates/ft-core on vmi1152480[0m
    [2;3mat[0m rch/src/transfer.rs:1434 [2;3mon[0m ThreadId(1)

  [2m2026-06-16T02:34:38.124798Z[0m [32m INFO[0m [1;32mrch::transfer[0m[32m: [32mSync completed in 2075ms[0m
    [2;3mat[0m rch/src/transfer.rs:1503 [2;3mon[0m ThreadId(1)

  [2m2026-06-16T02:34:38.124962Z[0m [32m INFO[0m [1;32mrch::transfer[0m[32m: [32mSyncing /data/projects/frankentorch/crates/ft-data -> /data/projects/frankentorch/crates/ft-data on vmi1152480[0m
    [2;3mat[0m rch/src/transfer.rs:1434 [2;3mon[0m ThreadId(1)

  [2m2026-06-16T02:34:40.124377Z[0m [32m INFO[0m [1;32mrch::transfer[0m[32m: [32mSync completed in 1999ms[0m
    [2;3mat[0m rch/src/transfer.rs:1503 [2;3mon[0m ThreadId(1)

  [2m2026-06-16T02:34:40.124503Z[0m [32m INFO[0m [1;32mrch::transfer[0m[32m: [32mSyncing /data/projects/frankentorch/crates/ft-device -> /data/projects/frankentorch/crates/ft-device on vmi1152480[0m
    [2;3mat[0m rch/src/transfer.rs:1434 [2;3mon[0m ThreadId(1)

  [2m2026-06-16T02:34:42.218979Z[0m [32m INFO[0m [1;32mrch::transfer[0m[32m: [32mSync completed in 2094ms[0m
    [2;3mat[0m rch/src/transfer.rs:1503 [2;3mon[0m ThreadId(1)

  [2m2026-06-16T02:34:42.219093Z[0m [32m INFO[0m [1;32mrch::transfer[0m[32m: [32mSyncing /data/projects/frankentorch/crates/ft-dispatch -> /data/projects/frankentorch/crates/ft-dispatch on vmi1152480[0m
    [2;3mat[0m rch/src/transfer.rs:1434 [2;3mon[0m ThreadId(1)

  [2m2026-06-16T02:34:44.165293Z[0m [32m INFO[0m [1;32mrch::transfer[0m[32m: [32mSync completed in 1946ms[0m
    [2;3mat[0m rch/src/transfer.rs:1503 [2;3mon[0m ThreadId(1)

  [2m2026-06-16T02:34:44.165426Z[0m [32m INFO[0m [1;32mrch::transfer[0m[32m: [32mSyncing /data/projects/frankentorch/crates/ft-kernel-cpu -> /data/projects/frankentorch/crates/ft-kernel-cpu on vmi1152480[0m
    [2;3mat[0m rch/src/transfer.rs:1434 [2;3mon[0m ThreadId(1)

  [2m2026-06-16T02:34:46.136592Z[0m [32m INFO[0m [1;32mrch::transfer[0m[32m: [32mSync completed in 1971ms[0m
    [2;3mat[0m rch/src/transfer.rs:1503 [2;3mon[0m ThreadId(1)

  [2m2026-06-16T02:34:46.136732Z[0m [32m INFO[0m [1;32mrch::transfer[0m[32m: [32mSyncing /data/projects/frankentorch/crates/ft-nn -> /data/projects/frankentorch/crates/ft-nn on vmi1152480[0m
    [2;3mat[0m rch/src/transfer.rs:1434 [2;3mon[0m ThreadId(1)

  [2m2026-06-16T02:34:48.085028Z[0m [32m INFO[0m [1;32mrch::transfer[0m[32m: [32mSync completed in 1948ms[0m
    [2;3mat[0m rch/src/transfer.rs:1503 [2;3mon[0m ThreadId(1)

  [2m2026-06-16T02:34:48.085169Z[0m [32m INFO[0m [1;32mrch::transfer[0m[32m: [32mSyncing /data/projects/frankentorch/crates/ft-optim -> /data/projects/frankentorch/crates/ft-optim on vmi1152480[0m
    [2;3mat[0m rch/src/transfer.rs:1434 [2;3mon[0m ThreadId(1)

  [2m2026-06-16T02:34:50.112966Z[0m [32m INFO[0m [1;32mrch::transfer[0m[32m: [32mSync completed in 2027ms[0m
    [2;3mat[0m rch/src/transfer.rs:1503 [2;3mon[0m ThreadId(1)

  [2m2026-06-16T02:34:50.113084Z[0m [32m INFO[0m [1;32mrch::transfer[0m[32m: [32mSyncing /data/projects/frankentorch/crates/ft-runtime -> /data/projects/frankentorch/crates/ft-runtime on vmi1152480[0m
    [2;3mat[0m rch/src/transfer.rs:1434 [2;3mon[0m ThreadId(1)

  [2m2026-06-16T02:34:52.162020Z[0m [32m INFO[0m [1;32mrch::transfer[0m[32m: [32mSync completed in 2048ms[0m
    [2;3mat[0m rch/src/transfer.rs:1503 [2;3mon[0m ThreadId(1)

  [2m2026-06-16T02:34:52.162131Z[0m [32m INFO[0m [1;32mrch::transfer[0m[32m: [32mSyncing /data/projects/frankentorch/crates/ft-serialize -> /data/projects/frankentorch/crates/ft-serialize on vmi1152480[0m
    [2;3mat[0m rch/src/transfer.rs:1434 [2;3mon[0m ThreadId(1)

  [2m2026-06-16T02:34:54.031120Z[0m [32m INFO[0m [1;32mrch::transfer[0m[32m: [32mSync completed in 1868ms[0m
    [2;3mat[0m rch/src/transfer.rs:1503 [2;3mon[0m ThreadId(1)

  [2m2026-06-16T02:34:54.031155Z[0m [32m INFO[0m [1;32mrch::hook[0m[32m: [32mSync complete: 52347 files, 1875157 bytes in 33254ms[0m
    [2;3mat[0m rch/src/hook.rs:6209 [2;3mon[0m ThreadId(1)

  [2m2026-06-16T02:35:00.230349Z[0m [32m INFO[0m [1;32mrch::hook[0m[32m: [32mExecuting command remotely: cargo test -j 1 -p ft-kernel-cpu gaussian_nll_reduced_f64 --lib -- --nocapture[0m
    [2;3mat[0m rch/src/hook.rs:6252 [2;3mon[0m ThreadId(1)

  [2m2026-06-16T02:35:00.230411Z[0m [32m INFO[0m [1;32mrch::transfer[0m[32m: [32mRewriting CARGO_TARGET_DIR for remote execution (worker-scoped path): /data/tmp/cargo-target -> /data/projects/frankentorch/.rch-target-vmi1152480-job-29884606035534404-1781577260768553217-0[0m
    [2;3mat[0m rch/src/transfer.rs:712 [2;3mon[0m ThreadId(1)

    Updating crates.io index
 Downloading crates ...
  Downloaded ciborium-ll v0.2.2
  Downloaded cast v0.3.0
  Downloaded plotters-svg v0.3.7
  Downloaded itoa v1.0.18
  Downloaded is-terminal v0.4.17
  Downloaded quick-error v1.2.3
  Downloaded rand_xorshift v0.4.0
  Downloaded wait-timeout v0.2.1
  Downloaded unarray v0.1.4
  Downloaded anes v0.1.6
  Downloaded rawpointer v0.2.1
  Downloaded errno v0.3.14
  Downloaded clap_lex v1.1.0
  Downloaded fnv v1.0.7
  Downloaded ciborium-io v0.2.2
  Downloaded bit-set v0.8.0
  Downloaded cfg-if v1.0.4
  Downloaded plotters-backend v0.3.7
  Downloaded same-file v1.0.6
  Downloaded oorandom v11.1.5
  Downloaded rand_chacha v0.9.0
  Downloaded rand_core v0.9.5
  Downloaded anstyle v1.0.14
  Downloaded rusty-fork v0.3.1
  Downloaded autocfg v1.5.0
  Downloaded criterion-plot v0.5.0
  Downloaded num-complex v0.4.6
  Downloaded crossbeam-deque v0.8.6
  Downloaded quote v1.0.45
  Downloaded zmij v1.0.21
  Downloaded either v1.15.0
  Downloaded ppv-lite86 v0.2.21
  Downloaded bytemuck_derive v1.10.2
  Downloaded crossbeam-utils v0.8.21
  Downloaded fastrand v2.4.1
  Downloaded tinytemplate v1.2.1
  Downloaded bit-vec v0.8.0
  Downloaded tempfile v3.27.0
  Downloaded ciborium v0.2.2
  Downloaded console v0.16.3
  Downloaded crossbeam-epoch v0.9.18
  Downloaded bitflags v2.11.1
  Downloaded serde_derive v1.0.228
  Downloaded half v2.7.1
  Downloaded walkdir v2.5.0
  Downloaded bytemuck v1.25.0
  Downloaded unicode-ident v1.0.24
  Downloaded getrandom v0.3.4
  Downloaded once_cell v1.21.4
  Downloaded serde_core v1.0.228
  Downloaded matrixmultiply v0.3.10
  Downloaded num-traits v0.2.19
  Downloaded similar v2.7.0
  Downloaded proc-macro2 v1.0.106
  Downloaded rayon-core v1.13.0
  Downloaded clap v4.6.1
  Downloaded safe_arch v0.7.4
  Downloaded serde v1.0.228
  Downloaded memchr v2.8.0
  Downloaded rand v0.9.4
  Downloaded zerocopy-derive v0.8.48
  Downloaded wide v0.7.33
  Downloaded criterion v0.5.1
  Downloaded itertools v0.10.5
  Downloaded insta v1.47.2
  Downloaded plotters v0.3.7
  Downloaded regex v1.12.3
  Downloaded serde_json v1.0.149
  Downloaded aho-corasick v1.1.4
  Downloaded clap_builder v4.6.0
  Downloaded libm v0.2.16
  Downloaded rayon v1.12.0
  Downloaded proptest v1.11.0
  Downloaded syn v2.0.117
  Downloaded zerocopy v0.8.48
  Downloaded regex-syntax v0.8.10
  Downloaded rustix v1.1.4
  Downloaded regex-automata v0.4.14
  Downloaded libc v0.2.185
  Downloaded linux-raw-sys v0.12.1
   Compiling proc-macro2 v1.0.106
   Compiling quote v1.0.45
   Compiling unicode-ident v1.0.24
   Compiling syn v2.0.117
   Compiling libc v0.2.185
   Compiling cfg-if v1.0.4
   Compiling autocfg v1.5.0
   Compiling zerocopy v0.8.48
   Compiling getrandom v0.3.4
   Compiling zerocopy-derive v0.8.48
   Compiling bytemuck_derive v1.10.2
   Compiling bytemuck v1.25.0
   Compiling num-traits v0.2.19
   Compiling crossbeam-utils v0.8.21
   Compiling serde_core v1.0.228
   Compiling rustix v1.1.4
   Compiling bitflags v2.11.1
   Compiling serde v1.0.228
   Compiling once_cell v1.21.4
   Compiling zmij v1.0.21
   Compiling linux-raw-sys v0.12.1
   Compiling crossbeam-epoch v0.9.18
   Compiling half v2.7.1
   Compiling rand_core v0.9.5
   Compiling serde_derive v1.0.228
   Compiling regex-syntax v0.8.10
   Compiling fastrand v2.4.1
   Compiling serde_json v1.0.149
   Compiling either v1.15.0
   Compiling rayon-core v1.13.0
   Compiling tempfile v3.27.0
   Compiling crossbeam-deque v0.8.6
   Compiling itoa v1.0.18
   Compiling plotters-backend v0.3.7
   Compiling anstyle v1.0.14
   Compiling clap_lex v1.1.0
   Compiling memchr v2.8.0
   Compiling ciborium-io v0.2.2
   Compiling ciborium-ll v0.2.2
   Compiling clap_builder v4.6.0
   Compiling plotters-svg v0.3.7
   Compiling itertools v0.10.5
   Compiling regex-automata v0.4.14
   Compiling ppv-lite86 v0.2.21
   Compiling matrixmultiply v0.3.10
   Compiling wait-timeout v0.2.1
   Compiling libm v0.2.16
   Compiling bit-vec v0.8.0
   Compiling quick-error v1.2.3
   Compiling fnv v1.0.7
   Compiling cast v0.3.0
   Compiling same-file v1.0.6
   Compiling walkdir v2.5.0
   Compiling criterion-plot v0.5.0
   Compiling rusty-fork v0.3.1
   Compiling bit-set v0.8.0
   Compiling rand_chacha v0.9.0
   Compiling regex v1.12.3
   Compiling rayon v1.12.0
   Compiling plotters v0.3.7
   Compiling clap v4.6.1
   Compiling tinytemplate v1.2.1
   Compiling ciborium v0.2.2
   Compiling rand_xorshift v0.4.0
   Compiling rand v0.9.4
   Compiling num-complex v0.4.6
   Compiling safe_arch v0.7.4
   Compiling is-terminal v0.4.17
   Compiling console v0.16.3
   Compiling rawpointer v0.2.1
   Compiling anes v0.1.6
   Compiling unarray v0.1.4
   Compiling oorandom v11.1.5
   Compiling similar v2.7.0
   Compiling insta v1.47.2
   Compiling criterion v0.5.1
   Compiling proptest v1.11.0
   Compiling wide v0.7.33
   Compiling ft-core v0.1.0 (/data/projects/frankentorch/crates/ft-core)
   Compiling ft-kernel-cpu v0.1.0 (/data/projects/frankentorch/crates/ft-kernel-cpu)
    Finished `test` profile [unoptimized + debuginfo] target(s) in 2m 09s
     Running unittests src/lib.rs (.rch-target-vmi1152480-job-29884606035534404-1781577260768553217-0/debug/deps/ft_kernel_cpu-d26c108ecd1e4673)

running 2 tests
test tests::gaussian_nll_reduced_f64_empty_matches_tensor_reductions ... ok
test tests::gaussian_nll_reduced_f64_matches_materialized_pairwise_bits ... ok

test result: ok. 2 passed; 0 failed; 0 ignored; 0 measured; 480 filtered out; finished in 0.16s

  [2m2026-06-16T02:37:11.527227Z[0m [32m INFO[0m [1;32mrch::hook[0m[32m: [32mRemote command finished: exit=0 in 131296ms[0m
    [2;3mat[0m rch/src/hook.rs:6376 [2;3mon[0m ThreadId(1)

  [2m2026-06-16T02:37:11.527582Z[0m [32m INFO[0m [1;32mrch::hook[0m[32m: [32mRetrieving build artifacts...[0m
    [2;3mat[0m rch/src/hook.rs:6425 [2;3mon[0m ThreadId(1)

  [2m2026-06-16T02:37:11.527612Z[0m [32m INFO[0m [1;32mrch::transfer[0m[32m: [32mRetrieving artifacts from /data/projects/frankentorch on vmi1152480[0m
    [2;3mat[0m rch/src/transfer.rs:2106 [2;3mon[0m ThreadId(1)

  [2m2026-06-16T02:37:13.620781Z[0m [32m INFO[0m [1;32mrch::transfer[0m[32m: [32mArtifacts retrieved in 2093ms (1 files, 1824 bytes)[0m
    [2;3mat[0m rch/src/transfer.rs:2145 [2;3mon[0m ThreadId(1)

  [2m2026-06-16T02:37:13.620803Z[0m [32m INFO[0m [1;32mrch::hook[0m[32m: [32mArtifacts retrieved: 1 files, 1824 bytes in 2093ms[0m
    [2;3mat[0m rch/src/hook.rs:6458 [2;3mon[0m ThreadId(1)

[RCH] remote vmi1152480 (174.9s)
