  [2m2026-06-20T01:11:11.628906Z[0m [32m INFO[0m [1;32mrch::hook[0m[32m: [32mSelected worker: ovh-a at ubuntu@51.222.245.56 (4 slots remaining after reservation, speed 50.0)[0m
    [2;3mat[0m rch/src/hook.rs:866 [2;3mon[0m ThreadId(1)

  [2m2026-06-20T01:11:11.873266Z[0m [32m INFO[0m [1;32mrch::hook::transfer_orchestration[0m[32m: [32mStarting remote compilation pipeline for frankentorch-kgs4-118-baseline (hash: bab30b58169b1a99)[0m
    [2;3mat[0m rch/src/hook/transfer_orchestration.rs:241 [2;3mon[0m ThreadId(1)

  [2m2026-06-20T01:11:11.873300Z[0m [32m INFO[0m [1;32mrch::hook::transfer_orchestration[0m[32m: [32mPrepared dependency sync manifest for 13 roots[0m
    [2;3mat[0m rch/src/hook/transfer_orchestration.rs:263 [2;3mon[0m ThreadId(1)

  [2m2026-06-20T01:11:19.619203Z[0m [32m INFO[0m [1;32mrch::hook::transfer_orchestration[0m[32m: [32mSyncing project to worker ovh-a...[0m
    [2;3mat[0m rch/src/hook/transfer_orchestration.rs:323 [2;3mon[0m ThreadId(1)

  [2m2026-06-20T01:11:19.619260Z[0m [32m INFO[0m [1;32mrch::transfer[0m[32m: [32mSyncing /data/projects/frankentorch-kgs4-118-baseline -> /data/projects/frankentorch-kgs4-118-baseline on ovh-a[0m
    [2;3mat[0m rch/src/transfer.rs:1528 [2;3mon[0m ThreadId(1)

  [2m2026-06-20T01:11:20.450483Z[0m [32m INFO[0m [1;32mrch::transfer[0m[32m: [32mSync completed in 831ms[0m
    [2;3mat[0m rch/src/transfer.rs:1592 [2;3mon[0m ThreadId(1)

  [2m2026-06-20T01:11:20.450561Z[0m [32m INFO[0m [1;32mrch::transfer[0m[32m: [32mSyncing /data/projects/frankentorch-kgs4-118-baseline/crates/ft-api -> /data/projects/frankentorch-kgs4-118-baseline/crates/ft-api on ovh-a[0m
    [2;3mat[0m rch/src/transfer.rs:1528 [2;3mon[0m ThreadId(1)

  [2m2026-06-20T01:11:21.009029Z[0m [32m INFO[0m [1;32mrch::transfer[0m[32m: [32mSync completed in 558ms[0m
    [2;3mat[0m rch/src/transfer.rs:1592 [2;3mon[0m ThreadId(1)

  [2m2026-06-20T01:11:21.009118Z[0m [32m INFO[0m [1;32mrch::transfer[0m[32m: [32mSyncing /data/projects/frankentorch-kgs4-118-baseline/crates/ft-autograd -> /data/projects/frankentorch-kgs4-118-baseline/crates/ft-autograd on ovh-a[0m
    [2;3mat[0m rch/src/transfer.rs:1528 [2;3mon[0m ThreadId(1)

  [2m2026-06-20T01:11:21.516863Z[0m [32m INFO[0m [1;32mrch::transfer[0m[32m: [32mSync completed in 507ms[0m
    [2;3mat[0m rch/src/transfer.rs:1592 [2;3mon[0m ThreadId(1)

  [2m2026-06-20T01:11:21.516989Z[0m [32m INFO[0m [1;32mrch::transfer[0m[32m: [32mSyncing /data/projects/frankentorch-kgs4-118-baseline/crates/ft-conformance -> /data/projects/frankentorch-kgs4-118-baseline/crates/ft-conformance on ovh-a[0m
    [2;3mat[0m rch/src/transfer.rs:1528 [2;3mon[0m ThreadId(1)

  [2m2026-06-20T01:11:21.991407Z[0m [32m INFO[0m [1;32mrch::transfer[0m[32m: [32mSync completed in 474ms[0m
    [2;3mat[0m rch/src/transfer.rs:1592 [2;3mon[0m ThreadId(1)

  [2m2026-06-20T01:11:21.991482Z[0m [32m INFO[0m [1;32mrch::transfer[0m[32m: [32mSyncing /data/projects/frankentorch-kgs4-118-baseline/crates/ft-core -> /data/projects/frankentorch-kgs4-118-baseline/crates/ft-core on ovh-a[0m
    [2;3mat[0m rch/src/transfer.rs:1528 [2;3mon[0m ThreadId(1)

  [2m2026-06-20T01:11:22.458121Z[0m [32m INFO[0m [1;32mrch::transfer[0m[32m: [32mSync completed in 466ms[0m
    [2;3mat[0m rch/src/transfer.rs:1592 [2;3mon[0m ThreadId(1)

  [2m2026-06-20T01:11:22.458213Z[0m [32m INFO[0m [1;32mrch::transfer[0m[32m: [32mSyncing /data/projects/frankentorch-kgs4-118-baseline/crates/ft-data -> /data/projects/frankentorch-kgs4-118-baseline/crates/ft-data on ovh-a[0m
    [2;3mat[0m rch/src/transfer.rs:1528 [2;3mon[0m ThreadId(1)

  [2m2026-06-20T01:11:22.951823Z[0m [32m INFO[0m [1;32mrch::transfer[0m[32m: [32mSync completed in 493ms[0m
    [2;3mat[0m rch/src/transfer.rs:1592 [2;3mon[0m ThreadId(1)

  [2m2026-06-20T01:11:22.951902Z[0m [32m INFO[0m [1;32mrch::transfer[0m[32m: [32mSyncing /data/projects/frankentorch-kgs4-118-baseline/crates/ft-device -> /data/projects/frankentorch-kgs4-118-baseline/crates/ft-device on ovh-a[0m
    [2;3mat[0m rch/src/transfer.rs:1528 [2;3mon[0m ThreadId(1)

  [2m2026-06-20T01:11:23.450516Z[0m [32m INFO[0m [1;32mrch::transfer[0m[32m: [32mSync completed in 498ms[0m
    [2;3mat[0m rch/src/transfer.rs:1592 [2;3mon[0m ThreadId(1)

  [2m2026-06-20T01:11:23.450610Z[0m [32m INFO[0m [1;32mrch::transfer[0m[32m: [32mSyncing /data/projects/frankentorch-kgs4-118-baseline/crates/ft-dispatch -> /data/projects/frankentorch-kgs4-118-baseline/crates/ft-dispatch on ovh-a[0m
    [2;3mat[0m rch/src/transfer.rs:1528 [2;3mon[0m ThreadId(1)

  [2m2026-06-20T01:11:23.950453Z[0m [32m INFO[0m [1;32mrch::transfer[0m[32m: [32mSync completed in 499ms[0m
    [2;3mat[0m rch/src/transfer.rs:1592 [2;3mon[0m ThreadId(1)

  [2m2026-06-20T01:11:23.950553Z[0m [32m INFO[0m [1;32mrch::transfer[0m[32m: [32mSyncing /data/projects/frankentorch-kgs4-118-baseline/crates/ft-kernel-cpu -> /data/projects/frankentorch-kgs4-118-baseline/crates/ft-kernel-cpu on ovh-a[0m
    [2;3mat[0m rch/src/transfer.rs:1528 [2;3mon[0m ThreadId(1)

  [2m2026-06-20T01:11:24.418477Z[0m [32m INFO[0m [1;32mrch::transfer[0m[32m: [32mSync completed in 467ms[0m
    [2;3mat[0m rch/src/transfer.rs:1592 [2;3mon[0m ThreadId(1)

  [2m2026-06-20T01:11:24.418580Z[0m [32m INFO[0m [1;32mrch::transfer[0m[32m: [32mSyncing /data/projects/frankentorch-kgs4-118-baseline/crates/ft-nn -> /data/projects/frankentorch-kgs4-118-baseline/crates/ft-nn on ovh-a[0m
    [2;3mat[0m rch/src/transfer.rs:1528 [2;3mon[0m ThreadId(1)

  [2m2026-06-20T01:11:24.869235Z[0m [32m INFO[0m [1;32mrch::transfer[0m[32m: [32mSync completed in 450ms[0m
    [2;3mat[0m rch/src/transfer.rs:1592 [2;3mon[0m ThreadId(1)

  [2m2026-06-20T01:11:24.869310Z[0m [32m INFO[0m [1;32mrch::transfer[0m[32m: [32mSyncing /data/projects/frankentorch-kgs4-118-baseline/crates/ft-optim -> /data/projects/frankentorch-kgs4-118-baseline/crates/ft-optim on ovh-a[0m
    [2;3mat[0m rch/src/transfer.rs:1528 [2;3mon[0m ThreadId(1)

  [2m2026-06-20T01:11:25.390816Z[0m [32m INFO[0m [1;32mrch::transfer[0m[32m: [32mSync completed in 521ms[0m
    [2;3mat[0m rch/src/transfer.rs:1592 [2;3mon[0m ThreadId(1)

  [2m2026-06-20T01:11:25.390890Z[0m [32m INFO[0m [1;32mrch::transfer[0m[32m: [32mSyncing /data/projects/frankentorch-kgs4-118-baseline/crates/ft-runtime -> /data/projects/frankentorch-kgs4-118-baseline/crates/ft-runtime on ovh-a[0m
    [2;3mat[0m rch/src/transfer.rs:1528 [2;3mon[0m ThreadId(1)

  [2m2026-06-20T01:11:26.070919Z[0m [32m INFO[0m [1;32mrch::transfer[0m[32m: [32mSync completed in 680ms[0m
    [2;3mat[0m rch/src/transfer.rs:1592 [2;3mon[0m ThreadId(1)

  [2m2026-06-20T01:11:26.071020Z[0m [32m INFO[0m [1;32mrch::transfer[0m[32m: [32mSyncing /data/projects/frankentorch-kgs4-118-baseline/crates/ft-serialize -> /data/projects/frankentorch-kgs4-118-baseline/crates/ft-serialize on ovh-a[0m
    [2;3mat[0m rch/src/transfer.rs:1528 [2;3mon[0m ThreadId(1)

  [2m2026-06-20T01:11:26.538074Z[0m [32m INFO[0m [1;32mrch::transfer[0m[32m: [32mSync completed in 467ms[0m
    [2;3mat[0m rch/src/transfer.rs:1592 [2;3mon[0m ThreadId(1)

  [2m2026-06-20T01:11:26.538107Z[0m [32m INFO[0m [1;32mrch::hook::transfer_orchestration[0m[32m: [32mSync complete: 3806 files, 7148039 bytes in 6911ms[0m
    [2;3mat[0m rch/src/hook/transfer_orchestration.rs:486 [2;3mon[0m ThreadId(1)

  [2m2026-06-20T01:11:29.198673Z[0m [32m INFO[0m [1;32mrch::hook::transfer_orchestration[0m[32m: [32mExecuting command remotely: cargo bench -p ft-api --bench ops_bench -- conv3d/grad --noplot[0m
    [2;3mat[0m rch/src/hook/transfer_orchestration.rs:529 [2;3mon[0m ThreadId(1)

  [2m2026-06-20T01:11:29.198754Z[0m [32m INFO[0m [1;32mrch::transfer[0m[32m: [32mRewriting CARGO_TARGET_DIR for remote execution (worker-scoped path): /data/projects/.rch-targets/frankentorch-cod-a -> /data/projects/frankentorch-kgs4-118-baseline/.rch-target-ovh-a-pool-3deb587514047c5b13c790eb052d557a[0m
    [2;3mat[0m rch/src/transfer.rs:799 [2;3mon[0m ThreadId(1)

    Updating crates.io index
 Downloading crates ...
  Downloaded bytemuck v1.25.0
  Downloaded cfg-if v1.0.4
  Downloaded cast v0.3.0
  Downloaded aho-corasick v1.1.4
  Downloaded anes v0.1.6
  Downloaded bytemuck_derive v1.10.2
  Downloaded anstyle v1.0.14
  Downloaded autocfg v1.5.0
  Downloaded plotters v0.3.7
  Downloaded proc-macro2 v1.0.106
  Downloaded regex-automata v0.4.14
  Downloaded plotters-svg v0.3.7
  Downloaded itoa v1.0.18
  Downloaded walkdir v2.5.0
  Downloaded clap v4.6.1
  Downloaded serde_core v1.0.228
  Downloaded quote v1.0.45
  Downloaded same-file v1.0.6
  Downloaded regex v1.12.3
  Downloaded wide v0.7.33
  Downloaded safe_arch v0.7.4
  Downloaded clap_lex v1.1.0
  Downloaded rawpointer v0.2.1
  Downloaded oorandom v11.1.5
  Downloaded crossbeam-utils v0.8.21
  Downloaded either v1.15.0
  Downloaded tinytemplate v1.2.1
  Downloaded is-terminal v0.4.17
  Downloaded num-complex v0.4.6
  Downloaded half v2.7.1
  Downloaded zmij v1.0.21
  Downloaded matrixmultiply v0.3.10
  Downloaded unicode-ident v1.0.24
  Downloaded criterion v0.5.1
  Downloaded libm v0.2.16
  Downloaded once_cell v1.21.4
  Downloaded criterion-plot v0.5.0
  Downloaded syn v2.0.117
  Downloaded regex-syntax v0.8.10
  Downloaded zerocopy v0.8.48
  Downloaded libc v0.2.185
  Downloaded memchr v2.8.0
  Downloaded plotters-backend v0.3.7
  Downloaded ciborium-ll v0.2.2
  Downloaded serde_derive v1.0.228
  Downloaded clap_builder v4.6.0
  Downloaded itertools v0.10.5
  Downloaded rayon v1.12.0
  Downloaded num-traits v0.2.19
  Downloaded ciborium-io v0.2.2
  Downloaded zerocopy-derive v0.8.48
  Downloaded crossbeam-deque v0.8.6
  Downloaded serde v1.0.228
  Downloaded rayon-core v1.13.0
  Downloaded crossbeam-epoch v0.9.18
  Downloaded serde_json v1.0.149
  Downloaded ciborium v0.2.2
   Compiling proc-macro2 v1.0.106
   Compiling unicode-ident v1.0.24
   Compiling quote v1.0.45
   Compiling autocfg v1.5.0
   Compiling zerocopy v0.8.48
   Compiling crossbeam-utils v0.8.21
   Compiling cfg-if v1.0.4
   Compiling rayon-core v1.13.0
   Compiling either v1.15.0
   Compiling serde_core v1.0.228
   Compiling libm v0.2.16
   Compiling zmij v1.0.21
   Compiling rawpointer v0.2.1
   Compiling serde v1.0.228
   Compiling libc v0.2.185
   Compiling serde_json v1.0.149
   Compiling memchr v2.8.0
   Compiling clap_lex v1.1.0
   Compiling regex-syntax v0.8.10
   Compiling ciborium-io v0.2.2
   Compiling plotters-backend v0.3.7
   Compiling anstyle v1.0.14
   Compiling itoa v1.0.18
   Compiling itertools v0.10.5
   Compiling cast v0.3.0
   Compiling same-file v1.0.6
   Compiling num-traits v0.2.19
   Compiling matrixmultiply v0.3.10
   Compiling plotters-svg v0.3.7
   Compiling clap_builder v4.6.0
   Compiling walkdir v2.5.0
   Compiling oorandom v11.1.5
   Compiling once_cell v1.21.4
   Compiling anes v0.1.6
   Compiling crossbeam-epoch v0.9.18
   Compiling syn v2.0.117
   Compiling crossbeam-deque v0.8.6
   Compiling num-complex v0.4.6
   Compiling plotters v0.3.7
   Compiling regex-automata v0.4.14
   Compiling is-terminal v0.4.17
   Compiling criterion-plot v0.5.0
   Compiling rayon v1.12.0
   Compiling clap v4.6.1
   Compiling regex v1.12.3
   Compiling bytemuck_derive v1.10.2
   Compiling zerocopy-derive v0.8.48
   Compiling serde_derive v1.0.228
   Compiling bytemuck v1.25.0
   Compiling safe_arch v0.7.4
   Compiling wide v0.7.33
   Compiling tinytemplate v1.2.1
   Compiling half v2.7.1
   Compiling ft-core v0.1.0 (/data/projects/frankentorch-kgs4-118-baseline/crates/ft-core)
   Compiling ciborium-ll v0.2.2
   Compiling ciborium v0.2.2
   Compiling ft-kernel-cpu v0.1.0 (/data/projects/frankentorch-kgs4-118-baseline/crates/ft-kernel-cpu)
   Compiling ft-runtime v0.1.0 (/data/projects/frankentorch-kgs4-118-baseline/crates/ft-runtime)
   Compiling criterion v0.5.1
   Compiling ft-dispatch v0.1.0 (/data/projects/frankentorch-kgs4-118-baseline/crates/ft-dispatch)
   Compiling ft-autograd v0.1.0 (/data/projects/frankentorch-kgs4-118-baseline/crates/ft-autograd)
   Compiling ft-api v0.1.0 (/data/projects/frankentorch-kgs4-118-baseline/crates/ft-api)
    Finished `bench` profile [optimized + debuginfo] target(s) in 56.94s
     Running benches/ops_bench.rs (.rch-target-ovh-a-pool-3deb587514047c5b13c790eb052d557a/release/deps/ops_bench-8824b9e24f0b8087)
Gnuplot not found, using plotters backend
Benchmarking conv3d/grad
Benchmarking conv3d/grad: Warming up for 3.0000 s
Benchmarking conv3d/grad: Collecting 100 samples in estimated 5.7774 s (200 iterations)
Benchmarking conv3d/grad: Analyzing
conv3d/grad             time:   [29.423 ms 29.723 ms 30.038 ms]
Found 2 outliers among 100 measurements (2.00%)
  2 (2.00%) high mild

  [2m2026-06-20T01:12:36.503588Z[0m [32m INFO[0m [1;32mrch::hook::transfer_orchestration[0m[32m: [32mRemote command finished: exit=0 in 67304ms[0m
    [2;3mat[0m rch/src/hook/transfer_orchestration.rs:653 [2;3mon[0m ThreadId(1)

  [2m2026-06-20T01:12:36.503875Z[0m [32m INFO[0m [1;32mrch::hook::transfer_orchestration[0m[32m: [32mRetrieving build artifacts...[0m
    [2;3mat[0m rch/src/hook/transfer_orchestration.rs:702 [2;3mon[0m ThreadId(1)

  [2m2026-06-20T01:12:36.503893Z[0m [32m INFO[0m [1;32mrch::transfer[0m[32m: [32mRetrieving artifacts from /data/projects/frankentorch-kgs4-118-baseline on ovh-a[0m
    [2;3mat[0m rch/src/transfer.rs:2246 [2;3mon[0m ThreadId(1)

  [2m2026-06-20T01:12:36.926825Z[0m [32m INFO[0m [1;32mrch::transfer[0m[32m: [32mArtifacts retrieved in 422ms (1 files, 1180 bytes)[0m
    [2;3mat[0m rch/src/transfer.rs:2301 [2;3mon[0m ThreadId(1)

  [2m2026-06-20T01:12:36.926845Z[0m [32m INFO[0m [1;32mrch::hook::transfer_orchestration[0m[32m: [32mArtifacts retrieved: 1 files, 1180 bytes in 422ms[0m
    [2;3mat[0m rch/src/hook/transfer_orchestration.rs:735 [2;3mon[0m ThreadId(1)

  [2m2026-06-20T01:12:36.926952Z[0m [32m INFO[0m [1;32mrch::transfer[0m[32m: [32mRetrieving artifacts from /data/projects/frankentorch-kgs4-118-baseline/.rch-target-ovh-a-pool-3deb587514047c5b13c790eb052d557a on ovh-a[0m
    [2;3mat[0m rch/src/transfer.rs:2246 [2;3mon[0m ThreadId(1)

  [2m2026-06-20T01:12:37.414009Z[0m [32m INFO[0m [1;32mrch::transfer[0m[32m: [32mArtifacts retrieved in 486ms (14 files, 638 bytes)[0m
    [2;3mat[0m rch/src/transfer.rs:2301 [2;3mon[0m ThreadId(1)

  [2m2026-06-20T01:12:37.414035Z[0m [32m INFO[0m [1;32mrch::hook::transfer_orchestration[0m[32m: [32mCustom CARGO_TARGET_DIR artifacts retrieved: 14 files, 638 bytes in 486ms[0m
    [2;3mat[0m rch/src/hook/transfer_orchestration.rs:859 [2;3mon[0m ThreadId(1)

[RCH] remote ovh-a (85.8s)
