  [2m2026-06-19T05:42:35.871324Z[0m [32m INFO[0m [1;32mrch::hook[0m[32m: [32mSelected worker: hz1 at root@87.99.133.171 (2 slots remaining after reservation, speed 50.0)[0m
    [2;3mat[0m rch/src/hook.rs:866 [2;3mon[0m ThreadId(1)

  [2m2026-06-19T05:42:36.164160Z[0m [32m INFO[0m [1;32mrch::hook::transfer_orchestration[0m[32m: [32mStarting remote compilation pipeline for frankentorch (hash: dbca29276fa80333)[0m
    [2;3mat[0m rch/src/hook/transfer_orchestration.rs:241 [2;3mon[0m ThreadId(1)

  [2m2026-06-19T05:42:36.164203Z[0m [32m INFO[0m [1;32mrch::hook::transfer_orchestration[0m[32m: [32mPrepared dependency sync manifest for 13 roots[0m
    [2;3mat[0m rch/src/hook/transfer_orchestration.rs:263 [2;3mon[0m ThreadId(1)

  [2m2026-06-19T05:42:36.749030Z[0m [32m INFO[0m [1;32mrch::hook::transfer_orchestration[0m[32m: [32mSyncing project to worker hz1...[0m
    [2;3mat[0m rch/src/hook/transfer_orchestration.rs:323 [2;3mon[0m ThreadId(1)

  [2m2026-06-19T05:42:36.749096Z[0m [32m INFO[0m [1;32mrch::transfer[0m[32m: [32mSyncing /data/projects/frankentorch -> /data/projects/frankentorch on hz1[0m
    [2;3mat[0m rch/src/transfer.rs:1528 [2;3mon[0m ThreadId(1)

  [2m2026-06-19T05:42:39.578632Z[0m [32m INFO[0m [1;32mrch::transfer[0m[32m: [32mSync completed in 2829ms[0m
    [2;3mat[0m rch/src/transfer.rs:1592 [2;3mon[0m ThreadId(1)

  [2m2026-06-19T05:42:39.578707Z[0m [32m INFO[0m [1;32mrch::transfer[0m[32m: [32mSyncing /data/projects/frankentorch/crates/ft-api -> /data/projects/frankentorch/crates/ft-api on hz1[0m
    [2;3mat[0m rch/src/transfer.rs:1528 [2;3mon[0m ThreadId(1)

  [2m2026-06-19T05:42:39.955633Z[0m [32m INFO[0m [1;32mrch::transfer[0m[32m: [32mSync completed in 376ms[0m
    [2;3mat[0m rch/src/transfer.rs:1592 [2;3mon[0m ThreadId(1)

  [2m2026-06-19T05:42:39.955699Z[0m [32m INFO[0m [1;32mrch::transfer[0m[32m: [32mSyncing /data/projects/frankentorch/crates/ft-autograd -> /data/projects/frankentorch/crates/ft-autograd on hz1[0m
    [2;3mat[0m rch/src/transfer.rs:1528 [2;3mon[0m ThreadId(1)

  [2m2026-06-19T05:42:40.364736Z[0m [32m INFO[0m [1;32mrch::transfer[0m[32m: [32mSync completed in 409ms[0m
    [2;3mat[0m rch/src/transfer.rs:1592 [2;3mon[0m ThreadId(1)

  [2m2026-06-19T05:42:40.364798Z[0m [32m INFO[0m [1;32mrch::transfer[0m[32m: [32mSyncing /data/projects/frankentorch/crates/ft-conformance -> /data/projects/frankentorch/crates/ft-conformance on hz1[0m
    [2;3mat[0m rch/src/transfer.rs:1528 [2;3mon[0m ThreadId(1)

  [2m2026-06-19T05:42:40.784985Z[0m [32m INFO[0m [1;32mrch::transfer[0m[32m: [32mSync completed in 420ms[0m
    [2;3mat[0m rch/src/transfer.rs:1592 [2;3mon[0m ThreadId(1)

  [2m2026-06-19T05:42:40.785077Z[0m [32m INFO[0m [1;32mrch::transfer[0m[32m: [32mSyncing /data/projects/frankentorch/crates/ft-core -> /data/projects/frankentorch/crates/ft-core on hz1[0m
    [2;3mat[0m rch/src/transfer.rs:1528 [2;3mon[0m ThreadId(1)

  [2m2026-06-19T05:42:41.230466Z[0m [32m INFO[0m [1;32mrch::transfer[0m[32m: [32mSync completed in 445ms[0m
    [2;3mat[0m rch/src/transfer.rs:1592 [2;3mon[0m ThreadId(1)

  [2m2026-06-19T05:42:41.230546Z[0m [32m INFO[0m [1;32mrch::transfer[0m[32m: [32mSyncing /data/projects/frankentorch/crates/ft-data -> /data/projects/frankentorch/crates/ft-data on hz1[0m
    [2;3mat[0m rch/src/transfer.rs:1528 [2;3mon[0m ThreadId(1)

  [2m2026-06-19T05:42:41.629535Z[0m [32m INFO[0m [1;32mrch::transfer[0m[32m: [32mSync completed in 398ms[0m
    [2;3mat[0m rch/src/transfer.rs:1592 [2;3mon[0m ThreadId(1)

  [2m2026-06-19T05:42:41.629616Z[0m [32m INFO[0m [1;32mrch::transfer[0m[32m: [32mSyncing /data/projects/frankentorch/crates/ft-device -> /data/projects/frankentorch/crates/ft-device on hz1[0m
    [2;3mat[0m rch/src/transfer.rs:1528 [2;3mon[0m ThreadId(1)

  [2m2026-06-19T05:42:42.042878Z[0m [32m INFO[0m [1;32mrch::transfer[0m[32m: [32mSync completed in 413ms[0m
    [2;3mat[0m rch/src/transfer.rs:1592 [2;3mon[0m ThreadId(1)

  [2m2026-06-19T05:42:42.043023Z[0m [32m INFO[0m [1;32mrch::transfer[0m[32m: [32mSyncing /data/projects/frankentorch/crates/ft-dispatch -> /data/projects/frankentorch/crates/ft-dispatch on hz1[0m
    [2;3mat[0m rch/src/transfer.rs:1528 [2;3mon[0m ThreadId(1)

  [2m2026-06-19T05:42:42.512621Z[0m [32m INFO[0m [1;32mrch::transfer[0m[32m: [32mSync completed in 469ms[0m
    [2;3mat[0m rch/src/transfer.rs:1592 [2;3mon[0m ThreadId(1)

  [2m2026-06-19T05:42:42.512703Z[0m [32m INFO[0m [1;32mrch::transfer[0m[32m: [32mSyncing /data/projects/frankentorch/crates/ft-kernel-cpu -> /data/projects/frankentorch/crates/ft-kernel-cpu on hz1[0m
    [2;3mat[0m rch/src/transfer.rs:1528 [2;3mon[0m ThreadId(1)

  [2m2026-06-19T05:42:42.914115Z[0m [32m INFO[0m [1;32mrch::transfer[0m[32m: [32mSync completed in 401ms[0m
    [2;3mat[0m rch/src/transfer.rs:1592 [2;3mon[0m ThreadId(1)

  [2m2026-06-19T05:42:42.914195Z[0m [32m INFO[0m [1;32mrch::transfer[0m[32m: [32mSyncing /data/projects/frankentorch/crates/ft-nn -> /data/projects/frankentorch/crates/ft-nn on hz1[0m
    [2;3mat[0m rch/src/transfer.rs:1528 [2;3mon[0m ThreadId(1)

  [2m2026-06-19T05:42:43.327335Z[0m [32m INFO[0m [1;32mrch::transfer[0m[32m: [32mSync completed in 413ms[0m
    [2;3mat[0m rch/src/transfer.rs:1592 [2;3mon[0m ThreadId(1)

  [2m2026-06-19T05:42:43.327419Z[0m [32m INFO[0m [1;32mrch::transfer[0m[32m: [32mSyncing /data/projects/frankentorch/crates/ft-optim -> /data/projects/frankentorch/crates/ft-optim on hz1[0m
    [2;3mat[0m rch/src/transfer.rs:1528 [2;3mon[0m ThreadId(1)

  [2m2026-06-19T05:42:43.734742Z[0m [32m INFO[0m [1;32mrch::transfer[0m[32m: [32mSync completed in 407ms[0m
    [2;3mat[0m rch/src/transfer.rs:1592 [2;3mon[0m ThreadId(1)

  [2m2026-06-19T05:42:43.734811Z[0m [32m INFO[0m [1;32mrch::transfer[0m[32m: [32mSyncing /data/projects/frankentorch/crates/ft-runtime -> /data/projects/frankentorch/crates/ft-runtime on hz1[0m
    [2;3mat[0m rch/src/transfer.rs:1528 [2;3mon[0m ThreadId(1)

  [2m2026-06-19T05:42:44.172675Z[0m [32m INFO[0m [1;32mrch::transfer[0m[32m: [32mSync completed in 437ms[0m
    [2;3mat[0m rch/src/transfer.rs:1592 [2;3mon[0m ThreadId(1)

  [2m2026-06-19T05:42:44.172746Z[0m [32m INFO[0m [1;32mrch::transfer[0m[32m: [32mSyncing /data/projects/frankentorch/crates/ft-serialize -> /data/projects/frankentorch/crates/ft-serialize on hz1[0m
    [2;3mat[0m rch/src/transfer.rs:1528 [2;3mon[0m ThreadId(1)

  [2m2026-06-19T05:42:44.590445Z[0m [32m INFO[0m [1;32mrch::transfer[0m[32m: [32mSync completed in 417ms[0m
    [2;3mat[0m rch/src/transfer.rs:1592 [2;3mon[0m ThreadId(1)

  [2m2026-06-19T05:42:44.590485Z[0m [32m INFO[0m [1;32mrch::hook::transfer_orchestration[0m[32m: [32mSync complete: 53167 files, 1929518 bytes in 7834ms[0m
    [2;3mat[0m rch/src/hook/transfer_orchestration.rs:486 [2;3mon[0m ThreadId(1)

  [2m2026-06-19T05:42:46.582803Z[0m [32m INFO[0m [1;32mrch::hook::transfer_orchestration[0m[32m: [32mExecuting command remotely: cargo bench -p ft-api --bench ops_bench -- smooth_l1/grad_8m --noplot[0m
    [2;3mat[0m rch/src/hook/transfer_orchestration.rs:529 [2;3mon[0m ThreadId(1)

  [2m2026-06-19T05:42:46.582850Z[0m [32m INFO[0m [1;32mrch::transfer[0m[32m: [32mRewriting CARGO_TARGET_DIR for remote execution (worker-scoped path): /data/projects/.rch-targets/frankentorch-cod-a -> /data/projects/frankentorch/.rch-target-hz1-pool-a7b1c8c357b0059b1f61676dcab2f583[0m
    [2;3mat[0m rch/src/transfer.rs:799 [2;3mon[0m ThreadId(1)

    Updating crates.io index
 Downloading crates ...
  Downloaded cfg-if v1.0.4
  Downloaded cast v0.3.0
  Downloaded ciborium-ll v0.2.2
  Downloaded anes v0.1.6
  Downloaded bytemuck_derive v1.10.2
  Downloaded anstyle v1.0.14
  Downloaded autocfg v1.5.0
  Downloaded bytemuck v1.25.0
  Downloaded plotters-backend v0.3.7
  Downloaded ciborium-io v0.2.2
  Downloaded plotters-svg v0.3.7
  Downloaded is-terminal v0.4.17
  Downloaded clap_lex v1.1.0
  Downloaded same-file v1.0.6
  Downloaded oorandom v11.1.5
  Downloaded num-complex v0.4.6
  Downloaded itoa v1.0.18
  Downloaded crossbeam-deque v0.8.6
  Downloaded once_cell v1.21.4
  Downloaded quote v1.0.45
  Downloaded rawpointer v0.2.1
  Downloaded tinytemplate v1.2.1
  Downloaded walkdir v2.5.0
  Downloaded zmij v1.0.21
  Downloaded ciborium v0.2.2
  Downloaded criterion-plot v0.5.0
  Downloaded either v1.15.0
  Downloaded half v2.7.1
  Downloaded matrixmultiply v0.3.10
  Downloaded num-traits v0.2.19
  Downloaded proc-macro2 v1.0.106
  Downloaded unicode-ident v1.0.24
  Downloaded crossbeam-epoch v0.9.18
  Downloaded crossbeam-utils v0.8.21
  Downloaded rayon-core v1.13.0
  Downloaded serde_core v1.0.228
  Downloaded serde_derive v1.0.228
  Downloaded memchr v2.8.0
  Downloaded safe_arch v0.7.4
  Downloaded serde v1.0.228
  Downloaded clap v4.6.1
  Downloaded wide v0.7.33
  Downloaded zerocopy-derive v0.8.48
  Downloaded aho-corasick v1.1.4
  Downloaded criterion v0.5.1
  Downloaded itertools v0.10.5
  Downloaded plotters v0.3.7
  Downloaded libm v0.2.16
  Downloaded rayon v1.12.0
  Downloaded serde_json v1.0.149
  Downloaded regex v1.12.3
  Downloaded clap_builder v4.6.0
  Downloaded syn v2.0.117
  Downloaded zerocopy v0.8.48
  Downloaded regex-syntax v0.8.10
  Downloaded regex-automata v0.4.14
  Downloaded libc v0.2.185
   Compiling proc-macro2 v1.0.106
   Compiling quote v1.0.45
   Compiling unicode-ident v1.0.24
   Compiling autocfg v1.5.0
   Compiling zerocopy v0.8.48
   Compiling crossbeam-utils v0.8.21
   Compiling cfg-if v1.0.4
   Compiling rayon-core v1.13.0
   Compiling either v1.15.0
   Compiling serde_core v1.0.228
   Compiling libm v0.2.16
   Compiling serde v1.0.228
   Compiling zmij v1.0.21
   Compiling rawpointer v0.2.1
   Compiling num-traits v0.2.19
   Compiling matrixmultiply v0.3.10
   Compiling libc v0.2.185
   Compiling serde_json v1.0.149
   Compiling syn v2.0.117
   Compiling crossbeam-epoch v0.9.18
   Compiling itoa v1.0.18
   Compiling anstyle v1.0.14
   Compiling memchr v2.8.0
   Compiling crossbeam-deque v0.8.6
   Compiling num-complex v0.4.6
   Compiling clap_lex v1.1.0
   Compiling ciborium-io v0.2.2
   Compiling regex-syntax v0.8.10
   Compiling rayon v1.12.0
   Compiling plotters-backend v0.3.7
   Compiling clap_builder v4.6.0
   Compiling plotters-svg v0.3.7
   Compiling itertools v0.10.5
   Compiling cast v0.3.0
   Compiling regex-automata v0.4.14
   Compiling same-file v1.0.6
   Compiling walkdir v2.5.0
   Compiling clap v4.6.1
   Compiling criterion-plot v0.5.0
   Compiling bytemuck_derive v1.10.2
   Compiling zerocopy-derive v0.8.48
   Compiling serde_derive v1.0.228
   Compiling bytemuck v1.25.0
   Compiling regex v1.12.3
   Compiling safe_arch v0.7.4
   Compiling is-terminal v0.4.17
   Compiling plotters v0.3.7
   Compiling wide v0.7.33
   Compiling once_cell v1.21.4
   Compiling oorandom v11.1.5
   Compiling anes v0.1.6
   Compiling tinytemplate v1.2.1
   Compiling half v2.7.1
   Compiling ft-core v0.1.0 (/data/projects/frankentorch/crates/ft-core)
   Compiling ciborium-ll v0.2.2
   Compiling ciborium v0.2.2
   Compiling ft-kernel-cpu v0.1.0 (/data/projects/frankentorch/crates/ft-kernel-cpu)
   Compiling ft-runtime v0.1.0 (/data/projects/frankentorch/crates/ft-runtime)
   Compiling criterion v0.5.1
   Compiling ft-dispatch v0.1.0 (/data/projects/frankentorch/crates/ft-dispatch)
   Compiling ft-autograd v0.1.0 (/data/projects/frankentorch/crates/ft-autograd)
   Compiling ft-api v0.1.0 (/data/projects/frankentorch/crates/ft-api)
    Finished `bench` profile [optimized + debuginfo] target(s) in 2m 40s
     Running benches/ops_bench.rs (.rch-target-hz1-pool-a7b1c8c357b0059b1f61676dcab2f583/release/deps/ops_bench-8824b9e24f0b8087)
Gnuplot not found, using plotters backend
Benchmarking smooth_l1/grad_8m
Benchmarking smooth_l1/grad_8m: Warming up for 3.0000 s

Warning: Unable to complete 100 samples in 5.0s. You may wish to increase target time to 82.4s, or reduce sample count to 10.
Benchmarking smooth_l1/grad_8m: Collecting 100 samples in estimated 82.422 s (100 iterations)
Benchmarking smooth_l1/grad_8m: Analyzing
smooth_l1/grad_8m       time:   [771.40 ms 774.85 ms 778.58 ms]
Found 6 outliers among 100 measurements (6.00%)
  4 (4.00%) high mild
  2 (2.00%) high severe

  [2m2026-06-19T05:46:51.327410Z[0m [32m INFO[0m [1;32mrch::hook::transfer_orchestration[0m[32m: [32mRemote command finished: exit=0 in 244744ms[0m
    [2;3mat[0m rch/src/hook/transfer_orchestration.rs:653 [2;3mon[0m ThreadId(1)

  [2m2026-06-19T05:46:51.327693Z[0m [32m INFO[0m [1;32mrch::hook::transfer_orchestration[0m[32m: [32mRetrieving build artifacts...[0m
    [2;3mat[0m rch/src/hook/transfer_orchestration.rs:702 [2;3mon[0m ThreadId(1)

  [2m2026-06-19T05:46:51.327709Z[0m [32m INFO[0m [1;32mrch::transfer[0m[32m: [32mRetrieving artifacts from /data/projects/frankentorch on hz1[0m
    [2;3mat[0m rch/src/transfer.rs:2246 [2;3mon[0m ThreadId(1)

  [2m2026-06-19T05:46:51.722353Z[0m [32m INFO[0m [1;32mrch::transfer[0m[32m: [32mArtifacts retrieved in 394ms (1 files, 1847 bytes)[0m
    [2;3mat[0m rch/src/transfer.rs:2301 [2;3mon[0m ThreadId(1)

  [2m2026-06-19T05:46:51.722385Z[0m [32m INFO[0m [1;32mrch::hook::transfer_orchestration[0m[32m: [32mArtifacts retrieved: 1 files, 1847 bytes in 394ms[0m
    [2;3mat[0m rch/src/hook/transfer_orchestration.rs:735 [2;3mon[0m ThreadId(1)

  [2m2026-06-19T05:46:51.722464Z[0m [32m INFO[0m [1;32mrch::transfer[0m[32m: [32mRetrieving artifacts from /data/projects/frankentorch/.rch-target-hz1-pool-a7b1c8c357b0059b1f61676dcab2f583 on hz1[0m
    [2;3mat[0m rch/src/transfer.rs:2246 [2;3mon[0m ThreadId(1)

  [2m2026-06-19T05:46:52.109854Z[0m [32m INFO[0m [1;32mrch::transfer[0m[32m: [32mArtifacts retrieved in 387ms (14 files, 638 bytes)[0m
    [2;3mat[0m rch/src/transfer.rs:2301 [2;3mon[0m ThreadId(1)

  [2m2026-06-19T05:46:52.109888Z[0m [32m INFO[0m [1;32mrch::hook::transfer_orchestration[0m[32m: [32mCustom CARGO_TARGET_DIR artifacts retrieved: 14 files, 638 bytes in 387ms[0m
    [2;3mat[0m rch/src/hook/transfer_orchestration.rs:859 [2;3mon[0m ThreadId(1)

[RCH] remote hz1 (256.2s)
