  [2m2026-06-13T17:22:05.841901Z[0m [32m INFO[0m [1;32mrch::hook[0m[32m: [32mSelected worker: vmi1227854 at root@109.123.245.77 (1 slots remaining after reservation, speed 50.0)[0m
    [2;3mat[0m rch/src/hook.rs:514 [2;3mon[0m ThreadId(1)

  [2m2026-06-13T17:22:06.111339Z[0m [32m INFO[0m [1;32mrch::hook[0m[32m: [32mStarting remote compilation pipeline for frankentorch-perf-next-20260613T1710 (hash: 16cd5eae43fdc141)[0m
    [2;3mat[0m rch/src/hook.rs:5994 [2;3mon[0m ThreadId(1)

  [2m2026-06-13T17:22:06.111384Z[0m [32m INFO[0m [1;32mrch::hook[0m[32m: [32mPrepared dependency sync manifest for 13 roots[0m
    [2;3mat[0m rch/src/hook.rs:6016 [2;3mon[0m ThreadId(1)

  [2m2026-06-13T17:22:07.745425Z[0m [32m INFO[0m [1;32mrch::hook[0m[32m: [32mSyncing project to worker vmi1227854...[0m
    [2;3mat[0m rch/src/hook.rs:6046 [2;3mon[0m ThreadId(1)

  [2m2026-06-13T17:22:07.745498Z[0m [32m INFO[0m [1;32mrch::transfer[0m[32m: [32mSyncing /data/projects/.scratch/frankentorch-perf-next-20260613T1710 -> /data/projects/.scratch/frankentorch-perf-next-20260613T1710 on vmi1227854[0m
    [2;3mat[0m rch/src/transfer.rs:1434 [2;3mon[0m ThreadId(1)

  [2m2026-06-13T17:22:10.018633Z[0m [32m INFO[0m [1;32mrch::transfer[0m[32m: [32mSync completed in 2273ms[0m
    [2;3mat[0m rch/src/transfer.rs:1503 [2;3mon[0m ThreadId(1)

  [2m2026-06-13T17:22:10.018731Z[0m [32m INFO[0m [1;32mrch::transfer[0m[32m: [32mSyncing /data/projects/.scratch/frankentorch-perf-next-20260613T1710/crates/ft-api -> /data/projects/.scratch/frankentorch-perf-next-20260613T1710/crates/ft-api on vmi1227854[0m
    [2;3mat[0m rch/src/transfer.rs:1434 [2;3mon[0m ThreadId(1)

  [2m2026-06-13T17:22:11.885982Z[0m [32m INFO[0m [1;32mrch::transfer[0m[32m: [32mSync completed in 1867ms[0m
    [2;3mat[0m rch/src/transfer.rs:1503 [2;3mon[0m ThreadId(1)

  [2m2026-06-13T17:22:11.886059Z[0m [32m INFO[0m [1;32mrch::transfer[0m[32m: [32mSyncing /data/projects/.scratch/frankentorch-perf-next-20260613T1710/crates/ft-autograd -> /data/projects/.scratch/frankentorch-perf-next-20260613T1710/crates/ft-autograd on vmi1227854[0m
    [2;3mat[0m rch/src/transfer.rs:1434 [2;3mon[0m ThreadId(1)

  [2m2026-06-13T17:22:13.895299Z[0m [32m INFO[0m [1;32mrch::transfer[0m[32m: [32mSync completed in 2009ms[0m
    [2;3mat[0m rch/src/transfer.rs:1503 [2;3mon[0m ThreadId(1)

  [2m2026-06-13T17:22:13.895394Z[0m [32m INFO[0m [1;32mrch::transfer[0m[32m: [32mSyncing /data/projects/.scratch/frankentorch-perf-next-20260613T1710/crates/ft-conformance -> /data/projects/.scratch/frankentorch-perf-next-20260613T1710/crates/ft-conformance on vmi1227854[0m
    [2;3mat[0m rch/src/transfer.rs:1434 [2;3mon[0m ThreadId(1)

  [2m2026-06-13T17:22:15.740192Z[0m [32m INFO[0m [1;32mrch::transfer[0m[32m: [32mSync completed in 1844ms[0m
    [2;3mat[0m rch/src/transfer.rs:1503 [2;3mon[0m ThreadId(1)

  [2m2026-06-13T17:22:15.740290Z[0m [32m INFO[0m [1;32mrch::transfer[0m[32m: [32mSyncing /data/projects/.scratch/frankentorch-perf-next-20260613T1710/crates/ft-core -> /data/projects/.scratch/frankentorch-perf-next-20260613T1710/crates/ft-core on vmi1227854[0m
    [2;3mat[0m rch/src/transfer.rs:1434 [2;3mon[0m ThreadId(1)

  [2m2026-06-13T17:22:17.589149Z[0m [32m INFO[0m [1;32mrch::transfer[0m[32m: [32mSync completed in 1848ms[0m
    [2;3mat[0m rch/src/transfer.rs:1503 [2;3mon[0m ThreadId(1)

  [2m2026-06-13T17:22:17.589260Z[0m [32m INFO[0m [1;32mrch::transfer[0m[32m: [32mSyncing /data/projects/.scratch/frankentorch-perf-next-20260613T1710/crates/ft-data -> /data/projects/.scratch/frankentorch-perf-next-20260613T1710/crates/ft-data on vmi1227854[0m
    [2;3mat[0m rch/src/transfer.rs:1434 [2;3mon[0m ThreadId(1)

  [2m2026-06-13T17:22:19.591900Z[0m [32m INFO[0m [1;32mrch::transfer[0m[32m: [32mSync completed in 2002ms[0m
    [2;3mat[0m rch/src/transfer.rs:1503 [2;3mon[0m ThreadId(1)

  [2m2026-06-13T17:22:19.591992Z[0m [32m INFO[0m [1;32mrch::transfer[0m[32m: [32mSyncing /data/projects/.scratch/frankentorch-perf-next-20260613T1710/crates/ft-device -> /data/projects/.scratch/frankentorch-perf-next-20260613T1710/crates/ft-device on vmi1227854[0m
    [2;3mat[0m rch/src/transfer.rs:1434 [2;3mon[0m ThreadId(1)

  [2m2026-06-13T17:22:21.441941Z[0m [32m INFO[0m [1;32mrch::transfer[0m[32m: [32mSync completed in 1849ms[0m
    [2;3mat[0m rch/src/transfer.rs:1503 [2;3mon[0m ThreadId(1)

  [2m2026-06-13T17:22:21.442035Z[0m [32m INFO[0m [1;32mrch::transfer[0m[32m: [32mSyncing /data/projects/.scratch/frankentorch-perf-next-20260613T1710/crates/ft-dispatch -> /data/projects/.scratch/frankentorch-perf-next-20260613T1710/crates/ft-dispatch on vmi1227854[0m
    [2;3mat[0m rch/src/transfer.rs:1434 [2;3mon[0m ThreadId(1)

  [2m2026-06-13T17:22:23.316897Z[0m [32m INFO[0m [1;32mrch::transfer[0m[32m: [32mSync completed in 1874ms[0m
    [2;3mat[0m rch/src/transfer.rs:1503 [2;3mon[0m ThreadId(1)

  [2m2026-06-13T17:22:23.317018Z[0m [32m INFO[0m [1;32mrch::transfer[0m[32m: [32mSyncing /data/projects/.scratch/frankentorch-perf-next-20260613T1710/crates/ft-kernel-cpu -> /data/projects/.scratch/frankentorch-perf-next-20260613T1710/crates/ft-kernel-cpu on vmi1227854[0m
    [2;3mat[0m rch/src/transfer.rs:1434 [2;3mon[0m ThreadId(1)

  [2m2026-06-13T17:22:25.159375Z[0m [32m INFO[0m [1;32mrch::transfer[0m[32m: [32mSync completed in 1842ms[0m
    [2;3mat[0m rch/src/transfer.rs:1503 [2;3mon[0m ThreadId(1)

  [2m2026-06-13T17:22:25.159483Z[0m [32m INFO[0m [1;32mrch::transfer[0m[32m: [32mSyncing /data/projects/.scratch/frankentorch-perf-next-20260613T1710/crates/ft-nn -> /data/projects/.scratch/frankentorch-perf-next-20260613T1710/crates/ft-nn on vmi1227854[0m
    [2;3mat[0m rch/src/transfer.rs:1434 [2;3mon[0m ThreadId(1)

  [2m2026-06-13T17:22:27.029049Z[0m [32m INFO[0m [1;32mrch::transfer[0m[32m: [32mSync completed in 1869ms[0m
    [2;3mat[0m rch/src/transfer.rs:1503 [2;3mon[0m ThreadId(1)

  [2m2026-06-13T17:22:27.029138Z[0m [32m INFO[0m [1;32mrch::transfer[0m[32m: [32mSyncing /data/projects/.scratch/frankentorch-perf-next-20260613T1710/crates/ft-optim -> /data/projects/.scratch/frankentorch-perf-next-20260613T1710/crates/ft-optim on vmi1227854[0m
    [2;3mat[0m rch/src/transfer.rs:1434 [2;3mon[0m ThreadId(1)

  [2m2026-06-13T17:22:28.874962Z[0m [32m INFO[0m [1;32mrch::transfer[0m[32m: [32mSync completed in 1845ms[0m
    [2;3mat[0m rch/src/transfer.rs:1503 [2;3mon[0m ThreadId(1)

  [2m2026-06-13T17:22:28.875049Z[0m [32m INFO[0m [1;32mrch::transfer[0m[32m: [32mSyncing /data/projects/.scratch/frankentorch-perf-next-20260613T1710/crates/ft-runtime -> /data/projects/.scratch/frankentorch-perf-next-20260613T1710/crates/ft-runtime on vmi1227854[0m
    [2;3mat[0m rch/src/transfer.rs:1434 [2;3mon[0m ThreadId(1)

  [2m2026-06-13T17:22:30.783703Z[0m [32m INFO[0m [1;32mrch::transfer[0m[32m: [32mSync completed in 1908ms[0m
    [2;3mat[0m rch/src/transfer.rs:1503 [2;3mon[0m ThreadId(1)

  [2m2026-06-13T17:22:31.003771Z[0m [32m INFO[0m [1;32mrch::transfer[0m[32m: [32mSyncing /data/projects/.scratch/frankentorch-perf-next-20260613T1710/crates/ft-serialize -> /data/projects/.scratch/frankentorch-perf-next-20260613T1710/crates/ft-serialize on vmi1227854[0m
    [2;3mat[0m rch/src/transfer.rs:1434 [2;3mon[0m ThreadId(1)

  [2m2026-06-13T17:22:33.182919Z[0m [32m INFO[0m [1;32mrch::transfer[0m[32m: [32mSync completed in 2179ms[0m
    [2;3mat[0m rch/src/transfer.rs:1503 [2;3mon[0m ThreadId(1)

  [2m2026-06-13T17:22:33.662426Z[0m [32m INFO[0m [1;32mrch::hook[0m[32m: [32mSync complete: 2653 files, 114096 bytes in 25209ms[0m
    [2;3mat[0m rch/src/hook.rs:6209 [2;3mon[0m ThreadId(1)

  [2m2026-06-13T17:22:37.977795Z[0m [32m INFO[0m [1;32mrch::hook[0m[32m: [32mExecuting command remotely: cargo check -j 1 -p ft-kernel-cpu --lib --examples --benches[0m
    [2;3mat[0m rch/src/hook.rs:6252 [2;3mon[0m ThreadId(1)

  [2m2026-06-13T17:22:37.977839Z[0m [32m INFO[0m [1;32mrch::transfer[0m[32m: [32mRewriting CARGO_TARGET_DIR for remote execution (worker-scoped path): /data/tmp/cargo-target -> /data/projects/.scratch/frankentorch-perf-next-20260613T1710/.rch-target-vmi1227854-job-29884606035528920-1781371327745417318-0[0m
    [2;3mat[0m rch/src/transfer.rs:712 [2;3mon[0m ThreadId(1)

    Updating crates.io index
 Downloading crates ...
  Downloaded anes v0.1.6
  Downloaded bit-set v0.8.0
  Downloaded bit-vec v0.8.0
  Downloaded autocfg v1.5.0
  Downloaded cfg-if v1.0.4
  Downloaded ciborium-ll v0.2.2
  Downloaded ciborium-io v0.2.2
  Downloaded clap_lex v1.1.0
  Downloaded anstyle v1.0.14
  Downloaded fnv v1.0.7
  Downloaded itoa v1.0.18
  Downloaded is-terminal v0.4.17
  Downloaded same-file v1.0.6
  Downloaded quick-error v1.2.3
  Downloaded plotters-backend v0.3.7
  Downloaded rawpointer v0.2.1
  Downloaded errno v0.3.14
  Downloaded plotters-svg v0.3.7
  Downloaded rand_xorshift v0.4.0
  Downloaded unarray v0.1.4
  Downloaded wait-timeout v0.2.1
  Downloaded cast v0.3.0
  Downloaded bytemuck_derive v1.10.2
  Downloaded crossbeam-deque v0.8.6
  Downloaded tinytemplate v1.2.1
  Downloaded zmij v1.0.21
  Downloaded bitflags v2.11.1
  Downloaded either v1.15.0
  Downloaded oorandom v11.1.5
  Downloaded rand_core v0.9.5
  Downloaded fastrand v2.4.1
  Downloaded num-complex v0.4.6
  Downloaded walkdir v2.5.0
  Downloaded ppv-lite86 v0.2.21
  Downloaded rand_chacha v0.9.0
  Downloaded quote v1.0.45
  Downloaded criterion-plot v0.5.0
  Downloaded ciborium v0.2.2
  Downloaded console v0.16.3
  Downloaded tempfile v3.27.0
  Downloaded once_cell v1.21.4
  Downloaded crossbeam-epoch v0.9.18
  Downloaded clap v4.6.1
  Downloaded bytemuck v1.25.0
  Downloaded crossbeam-utils v0.8.21
  Downloaded getrandom v0.3.4
  Downloaded unicode-ident v1.0.24
  Downloaded half v2.7.1
  Downloaded matrixmultiply v0.3.10
  Downloaded num-traits v0.2.19
  Downloaded rusty-fork v0.3.1
  Downloaded serde_core v1.0.228
  Downloaded serde_derive v1.0.228
  Downloaded similar v2.7.0
  Downloaded proc-macro2 v1.0.106
  Downloaded rayon-core v1.13.0
  Downloaded safe_arch v0.7.4
  Downloaded serde v1.0.228
  Downloaded wide v0.7.33
  Downloaded zerocopy-derive v0.8.48
  Downloaded criterion v0.5.1
  Downloaded memchr v2.8.0
  Downloaded rand v0.9.4
  Downloaded aho-corasick v1.1.4
  Downloaded insta v1.47.2
  Downloaded itertools v0.10.5
  Downloaded plotters v0.3.7
  Downloaded regex v1.12.3
  Downloaded serde_json v1.0.149
  Downloaded libm v0.2.16
  Downloaded clap_builder v4.6.0
  Downloaded rayon v1.12.0
  Downloaded proptest v1.11.0
  Downloaded syn v2.0.117
  Downloaded zerocopy v0.8.48
  Downloaded regex-syntax v0.8.10
  Downloaded rustix v1.1.4
  Downloaded regex-automata v0.4.14
  Downloaded libc v0.2.185
  Downloaded linux-raw-sys v0.12.1
   Compiling proc-macro2 v1.0.106
   Compiling unicode-ident v1.0.24
   Compiling quote v1.0.45
   Compiling syn v2.0.117
   Compiling libc v0.2.185
    Checking cfg-if v1.0.4
   Compiling autocfg v1.5.0
   Compiling zerocopy v0.8.48
   Compiling zerocopy-derive v0.8.48
   Compiling getrandom v0.3.4
   Compiling bytemuck_derive v1.10.2
    Checking bytemuck v1.25.0
   Compiling num-traits v0.2.19
   Compiling crossbeam-utils v0.8.21
   Compiling serde_core v1.0.228
   Compiling rustix v1.1.4
    Checking crossbeam-epoch v0.9.18
    Checking half v2.7.1
    Checking linux-raw-sys v0.12.1
   Compiling zmij v1.0.21
    Checking once_cell v1.21.4
    Checking bitflags v2.11.1
    Checking either v1.15.0
   Compiling serde v1.0.228
   Compiling rayon-core v1.13.0
    Checking crossbeam-deque v0.8.6
    Checking rand_core v0.9.5
   Compiling serde_derive v1.0.228
    Checking regex-syntax v0.8.10
    Checking fastrand v2.4.1
   Compiling serde_json v1.0.149
    Checking tempfile v3.27.0
   Compiling matrixmultiply v0.3.10
    Checking memchr v2.8.0
    Checking ciborium-io v0.2.2
    Checking anstyle v1.0.14
    Checking clap_lex v1.1.0
   Compiling libm v0.2.16
    Checking plotters-backend v0.3.7
    Checking itoa v1.0.18
    Checking plotters-svg v0.3.7
    Checking clap_builder v4.6.0
    Checking ciborium-ll v0.2.2
    Checking rayon v1.12.0
    Checking regex-automata v0.4.14
    Checking itertools v0.10.5
    Checking num-complex v0.4.6
    Checking safe_arch v0.7.4
    Checking ppv-lite86 v0.2.21
    Checking wait-timeout v0.2.1
    Checking cast v0.3.0
    Checking fnv v1.0.7
    Checking bit-vec v0.8.0
    Checking quick-error v1.2.3
    Checking rawpointer v0.2.1
    Checking same-file v1.0.6
    Checking walkdir v2.5.0
    Checking rusty-fork v0.3.1
    Checking bit-set v0.8.0
    Checking criterion-plot v0.5.0
    Checking rand_chacha v0.9.0
    Checking wide v0.7.33
    Checking ft-core v0.1.0 (/data/projects/.scratch/frankentorch-perf-next-20260613T1710/crates/ft-core)
    Checking regex v1.12.3
    Checking ciborium v0.2.2
    Checking clap v4.6.1
    Checking plotters v0.3.7
    Checking tinytemplate v1.2.1
    Checking rand_xorshift v0.4.0
    Checking rand v0.9.4
    Checking console v0.16.3
    Checking is-terminal v0.4.17
    Checking oorandom v11.1.5
    Checking anes v0.1.6
    Checking similar v2.7.0
    Checking unarray v0.1.4
    Checking proptest v1.11.0
    Checking insta v1.47.2
    Checking criterion v0.5.1
    Checking ft-kernel-cpu v0.1.0 (/data/projects/.scratch/frankentorch-perf-next-20260613T1710/crates/ft-kernel-cpu)
warning: unnecessary parentheses around closure body
 --> crates/ft-kernel-cpu/examples/gemm_golden.rs:8:46
  |
8 |         let a: Vec<f64> = (0..m * k).map(|i| ((i as f64 * 0.001).sin())).collect();
  |                                              ^                        ^
  |
  = note: `#[warn(unused_parens)]` (part of `#[warn(unused)]`) on by default
help: remove these parentheses
  |
8 -         let a: Vec<f64> = (0..m * k).map(|i| ((i as f64 * 0.001).sin())).collect();
8 +         let a: Vec<f64> = (0..m * k).map(|i| (i as f64 * 0.001).sin() ).collect();
  |

warning: unnecessary parentheses around closure body
 --> crates/ft-kernel-cpu/examples/gemm_golden.rs:9:46
  |
9 |         let b: Vec<f64> = (0..k * n).map(|i| ((i as f64 * 0.0017).cos())).collect();
  |                                              ^                         ^
  |
help: remove these parentheses
  |
9 -         let b: Vec<f64> = (0..k * n).map(|i| ((i as f64 * 0.0017).cos())).collect();
9 +         let b: Vec<f64> = (0..k * n).map(|i| (i as f64 * 0.0017).cos() ).collect();
  |

warning: `ft-kernel-cpu` (example "gemm_golden") generated 2 warnings (run `cargo fix --example "gemm_golden" -p ft-kernel-cpu` to apply 2 suggestions)
    Finished `dev` profile [unoptimized + debuginfo] target(s) in 44.98s
  [2m2026-06-13T17:23:24.608073Z[0m [32m INFO[0m [1;32mrch::hook[0m[32m: [32mRemote command finished: exit=0 in 46630ms[0m
    [2;3mat[0m rch/src/hook.rs:6376 [2;3mon[0m ThreadId(1)

  [2m2026-06-13T17:23:24.608395Z[0m [32m INFO[0m [1;32mrch::hook[0m[32m: [32mRetrieving build artifacts...[0m
    [2;3mat[0m rch/src/hook.rs:6425 [2;3mon[0m ThreadId(1)

  [2m2026-06-13T17:23:24.608436Z[0m [32m INFO[0m [1;32mrch::transfer[0m[32m: [32mRetrieving artifacts from /data/projects/.scratch/frankentorch-perf-next-20260613T1710 on vmi1227854[0m
    [2;3mat[0m rch/src/transfer.rs:2106 [2;3mon[0m ThreadId(1)

  [2m2026-06-13T17:23:26.550437Z[0m [32m INFO[0m [1;32mrch::transfer[0m[32m: [32mArtifacts retrieved in 1941ms (1 files, 1080 bytes)[0m
    [2;3mat[0m rch/src/transfer.rs:2145 [2;3mon[0m ThreadId(1)

  [2m2026-06-13T17:23:26.550476Z[0m [32m INFO[0m [1;32mrch::hook[0m[32m: [32mArtifacts retrieved: 1 files, 1080 bytes in 1941ms[0m
    [2;3mat[0m rch/src/hook.rs:6458 [2;3mon[0m ThreadId(1)

  [2m2026-06-13T17:23:26.550585Z[0m [32m INFO[0m [1;32mrch::transfer[0m[32m: [32mRetrieving artifacts from /data/projects/.scratch/frankentorch-perf-next-20260613T1710/.rch-target-vmi1227854-job-29884606035528920-1781371327745417318-0 on vmi1227854[0m
    [2;3mat[0m rch/src/transfer.rs:2106 [2;3mon[0m ThreadId(1)

  [2m2026-06-13T17:23:32.884893Z[0m [32m INFO[0m [1;32mrch::transfer[0m[32m: [32mArtifacts retrieved in 6334ms (1358 files, 778540 bytes)[0m
    [2;3mat[0m rch/src/transfer.rs:2145 [2;3mon[0m ThreadId(1)

  [2m2026-06-13T17:23:32.884961Z[0m [32m INFO[0m [1;32mrch::hook[0m[32m: [32mCustom CARGO_TARGET_DIR artifacts retrieved: 1358 files, 778540 bytes in 6334ms[0m
    [2;3mat[0m rch/src/hook.rs:6582 [2;3mon[0m ThreadId(1)

[RCH] remote vmi1227854 (87.0s)
