  [2m2026-06-09T03:59:49.695325Z[0m [32m INFO[0m [1;32mrch::hook[0m[32m: [32mSelected worker: vmi1227854 at root@109.123.245.77 (0 slots remaining after reservation, speed 50.0)[0m
    [2;3mat[0m rch/src/hook.rs:514 [2;3mon[0m ThreadId(1)

  [2m2026-06-09T03:59:50.010723Z[0m [32m INFO[0m [1;32mrch::hook[0m[32m: [32mStarting remote compilation pipeline for frankentorch (hash: 78ab156102a58c4c)[0m
    [2;3mat[0m rch/src/hook.rs:5994 [2;3mon[0m ThreadId(1)

  [2m2026-06-09T03:59:50.010775Z[0m [32m INFO[0m [1;32mrch::hook[0m[32m: [32mPrepared dependency sync manifest for 13 roots[0m
    [2;3mat[0m rch/src/hook.rs:6016 [2;3mon[0m ThreadId(1)

  [2m2026-06-09T03:59:51.691998Z[0m [32m INFO[0m [1;32mrch::hook[0m[32m: [32mSyncing project to worker vmi1227854...[0m
    [2;3mat[0m rch/src/hook.rs:6046 [2;3mon[0m ThreadId(1)

  [2m2026-06-09T03:59:51.692109Z[0m [32m INFO[0m [1;32mrch::transfer[0m[32m: [32mSyncing /data/projects/frankentorch -> /data/projects/frankentorch on vmi1227854[0m
    [2;3mat[0m rch/src/transfer.rs:1434 [2;3mon[0m ThreadId(1)

  [2m2026-06-09T03:59:59.323626Z[0m [32m INFO[0m [1;32mrch::transfer[0m[32m: [32mSync completed in 7631ms[0m
    [2;3mat[0m rch/src/transfer.rs:1503 [2;3mon[0m ThreadId(1)

  [2m2026-06-09T03:59:59.323764Z[0m [32m INFO[0m [1;32mrch::transfer[0m[32m: [32mSyncing /data/projects/frankentorch/crates/ft-api -> /data/projects/frankentorch/crates/ft-api on vmi1227854[0m
    [2;3mat[0m rch/src/transfer.rs:1434 [2;3mon[0m ThreadId(1)

  [2m2026-06-09T04:00:01.232893Z[0m [32m INFO[0m [1;32mrch::transfer[0m[32m: [32mSync completed in 1909ms[0m
    [2;3mat[0m rch/src/transfer.rs:1503 [2;3mon[0m ThreadId(1)

  [2m2026-06-09T04:00:01.233053Z[0m [32m INFO[0m [1;32mrch::transfer[0m[32m: [32mSyncing /data/projects/frankentorch/crates/ft-autograd -> /data/projects/frankentorch/crates/ft-autograd on vmi1227854[0m
    [2;3mat[0m rch/src/transfer.rs:1434 [2;3mon[0m ThreadId(1)

  [2m2026-06-09T04:00:03.443772Z[0m [32m INFO[0m [1;32mrch::transfer[0m[32m: [32mSync completed in 2210ms[0m
    [2;3mat[0m rch/src/transfer.rs:1503 [2;3mon[0m ThreadId(1)

  [2m2026-06-09T04:00:03.443874Z[0m [32m INFO[0m [1;32mrch::transfer[0m[32m: [32mSyncing /data/projects/frankentorch/crates/ft-conformance -> /data/projects/frankentorch/crates/ft-conformance on vmi1227854[0m
    [2;3mat[0m rch/src/transfer.rs:1434 [2;3mon[0m ThreadId(1)

  [2m2026-06-09T04:00:05.381386Z[0m [32m INFO[0m [1;32mrch::transfer[0m[32m: [32mSync completed in 1937ms[0m
    [2;3mat[0m rch/src/transfer.rs:1503 [2;3mon[0m ThreadId(1)

  [2m2026-06-09T04:00:05.381496Z[0m [32m INFO[0m [1;32mrch::transfer[0m[32m: [32mSyncing /data/projects/frankentorch/crates/ft-core -> /data/projects/frankentorch/crates/ft-core on vmi1227854[0m
    [2;3mat[0m rch/src/transfer.rs:1434 [2;3mon[0m ThreadId(1)

  [2m2026-06-09T04:00:07.249713Z[0m [32m INFO[0m [1;32mrch::transfer[0m[32m: [32mSync completed in 1868ms[0m
    [2;3mat[0m rch/src/transfer.rs:1503 [2;3mon[0m ThreadId(1)

  [2m2026-06-09T04:00:07.249870Z[0m [32m INFO[0m [1;32mrch::transfer[0m[32m: [32mSyncing /data/projects/frankentorch/crates/ft-data -> /data/projects/frankentorch/crates/ft-data on vmi1227854[0m
    [2;3mat[0m rch/src/transfer.rs:1434 [2;3mon[0m ThreadId(1)

  [2m2026-06-09T04:00:09.085507Z[0m [32m INFO[0m [1;32mrch::transfer[0m[32m: [32mSync completed in 1835ms[0m
    [2;3mat[0m rch/src/transfer.rs:1503 [2;3mon[0m ThreadId(1)

  [2m2026-06-09T04:00:09.085612Z[0m [32m INFO[0m [1;32mrch::transfer[0m[32m: [32mSyncing /data/projects/frankentorch/crates/ft-device -> /data/projects/frankentorch/crates/ft-device on vmi1227854[0m
    [2;3mat[0m rch/src/transfer.rs:1434 [2;3mon[0m ThreadId(1)

  [2m2026-06-09T04:00:11.071136Z[0m [32m INFO[0m [1;32mrch::transfer[0m[32m: [32mSync completed in 1985ms[0m
    [2;3mat[0m rch/src/transfer.rs:1503 [2;3mon[0m ThreadId(1)

  [2m2026-06-09T04:00:11.071295Z[0m [32m INFO[0m [1;32mrch::transfer[0m[32m: [32mSyncing /data/projects/frankentorch/crates/ft-dispatch -> /data/projects/frankentorch/crates/ft-dispatch on vmi1227854[0m
    [2;3mat[0m rch/src/transfer.rs:1434 [2;3mon[0m ThreadId(1)

  [2m2026-06-09T04:00:13.015166Z[0m [32m INFO[0m [1;32mrch::transfer[0m[32m: [32mSync completed in 1943ms[0m
    [2;3mat[0m rch/src/transfer.rs:1503 [2;3mon[0m ThreadId(1)

  [2m2026-06-09T04:00:13.015288Z[0m [32m INFO[0m [1;32mrch::transfer[0m[32m: [32mSyncing /data/projects/frankentorch/crates/ft-kernel-cpu -> /data/projects/frankentorch/crates/ft-kernel-cpu on vmi1227854[0m
    [2;3mat[0m rch/src/transfer.rs:1434 [2;3mon[0m ThreadId(1)

  [2m2026-06-09T04:00:14.920226Z[0m [32m INFO[0m [1;32mrch::transfer[0m[32m: [32mSync completed in 1904ms[0m
    [2;3mat[0m rch/src/transfer.rs:1503 [2;3mon[0m ThreadId(1)

  [2m2026-06-09T04:00:14.920347Z[0m [32m INFO[0m [1;32mrch::transfer[0m[32m: [32mSyncing /data/projects/frankentorch/crates/ft-nn -> /data/projects/frankentorch/crates/ft-nn on vmi1227854[0m
    [2;3mat[0m rch/src/transfer.rs:1434 [2;3mon[0m ThreadId(1)

  [2m2026-06-09T04:00:16.785612Z[0m [32m INFO[0m [1;32mrch::transfer[0m[32m: [32mSync completed in 1865ms[0m
    [2;3mat[0m rch/src/transfer.rs:1503 [2;3mon[0m ThreadId(1)

  [2m2026-06-09T04:00:16.785721Z[0m [32m INFO[0m [1;32mrch::transfer[0m[32m: [32mSyncing /data/projects/frankentorch/crates/ft-optim -> /data/projects/frankentorch/crates/ft-optim on vmi1227854[0m
    [2;3mat[0m rch/src/transfer.rs:1434 [2;3mon[0m ThreadId(1)

  [2m2026-06-09T04:00:18.678239Z[0m [32m INFO[0m [1;32mrch::transfer[0m[32m: [32mSync completed in 1892ms[0m
    [2;3mat[0m rch/src/transfer.rs:1503 [2;3mon[0m ThreadId(1)

  [2m2026-06-09T04:00:18.678393Z[0m [32m INFO[0m [1;32mrch::transfer[0m[32m: [32mSyncing /data/projects/frankentorch/crates/ft-runtime -> /data/projects/frankentorch/crates/ft-runtime on vmi1227854[0m
    [2;3mat[0m rch/src/transfer.rs:1434 [2;3mon[0m ThreadId(1)

  [2m2026-06-09T04:00:20.528342Z[0m [32m INFO[0m [1;32mrch::transfer[0m[32m: [32mSync completed in 1849ms[0m
    [2;3mat[0m rch/src/transfer.rs:1503 [2;3mon[0m ThreadId(1)

  [2m2026-06-09T04:00:20.528451Z[0m [32m INFO[0m [1;32mrch::transfer[0m[32m: [32mSyncing /data/projects/frankentorch/crates/ft-serialize -> /data/projects/frankentorch/crates/ft-serialize on vmi1227854[0m
    [2;3mat[0m rch/src/transfer.rs:1434 [2;3mon[0m ThreadId(1)

  [2m2026-06-09T04:00:22.342005Z[0m [32m INFO[0m [1;32mrch::transfer[0m[32m: [32mSync completed in 1813ms[0m
    [2;3mat[0m rch/src/transfer.rs:1503 [2;3mon[0m ThreadId(1)

  [2m2026-06-09T04:00:22.342048Z[0m [32m INFO[0m [1;32mrch::hook[0m[32m: [32mSync complete: 51131 files, 1826359 bytes in 30641ms[0m
    [2;3mat[0m rch/src/hook.rs:6209 [2;3mon[0m ThreadId(1)

  [2m2026-06-09T04:00:26.510740Z[0m [32m INFO[0m [1;32mrch::hook[0m[32m: [32mExecuting command remotely: cargo bench -p ft-kernel-cpu --bench linalg_bench -- svd_f64_256x256 --warm-up-time 1 --measurement-time 5 --sample-size 10[0m
    [2;3mat[0m rch/src/hook.rs:6252 [2;3mon[0m ThreadId(1)

  [2m2026-06-09T04:00:26.510811Z[0m [32m INFO[0m [1;32mrch::transfer[0m[32m: [32mRewriting CARGO_TARGET_DIR for remote execution (worker-scoped path): /data/tmp/cargo-target -> /data/projects/frankentorch/.rch-target-vmi1227854-job-29879662679163357-1780977591691990475-0[0m
    [2;3mat[0m rch/src/transfer.rs:712 [2;3mon[0m ThreadId(1)

    Updating crates.io index
 Downloading crates ...
  Downloaded bit-set v0.8.0
  Downloaded ciborium-ll v0.2.2
  Downloaded cast v0.3.0
  Downloaded clap_lex v1.1.0
  Downloaded itoa v1.0.18
  Downloaded is-terminal v0.4.17
  Downloaded cfg-if v1.0.4
  Downloaded errno v0.3.14
  Downloaded fnv v1.0.7
  Downloaded wait-timeout v0.2.1
  Downloaded rawpointer v0.2.1
  Downloaded quick-error v1.2.3
  Downloaded same-file v1.0.6
  Downloaded unarray v0.1.4
  Downloaded rand_xorshift v0.4.0
  Downloaded plotters-svg v0.3.7
  Downloaded anes v0.1.6
  Downloaded crossbeam-deque v0.8.6
  Downloaded ciborium-io v0.2.2
  Downloaded either v1.15.0
  Downloaded num-complex v0.4.6
  Downloaded criterion-plot v0.5.0
  Downloaded zmij v1.0.21
  Downloaded plotters-backend v0.3.7
  Downloaded oorandom v11.1.5
  Downloaded autocfg v1.5.0
  Downloaded bytemuck_derive v1.10.2
  Downloaded rand_core v0.9.5
  Downloaded rand_chacha v0.9.0
  Downloaded walkdir v2.5.0
  Downloaded anstyle v1.0.14
  Downloaded fastrand v2.4.1
  Downloaded once_cell v1.21.4
  Downloaded tempfile v3.27.0
  Downloaded quote v1.0.45
  Downloaded ciborium v0.2.2
  Downloaded bit-vec v0.8.0
  Downloaded crossbeam-utils v0.8.21
  Downloaded matrixmultiply v0.3.10
  Downloaded serde_derive v1.0.228
  Downloaded serde_core v1.0.228
  Downloaded unicode-ident v1.0.24
  Downloaded clap v4.6.1
  Downloaded similar v2.7.0
  Downloaded zerocopy-derive v0.8.48
  Downloaded serde v1.0.228
  Downloaded proc-macro2 v1.0.106
  Downloaded num-traits v0.2.19
  Downloaded getrandom v0.3.4
  Downloaded rayon-core v1.13.0
  Downloaded bytemuck v1.25.0
  Downloaded half v2.7.1
  Downloaded crossbeam-epoch v0.9.18
  Downloaded console v0.16.3
  Downloaded bitflags v2.11.1
  Downloaded tinytemplate v1.2.1
  Downloaded rusty-fork v0.3.1
  Downloaded safe_arch v0.7.4
  Downloaded wide v0.7.33
  Downloaded memchr v2.8.0
  Downloaded itertools v0.10.5
  Downloaded serde_json v1.0.149
  Downloaded regex v1.12.3
  Downloaded rayon v1.12.0
  Downloaded proptest v1.11.0
  Downloaded clap_builder v4.6.0
  Downloaded libm v0.2.16
  Downloaded plotters v0.3.7
  Downloaded zerocopy v0.8.48
  Downloaded syn v2.0.117
  Downloaded criterion v0.5.1
  Downloaded insta v1.47.2
  Downloaded aho-corasick v1.1.4
  Downloaded regex-syntax v0.8.10
  Downloaded rand v0.9.4
  Downloaded ppv-lite86 v0.2.21
  Downloaded rustix v1.1.4
  Downloaded regex-automata v0.4.14
  Downloaded libc v0.2.185
  Downloaded linux-raw-sys v0.12.1
   Compiling proc-macro2 v1.0.106
   Compiling unicode-ident v1.0.24
   Compiling quote v1.0.45
   Compiling cfg-if v1.0.4
   Compiling libc v0.2.185
   Compiling autocfg v1.5.0
   Compiling zerocopy v0.8.48
   Compiling getrandom v0.3.4
   Compiling crossbeam-utils v0.8.21
   Compiling serde_core v1.0.228
   Compiling rustix v1.1.4
   Compiling serde v1.0.228
   Compiling bitflags v2.11.1
   Compiling linux-raw-sys v0.12.1
   Compiling once_cell v1.21.4
   Compiling zmij v1.0.21
   Compiling either v1.15.0
   Compiling num-traits v0.2.19
   Compiling rayon-core v1.13.0
   Compiling fastrand v2.4.1
   Compiling serde_json v1.0.149
   Compiling regex-syntax v0.8.10
   Compiling syn v2.0.117
   Compiling matrixmultiply v0.3.10
   Compiling rand_core v0.9.5
   Compiling libm v0.2.16
   Compiling crossbeam-epoch v0.9.18
   Compiling tempfile v3.27.0
   Compiling ciborium-io v0.2.2
   Compiling anstyle v1.0.14
   Compiling clap_lex v1.1.0
   Compiling itoa v1.0.18
   Compiling plotters-backend v0.3.7
   Compiling memchr v2.8.0
   Compiling crossbeam-deque v0.8.6
   Compiling plotters-svg v0.3.7
   Compiling regex-automata v0.4.14
   Compiling clap_builder v4.6.0
   Compiling rayon v1.12.0
   Compiling num-complex v0.4.6
   Compiling wait-timeout v0.2.1
   Compiling itertools v0.10.5
   Compiling same-file v1.0.6
   Compiling rawpointer v0.2.1
   Compiling quick-error v1.2.3
   Compiling bit-vec v0.8.0
   Compiling cast v0.3.0
   Compiling fnv v1.0.7
   Compiling rusty-fork v0.3.1
   Compiling zerocopy-derive v0.8.48
   Compiling bytemuck_derive v1.10.2
   Compiling serde_derive v1.0.228
   Compiling bit-set v0.8.0
   Compiling criterion-plot v0.5.0
   Compiling walkdir v2.5.0
   Compiling bytemuck v1.25.0
   Compiling regex v1.12.3
   Compiling safe_arch v0.7.4
   Compiling clap v4.6.1
   Compiling plotters v0.3.7
   Compiling wide v0.7.33
   Compiling tinytemplate v1.2.1
   Compiling rand v0.9.4
   Compiling rand_xorshift v0.4.0
   Compiling console v0.16.3
   Compiling is-terminal v0.4.17
   Compiling oorandom v11.1.5
   Compiling similar v2.7.0
   Compiling anes v0.1.6
   Compiling unarray v0.1.4
   Compiling half v2.7.1
   Compiling ciborium-ll v0.2.2
   Compiling ppv-lite86 v0.2.21
   Compiling ciborium v0.2.2
   Compiling ft-core v0.1.0 (/data/projects/frankentorch/crates/ft-core)
   Compiling insta v1.47.2
   Compiling rand_chacha v0.9.0
   Compiling ft-kernel-cpu v0.1.0 (/data/projects/frankentorch/crates/ft-kernel-cpu)
   Compiling criterion v0.5.1
   Compiling proptest v1.11.0
    Finished `bench` profile [optimized + debuginfo] target(s) in 40.26s
     Running benches/linalg_bench.rs (.rch-target-vmi1227854-job-29879662679163357-1780977591691990475-0/release/deps/linalg_bench-a1fa7e7590f4a8db)
Gnuplot not found, using plotters backend
Benchmarking svd_f64_256x256
Benchmarking svd_f64_256x256: Warming up for 1.0000 s

Warning: Unable to complete 10 samples in 5.0s. You may wish to increase target time to 7.5s or enable flat sampling.
Benchmarking svd_f64_256x256: Collecting 10 samples in estimated 7.4946 s (55 iterations)
Benchmarking svd_f64_256x256: Analyzing
svd_f64_256x256         time:   [138.89 ms 140.55 ms 143.10 ms]
Found 3 outliers among 10 measurements (30.00%)
  1 (10.00%) low mild
  2 (20.00%) high mild

Benchmarking svd_f64_256x256_wellcond
Benchmarking svd_f64_256x256_wellcond: Warming up for 1.0000 s
Benchmarking svd_f64_256x256_wellcond: Collecting 10 samples in estimated 6.5231 s (20 iterations)
Benchmarking svd_f64_256x256_wellcond: Analyzing
svd_f64_256x256_wellcond
                        time:   [321.68 ms 327.39 ms 332.82 ms]
Found 1 outliers among 10 measurements (10.00%)
  1 (10.00%) low mild

  [2m2026-06-09T04:01:56.030440Z[0m [32m INFO[0m [1;32mrch::hook[0m[32m: [32mRemote command finished: exit=0 in 89519ms[0m
    [2;3mat[0m rch/src/hook.rs:6376 [2;3mon[0m ThreadId(1)

  [2m2026-06-09T04:01:56.030811Z[0m [32m INFO[0m [1;32mrch::hook[0m[32m: [32mRetrieving build artifacts...[0m
    [2;3mat[0m rch/src/hook.rs:6425 [2;3mon[0m ThreadId(1)

  [2m2026-06-09T04:01:56.030828Z[0m [32m INFO[0m [1;32mrch::transfer[0m[32m: [32mRetrieving artifacts from /data/projects/frankentorch on vmi1227854[0m
    [2;3mat[0m rch/src/transfer.rs:2106 [2;3mon[0m ThreadId(1)

  [2m2026-06-09T04:01:57.889218Z[0m [32m INFO[0m [1;32mrch::transfer[0m[32m: [32mArtifacts retrieved in 1858ms (5 files, 1809 bytes)[0m
    [2;3mat[0m rch/src/transfer.rs:2145 [2;3mon[0m ThreadId(1)

  [2m2026-06-09T04:01:57.889244Z[0m [32m INFO[0m [1;32mrch::hook[0m[32m: [32mArtifacts retrieved: 5 files, 1809 bytes in 1858ms[0m
    [2;3mat[0m rch/src/hook.rs:6458 [2;3mon[0m ThreadId(1)

  [2m2026-06-09T04:01:57.889351Z[0m [32m INFO[0m [1;32mrch::transfer[0m[32m: [32mRetrieving artifacts from /data/projects/frankentorch/.rch-target-vmi1227854-job-29879662679163357-1780977591691990475-0 on vmi1227854[0m
    [2;3mat[0m rch/src/transfer.rs:2106 [2;3mon[0m ThreadId(1)

  [2m2026-06-09T04:01:59.968231Z[0m [32m INFO[0m [1;32mrch::transfer[0m[32m: [32mArtifacts retrieved in 2078ms (49 files, 3304 bytes)[0m
    [2;3mat[0m rch/src/transfer.rs:2145 [2;3mon[0m ThreadId(1)

  [2m2026-06-09T04:01:59.968254Z[0m [32m INFO[0m [1;32mrch::hook[0m[32m: [32mCustom CARGO_TARGET_DIR artifacts retrieved: 49 files, 3304 bytes in 2078ms[0m
    [2;3mat[0m rch/src/hook.rs:6582 [2;3mon[0m ThreadId(1)

[RCH] remote vmi1227854 (130.3s)
