  [2m2026-06-09T03:21:20.625732Z[0m [32m INFO[0m [1;32mrch::hook[0m[32m: [32mSelected worker: ovh-a at ubuntu@51.222.245.56 (0 slots remaining after reservation, speed 50.0)[0m
    [2;3mat[0m rch/src/hook.rs:514 [2;3mon[0m ThreadId(1)

  [2m2026-06-09T03:21:20.941036Z[0m [32m INFO[0m [1;32mrch::hook[0m[32m: [32mStarting remote compilation pipeline for frankentorch (hash: 78ab156102a58c4c)[0m
    [2;3mat[0m rch/src/hook.rs:5994 [2;3mon[0m ThreadId(1)

  [2m2026-06-09T03:21:20.941071Z[0m [32m INFO[0m [1;32mrch::hook[0m[32m: [32mPrepared dependency sync manifest for 13 roots[0m
    [2;3mat[0m rch/src/hook.rs:6016 [2;3mon[0m ThreadId(1)

  [2m2026-06-09T03:21:21.803630Z[0m [32m INFO[0m [1;32mrch::hook[0m[32m: [32mSyncing project to worker ovh-a...[0m
    [2;3mat[0m rch/src/hook.rs:6046 [2;3mon[0m ThreadId(1)

  [2m2026-06-09T03:21:21.803770Z[0m [32m INFO[0m [1;32mrch::transfer[0m[32m: [32mSyncing /data/projects/frankentorch -> /data/projects/frankentorch on ovh-a[0m
    [2;3mat[0m rch/src/transfer.rs:1434 [2;3mon[0m ThreadId(1)

  [2m2026-06-09T03:21:24.096904Z[0m [32m INFO[0m [1;32mrch::transfer[0m[32m: [32mSync completed in 2293ms[0m
    [2;3mat[0m rch/src/transfer.rs:1503 [2;3mon[0m ThreadId(1)

  [2m2026-06-09T03:21:24.097025Z[0m [32m INFO[0m [1;32mrch::transfer[0m[32m: [32mSyncing /data/projects/frankentorch/crates/ft-api -> /data/projects/frankentorch/crates/ft-api on ovh-a[0m
    [2;3mat[0m rch/src/transfer.rs:1434 [2;3mon[0m ThreadId(1)

  [2m2026-06-09T03:21:24.558845Z[0m [32m INFO[0m [1;32mrch::transfer[0m[32m: [32mSync completed in 461ms[0m
    [2;3mat[0m rch/src/transfer.rs:1503 [2;3mon[0m ThreadId(1)

  [2m2026-06-09T03:21:24.558963Z[0m [32m INFO[0m [1;32mrch::transfer[0m[32m: [32mSyncing /data/projects/frankentorch/crates/ft-autograd -> /data/projects/frankentorch/crates/ft-autograd on ovh-a[0m
    [2;3mat[0m rch/src/transfer.rs:1434 [2;3mon[0m ThreadId(1)

  [2m2026-06-09T03:21:25.070922Z[0m [32m INFO[0m [1;32mrch::transfer[0m[32m: [32mSync completed in 511ms[0m
    [2;3mat[0m rch/src/transfer.rs:1503 [2;3mon[0m ThreadId(1)

  [2m2026-06-09T03:21:25.071049Z[0m [32m INFO[0m [1;32mrch::transfer[0m[32m: [32mSyncing /data/projects/frankentorch/crates/ft-conformance -> /data/projects/frankentorch/crates/ft-conformance on ovh-a[0m
    [2;3mat[0m rch/src/transfer.rs:1434 [2;3mon[0m ThreadId(1)

  [2m2026-06-09T03:21:25.599157Z[0m [32m INFO[0m [1;32mrch::transfer[0m[32m: [32mSync completed in 528ms[0m
    [2;3mat[0m rch/src/transfer.rs:1503 [2;3mon[0m ThreadId(1)

  [2m2026-06-09T03:21:25.599294Z[0m [32m INFO[0m [1;32mrch::transfer[0m[32m: [32mSyncing /data/projects/frankentorch/crates/ft-core -> /data/projects/frankentorch/crates/ft-core on ovh-a[0m
    [2;3mat[0m rch/src/transfer.rs:1434 [2;3mon[0m ThreadId(1)

  [2m2026-06-09T03:21:26.113103Z[0m [32m INFO[0m [1;32mrch::transfer[0m[32m: [32mSync completed in 513ms[0m
    [2;3mat[0m rch/src/transfer.rs:1503 [2;3mon[0m ThreadId(1)

  [2m2026-06-09T03:21:26.113213Z[0m [32m INFO[0m [1;32mrch::transfer[0m[32m: [32mSyncing /data/projects/frankentorch/crates/ft-data -> /data/projects/frankentorch/crates/ft-data on ovh-a[0m
    [2;3mat[0m rch/src/transfer.rs:1434 [2;3mon[0m ThreadId(1)

  [2m2026-06-09T03:21:26.613046Z[0m [32m INFO[0m [1;32mrch::transfer[0m[32m: [32mSync completed in 499ms[0m
    [2;3mat[0m rch/src/transfer.rs:1503 [2;3mon[0m ThreadId(1)

  [2m2026-06-09T03:21:26.613164Z[0m [32m INFO[0m [1;32mrch::transfer[0m[32m: [32mSyncing /data/projects/frankentorch/crates/ft-device -> /data/projects/frankentorch/crates/ft-device on ovh-a[0m
    [2;3mat[0m rch/src/transfer.rs:1434 [2;3mon[0m ThreadId(1)

  [2m2026-06-09T03:21:27.080400Z[0m [32m INFO[0m [1;32mrch::transfer[0m[32m: [32mSync completed in 467ms[0m
    [2;3mat[0m rch/src/transfer.rs:1503 [2;3mon[0m ThreadId(1)

  [2m2026-06-09T03:21:27.080510Z[0m [32m INFO[0m [1;32mrch::transfer[0m[32m: [32mSyncing /data/projects/frankentorch/crates/ft-dispatch -> /data/projects/frankentorch/crates/ft-dispatch on ovh-a[0m
    [2;3mat[0m rch/src/transfer.rs:1434 [2;3mon[0m ThreadId(1)

  [2m2026-06-09T03:21:27.566637Z[0m [32m INFO[0m [1;32mrch::transfer[0m[32m: [32mSync completed in 486ms[0m
    [2;3mat[0m rch/src/transfer.rs:1503 [2;3mon[0m ThreadId(1)

  [2m2026-06-09T03:21:27.566778Z[0m [32m INFO[0m [1;32mrch::transfer[0m[32m: [32mSyncing /data/projects/frankentorch/crates/ft-kernel-cpu -> /data/projects/frankentorch/crates/ft-kernel-cpu on ovh-a[0m
    [2;3mat[0m rch/src/transfer.rs:1434 [2;3mon[0m ThreadId(1)

  [2m2026-06-09T03:21:28.081167Z[0m [32m INFO[0m [1;32mrch::transfer[0m[32m: [32mSync completed in 514ms[0m
    [2;3mat[0m rch/src/transfer.rs:1503 [2;3mon[0m ThreadId(1)

  [2m2026-06-09T03:21:28.081293Z[0m [32m INFO[0m [1;32mrch::transfer[0m[32m: [32mSyncing /data/projects/frankentorch/crates/ft-nn -> /data/projects/frankentorch/crates/ft-nn on ovh-a[0m
    [2;3mat[0m rch/src/transfer.rs:1434 [2;3mon[0m ThreadId(1)

  [2m2026-06-09T03:21:28.769405Z[0m [32m INFO[0m [1;32mrch::transfer[0m[32m: [32mSync completed in 688ms[0m
    [2;3mat[0m rch/src/transfer.rs:1503 [2;3mon[0m ThreadId(1)

  [2m2026-06-09T03:21:28.769518Z[0m [32m INFO[0m [1;32mrch::transfer[0m[32m: [32mSyncing /data/projects/frankentorch/crates/ft-optim -> /data/projects/frankentorch/crates/ft-optim on ovh-a[0m
    [2;3mat[0m rch/src/transfer.rs:1434 [2;3mon[0m ThreadId(1)

  [2m2026-06-09T03:21:29.230270Z[0m [32m INFO[0m [1;32mrch::transfer[0m[32m: [32mSync completed in 460ms[0m
    [2;3mat[0m rch/src/transfer.rs:1503 [2;3mon[0m ThreadId(1)

  [2m2026-06-09T03:21:29.230425Z[0m [32m INFO[0m [1;32mrch::transfer[0m[32m: [32mSyncing /data/projects/frankentorch/crates/ft-runtime -> /data/projects/frankentorch/crates/ft-runtime on ovh-a[0m
    [2;3mat[0m rch/src/transfer.rs:1434 [2;3mon[0m ThreadId(1)

  [2m2026-06-09T03:21:29.702289Z[0m [32m INFO[0m [1;32mrch::transfer[0m[32m: [32mSync completed in 471ms[0m
    [2;3mat[0m rch/src/transfer.rs:1503 [2;3mon[0m ThreadId(1)

  [2m2026-06-09T03:21:29.702405Z[0m [32m INFO[0m [1;32mrch::transfer[0m[32m: [32mSyncing /data/projects/frankentorch/crates/ft-serialize -> /data/projects/frankentorch/crates/ft-serialize on ovh-a[0m
    [2;3mat[0m rch/src/transfer.rs:1434 [2;3mon[0m ThreadId(1)

  [2m2026-06-09T03:21:30.181600Z[0m [32m INFO[0m [1;32mrch::transfer[0m[32m: [32mSync completed in 479ms[0m
    [2;3mat[0m rch/src/transfer.rs:1503 [2;3mon[0m ThreadId(1)

  [2m2026-06-09T03:21:30.181642Z[0m [32m INFO[0m [1;32mrch::hook[0m[32m: [32mSync complete: 51105 files, 1821098 bytes in 8370ms[0m
    [2;3mat[0m rch/src/hook.rs:6209 [2;3mon[0m ThreadId(1)

  [2m2026-06-09T03:21:31.829426Z[0m [32m INFO[0m [1;32mrch::hook[0m[32m: [32mExecuting command remotely: cargo bench -p ft-kernel-cpu --bench linalg_bench -- svd_f64_256x256 --warm-up-time 1 --measurement-time 5 --sample-size 10[0m
    [2;3mat[0m rch/src/hook.rs:6252 [2;3mon[0m ThreadId(1)

  [2m2026-06-09T03:21:31.829486Z[0m [32m INFO[0m [1;32mrch::transfer[0m[32m: [32mRewriting CARGO_TARGET_DIR for remote execution (worker-scoped path): /data/tmp/cargo-target -> /data/projects/frankentorch/.rch-target-ovh-a-job-29879662679163231-1780975281803622260-0[0m
    [2;3mat[0m rch/src/transfer.rs:712 [2;3mon[0m ThreadId(1)

    Updating crates.io index
 Downloading crates ...
  Downloaded bit-set v0.8.0
  Downloaded anes v0.1.6
  Downloaded anstyle v1.0.14
  Downloaded autocfg v1.5.0
  Downloaded aho-corasick v1.1.4
  Downloaded bitflags v2.11.1
  Downloaded cfg-if v1.0.4
  Downloaded ciborium v0.2.2
  Downloaded fastrand v2.4.1
  Downloaded cast v0.3.0
  Downloaded console v0.16.3
  Downloaded ciborium-io v0.2.2
  Downloaded criterion-plot v0.5.0
  Downloaded clap_builder v4.6.0
  Downloaded bytemuck_derive v1.10.2
  Downloaded itertools v0.10.5
  Downloaded fnv v1.0.7
  Downloaded criterion v0.5.1
  Downloaded memchr v2.8.0
  Downloaded bit-vec v0.8.0
  Downloaded bytemuck v1.25.0
  Downloaded clap_lex v1.1.0
  Downloaded is-terminal v0.4.17
  Downloaded itoa v1.0.18
  Downloaded errno v0.3.14
  Downloaded either v1.15.0
  Downloaded ciborium-ll v0.2.2
  Downloaded crossbeam-deque v0.8.6
  Downloaded crossbeam-utils v0.8.21
  Downloaded getrandom v0.3.4
  Downloaded rawpointer v0.2.1
  Downloaded same-file v1.0.6
  Downloaded plotters-backend v0.3.7
  Downloaded tempfile v3.27.0
  Downloaded half v2.7.1
  Downloaded rand_xorshift v0.4.0
  Downloaded quick-error v1.2.3
  Downloaded insta v1.47.2
  Downloaded ppv-lite86 v0.2.21
  Downloaded clap v4.6.1
  Downloaded matrixmultiply v0.3.10
  Downloaded quote v1.0.45
  Downloaded rusty-fork v0.3.1
  Downloaded oorandom v11.1.5
  Downloaded num-traits v0.2.19
  Downloaded tinytemplate v1.2.1
  Downloaded rand_chacha v0.9.0
  Downloaded rand_core v0.9.5
  Downloaded wait-timeout v0.2.1
  Downloaded once_cell v1.21.4
  Downloaded unarray v0.1.4
  Downloaded plotters-svg v0.3.7
  Downloaded walkdir v2.5.0
  Downloaded safe_arch v0.7.4
  Downloaded unicode-ident v1.0.24
  Downloaded similar v2.7.0
  Downloaded crossbeam-epoch v0.9.18
  Downloaded zmij v1.0.21
  Downloaded num-complex v0.4.6
  Downloaded proc-macro2 v1.0.106
  Downloaded serde_derive v1.0.228
  Downloaded libm v0.2.16
  Downloaded serde v1.0.228
  Downloaded serde_core v1.0.228
  Downloaded rayon-core v1.13.0
  Downloaded zerocopy-derive v0.8.48
  Downloaded wide v0.7.33
  Downloaded rand v0.9.4
  Downloaded plotters v0.3.7
  Downloaded rayon v1.12.0
  Downloaded regex v1.12.3
  Downloaded serde_json v1.0.149
  Downloaded proptest v1.11.0
  Downloaded syn v2.0.117
  Downloaded zerocopy v0.8.48
  Downloaded regex-syntax v0.8.10
  Downloaded rustix v1.1.4
  Downloaded regex-automata v0.4.14
  Downloaded libc v0.2.185
  Downloaded linux-raw-sys v0.12.1
   Compiling proc-macro2 v1.0.106
   Compiling unicode-ident v1.0.24
   Compiling quote v1.0.45
   Compiling libc v0.2.185
   Compiling cfg-if v1.0.4
   Compiling autocfg v1.5.0
   Compiling zerocopy v0.8.48
   Compiling getrandom v0.3.4
   Compiling crossbeam-utils v0.8.21
   Compiling serde_core v1.0.228
   Compiling rustix v1.1.4
   Compiling rayon-core v1.13.0
   Compiling zmij v1.0.21
   Compiling serde v1.0.228
   Compiling linux-raw-sys v0.12.1
   Compiling once_cell v1.21.4
   Compiling either v1.15.0
   Compiling bitflags v2.11.1
   Compiling fastrand v2.4.1
   Compiling serde_json v1.0.149
   Compiling regex-syntax v0.8.10
   Compiling num-traits v0.2.19
   Compiling matrixmultiply v0.3.10
   Compiling libm v0.2.16
   Compiling anstyle v1.0.14
   Compiling ciborium-io v0.2.2
   Compiling plotters-backend v0.3.7
   Compiling itoa v1.0.18
   Compiling memchr v2.8.0
   Compiling clap_lex v1.1.0
   Compiling itertools v0.10.5
   Compiling plotters-svg v0.3.7
   Compiling rawpointer v0.2.1
   Compiling clap_builder v4.6.0
   Compiling fnv v1.0.7
   Compiling quick-error v1.2.3
   Compiling bit-vec v0.8.0
   Compiling same-file v1.0.6
   Compiling cast v0.3.0
   Compiling walkdir v2.5.0
   Compiling syn v2.0.117
   Compiling bit-set v0.8.0
   Compiling crossbeam-epoch v0.9.18
   Compiling wait-timeout v0.2.1
   Compiling crossbeam-deque v0.8.6
   Compiling rand_core v0.9.5
   Compiling num-complex v0.4.6
   Compiling rand v0.9.4
   Compiling rand_xorshift v0.4.0
   Compiling plotters v0.3.7
   Compiling criterion-plot v0.5.0
   Compiling console v0.16.3
   Compiling is-terminal v0.4.17
   Compiling anes v0.1.6
   Compiling similar v2.7.0
   Compiling unarray v0.1.4
   Compiling oorandom v11.1.5
   Compiling regex-automata v0.4.14
   Compiling rayon v1.12.0
   Compiling tempfile v3.27.0
   Compiling clap v4.6.1
   Compiling rusty-fork v0.3.1
   Compiling insta v1.47.2
   Compiling regex v1.12.3
   Compiling zerocopy-derive v0.8.48
   Compiling bytemuck_derive v1.10.2
   Compiling serde_derive v1.0.228
   Compiling bytemuck v1.25.0
   Compiling safe_arch v0.7.4
   Compiling wide v0.7.33
   Compiling tinytemplate v1.2.1
   Compiling half v2.7.1
   Compiling ppv-lite86 v0.2.21
   Compiling ciborium-ll v0.2.2
   Compiling ft-core v0.1.0 (/data/projects/frankentorch/crates/ft-core)
   Compiling rand_chacha v0.9.0
   Compiling ciborium v0.2.2
   Compiling proptest v1.11.0
   Compiling ft-kernel-cpu v0.1.0 (/data/projects/frankentorch/crates/ft-kernel-cpu)
   Compiling criterion v0.5.1
    Finished `bench` profile [optimized + debuginfo] target(s) in 25.47s
     Running benches/linalg_bench.rs (.rch-target-ovh-a-job-29879662679163231-1780975281803622260-0/release/deps/linalg_bench-a1fa7e7590f4a8db)
Gnuplot not found, using plotters backend
Benchmarking svd_f64_256x256
Benchmarking svd_f64_256x256: Warming up for 1.0000 s

Warning: Unable to complete 10 samples in 5.0s. You may wish to increase target time to 7.4s or enable flat sampling.
Benchmarking svd_f64_256x256: Collecting 10 samples in estimated 7.4147 s (55 iterations)
Benchmarking svd_f64_256x256: Analyzing
svd_f64_256x256         time:   [135.00 ms 135.28 ms 135.72 ms]
Found 3 outliers among 10 measurements (30.00%)
  1 (10.00%) low mild
  1 (10.00%) high mild
  1 (10.00%) high severe

Benchmarking svd_f64_256x256_wellcond
Benchmarking svd_f64_256x256_wellcond: Warming up for 1.0000 s
Benchmarking svd_f64_256x256_wellcond: Collecting 10 samples in estimated 6.3304 s (30 iterations)
Benchmarking svd_f64_256x256_wellcond: Analyzing
svd_f64_256x256_wellcond
                        time:   [211.75 ms 212.35 ms 212.75 ms]
Found 2 outliers among 10 measurements (20.00%)
  1 (10.00%) low severe
  1 (10.00%) low mild

  [2m2026-06-09T03:22:38.126895Z[0m [32m INFO[0m [1;32mrch::hook[0m[32m: [32mRemote command finished: exit=0 in 66297ms[0m
    [2;3mat[0m rch/src/hook.rs:6376 [2;3mon[0m ThreadId(1)

  [2m2026-06-09T03:22:38.127229Z[0m [32m INFO[0m [1;32mrch::hook[0m[32m: [32mRetrieving build artifacts...[0m
    [2;3mat[0m rch/src/hook.rs:6425 [2;3mon[0m ThreadId(1)

  [2m2026-06-09T03:22:38.127259Z[0m [32m INFO[0m [1;32mrch::transfer[0m[32m: [32mRetrieving artifacts from /data/projects/frankentorch on ovh-a[0m
    [2;3mat[0m rch/src/transfer.rs:2106 [2;3mon[0m ThreadId(1)

  [2m2026-06-09T03:22:38.593642Z[0m [32m INFO[0m [1;32mrch::transfer[0m[32m: [32mArtifacts retrieved in 466ms (1 files, 1809 bytes)[0m
    [2;3mat[0m rch/src/transfer.rs:2145 [2;3mon[0m ThreadId(1)

  [2m2026-06-09T03:22:38.593666Z[0m [32m INFO[0m [1;32mrch::hook[0m[32m: [32mArtifacts retrieved: 1 files, 1809 bytes in 466ms[0m
    [2;3mat[0m rch/src/hook.rs:6458 [2;3mon[0m ThreadId(1)

  [2m2026-06-09T03:22:38.593775Z[0m [32m INFO[0m [1;32mrch::transfer[0m[32m: [32mRetrieving artifacts from /data/projects/frankentorch/.rch-target-ovh-a-job-29879662679163231-1780975281803622260-0 on ovh-a[0m
    [2;3mat[0m rch/src/transfer.rs:2106 [2;3mon[0m ThreadId(1)

  [2m2026-06-09T03:22:39.052673Z[0m [32m INFO[0m [1;32mrch::transfer[0m[32m: [32mArtifacts retrieved in 458ms (49 files, 3068 bytes)[0m
    [2;3mat[0m rch/src/transfer.rs:2145 [2;3mon[0m ThreadId(1)

  [2m2026-06-09T03:22:39.052698Z[0m [32m INFO[0m [1;32mrch::hook[0m[32m: [32mCustom CARGO_TARGET_DIR artifacts retrieved: 49 files, 3068 bytes in 458ms[0m
    [2;3mat[0m rch/src/hook.rs:6582 [2;3mon[0m ThreadId(1)

[RCH] remote ovh-a (78.4s)
