  [2m2026-06-09T03:23:46.257988Z[0m [32m INFO[0m [1;32mrch::hook[0m[32m: [32mSelected worker: ovh-a at ubuntu@51.222.245.56 (0 slots remaining after reservation, speed 50.0)[0m
    [2;3mat[0m rch/src/hook.rs:514 [2;3mon[0m ThreadId(1)

  [2m2026-06-09T03:23:46.822622Z[0m [32m INFO[0m [1;32mrch::hook[0m[32m: [32mStarting remote compilation pipeline for frankentorch-91dva-baseline-20260609T0323Z (hash: c7775da5350746e9)[0m
    [2;3mat[0m rch/src/hook.rs:5994 [2;3mon[0m ThreadId(1)

  [2m2026-06-09T03:23:46.822678Z[0m [32m INFO[0m [1;32mrch::hook[0m[32m: [32mPrepared dependency sync manifest for 13 roots[0m
    [2;3mat[0m rch/src/hook.rs:6016 [2;3mon[0m ThreadId(1)

  [2m2026-06-09T03:23:54.478938Z[0m [32m INFO[0m [1;32mrch::hook[0m[32m: [32mSyncing project to worker ovh-a...[0m
    [2;3mat[0m rch/src/hook.rs:6046 [2;3mon[0m ThreadId(1)

  [2m2026-06-09T03:23:54.479049Z[0m [32m INFO[0m [1;32mrch::transfer[0m[32m: [32mSyncing /data/projects/.scratch/frankentorch-91dva-baseline-20260609T0323Z -> /data/projects/.scratch/frankentorch-91dva-baseline-20260609T0323Z on ovh-a[0m
    [2;3mat[0m rch/src/transfer.rs:1434 [2;3mon[0m ThreadId(1)

  [2m2026-06-09T03:23:55.661075Z[0m [32m INFO[0m [1;32mrch::transfer[0m[32m: [32mSync completed in 1182ms[0m
    [2;3mat[0m rch/src/transfer.rs:1503 [2;3mon[0m ThreadId(1)

  [2m2026-06-09T03:23:55.661213Z[0m [32m INFO[0m [1;32mrch::transfer[0m[32m: [32mSyncing /data/projects/.scratch/frankentorch-91dva-baseline-20260609T0323Z/crates/ft-api -> /data/projects/.scratch/frankentorch-91dva-baseline-20260609T0323Z/crates/ft-api on ovh-a[0m
    [2;3mat[0m rch/src/transfer.rs:1434 [2;3mon[0m ThreadId(1)

  [2m2026-06-09T03:23:56.118972Z[0m [32m INFO[0m [1;32mrch::transfer[0m[32m: [32mSync completed in 457ms[0m
    [2;3mat[0m rch/src/transfer.rs:1503 [2;3mon[0m ThreadId(1)

  [2m2026-06-09T03:23:56.119151Z[0m [32m INFO[0m [1;32mrch::transfer[0m[32m: [32mSyncing /data/projects/.scratch/frankentorch-91dva-baseline-20260609T0323Z/crates/ft-autograd -> /data/projects/.scratch/frankentorch-91dva-baseline-20260609T0323Z/crates/ft-autograd on ovh-a[0m
    [2;3mat[0m rch/src/transfer.rs:1434 [2;3mon[0m ThreadId(1)

  [2m2026-06-09T03:23:56.591411Z[0m [32m INFO[0m [1;32mrch::transfer[0m[32m: [32mSync completed in 472ms[0m
    [2;3mat[0m rch/src/transfer.rs:1503 [2;3mon[0m ThreadId(1)

  [2m2026-06-09T03:23:56.591554Z[0m [32m INFO[0m [1;32mrch::transfer[0m[32m: [32mSyncing /data/projects/.scratch/frankentorch-91dva-baseline-20260609T0323Z/crates/ft-conformance -> /data/projects/.scratch/frankentorch-91dva-baseline-20260609T0323Z/crates/ft-conformance on ovh-a[0m
    [2;3mat[0m rch/src/transfer.rs:1434 [2;3mon[0m ThreadId(1)

  [2m2026-06-09T03:23:57.090787Z[0m [32m INFO[0m [1;32mrch::transfer[0m[32m: [32mSync completed in 499ms[0m
    [2;3mat[0m rch/src/transfer.rs:1503 [2;3mon[0m ThreadId(1)

  [2m2026-06-09T03:23:57.090962Z[0m [32m INFO[0m [1;32mrch::transfer[0m[32m: [32mSyncing /data/projects/.scratch/frankentorch-91dva-baseline-20260609T0323Z/crates/ft-core -> /data/projects/.scratch/frankentorch-91dva-baseline-20260609T0323Z/crates/ft-core on ovh-a[0m
    [2;3mat[0m rch/src/transfer.rs:1434 [2;3mon[0m ThreadId(1)

  [2m2026-06-09T03:23:57.612916Z[0m [32m INFO[0m [1;32mrch::transfer[0m[32m: [32mSync completed in 521ms[0m
    [2;3mat[0m rch/src/transfer.rs:1503 [2;3mon[0m ThreadId(1)

  [2m2026-06-09T03:23:57.613063Z[0m [32m INFO[0m [1;32mrch::transfer[0m[32m: [32mSyncing /data/projects/.scratch/frankentorch-91dva-baseline-20260609T0323Z/crates/ft-data -> /data/projects/.scratch/frankentorch-91dva-baseline-20260609T0323Z/crates/ft-data on ovh-a[0m
    [2;3mat[0m rch/src/transfer.rs:1434 [2;3mon[0m ThreadId(1)

  [2m2026-06-09T03:23:58.081977Z[0m [32m INFO[0m [1;32mrch::transfer[0m[32m: [32mSync completed in 468ms[0m
    [2;3mat[0m rch/src/transfer.rs:1503 [2;3mon[0m ThreadId(1)

  [2m2026-06-09T03:23:58.082119Z[0m [32m INFO[0m [1;32mrch::transfer[0m[32m: [32mSyncing /data/projects/.scratch/frankentorch-91dva-baseline-20260609T0323Z/crates/ft-device -> /data/projects/.scratch/frankentorch-91dva-baseline-20260609T0323Z/crates/ft-device on ovh-a[0m
    [2;3mat[0m rch/src/transfer.rs:1434 [2;3mon[0m ThreadId(1)

  [2m2026-06-09T03:23:58.604840Z[0m [32m INFO[0m [1;32mrch::transfer[0m[32m: [32mSync completed in 522ms[0m
    [2;3mat[0m rch/src/transfer.rs:1503 [2;3mon[0m ThreadId(1)

  [2m2026-06-09T03:23:58.604974Z[0m [32m INFO[0m [1;32mrch::transfer[0m[32m: [32mSyncing /data/projects/.scratch/frankentorch-91dva-baseline-20260609T0323Z/crates/ft-dispatch -> /data/projects/.scratch/frankentorch-91dva-baseline-20260609T0323Z/crates/ft-dispatch on ovh-a[0m
    [2;3mat[0m rch/src/transfer.rs:1434 [2;3mon[0m ThreadId(1)

  [2m2026-06-09T03:23:59.127885Z[0m [32m INFO[0m [1;32mrch::transfer[0m[32m: [32mSync completed in 522ms[0m
    [2;3mat[0m rch/src/transfer.rs:1503 [2;3mon[0m ThreadId(1)

  [2m2026-06-09T03:23:59.128027Z[0m [32m INFO[0m [1;32mrch::transfer[0m[32m: [32mSyncing /data/projects/.scratch/frankentorch-91dva-baseline-20260609T0323Z/crates/ft-kernel-cpu -> /data/projects/.scratch/frankentorch-91dva-baseline-20260609T0323Z/crates/ft-kernel-cpu on ovh-a[0m
    [2;3mat[0m rch/src/transfer.rs:1434 [2;3mon[0m ThreadId(1)

  [2m2026-06-09T03:23:59.649781Z[0m [32m INFO[0m [1;32mrch::transfer[0m[32m: [32mSync completed in 521ms[0m
    [2;3mat[0m rch/src/transfer.rs:1503 [2;3mon[0m ThreadId(1)

  [2m2026-06-09T03:23:59.649931Z[0m [32m INFO[0m [1;32mrch::transfer[0m[32m: [32mSyncing /data/projects/.scratch/frankentorch-91dva-baseline-20260609T0323Z/crates/ft-nn -> /data/projects/.scratch/frankentorch-91dva-baseline-20260609T0323Z/crates/ft-nn on ovh-a[0m
    [2;3mat[0m rch/src/transfer.rs:1434 [2;3mon[0m ThreadId(1)

  [2m2026-06-09T03:24:00.159124Z[0m [32m INFO[0m [1;32mrch::transfer[0m[32m: [32mSync completed in 509ms[0m
    [2;3mat[0m rch/src/transfer.rs:1503 [2;3mon[0m ThreadId(1)

  [2m2026-06-09T03:24:00.159342Z[0m [32m INFO[0m [1;32mrch::transfer[0m[32m: [32mSyncing /data/projects/.scratch/frankentorch-91dva-baseline-20260609T0323Z/crates/ft-optim -> /data/projects/.scratch/frankentorch-91dva-baseline-20260609T0323Z/crates/ft-optim on ovh-a[0m
    [2;3mat[0m rch/src/transfer.rs:1434 [2;3mon[0m ThreadId(1)

  [2m2026-06-09T03:24:00.624299Z[0m [32m INFO[0m [1;32mrch::transfer[0m[32m: [32mSync completed in 464ms[0m
    [2;3mat[0m rch/src/transfer.rs:1503 [2;3mon[0m ThreadId(1)

  [2m2026-06-09T03:24:00.624425Z[0m [32m INFO[0m [1;32mrch::transfer[0m[32m: [32mSyncing /data/projects/.scratch/frankentorch-91dva-baseline-20260609T0323Z/crates/ft-runtime -> /data/projects/.scratch/frankentorch-91dva-baseline-20260609T0323Z/crates/ft-runtime on ovh-a[0m
    [2;3mat[0m rch/src/transfer.rs:1434 [2;3mon[0m ThreadId(1)

  [2m2026-06-09T03:24:01.144194Z[0m [32m INFO[0m [1;32mrch::transfer[0m[32m: [32mSync completed in 519ms[0m
    [2;3mat[0m rch/src/transfer.rs:1503 [2;3mon[0m ThreadId(1)

  [2m2026-06-09T03:24:01.144416Z[0m [32m INFO[0m [1;32mrch::transfer[0m[32m: [32mSyncing /data/projects/.scratch/frankentorch-91dva-baseline-20260609T0323Z/crates/ft-serialize -> /data/projects/.scratch/frankentorch-91dva-baseline-20260609T0323Z/crates/ft-serialize on ovh-a[0m
    [2;3mat[0m rch/src/transfer.rs:1434 [2;3mon[0m ThreadId(1)

  [2m2026-06-09T03:24:01.608135Z[0m [32m INFO[0m [1;32mrch::transfer[0m[32m: [32mSync completed in 463ms[0m
    [2;3mat[0m rch/src/transfer.rs:1503 [2;3mon[0m ThreadId(1)

  [2m2026-06-09T03:24:01.608171Z[0m [32m INFO[0m [1;32mrch::hook[0m[32m: [32mSync complete: 1816 files, 4341094 bytes in 7119ms[0m
    [2;3mat[0m rch/src/hook.rs:6209 [2;3mon[0m ThreadId(1)

  [2m2026-06-09T03:24:03.136071Z[0m [32m INFO[0m [1;32mrch::hook[0m[32m: [32mExecuting command remotely: cargo bench -p ft-kernel-cpu --bench linalg_bench -- svd_f64_256x256 --warm-up-time 1 --measurement-time 5 --sample-size 10[0m
    [2;3mat[0m rch/src/hook.rs:6252 [2;3mon[0m ThreadId(1)

  [2m2026-06-09T03:24:03.136112Z[0m [32m INFO[0m [1;32mrch::transfer[0m[32m: [32mRewriting CARGO_TARGET_DIR for remote execution (worker-scoped path): /data/tmp/cargo-target -> /data/projects/.scratch/frankentorch-91dva-baseline-20260609T0323Z/.rch-target-ovh-a-job-29879662679163236-1780975434478930791-0[0m
    [2;3mat[0m rch/src/transfer.rs:712 [2;3mon[0m ThreadId(1)

    Updating crates.io index
 Downloading crates ...
  Downloaded bit-set v0.8.0
  Downloaded anstyle v1.0.14
  Downloaded anes v0.1.6
  Downloaded autocfg v1.5.0
  Downloaded aho-corasick v1.1.4
  Downloaded console v0.16.3
  Downloaded crossbeam-epoch v0.9.18
  Downloaded ciborium v0.2.2
  Downloaded fastrand v2.4.1
  Downloaded is-terminal v0.4.17
  Downloaded crossbeam-deque v0.8.6
  Downloaded clap_builder v4.6.0
  Downloaded criterion v0.5.1
  Downloaded num-traits v0.2.19
  Downloaded ciborium-io v0.2.2
  Downloaded clap_lex v1.1.0
  Downloaded quote v1.0.45
  Downloaded getrandom v0.3.4
  Downloaded libm v0.2.16
  Downloaded bit-vec v0.8.0
  Downloaded plotters v0.3.7
  Downloaded quick-error v1.2.3
  Downloaded num-complex v0.4.6
  Downloaded cfg-if v1.0.4
  Downloaded criterion-plot v0.5.0
  Downloaded crossbeam-utils v0.8.21
  Downloaded rand_xorshift v0.4.0
  Downloaded once_cell v1.21.4
  Downloaded proc-macro2 v1.0.106
  Downloaded bitflags v2.11.1
  Downloaded fnv v1.0.7
  Downloaded cast v0.3.0
  Downloaded ciborium-ll v0.2.2
  Downloaded safe_arch v0.7.4
  Downloaded unarray v0.1.4
  Downloaded bytemuck_derive v1.10.2
  Downloaded rand_core v0.9.5
  Downloaded errno v0.3.14
  Downloaded plotters-backend v0.3.7
  Downloaded clap v4.6.1
  Downloaded either v1.15.0
  Downloaded rand_chacha v0.9.0
  Downloaded plotters-svg v0.3.7
  Downloaded same-file v1.0.6
  Downloaded wait-timeout v0.2.1
  Downloaded zmij v1.0.21
  Downloaded rawpointer v0.2.1
  Downloaded oorandom v11.1.5
  Downloaded itoa v1.0.18
  Downloaded tinytemplate v1.2.1
  Downloaded rusty-fork v0.3.1
  Downloaded ppv-lite86 v0.2.21
  Downloaded bytemuck v1.25.0
  Downloaded tempfile v3.27.0
  Downloaded serde_core v1.0.228
  Downloaded rayon-core v1.13.0
  Downloaded walkdir v2.5.0
  Downloaded unicode-ident v1.0.24
  Downloaded similar v2.7.0
  Downloaded matrixmultiply v0.3.10
  Downloaded serde_derive v1.0.228
  Downloaded memchr v2.8.0
  Downloaded serde v1.0.228
  Downloaded half v2.7.1
  Downloaded insta v1.47.2
  Downloaded wide v0.7.33
  Downloaded rand v0.9.4
  Downloaded zerocopy-derive v0.8.48
  Downloaded itertools v0.10.5
  Downloaded proptest v1.11.0
  Downloaded serde_json v1.0.149
  Downloaded regex v1.12.3
  Downloaded rayon v1.12.0
  Downloaded regex-syntax v0.8.10
  Downloaded zerocopy v0.8.48
  Downloaded syn v2.0.117
  Downloaded rustix v1.1.4
  Downloaded regex-automata v0.4.14
  Downloaded libc v0.2.185
  Downloaded linux-raw-sys v0.12.1
   Compiling proc-macro2 v1.0.106
   Compiling unicode-ident v1.0.24
   Compiling quote v1.0.45
   Compiling libc v0.2.185
   Compiling cfg-if v1.0.4
   Compiling autocfg v1.5.0
   Compiling zerocopy v0.8.48
   Compiling getrandom v0.3.4
   Compiling crossbeam-utils v0.8.21
   Compiling serde_core v1.0.228
   Compiling rustix v1.1.4
   Compiling either v1.15.0
   Compiling rayon-core v1.13.0
   Compiling serde v1.0.228
   Compiling bitflags v2.11.1
   Compiling zmij v1.0.21
   Compiling linux-raw-sys v0.12.1
   Compiling once_cell v1.21.4
   Compiling regex-syntax v0.8.10
   Compiling fastrand v2.4.1
   Compiling serde_json v1.0.149
   Compiling itoa v1.0.18
   Compiling libm v0.2.16
   Compiling plotters-backend v0.3.7
   Compiling ciborium-io v0.2.2
   Compiling num-traits v0.2.19
   Compiling matrixmultiply v0.3.10
   Compiling anstyle v1.0.14
   Compiling memchr v2.8.0
   Compiling clap_lex v1.1.0
   Compiling itertools v0.10.5
   Compiling fnv v1.0.7
   Compiling plotters-svg v0.3.7
   Compiling quick-error v1.2.3
   Compiling same-file v1.0.6
   Compiling clap_builder v4.6.0
   Compiling bit-vec v0.8.0
   Compiling rawpointer v0.2.1
   Compiling cast v0.3.0
   Compiling crossbeam-epoch v0.9.18
   Compiling walkdir v2.5.0
   Compiling bit-set v0.8.0
   Compiling syn v2.0.117
   Compiling crossbeam-deque v0.8.6
   Compiling unarray v0.1.4
   Compiling oorandom v11.1.5
   Compiling similar v2.7.0
   Compiling anes v0.1.6
   Compiling num-complex v0.4.6
   Compiling rand_core v0.9.5
   Compiling wait-timeout v0.2.1
   Compiling plotters v0.3.7
   Compiling criterion-plot v0.5.0
   Compiling rand_xorshift v0.4.0
   Compiling tempfile v3.27.0
   Compiling rayon v1.12.0
   Compiling rand v0.9.4
   Compiling console v0.16.3
   Compiling rusty-fork v0.3.1
   Compiling regex-automata v0.4.14
   Compiling clap v4.6.1
   Compiling is-terminal v0.4.17
   Compiling insta v1.47.2
   Compiling zerocopy-derive v0.8.48
   Compiling bytemuck_derive v1.10.2
   Compiling serde_derive v1.0.228
   Compiling regex v1.12.3
   Compiling bytemuck v1.25.0
   Compiling safe_arch v0.7.4
   Compiling wide v0.7.33
   Compiling tinytemplate v1.2.1
   Compiling half v2.7.1
   Compiling ppv-lite86 v0.2.21
   Compiling rand_chacha v0.9.0
   Compiling ciborium-ll v0.2.2
   Compiling ft-core v0.1.0 (/data/projects/.scratch/frankentorch-91dva-baseline-20260609T0323Z/crates/ft-core)
   Compiling ciborium v0.2.2
   Compiling proptest v1.11.0
   Compiling ft-kernel-cpu v0.1.0 (/data/projects/.scratch/frankentorch-91dva-baseline-20260609T0323Z/crates/ft-kernel-cpu)
error[E0425]: cannot find value `update_q_row` in this scope
     --> crates/ft-kernel-cpu/src/lib.rs:10847:62
      |
10847 | ...                   q_acc.par_chunks_mut(n).for_each(update_q_row);
      |                                                        ^^^^^^^^^^^^ not found in this scope

error[E0425]: cannot find value `update_q_row` in this scope
     --> crates/ft-kernel-cpu/src/lib.rs:10849:58
      |
10849 | ...                   q_acc.chunks_mut(n).for_each(update_q_row);
      |                                                    ^^^^^^^^^^^^ not found in this scope

   Compiling criterion v0.5.1
For more information about this error, try `rustc --explain E0425`.
error: could not compile `ft-kernel-cpu` (lib) due to 2 previous errors
warning: build failed, waiting for other jobs to finish...
  [2m2026-06-09T03:24:17.929001Z[0m [32m INFO[0m [1;32mrch::hook[0m[32m: [32mRemote command finished: exit=101 in 14792ms[0m
    [2;3mat[0m rch/src/hook.rs:6376 [2;3mon[0m ThreadId(1)

[RCH] remote ovh-a failed (exit 101)
