  [2m2026-06-09T03:32:35.180638Z[0m [32m INFO[0m [1;32mrch::hook[0m[32m: [32mSelected worker: vmi1227854 at root@109.123.245.77 (0 slots remaining after reservation, speed 50.0)[0m
    [2;3mat[0m rch/src/hook.rs:514 [2;3mon[0m ThreadId(1)

  [2m2026-06-09T03:32:35.505125Z[0m [32m INFO[0m [1;32mrch::hook[0m[32m: [32mStarting remote compilation pipeline for frankentorch (hash: 78ab156102a58c4c)[0m
    [2;3mat[0m rch/src/hook.rs:5994 [2;3mon[0m ThreadId(1)

  [2m2026-06-09T03:32:35.505173Z[0m [32m INFO[0m [1;32mrch::hook[0m[32m: [32mPrepared dependency sync manifest for 13 roots[0m
    [2;3mat[0m rch/src/hook.rs:6016 [2;3mon[0m ThreadId(1)

  [2m2026-06-09T03:32:37.261124Z[0m [32m INFO[0m [1;32mrch::hook[0m[32m: [32mSyncing project to worker vmi1227854...[0m
    [2;3mat[0m rch/src/hook.rs:6046 [2;3mon[0m ThreadId(1)

  [2m2026-06-09T03:32:37.261204Z[0m [32m INFO[0m [1;32mrch::transfer[0m[32m: [32mSyncing /data/projects/frankentorch -> /data/projects/frankentorch on vmi1227854[0m
    [2;3mat[0m rch/src/transfer.rs:1434 [2;3mon[0m ThreadId(1)

  [2m2026-06-09T03:32:44.646547Z[0m [32m INFO[0m [1;32mrch::transfer[0m[32m: [32mSync completed in 7385ms[0m
    [2;3mat[0m rch/src/transfer.rs:1503 [2;3mon[0m ThreadId(1)

  [2m2026-06-09T03:32:44.646625Z[0m [32m INFO[0m [1;32mrch::transfer[0m[32m: [32mSyncing /data/projects/frankentorch/crates/ft-api -> /data/projects/frankentorch/crates/ft-api on vmi1227854[0m
    [2;3mat[0m rch/src/transfer.rs:1434 [2;3mon[0m ThreadId(1)

  [2m2026-06-09T03:32:46.443521Z[0m [32m INFO[0m [1;32mrch::transfer[0m[32m: [32mSync completed in 1796ms[0m
    [2;3mat[0m rch/src/transfer.rs:1503 [2;3mon[0m ThreadId(1)

  [2m2026-06-09T03:32:46.443623Z[0m [32m INFO[0m [1;32mrch::transfer[0m[32m: [32mSyncing /data/projects/frankentorch/crates/ft-autograd -> /data/projects/frankentorch/crates/ft-autograd on vmi1227854[0m
    [2;3mat[0m rch/src/transfer.rs:1434 [2;3mon[0m ThreadId(1)

  [2m2026-06-09T03:32:48.321241Z[0m [32m INFO[0m [1;32mrch::transfer[0m[32m: [32mSync completed in 1877ms[0m
    [2;3mat[0m rch/src/transfer.rs:1503 [2;3mon[0m ThreadId(1)

  [2m2026-06-09T03:32:48.321325Z[0m [32m INFO[0m [1;32mrch::transfer[0m[32m: [32mSyncing /data/projects/frankentorch/crates/ft-conformance -> /data/projects/frankentorch/crates/ft-conformance on vmi1227854[0m
    [2;3mat[0m rch/src/transfer.rs:1434 [2;3mon[0m ThreadId(1)

  [2m2026-06-09T03:32:50.247157Z[0m [32m INFO[0m [1;32mrch::transfer[0m[32m: [32mSync completed in 1925ms[0m
    [2;3mat[0m rch/src/transfer.rs:1503 [2;3mon[0m ThreadId(1)

  [2m2026-06-09T03:32:50.247245Z[0m [32m INFO[0m [1;32mrch::transfer[0m[32m: [32mSyncing /data/projects/frankentorch/crates/ft-core -> /data/projects/frankentorch/crates/ft-core on vmi1227854[0m
    [2;3mat[0m rch/src/transfer.rs:1434 [2;3mon[0m ThreadId(1)

  [2m2026-06-09T03:32:52.037618Z[0m [32m INFO[0m [1;32mrch::transfer[0m[32m: [32mSync completed in 1790ms[0m
    [2;3mat[0m rch/src/transfer.rs:1503 [2;3mon[0m ThreadId(1)

  [2m2026-06-09T03:32:52.037701Z[0m [32m INFO[0m [1;32mrch::transfer[0m[32m: [32mSyncing /data/projects/frankentorch/crates/ft-data -> /data/projects/frankentorch/crates/ft-data on vmi1227854[0m
    [2;3mat[0m rch/src/transfer.rs:1434 [2;3mon[0m ThreadId(1)

  [2m2026-06-09T03:32:53.851988Z[0m [32m INFO[0m [1;32mrch::transfer[0m[32m: [32mSync completed in 1814ms[0m
    [2;3mat[0m rch/src/transfer.rs:1503 [2;3mon[0m ThreadId(1)

  [2m2026-06-09T03:32:53.852067Z[0m [32m INFO[0m [1;32mrch::transfer[0m[32m: [32mSyncing /data/projects/frankentorch/crates/ft-device -> /data/projects/frankentorch/crates/ft-device on vmi1227854[0m
    [2;3mat[0m rch/src/transfer.rs:1434 [2;3mon[0m ThreadId(1)

  [2m2026-06-09T03:32:55.676427Z[0m [32m INFO[0m [1;32mrch::transfer[0m[32m: [32mSync completed in 1824ms[0m
    [2;3mat[0m rch/src/transfer.rs:1503 [2;3mon[0m ThreadId(1)

  [2m2026-06-09T03:32:55.676513Z[0m [32m INFO[0m [1;32mrch::transfer[0m[32m: [32mSyncing /data/projects/frankentorch/crates/ft-dispatch -> /data/projects/frankentorch/crates/ft-dispatch on vmi1227854[0m
    [2;3mat[0m rch/src/transfer.rs:1434 [2;3mon[0m ThreadId(1)

  [2m2026-06-09T03:32:57.535080Z[0m [32m INFO[0m [1;32mrch::transfer[0m[32m: [32mSync completed in 1858ms[0m
    [2;3mat[0m rch/src/transfer.rs:1503 [2;3mon[0m ThreadId(1)

  [2m2026-06-09T03:32:57.535174Z[0m [32m INFO[0m [1;32mrch::transfer[0m[32m: [32mSyncing /data/projects/frankentorch/crates/ft-kernel-cpu -> /data/projects/frankentorch/crates/ft-kernel-cpu on vmi1227854[0m
    [2;3mat[0m rch/src/transfer.rs:1434 [2;3mon[0m ThreadId(1)

  [2m2026-06-09T03:32:59.386249Z[0m [32m INFO[0m [1;32mrch::transfer[0m[32m: [32mSync completed in 1851ms[0m
    [2;3mat[0m rch/src/transfer.rs:1503 [2;3mon[0m ThreadId(1)

  [2m2026-06-09T03:32:59.386353Z[0m [32m INFO[0m [1;32mrch::transfer[0m[32m: [32mSyncing /data/projects/frankentorch/crates/ft-nn -> /data/projects/frankentorch/crates/ft-nn on vmi1227854[0m
    [2;3mat[0m rch/src/transfer.rs:1434 [2;3mon[0m ThreadId(1)

  [2m2026-06-09T03:33:01.271132Z[0m [32m INFO[0m [1;32mrch::transfer[0m[32m: [32mSync completed in 1884ms[0m
    [2;3mat[0m rch/src/transfer.rs:1503 [2;3mon[0m ThreadId(1)

  [2m2026-06-09T03:33:01.271224Z[0m [32m INFO[0m [1;32mrch::transfer[0m[32m: [32mSyncing /data/projects/frankentorch/crates/ft-optim -> /data/projects/frankentorch/crates/ft-optim on vmi1227854[0m
    [2;3mat[0m rch/src/transfer.rs:1434 [2;3mon[0m ThreadId(1)

  [2m2026-06-09T03:33:03.137228Z[0m [32m INFO[0m [1;32mrch::transfer[0m[32m: [32mSync completed in 1865ms[0m
    [2;3mat[0m rch/src/transfer.rs:1503 [2;3mon[0m ThreadId(1)

  [2m2026-06-09T03:33:03.137306Z[0m [32m INFO[0m [1;32mrch::transfer[0m[32m: [32mSyncing /data/projects/frankentorch/crates/ft-runtime -> /data/projects/frankentorch/crates/ft-runtime on vmi1227854[0m
    [2;3mat[0m rch/src/transfer.rs:1434 [2;3mon[0m ThreadId(1)

  [2m2026-06-09T03:33:04.975984Z[0m [32m INFO[0m [1;32mrch::transfer[0m[32m: [32mSync completed in 1838ms[0m
    [2;3mat[0m rch/src/transfer.rs:1503 [2;3mon[0m ThreadId(1)

  [2m2026-06-09T03:33:04.976058Z[0m [32m INFO[0m [1;32mrch::transfer[0m[32m: [32mSyncing /data/projects/frankentorch/crates/ft-serialize -> /data/projects/frankentorch/crates/ft-serialize on vmi1227854[0m
    [2;3mat[0m rch/src/transfer.rs:1434 [2;3mon[0m ThreadId(1)

  [2m2026-06-09T03:33:06.884426Z[0m [32m INFO[0m [1;32mrch::transfer[0m[32m: [32mSync completed in 1908ms[0m
    [2;3mat[0m rch/src/transfer.rs:1503 [2;3mon[0m ThreadId(1)

  [2m2026-06-09T03:33:06.884484Z[0m [32m INFO[0m [1;32mrch::hook[0m[32m: [32mSync complete: 51114 files, 1830828 bytes in 29615ms[0m
    [2;3mat[0m rch/src/hook.rs:6209 [2;3mon[0m ThreadId(1)

  [2m2026-06-09T03:33:10.980026Z[0m [32m INFO[0m [1;32mrch::hook[0m[32m: [32mExecuting command remotely: cargo check -p ft-kernel-cpu --all-targets --release[0m
    [2;3mat[0m rch/src/hook.rs:6252 [2;3mon[0m ThreadId(1)

  [2m2026-06-09T03:33:10.980070Z[0m [32m INFO[0m [1;32mrch::transfer[0m[32m: [32mRewriting CARGO_TARGET_DIR for remote execution (worker-scoped path): /data/tmp/cargo-target -> /data/projects/frankentorch/.rch-target-vmi1227854-job-29879662679163265-1780975957261116466-0[0m
    [2;3mat[0m rch/src/transfer.rs:712 [2;3mon[0m ThreadId(1)

    Updating crates.io index
 Downloading crates ...
  Downloaded bit-set v0.8.0
  Downloaded anstyle v1.0.14
  Downloaded bit-vec v0.8.0
  Downloaded autocfg v1.5.0
  Downloaded is-terminal v0.4.17
  Downloaded anes v0.1.6
  Downloaded bytemuck_derive v1.10.2
  Downloaded bytemuck v1.25.0
  Downloaded ciborium-io v0.2.2
  Downloaded bitflags v2.11.1
  Downloaded getrandom v0.3.4
  Downloaded itoa v1.0.18
  Downloaded clap_lex v1.1.0
  Downloaded rand_xorshift v0.4.0
  Downloaded plotters-backend v0.3.7
  Downloaded insta v1.47.2
  Downloaded wait-timeout v0.2.1
  Downloaded unarray v0.1.4
  Downloaded fnv v1.0.7
  Downloaded ciborium-ll v0.2.2
  Downloaded same-file v1.0.6
  Downloaded fastrand v2.4.1
  Downloaded criterion-plot v0.5.0
  Downloaded cast v0.3.0
  Downloaded cfg-if v1.0.4
  Downloaded errno v0.3.14
  Downloaded console v0.16.3
  Downloaded zmij v1.0.21
  Downloaded walkdir v2.5.0
  Downloaded rusty-fork v0.3.1
  Downloaded rand_core v0.9.5
  Downloaded once_cell v1.21.4
  Downloaded half v2.7.1
  Downloaded crossbeam-utils v0.8.21
  Downloaded tempfile v3.27.0
  Downloaded oorandom v11.1.5
  Downloaded crossbeam-epoch v0.9.18
  Downloaded ciborium v0.2.2
  Downloaded clap v4.6.1
  Downloaded unicode-ident v1.0.24
  Downloaded similar v2.7.0
  Downloaded serde_derive v1.0.228
  Downloaded serde_core v1.0.228
  Downloaded serde v1.0.228
  Downloaded safe_arch v0.7.4
  Downloaded rayon-core v1.13.0
  Downloaded memchr v2.8.0
  Downloaded wide v0.7.33
  Downloaded zerocopy-derive v0.8.48
  Downloaded rand v0.9.4
  Downloaded itertools v0.10.5
  Downloaded criterion v0.5.1
  Downloaded proc-macro2 v1.0.106
  Downloaded num-traits v0.2.19
  Downloaded serde_json v1.0.149
  Downloaded rayon v1.12.0
  Downloaded plotters v0.3.7
  Downloaded clap_builder v4.6.0
  Downloaded proptest v1.11.0
  Downloaded regex v1.12.3
  Downloaded zerocopy v0.8.48
  Downloaded libm v0.2.16
  Downloaded matrixmultiply v0.3.10
  Downloaded syn v2.0.117
  Downloaded either v1.15.0
  Downloaded regex-syntax v0.8.10
  Downloaded quote v1.0.45
  Downloaded rand_chacha v0.9.0
  Downloaded rustix v1.1.4
  Downloaded plotters-svg v0.3.7
  Downloaded num-complex v0.4.6
  Downloaded crossbeam-deque v0.8.6
  Downloaded tinytemplate v1.2.1
  Downloaded rawpointer v0.2.1
  Downloaded quick-error v1.2.3
  Downloaded ppv-lite86 v0.2.21
  Downloaded aho-corasick v1.1.4
  Downloaded regex-automata v0.4.14
  Downloaded libc v0.2.185
  Downloaded linux-raw-sys v0.12.1
   Compiling proc-macro2 v1.0.106
   Compiling quote v1.0.45
   Compiling unicode-ident v1.0.24
    Checking cfg-if v1.0.4
   Compiling libc v0.2.185
   Compiling autocfg v1.5.0
   Compiling zerocopy v0.8.48
   Compiling getrandom v0.3.4
   Compiling crossbeam-utils v0.8.21
   Compiling serde_core v1.0.228
   Compiling rustix v1.1.4
   Compiling zmij v1.0.21
   Compiling rayon-core v1.13.0
   Compiling serde v1.0.228
    Checking once_cell v1.21.4
    Checking linux-raw-sys v0.12.1
    Checking bitflags v2.11.1
    Checking either v1.15.0
   Compiling num-traits v0.2.19
    Checking fastrand v2.4.1
    Checking regex-syntax v0.8.10
   Compiling serde_json v1.0.149
    Checking crossbeam-epoch v0.9.18
   Compiling matrixmultiply v0.3.10
    Checking clap_lex v1.1.0
    Checking anstyle v1.0.14
    Checking itoa v1.0.18
    Checking crossbeam-deque v0.8.6
    Checking memchr v2.8.0
   Compiling syn v2.0.117
    Checking ciborium-io v0.2.2
   Compiling libm v0.2.16
    Checking plotters-backend v0.3.7
    Checking rand_core v0.9.5
    Checking num-complex v0.4.6
    Checking wait-timeout v0.2.1
    Checking plotters-svg v0.3.7
    Checking clap_builder v4.6.0
    Checking itertools v0.10.5
    Checking rayon v1.12.0
    Checking cast v0.3.0
    Checking rawpointer v0.2.1
    Checking fnv v1.0.7
    Checking same-file v1.0.6
    Checking bit-vec v0.8.0
    Checking quick-error v1.2.3
    Checking walkdir v2.5.0
    Checking bit-set v0.8.0
    Checking regex-automata v0.4.14
    Checking plotters v0.3.7
    Checking tempfile v3.27.0
    Checking rand v0.9.4
    Checking rusty-fork v0.3.1
    Checking criterion-plot v0.5.0
    Checking rand_xorshift v0.4.0
    Checking clap v4.6.1
    Checking is-terminal v0.4.17
    Checking console v0.16.3
    Checking anes v0.1.6
    Checking unarray v0.1.4
    Checking oorandom v11.1.5
    Checking similar v2.7.0
    Checking insta v1.47.2
    Checking regex v1.12.3
   Compiling zerocopy-derive v0.8.48
   Compiling bytemuck_derive v1.10.2
   Compiling serde_derive v1.0.228
    Checking bytemuck v1.25.0
    Checking safe_arch v0.7.4
    Checking wide v0.7.33
    Checking tinytemplate v1.2.1
    Checking half v2.7.1
    Checking ppv-lite86 v0.2.21
    Checking rand_chacha v0.9.0
    Checking ciborium-ll v0.2.2
    Checking ft-core v0.1.0 (/data/projects/frankentorch/crates/ft-core)
    Checking proptest v1.11.0
    Checking ciborium v0.2.2
    Checking ft-kernel-cpu v0.1.0 (/data/projects/frankentorch/crates/ft-kernel-cpu)
    Checking criterion v0.5.1
    Finished `release` profile [optimized] target(s) in 12.85s
  [2m2026-06-09T03:33:25.492365Z[0m [32m INFO[0m [1;32mrch::hook[0m[32m: [32mRemote command finished: exit=0 in 14512ms[0m
    [2;3mat[0m rch/src/hook.rs:6376 [2;3mon[0m ThreadId(1)

  [2m2026-06-09T03:33:25.492680Z[0m [32m INFO[0m [1;32mrch::hook[0m[32m: [32mRetrieving build artifacts...[0m
    [2;3mat[0m rch/src/hook.rs:6425 [2;3mon[0m ThreadId(1)

  [2m2026-06-09T03:33:25.492693Z[0m [32m INFO[0m [1;32mrch::transfer[0m[32m: [32mRetrieving artifacts from /data/projects/frankentorch on vmi1227854[0m
    [2;3mat[0m rch/src/transfer.rs:2106 [2;3mon[0m ThreadId(1)

  [2m2026-06-09T03:33:27.438241Z[0m [32m INFO[0m [1;32mrch::transfer[0m[32m: [32mArtifacts retrieved in 1945ms (5 files, 1709 bytes)[0m
    [2;3mat[0m rch/src/transfer.rs:2145 [2;3mon[0m ThreadId(1)

  [2m2026-06-09T03:33:27.438269Z[0m [32m INFO[0m [1;32mrch::hook[0m[32m: [32mArtifacts retrieved: 5 files, 1709 bytes in 1945ms[0m
    [2;3mat[0m rch/src/hook.rs:6458 [2;3mon[0m ThreadId(1)

  [2m2026-06-09T03:33:27.438418Z[0m [32m INFO[0m [1;32mrch::transfer[0m[32m: [32mRetrieving artifacts from /data/projects/frankentorch/.rch-target-vmi1227854-job-29879662679163265-1780975957261116466-0 on vmi1227854[0m
    [2;3mat[0m rch/src/transfer.rs:2106 [2;3mon[0m ThreadId(1)

  [2m2026-06-09T03:33:31.737609Z[0m [32m INFO[0m [1;32mrch::transfer[0m[32m: [32mArtifacts retrieved in 4299ms (925 files, 14908 bytes)[0m
    [2;3mat[0m rch/src/transfer.rs:2145 [2;3mon[0m ThreadId(1)

  [2m2026-06-09T03:33:31.737643Z[0m [32m INFO[0m [1;32mrch::hook[0m[32m: [32mCustom CARGO_TARGET_DIR artifacts retrieved: 925 files, 14908 bytes in 4299ms[0m
    [2;3mat[0m rch/src/hook.rs:6582 [2;3mon[0m ThreadId(1)

[RCH] remote vmi1227854 (56.6s)
