  [2m2026-06-09T03:49:26.702681Z[0m [32m INFO[0m [1;32mrch::hook[0m[32m: [32mSelected worker: ovh-a at ubuntu@51.222.245.56 (0 slots remaining after reservation, speed 50.0)[0m
    [2;3mat[0m rch/src/hook.rs:514 [2;3mon[0m ThreadId(1)

  [2m2026-06-09T03:49:27.264394Z[0m [32m INFO[0m [1;32mrch::hook[0m[32m: [32mStarting remote compilation pipeline for frankentorch (hash: 78ab156102a58c4c)[0m
    [2;3mat[0m rch/src/hook.rs:5994 [2;3mon[0m ThreadId(1)

  [2m2026-06-09T03:49:27.264457Z[0m [32m INFO[0m [1;32mrch::hook[0m[32m: [32mPrepared dependency sync manifest for 13 roots[0m
    [2;3mat[0m rch/src/hook.rs:6016 [2;3mon[0m ThreadId(1)

  [2m2026-06-09T03:49:28.153318Z[0m [32m INFO[0m [1;32mrch::hook[0m[32m: [32mSyncing project to worker ovh-a...[0m
    [2;3mat[0m rch/src/hook.rs:6046 [2;3mon[0m ThreadId(1)

  [2m2026-06-09T03:49:28.153379Z[0m [32m INFO[0m [1;32mrch::transfer[0m[32m: [32mSyncing /data/projects/frankentorch -> /data/projects/frankentorch on ovh-a[0m
    [2;3mat[0m rch/src/transfer.rs:1434 [2;3mon[0m ThreadId(1)

  [2m2026-06-09T03:49:30.600004Z[0m [32m INFO[0m [1;32mrch::transfer[0m[32m: [32mSync completed in 2446ms[0m
    [2;3mat[0m rch/src/transfer.rs:1503 [2;3mon[0m ThreadId(1)

  [2m2026-06-09T03:49:30.600092Z[0m [32m INFO[0m [1;32mrch::transfer[0m[32m: [32mSyncing /data/projects/frankentorch/crates/ft-api -> /data/projects/frankentorch/crates/ft-api on ovh-a[0m
    [2;3mat[0m rch/src/transfer.rs:1434 [2;3mon[0m ThreadId(1)

  [2m2026-06-09T03:49:31.056020Z[0m [32m INFO[0m [1;32mrch::transfer[0m[32m: [32mSync completed in 455ms[0m
    [2;3mat[0m rch/src/transfer.rs:1503 [2;3mon[0m ThreadId(1)

  [2m2026-06-09T03:49:31.056108Z[0m [32m INFO[0m [1;32mrch::transfer[0m[32m: [32mSyncing /data/projects/frankentorch/crates/ft-autograd -> /data/projects/frankentorch/crates/ft-autograd on ovh-a[0m
    [2;3mat[0m rch/src/transfer.rs:1434 [2;3mon[0m ThreadId(1)

  [2m2026-06-09T03:49:31.567282Z[0m [32m INFO[0m [1;32mrch::transfer[0m[32m: [32mSync completed in 511ms[0m
    [2;3mat[0m rch/src/transfer.rs:1503 [2;3mon[0m ThreadId(1)

  [2m2026-06-09T03:49:31.567371Z[0m [32m INFO[0m [1;32mrch::transfer[0m[32m: [32mSyncing /data/projects/frankentorch/crates/ft-conformance -> /data/projects/frankentorch/crates/ft-conformance on ovh-a[0m
    [2;3mat[0m rch/src/transfer.rs:1434 [2;3mon[0m ThreadId(1)

  [2m2026-06-09T03:49:32.075190Z[0m [32m INFO[0m [1;32mrch::transfer[0m[32m: [32mSync completed in 507ms[0m
    [2;3mat[0m rch/src/transfer.rs:1503 [2;3mon[0m ThreadId(1)

  [2m2026-06-09T03:49:32.075277Z[0m [32m INFO[0m [1;32mrch::transfer[0m[32m: [32mSyncing /data/projects/frankentorch/crates/ft-core -> /data/projects/frankentorch/crates/ft-core on ovh-a[0m
    [2;3mat[0m rch/src/transfer.rs:1434 [2;3mon[0m ThreadId(1)

  [2m2026-06-09T03:49:32.544010Z[0m [32m INFO[0m [1;32mrch::transfer[0m[32m: [32mSync completed in 468ms[0m
    [2;3mat[0m rch/src/transfer.rs:1503 [2;3mon[0m ThreadId(1)

  [2m2026-06-09T03:49:32.544091Z[0m [32m INFO[0m [1;32mrch::transfer[0m[32m: [32mSyncing /data/projects/frankentorch/crates/ft-data -> /data/projects/frankentorch/crates/ft-data on ovh-a[0m
    [2;3mat[0m rch/src/transfer.rs:1434 [2;3mon[0m ThreadId(1)

  [2m2026-06-09T03:49:33.041522Z[0m [32m INFO[0m [1;32mrch::transfer[0m[32m: [32mSync completed in 497ms[0m
    [2;3mat[0m rch/src/transfer.rs:1503 [2;3mon[0m ThreadId(1)

  [2m2026-06-09T03:49:33.041633Z[0m [32m INFO[0m [1;32mrch::transfer[0m[32m: [32mSyncing /data/projects/frankentorch/crates/ft-device -> /data/projects/frankentorch/crates/ft-device on ovh-a[0m
    [2;3mat[0m rch/src/transfer.rs:1434 [2;3mon[0m ThreadId(1)

  [2m2026-06-09T03:49:33.520735Z[0m [32m INFO[0m [1;32mrch::transfer[0m[32m: [32mSync completed in 479ms[0m
    [2;3mat[0m rch/src/transfer.rs:1503 [2;3mon[0m ThreadId(1)

  [2m2026-06-09T03:49:33.520838Z[0m [32m INFO[0m [1;32mrch::transfer[0m[32m: [32mSyncing /data/projects/frankentorch/crates/ft-dispatch -> /data/projects/frankentorch/crates/ft-dispatch on ovh-a[0m
    [2;3mat[0m rch/src/transfer.rs:1434 [2;3mon[0m ThreadId(1)

  [2m2026-06-09T03:49:34.004742Z[0m [32m INFO[0m [1;32mrch::transfer[0m[32m: [32mSync completed in 483ms[0m
    [2;3mat[0m rch/src/transfer.rs:1503 [2;3mon[0m ThreadId(1)

  [2m2026-06-09T03:49:34.004892Z[0m [32m INFO[0m [1;32mrch::transfer[0m[32m: [32mSyncing /data/projects/frankentorch/crates/ft-kernel-cpu -> /data/projects/frankentorch/crates/ft-kernel-cpu on ovh-a[0m
    [2;3mat[0m rch/src/transfer.rs:1434 [2;3mon[0m ThreadId(1)

  [2m2026-06-09T03:49:34.475643Z[0m [32m INFO[0m [1;32mrch::transfer[0m[32m: [32mSync completed in 470ms[0m
    [2;3mat[0m rch/src/transfer.rs:1503 [2;3mon[0m ThreadId(1)

  [2m2026-06-09T03:49:34.475734Z[0m [32m INFO[0m [1;32mrch::transfer[0m[32m: [32mSyncing /data/projects/frankentorch/crates/ft-nn -> /data/projects/frankentorch/crates/ft-nn on ovh-a[0m
    [2;3mat[0m rch/src/transfer.rs:1434 [2;3mon[0m ThreadId(1)

  [2m2026-06-09T03:49:34.998441Z[0m [32m INFO[0m [1;32mrch::transfer[0m[32m: [32mSync completed in 522ms[0m
    [2;3mat[0m rch/src/transfer.rs:1503 [2;3mon[0m ThreadId(1)

  [2m2026-06-09T03:49:34.998518Z[0m [32m INFO[0m [1;32mrch::transfer[0m[32m: [32mSyncing /data/projects/frankentorch/crates/ft-optim -> /data/projects/frankentorch/crates/ft-optim on ovh-a[0m
    [2;3mat[0m rch/src/transfer.rs:1434 [2;3mon[0m ThreadId(1)

  [2m2026-06-09T03:49:35.453781Z[0m [32m INFO[0m [1;32mrch::transfer[0m[32m: [32mSync completed in 455ms[0m
    [2;3mat[0m rch/src/transfer.rs:1503 [2;3mon[0m ThreadId(1)

  [2m2026-06-09T03:49:35.453856Z[0m [32m INFO[0m [1;32mrch::transfer[0m[32m: [32mSyncing /data/projects/frankentorch/crates/ft-runtime -> /data/projects/frankentorch/crates/ft-runtime on ovh-a[0m
    [2;3mat[0m rch/src/transfer.rs:1434 [2;3mon[0m ThreadId(1)

  [2m2026-06-09T03:49:35.979408Z[0m [32m INFO[0m [1;32mrch::transfer[0m[32m: [32mSync completed in 525ms[0m
    [2;3mat[0m rch/src/transfer.rs:1503 [2;3mon[0m ThreadId(1)

  [2m2026-06-09T03:49:35.979493Z[0m [32m INFO[0m [1;32mrch::transfer[0m[32m: [32mSyncing /data/projects/frankentorch/crates/ft-serialize -> /data/projects/frankentorch/crates/ft-serialize on ovh-a[0m
    [2;3mat[0m rch/src/transfer.rs:1434 [2;3mon[0m ThreadId(1)

  [2m2026-06-09T03:49:36.496674Z[0m [32m INFO[0m [1;32mrch::transfer[0m[32m: [32mSync completed in 517ms[0m
    [2;3mat[0m rch/src/transfer.rs:1503 [2;3mon[0m ThreadId(1)

  [2m2026-06-09T03:49:36.496722Z[0m [32m INFO[0m [1;32mrch::hook[0m[32m: [32mSync complete: 51118 files, 1817670 bytes in 8335ms[0m
    [2;3mat[0m rch/src/hook.rs:6209 [2;3mon[0m ThreadId(1)

  [2m2026-06-09T03:49:38.059890Z[0m [32m INFO[0m [1;32mrch::hook[0m[32m: [32mExecuting command remotely: cargo check -p ft-kernel-cpu --all-targets --release[0m
    [2;3mat[0m rch/src/hook.rs:6252 [2;3mon[0m ThreadId(1)

  [2m2026-06-09T03:49:38.059936Z[0m [32m INFO[0m [1;32mrch::transfer[0m[32m: [32mRewriting CARGO_TARGET_DIR for remote execution (worker-scoped path): /data/tmp/cargo-target -> /data/projects/frankentorch/.rch-target-ovh-a-job-29879662679163319-1780976968153311093-0[0m
    [2;3mat[0m rch/src/transfer.rs:712 [2;3mon[0m ThreadId(1)

    Updating crates.io index
 Downloading crates ...
  Downloaded bit-set v0.8.0
  Downloaded ciborium-io v0.2.2
  Downloaded ciborium-ll v0.2.2
  Downloaded cfg-if v1.0.4
  Downloaded clap_lex v1.1.0
  Downloaded anstyle v1.0.14
  Downloaded autocfg v1.5.0
  Downloaded bit-vec v0.8.0
  Downloaded anes v0.1.6
  Downloaded cast v0.3.0
  Downloaded ciborium v0.2.2
  Downloaded bitflags v2.11.1
  Downloaded bytemuck_derive v1.10.2
  Downloaded bytemuck v1.25.0
  Downloaded console v0.16.3
  Downloaded clap v4.6.1
  Downloaded criterion v0.5.1
  Downloaded fnv v1.0.7
  Downloaded rand_xorshift v0.4.0
  Downloaded itoa v1.0.18
  Downloaded criterion-plot v0.5.0
  Downloaded either v1.15.0
  Downloaded crossbeam-deque v0.8.6
  Downloaded aho-corasick v1.1.4
  Downloaded quick-error v1.2.3
  Downloaded is-terminal v0.4.17
  Downloaded plotters-backend v0.3.7
  Downloaded plotters-svg v0.3.7
  Downloaded same-file v1.0.6
  Downloaded errno v0.3.14
  Downloaded wait-timeout v0.2.1
  Downloaded unarray v0.1.4
  Downloaded rand_chacha v0.9.0
  Downloaded ppv-lite86 v0.2.21
  Downloaded rand_core v0.9.5
  Downloaded oorandom v11.1.5
  Downloaded crossbeam-utils v0.8.21
  Downloaded clap_builder v4.6.0
  Downloaded rawpointer v0.2.1
  Downloaded quote v1.0.45
  Downloaded tinytemplate v1.2.1
  Downloaded zmij v1.0.21
  Downloaded fastrand v2.4.1
  Downloaded rusty-fork v0.3.1
  Downloaded num-complex v0.4.6
  Downloaded num-traits v0.2.19
  Downloaded walkdir v2.5.0
  Downloaded crossbeam-epoch v0.9.18
  Downloaded matrixmultiply v0.3.10
  Downloaded once_cell v1.21.4
  Downloaded getrandom v0.3.4
  Downloaded proc-macro2 v1.0.106
  Downloaded tempfile v3.27.0
  Downloaded zerocopy-derive v0.8.48
  Downloaded similar v2.7.0
  Downloaded serde_core v1.0.228
  Downloaded half v2.7.1
  Downloaded unicode-ident v1.0.24
  Downloaded memchr v2.8.0
  Downloaded rayon-core v1.13.0
  Downloaded safe_arch v0.7.4
  Downloaded serde_derive v1.0.228
  Downloaded serde v1.0.228
  Downloaded wide v0.7.33
  Downloaded insta v1.47.2
  Downloaded itertools v0.10.5
  Downloaded rand v0.9.4
  Downloaded plotters v0.3.7
  Downloaded regex v1.12.3
  Downloaded libm v0.2.16
  Downloaded serde_json v1.0.149
  Downloaded rayon v1.12.0
  Downloaded proptest v1.11.0
  Downloaded zerocopy v0.8.48
  Downloaded syn v2.0.117
  Downloaded regex-syntax v0.8.10
  Downloaded rustix v1.1.4
  Downloaded regex-automata v0.4.14
  Downloaded libc v0.2.185
  Downloaded linux-raw-sys v0.12.1
   Compiling proc-macro2 v1.0.106
   Compiling unicode-ident v1.0.24
   Compiling quote v1.0.45
    Checking cfg-if v1.0.4
   Compiling libc v0.2.185
   Compiling autocfg v1.5.0
   Compiling zerocopy v0.8.48
   Compiling getrandom v0.3.4
   Compiling crossbeam-utils v0.8.21
   Compiling serde_core v1.0.228
   Compiling rustix v1.1.4
   Compiling rayon-core v1.13.0
    Checking once_cell v1.21.4
    Checking bitflags v2.11.1
    Checking linux-raw-sys v0.12.1
    Checking either v1.15.0
   Compiling serde v1.0.228
   Compiling zmij v1.0.21
    Checking regex-syntax v0.8.10
   Compiling serde_json v1.0.149
    Checking fastrand v2.4.1
    Checking memchr v2.8.0
    Checking itoa v1.0.18
    Checking clap_lex v1.1.0
   Compiling libm v0.2.16
   Compiling num-traits v0.2.19
   Compiling matrixmultiply v0.3.10
    Checking ciborium-io v0.2.2
    Checking plotters-backend v0.3.7
    Checking anstyle v1.0.14
    Checking itertools v0.10.5
    Checking cast v0.3.0
    Checking quick-error v1.2.3
    Checking fnv v1.0.7
    Checking clap_builder v4.6.0
    Checking same-file v1.0.6
    Checking bit-vec v0.8.0
    Checking crossbeam-epoch v0.9.18
    Checking rawpointer v0.2.1
    Checking plotters-svg v0.3.7
    Checking walkdir v2.5.0
    Checking similar v2.7.0
    Checking bit-set v0.8.0
    Checking unarray v0.1.4
   Compiling syn v2.0.117
    Checking crossbeam-deque v0.8.6
    Checking anes v0.1.6
    Checking oorandom v11.1.5
    Checking wait-timeout v0.2.1
    Checking is-terminal v0.4.17
    Checking console v0.16.3
    Checking rayon v1.12.0
    Checking num-complex v0.4.6
    Checking plotters v0.3.7
    Checking rand_core v0.9.5
    Checking rand v0.9.4
    Checking rand_xorshift v0.4.0
    Checking clap v4.6.1
    Checking criterion-plot v0.5.0
    Checking tempfile v3.27.0
    Checking regex-automata v0.4.14
    Checking rusty-fork v0.3.1
    Checking insta v1.47.2
   Compiling zerocopy-derive v0.8.48
   Compiling bytemuck_derive v1.10.2
   Compiling serde_derive v1.0.228
    Checking regex v1.12.3
    Checking bytemuck v1.25.0
    Checking safe_arch v0.7.4
    Checking wide v0.7.33
    Checking tinytemplate v1.2.1
    Checking half v2.7.1
    Checking ppv-lite86 v0.2.21
    Checking rand_chacha v0.9.0
    Checking ciborium-ll v0.2.2
    Checking ft-core v0.1.0 (/data/projects/frankentorch/crates/ft-core)
    Checking ciborium v0.2.2
    Checking proptest v1.11.0
    Checking ft-kernel-cpu v0.1.0 (/data/projects/frankentorch/crates/ft-kernel-cpu)
    Checking criterion v0.5.1
    Finished `release` profile [optimized] target(s) in 9.59s
  [2m2026-06-09T03:49:48.398864Z[0m [32m INFO[0m [1;32mrch::hook[0m[32m: [32mRemote command finished: exit=0 in 10338ms[0m
    [2;3mat[0m rch/src/hook.rs:6376 [2;3mon[0m ThreadId(1)

  [2m2026-06-09T03:49:48.399311Z[0m [32m INFO[0m [1;32mrch::hook[0m[32m: [32mRetrieving build artifacts...[0m
    [2;3mat[0m rch/src/hook.rs:6425 [2;3mon[0m ThreadId(1)

  [2m2026-06-09T03:49:48.399339Z[0m [32m INFO[0m [1;32mrch::transfer[0m[32m: [32mRetrieving artifacts from /data/projects/frankentorch on ovh-a[0m
    [2;3mat[0m rch/src/transfer.rs:2106 [2;3mon[0m ThreadId(1)

  [2m2026-06-09T03:49:48.913124Z[0m [32m INFO[0m [1;32mrch::transfer[0m[32m: [32mArtifacts retrieved in 513ms (1 files, 1709 bytes)[0m
    [2;3mat[0m rch/src/transfer.rs:2145 [2;3mon[0m ThreadId(1)

  [2m2026-06-09T03:49:48.913153Z[0m [32m INFO[0m [1;32mrch::hook[0m[32m: [32mArtifacts retrieved: 1 files, 1709 bytes in 513ms[0m
    [2;3mat[0m rch/src/hook.rs:6458 [2;3mon[0m ThreadId(1)

  [2m2026-06-09T03:49:48.913302Z[0m [32m INFO[0m [1;32mrch::transfer[0m[32m: [32mRetrieving artifacts from /data/projects/frankentorch/.rch-target-ovh-a-job-29879662679163319-1780976968153311093-0 on ovh-a[0m
    [2;3mat[0m rch/src/transfer.rs:2106 [2;3mon[0m ThreadId(1)

  [2m2026-06-09T03:49:49.814620Z[0m [32m INFO[0m [1;32mrch::transfer[0m[32m: [32mArtifacts retrieved in 901ms (926 files, 132860 bytes)[0m
    [2;3mat[0m rch/src/transfer.rs:2145 [2;3mon[0m ThreadId(1)

  [2m2026-06-09T03:49:49.814648Z[0m [32m INFO[0m [1;32mrch::hook[0m[32m: [32mCustom CARGO_TARGET_DIR artifacts retrieved: 926 files, 132860 bytes in 901ms[0m
    [2;3mat[0m rch/src/hook.rs:6582 [2;3mon[0m ThreadId(1)

[RCH] remote ovh-a (23.1s)
