  [2m2026-06-09T03:59:15.487203Z[0m [32m INFO[0m [1;32mrch::hook[0m[32m: [32mSelected worker: ovh-a at ubuntu@51.222.245.56 (0 slots remaining after reservation, speed 50.0)[0m
    [2;3mat[0m rch/src/hook.rs:514 [2;3mon[0m ThreadId(1)

  [2m2026-06-09T03:59:15.799600Z[0m [32m INFO[0m [1;32mrch::hook[0m[32m: [32mStarting remote compilation pipeline for frankentorch (hash: 78ab156102a58c4c)[0m
    [2;3mat[0m rch/src/hook.rs:5994 [2;3mon[0m ThreadId(1)

  [2m2026-06-09T03:59:15.799642Z[0m [32m INFO[0m [1;32mrch::hook[0m[32m: [32mPrepared dependency sync manifest for 13 roots[0m
    [2;3mat[0m rch/src/hook.rs:6016 [2;3mon[0m ThreadId(1)

  [2m2026-06-09T03:59:16.703155Z[0m [32m INFO[0m [1;32mrch::hook[0m[32m: [32mSyncing project to worker ovh-a...[0m
    [2;3mat[0m rch/src/hook.rs:6046 [2;3mon[0m ThreadId(1)

  [2m2026-06-09T03:59:16.703238Z[0m [32m INFO[0m [1;32mrch::transfer[0m[32m: [32mSyncing /data/projects/frankentorch -> /data/projects/frankentorch on ovh-a[0m
    [2;3mat[0m rch/src/transfer.rs:1434 [2;3mon[0m ThreadId(1)

  [2m2026-06-09T03:59:18.899864Z[0m [32m INFO[0m [1;32mrch::transfer[0m[32m: [32mSync completed in 2196ms[0m
    [2;3mat[0m rch/src/transfer.rs:1503 [2;3mon[0m ThreadId(1)

  [2m2026-06-09T03:59:18.899925Z[0m [32m INFO[0m [1;32mrch::transfer[0m[32m: [32mSyncing /data/projects/frankentorch/crates/ft-api -> /data/projects/frankentorch/crates/ft-api on ovh-a[0m
    [2;3mat[0m rch/src/transfer.rs:1434 [2;3mon[0m ThreadId(1)

  [2m2026-06-09T03:59:19.356904Z[0m [32m INFO[0m [1;32mrch::transfer[0m[32m: [32mSync completed in 456ms[0m
    [2;3mat[0m rch/src/transfer.rs:1503 [2;3mon[0m ThreadId(1)

  [2m2026-06-09T03:59:19.357003Z[0m [32m INFO[0m [1;32mrch::transfer[0m[32m: [32mSyncing /data/projects/frankentorch/crates/ft-autograd -> /data/projects/frankentorch/crates/ft-autograd on ovh-a[0m
    [2;3mat[0m rch/src/transfer.rs:1434 [2;3mon[0m ThreadId(1)

  [2m2026-06-09T03:59:19.839724Z[0m [32m INFO[0m [1;32mrch::transfer[0m[32m: [32mSync completed in 482ms[0m
    [2;3mat[0m rch/src/transfer.rs:1503 [2;3mon[0m ThreadId(1)

  [2m2026-06-09T03:59:19.839830Z[0m [32m INFO[0m [1;32mrch::transfer[0m[32m: [32mSyncing /data/projects/frankentorch/crates/ft-conformance -> /data/projects/frankentorch/crates/ft-conformance on ovh-a[0m
    [2;3mat[0m rch/src/transfer.rs:1434 [2;3mon[0m ThreadId(1)

  [2m2026-06-09T03:59:20.319783Z[0m [32m INFO[0m [1;32mrch::transfer[0m[32m: [32mSync completed in 479ms[0m
    [2;3mat[0m rch/src/transfer.rs:1503 [2;3mon[0m ThreadId(1)

  [2m2026-06-09T03:59:20.319862Z[0m [32m INFO[0m [1;32mrch::transfer[0m[32m: [32mSyncing /data/projects/frankentorch/crates/ft-core -> /data/projects/frankentorch/crates/ft-core on ovh-a[0m
    [2;3mat[0m rch/src/transfer.rs:1434 [2;3mon[0m ThreadId(1)

  [2m2026-06-09T03:59:20.798094Z[0m [32m INFO[0m [1;32mrch::transfer[0m[32m: [32mSync completed in 478ms[0m
    [2;3mat[0m rch/src/transfer.rs:1503 [2;3mon[0m ThreadId(1)

  [2m2026-06-09T03:59:20.798202Z[0m [32m INFO[0m [1;32mrch::transfer[0m[32m: [32mSyncing /data/projects/frankentorch/crates/ft-data -> /data/projects/frankentorch/crates/ft-data on ovh-a[0m
    [2;3mat[0m rch/src/transfer.rs:1434 [2;3mon[0m ThreadId(1)

  [2m2026-06-09T03:59:21.273545Z[0m [32m INFO[0m [1;32mrch::transfer[0m[32m: [32mSync completed in 475ms[0m
    [2;3mat[0m rch/src/transfer.rs:1503 [2;3mon[0m ThreadId(1)

  [2m2026-06-09T03:59:21.273617Z[0m [32m INFO[0m [1;32mrch::transfer[0m[32m: [32mSyncing /data/projects/frankentorch/crates/ft-device -> /data/projects/frankentorch/crates/ft-device on ovh-a[0m
    [2;3mat[0m rch/src/transfer.rs:1434 [2;3mon[0m ThreadId(1)

  [2m2026-06-09T03:59:21.746132Z[0m [32m INFO[0m [1;32mrch::transfer[0m[32m: [32mSync completed in 472ms[0m
    [2;3mat[0m rch/src/transfer.rs:1503 [2;3mon[0m ThreadId(1)

  [2m2026-06-09T03:59:21.746201Z[0m [32m INFO[0m [1;32mrch::transfer[0m[32m: [32mSyncing /data/projects/frankentorch/crates/ft-dispatch -> /data/projects/frankentorch/crates/ft-dispatch on ovh-a[0m
    [2;3mat[0m rch/src/transfer.rs:1434 [2;3mon[0m ThreadId(1)

  [2m2026-06-09T03:59:22.219074Z[0m [32m INFO[0m [1;32mrch::transfer[0m[32m: [32mSync completed in 472ms[0m
    [2;3mat[0m rch/src/transfer.rs:1503 [2;3mon[0m ThreadId(1)

  [2m2026-06-09T03:59:22.219151Z[0m [32m INFO[0m [1;32mrch::transfer[0m[32m: [32mSyncing /data/projects/frankentorch/crates/ft-kernel-cpu -> /data/projects/frankentorch/crates/ft-kernel-cpu on ovh-a[0m
    [2;3mat[0m rch/src/transfer.rs:1434 [2;3mon[0m ThreadId(1)

  [2m2026-06-09T03:59:22.729797Z[0m [32m INFO[0m [1;32mrch::transfer[0m[32m: [32mSync completed in 510ms[0m
    [2;3mat[0m rch/src/transfer.rs:1503 [2;3mon[0m ThreadId(1)

  [2m2026-06-09T03:59:22.729907Z[0m [32m INFO[0m [1;32mrch::transfer[0m[32m: [32mSyncing /data/projects/frankentorch/crates/ft-nn -> /data/projects/frankentorch/crates/ft-nn on ovh-a[0m
    [2;3mat[0m rch/src/transfer.rs:1434 [2;3mon[0m ThreadId(1)

  [2m2026-06-09T03:59:23.183176Z[0m [32m INFO[0m [1;32mrch::transfer[0m[32m: [32mSync completed in 453ms[0m
    [2;3mat[0m rch/src/transfer.rs:1503 [2;3mon[0m ThreadId(1)

  [2m2026-06-09T03:59:23.183249Z[0m [32m INFO[0m [1;32mrch::transfer[0m[32m: [32mSyncing /data/projects/frankentorch/crates/ft-optim -> /data/projects/frankentorch/crates/ft-optim on ovh-a[0m
    [2;3mat[0m rch/src/transfer.rs:1434 [2;3mon[0m ThreadId(1)

  [2m2026-06-09T03:59:23.699548Z[0m [32m INFO[0m [1;32mrch::transfer[0m[32m: [32mSync completed in 516ms[0m
    [2;3mat[0m rch/src/transfer.rs:1503 [2;3mon[0m ThreadId(1)

  [2m2026-06-09T03:59:23.699614Z[0m [32m INFO[0m [1;32mrch::transfer[0m[32m: [32mSyncing /data/projects/frankentorch/crates/ft-runtime -> /data/projects/frankentorch/crates/ft-runtime on ovh-a[0m
    [2;3mat[0m rch/src/transfer.rs:1434 [2;3mon[0m ThreadId(1)

  [2m2026-06-09T03:59:24.219794Z[0m [32m INFO[0m [1;32mrch::transfer[0m[32m: [32mSync completed in 520ms[0m
    [2;3mat[0m rch/src/transfer.rs:1503 [2;3mon[0m ThreadId(1)

  [2m2026-06-09T03:59:24.219862Z[0m [32m INFO[0m [1;32mrch::transfer[0m[32m: [32mSyncing /data/projects/frankentorch/crates/ft-serialize -> /data/projects/frankentorch/crates/ft-serialize on ovh-a[0m
    [2;3mat[0m rch/src/transfer.rs:1434 [2;3mon[0m ThreadId(1)

  [2m2026-06-09T03:59:24.732535Z[0m [32m INFO[0m [1;32mrch::transfer[0m[32m: [32mSync completed in 512ms[0m
    [2;3mat[0m rch/src/transfer.rs:1503 [2;3mon[0m ThreadId(1)

  [2m2026-06-09T03:59:24.732570Z[0m [32m INFO[0m [1;32mrch::hook[0m[32m: [32mSync complete: 51130 files, 1819597 bytes in 8021ms[0m
    [2;3mat[0m rch/src/hook.rs:6209 [2;3mon[0m ThreadId(1)

  [2m2026-06-09T03:59:26.281782Z[0m [32m INFO[0m [1;32mrch::hook[0m[32m: [32mExecuting command remotely: cargo clippy -p ft-kernel-cpu --all-targets -- -D warnings[0m
    [2;3mat[0m rch/src/hook.rs:6252 [2;3mon[0m ThreadId(1)

  [2m2026-06-09T03:59:26.281816Z[0m [32m INFO[0m [1;32mrch::transfer[0m[32m: [32mRewriting CARGO_TARGET_DIR for remote execution (worker-scoped path): /data/tmp/cargo-target -> /data/projects/frankentorch/.rch-target-ovh-a-job-29879662679163355-1780977556703145696-0[0m
    [2;3mat[0m rch/src/transfer.rs:712 [2;3mon[0m ThreadId(1)

    Updating crates.io index
 Downloading crates ...
  Downloaded bytemuck_derive v1.10.2
  Downloaded anes v0.1.6
  Downloaded bytemuck v1.25.0
  Downloaded anstyle v1.0.14
  Downloaded aho-corasick v1.1.4
  Downloaded clap_lex v1.1.0
  Downloaded cfg-if v1.0.4
  Downloaded itoa v1.0.18
  Downloaded half v2.7.1
  Downloaded rayon-core v1.13.0
  Downloaded serde_core v1.0.228
  Downloaded walkdir v2.5.0
  Downloaded fastrand v2.4.1
  Downloaded clap v4.6.1
  Downloaded either v1.15.0
  Downloaded rusty-fork v0.3.1
  Downloaded console v0.16.3
  Downloaded crossbeam-epoch v0.9.18
  Downloaded autocfg v1.5.0
  Downloaded num-traits v0.2.19
  Downloaded rand_core v0.9.5
  Downloaded ciborium-ll v0.2.2
  Downloaded unarray v0.1.4
  Downloaded rand_xorshift v0.4.0
  Downloaded fnv v1.0.7
  Downloaded cast v0.3.0
  Downloaded plotters-backend v0.3.7
  Downloaded bit-set v0.8.0
  Downloaded zmij v1.0.21
  Downloaded quote v1.0.45
  Downloaded is-terminal v0.4.17
  Downloaded ppv-lite86 v0.2.21
  Downloaded ciborium v0.2.2
  Downloaded rand_chacha v0.9.0
  Downloaded safe_arch v0.7.4
  Downloaded crossbeam-utils v0.8.21
  Downloaded tempfile v3.27.0
  Downloaded bit-vec v0.8.0
  Downloaded unicode-ident v1.0.24
  Downloaded tinytemplate v1.2.1
  Downloaded proc-macro2 v1.0.106
  Downloaded plotters-svg v0.3.7
  Downloaded getrandom v0.3.4
  Downloaded quick-error v1.2.3
  Downloaded crossbeam-deque v0.8.6
  Downloaded errno v0.3.14
  Downloaded serde_derive v1.0.228
  Downloaded clap_builder v4.6.0
  Downloaded num-complex v0.4.6
  Downloaded same-file v1.0.6
  Downloaded zerocopy-derive v0.8.48
  Downloaded criterion v0.5.1
  Downloaded oorandom v11.1.5
  Downloaded serde_json v1.0.149
  Downloaded rawpointer v0.2.1
  Downloaded rand v0.9.4
  Downloaded ciborium-io v0.2.2
  Downloaded wait-timeout v0.2.1
  Downloaded memchr v2.8.0
  Downloaded criterion-plot v0.5.0
  Downloaded plotters v0.3.7
  Downloaded regex v1.12.3
  Downloaded similar v2.7.0
  Downloaded itertools v0.10.5
  Downloaded rayon v1.12.0
  Downloaded libm v0.2.16
  Downloaded serde v1.0.228
  Downloaded once_cell v1.21.4
  Downloaded bitflags v2.11.1
  Downloaded matrixmultiply v0.3.10
  Downloaded wide v0.7.33
  Downloaded proptest v1.11.0
  Downloaded insta v1.47.2
  Downloaded syn v2.0.117
  Downloaded zerocopy v0.8.48
  Downloaded rustix v1.1.4
  Downloaded regex-syntax v0.8.10
  Downloaded regex-automata v0.4.14
  Downloaded libc v0.2.185
  Downloaded linux-raw-sys v0.12.1
   Compiling proc-macro2 v1.0.106
   Compiling quote v1.0.45
   Compiling unicode-ident v1.0.24
    Checking cfg-if v1.0.4
   Compiling libc v0.2.185
   Compiling autocfg v1.5.0
   Compiling zerocopy v0.8.48
   Compiling getrandom v0.3.4
   Compiling crossbeam-utils v0.8.21
   Compiling serde_core v1.0.228
   Compiling rustix v1.1.4
    Checking either v1.15.0
   Compiling rayon-core v1.13.0
    Checking once_cell v1.21.4
   Compiling serde v1.0.228
    Checking bitflags v2.11.1
    Checking linux-raw-sys v0.12.1
   Compiling zmij v1.0.21
   Compiling serde_json v1.0.149
    Checking regex-syntax v0.8.10
    Checking fastrand v2.4.1
   Compiling libm v0.2.16
    Checking plotters-backend v0.3.7
    Checking ciborium-io v0.2.2
    Checking memchr v2.8.0
    Checking clap_lex v1.1.0
    Checking anstyle v1.0.14
    Checking itoa v1.0.18
    Checking itertools v0.10.5
   Compiling num-traits v0.2.19
   Compiling matrixmultiply v0.3.10
    Checking fnv v1.0.7
    Checking plotters-svg v0.3.7
    Checking bit-vec v0.8.0
    Checking clap_builder v4.6.0
    Checking cast v0.3.0
    Checking quick-error v1.2.3
    Checking same-file v1.0.6
    Checking rawpointer v0.2.1
    Checking similar v2.7.0
    Checking crossbeam-epoch v0.9.18
    Checking anes v0.1.6
    Checking walkdir v2.5.0
    Checking bit-set v0.8.0
    Checking unarray v0.1.4
    Checking oorandom v11.1.5
    Checking crossbeam-deque v0.8.6
   Compiling syn v2.0.117
    Checking num-complex v0.4.6
    Checking plotters v0.3.7
    Checking rayon v1.12.0
    Checking wait-timeout v0.2.1
    Checking console v0.16.3
    Checking is-terminal v0.4.17
    Checking criterion-plot v0.5.0
    Checking rand_core v0.9.5
    Checking rand_xorshift v0.4.0
    Checking rand v0.9.4
    Checking regex-automata v0.4.14
    Checking clap v4.6.1
    Checking tempfile v3.27.0
    Checking rusty-fork v0.3.1
    Checking insta v1.47.2
    Checking regex v1.12.3
   Compiling zerocopy-derive v0.8.48
   Compiling bytemuck_derive v1.10.2
   Compiling serde_derive v1.0.228
    Checking bytemuck v1.25.0
    Checking safe_arch v0.7.4
    Checking wide v0.7.33
    Checking tinytemplate v1.2.1
    Checking half v2.7.1
    Checking ppv-lite86 v0.2.21
    Checking ciborium-ll v0.2.2
    Checking ft-core v0.1.0 (/data/projects/frankentorch/crates/ft-core)
    Checking rand_chacha v0.9.0
    Checking ciborium v0.2.2
    Checking proptest v1.11.0
    Checking ft-kernel-cpu v0.1.0 (/data/projects/frankentorch/crates/ft-kernel-cpu)
    Checking criterion v0.5.1
    Finished `dev` profile [unoptimized + debuginfo] target(s) in 9.94s
  [2m2026-06-09T03:59:36.985869Z[0m [32m INFO[0m [1;32mrch::hook[0m[32m: [32mRemote command finished: exit=0 in 10704ms[0m
    [2;3mat[0m rch/src/hook.rs:6376 [2;3mon[0m ThreadId(1)

  [2m2026-06-09T03:59:36.986609Z[0m [32m INFO[0m [1;32mrch::hook[0m[32m: [32mRetrieving build artifacts...[0m
    [2;3mat[0m rch/src/hook.rs:6425 [2;3mon[0m ThreadId(1)

  [2m2026-06-09T03:59:36.986631Z[0m [32m INFO[0m [1;32mrch::transfer[0m[32m: [32mRetrieving artifacts from /data/projects/frankentorch on ovh-a[0m
    [2;3mat[0m rch/src/transfer.rs:2106 [2;3mon[0m ThreadId(1)

  [2m2026-06-09T03:59:37.487485Z[0m [32m INFO[0m [1;32mrch::transfer[0m[32m: [32mArtifacts retrieved in 500ms (1 files, 1709 bytes)[0m
    [2;3mat[0m rch/src/transfer.rs:2145 [2;3mon[0m ThreadId(1)

  [2m2026-06-09T03:59:37.487510Z[0m [32m INFO[0m [1;32mrch::hook[0m[32m: [32mArtifacts retrieved: 1 files, 1709 bytes in 500ms[0m
    [2;3mat[0m rch/src/hook.rs:6458 [2;3mon[0m ThreadId(1)

  [2m2026-06-09T03:59:37.487613Z[0m [32m INFO[0m [1;32mrch::transfer[0m[32m: [32mRetrieving artifacts from /data/projects/frankentorch/.rch-target-ovh-a-job-29879662679163355-1780977556703145696-0 on ovh-a[0m
    [2;3mat[0m rch/src/transfer.rs:2106 [2;3mon[0m ThreadId(1)

  [2m2026-06-09T03:59:39.794082Z[0m [32m INFO[0m [1;32mrch::transfer[0m[32m: [32mArtifacts retrieved in 2306ms (1006 files, 770602 bytes)[0m
    [2;3mat[0m rch/src/transfer.rs:2145 [2;3mon[0m ThreadId(1)

  [2m2026-06-09T03:59:39.794107Z[0m [32m INFO[0m [1;32mrch::hook[0m[32m: [32mCustom CARGO_TARGET_DIR artifacts retrieved: 1006 files, 770602 bytes in 2306ms[0m
    [2;3mat[0m rch/src/hook.rs:6582 [2;3mon[0m ThreadId(1)

[RCH] remote ovh-a (24.3s)
