  [2m2026-06-21T00:50:59.038037Z[0m [32m INFO[0m [1;32mrch::hook[0m[32m: [32mSelected worker: vmi1149989 at root@212.90.121.76 (0 slots remaining after reservation, speed 50.0)[0m
    [2;3mat[0m rch/src/hook.rs:921 [2;3mon[0m ThreadId(1)

  [2m2026-06-21T00:50:59.253573Z[0m [32m INFO[0m [1;32mrch::hook::transfer_orchestration[0m[32m: [32mStarting remote compilation pipeline for frankentorch-cod-a-bold-verify-20260621 (hash: a95bdd329bf372b8)[0m
    [2;3mat[0m rch/src/hook/transfer_orchestration.rs:241 [2;3mon[0m ThreadId(1)

  [2m2026-06-21T00:50:59.253606Z[0m [32m INFO[0m [1;32mrch::hook::transfer_orchestration[0m[32m: [32mPrepared dependency sync manifest for 13 roots[0m
    [2;3mat[0m rch/src/hook/transfer_orchestration.rs:263 [2;3mon[0m ThreadId(1)

  [2m2026-06-21T00:51:00.905844Z[0m [32m INFO[0m [1;32mrch::hook::transfer_orchestration[0m[32m: [32mSyncing project to worker vmi1149989...[0m
    [2;3mat[0m rch/src/hook/transfer_orchestration.rs:323 [2;3mon[0m ThreadId(1)

  [2m2026-06-21T00:51:00.905893Z[0m [32m INFO[0m [1;32mrch::transfer[0m[32m: [32mSyncing /data/projects/.scratch/frankentorch-cod-a-bold-verify-20260621 -> /data/projects/.scratch/frankentorch-cod-a-bold-verify-20260621 on vmi1149989[0m
    [2;3mat[0m rch/src/transfer.rs:1528 [2;3mon[0m ThreadId(1)

  [2m2026-06-21T00:51:03.564533Z[0m [32m INFO[0m [1;32mrch::transfer[0m[32m: [32mSync completed in 2658ms[0m
    [2;3mat[0m rch/src/transfer.rs:1592 [2;3mon[0m ThreadId(1)

  [2m2026-06-21T00:51:03.564599Z[0m [32m INFO[0m [1;32mrch::transfer[0m[32m: [32mSyncing /data/projects/.scratch/frankentorch-cod-a-bold-verify-20260621/crates/ft-api -> /data/projects/.scratch/frankentorch-cod-a-bold-verify-20260621/crates/ft-api on vmi1149989[0m
    [2;3mat[0m rch/src/transfer.rs:1528 [2;3mon[0m ThreadId(1)

  [2m2026-06-21T00:51:05.469387Z[0m [32m INFO[0m [1;32mrch::transfer[0m[32m: [32mSync completed in 1904ms[0m
    [2;3mat[0m rch/src/transfer.rs:1592 [2;3mon[0m ThreadId(1)

  [2m2026-06-21T00:51:05.469458Z[0m [32m INFO[0m [1;32mrch::transfer[0m[32m: [32mSyncing /data/projects/.scratch/frankentorch-cod-a-bold-verify-20260621/crates/ft-autograd -> /data/projects/.scratch/frankentorch-cod-a-bold-verify-20260621/crates/ft-autograd on vmi1149989[0m
    [2;3mat[0m rch/src/transfer.rs:1528 [2;3mon[0m ThreadId(1)

  [2m2026-06-21T00:51:07.387549Z[0m [32m INFO[0m [1;32mrch::transfer[0m[32m: [32mSync completed in 1918ms[0m
    [2;3mat[0m rch/src/transfer.rs:1592 [2;3mon[0m ThreadId(1)

  [2m2026-06-21T00:51:07.387620Z[0m [32m INFO[0m [1;32mrch::transfer[0m[32m: [32mSyncing /data/projects/.scratch/frankentorch-cod-a-bold-verify-20260621/crates/ft-conformance -> /data/projects/.scratch/frankentorch-cod-a-bold-verify-20260621/crates/ft-conformance on vmi1149989[0m
    [2;3mat[0m rch/src/transfer.rs:1528 [2;3mon[0m ThreadId(1)

  [2m2026-06-21T00:51:09.291728Z[0m [32m INFO[0m [1;32mrch::transfer[0m[32m: [32mSync completed in 1904ms[0m
    [2;3mat[0m rch/src/transfer.rs:1592 [2;3mon[0m ThreadId(1)

  [2m2026-06-21T00:51:09.291790Z[0m [32m INFO[0m [1;32mrch::transfer[0m[32m: [32mSyncing /data/projects/.scratch/frankentorch-cod-a-bold-verify-20260621/crates/ft-core -> /data/projects/.scratch/frankentorch-cod-a-bold-verify-20260621/crates/ft-core on vmi1149989[0m
    [2;3mat[0m rch/src/transfer.rs:1528 [2;3mon[0m ThreadId(1)

  [2m2026-06-21T00:51:11.249473Z[0m [32m INFO[0m [1;32mrch::transfer[0m[32m: [32mSync completed in 1957ms[0m
    [2;3mat[0m rch/src/transfer.rs:1592 [2;3mon[0m ThreadId(1)

  [2m2026-06-21T00:51:11.249549Z[0m [32m INFO[0m [1;32mrch::transfer[0m[32m: [32mSyncing /data/projects/.scratch/frankentorch-cod-a-bold-verify-20260621/crates/ft-data -> /data/projects/.scratch/frankentorch-cod-a-bold-verify-20260621/crates/ft-data on vmi1149989[0m
    [2;3mat[0m rch/src/transfer.rs:1528 [2;3mon[0m ThreadId(1)

  [2m2026-06-21T00:51:13.144263Z[0m [32m INFO[0m [1;32mrch::transfer[0m[32m: [32mSync completed in 1894ms[0m
    [2;3mat[0m rch/src/transfer.rs:1592 [2;3mon[0m ThreadId(1)

  [2m2026-06-21T00:51:13.144328Z[0m [32m INFO[0m [1;32mrch::transfer[0m[32m: [32mSyncing /data/projects/.scratch/frankentorch-cod-a-bold-verify-20260621/crates/ft-device -> /data/projects/.scratch/frankentorch-cod-a-bold-verify-20260621/crates/ft-device on vmi1149989[0m
    [2;3mat[0m rch/src/transfer.rs:1528 [2;3mon[0m ThreadId(1)

  [2m2026-06-21T00:51:14.991889Z[0m [32m INFO[0m [1;32mrch::transfer[0m[32m: [32mSync completed in 1847ms[0m
    [2;3mat[0m rch/src/transfer.rs:1592 [2;3mon[0m ThreadId(1)

  [2m2026-06-21T00:51:14.991983Z[0m [32m INFO[0m [1;32mrch::transfer[0m[32m: [32mSyncing /data/projects/.scratch/frankentorch-cod-a-bold-verify-20260621/crates/ft-dispatch -> /data/projects/.scratch/frankentorch-cod-a-bold-verify-20260621/crates/ft-dispatch on vmi1149989[0m
    [2;3mat[0m rch/src/transfer.rs:1528 [2;3mon[0m ThreadId(1)

  [2m2026-06-21T00:51:16.804052Z[0m [32m INFO[0m [1;32mrch::transfer[0m[32m: [32mSync completed in 1812ms[0m
    [2;3mat[0m rch/src/transfer.rs:1592 [2;3mon[0m ThreadId(1)

  [2m2026-06-21T00:51:16.804120Z[0m [32m INFO[0m [1;32mrch::transfer[0m[32m: [32mSyncing /data/projects/.scratch/frankentorch-cod-a-bold-verify-20260621/crates/ft-kernel-cpu -> /data/projects/.scratch/frankentorch-cod-a-bold-verify-20260621/crates/ft-kernel-cpu on vmi1149989[0m
    [2;3mat[0m rch/src/transfer.rs:1528 [2;3mon[0m ThreadId(1)

  [2m2026-06-21T00:51:18.750019Z[0m [32m INFO[0m [1;32mrch::transfer[0m[32m: [32mSync completed in 1945ms[0m
    [2;3mat[0m rch/src/transfer.rs:1592 [2;3mon[0m ThreadId(1)

  [2m2026-06-21T00:51:18.750101Z[0m [32m INFO[0m [1;32mrch::transfer[0m[32m: [32mSyncing /data/projects/.scratch/frankentorch-cod-a-bold-verify-20260621/crates/ft-nn -> /data/projects/.scratch/frankentorch-cod-a-bold-verify-20260621/crates/ft-nn on vmi1149989[0m
    [2;3mat[0m rch/src/transfer.rs:1528 [2;3mon[0m ThreadId(1)

  [2m2026-06-21T00:51:20.618450Z[0m [32m INFO[0m [1;32mrch::transfer[0m[32m: [32mSync completed in 1868ms[0m
    [2;3mat[0m rch/src/transfer.rs:1592 [2;3mon[0m ThreadId(1)

  [2m2026-06-21T00:51:20.618532Z[0m [32m INFO[0m [1;32mrch::transfer[0m[32m: [32mSyncing /data/projects/.scratch/frankentorch-cod-a-bold-verify-20260621/crates/ft-optim -> /data/projects/.scratch/frankentorch-cod-a-bold-verify-20260621/crates/ft-optim on vmi1149989[0m
    [2;3mat[0m rch/src/transfer.rs:1528 [2;3mon[0m ThreadId(1)

  [2m2026-06-21T00:51:22.490900Z[0m [32m INFO[0m [1;32mrch::transfer[0m[32m: [32mSync completed in 1872ms[0m
    [2;3mat[0m rch/src/transfer.rs:1592 [2;3mon[0m ThreadId(1)

  [2m2026-06-21T00:51:22.490987Z[0m [32m INFO[0m [1;32mrch::transfer[0m[32m: [32mSyncing /data/projects/.scratch/frankentorch-cod-a-bold-verify-20260621/crates/ft-runtime -> /data/projects/.scratch/frankentorch-cod-a-bold-verify-20260621/crates/ft-runtime on vmi1149989[0m
    [2;3mat[0m rch/src/transfer.rs:1528 [2;3mon[0m ThreadId(1)

  [2m2026-06-21T00:51:24.580163Z[0m [32m INFO[0m [1;32mrch::transfer[0m[32m: [32mSync completed in 2089ms[0m
    [2;3mat[0m rch/src/transfer.rs:1592 [2;3mon[0m ThreadId(1)

  [2m2026-06-21T00:51:24.580257Z[0m [32m INFO[0m [1;32mrch::transfer[0m[32m: [32mSyncing /data/projects/.scratch/frankentorch-cod-a-bold-verify-20260621/crates/ft-serialize -> /data/projects/.scratch/frankentorch-cod-a-bold-verify-20260621/crates/ft-serialize on vmi1149989[0m
    [2;3mat[0m rch/src/transfer.rs:1528 [2;3mon[0m ThreadId(1)

  [2m2026-06-21T00:51:26.444335Z[0m [32m INFO[0m [1;32mrch::transfer[0m[32m: [32mSync completed in 1864ms[0m
    [2;3mat[0m rch/src/transfer.rs:1592 [2;3mon[0m ThreadId(1)

  [2m2026-06-21T00:51:26.444370Z[0m [32m INFO[0m [1;32mrch::hook::transfer_orchestration[0m[32m: [32mSync complete: 4539 files, 196618 bytes in 25532ms[0m
    [2;3mat[0m rch/src/hook/transfer_orchestration.rs:486 [2;3mon[0m ThreadId(1)

  [2m2026-06-21T00:51:33.732822Z[0m [32m INFO[0m [1;32mrch::hook::transfer_orchestration[0m[32m: [32mExecuting command remotely: cargo bench -p ft-api --bench pytorch_gauntlet_bench -- batch_norm2d_f32 --warm-up-time 1 --measurement-time 3 --sample-size 10 --noplot[0m
    [2;3mat[0m rch/src/hook/transfer_orchestration.rs:529 [2;3mon[0m ThreadId(1)

  [2m2026-06-21T00:51:33.732889Z[0m [32m INFO[0m [1;32mrch::transfer[0m[32m: [32mRewriting CARGO_TARGET_DIR for remote execution (worker-scoped path): /data/projects/.rch-targets/frankentorch-cod-a -> /data/projects/.scratch/frankentorch-cod-a-bold-verify-20260621/.rch-target-vmi1149989-pool-bfcad81ccaa063399f91ffb7814bb3f7[0m
    [2;3mat[0m rch/src/transfer.rs:799 [2;3mon[0m ThreadId(1)

    Updating crates.io index
 Downloading crates ...
  Downloaded anes v0.1.6
  Downloaded ciborium-io v0.2.2
  Downloaded itoa v1.0.18
  Downloaded is-terminal v0.4.17
  Downloaded plotters-backend v0.3.7
  Downloaded plotters-svg v0.3.7
  Downloaded cast v0.3.0
  Downloaded cfg-if v1.0.4
  Downloaded ciborium-ll v0.2.2
  Downloaded clap_lex v1.1.0
  Downloaded crossbeam-deque v0.8.6
  Downloaded either v1.15.0
  Downloaded autocfg v1.5.0
  Downloaded rawpointer v0.2.1
  Downloaded walkdir v2.5.0
  Downloaded tinytemplate v1.2.1
  Downloaded zmij v1.0.21
  Downloaded same-file v1.0.6
  Downloaded bytemuck_derive v1.10.2
  Downloaded num-complex v0.4.6
  Downloaded oorandom v11.1.5
  Downloaded anstyle v1.0.14
  Downloaded quote v1.0.45
  Downloaded crossbeam-epoch v0.9.18
  Downloaded once_cell v1.21.4
  Downloaded crossbeam-utils v0.8.21
  Downloaded ciborium v0.2.2
  Downloaded criterion-plot v0.5.0
  Downloaded clap v4.6.1
  Downloaded half v2.7.1
  Downloaded serde_core v1.0.228
  Downloaded bytemuck v1.25.0
  Downloaded num-traits v0.2.19
  Downloaded proc-macro2 v1.0.106
  Downloaded serde_derive v1.0.228
  Downloaded unicode-ident v1.0.24
  Downloaded matrixmultiply v0.3.10
  Downloaded aho-corasick v1.1.4
  Downloaded rayon-core v1.13.0
  Downloaded safe_arch v0.7.4
  Downloaded memchr v2.8.0
  Downloaded serde v1.0.228
  Downloaded zerocopy-derive v0.8.48
  Downloaded wide v0.7.33
  Downloaded itertools v0.10.5
  Downloaded criterion v0.5.1
  Downloaded plotters v0.3.7
  Downloaded serde_json v1.0.149
  Downloaded clap_builder v4.6.0
  Downloaded regex v1.12.3
  Downloaded libm v0.2.16
  Downloaded rayon v1.12.0
  Downloaded syn v2.0.117
  Downloaded zerocopy v0.8.48
  Downloaded regex-syntax v0.8.10
  Downloaded regex-automata v0.4.14
  Downloaded libc v0.2.185
   Compiling proc-macro2 v1.0.106
   Compiling quote v1.0.45
   Compiling unicode-ident v1.0.24
   Compiling autocfg v1.5.0
   Compiling zerocopy v0.8.48
   Compiling crossbeam-utils v0.8.21
   Compiling cfg-if v1.0.4
   Compiling rayon-core v1.13.0
   Compiling either v1.15.0
   Compiling serde_core v1.0.228
   Compiling libm v0.2.16
   Compiling zmij v1.0.21
   Compiling serde v1.0.228
   Compiling rawpointer v0.2.1
   Compiling libc v0.2.185
   Compiling serde_json v1.0.149
   Compiling num-traits v0.2.19
   Compiling matrixmultiply v0.3.10
   Compiling memchr v2.8.0
   Compiling itoa v1.0.18
   Compiling ciborium-io v0.2.2
   Compiling anstyle v1.0.14
   Compiling crossbeam-epoch v0.9.18
   Compiling regex-syntax v0.8.10
   Compiling syn v2.0.117
   Compiling clap_lex v1.1.0
   Compiling plotters-backend v0.3.7
   Compiling crossbeam-deque v0.8.6
   Compiling clap_builder v4.6.0
   Compiling num-complex v0.4.6
   Compiling plotters-svg v0.3.7
   Compiling rayon v1.12.0
   Compiling itertools v0.10.5
   Compiling regex-automata v0.4.14
   Compiling cast v0.3.0
   Compiling same-file v1.0.6
   Compiling is-terminal v0.4.17
   Compiling walkdir v2.5.0
   Compiling plotters v0.3.7
   Compiling clap v4.6.1
   Compiling once_cell v1.21.4
   Compiling criterion-plot v0.5.0
   Compiling oorandom v11.1.5
   Compiling anes v0.1.6
   Compiling regex v1.12.3
   Compiling bytemuck_derive v1.10.2
   Compiling zerocopy-derive v0.8.48
   Compiling serde_derive v1.0.228
   Compiling bytemuck v1.25.0
   Compiling safe_arch v0.7.4
   Compiling wide v0.7.33
   Compiling tinytemplate v1.2.1
   Compiling half v2.7.1
   Compiling ft-core v0.1.0 (/data/projects/.scratch/frankentorch-cod-a-bold-verify-20260621/crates/ft-core)
   Compiling ciborium-ll v0.2.2
   Compiling ciborium v0.2.2
   Compiling ft-kernel-cpu v0.1.0 (/data/projects/.scratch/frankentorch-cod-a-bold-verify-20260621/crates/ft-kernel-cpu)
   Compiling ft-runtime v0.1.0 (/data/projects/.scratch/frankentorch-cod-a-bold-verify-20260621/crates/ft-runtime)
   Compiling criterion v0.5.1
   Compiling ft-dispatch v0.1.0 (/data/projects/.scratch/frankentorch-cod-a-bold-verify-20260621/crates/ft-dispatch)
   Compiling ft-autograd v0.1.0 (/data/projects/.scratch/frankentorch-cod-a-bold-verify-20260621/crates/ft-autograd)
   Compiling ft-api v0.1.0 (/data/projects/.scratch/frankentorch-cod-a-bold-verify-20260621/crates/ft-api)
    Finished `bench` profile [optimized + debuginfo] target(s) in 2m 13s
     Running benches/pytorch_gauntlet_bench.rs (.rch-target-vmi1149989-pool-bfcad81ccaa063399f91ffb7814bb3f7/release/deps/pytorch_gauntlet_bench-5f2ebc2fd9ddf042)
Gnuplot not found, using plotters backend
Benchmarking gauntlet_batch_norm2d_f32_grad/frankentorch_kgs4_114
Benchmarking gauntlet_batch_norm2d_f32_grad/frankentorch_kgs4_114: Warming up for 1.0000 s
Benchmarking gauntlet_batch_norm2d_f32_grad/frankentorch_kgs4_114: Collecting 10 samples in estimated 5.5867 s (110 iterations)
Benchmarking gauntlet_batch_norm2d_f32_grad/frankentorch_kgs4_114: Analyzing
gauntlet_batch_norm2d_f32_grad/frankentorch_kgs4_114
                        time:   [45.166 ms 46.262 ms 48.203 ms]
Benchmarking gauntlet_batch_norm2d_f32_grad/frankentorch_kgs4_136_scalar_sum
Benchmarking gauntlet_batch_norm2d_f32_grad/frankentorch_kgs4_136_scalar_sum: Warming up for 1.0000 s
Benchmarking gauntlet_batch_norm2d_f32_grad/frankentorch_kgs4_136_scalar_sum: Collecting 10 samples in estimated 4.7310 s (110 iterations)
Benchmarking gauntlet_batch_norm2d_f32_grad/frankentorch_kgs4_136_scalar_sum: Analyzing
gauntlet_batch_norm2d_f32_grad/frankentorch_kgs4_136_scalar_sum
                        time:   [42.790 ms 47.163 ms 49.901 ms]
Benchmarking gauntlet_batch_norm2d_f32_grad/pytorch_2_12_cpu
Benchmarking gauntlet_batch_norm2d_f32_grad/pytorch_2_12_cpu: Warming up for 1.0000 s
PyTorch batch_norm2d f32 benchmark failed with status Some(1)
stdout:

stderr:
Traceback (most recent call last):
  File "/data/projects/.scratch/frankentorch-cod-a-bold-verify-20260621/crates/ft-api/benches/pytorch_batch_norm2d_f32_grad.py", line 4, in <module>
    import torch
ModuleNotFoundError: No module named 'torch'

error: bench failed, to rerun pass `-p ft-api --bench pytorch_gauntlet_bench`

Caused by:
  process didn't exit successfully: `/data/projects/.scratch/frankentorch-cod-a-bold-verify-20260621/.rch-target-vmi1149989-pool-bfcad81ccaa063399f91ffb7814bb3f7/release/deps/pytorch_gauntlet_bench-5f2ebc2fd9ddf042 batch_norm2d_f32 --warm-up-time 1 --measurement-time 3 --sample-size 10 --noplot --bench` (exit status: 1)
  [2m2026-06-21T00:54:02.754156Z[0m [32m INFO[0m [1;32mrch::hook::transfer_orchestration[0m[32m: [32mRemote command finished: exit=1 in 149021ms[0m
    [2;3mat[0m rch/src/hook/transfer_orchestration.rs:653 [2;3mon[0m ThreadId(1)

[RCH] remote vmi1149989 failed (exit 1)
