  [2m2026-06-21T00:30:33.451181Z[0m [32m INFO[0m [1;32mrch::hook[0m[32m: [32mSelected worker: vmi1264463 at root@38.242.209.154 (2 slots remaining after reservation, speed 50.0)[0m
    [2;3mat[0m rch/src/hook.rs:921 [2;3mon[0m ThreadId(1)

  [2m2026-06-21T00:30:33.663952Z[0m [32m INFO[0m [1;32mrch::hook::transfer_orchestration[0m[32m: [32mStarting remote compilation pipeline for frankentorch-cod-a-bold-verify-20260621 (hash: a95bdd329bf372b8)[0m
    [2;3mat[0m rch/src/hook/transfer_orchestration.rs:241 [2;3mon[0m ThreadId(1)

  [2m2026-06-21T00:30:33.663986Z[0m [32m INFO[0m [1;32mrch::hook::transfer_orchestration[0m[32m: [32mPrepared dependency sync manifest for 13 roots[0m
    [2;3mat[0m rch/src/hook/transfer_orchestration.rs:263 [2;3mon[0m ThreadId(1)

  [2m2026-06-21T00:30:37.371173Z[0m [32m INFO[0m [1;32mrch::hook::transfer_orchestration[0m[32m: [32mSyncing project to worker vmi1264463...[0m
    [2;3mat[0m rch/src/hook/transfer_orchestration.rs:323 [2;3mon[0m ThreadId(1)

  [2m2026-06-21T00:30:37.371227Z[0m [32m INFO[0m [1;32mrch::transfer[0m[32m: [32mSyncing /data/projects/.scratch/frankentorch-cod-a-bold-verify-20260621 -> /data/projects/.scratch/frankentorch-cod-a-bold-verify-20260621 on vmi1264463[0m
    [2;3mat[0m rch/src/transfer.rs:1528 [2;3mon[0m ThreadId(1)

  [2m2026-06-21T00:30:44.976874Z[0m [32m INFO[0m [1;32mrch::transfer[0m[32m: [32mSync completed in 7605ms[0m
    [2;3mat[0m rch/src/transfer.rs:1592 [2;3mon[0m ThreadId(1)

  [2m2026-06-21T00:30:44.976959Z[0m [32m INFO[0m [1;32mrch::transfer[0m[32m: [32mSyncing /data/projects/.scratch/frankentorch-cod-a-bold-verify-20260621/crates/ft-api -> /data/projects/.scratch/frankentorch-cod-a-bold-verify-20260621/crates/ft-api on vmi1264463[0m
    [2;3mat[0m rch/src/transfer.rs:1528 [2;3mon[0m ThreadId(1)

  [2m2026-06-21T00:30:49.013504Z[0m [32m INFO[0m [1;32mrch::transfer[0m[32m: [32mSync completed in 4036ms[0m
    [2;3mat[0m rch/src/transfer.rs:1592 [2;3mon[0m ThreadId(1)

  [2m2026-06-21T00:30:49.013590Z[0m [32m INFO[0m [1;32mrch::transfer[0m[32m: [32mSyncing /data/projects/.scratch/frankentorch-cod-a-bold-verify-20260621/crates/ft-autograd -> /data/projects/.scratch/frankentorch-cod-a-bold-verify-20260621/crates/ft-autograd on vmi1264463[0m
    [2;3mat[0m rch/src/transfer.rs:1528 [2;3mon[0m ThreadId(1)

  [2m2026-06-21T00:30:56.158756Z[0m [32m INFO[0m [1;32mrch::transfer[0m[32m: [32mSync completed in 7145ms[0m
    [2;3mat[0m rch/src/transfer.rs:1592 [2;3mon[0m ThreadId(1)

  [2m2026-06-21T00:30:56.158841Z[0m [32m INFO[0m [1;32mrch::transfer[0m[32m: [32mSyncing /data/projects/.scratch/frankentorch-cod-a-bold-verify-20260621/crates/ft-conformance -> /data/projects/.scratch/frankentorch-cod-a-bold-verify-20260621/crates/ft-conformance on vmi1264463[0m
    [2;3mat[0m rch/src/transfer.rs:1528 [2;3mon[0m ThreadId(1)

  [2m2026-06-21T00:30:59.991244Z[0m [32m INFO[0m [1;32mrch::transfer[0m[32m: [32mSync completed in 3832ms[0m
    [2;3mat[0m rch/src/transfer.rs:1592 [2;3mon[0m ThreadId(1)

  [2m2026-06-21T00:30:59.991320Z[0m [32m INFO[0m [1;32mrch::transfer[0m[32m: [32mSyncing /data/projects/.scratch/frankentorch-cod-a-bold-verify-20260621/crates/ft-core -> /data/projects/.scratch/frankentorch-cod-a-bold-verify-20260621/crates/ft-core on vmi1264463[0m
    [2;3mat[0m rch/src/transfer.rs:1528 [2;3mon[0m ThreadId(1)

  [2m2026-06-21T00:31:05.757777Z[0m [32m INFO[0m [1;32mrch::transfer[0m[32m: [32mSync completed in 5766ms[0m
    [2;3mat[0m rch/src/transfer.rs:1592 [2;3mon[0m ThreadId(1)

  [2m2026-06-21T00:31:05.757862Z[0m [32m INFO[0m [1;32mrch::transfer[0m[32m: [32mSyncing /data/projects/.scratch/frankentorch-cod-a-bold-verify-20260621/crates/ft-data -> /data/projects/.scratch/frankentorch-cod-a-bold-verify-20260621/crates/ft-data on vmi1264463[0m
    [2;3mat[0m rch/src/transfer.rs:1528 [2;3mon[0m ThreadId(1)

  [2m2026-06-21T00:31:14.188423Z[0m [32m INFO[0m [1;32mrch::transfer[0m[32m: [32mSync completed in 8430ms[0m
    [2;3mat[0m rch/src/transfer.rs:1592 [2;3mon[0m ThreadId(1)

  [2m2026-06-21T00:31:14.188501Z[0m [32m INFO[0m [1;32mrch::transfer[0m[32m: [32mSyncing /data/projects/.scratch/frankentorch-cod-a-bold-verify-20260621/crates/ft-device -> /data/projects/.scratch/frankentorch-cod-a-bold-verify-20260621/crates/ft-device on vmi1264463[0m
    [2;3mat[0m rch/src/transfer.rs:1528 [2;3mon[0m ThreadId(1)

  [2m2026-06-21T00:31:19.920142Z[0m [32m INFO[0m [1;32mrch::transfer[0m[32m: [32mSync completed in 5731ms[0m
    [2;3mat[0m rch/src/transfer.rs:1592 [2;3mon[0m ThreadId(1)

  [2m2026-06-21T00:31:19.920279Z[0m [32m INFO[0m [1;32mrch::transfer[0m[32m: [32mSyncing /data/projects/.scratch/frankentorch-cod-a-bold-verify-20260621/crates/ft-dispatch -> /data/projects/.scratch/frankentorch-cod-a-bold-verify-20260621/crates/ft-dispatch on vmi1264463[0m
    [2;3mat[0m rch/src/transfer.rs:1528 [2;3mon[0m ThreadId(1)

  [2m2026-06-21T00:31:25.575928Z[0m [32m INFO[0m [1;32mrch::transfer[0m[32m: [32mSync completed in 5655ms[0m
    [2;3mat[0m rch/src/transfer.rs:1592 [2;3mon[0m ThreadId(1)

  [2m2026-06-21T00:31:25.576024Z[0m [32m INFO[0m [1;32mrch::transfer[0m[32m: [32mSyncing /data/projects/.scratch/frankentorch-cod-a-bold-verify-20260621/crates/ft-kernel-cpu -> /data/projects/.scratch/frankentorch-cod-a-bold-verify-20260621/crates/ft-kernel-cpu on vmi1264463[0m
    [2;3mat[0m rch/src/transfer.rs:1528 [2;3mon[0m ThreadId(1)

  [2m2026-06-21T00:31:30.089279Z[0m [32m INFO[0m [1;32mrch::transfer[0m[32m: [32mSync completed in 4513ms[0m
    [2;3mat[0m rch/src/transfer.rs:1592 [2;3mon[0m ThreadId(1)

  [2m2026-06-21T00:31:30.089374Z[0m [32m INFO[0m [1;32mrch::transfer[0m[32m: [32mSyncing /data/projects/.scratch/frankentorch-cod-a-bold-verify-20260621/crates/ft-nn -> /data/projects/.scratch/frankentorch-cod-a-bold-verify-20260621/crates/ft-nn on vmi1264463[0m
    [2;3mat[0m rch/src/transfer.rs:1528 [2;3mon[0m ThreadId(1)

  [2m2026-06-21T00:31:34.347175Z[0m [32m INFO[0m [1;32mrch::transfer[0m[32m: [32mSync completed in 4257ms[0m
    [2;3mat[0m rch/src/transfer.rs:1592 [2;3mon[0m ThreadId(1)

  [2m2026-06-21T00:31:34.347259Z[0m [32m INFO[0m [1;32mrch::transfer[0m[32m: [32mSyncing /data/projects/.scratch/frankentorch-cod-a-bold-verify-20260621/crates/ft-optim -> /data/projects/.scratch/frankentorch-cod-a-bold-verify-20260621/crates/ft-optim on vmi1264463[0m
    [2;3mat[0m rch/src/transfer.rs:1528 [2;3mon[0m ThreadId(1)

  [2m2026-06-21T00:31:39.588859Z[0m [32m INFO[0m [1;32mrch::transfer[0m[32m: [32mSync completed in 5241ms[0m
    [2;3mat[0m rch/src/transfer.rs:1592 [2;3mon[0m ThreadId(1)

  [2m2026-06-21T00:31:39.588969Z[0m [32m INFO[0m [1;32mrch::transfer[0m[32m: [32mSyncing /data/projects/.scratch/frankentorch-cod-a-bold-verify-20260621/crates/ft-runtime -> /data/projects/.scratch/frankentorch-cod-a-bold-verify-20260621/crates/ft-runtime on vmi1264463[0m
    [2;3mat[0m rch/src/transfer.rs:1528 [2;3mon[0m ThreadId(1)

  [2m2026-06-21T00:31:42.567858Z[0m [32m INFO[0m [1;32mrch::transfer[0m[32m: [32mSync completed in 2978ms[0m
    [2;3mat[0m rch/src/transfer.rs:1592 [2;3mon[0m ThreadId(1)

  [2m2026-06-21T00:31:42.567945Z[0m [32m INFO[0m [1;32mrch::transfer[0m[32m: [32mSyncing /data/projects/.scratch/frankentorch-cod-a-bold-verify-20260621/crates/ft-serialize -> /data/projects/.scratch/frankentorch-cod-a-bold-verify-20260621/crates/ft-serialize on vmi1264463[0m
    [2;3mat[0m rch/src/transfer.rs:1528 [2;3mon[0m ThreadId(1)

  [2m2026-06-21T00:31:46.121107Z[0m [32m INFO[0m [1;32mrch::transfer[0m[32m: [32mSync completed in 3553ms[0m
    [2;3mat[0m rch/src/transfer.rs:1592 [2;3mon[0m ThreadId(1)

  [2m2026-06-21T00:31:46.121130Z[0m [32m INFO[0m [1;32mrch::hook::transfer_orchestration[0m[32m: [32mSync complete: 4533 files, 8751154 bytes in 68742ms[0m
    [2;3mat[0m rch/src/hook/transfer_orchestration.rs:486 [2;3mon[0m ThreadId(1)

  [2m2026-06-21T00:32:10.007301Z[0m [32m INFO[0m [1;32mrch::hook::transfer_orchestration[0m[32m: [32mExecuting command remotely: cargo bench -p ft-api --bench pytorch_gauntlet_bench -- batch_norm2d_f32 --warm-up-time 1 --measurement-time 3 --sample-size 10 --noplot[0m
    [2;3mat[0m rch/src/hook/transfer_orchestration.rs:529 [2;3mon[0m ThreadId(1)

  [2m2026-06-21T00:32:10.007410Z[0m [32m INFO[0m [1;32mrch::transfer[0m[32m: [32mRewriting CARGO_TARGET_DIR for remote execution (worker-scoped path): /data/projects/.rch-targets/frankentorch-cod-a -> /data/projects/.scratch/frankentorch-cod-a-bold-verify-20260621/.rch-target-vmi1264463-pool-bfcad81ccaa063399f91ffb7814bb3f7[0m
    [2;3mat[0m rch/src/transfer.rs:799 [2;3mon[0m ThreadId(1)

    Updating crates.io index
 Downloading crates ...
  Downloaded anes v0.1.6
  Downloaded anstyle v1.0.14
  Downloaded clap_lex v1.1.0
  Downloaded criterion-plot v0.5.0
  Downloaded num-complex v0.4.6
  Downloaded plotters-svg v0.3.7
  Downloaded rawpointer v0.2.1
  Downloaded bytemuck_derive v1.10.2
  Downloaded cast v0.3.0
  Downloaded cfg-if v1.0.4
  Downloaded ciborium-io v0.2.2
  Downloaded ciborium-ll v0.2.2
  Downloaded itoa v1.0.18
  Downloaded same-file v1.0.6
  Downloaded is-terminal v0.4.17
  Downloaded plotters-backend v0.3.7
  Downloaded either v1.15.0
  Downloaded oorandom v11.1.5
  Downloaded autocfg v1.5.0
  Downloaded quote v1.0.45
  Downloaded tinytemplate v1.2.1
  Downloaded walkdir v2.5.0
  Downloaded ciborium v0.2.2
  Downloaded crossbeam-epoch v0.9.18
  Downloaded half v2.7.1
  Downloaded crossbeam-deque v0.8.6
  Downloaded crossbeam-utils v0.8.21
  Downloaded once_cell v1.21.4
  Downloaded serde_derive v1.0.228
  Downloaded unicode-ident v1.0.24
  Downloaded zmij v1.0.21
  Downloaded bytemuck v1.25.0
  Downloaded matrixmultiply v0.3.10
  Downloaded num-traits v0.2.19
  Downloaded proc-macro2 v1.0.106
  Downloaded clap v4.6.1
  Downloaded rayon-core v1.13.0
  Downloaded safe_arch v0.7.4
  Downloaded serde v1.0.228
  Downloaded memchr v2.8.0
  Downloaded serde_core v1.0.228
  Downloaded wide v0.7.33
  Downloaded zerocopy-derive v0.8.48
  Downloaded itertools v0.10.5
  Downloaded criterion v0.5.1
  Downloaded aho-corasick v1.1.4
  Downloaded libm v0.2.16
  Downloaded serde_json v1.0.149
  Downloaded plotters v0.3.7
  Downloaded rayon v1.12.0
  Downloaded regex v1.12.3
  Downloaded clap_builder v4.6.0
  Downloaded zerocopy v0.8.48
  Downloaded syn v2.0.117
  Downloaded regex-syntax v0.8.10
  Downloaded regex-automata v0.4.14
  Downloaded libc v0.2.185
   Compiling proc-macro2 v1.0.106
   Compiling quote v1.0.45
   Compiling unicode-ident v1.0.24
   Compiling autocfg v1.5.0
   Compiling zerocopy v0.8.48
   Compiling crossbeam-utils v0.8.21
   Compiling cfg-if v1.0.4
   Compiling either v1.15.0
   Compiling rayon-core v1.13.0
   Compiling serde_core v1.0.228
   Compiling libm v0.2.16
   Compiling zmij v1.0.21
   Compiling serde v1.0.228
   Compiling rawpointer v0.2.1
   Compiling libc v0.2.185
   Compiling num-traits v0.2.19
   Compiling matrixmultiply v0.3.10
   Compiling serde_json v1.0.149
   Compiling crossbeam-epoch v0.9.18
   Compiling syn v2.0.117
   Compiling crossbeam-deque v0.8.6
   Compiling memchr v2.8.0
   Compiling num-complex v0.4.6
   Compiling ciborium-io v0.2.2
   Compiling anstyle v1.0.14
   Compiling rayon v1.12.0
   Compiling itoa v1.0.18
   Compiling regex-syntax v0.8.10
   Compiling clap_lex v1.1.0
   Compiling plotters-backend v0.3.7
   Compiling clap_builder v4.6.0
   Compiling plotters-svg v0.3.7
   Compiling itertools v0.10.5
   Compiling regex-automata v0.4.14
   Compiling cast v0.3.0
   Compiling same-file v1.0.6
   Compiling bytemuck_derive v1.10.2
   Compiling zerocopy-derive v0.8.48
   Compiling serde_derive v1.0.228
   Compiling regex v1.12.3
   Compiling bytemuck v1.25.0
   Compiling safe_arch v0.7.4
   Compiling wide v0.7.33
   Compiling clap v4.6.1
   Compiling walkdir v2.5.0
   Compiling criterion-plot v0.5.0
   Compiling is-terminal v0.4.17
   Compiling plotters v0.3.7
   Compiling once_cell v1.21.4
   Compiling oorandom v11.1.5
   Compiling anes v0.1.6
   Compiling half v2.7.1
   Compiling tinytemplate v1.2.1
   Compiling ft-core v0.1.0 (/data/projects/.scratch/frankentorch-cod-a-bold-verify-20260621/crates/ft-core)
   Compiling ciborium-ll v0.2.2
   Compiling ciborium v0.2.2
   Compiling ft-kernel-cpu v0.1.0 (/data/projects/.scratch/frankentorch-cod-a-bold-verify-20260621/crates/ft-kernel-cpu)
   Compiling ft-runtime v0.1.0 (/data/projects/.scratch/frankentorch-cod-a-bold-verify-20260621/crates/ft-runtime)
   Compiling criterion v0.5.1
   Compiling ft-dispatch v0.1.0 (/data/projects/.scratch/frankentorch-cod-a-bold-verify-20260621/crates/ft-dispatch)
   Compiling ft-autograd v0.1.0 (/data/projects/.scratch/frankentorch-cod-a-bold-verify-20260621/crates/ft-autograd)
   Compiling ft-api v0.1.0 (/data/projects/.scratch/frankentorch-cod-a-bold-verify-20260621/crates/ft-api)
