  [2m2026-06-15T19:01:43.230858Z[0m [32m INFO[0m [1;32mrch::hook[0m[32m: [32mSelected worker: vmi1152480 at root@109.205.181.92 (5 slots remaining after reservation, speed 50.0)[0m
    [2;3mat[0m rch/src/hook.rs:514 [2;3mon[0m ThreadId(1)

  [2m2026-06-15T19:01:43.550119Z[0m [32m INFO[0m [1;32mrch::hook[0m[32m: [32mStarting remote compilation pipeline for frankentorch (hash: 0ec0772f2c4d842e)[0m
    [2;3mat[0m rch/src/hook.rs:5994 [2;3mon[0m ThreadId(1)

  [2m2026-06-15T19:01:43.550176Z[0m [32m INFO[0m [1;32mrch::hook[0m[32m: [32mPrepared dependency sync manifest for 13 roots[0m
    [2;3mat[0m rch/src/hook.rs:6016 [2;3mon[0m ThreadId(1)

  [2m2026-06-15T19:01:45.732079Z[0m [32m INFO[0m [1;32mrch::hook[0m[32m: [32mSyncing project to worker vmi1152480...[0m
    [2;3mat[0m rch/src/hook.rs:6046 [2;3mon[0m ThreadId(1)

  [2m2026-06-15T19:01:45.732192Z[0m [32m INFO[0m [1;32mrch::transfer[0m[32m: [32mSyncing /data/projects/frankentorch -> /data/projects/frankentorch on vmi1152480[0m
    [2;3mat[0m rch/src/transfer.rs:1434 [2;3mon[0m ThreadId(1)

  [2m2026-06-15T19:01:59.201546Z[0m [32m INFO[0m [1;32mrch::transfer[0m[32m: [32mSync completed in 13469ms[0m
    [2;3mat[0m rch/src/transfer.rs:1503 [2;3mon[0m ThreadId(1)

  [2m2026-06-15T19:01:59.201660Z[0m [32m INFO[0m [1;32mrch::transfer[0m[32m: [32mSyncing /data/projects/frankentorch/crates/ft-api -> /data/projects/frankentorch/crates/ft-api on vmi1152480[0m
    [2;3mat[0m rch/src/transfer.rs:1434 [2;3mon[0m ThreadId(1)

  [2m2026-06-15T19:02:01.646678Z[0m [32m INFO[0m [1;32mrch::transfer[0m[32m: [32mSync completed in 2445ms[0m
    [2;3mat[0m rch/src/transfer.rs:1503 [2;3mon[0m ThreadId(1)

  [2m2026-06-15T19:02:01.646790Z[0m [32m INFO[0m [1;32mrch::transfer[0m[32m: [32mSyncing /data/projects/frankentorch/crates/ft-autograd -> /data/projects/frankentorch/crates/ft-autograd on vmi1152480[0m
    [2;3mat[0m rch/src/transfer.rs:1434 [2;3mon[0m ThreadId(1)

  [2m2026-06-15T19:02:04.229734Z[0m [32m INFO[0m [1;32mrch::transfer[0m[32m: [32mSync completed in 2582ms[0m
    [2;3mat[0m rch/src/transfer.rs:1503 [2;3mon[0m ThreadId(1)

  [2m2026-06-15T19:02:04.229844Z[0m [32m INFO[0m [1;32mrch::transfer[0m[32m: [32mSyncing /data/projects/frankentorch/crates/ft-conformance -> /data/projects/frankentorch/crates/ft-conformance on vmi1152480[0m
    [2;3mat[0m rch/src/transfer.rs:1434 [2;3mon[0m ThreadId(1)

  [2m2026-06-15T19:02:06.783534Z[0m [32m INFO[0m [1;32mrch::transfer[0m[32m: [32mSync completed in 2553ms[0m
    [2;3mat[0m rch/src/transfer.rs:1503 [2;3mon[0m ThreadId(1)

  [2m2026-06-15T19:02:06.783647Z[0m [32m INFO[0m [1;32mrch::transfer[0m[32m: [32mSyncing /data/projects/frankentorch/crates/ft-core -> /data/projects/frankentorch/crates/ft-core on vmi1152480[0m
    [2;3mat[0m rch/src/transfer.rs:1434 [2;3mon[0m ThreadId(1)

  [2m2026-06-15T19:02:09.479448Z[0m [32m INFO[0m [1;32mrch::transfer[0m[32m: [32mSync completed in 2695ms[0m
    [2;3mat[0m rch/src/transfer.rs:1503 [2;3mon[0m ThreadId(1)

  [2m2026-06-15T19:02:09.479592Z[0m [32m INFO[0m [1;32mrch::transfer[0m[32m: [32mSyncing /data/projects/frankentorch/crates/ft-data -> /data/projects/frankentorch/crates/ft-data on vmi1152480[0m
    [2;3mat[0m rch/src/transfer.rs:1434 [2;3mon[0m ThreadId(1)

  [2m2026-06-15T19:02:11.675256Z[0m [32m INFO[0m [1;32mrch::transfer[0m[32m: [32mSync completed in 2195ms[0m
    [2;3mat[0m rch/src/transfer.rs:1503 [2;3mon[0m ThreadId(1)

  [2m2026-06-15T19:02:11.675370Z[0m [32m INFO[0m [1;32mrch::transfer[0m[32m: [32mSyncing /data/projects/frankentorch/crates/ft-device -> /data/projects/frankentorch/crates/ft-device on vmi1152480[0m
    [2;3mat[0m rch/src/transfer.rs:1434 [2;3mon[0m ThreadId(1)

  [2m2026-06-15T19:02:14.178799Z[0m [32m INFO[0m [1;32mrch::transfer[0m[32m: [32mSync completed in 2503ms[0m
    [2;3mat[0m rch/src/transfer.rs:1503 [2;3mon[0m ThreadId(1)

  [2m2026-06-15T19:02:14.178895Z[0m [32m INFO[0m [1;32mrch::transfer[0m[32m: [32mSyncing /data/projects/frankentorch/crates/ft-dispatch -> /data/projects/frankentorch/crates/ft-dispatch on vmi1152480[0m
    [2;3mat[0m rch/src/transfer.rs:1434 [2;3mon[0m ThreadId(1)

  [2m2026-06-15T19:02:16.846115Z[0m [32m INFO[0m [1;32mrch::transfer[0m[32m: [32mSync completed in 2667ms[0m
    [2;3mat[0m rch/src/transfer.rs:1503 [2;3mon[0m ThreadId(1)

  [2m2026-06-15T19:02:16.846231Z[0m [32m INFO[0m [1;32mrch::transfer[0m[32m: [32mSyncing /data/projects/frankentorch/crates/ft-kernel-cpu -> /data/projects/frankentorch/crates/ft-kernel-cpu on vmi1152480[0m
    [2;3mat[0m rch/src/transfer.rs:1434 [2;3mon[0m ThreadId(1)

  [2m2026-06-15T19:02:19.474555Z[0m [32m INFO[0m [1;32mrch::transfer[0m[32m: [32mSync completed in 2628ms[0m
    [2;3mat[0m rch/src/transfer.rs:1503 [2;3mon[0m ThreadId(1)

  [2m2026-06-15T19:02:19.474661Z[0m [32m INFO[0m [1;32mrch::transfer[0m[32m: [32mSyncing /data/projects/frankentorch/crates/ft-nn -> /data/projects/frankentorch/crates/ft-nn on vmi1152480[0m
    [2;3mat[0m rch/src/transfer.rs:1434 [2;3mon[0m ThreadId(1)

  [2m2026-06-15T19:02:22.167926Z[0m [32m INFO[0m [1;32mrch::transfer[0m[32m: [32mSync completed in 2693ms[0m
    [2;3mat[0m rch/src/transfer.rs:1503 [2;3mon[0m ThreadId(1)

  [2m2026-06-15T19:02:22.168041Z[0m [32m INFO[0m [1;32mrch::transfer[0m[32m: [32mSyncing /data/projects/frankentorch/crates/ft-optim -> /data/projects/frankentorch/crates/ft-optim on vmi1152480[0m
    [2;3mat[0m rch/src/transfer.rs:1434 [2;3mon[0m ThreadId(1)

  [2m2026-06-15T19:02:25.117218Z[0m [32m INFO[0m [1;32mrch::transfer[0m[32m: [32mSync completed in 2949ms[0m
    [2;3mat[0m rch/src/transfer.rs:1503 [2;3mon[0m ThreadId(1)

  [2m2026-06-15T19:02:25.117396Z[0m [32m INFO[0m [1;32mrch::transfer[0m[32m: [32mSyncing /data/projects/frankentorch/crates/ft-runtime -> /data/projects/frankentorch/crates/ft-runtime on vmi1152480[0m
    [2;3mat[0m rch/src/transfer.rs:1434 [2;3mon[0m ThreadId(1)

  [2m2026-06-15T19:02:27.339129Z[0m [32m INFO[0m [1;32mrch::transfer[0m[32m: [32mSync completed in 2221ms[0m
    [2;3mat[0m rch/src/transfer.rs:1503 [2;3mon[0m ThreadId(1)

  [2m2026-06-15T19:02:27.339235Z[0m [32m INFO[0m [1;32mrch::transfer[0m[32m: [32mSyncing /data/projects/frankentorch/crates/ft-serialize -> /data/projects/frankentorch/crates/ft-serialize on vmi1152480[0m
    [2;3mat[0m rch/src/transfer.rs:1434 [2;3mon[0m ThreadId(1)

  [2m2026-06-15T19:02:30.236402Z[0m [32m INFO[0m [1;32mrch::transfer[0m[32m: [32mSync completed in 2897ms[0m
    [2;3mat[0m rch/src/transfer.rs:1503 [2;3mon[0m ThreadId(1)

  [2m2026-06-15T19:02:30.236445Z[0m [32m INFO[0m [1;32mrch::hook[0m[32m: [32mSync complete: 52193 files, 1876938 bytes in 44497ms[0m
    [2;3mat[0m rch/src/hook.rs:6209 [2;3mon[0m ThreadId(1)

  [2m2026-06-15T19:02:39.063617Z[0m [32m INFO[0m [1;32mrch::hook[0m[32m: [32mExecuting command remotely: cargo bench -j 1 -p ft-kernel-cpu --bench softmax_bench -- log_softmax_f64_strided_4096x32x8_dim1 --warm-up-time 1 --measurement-time 5 --sample-size 20[0m
    [2;3mat[0m rch/src/hook.rs:6252 [2;3mon[0m ThreadId(1)

  [2m2026-06-15T19:02:39.063681Z[0m [32m INFO[0m [1;32mrch::transfer[0m[32m: [32mRewriting CARGO_TARGET_DIR for remote execution (worker-scoped path): /data/tmp/cargo-target -> /data/projects/frankentorch/.rch-target-vmi1152480-job-29884606035532995-1781550105732070435-0[0m
    [2;3mat[0m rch/src/transfer.rs:712 [2;3mon[0m ThreadId(1)

    Updating crates.io index
 Downloading crates ...
  Downloaded bit-set v0.8.0
  Downloaded anes v0.1.6
  Downloaded anstyle v1.0.14
  Downloaded autocfg v1.5.0
  Downloaded bit-vec v0.8.0
  Downloaded is-terminal v0.4.17
  Downloaded unarray v0.1.4
  Downloaded crossbeam-deque v0.8.6
  Downloaded fnv v1.0.7
  Downloaded oorandom v11.1.5
  Downloaded rusty-fork v0.3.1
  Downloaded bytemuck_derive v1.10.2
  Downloaded num-complex v0.4.6
  Downloaded quick-error v1.2.3
  Downloaded clap_lex v1.1.0
  Downloaded plotters-backend v0.3.7
  Downloaded errno v0.3.14
  Downloaded ciborium-io v0.2.2
  Downloaded crossbeam-utils v0.8.21
  Downloaded fastrand v2.4.1
  Downloaded itoa v1.0.18
  Downloaded proc-macro2 v1.0.106
  Downloaded quote v1.0.45
  Downloaded rand_core v0.9.5
  Downloaded rand_xorshift v0.4.0
  Downloaded criterion-plot v0.5.0
  Downloaded either v1.15.0
  Downloaded clap v4.6.1
  Downloaded cfg-if v1.0.4
  Downloaded same-file v1.0.6
  Downloaded bitflags v2.11.1
  Downloaded console v0.16.3
  Downloaded getrandom v0.3.4
  Downloaded rand_chacha v0.9.0
  Downloaded once_cell v1.21.4
  Downloaded cast v0.3.0
  Downloaded ciborium-ll v0.2.2
  Downloaded wait-timeout v0.2.1
  Downloaded rawpointer v0.2.1
  Downloaded walkdir v2.5.0
  Downloaded crossbeam-epoch v0.9.18
  Downloaded serde v1.0.228
  Downloaded serde_derive v1.0.228
  Downloaded tinytemplate v1.2.1
  Downloaded ppv-lite86 v0.2.21
  Downloaded num-traits v0.2.19
  Downloaded matrixmultiply v0.3.10
  Downloaded serde_core v1.0.228
  Downloaded similar v2.7.0
  Downloaded half v2.7.1
  Downloaded rand v0.9.4
  Downloaded zmij v1.0.21
  Downloaded bytemuck v1.25.0
  Downloaded tempfile v3.27.0
  Downloaded unicode-ident v1.0.24
  Downloaded memchr v2.8.0
  Downloaded safe_arch v0.7.4
  Downloaded rayon-core v1.13.0
  Downloaded aho-corasick v1.1.4
  Downloaded wide v0.7.33
  Downloaded insta v1.47.2
  Downloaded criterion v0.5.1
  Downloaded zerocopy-derive v0.8.48
  Downloaded itertools v0.10.5
  Downloaded serde_json v1.0.149
  Downloaded ciborium v0.2.2
  Downloaded plotters v0.3.7
  Downloaded clap_builder v4.6.0
  Downloaded regex v1.12.3
  Downloaded rayon v1.12.0
  Downloaded libm v0.2.16
  Downloaded proptest v1.11.0
  Downloaded syn v2.0.117
  Downloaded zerocopy v0.8.48
  Downloaded plotters-svg v0.3.7
  Downloaded regex-syntax v0.8.10
  Downloaded rustix v1.1.4
  Downloaded regex-automata v0.4.14
  Downloaded libc v0.2.185
  Downloaded linux-raw-sys v0.12.1
   Compiling proc-macro2 v1.0.106
   Compiling quote v1.0.45
   Compiling unicode-ident v1.0.24
   Compiling syn v2.0.117
   Compiling libc v0.2.185
   Compiling cfg-if v1.0.4
   Compiling autocfg v1.5.0
   Compiling zerocopy v0.8.48
   Compiling zerocopy-derive v0.8.48
   Compiling getrandom v0.3.4
   Compiling bytemuck_derive v1.10.2
   Compiling bytemuck v1.25.0
   Compiling num-traits v0.2.19
   Compiling crossbeam-utils v0.8.21
   Compiling serde_core v1.0.228
   Compiling rustix v1.1.4
   Compiling crossbeam-epoch v0.9.18
   Compiling half v2.7.1
   Compiling linux-raw-sys v0.12.1
   Compiling serde v1.0.228
   Compiling rayon-core v1.13.0
   Compiling bitflags v2.11.1
   Compiling either v1.15.0
   Compiling once_cell v1.21.4
   Compiling zmij v1.0.21
   Compiling crossbeam-deque v0.8.6
   Compiling rand_core v0.9.5
   Compiling serde_derive v1.0.228
   Compiling regex-syntax v0.8.10
   Compiling serde_json v1.0.149
   Compiling fastrand v2.4.1
   Compiling tempfile v3.27.0
   Compiling matrixmultiply v0.3.10
   Compiling anstyle v1.0.14
   Compiling ciborium-io v0.2.2
   Compiling memchr v2.8.0
   Compiling clap_lex v1.1.0
   Compiling libm v0.2.16
   Compiling plotters-backend v0.3.7
   Compiling itoa v1.0.18
   Compiling plotters-svg v0.3.7
   Compiling clap_builder v4.6.0
   Compiling ciborium-ll v0.2.2
   Compiling rayon v1.12.0
   Compiling regex-automata v0.4.14
   Compiling itertools v0.10.5
   Compiling num-complex v0.4.6
   Compiling safe_arch v0.7.4
   Compiling ppv-lite86 v0.2.21
   Compiling wait-timeout v0.2.1
   Compiling same-file v1.0.6
   Compiling bit-vec v0.8.0
   Compiling quick-error v1.2.3
   Compiling cast v0.3.0
   Compiling rawpointer v0.2.1
   Compiling fnv v1.0.7
   Compiling rusty-fork v0.3.1
   Compiling criterion-plot v0.5.0
   Compiling bit-set v0.8.0
   Compiling walkdir v2.5.0
   Compiling rand_chacha v0.9.0
   Compiling wide v0.7.33
   Compiling ft-core v0.1.0 (/data/projects/frankentorch/crates/ft-core)
   Compiling regex v1.12.3
   Compiling ciborium v0.2.2
   Compiling clap v4.6.1
   Compiling plotters v0.3.7
   Compiling tinytemplate v1.2.1
   Compiling rand v0.9.4
   Compiling rand_xorshift v0.4.0
   Compiling console v0.16.3
   Compiling is-terminal v0.4.17
   Compiling oorandom v11.1.5
   Compiling similar v2.7.0
   Compiling anes v0.1.6
   Compiling unarray v0.1.4
   Compiling proptest v1.11.0
   Compiling criterion v0.5.1
   Compiling insta v1.47.2
   Compiling ft-kernel-cpu v0.1.0 (/data/projects/frankentorch/crates/ft-kernel-cpu)
    Finished `bench` profile [optimized + debuginfo] target(s) in 6m 19s
     Running benches/softmax_bench.rs (.rch-target-vmi1152480-job-29884606035532995-1781550105732070435-0/release/deps/softmax_bench-8f2bf4098da247cb)
Gnuplot not found, using plotters backend
Benchmarking log_softmax_f64_strided_4096x32x8_dim1
Benchmarking log_softmax_f64_strided_4096x32x8_dim1: Warming up for 1.0000 s
Benchmarking log_softmax_f64_strided_4096x32x8_dim1: Collecting 20 samples in estimated 5.9326 s (630 iterations)
Benchmarking log_softmax_f64_strided_4096x32x8_dim1: Analyzing
log_softmax_f64_strided_4096x32x8_dim1
                        time:   [9.7782 ms 10.545 ms 11.570 ms]
Found 1 outliers among 20 measurements (5.00%)
  1 (5.00%) high mild

  [2m2026-06-15T19:09:10.101297Z[0m [32m INFO[0m [1;32mrch::hook[0m[32m: [32mRemote command finished: exit=0 in 391037ms[0m
    [2;3mat[0m rch/src/hook.rs:6376 [2;3mon[0m ThreadId(1)

  [2m2026-06-15T19:09:10.101606Z[0m [32m INFO[0m [1;32mrch::hook[0m[32m: [32mRetrieving build artifacts...[0m
    [2;3mat[0m rch/src/hook.rs:6425 [2;3mon[0m ThreadId(1)

  [2m2026-06-15T19:09:10.101634Z[0m [32m INFO[0m [1;32mrch::transfer[0m[32m: [32mRetrieving artifacts from /data/projects/frankentorch on vmi1152480[0m
    [2;3mat[0m rch/src/transfer.rs:2106 [2;3mon[0m ThreadId(1)

  [2m2026-06-15T19:09:12.144277Z[0m [32m INFO[0m [1;32mrch::transfer[0m[32m: [32mArtifacts retrieved in 2042ms (1 files, 1824 bytes)[0m
    [2;3mat[0m rch/src/transfer.rs:2145 [2;3mon[0m ThreadId(1)

  [2m2026-06-15T19:09:12.144313Z[0m [32m INFO[0m [1;32mrch::hook[0m[32m: [32mArtifacts retrieved: 1 files, 1824 bytes in 2042ms[0m
    [2;3mat[0m rch/src/hook.rs:6458 [2;3mon[0m ThreadId(1)

  [2m2026-06-15T19:09:12.144403Z[0m [32m INFO[0m [1;32mrch::transfer[0m[32m: [32mRetrieving artifacts from /data/projects/frankentorch/.rch-target-vmi1152480-job-29884606035532995-1781550105732070435-0 on vmi1152480[0m
    [2;3mat[0m rch/src/transfer.rs:2106 [2;3mon[0m ThreadId(1)

  [2m2026-06-15T19:09:14.321140Z[0m [32m INFO[0m [1;32mrch::transfer[0m[32m: [32mArtifacts retrieved in 2176ms (27 files, 1928 bytes)[0m
    [2;3mat[0m rch/src/transfer.rs:2145 [2;3mon[0m ThreadId(1)

  [2m2026-06-15T19:09:14.321165Z[0m [32m INFO[0m [1;32mrch::hook[0m[32m: [32mCustom CARGO_TARGET_DIR artifacts retrieved: 27 files, 1928 bytes in 2176ms[0m
    [2;3mat[0m rch/src/hook.rs:6582 [2;3mon[0m ThreadId(1)

[RCH] remote vmi1152480 (451.1s)
