  [2m2026-06-21T00:44:13.806358Z[0m [32m INFO[0m [1;32mrch::hook[0m[32m: [32mSelected worker: vmi1153651 at root@38.242.134.66 (4 slots remaining after reservation, speed 50.0)[0m
    [2;3mat[0m rch/src/hook.rs:921 [2;3mon[0m ThreadId(1)

  [2m2026-06-21T00:44:14.069738Z[0m [32m INFO[0m [1;32mrch::hook::transfer_orchestration[0m[32m: [32mStarting remote compilation pipeline for frankentorch-cod-b-bold-verify-20260621T0029 (hash: bd58a94765381d64)[0m
    [2;3mat[0m rch/src/hook/transfer_orchestration.rs:241 [2;3mon[0m ThreadId(1)

  [2m2026-06-21T00:44:14.069772Z[0m [32m INFO[0m [1;32mrch::hook::transfer_orchestration[0m[32m: [32mPrepared dependency sync manifest for 13 roots[0m
    [2;3mat[0m rch/src/hook/transfer_orchestration.rs:263 [2;3mon[0m ThreadId(1)

  [2m2026-06-21T00:44:15.781184Z[0m [32m INFO[0m [1;32mrch::hook::transfer_orchestration[0m[32m: [32mSyncing project to worker vmi1153651...[0m
    [2;3mat[0m rch/src/hook/transfer_orchestration.rs:323 [2;3mon[0m ThreadId(1)

  [2m2026-06-21T00:44:15.781230Z[0m [32m INFO[0m [1;32mrch::transfer[0m[32m: [32mSyncing /data/projects/.scratch/frankentorch-cod-b-bold-verify-20260621T0029 -> /data/projects/.scratch/frankentorch-cod-b-bold-verify-20260621T0029 on vmi1153651[0m
    [2;3mat[0m rch/src/transfer.rs:1528 [2;3mon[0m ThreadId(1)

  [2m2026-06-21T00:44:18.420548Z[0m [32m INFO[0m [1;32mrch::transfer[0m[32m: [32mSync completed in 2639ms[0m
    [2;3mat[0m rch/src/transfer.rs:1592 [2;3mon[0m ThreadId(1)

  [2m2026-06-21T00:44:18.420614Z[0m [32m INFO[0m [1;32mrch::transfer[0m[32m: [32mSyncing /data/projects/.scratch/frankentorch-cod-b-bold-verify-20260621T0029/crates/ft-api -> /data/projects/.scratch/frankentorch-cod-b-bold-verify-20260621T0029/crates/ft-api on vmi1153651[0m
    [2;3mat[0m rch/src/transfer.rs:1528 [2;3mon[0m ThreadId(1)

  [2m2026-06-21T00:44:20.342043Z[0m [32m INFO[0m [1;32mrch::transfer[0m[32m: [32mSync completed in 1921ms[0m
    [2;3mat[0m rch/src/transfer.rs:1592 [2;3mon[0m ThreadId(1)

  [2m2026-06-21T00:44:20.342103Z[0m [32m INFO[0m [1;32mrch::transfer[0m[32m: [32mSyncing /data/projects/.scratch/frankentorch-cod-b-bold-verify-20260621T0029/crates/ft-autograd -> /data/projects/.scratch/frankentorch-cod-b-bold-verify-20260621T0029/crates/ft-autograd on vmi1153651[0m
    [2;3mat[0m rch/src/transfer.rs:1528 [2;3mon[0m ThreadId(1)

  [2m2026-06-21T00:44:23.352475Z[0m [32m INFO[0m [1;32mrch::transfer[0m[32m: [32mSync completed in 3010ms[0m
    [2;3mat[0m rch/src/transfer.rs:1592 [2;3mon[0m ThreadId(1)

  [2m2026-06-21T00:44:23.352550Z[0m [32m INFO[0m [1;32mrch::transfer[0m[32m: [32mSyncing /data/projects/.scratch/frankentorch-cod-b-bold-verify-20260621T0029/crates/ft-conformance -> /data/projects/.scratch/frankentorch-cod-b-bold-verify-20260621T0029/crates/ft-conformance on vmi1153651[0m
    [2;3mat[0m rch/src/transfer.rs:1528 [2;3mon[0m ThreadId(1)

  [2m2026-06-21T00:44:25.316521Z[0m [32m INFO[0m [1;32mrch::transfer[0m[32m: [32mSync completed in 1963ms[0m
    [2;3mat[0m rch/src/transfer.rs:1592 [2;3mon[0m ThreadId(1)

  [2m2026-06-21T00:44:25.316585Z[0m [32m INFO[0m [1;32mrch::transfer[0m[32m: [32mSyncing /data/projects/.scratch/frankentorch-cod-b-bold-verify-20260621T0029/crates/ft-core -> /data/projects/.scratch/frankentorch-cod-b-bold-verify-20260621T0029/crates/ft-core on vmi1153651[0m
    [2;3mat[0m rch/src/transfer.rs:1528 [2;3mon[0m ThreadId(1)

  [2m2026-06-21T00:44:27.363574Z[0m [32m INFO[0m [1;32mrch::transfer[0m[32m: [32mSync completed in 2046ms[0m
    [2;3mat[0m rch/src/transfer.rs:1592 [2;3mon[0m ThreadId(1)

  [2m2026-06-21T00:44:27.363648Z[0m [32m INFO[0m [1;32mrch::transfer[0m[32m: [32mSyncing /data/projects/.scratch/frankentorch-cod-b-bold-verify-20260621T0029/crates/ft-data -> /data/projects/.scratch/frankentorch-cod-b-bold-verify-20260621T0029/crates/ft-data on vmi1153651[0m
    [2;3mat[0m rch/src/transfer.rs:1528 [2;3mon[0m ThreadId(1)

  [2m2026-06-21T00:44:29.301657Z[0m [32m INFO[0m [1;32mrch::transfer[0m[32m: [32mSync completed in 1937ms[0m
    [2;3mat[0m rch/src/transfer.rs:1592 [2;3mon[0m ThreadId(1)

  [2m2026-06-21T00:44:29.301723Z[0m [32m INFO[0m [1;32mrch::transfer[0m[32m: [32mSyncing /data/projects/.scratch/frankentorch-cod-b-bold-verify-20260621T0029/crates/ft-device -> /data/projects/.scratch/frankentorch-cod-b-bold-verify-20260621T0029/crates/ft-device on vmi1153651[0m
    [2;3mat[0m rch/src/transfer.rs:1528 [2;3mon[0m ThreadId(1)

  [2m2026-06-21T00:44:31.194289Z[0m [32m INFO[0m [1;32mrch::transfer[0m[32m: [32mSync completed in 1892ms[0m
    [2;3mat[0m rch/src/transfer.rs:1592 [2;3mon[0m ThreadId(1)

  [2m2026-06-21T00:44:31.194371Z[0m [32m INFO[0m [1;32mrch::transfer[0m[32m: [32mSyncing /data/projects/.scratch/frankentorch-cod-b-bold-verify-20260621T0029/crates/ft-dispatch -> /data/projects/.scratch/frankentorch-cod-b-bold-verify-20260621T0029/crates/ft-dispatch on vmi1153651[0m
    [2;3mat[0m rch/src/transfer.rs:1528 [2;3mon[0m ThreadId(1)

  [2m2026-06-21T00:44:33.146786Z[0m [32m INFO[0m [1;32mrch::transfer[0m[32m: [32mSync completed in 1952ms[0m
    [2;3mat[0m rch/src/transfer.rs:1592 [2;3mon[0m ThreadId(1)

  [2m2026-06-21T00:44:33.146851Z[0m [32m INFO[0m [1;32mrch::transfer[0m[32m: [32mSyncing /data/projects/.scratch/frankentorch-cod-b-bold-verify-20260621T0029/crates/ft-kernel-cpu -> /data/projects/.scratch/frankentorch-cod-b-bold-verify-20260621T0029/crates/ft-kernel-cpu on vmi1153651[0m
    [2;3mat[0m rch/src/transfer.rs:1528 [2;3mon[0m ThreadId(1)

  [2m2026-06-21T00:44:35.114375Z[0m [32m INFO[0m [1;32mrch::transfer[0m[32m: [32mSync completed in 1967ms[0m
    [2;3mat[0m rch/src/transfer.rs:1592 [2;3mon[0m ThreadId(1)

  [2m2026-06-21T00:44:35.114445Z[0m [32m INFO[0m [1;32mrch::transfer[0m[32m: [32mSyncing /data/projects/.scratch/frankentorch-cod-b-bold-verify-20260621T0029/crates/ft-nn -> /data/projects/.scratch/frankentorch-cod-b-bold-verify-20260621T0029/crates/ft-nn on vmi1153651[0m
    [2;3mat[0m rch/src/transfer.rs:1528 [2;3mon[0m ThreadId(1)

  [2m2026-06-21T00:44:37.113709Z[0m [32m INFO[0m [1;32mrch::transfer[0m[32m: [32mSync completed in 1999ms[0m
    [2;3mat[0m rch/src/transfer.rs:1592 [2;3mon[0m ThreadId(1)

  [2m2026-06-21T00:44:37.113769Z[0m [32m INFO[0m [1;32mrch::transfer[0m[32m: [32mSyncing /data/projects/.scratch/frankentorch-cod-b-bold-verify-20260621T0029/crates/ft-optim -> /data/projects/.scratch/frankentorch-cod-b-bold-verify-20260621T0029/crates/ft-optim on vmi1153651[0m
    [2;3mat[0m rch/src/transfer.rs:1528 [2;3mon[0m ThreadId(1)

  [2m2026-06-21T00:44:39.016721Z[0m [32m INFO[0m [1;32mrch::transfer[0m[32m: [32mSync completed in 1902ms[0m
    [2;3mat[0m rch/src/transfer.rs:1592 [2;3mon[0m ThreadId(1)

  [2m2026-06-21T00:44:39.016786Z[0m [32m INFO[0m [1;32mrch::transfer[0m[32m: [32mSyncing /data/projects/.scratch/frankentorch-cod-b-bold-verify-20260621T0029/crates/ft-runtime -> /data/projects/.scratch/frankentorch-cod-b-bold-verify-20260621T0029/crates/ft-runtime on vmi1153651[0m
    [2;3mat[0m rch/src/transfer.rs:1528 [2;3mon[0m ThreadId(1)

  [2m2026-06-21T00:44:40.922582Z[0m [32m INFO[0m [1;32mrch::transfer[0m[32m: [32mSync completed in 1905ms[0m
    [2;3mat[0m rch/src/transfer.rs:1592 [2;3mon[0m ThreadId(1)

  [2m2026-06-21T00:44:40.922654Z[0m [32m INFO[0m [1;32mrch::transfer[0m[32m: [32mSyncing /data/projects/.scratch/frankentorch-cod-b-bold-verify-20260621T0029/crates/ft-serialize -> /data/projects/.scratch/frankentorch-cod-b-bold-verify-20260621T0029/crates/ft-serialize on vmi1153651[0m
    [2;3mat[0m rch/src/transfer.rs:1528 [2;3mon[0m ThreadId(1)

  [2m2026-06-21T00:44:42.859129Z[0m [32m INFO[0m [1;32mrch::transfer[0m[32m: [32mSync completed in 1936ms[0m
    [2;3mat[0m rch/src/transfer.rs:1592 [2;3mon[0m ThreadId(1)

  [2m2026-06-21T00:44:42.859165Z[0m [32m INFO[0m [1;32mrch::hook::transfer_orchestration[0m[32m: [32mSync complete: 4537 files, 195573 bytes in 27069ms[0m
    [2;3mat[0m rch/src/hook/transfer_orchestration.rs:486 [2;3mon[0m ThreadId(1)

  [2m2026-06-21T00:44:50.346614Z[0m [32m INFO[0m [1;32mrch::hook::transfer_orchestration[0m[32m: [32mExecuting command remotely: cargo bench -p ft-api --bench pytorch_gauntlet_bench -- batch_norm2d_f32 --warm-up-time 1 --measurement-time 3 --sample-size 10 --noplot[0m
    [2;3mat[0m rch/src/hook/transfer_orchestration.rs:529 [2;3mon[0m ThreadId(1)

  [2m2026-06-21T00:44:50.346671Z[0m [32m INFO[0m [1;32mrch::transfer[0m[32m: [32mRewriting CARGO_TARGET_DIR for remote execution (worker-scoped path): /data/projects/.rch-targets/frankentorch-cod-b -> /data/projects/.scratch/frankentorch-cod-b-bold-verify-20260621T0029/.rch-target-vmi1153651-pool-d4ea79d53d23a19e52ba955e5fe297ad[0m
    [2;3mat[0m rch/src/transfer.rs:799 [2;3mon[0m ThreadId(1)

    Updating crates.io index
 Downloading crates ...
  Downloaded bytemuck_derive v1.10.2
  Downloaded ciborium v0.2.2
  Downloaded anstyle v1.0.14
  Downloaded cast v0.3.0
  Downloaded ciborium-io v0.2.2
  Downloaded plotters-svg v0.3.7
  Downloaded cfg-if v1.0.4
  Downloaded ciborium-ll v0.2.2
  Downloaded clap_lex v1.1.0
  Downloaded is-terminal v0.4.17
  Downloaded anes v0.1.6
  Downloaded either v1.15.0
  Downloaded same-file v1.0.6
  Downloaded itoa v1.0.18
  Downloaded plotters-backend v0.3.7
  Downloaded quote v1.0.45
  Downloaded tinytemplate v1.2.1
  Downloaded criterion-plot v0.5.0
  Downloaded aho-corasick v1.1.4
  Downloaded autocfg v1.5.0
  Downloaded crossbeam-deque v0.8.6
  Downloaded rawpointer v0.2.1
  Downloaded walkdir v2.5.0
  Downloaded crossbeam-utils v0.8.21
  Downloaded oorandom v11.1.5
  Downloaded num-complex v0.4.6
  Downloaded zmij v1.0.21
  Downloaded crossbeam-epoch v0.9.18
  Downloaded clap v4.6.1
  Downloaded serde_core v1.0.228
  Downloaded bytemuck v1.25.0
  Downloaded once_cell v1.21.4
  Downloaded proc-macro2 v1.0.106
  Downloaded serde_derive v1.0.228
  Downloaded unicode-ident v1.0.24
  Downloaded half v2.7.1
  Downloaded matrixmultiply v0.3.10
  Downloaded num-traits v0.2.19
  Downloaded rayon-core v1.13.0
  Downloaded zerocopy-derive v0.8.48
  Downloaded safe_arch v0.7.4
  Downloaded memchr v2.8.0
  Downloaded serde v1.0.228
  Downloaded wide v0.7.33
  Downloaded itertools v0.10.5
  Downloaded criterion v0.5.1
  Downloaded serde_json v1.0.149
  Downloaded libm v0.2.16
  Downloaded plotters v0.3.7
  Downloaded rayon v1.12.0
  Downloaded clap_builder v4.6.0
  Downloaded regex v1.12.3
  Downloaded zerocopy v0.8.48
  Downloaded syn v2.0.117
  Downloaded regex-syntax v0.8.10
  Downloaded regex-automata v0.4.14
  Downloaded libc v0.2.185
   Compiling proc-macro2 v1.0.106
   Compiling quote v1.0.45
   Compiling unicode-ident v1.0.24
   Compiling autocfg v1.5.0
   Compiling zerocopy v0.8.48
   Compiling crossbeam-utils v0.8.21
   Compiling cfg-if v1.0.4
   Compiling either v1.15.0
   Compiling rayon-core v1.13.0
   Compiling serde_core v1.0.228
   Compiling libm v0.2.16
   Compiling zmij v1.0.21
   Compiling serde v1.0.228
   Compiling rawpointer v0.2.1
   Compiling serde_json v1.0.149
   Compiling libc v0.2.185
   Compiling plotters-backend v0.3.7
   Compiling num-traits v0.2.19
   Compiling matrixmultiply v0.3.10
   Compiling anstyle v1.0.14
   Compiling itoa v1.0.18
   Compiling clap_lex v1.1.0
   Compiling regex-syntax v0.8.10
   Compiling crossbeam-epoch v0.9.18
   Compiling syn v2.0.117
   Compiling memchr v2.8.0
   Compiling ciborium-io v0.2.2
   Compiling clap_builder v4.6.0
   Compiling crossbeam-deque v0.8.6
   Compiling num-complex v0.4.6
   Compiling rayon v1.12.0
   Compiling regex-automata v0.4.14
   Compiling plotters-svg v0.3.7
   Compiling itertools v0.10.5
   Compiling same-file v1.0.6
   Compiling cast v0.3.0
   Compiling walkdir v2.5.0
   Compiling plotters v0.3.7
   Compiling clap v4.6.1
   Compiling is-terminal v0.4.17
   Compiling anes v0.1.6
   Compiling criterion-plot v0.5.0
   Compiling regex v1.12.3
   Compiling oorandom v11.1.5
   Compiling once_cell v1.21.4
   Compiling bytemuck_derive v1.10.2
   Compiling zerocopy-derive v0.8.48
   Compiling serde_derive v1.0.228
   Compiling bytemuck v1.25.0
   Compiling safe_arch v0.7.4
   Compiling wide v0.7.33
   Compiling tinytemplate v1.2.1
   Compiling half v2.7.1
   Compiling ft-core v0.1.0 (/data/projects/.scratch/frankentorch-cod-b-bold-verify-20260621T0029/crates/ft-core)
   Compiling ciborium-ll v0.2.2
   Compiling ciborium v0.2.2
   Compiling ft-kernel-cpu v0.1.0 (/data/projects/.scratch/frankentorch-cod-b-bold-verify-20260621T0029/crates/ft-kernel-cpu)
   Compiling ft-runtime v0.1.0 (/data/projects/.scratch/frankentorch-cod-b-bold-verify-20260621T0029/crates/ft-runtime)
   Compiling criterion v0.5.1
   Compiling ft-dispatch v0.1.0 (/data/projects/.scratch/frankentorch-cod-b-bold-verify-20260621T0029/crates/ft-dispatch)
   Compiling ft-autograd v0.1.0 (/data/projects/.scratch/frankentorch-cod-b-bold-verify-20260621T0029/crates/ft-autograd)
   Compiling ft-api v0.1.0 (/data/projects/.scratch/frankentorch-cod-b-bold-verify-20260621T0029/crates/ft-api)
    Finished `bench` profile [optimized + debuginfo] target(s) in 3m 25s
     Running benches/pytorch_gauntlet_bench.rs (.rch-target-vmi1153651-pool-d4ea79d53d23a19e52ba955e5fe297ad/release/deps/pytorch_gauntlet_bench-5f2ebc2fd9ddf042)
Gnuplot not found, using plotters backend
Benchmarking gauntlet_batch_norm2d_f32_grad/frankentorch_kgs4_114
Benchmarking gauntlet_batch_norm2d_f32_grad/frankentorch_kgs4_114: Warming up for 1.0000 s

Warning: Unable to complete 10 samples in 3.0s. You may wish to increase target time to 5.0s or enable flat sampling.
Benchmarking gauntlet_batch_norm2d_f32_grad/frankentorch_kgs4_114: Collecting 10 samples in estimated 4.9891 s (55 iterations)
Benchmarking gauntlet_batch_norm2d_f32_grad/frankentorch_kgs4_114: Analyzing
gauntlet_batch_norm2d_f32_grad/frankentorch_kgs4_114
                        time:   [101.81 ms 105.48 ms 109.54 ms]
Found 4 outliers among 10 measurements (40.00%)
  1 (10.00%) low severe
  1 (10.00%) low mild
  1 (10.00%) high mild
  1 (10.00%) high severe
Benchmarking gauntlet_batch_norm2d_f32_grad/frankentorch_kgs4_136_scalar_sum
Benchmarking gauntlet_batch_norm2d_f32_grad/frankentorch_kgs4_136_scalar_sum: Warming up for 1.0000 s

Warning: Unable to complete 10 samples in 3.0s. You may wish to increase target time to 4.6s or enable flat sampling.
Benchmarking gauntlet_batch_norm2d_f32_grad/frankentorch_kgs4_136_scalar_sum: Collecting 10 samples in estimated 4.5818 s (55 iterations)
Benchmarking gauntlet_batch_norm2d_f32_grad/frankentorch_kgs4_136_scalar_sum: Analyzing
gauntlet_batch_norm2d_f32_grad/frankentorch_kgs4_136_scalar_sum
                        time:   [65.028 ms 68.775 ms 74.333 ms]
Benchmarking gauntlet_batch_norm2d_f32_grad/pytorch_2_12_cpu
Benchmarking gauntlet_batch_norm2d_f32_grad/pytorch_2_12_cpu: Warming up for 1.0000 s
PyTorch batch_norm2d f32 benchmark failed with status Some(1)
stdout:

stderr:
Traceback (most recent call last):
  File "/data/projects/.scratch/frankentorch-cod-b-bold-verify-20260621T0029/crates/ft-api/benches/pytorch_batch_norm2d_f32_grad.py", line 4, in <module>
    import torch
ModuleNotFoundError: No module named 'torch'

error: bench failed, to rerun pass `-p ft-api --bench pytorch_gauntlet_bench`

Caused by:
  process didn't exit successfully: `/data/projects/.scratch/frankentorch-cod-b-bold-verify-20260621T0029/.rch-target-vmi1153651-pool-d4ea79d53d23a19e52ba955e5fe297ad/release/deps/pytorch_gauntlet_bench-5f2ebc2fd9ddf042 batch_norm2d_f32 --warm-up-time 1 --measurement-time 3 --sample-size 10 --noplot --bench` (exit status: 1)
  [2m2026-06-21T00:48:30.275816Z[0m [32m INFO[0m [1;32mrch::hook::transfer_orchestration[0m[32m: [32mRemote command finished: exit=1 in 219929ms[0m
    [2;3mat[0m rch/src/hook/transfer_orchestration.rs:653 [2;3mon[0m ThreadId(1)

[RCH] remote vmi1153651 failed (exit 1)
