  [2m2026-06-21T00:28:50.646120Z[0m [32m INFO[0m [1;32mrch::hook[0m[32m: [32mSelected worker: vmi1149989 at root@212.90.121.76 (2 slots remaining after reservation, speed 50.0)[0m
    [2;3mat[0m rch/src/hook.rs:921 [2;3mon[0m ThreadId(1)

  [2m2026-06-21T00:28:50.908657Z[0m [32m INFO[0m [1;32mrch::hook::transfer_orchestration[0m[32m: [32mStarting remote compilation pipeline for frankentorch-cod-b-bold-verify-20260621T0029 (hash: bd58a94765381d64)[0m
    [2;3mat[0m rch/src/hook/transfer_orchestration.rs:241 [2;3mon[0m ThreadId(1)

  [2m2026-06-21T00:28:50.908724Z[0m [32m INFO[0m [1;32mrch::hook::transfer_orchestration[0m[32m: [32mPrepared dependency sync manifest for 13 roots[0m
    [2;3mat[0m rch/src/hook/transfer_orchestration.rs:263 [2;3mon[0m ThreadId(1)

  [2m2026-06-21T00:28:52.461988Z[0m [32m INFO[0m [1;32mrch::hook::transfer_orchestration[0m[32m: [32mSyncing project to worker vmi1149989...[0m
    [2;3mat[0m rch/src/hook/transfer_orchestration.rs:323 [2;3mon[0m ThreadId(1)

  [2m2026-06-21T00:28:52.462046Z[0m [32m INFO[0m [1;32mrch::transfer[0m[32m: [32mSyncing /data/projects/.scratch/frankentorch-cod-b-bold-verify-20260621T0029 -> /data/projects/.scratch/frankentorch-cod-b-bold-verify-20260621T0029 on vmi1149989[0m
    [2;3mat[0m rch/src/transfer.rs:1528 [2;3mon[0m ThreadId(1)

  [2m2026-06-21T00:28:56.632181Z[0m [32m INFO[0m [1;32mrch::transfer[0m[32m: [32mSync completed in 4170ms[0m
    [2;3mat[0m rch/src/transfer.rs:1592 [2;3mon[0m ThreadId(1)

  [2m2026-06-21T00:28:56.632299Z[0m [32m INFO[0m [1;32mrch::transfer[0m[32m: [32mSyncing /data/projects/.scratch/frankentorch-cod-b-bold-verify-20260621T0029/crates/ft-api -> /data/projects/.scratch/frankentorch-cod-b-bold-verify-20260621T0029/crates/ft-api on vmi1149989[0m
    [2;3mat[0m rch/src/transfer.rs:1528 [2;3mon[0m ThreadId(1)

  [2m2026-06-21T00:28:58.507770Z[0m [32m INFO[0m [1;32mrch::transfer[0m[32m: [32mSync completed in 1875ms[0m
    [2;3mat[0m rch/src/transfer.rs:1592 [2;3mon[0m ThreadId(1)

  [2m2026-06-21T00:28:58.507844Z[0m [32m INFO[0m [1;32mrch::transfer[0m[32m: [32mSyncing /data/projects/.scratch/frankentorch-cod-b-bold-verify-20260621T0029/crates/ft-autograd -> /data/projects/.scratch/frankentorch-cod-b-bold-verify-20260621T0029/crates/ft-autograd on vmi1149989[0m
    [2;3mat[0m rch/src/transfer.rs:1528 [2;3mon[0m ThreadId(1)

  [2m2026-06-21T00:29:00.348678Z[0m [32m INFO[0m [1;32mrch::transfer[0m[32m: [32mSync completed in 1840ms[0m
    [2;3mat[0m rch/src/transfer.rs:1592 [2;3mon[0m ThreadId(1)

  [2m2026-06-21T00:29:00.348760Z[0m [32m INFO[0m [1;32mrch::transfer[0m[32m: [32mSyncing /data/projects/.scratch/frankentorch-cod-b-bold-verify-20260621T0029/crates/ft-conformance -> /data/projects/.scratch/frankentorch-cod-b-bold-verify-20260621T0029/crates/ft-conformance on vmi1149989[0m
    [2;3mat[0m rch/src/transfer.rs:1528 [2;3mon[0m ThreadId(1)

  [2m2026-06-21T00:29:02.197001Z[0m [32m INFO[0m [1;32mrch::transfer[0m[32m: [32mSync completed in 1848ms[0m
    [2;3mat[0m rch/src/transfer.rs:1592 [2;3mon[0m ThreadId(1)

  [2m2026-06-21T00:29:02.197103Z[0m [32m INFO[0m [1;32mrch::transfer[0m[32m: [32mSyncing /data/projects/.scratch/frankentorch-cod-b-bold-verify-20260621T0029/crates/ft-core -> /data/projects/.scratch/frankentorch-cod-b-bold-verify-20260621T0029/crates/ft-core on vmi1149989[0m
    [2;3mat[0m rch/src/transfer.rs:1528 [2;3mon[0m ThreadId(1)

  [2m2026-06-21T00:29:04.023902Z[0m [32m INFO[0m [1;32mrch::transfer[0m[32m: [32mSync completed in 1826ms[0m
    [2;3mat[0m rch/src/transfer.rs:1592 [2;3mon[0m ThreadId(1)

  [2m2026-06-21T00:29:04.024017Z[0m [32m INFO[0m [1;32mrch::transfer[0m[32m: [32mSyncing /data/projects/.scratch/frankentorch-cod-b-bold-verify-20260621T0029/crates/ft-data -> /data/projects/.scratch/frankentorch-cod-b-bold-verify-20260621T0029/crates/ft-data on vmi1149989[0m
    [2;3mat[0m rch/src/transfer.rs:1528 [2;3mon[0m ThreadId(1)

  [2m2026-06-21T00:29:05.933425Z[0m [32m INFO[0m [1;32mrch::transfer[0m[32m: [32mSync completed in 1909ms[0m
    [2;3mat[0m rch/src/transfer.rs:1592 [2;3mon[0m ThreadId(1)

  [2m2026-06-21T00:29:05.933517Z[0m [32m INFO[0m [1;32mrch::transfer[0m[32m: [32mSyncing /data/projects/.scratch/frankentorch-cod-b-bold-verify-20260621T0029/crates/ft-device -> /data/projects/.scratch/frankentorch-cod-b-bold-verify-20260621T0029/crates/ft-device on vmi1149989[0m
    [2;3mat[0m rch/src/transfer.rs:1528 [2;3mon[0m ThreadId(1)

  [2m2026-06-21T00:29:07.813240Z[0m [32m INFO[0m [1;32mrch::transfer[0m[32m: [32mSync completed in 1879ms[0m
    [2;3mat[0m rch/src/transfer.rs:1592 [2;3mon[0m ThreadId(1)

  [2m2026-06-21T00:29:07.813315Z[0m [32m INFO[0m [1;32mrch::transfer[0m[32m: [32mSyncing /data/projects/.scratch/frankentorch-cod-b-bold-verify-20260621T0029/crates/ft-dispatch -> /data/projects/.scratch/frankentorch-cod-b-bold-verify-20260621T0029/crates/ft-dispatch on vmi1149989[0m
    [2;3mat[0m rch/src/transfer.rs:1528 [2;3mon[0m ThreadId(1)

  [2m2026-06-21T00:29:09.766274Z[0m [32m INFO[0m [1;32mrch::transfer[0m[32m: [32mSync completed in 1952ms[0m
    [2;3mat[0m rch/src/transfer.rs:1592 [2;3mon[0m ThreadId(1)

  [2m2026-06-21T00:29:09.766409Z[0m [32m INFO[0m [1;32mrch::transfer[0m[32m: [32mSyncing /data/projects/.scratch/frankentorch-cod-b-bold-verify-20260621T0029/crates/ft-kernel-cpu -> /data/projects/.scratch/frankentorch-cod-b-bold-verify-20260621T0029/crates/ft-kernel-cpu on vmi1149989[0m
    [2;3mat[0m rch/src/transfer.rs:1528 [2;3mon[0m ThreadId(1)

  [2m2026-06-21T00:29:11.751486Z[0m [32m INFO[0m [1;32mrch::transfer[0m[32m: [32mSync completed in 1985ms[0m
    [2;3mat[0m rch/src/transfer.rs:1592 [2;3mon[0m ThreadId(1)

  [2m2026-06-21T00:29:11.751569Z[0m [32m INFO[0m [1;32mrch::transfer[0m[32m: [32mSyncing /data/projects/.scratch/frankentorch-cod-b-bold-verify-20260621T0029/crates/ft-nn -> /data/projects/.scratch/frankentorch-cod-b-bold-verify-20260621T0029/crates/ft-nn on vmi1149989[0m
    [2;3mat[0m rch/src/transfer.rs:1528 [2;3mon[0m ThreadId(1)

  [2m2026-06-21T00:29:13.883826Z[0m [32m INFO[0m [1;32mrch::transfer[0m[32m: [32mSync completed in 2132ms[0m
    [2;3mat[0m rch/src/transfer.rs:1592 [2;3mon[0m ThreadId(1)

  [2m2026-06-21T00:29:13.883909Z[0m [32m INFO[0m [1;32mrch::transfer[0m[32m: [32mSyncing /data/projects/.scratch/frankentorch-cod-b-bold-verify-20260621T0029/crates/ft-optim -> /data/projects/.scratch/frankentorch-cod-b-bold-verify-20260621T0029/crates/ft-optim on vmi1149989[0m
    [2;3mat[0m rch/src/transfer.rs:1528 [2;3mon[0m ThreadId(1)

  [2m2026-06-21T00:29:16.122010Z[0m [32m INFO[0m [1;32mrch::transfer[0m[32m: [32mSync completed in 2238ms[0m
    [2;3mat[0m rch/src/transfer.rs:1592 [2;3mon[0m ThreadId(1)

  [2m2026-06-21T00:29:16.122089Z[0m [32m INFO[0m [1;32mrch::transfer[0m[32m: [32mSyncing /data/projects/.scratch/frankentorch-cod-b-bold-verify-20260621T0029/crates/ft-runtime -> /data/projects/.scratch/frankentorch-cod-b-bold-verify-20260621T0029/crates/ft-runtime on vmi1149989[0m
    [2;3mat[0m rch/src/transfer.rs:1528 [2;3mon[0m ThreadId(1)

  [2m2026-06-21T00:29:18.242259Z[0m [32m INFO[0m [1;32mrch::transfer[0m[32m: [32mSync completed in 2120ms[0m
    [2;3mat[0m rch/src/transfer.rs:1592 [2;3mon[0m ThreadId(1)

  [2m2026-06-21T00:29:18.242362Z[0m [32m INFO[0m [1;32mrch::transfer[0m[32m: [32mSyncing /data/projects/.scratch/frankentorch-cod-b-bold-verify-20260621T0029/crates/ft-serialize -> /data/projects/.scratch/frankentorch-cod-b-bold-verify-20260621T0029/crates/ft-serialize on vmi1149989[0m
    [2;3mat[0m rch/src/transfer.rs:1528 [2;3mon[0m ThreadId(1)

  [2m2026-06-21T00:29:20.348329Z[0m [32m INFO[0m [1;32mrch::transfer[0m[32m: [32mSync completed in 2105ms[0m
    [2;3mat[0m rch/src/transfer.rs:1592 [2;3mon[0m ThreadId(1)

  [2m2026-06-21T00:29:20.348366Z[0m [32m INFO[0m [1;32mrch::hook::transfer_orchestration[0m[32m: [32mSync complete: 4533 files, 8751236 bytes in 27879ms[0m
    [2;3mat[0m rch/src/hook/transfer_orchestration.rs:486 [2;3mon[0m ThreadId(1)

  [2m2026-06-21T00:29:27.784018Z[0m [32m INFO[0m [1;32mrch::hook::transfer_orchestration[0m[32m: [32mExecuting command remotely: cargo bench -p ft-api --bench pytorch_gauntlet_bench -- batch_norm2d_f32 --warm-up-time 1 --measurement-time 3 --sample-size 10 --noplot[0m
    [2;3mat[0m rch/src/hook/transfer_orchestration.rs:529 [2;3mon[0m ThreadId(1)

  [2m2026-06-21T00:29:27.784073Z[0m [32m INFO[0m [1;32mrch::transfer[0m[32m: [32mRewriting CARGO_TARGET_DIR for remote execution (worker-scoped path): /data/projects/.rch-targets/frankentorch-cod-b -> /data/projects/.scratch/frankentorch-cod-b-bold-verify-20260621T0029/.rch-target-vmi1149989-pool-d4ea79d53d23a19e52ba955e5fe297ad[0m
    [2;3mat[0m rch/src/transfer.rs:799 [2;3mon[0m ThreadId(1)

    Updating crates.io index
 Downloading crates ...
  Downloaded ciborium v0.2.2
  Downloaded cfg-if v1.0.4
  Downloaded itoa v1.0.18
  Downloaded clap_builder v4.6.0
  Downloaded is-terminal v0.4.17
  Downloaded zmij v1.0.21
  Downloaded crossbeam-deque v0.8.6
  Downloaded plotters-svg v0.3.7
  Downloaded rawpointer v0.2.1
  Downloaded same-file v1.0.6
  Downloaded plotters-backend v0.3.7
  Downloaded ciborium-io v0.2.2
  Downloaded clap v4.6.1
  Downloaded clap_lex v1.1.0
  Downloaded ciborium-ll v0.2.2
  Downloaded cast v0.3.0
  Downloaded oorandom v11.1.5
  Downloaded anstyle v1.0.14
  Downloaded either v1.15.0
  Downloaded walkdir v2.5.0
  Downloaded anes v0.1.6
  Downloaded num-complex v0.4.6
  Downloaded autocfg v1.5.0
  Downloaded quote v1.0.45
  Downloaded bytemuck_derive v1.10.2
  Downloaded criterion-plot v0.5.0
  Downloaded crossbeam-epoch v0.9.18
  Downloaded tinytemplate v1.2.1
  Downloaded once_cell v1.21.4
  Downloaded serde_derive v1.0.228
  Downloaded wide v0.7.33
  Downloaded bytemuck v1.25.0
  Downloaded crossbeam-utils v0.8.21
  Downloaded num-traits v0.2.19
  Downloaded proc-macro2 v1.0.106
  Downloaded unicode-ident v1.0.24
  Downloaded half v2.7.1
  Downloaded matrixmultiply v0.3.10
  Downloaded serde_core v1.0.228
  Downloaded safe_arch v0.7.4
  Downloaded serde v1.0.228
  Downloaded zerocopy-derive v0.8.48
  Downloaded itertools v0.10.5
  Downloaded memchr v2.8.0
  Downloaded aho-corasick v1.1.4
  Downloaded rayon-core v1.13.0
  Downloaded criterion v0.5.1
  Downloaded serde_json v1.0.149
  Downloaded libm v0.2.16
  Downloaded regex v1.12.3
  Downloaded plotters v0.3.7
  Downloaded rayon v1.12.0
  Downloaded syn v2.0.117
  Downloaded zerocopy v0.8.48
  Downloaded regex-syntax v0.8.10
  Downloaded regex-automata v0.4.14
  Downloaded libc v0.2.185
   Compiling proc-macro2 v1.0.106
   Compiling unicode-ident v1.0.24
   Compiling quote v1.0.45
   Compiling autocfg v1.5.0
   Compiling zerocopy v0.8.48
   Compiling crossbeam-utils v0.8.21
   Compiling cfg-if v1.0.4
   Compiling rayon-core v1.13.0
   Compiling either v1.15.0
   Compiling serde_core v1.0.228
   Compiling libm v0.2.16
   Compiling rawpointer v0.2.1
   Compiling serde v1.0.228
   Compiling zmij v1.0.21
   Compiling serde_json v1.0.149
   Compiling libc v0.2.185
   Compiling num-traits v0.2.19
   Compiling matrixmultiply v0.3.10
   Compiling regex-syntax v0.8.10
   Compiling clap_lex v1.1.0
   Compiling anstyle v1.0.14
   Compiling syn v2.0.117
   Compiling crossbeam-epoch v0.9.18
   Compiling memchr v2.8.0
   Compiling plotters-backend v0.3.7
   Compiling itoa v1.0.18
   Compiling crossbeam-deque v0.8.6
   Compiling ciborium-io v0.2.2
   Compiling plotters-svg v0.3.7
   Compiling clap_builder v4.6.0
   Compiling num-complex v0.4.6
   Compiling rayon v1.12.0
   Compiling regex-automata v0.4.14
   Compiling itertools v0.10.5
   Compiling same-file v1.0.6
   Compiling cast v0.3.0
   Compiling walkdir v2.5.0
   Compiling is-terminal v0.4.17
   Compiling plotters v0.3.7
   Compiling oorandom v11.1.5
   Compiling anes v0.1.6
   Compiling once_cell v1.21.4
   Compiling clap v4.6.1
   Compiling criterion-plot v0.5.0
   Compiling bytemuck_derive v1.10.2
   Compiling zerocopy-derive v0.8.48
   Compiling serde_derive v1.0.228
   Compiling regex v1.12.3
   Compiling bytemuck v1.25.0
   Compiling safe_arch v0.7.4
   Compiling wide v0.7.33
   Compiling tinytemplate v1.2.1
   Compiling half v2.7.1
   Compiling ft-core v0.1.0 (/data/projects/.scratch/frankentorch-cod-b-bold-verify-20260621T0029/crates/ft-core)
   Compiling ciborium-ll v0.2.2
   Compiling ciborium v0.2.2
   Compiling ft-kernel-cpu v0.1.0 (/data/projects/.scratch/frankentorch-cod-b-bold-verify-20260621T0029/crates/ft-kernel-cpu)
   Compiling ft-runtime v0.1.0 (/data/projects/.scratch/frankentorch-cod-b-bold-verify-20260621T0029/crates/ft-runtime)
   Compiling criterion v0.5.1
   Compiling ft-dispatch v0.1.0 (/data/projects/.scratch/frankentorch-cod-b-bold-verify-20260621T0029/crates/ft-dispatch)
   Compiling ft-autograd v0.1.0 (/data/projects/.scratch/frankentorch-cod-b-bold-verify-20260621T0029/crates/ft-autograd)
   Compiling ft-api v0.1.0 (/data/projects/.scratch/frankentorch-cod-b-bold-verify-20260621T0029/crates/ft-api)
    Finished `bench` profile [optimized + debuginfo] target(s) in 2m 22s
     Running benches/pytorch_gauntlet_bench.rs (.rch-target-vmi1149989-pool-d4ea79d53d23a19e52ba955e5fe297ad/release/deps/pytorch_gauntlet_bench-5f2ebc2fd9ddf042)
Gnuplot not found, using plotters backend
Benchmarking gauntlet_batch_norm2d_f32_grad/frankentorch_kgs4_114
Benchmarking gauntlet_batch_norm2d_f32_grad/frankentorch_kgs4_114: Warming up for 1.0000 s

Warning: Unable to complete 10 samples in 3.0s. You may wish to increase target time to 3.7s or enable flat sampling.
Benchmarking gauntlet_batch_norm2d_f32_grad/frankentorch_kgs4_114: Collecting 10 samples in estimated 3.6894 s (55 iterations)
Benchmarking gauntlet_batch_norm2d_f32_grad/frankentorch_kgs4_114: Analyzing
gauntlet_batch_norm2d_f32_grad/frankentorch_kgs4_114
                        time:   [60.183 ms 63.388 ms 65.717 ms]
Benchmarking gauntlet_batch_norm2d_f32_grad/frankentorch_kgs4_136_scalar_sum
Benchmarking gauntlet_batch_norm2d_f32_grad/frankentorch_kgs4_136_scalar_sum: Warming up for 1.0000 s
Benchmarking gauntlet_batch_norm2d_f32_grad/frankentorch_kgs4_136_scalar_sum: Collecting 10 samples in estimated 5.4758 s (110 iterations)
Benchmarking gauntlet_batch_norm2d_f32_grad/frankentorch_kgs4_136_scalar_sum: Analyzing
gauntlet_batch_norm2d_f32_grad/frankentorch_kgs4_136_scalar_sum
                        time:   [54.504 ms 58.024 ms 62.578 ms]
Benchmarking gauntlet_batch_norm2d_f32_grad/pytorch_2_12_cpu
Benchmarking gauntlet_batch_norm2d_f32_grad/pytorch_2_12_cpu: Warming up for 1.0000 s
PyTorch batch_norm2d f32 benchmark failed with status Some(1)
stdout:

stderr:
Traceback (most recent call last):
  File "/data/projects/.scratch/frankentorch-cod-b-bold-verify-20260621T0029/crates/ft-api/benches/pytorch_batch_norm2d_f32_grad.py", line 4, in <module>
    import torch
ModuleNotFoundError: No module named 'torch'

error: bench failed, to rerun pass `-p ft-api --bench pytorch_gauntlet_bench`

Caused by:
  process didn't exit successfully: `/data/projects/.scratch/frankentorch-cod-b-bold-verify-20260621T0029/.rch-target-vmi1149989-pool-d4ea79d53d23a19e52ba955e5fe297ad/release/deps/pytorch_gauntlet_bench-5f2ebc2fd9ddf042 batch_norm2d_f32 --warm-up-time 1 --measurement-time 3 --sample-size 10 --noplot --bench` (exit status: 1)
  [2m2026-06-21T00:32:05.374556Z[0m [32m INFO[0m [1;32mrch::hook::transfer_orchestration[0m[32m: [32mRemote command finished: exit=1 in 157590ms[0m
    [2;3mat[0m rch/src/hook/transfer_orchestration.rs:653 [2;3mon[0m ThreadId(1)

[RCH] remote vmi1149989 failed (exit 1)
