   Compiling ft-api v0.1.0 (/data/projects/.scratch/frankentorch-pearlreef-dig-20260626T0720Z/crates/ft-api)
warning: unused variable: `a_rows`
    --> crates/ft-api/src/lib.rs:6991:18
     |
6991 |             let (a_rows, a_cols) = (a_aligned[0], a_aligned[1]);
     |                  ^^^^^^ help: if this is intentional, prefix it with an underscore: `_a_rows`
     |
     = note: `#[warn(unused_variables)]` (part of `#[warn(unused)]`) on by default

warning: `ft-api` (lib) generated 1 warning (run `cargo fix --lib -p ft-api` to apply 1 suggestion)
    Finished `release` profile [optimized] target(s) in 40.19s
     Running `/data/projects/.rch-targets/frankentorch-cod-b/release/examples/struct_survey6_h2h`
/data/projects/.venvs/frankentorch-pytorch-cpu/lib/python3.13/site-packages/torch/_subclasses/functional_tensor.py:362: UserWarning: Failed to initialize NumPy: No module named 'numpy' (Triggered internally at /pytorch/torch/csrc/utils/tensor_numpy.cpp:84.)
  cpu = _conversion_method_template(device=torch.device("cpu"))
op            FT(ms)    PT(ms)   verdict
  cat_anchor     12.658   51.860   FT 4.10x FASTER
  topk            5.198    4.202   FT 1.24x SLOWER
  median        118.666   85.241   FT 1.39x SLOWER
  prod            9.826    1.907   FT 5.15x SLOWER
  amax            3.644    1.274   FT 2.86x SLOWER
  logsumexp       9.795   54.368   FT 5.55x FASTER
  var             6.104    4.110   FT 1.49x SLOWER
  kthvalue        0.001  151.800   FT 174082.91x FASTER
