   Compiling proc-macro2 v1.0.106
   Compiling unicode-ident v1.0.24
   Compiling quote v1.0.45
   Compiling autocfg v1.5.0
   Compiling zerocopy v0.8.48
   Compiling crossbeam-utils v0.8.21
   Compiling cfg-if v1.0.4
   Compiling rayon-core v1.13.0
   Compiling either v1.15.0
   Compiling serde_core v1.0.228
   Compiling libm v0.2.16
   Compiling rawpointer v0.2.1
   Compiling serde v1.0.228
   Compiling zmij v1.0.21
   Compiling serde_json v1.0.149
   Compiling libc v0.2.185
   Compiling clap_lex v1.1.0
   Compiling memchr v2.8.0
   Compiling anstyle v1.0.14
   Compiling regex-syntax v0.8.10
   Compiling ciborium-io v0.2.2
   Compiling plotters-backend v0.3.7
   Compiling itoa v1.0.18
   Compiling same-file v1.0.6
   Compiling cast v0.3.0
   Compiling oorandom v11.1.5
   Compiling once_cell v1.21.4
   Compiling anes v0.1.6
   Compiling walkdir v2.5.0
   Compiling clap_builder v4.6.0
   Compiling itertools v0.10.5
   Compiling plotters-svg v0.3.7
   Compiling num-traits v0.2.19
   Compiling matrixmultiply v0.3.10
   Compiling crossbeam-epoch v0.9.18
   Compiling crossbeam-deque v0.8.6
   Compiling syn v2.0.117
   Compiling is-terminal v0.4.17
   Compiling regex-automata v0.4.14
   Compiling criterion-plot v0.5.0
   Compiling num-complex v0.4.6
   Compiling plotters v0.3.7
   Compiling rayon v1.12.0
   Compiling clap v4.6.1
   Compiling regex v1.12.3
   Compiling bytemuck_derive v1.10.2
   Compiling zerocopy-derive v0.8.48
   Compiling serde_derive v1.0.228
   Compiling bytemuck v1.25.0
   Compiling safe_arch v0.7.4
   Compiling wide v0.7.33
   Compiling tinytemplate v1.2.1
   Compiling half v2.7.1
   Compiling ft-core v0.1.0 (/data/projects/.scratch/frankentorch-pearlreef-dig-20260626T0720Z/crates/ft-core)
   Compiling ciborium-ll v0.2.2
   Compiling ciborium v0.2.2
   Compiling ft-kernel-cpu v0.1.0 (/data/projects/.scratch/frankentorch-pearlreef-dig-20260626T0720Z/crates/ft-kernel-cpu)
   Compiling ft-runtime v0.1.0 (/data/projects/.scratch/frankentorch-pearlreef-dig-20260626T0720Z/crates/ft-runtime)
   Compiling criterion v0.5.1
   Compiling ft-dispatch v0.1.0 (/data/projects/.scratch/frankentorch-pearlreef-dig-20260626T0720Z/crates/ft-dispatch)
   Compiling ft-autograd v0.1.0 (/data/projects/.scratch/frankentorch-pearlreef-dig-20260626T0720Z/crates/ft-autograd)
   Compiling ft-api v0.1.0 (/data/projects/.scratch/frankentorch-pearlreef-dig-20260626T0720Z/crates/ft-api)
warning: unused variable: `a_rows`
    --> crates/ft-api/src/lib.rs:6991:18
     |
6991 |             let (a_rows, a_cols) = (a_aligned[0], a_aligned[1]);
     |                  ^^^^^^ help: if this is intentional, prefix it with an underscore: `_a_rows`
     |
     = note: `#[warn(unused_variables)]` (part of `#[warn(unused)]`) on by default

warning: `ft-api` (lib) generated 1 warning (run `cargo fix --lib -p ft-api` to apply 1 suggestion)
    Finished `release` profile [optimized] target(s) in 1m 09s
     Running `/data/projects/.rch-targets/frankentorch-cod-b/release/examples/struct_survey6_h2h`
/data/projects/.venvs/frankentorch-pytorch-cpu/lib/python3.13/site-packages/torch/_subclasses/functional_tensor.py:362: UserWarning: Failed to initialize NumPy: No module named 'numpy' (Triggered internally at /pytorch/torch/csrc/utils/tensor_numpy.cpp:84.)
  cpu = _conversion_method_template(device=torch.device("cpu"))
op            FT(ms)    PT(ms)   verdict
  cat_anchor     11.543   49.567   FT 4.29x FASTER
  topk            4.914    4.377   FT 1.12x SLOWER
  median        291.700   88.998   FT 3.28x SLOWER
  prod            5.700    2.275   FT 2.51x SLOWER
  amax            3.253    1.880   FT 1.73x SLOWER
  logsumexp       8.448   48.385   FT 5.73x FASTER
  var             5.469    3.183   FT 1.72x SLOWER
  kthvalue        0.001  147.911   FT 162183.00x FASTER
