ℹ Preparing shadow workspace for 1 specified file(s)
ℹ Scanning shadow workspace at /data/tmp/tmp.GsEmPVqvqY/files_scan

╔══════════════════════════════════════════════════════════════════════════════╗
║  ██╗   ██╗██╗  ████████╗██╗███╗   ███╗ █████╗ ████████╗███████╗              ║
║  ██║   ██║██║  ╚══██╔══╝██║████╗ ████║██╔══██╗╚══██╔══╝██╔════╝              ║
║  ██║   ██║██║     ██║   ██║██╔████╔██║███████║   ██║   █████╗                ║
║  ██║   ██║██║     ██║   ██║██║╚██╔╝██║██╔══██║   ██║   ██╔══╝                ║
║  ╚██████╔╝███████╗██║   ██║██║ ╚═╝ ██║██║  ██║   ██║   ███████╗              ║
║   ╚═════╝ ╚══════╝╚═╝   ╚═╝╚═╝     ╚═╝╚═╝  ╚═╝   ╚═╝   ╚══════╝              ║
║                                                                              ║
║  ██████╗ ██╗   ██╗ ██████╗         __       __                               ║
║  ██╔══██╗██║   ██║██╔════╝         \ `-'"-'` /                               ║
║  ██████╔╝██║   ██║██║  ███╗        / \_   _/ \                               ║
║  ██╔══██╗██║   ██║██║   ██║        |  d\_/b  |                               ║
║  ██████╔╝╚██████╔╝╚██████╔╝       .'\   V   /'.                              ║
║  ╚═════╝  ╚═════╝  ╚═════╝        /   '-...-'   \                            ║
║                                  | /         \ |                             ║
║                                  \/\         /\/                             ║
║                                  ==(||)---(||)==                             ║
║                                                                              ║
║  ███████╗  ██████╗   █████╗ ███╗   ██╗███╗   ██╗███████╗██████╗              ║
║  ██╔════╝  ██╔═══╝  ██╔══██╗████╗  ██║████╗  ██║██╔════╝██╔══██╗             ║
║  ███████╗  ██║      ███████║██╔██╗ ██║██╔██╗ ██║█████╗  ██████╔╝             ║
║  ╚════██║  ██║      ██╔══██║██║╚██╗██║██║╚██╗██║██╔══╝  ██╔══██╗             ║
║  ███████║  ██████╗  ██║  ██║██║ ╚████║██║ ╚████║███████╗██║  ██║             ║
║  ╚══════╝  ╚═════╝  ╚═╝╚═╝  ╚═══╝╚═╝  ╚═══╝╚══════╝╚═╝  ╚═╝                  ║
║                                                                              ║
║   JS / TS • PYTHON • C / C++ • RUST • GO • JAVA • RUBY                       ║
║   SWIFT • C# • ELIXIR                                                        ║
║                    UBS: ULTIMATE BUG SCANNER • SARIF FUSION ☄️               ║
║                                                                              ║
║                                                                              ║
║                     Night Owl QA                                             ║
║                     “We see bugs before you do.”                             ║
╚══════════════════════════════════════════════════════════════════════════════╝

UBS Meta-Runner v5.3.2  2026-06-08 00:09:36
Project: /data/projects/frankentorch
Format:  text
Detected: rust
Scanning rust...
Finished rust (378s)

──────── rust ────────

╔═══════════════════════════════════════════════════════════════════╗ 
║  ██╗   ██╗██╗  ████████╗██╗███╗   ███╗ █████╗ ████████╗███████╗   ║ 
║  ██║   ██║██║  ╚══██╔══╝██║████╗ ████║██╔══██╗╚══██╔══╝██╔════╝   ║ 
║  ██║   ██║██║     ██║   ██║██╔████╔██║███████║   ██║   █████╗     ║ 
║  ██║   ██║██║     ██║   ██║██║╚██╔╝██║██╔══██║   ██║   ██╔══╝     ║ 
║  ╚██████╔╝███████╗██║   ██║██║ ╚═╝ ██║██║  ██║   ██║   ███████╗   ║ 
║   ╚═════╝ ╚══════╝╚═╝   ╚═╝╚═╝     ╚═╝╚═╝  ╚═╝   ╚═╝   ╚══════╝   ║ 
║                                            /\                     ║ 
║  ██████╗ ██╗   ██╗ ██████╗                ( /   @ @    ()         ║ 
║  ██╔══██╗██║   ██║██╔════╝                 \  __| |__  /          ║ 
║  ██████╔╝██║   ██║██║  ███╗                 -/   "   \-           ║ 
║  ██╔══██╗██║   ██║██║   ██║                /-|       |-\          ║ 
║  ██████╔╝╚██████╔╝╚██████╔╝               / /-\     /-\ \         ║ 
║  ╚═════╝  ╚═════╝  ╚═════╝                 / /-`---'-\\ \          ║ 
║                                             /         \           ║ 
║                                                                   ║ 
║  ███████╗  ██████╗   █████╗ ███╗   ██╗███╗   ██╗███████╗██████╗   ║ 
║  ██╔════╝  ██╔═══╝  ██╔══██╗████╗  ██║████╗  ██║██╔════╝██╔══██╗  ║ 
║  ███████╗  ██║      ███████║██╔██╗ ██║██╔██╗ ██║█████╗  ██████╔╝  ║ 
║  ╚════██║  ██║      ██╔══██║██║╚██╗██║██║╚██╗██║██╔══╝  ██╔══██╗  ║ 
║  ███████║  ██████╗  ██║  ██║██║ ╚████║██║ ╚████║███████╗██║  ██║  ║ 
║  ╚══════╝  ╚═════╝  ╚═╝╚═╝  ╚═══╝╚═╝  ╚═══╝╚══════╝╚═╝  ╚═╝       ║ 
║                                                                   ║ 
║  Rust module • ownership sanity, unsafe & async spotlights        ║ 
║  UBS module: rust • cargo-aware targeting, low-noise caching      ║ 
║  ASCII homage: Ferris crab (ASCII Art Archive)                    ║ 
║  Run standalone: modules/ubs-rust.sh --help                       ║ 
║                                                                   ║ 
║  Night Owl QA                                                     ║ 
║  “We see bugs before you do.”                                     ║ 
╚═══════════════════════════════════════════════════════════════════╝ 
                                                                      

Project:  /data/projects/frankentorch
Started:  2026-06-08 00:09:36
Files:    1 source files (rs)

✓ ast-grep available (ast-grep) - full AST analysis enabled
✓ cargo detected
  ✓ clippy available
  ✓ rustfmt available
  ✓ cargo-audit available
  ✓ cargo-deny available
  ⚠ cargo-udeps not installed
  ⚠ cargo-outdated not installed

━━━━━━━━━━━━━━━━━━━━━━━━━━━━━━━━━━━━━━━━━━━━━━━━━━━━━━━━━━━━━━━━
1. OWNERSHIP & ERROR HANDLING MACROS
━━━━━━━━━━━━━━━━━━━━━━━━━━━━━━━━━━━━━━━━━━━━━━━━━━━━━━━━━━━━━━━━

▓▓▓ Detects: unwrap/expect, panic/unreachable/todo/unimplemented, dbg/println
Panic-prone and debug macros frequently leak into production and cause crashes

• unwrap()/expect() usage
  ⚠ Warning (14487 found)
    Potential panics via unwrap/expect
    Prefer `?` or match to propagate/handle errors
      /data/projects/frankentorch/crates/ft-api/src/lib.rs:16315 (https://github.com/Dicklesworthstone/frankentorch/blob/a30bc97e8debde1560e0fbe70ca23894fda626b6/crates/ft-api/src/lib.rs#L16315)
                      let in_features = *in_shape.last().unwrap();
      /data/projects/frankentorch/crates/ft-api/src/lib.rs:16329 (https://github.com/Dicklesworthstone/frankentorch/blob/a30bc97e8debde1560e0fbe70ca23894fda626b6/crates/ft-api/src/lib.rs#L16329)
                          *out_shape.last_mut().unwrap() = out_features;
      /data/projects/frankentorch/crates/ft-api/src/lib.rs:16373 (https://github.com/Dicklesworthstone/frankentorch/blob/a30bc97e8debde1560e0fbe70ca23894fda626b6/crates/ft-api/src/lib.rs#L16373)
                      let in_features = *in_shape.last().unwrap();
      /data/projects/frankentorch/crates/ft-api/src/lib.rs:16403 (https://github.com/Dicklesworthstone/frankentorch/blob/a30bc97e8debde1560e0fbe70ca23894fda626b6/crates/ft-api/src/lib.rs#L16403)
                                  *out_shape.last_mut().unwrap() = out_features;
      /data/projects/frankentorch/crates/ft-api/src/lib.rs:17325 (https://github.com/Dicklesworthstone/frankentorch/blob/a30bc97e8debde1560e0fbe70ca23894fda626b6/crates/ft-api/src/lib.rs#L17325)
                              g.push(Some(dbias.unwrap()));

• panic!/unreachable!/todo!/unimplemented!
  🔥 CRITICAL (3 found)
    panic! macro(s) present
    Avoid panic! in library code
      /data/projects/frankentorch/crates/ft-api/src/lib.rs:101878 (https://github.com/Dicklesworthstone/frankentorch/blob/a30bc97e8debde1560e0fbe70ca23894fda626b6/crates/ft-api/src/lib.rs#L101878)
                  other => panic!("expected F16 storage, got {:?}", other.dtype()),
      /data/projects/frankentorch/crates/ft-api/src/lib.rs:101888 (https://github.com/Dicklesworthstone/frankentorch/blob/a30bc97e8debde1560e0fbe70ca23894fda626b6/crates/ft-api/src/lib.rs#L101888)
                  other => panic!("expected BF16 storage, got {:?}", other.dtype()),
      /data/projects/frankentorch/crates/ft-api/src/lib.rs:111382 (https://github.com/Dicklesworthstone/frankentorch/blob/a30bc97e8debde1560e0fbe70ca23894fda626b6/crates/ft-api/src/lib.rs#L111382)
                  let grad = s.tensor_gradient(&report, i).unwrap_or_else(|| panic!("{name} gradient"));
  ⚠ Warning (10 found)
    unreachable! may panic if reached
    Double-check logic

• dbg!/println!/eprintln!
  ℹ Info (6 found)
    println! found - prefer logging

• Guard clauses that still unwrap later
  ⚠ Warning (1 found)
    Guarded Option/Result later unwrap
    Examples: /data/projects/frankentorch/crates/ft-api/src/lib.rs:18264:37 → db unwrap/expect after partial guard

━━━━━━━━━━━━━━━━━━━━━━━━━━━━━━━━━━━━━━━━━━━━━━━━━━━━━━━━━━━━━━━━
2. UNSAFE & MEMORY OPERATIONS
━━━━━━━━━━━━━━━━━━━━━━━━━━━━━━━━━━━━━━━━━━━━━━━━━━━━━━━━━━━━━━━━

▓▓▓ Detects: unsafe blocks, transmute/uninitialized/zeroed/forget, raw ffi hazards
These patterns may introduce UB, memory leaks, or hard-to-debug crashes

• unsafe { ... } blocks
  ✓ OK No unsafe blocks detected

• transmute, uninitialized, zeroed, assume_init, forget

• CStr::from_bytes_with_nul_unchecked

• get_unchecked / from_utf8_unchecked / from_raw_parts

• Unsafe Send/Sync impls

━━━━━━━━━━━━━━━━━━━━━━━━━━━━━━━━━━━━━━━━━━━━━━━━━━━━━━━━━━━━━━━━
3. CONCURRENCY & ASYNC PITFALLS
━━━━━━━━━━━━━━━━━━━━━━━━━━━━━━━━━━━━━━━━━━━━━━━━━━━━━━━━━━━━━━━━

▓▓▓ Detects: Arc<Mutex>, Rc<RefCell>, blocking ops in async, await-in-loop, spawn misuse
Concurrency misuse leads to deadlocks, head-of-line blocking, and performance issues

• Arc<Mutex<..>> / Rc<RefCell<..>> / RwLock

• Mutex::lock().unwrap()/expect()
  ⚠ Warning (11 found)
    Poisoned lock handling via unwrap/expect
      /data/projects/frankentorch/crates/ft-api/src/lib.rs:75880 (https://github.com/Dicklesworthstone/frankentorch/blob/a30bc97e8debde1560e0fbe70ca23894fda626b6/crates/ft-api/src/lib.rs#L75880)
                      order_first.lock().expect("order lock").push("first");
      /data/projects/frankentorch/crates/ft-api/src/lib.rs:75889 (https://github.com/Dicklesworthstone/frankentorch/blob/a30bc97e8debde1560e0fbe70ca23894fda626b6/crates/ft-api/src/lib.rs#L75889)
                      order_second.lock().expect("order lock").push("second");
      /data/projects/frankentorch/crates/ft-api/src/lib.rs:75899 (https://github.com/Dicklesworthstone/frankentorch/blob/a30bc97e8debde1560e0fbe70ca23894fda626b6/crates/ft-api/src/lib.rs#L75899)
              let order_values = order.lock().expect("order lock");
      /data/projects/frankentorch/crates/ft-api/src/lib.rs:75970 (https://github.com/Dicklesworthstone/frankentorch/blob/a30bc97e8debde1560e0fbe70ca23894fda626b6/crates/ft-api/src/lib.rs#L75970)
                      *count_a.lock().expect("count lock") += 1;
      /data/projects/frankentorch/crates/ft-api/src/lib.rs:75978 (https://github.com/Dicklesworthstone/frankentorch/blob/a30bc97e8debde1560e0fbe70ca23894fda626b6/crates/ft-api/src/lib.rs#L75978)
                      *count_b.lock().expect("count lock") += 1;

• await inside loops (sequentialism)

• Blocking ops inside async (thread::sleep, std::fs)

• block_on within async context

• std::thread::spawn within async

• tokio::spawn usage (heuristic for detached tasks)

• Async error path coverage
  ✓ OK No tokio::spawn usage detected

━━━━━━━━━━━━━━━━━━━━━━━━━━━━━━━━━━━━━━━━━━━━━━━━━━━━━━━━━━━━━━━━
4. NUMERIC & FLOATING-POINT
━━━━━━━━━━━━━━━━━━━━━━━━━━━━━━━━━━━━━━━━━━━━━━━━━━━━━━━━━━━━━━━━

▓▓▓ Detects: float equality, division/modulo by variable, potential overflow hints
Numeric bugs cause subtle logic errors or panics in debug builds (overflow)

• Floating-point equality comparisons
  ℹ Info (140 found)
    Float equality/inequality check
    Consider epsilon comparisons
      /data/projects/frankentorch/crates/ft-api/src/lib.rs:3105 (https://github.com/Dicklesworthstone/frankentorch/blob/a30bc97e8debde1560e0fbe70ca23894fda626b6/crates/ft-api/src/lib.rs#L3105)
                      if concentration == 0.0 {
      /data/projects/frankentorch/crates/ft-api/src/lib.rs:3340 (https://github.com/Dicklesworthstone/frankentorch/blob/a30bc97e8debde1560e0fbe70ca23894fda626b6/crates/ft-api/src/lib.rs#L3340)
              if step == 0.0 {
      /data/projects/frankentorch/crates/ft-api/src/lib.rs:4008 (https://github.com/Dicklesworthstone/frankentorch/blob/a30bc97e8debde1560e0fbe70ca23894fda626b6/crates/ft-api/src/lib.rs#L4008)
                      if lambda == 0.0 {

• Division/modulo by variable (verify non-zero)
  ℹ Info (490 found)
    Division by variables - guard zero divisors
  ℹ Info (60 found)
    Modulo by variables - guard zero divisors

━━━━━━━━━━━━━━━━━━━━━━━━━━━━━━━━━━━━━━━━━━━━━━━━━━━━━━━━━━━━━━━━
5. COLLECTIONS & ITERATORS
━━━━━━━━━━━━━━━━━━━━━━━━━━━━━━━━━━━━━━━━━━━━━━━━━━━━━━━━━━━━━━━━

▓▓▓ Detects: clone in loops, collect then iterate, nth(0), length checks
Iterator misuse often leads to unnecessary allocations or slow paths

• clone() occurrences & clone() in loops
  ℹ Info (812 found)
    clone() usages - audit for necessity
      /data/projects/frankentorch/crates/ft-api/src/lib.rs:1196 (https://github.com/Dicklesworthstone/frankentorch/blob/a30bc97e8debde1560e0fbe70ca23894fda626b6/crates/ft-api/src/lib.rs#L1196)
              let meta = tensor.meta().clone();
      /data/projects/frankentorch/crates/ft-api/src/lib.rs:1234 (https://github.com/Dicklesworthstone/frankentorch/blob/a30bc97e8debde1560e0fbe70ca23894fda626b6/crates/ft-api/src/lib.rs#L1234)
              let meta = tensor.meta().clone();
      /data/projects/frankentorch/crates/ft-api/src/lib.rs:1272 (https://github.com/Dicklesworthstone/frankentorch/blob/a30bc97e8debde1560e0fbe70ca23894fda626b6/crates/ft-api/src/lib.rs#L1272)
              let meta = tensor.meta().clone();
  ⚠ Warning (156 found)
    clone() inside loops - potential perf hit
      /data/projects/frankentorch/crates/ft-api/src/lib.rs:5523 (https://github.com/Dicklesworthstone/frankentorch/blob/a30bc97e8debde1560e0fbe70ca23894fda626b6/crates/ft-api/src/lib.rs#L5523)
      lhs: a_shape.clone(),
      /data/projects/frankentorch/crates/ft-api/src/lib.rs:5524 (https://github.com/Dicklesworthstone/frankentorch/blob/a30bc97e8debde1560e0fbe70ca23894fda626b6/crates/ft-api/src/lib.rs#L5524)
      rhs: b_shape.clone(),
      /data/projects/frankentorch/crates/ft-api/src/lib.rs:5808 (https://github.com/Dicklesworthstone/frankentorch/blob/a30bc97e8debde1560e0fbe70ca23894fda626b6/crates/ft-api/src/lib.rs#L5808)
      output_indices.clone()

• collect::<Vec<_>>() then for
  ℹ Info (53 found)
    collect::<Vec<_>>() usage - consider streaming
      /data/projects/frankentorch/crates/ft-api/src/lib.rs:1847 (https://github.com/Dicklesworthstone/frankentorch/blob/a30bc97e8debde1560e0fbe70ca23894fda626b6/crates/ft-api/src/lib.rs#L1847)
                      values.iter().map(|&v| f64::from(v)).collect::<Vec<_>>(),
      /data/projects/frankentorch/crates/ft-api/src/lib.rs:11878 (https://github.com/Dicklesworthstone/frankentorch/blob/a30bc97e8debde1560e0fbe70ca23894fda626b6/crates/ft-api/src/lib.rs#L11878)
                      let values = x_vals
      /data/projects/frankentorch/crates/ft-api/src/lib.rs:11879 (https://github.com/Dicklesworthstone/frankentorch/blob/a30bc97e8debde1560e0fbe70ca23894fda626b6/crates/ft-api/src/lib.rs#L11879)
                          .iter()

• nth(0) → next()

━━━━━━━━━━━━━━━━━━━━━━━━━━━━━━━━━━━━━━━━━━━━━━━━━━━━━━━━━━━━━━━━
6. STRING & ALLOCATION SMELLS
━━━━━━━━━━━━━━━━━━━━━━━━━━━━━━━━━━━━━━━━━━━━━━━━━━━━━━━━━━━━━━━━

▓▓▓ Detects: needless allocations, format!(literal), to_owned().to_string()
Unnecessary allocations and conversions reduce performance

• to_owned().to_string() chain

• format!("literal") with no placeholders

━━━━━━━━━━━━━━━━━━━━━━━━━━━━━━━━━━━━━━━━━━━━━━━━━━━━━━━━━━━━━━━━
7. FILESYSTEM & PROCESS
━━━━━━━━━━━━━━━━━━━━━━━━━━━━━━━━━━━━━━━━━━━━━━━━━━━━━━━━━━━━━━━━

▓▓▓ Detects: blocking std::fs in async, process::Command usage heuristics
I/O misuse or command construction from untrusted input can be risky

• std::fs usage (general inventory)
  ℹ Info (4 found)
    std::fs operations present - consider async equivalents where applicable

• std::process::Command usage

━━━━━━━━━━━━━━━━━━━━━━━━━━━━━━━━━━━━━━━━━━━━━━━━━━━━━━━━━━━━━━━━
8. SECURITY FINDINGS
━━━━━━━━━━━━━━━━━━━━━━━━━━━━━━━━━━━━━━━━━━━━━━━━━━━━━━━━━━━━━━━━

▓▓▓ Detects: TLS verification disabled, weak hash algos, security-sensitive non-crypto randomness, timing-unsafe secret comparisons, JWT verification bypasses, shell command injection, request-derived response headers/open redirects/host-header absolute URLs/outbound URLs/SQL/regex, unbounded request body reads, credentialed CORS, HTTP URLs, secrets
Security misconfigurations can lead to credential leaks, command injection, and MITM attacks

• Weak hash algorithms (MD5/SHA1)
  ✓ OK No MD5/SHA1 found

• TLS verification disabled

• Security-sensitive non-crypto randomness
  🔥 CRITICAL (2 found)
    Security token generated with non-cryptographic randomness
    Use OsRng/getrandom/ring::rand/openssl::rand or a framework helper backed by OS cryptographic randomness for tokens, sessions, CSRF nonces, OTPs, salts, API keys, and secrets
      /data/projects/frankentorch/crates/ft-api/src/lib.rs:110815 (https://github.com/Dicklesworthstone/frankentorch/blob/a30bc97e8debde1560e0fbe70ca23894fda626b6/crates/ft-api/src/lib.rs#L110815)
      let t0 = Instant::now();  [Instant::now( in security-sensitive generation context]
      /data/projects/frankentorch/crates/ft-api/src/lib.rs:110825 (https://github.com/Dicklesworthstone/frankentorch/blob/a30bc97e8debde1560e0fbe70ca23894fda626b6/crates/ft-api/src/lib.rs#L110825)
      let t1 = Instant::now();  [Instant::now( in security-sensitive generation context]

• Secret/token comparisons without timing-safe equality
  🔥 CRITICAL (517 found)
    Secret, signature, or token compared with ==/!=
    Use subtle::ConstantTimeEq, ring::constant_time::verify_slices_are_equal, crypto_memcmp, or a reviewed constant-time helper for bearer tokens, HMACs, CSRF values, reset secrets, API keys, and signatures
      /data/projects/frankentorch/crates/ft-api/src/lib.rs:1147 (https://github.com/Dicklesworthstone/frankentorch/blob/a30bc97e8debde1560e0fbe70ca23894fda626b6/crates/ft-api/src/lib.rs#L1147)
      if dtype == complex_dtype {
      /data/projects/frankentorch/crates/ft-api/src/lib.rs:1150 (https://github.com/Dicklesworthstone/frankentorch/blob/a30bc97e8debde1560e0fbe70ca23894fda626b6/crates/ft-api/src/lib.rs#L1150)
      if dtype == DType::Complex64 || dtype == DType::Complex128 {
      /data/projects/frankentorch/crates/ft-api/src/lib.rs:1350 (https://github.com/Dicklesworthstone/frankentorch/blob/a30bc97e8debde1560e0fbe70ca23894fda626b6/crates/ft-api/src/lib.rs#L1350)
      if real_meta.shape() != imag_meta.shape() {

• JWT decode, validation bypass, or missing claim binding
  ✓ OK No JWT decode/validation bypass patterns detected

• Shell command execution through -c/-lc
  ✓ OK No shell -c/-lc Command usage detected

• Command::new executable from untrusted-looking value

• Path join/push with untrusted-looking segment

• Archive entry paths joined into extraction destination

• Predictable temp-file writes

• Request-derived open redirects
  ✓ OK No request-derived open redirect sinks detected

• Host header used for absolute URL construction
  ✓ OK No Host-header-derived absolute URL construction detected

• Request-derived response headers
  ✓ OK No request-derived response header values detected

• Request-derived outbound HTTP URLs
  ✓ OK No request-derived outbound HTTP URL sinks detected

• Request-derived SQL construction
  ✓ OK No request-derived SQL construction sinks detected

• Request-controlled regex patterns
  ✓ OK No request-controlled regex compilation detected

• Unbounded request body reads
  ✓ OK No unbounded request body reads detected

• CORS credential policy
  ✓ OK No unsafe CORS credential policy detected

• Plain http:// URLs

• Hardcoded secrets/credentials
  ✓ OK No hardcoded secrets detected

━━━━━━━━━━━━━━━━━━━━━━━━━━━━━━━━━━━━━━━━━━━━━━━━━━━━━━━━━━━━━━━━
9. CODE QUALITY MARKERS
━━━━━━━━━━━━━━━━━━━━━━━━━━━━━━━━━━━━━━━━━━━━━━━━━━━━━━━━━━━━━━━━

▓▓▓ Detects: TODO, FIXME, HACK, NOTE
Technical debt markers indicate incomplete or problematic code
  ✓ OK No TODO/FIXME/HACK markers found

━━━━━━━━━━━━━━━━━━━━━━━━━━━━━━━━━━━━━━━━━━━━━━━━━━━━━━━━━━━━━━━━
10. MODULE & VISIBILITY ISSUES
━━━━━━━━━━━━━━━━━━━━━━━━━━━━━━━━━━━━━━━━━━━━━━━━━━━━━━━━━━━━━━━━

▓▓▓ Detects: pub use wildcards, glob imports, re-exports
Overly broad visibility complicates API stability and encapsulation

• Wildcard imports (use crate::* or ::*)
  ℹ Info (25 found)
    Wildcard imports found; prefer explicit names
      /data/projects/frankentorch/crates/ft-api/src/lib.rs:1781 (https://github.com/Dicklesworthstone/frankentorch/blob/a30bc97e8debde1560e0fbe70ca23894fda626b6/crates/ft-api/src/lib.rs#L1781)
                  use rayon::prelude::*;
      /data/projects/frankentorch/crates/ft-api/src/lib.rs:5281 (https://github.com/Dicklesworthstone/frankentorch/blob/a30bc97e8debde1560e0fbe70ca23894fda626b6/crates/ft-api/src/lib.rs#L5281)
                  use rayon::prelude::*;
      /data/projects/frankentorch/crates/ft-api/src/lib.rs:6307 (https://github.com/Dicklesworthstone/frankentorch/blob/a30bc97e8debde1560e0fbe70ca23894fda626b6/crates/ft-api/src/lib.rs#L6307)
                          use rayon::prelude::*;

• pub use re-exports (inventory)
  ℹ Info (1 found)
    pub use re-exports present - verify API surface

━━━━━━━━━━━━━━━━━━━━━━━━━━━━━━━━━━━━━━━━━━━━━━━━━━━━━━━━━━━━━━━━
11. TESTS & BENCHES HYGIENE
━━━━━━━━━━━━━━━━━━━━━━━━━━━━━━━━━━━━━━━━━━━━━━━━━━━━━━━━━━━━━━━━

▓▓▓ Detects: ignored tests, todo! in tests, println!/dbg! in tests
Ensure tests do not hide failures or produce noisy output

• #[ignore] tests

• todo!/unimplemented! in tests

━━━━━━━━━━━━━━━━━━━━━━━━━━━━━━━━━━━━━━━━━━━━━━━━━━━━━━━━━━━━━━━━
12. LINTS & STYLE (fmt/clippy)
━━━━━━━━━━━━━━━━━━━━━━━━━━━━━━━━━━━━━━━━━━━━━━━━━━━━━━━━━━━━━━━━

▓▓▓ Runs: cargo fmt -- --check, cargo clippy
Formatter and lints help maintain consistent style and catch many issues
  ✓ OK Formatting is clean
  ✓ OK No clippy warnings/errors

━━━━━━━━━━━━━━━━━━━━━━━━━━━━━━━━━━━━━━━━━━━━━━━━━━━━━━━━━━━━━━━━
13. BUILD HEALTH (check/test)
━━━━━━━━━━━━━━━━━━━━━━━━━━━━━━━━━━━━━━━━━━━━━━━━━━━━━━━━━━━━━━━━

▓▓▓ Runs: cargo check, cargo test --no-run
Ensures the project compiles and tests build
  ✓ OK cargo check clean
  ✓ OK Tests build clean

━━━━━━━━━━━━━━━━━━━━━━━━━━━━━━━━━━━━━━━━━━━━━━━━━━━━━━━━━━━━━━━━
14. DEPENDENCY HYGIENE
━━━━━━━━━━━━━━━━━━━━━━━━━━━━━━━━━━━━━━━━━━━━━━━━━━━━━━━━━━━━━━━━

▓▓▓ Runs: cargo audit, cargo deny check, cargo udeps, cargo outdated
Keeps dependencies safe, minimal, and up-to-date
  ✓ OK No known advisories (cargo-audit)
  ✓ OK cargo-deny clean
  ℹ Info (1 found)
    cargo-udeps not installed; skipping unused dep scan
  ℹ Info (1 found)
    cargo-outdated not installed; skipping update report

━━━━━━━━━━━━━━━━━━━━━━━━━━━━━━━━━━━━━━━━━━━━━━━━━━━━━━━━━━━━━━━━
15. API MISUSE (COMMON)
━━━━━━━━━━━━━━━━━━━━━━━━━━━━━━━━━━━━━━━━━━━━━━━━━━━━━━━━━━━━━━━━

▓▓▓ Detects: nth(0), DefaultHasher, expect_err/unwrap_err, Option::unwrap_or_default in hot paths
Common footguns and readability hazards

• std::collections::hash_map::DefaultHasher

• unwrap_err()/expect_err() usage inventory
  ℹ Info (59 found)
    unwrap_err/expect_err present - ensure test-only or justified

• Option::unwrap_or_default inventory

━━━━━━━━━━━━━━━━━━━━━━━━━━━━━━━━━━━━━━━━━━━━━━━━━━━━━━━━━━━━━━━━
16. DOMAIN-SPECIFIC HEURISTICS
━━━━━━━━━━━━━━━━━━━━━━━━━━━━━━━━━━━━━━━━━━━━━━━━━━━━━━━━━━━━━━━━

▓▓▓ Detects: reqwest builder, SQL string concatenation (heuristic), serde_json::from_str without context
Domain patterns that often hint at bugs

• reqwest::ClientBuilder inventory

• serde_json::from_str without error context (heuristic)

• SQL string concatenation (heuristic)

━━━━━━━━━━━━━━━━━━━━━━━━━━━━━━━━━━━━━━━━━━━━━━━━━━━━━━━━━━━━━━━━
17. AST-GREP RULE PACK FINDINGS
━━━━━━━━━━━━━━━━━━━━━━━━━━━━━━━━━━━━━━━━━━━━━━━━━━━━━━━━━━━━━━━━
  ℹ Info (0 found)
    AST rule pack staged
    Run with --format=sarif to emit SARIF from the rule pack

━━━━━━━━━━━━━━━━━━━━━━━━━━━━━━━━━━━━━━━━━━━━━━━━━━━━━━━━━━━━━━━━
18. META STATISTICS & INVENTORY
━━━━━━━━━━━━━━━━━━━━━━━━━━━━━━━━━━━━━━━━━━━━━━━━━━━━━━━━━━━━━━━━

▓▓▓ Detects: crate counts, bin/lib targets, feature flags (Cargo.toml heuristic)
High-level view of the project layout

• Cargo.toml features (heuristic count)
  ℹ Info (1 found)
    No Cargo.toml at project root (workspace? set PROJECT_DIR accordingly)

━━━━━━━━━━━━━━━━━━━━━━━━━━━━━━━━━━━━━━━━━━━━━━━━━━━━━━━━━━━━━━━━
19. RESOURCE LIFECYCLE CORRELATION
━━━━━━━━━━━━━━━━━━━━━━━━━━━━━━━━━━━━━━━━━━━━━━━━━━━━━━━━━━━━━━━━

▓▓▓ Detects: std::thread::spawn without join, tokio::spawn without await, TcpStream without shutdown
Rust relies on explicit joins/shutdowns even with RAII—leaks create zombie work

• Resource lifecycle correlation
  ✓ OK All tracked resource acquisitions have matching cleanups

━━━━━━━━━━━━━━━━━━━━━━━━━━━━━━━━━━━━━━━━━━━━━━━━━━━━━━━━━━━━━━━━
20. ASYNC LOCKING ACROSS AWAIT
━━━━━━━━━━━━━━━━━━━━━━━━━━━━━━━━━━━━━━━━━━━━━━━━━━━━━━━━━━━━━━━━

▓▓▓ Detects: locks acquired in async fns and potentially held across await
Holding locks across await can deadlock, starve tasks, and cause latency spikes; std::sync locks can block executor threads

• std::sync lock usage inside async fn (blocking risk)
  ✓ OK No obvious std::sync lock usage inside async fns

• Potential std::sync guard held across await (heuristic)

• Potential async lock guard held across await (tokio/async locks heuristic)

━━━━━━━━━━━━━━━━━━━━━━━━━━━━━━━━━━━━━━━━━━━━━━━━━━━━━━━━━━━━━━━━
21. PANIC SURFACES & UNWINDING
━━━━━━━━━━━━━━━━━━━━━━━━━━━━━━━━━━━━━━━━━━━━━━━━━━━━━━━━━━━━━━━━

▓▓▓ Detects: assert macros, direct indexing, unreachable_unchecked/unwrap_unchecked, panic/unwrap inside Drop
Panics in destructors or UB hints can crash/abort in subtle ways; these can slip past linting depending on cfg/features

• assert!/assert_eq!/assert_ne! inventory
  ⚠ Warning (4326 found)
    assert! macros present (panic surface)
    If these are runtime invariants, consider explicit error handling; ensure not reachable by untrusted input

• unreachable_unchecked / unwrap_unchecked

• direct indexing / slicing panic surfaces
  ⚠ Warning (2875 found)
    Direct indexing/slicing may panic
    Use get()/get_mut(), checked ranges, or prior bounds checks when indexes can come from input
      /data/projects/frankentorch/crates/ft-api/src/lib.rs:86 (https://github.com/Dicklesworthstone/frankentorch/blob/a30bc97e8debde1560e0fbe70ca23894fda626b6/crates/ft-api/src/lib.rs#L86)
              let result = (self.s[0].wrapping_add(self.s[3]))
      /data/projects/frankentorch/crates/ft-api/src/lib.rs:88 (https://github.com/Dicklesworthstone/frankentorch/blob/a30bc97e8debde1560e0fbe70ca23894fda626b6/crates/ft-api/src/lib.rs#L88)
                  .wrapping_add(self.s[0]);
      /data/projects/frankentorch/crates/ft-api/src/lib.rs:89 (https://github.com/Dicklesworthstone/frankentorch/blob/a30bc97e8debde1560e0fbe70ca23894fda626b6/crates/ft-api/src/lib.rs#L89)
              let t = self.s[1] << 17;

• panic!/unwrap/expect inside Drop

━━━━━━━━━━━━━━━━━━━━━━━━━━━━━━━━━━━━━━━━━━━━━━━━━━━━━━━━━━━━━━━━
22. SUSPICIOUS CASTS & TRUNCATION
━━━━━━━━━━━━━━━━━━━━━━━━━━━━━━━━━━━━━━━━━━━━━━━━━━━━━━━━━━━━━━━━

▓▓▓ Detects: pervasive `as` casts, try_into().unwrap, numeric narrowing patterns
`as` casts can silently truncate or change sign; conversion panics may be missed in uncommon input paths

• `as` cast inventory
  ℹ Info (1206 found)
    `as` casts present (possible truncation/sign bugs)
    Prefer TryFrom/TryInto for correctness or document invariants
      /data/projects/frankentorch/crates/ft-api/src/lib.rs:11383 (https://github.com/Dicklesworthstone/frankentorch/blob/a30bc97e8debde1560e0fbe70ca23894fda626b6/crates/ft-api/src/lib.rs#L11383)
                          ((a as i64).wrapping_shl(shift_i as u32)) as f64
      /data/projects/frankentorch/crates/ft-api/src/lib.rs:11424 (https://github.com/Dicklesworthstone/frankentorch/blob/a30bc97e8debde1560e0fbe70ca23894fda626b6/crates/ft-api/src/lib.rs#L11424)
                          ((a as i64).wrapping_shr(shift_i as u32)) as f64
      /data/projects/frankentorch/crates/ft-api/src/lib.rs:35455 (https://github.com/Dicklesworthstone/frankentorch/blob/a30bc97e8debde1560e0fbe70ca23894fda626b6/crates/ft-api/src/lib.rs#L35455)
              let ndim = shape.len() as u32;

• len()/count() narrowed via `as`
  ⚠ Warning (4 found)
    Length/count narrowed with `as` cast
    Use TryFrom/TryInto or explicit checked bounds before storing sizes in narrow integer fields
      /data/projects/frankentorch/crates/ft-api/src/lib.rs:35455 (https://github.com/Dicklesworthstone/frankentorch/blob/a30bc97e8debde1560e0fbe70ca23894fda626b6/crates/ft-api/src/lib.rs#L35455)
              let ndim = shape.len() as u32;
      /data/projects/frankentorch/crates/ft-api/src/lib.rs:35655 (https://github.com/Dicklesworthstone/frankentorch/blob/a30bc97e8debde1560e0fbe70ca23894fda626b6/crates/ft-api/src/lib.rs#L35655)
              let count = tensors.len() as u32;
      /data/projects/frankentorch/crates/ft-api/src/lib.rs:35667 (https://github.com/Dicklesworthstone/frankentorch/blob/a30bc97e8debde1560e0fbe70ca23894fda626b6/crates/ft-api/src/lib.rs#L35667)
                  file.write_all(&(name_bytes.len() as u32).to_le_bytes())

• try_into().unwrap()/expect() (panic on conversion failure)

━━━━━━━━━━━━━━━━━━━━━━━━━━━━━━━━━━━━━━━━━━━━━━━━━━━━━━━━━━━━━━━━
23. PARSING & VALIDATION ROBUSTNESS
━━━━━━━━━━━━━━━━━━━━━━━━━━━━━━━━━━━━━━━━━━━━━━━━━━━━━━━━━━━━━━━━

▓▓▓ Detects: parse/from_str/env-var unwraps, decode unwraps, missing error context
Parsing and decoding failures often happen in prod on edge inputs; unwrap/expect turns them into panics

• parse::<T>().unwrap()/expect()

• serde/toml deserialization unwrap()/expect()

• env::var(...).unwrap()/expect()

━━━━━━━━━━━━━━━━━━━━━━━━━━━━━━━━━━━━━━━━━━━━━━━━━━━━━━━━━━━━━━━━
24. PERF/DoS HOTSPOTS
━━━━━━━━━━━━━━━━━━━━━━━━━━━━━━━━━━━━━━━━━━━━━━━━━━━━━━━━━━━━━━━━

▓▓▓ Detects: regex compilation in loops, chars().nth(n), format!/allocations in loops
Some perf pitfalls become DoS risks on large inputs or hot paths; these often evade linting in non-bench builds

• Regex::new occurrences and in-loop compilation
  ✓ OK No regex::Regex::new detected

• chars().nth(n)/nth_back(n) (O(n))

• format!/to_string/allocations inside loops (heuristic)
  ⚠ Warning (18 found)
    String allocation inside loop
    Consider preallocating buffers, using write!, or restructuring to reduce allocations
      /data/projects/frankentorch/crates/ft-api/src/lib.rs:179 (https://github.com/Dicklesworthstone/frankentorch/blob/a30bc97e8debde1560e0fbe70ca23894fda626b6/crates/ft-api/src/lib.rs#L179)
      &format!("[{} hooks]", self.module_forward_pre_hooks.len()),
      /data/projects/frankentorch/crates/ft-api/src/lib.rs:183 (https://github.com/Dicklesworthstone/frankentorch/blob/a30bc97e8debde1560e0fbe70ca23894fda626b6/crates/ft-api/src/lib.rs#L183)
      &format!("[{} hooks]", self.module_forward_hooks.len()),
      /data/projects/frankentorch/crates/ft-api/src/lib.rs:39884 (https://github.com/Dicklesworthstone/frankentorch/blob/a30bc97e8debde1560e0fbe70ca23894fda626b6/crates/ft-api/src/lib.rs#L39884)
      anomalies.push((p, "NaN gradient".to_string()));

═══════════════════════════════════════════════════════════════════════════
                    🎯 SCAN COMPLETE 🎯                                  
═══════════════════════════════════════════════════════════════════════════

Summary Statistics:
  Files scanned:    1
  Critical issues:  522
  Warning issues:   21888
  Info items:       2859

Priority Actions:
  🔥 FIX CRITICAL ISSUES IMMEDIATELY
  These cause crashes, security vulnerabilities, or data corruption
  ⚠ Review and fix WARNING items
  These cause bugs, performance issues, or maintenance problems
  ℹ Consider INFO suggestions
  Code quality improvements and best practices

Scan completed at: 2026-06-08 00:15:54

Tip: Run with -v/--verbose for more code samples per finding.
Add to CI: ./ubs --ci --fail-on-warning . > rust-bug-scan.txt


──────── Combined Summary ────────
Files: 1
Critical: 522
Warning: 21888
Info: 2859
