  [2m2026-06-08T19:15:58.652077Z[0m [32m INFO[0m [1;32mrch::hook[0m[32m: [32mSelected worker: vmi1156319 at ubuntu@178.18.254.243 (0 slots remaining after reservation, speed 50.0)[0m
    [2;3mat[0m rch/src/hook.rs:514 [2;3mon[0m ThreadId(1)

  [2m2026-06-08T19:15:58.946072Z[0m [32m INFO[0m [1;32mrch::hook[0m[32m: [32mStarting remote compilation pipeline for frankentorch (hash: 78ab156102a58c4c)[0m
    [2;3mat[0m rch/src/hook.rs:5994 [2;3mon[0m ThreadId(1)

  [2m2026-06-08T19:15:58.946115Z[0m [32m INFO[0m [1;32mrch::hook[0m[32m: [32mPrepared dependency sync manifest for 13 roots[0m
    [2;3mat[0m rch/src/hook.rs:6016 [2;3mon[0m ThreadId(1)

  [2m2026-06-08T19:16:01.233777Z[0m [32m INFO[0m [1;32mrch::hook[0m[32m: [32mSyncing project to worker vmi1156319...[0m
    [2;3mat[0m rch/src/hook.rs:6046 [2;3mon[0m ThreadId(1)

  [2m2026-06-08T19:16:01.233838Z[0m [32m INFO[0m [1;32mrch::transfer[0m[32m: [32mSyncing /data/projects/frankentorch -> /data/projects/frankentorch on vmi1156319[0m
    [2;3mat[0m rch/src/transfer.rs:1434 [2;3mon[0m ThreadId(1)

  [2m2026-06-08T19:16:14.426200Z[0m [32m INFO[0m [1;32mrch::transfer[0m[32m: [32mSync completed in 13192ms[0m
    [2;3mat[0m rch/src/transfer.rs:1503 [2;3mon[0m ThreadId(1)

  [2m2026-06-08T19:16:14.426257Z[0m [32m INFO[0m [1;32mrch::transfer[0m[32m: [32mSyncing /data/projects/frankentorch/crates/ft-api -> /data/projects/frankentorch/crates/ft-api on vmi1156319[0m
    [2;3mat[0m rch/src/transfer.rs:1434 [2;3mon[0m ThreadId(1)

  [2m2026-06-08T19:16:16.520130Z[0m [32m INFO[0m [1;32mrch::transfer[0m[32m: [32mSync completed in 2093ms[0m
    [2;3mat[0m rch/src/transfer.rs:1503 [2;3mon[0m ThreadId(1)

  [2m2026-06-08T19:16:16.520192Z[0m [32m INFO[0m [1;32mrch::transfer[0m[32m: [32mSyncing /data/projects/frankentorch/crates/ft-autograd -> /data/projects/frankentorch/crates/ft-autograd on vmi1156319[0m
    [2;3mat[0m rch/src/transfer.rs:1434 [2;3mon[0m ThreadId(1)

  [2m2026-06-08T19:16:18.602593Z[0m [32m INFO[0m [1;32mrch::transfer[0m[32m: [32mSync completed in 2082ms[0m
    [2;3mat[0m rch/src/transfer.rs:1503 [2;3mon[0m ThreadId(1)

  [2m2026-06-08T19:16:18.602656Z[0m [32m INFO[0m [1;32mrch::transfer[0m[32m: [32mSyncing /data/projects/frankentorch/crates/ft-conformance -> /data/projects/frankentorch/crates/ft-conformance on vmi1156319[0m
    [2;3mat[0m rch/src/transfer.rs:1434 [2;3mon[0m ThreadId(1)

  [2m2026-06-08T19:16:20.742959Z[0m [32m INFO[0m [1;32mrch::transfer[0m[32m: [32mSync completed in 2140ms[0m
    [2;3mat[0m rch/src/transfer.rs:1503 [2;3mon[0m ThreadId(1)

  [2m2026-06-08T19:16:20.743031Z[0m [32m INFO[0m [1;32mrch::transfer[0m[32m: [32mSyncing /data/projects/frankentorch/crates/ft-core -> /data/projects/frankentorch/crates/ft-core on vmi1156319[0m
    [2;3mat[0m rch/src/transfer.rs:1434 [2;3mon[0m ThreadId(1)

  [2m2026-06-08T19:16:22.777199Z[0m [32m INFO[0m [1;32mrch::transfer[0m[32m: [32mSync completed in 2034ms[0m
    [2;3mat[0m rch/src/transfer.rs:1503 [2;3mon[0m ThreadId(1)

  [2m2026-06-08T19:16:22.777276Z[0m [32m INFO[0m [1;32mrch::transfer[0m[32m: [32mSyncing /data/projects/frankentorch/crates/ft-data -> /data/projects/frankentorch/crates/ft-data on vmi1156319[0m
    [2;3mat[0m rch/src/transfer.rs:1434 [2;3mon[0m ThreadId(1)

  [2m2026-06-08T19:16:24.908133Z[0m [32m INFO[0m [1;32mrch::transfer[0m[32m: [32mSync completed in 2130ms[0m
    [2;3mat[0m rch/src/transfer.rs:1503 [2;3mon[0m ThreadId(1)

  [2m2026-06-08T19:16:24.908192Z[0m [32m INFO[0m [1;32mrch::transfer[0m[32m: [32mSyncing /data/projects/frankentorch/crates/ft-device -> /data/projects/frankentorch/crates/ft-device on vmi1156319[0m
    [2;3mat[0m rch/src/transfer.rs:1434 [2;3mon[0m ThreadId(1)

  [2m2026-06-08T19:16:27.043681Z[0m [32m INFO[0m [1;32mrch::transfer[0m[32m: [32mSync completed in 2135ms[0m
    [2;3mat[0m rch/src/transfer.rs:1503 [2;3mon[0m ThreadId(1)

  [2m2026-06-08T19:16:27.043780Z[0m [32m INFO[0m [1;32mrch::transfer[0m[32m: [32mSyncing /data/projects/frankentorch/crates/ft-dispatch -> /data/projects/frankentorch/crates/ft-dispatch on vmi1156319[0m
    [2;3mat[0m rch/src/transfer.rs:1434 [2;3mon[0m ThreadId(1)

  [2m2026-06-08T19:16:29.133794Z[0m [32m INFO[0m [1;32mrch::transfer[0m[32m: [32mSync completed in 2089ms[0m
    [2;3mat[0m rch/src/transfer.rs:1503 [2;3mon[0m ThreadId(1)

  [2m2026-06-08T19:16:29.133862Z[0m [32m INFO[0m [1;32mrch::transfer[0m[32m: [32mSyncing /data/projects/frankentorch/crates/ft-kernel-cpu -> /data/projects/frankentorch/crates/ft-kernel-cpu on vmi1156319[0m
    [2;3mat[0m rch/src/transfer.rs:1434 [2;3mon[0m ThreadId(1)

  [2m2026-06-08T19:16:31.656629Z[0m [32m INFO[0m [1;32mrch::transfer[0m[32m: [32mSync completed in 2522ms[0m
    [2;3mat[0m rch/src/transfer.rs:1503 [2;3mon[0m ThreadId(1)

  [2m2026-06-08T19:16:31.656699Z[0m [32m INFO[0m [1;32mrch::transfer[0m[32m: [32mSyncing /data/projects/frankentorch/crates/ft-nn -> /data/projects/frankentorch/crates/ft-nn on vmi1156319[0m
    [2;3mat[0m rch/src/transfer.rs:1434 [2;3mon[0m ThreadId(1)

  [2m2026-06-08T19:16:33.767788Z[0m [32m INFO[0m [1;32mrch::transfer[0m[32m: [32mSync completed in 2111ms[0m
    [2;3mat[0m rch/src/transfer.rs:1503 [2;3mon[0m ThreadId(1)

  [2m2026-06-08T19:16:33.767852Z[0m [32m INFO[0m [1;32mrch::transfer[0m[32m: [32mSyncing /data/projects/frankentorch/crates/ft-optim -> /data/projects/frankentorch/crates/ft-optim on vmi1156319[0m
    [2;3mat[0m rch/src/transfer.rs:1434 [2;3mon[0m ThreadId(1)

  [2m2026-06-08T19:16:35.978991Z[0m [32m INFO[0m [1;32mrch::transfer[0m[32m: [32mSync completed in 2211ms[0m
    [2;3mat[0m rch/src/transfer.rs:1503 [2;3mon[0m ThreadId(1)

  [2m2026-06-08T19:16:35.979054Z[0m [32m INFO[0m [1;32mrch::transfer[0m[32m: [32mSyncing /data/projects/frankentorch/crates/ft-runtime -> /data/projects/frankentorch/crates/ft-runtime on vmi1156319[0m
    [2;3mat[0m rch/src/transfer.rs:1434 [2;3mon[0m ThreadId(1)

  [2m2026-06-08T19:16:37.992779Z[0m [32m INFO[0m [1;32mrch::transfer[0m[32m: [32mSync completed in 2013ms[0m
    [2;3mat[0m rch/src/transfer.rs:1503 [2;3mon[0m ThreadId(1)

  [2m2026-06-08T19:16:37.992847Z[0m [32m INFO[0m [1;32mrch::transfer[0m[32m: [32mSyncing /data/projects/frankentorch/crates/ft-serialize -> /data/projects/frankentorch/crates/ft-serialize on vmi1156319[0m
    [2;3mat[0m rch/src/transfer.rs:1434 [2;3mon[0m ThreadId(1)

  [2m2026-06-08T19:16:40.120575Z[0m [32m INFO[0m [1;32mrch::transfer[0m[32m: [32mSync completed in 2127ms[0m
    [2;3mat[0m rch/src/transfer.rs:1503 [2;3mon[0m ThreadId(1)

  [2m2026-06-08T19:16:40.120611Z[0m [32m INFO[0m [1;32mrch::hook[0m[32m: [32mSync complete: 51051 files, 1897953 bytes in 38879ms[0m
    [2;3mat[0m rch/src/hook.rs:6209 [2;3mon[0m ThreadId(1)

  [2m2026-06-08T19:16:44.972667Z[0m [32m INFO[0m [1;32mrch::hook[0m[32m: [32mExecuting command remotely: cargo bench -p ft-api --bench ops_bench -- conv1d/nograd_L/4096 --warm-up-time 1 --measurement-time 5 --sample-size 20[0m
    [2;3mat[0m rch/src/hook.rs:6257 [2;3mon[0m ThreadId(1)

  [2m2026-06-08T19:16:44.972722Z[0m [32m INFO[0m [1;32mrch::transfer[0m[32m: [32mRewriting CARGO_TARGET_DIR for remote execution (worker-scoped path): /data/tmp/cargo-target -> /data/projects/frankentorch/.rch-target-vmi1156319-job-29879239876542727-1780946161233769809-0[0m
    [2;3mat[0m rch/src/transfer.rs:712 [2;3mon[0m ThreadId(1)

    Updating crates.io index
 Downloading crates ...
  Downloaded cfg-if v1.0.4
  Downloaded plotters-backend v0.3.7
  Downloaded clap_lex v1.1.0
  Downloaded anes v0.1.6
  Downloaded quote v1.0.45
  Downloaded rayon-core v1.13.0
  Downloaded serde_core v1.0.228
  Downloaded zerocopy-derive v0.8.48
  Downloaded bytemuck v1.25.0
  Downloaded tinytemplate v1.2.1
  Downloaded half v2.7.1
  Downloaded matrixmultiply v0.3.10
  Downloaded syn v2.0.117
  Downloaded proc-macro2 v1.0.106
  Downloaded aho-corasick v1.1.4
  Downloaded memchr v2.8.0
  Downloaded safe_arch v0.7.4
  Downloaded ciborium-io v0.2.2
  Downloaded either v1.15.0
  Downloaded is-terminal v0.4.17
  Downloaded itoa v1.0.18
  Downloaded num-complex v0.4.6
  Downloaded oorandom v11.1.5
  Downloaded plotters-svg v0.3.7
  Downloaded rawpointer v0.2.1
  Downloaded serde_derive v1.0.228
  Downloaded ciborium v0.2.2
  Downloaded plotters v0.3.7
  Downloaded anstyle v1.0.14
  Downloaded cast v0.3.0
  Downloaded ciborium-ll v0.2.2
  Downloaded clap_builder v4.6.0
  Downloaded criterion-plot v0.5.0
  Downloaded unicode-ident v1.0.24
  Downloaded walkdir v2.5.0
  Downloaded zmij v1.0.21
  Downloaded autocfg v1.5.0
  Downloaded bytemuck_derive v1.10.2
  Downloaded crossbeam-deque v0.8.6
  Downloaded crossbeam-epoch v0.9.18
  Downloaded once_cell v1.21.4
  Downloaded serde v1.0.228
  Downloaded wide v0.7.33
  Downloaded clap v4.6.1
  Downloaded crossbeam-utils v0.8.21
  Downloaded num-traits v0.2.19
  Downloaded criterion v0.5.1
  Downloaded libm v0.2.16
  Downloaded serde_json v1.0.149
  Downloaded itertools v0.10.5
  Downloaded regex v1.12.3
  Downloaded rayon v1.12.0
  Downloaded zerocopy v0.8.48
  Downloaded libc v0.2.185
  Downloaded regex-syntax v0.8.10
  Downloaded regex-automata v0.4.14
  Downloaded same-file v1.0.6
   Compiling proc-macro2 v1.0.106
   Compiling unicode-ident v1.0.24
   Compiling quote v1.0.45
   Compiling autocfg v1.5.0
   Compiling zerocopy v0.8.48
   Compiling crossbeam-utils v0.8.21
   Compiling cfg-if v1.0.4
   Compiling rayon-core v1.13.0
   Compiling either v1.15.0
   Compiling serde_core v1.0.228
   Compiling libm v0.2.16
   Compiling rawpointer v0.2.1
   Compiling serde v1.0.228
   Compiling zmij v1.0.21
   Compiling serde_json v1.0.149
   Compiling num-traits v0.2.19
   Compiling matrixmultiply v0.3.10
   Compiling libc v0.2.185
   Compiling crossbeam-epoch v0.9.18
   Compiling syn v2.0.117
   Compiling anstyle v1.0.14
   Compiling crossbeam-deque v0.8.6
   Compiling memchr v2.8.0
   Compiling itoa v1.0.18
   Compiling num-complex v0.4.6
   Compiling clap_lex v1.1.0
   Compiling regex-syntax v0.8.10
   Compiling rayon v1.12.0
   Compiling ciborium-io v0.2.2
   Compiling plotters-backend v0.3.7
   Compiling plotters-svg v0.3.7
   Compiling clap_builder v4.6.0
   Compiling regex-automata v0.4.14
   Compiling itertools v0.10.5
   Compiling same-file v1.0.6
   Compiling cast v0.3.0
   Compiling walkdir v2.5.0
   Compiling bytemuck_derive v1.10.2
   Compiling zerocopy-derive v0.8.48
   Compiling serde_derive v1.0.228
   Compiling criterion-plot v0.5.0
   Compiling regex v1.12.3
   Compiling clap v4.6.1
   Compiling bytemuck v1.25.0
   Compiling is-terminal v0.4.17
   Compiling plotters v0.3.7
   Compiling safe_arch v0.7.4
   Compiling wide v0.7.33
   Compiling anes v0.1.6
   Compiling once_cell v1.21.4
   Compiling tinytemplate v1.2.1
   Compiling oorandom v11.1.5
   Compiling half v2.7.1
   Compiling ft-core v0.1.0 (/data/projects/frankentorch/crates/ft-core)
   Compiling ciborium-ll v0.2.2
   Compiling ciborium v0.2.2
   Compiling ft-kernel-cpu v0.1.0 (/data/projects/frankentorch/crates/ft-kernel-cpu)
   Compiling ft-runtime v0.1.0 (/data/projects/frankentorch/crates/ft-runtime)
   Compiling criterion v0.5.1
   Compiling ft-dispatch v0.1.0 (/data/projects/frankentorch/crates/ft-dispatch)
   Compiling ft-autograd v0.1.0 (/data/projects/frankentorch/crates/ft-autograd)
   Compiling ft-api v0.1.0 (/data/projects/frankentorch/crates/ft-api)
    Finished `bench` profile [optimized + debuginfo] target(s) in 2m 39s
     Running benches/ops_bench.rs (.rch-target-vmi1156319-job-29879239876542727-1780946161233769809-0/release/deps/ops_bench-3580695916ae9312)
Gnuplot not found, using plotters backend
Benchmarking conv1d/nograd_L/4096
Benchmarking conv1d/nograd_L/4096: Warming up for 1.0000 s
Benchmarking conv1d/nograd_L/4096: Collecting 20 samples in estimated 5.5842 s (60 iterations)
Benchmarking conv1d/nograd_L/4096: Analyzing
conv1d/nograd_L/4096    time:   [75.315 ms 80.265 ms 86.034 ms]
Found 2 outliers among 20 measurements (10.00%)
  1 (5.00%) high mild
  1 (5.00%) high severe

  [2m2026-06-08T19:19:37.472658Z[0m [32m INFO[0m [1;32mrch::hook[0m[32m: [32mRemote command finished: exit=0 in 172499ms[0m
    [2;3mat[0m rch/src/hook.rs:6381 [2;3mon[0m ThreadId(1)

  [2m2026-06-08T19:19:37.472942Z[0m [32m INFO[0m [1;32mrch::hook[0m[32m: [32mRetrieving build artifacts...[0m
    [2;3mat[0m rch/src/hook.rs:6430 [2;3mon[0m ThreadId(1)

  [2m2026-06-08T19:19:37.472975Z[0m [32m INFO[0m [1;32mrch::transfer[0m[32m: [32mRetrieving artifacts from /data/projects/frankentorch on vmi1156319[0m
    [2;3mat[0m rch/src/transfer.rs:2106 [2;3mon[0m ThreadId(1)

  [2m2026-06-08T19:19:39.602544Z[0m [32m INFO[0m [1;32mrch::transfer[0m[32m: [32mArtifacts retrieved in 2129ms (1 files, 3331 bytes)[0m
    [2;3mat[0m rch/src/transfer.rs:2145 [2;3mon[0m ThreadId(1)

  [2m2026-06-08T19:19:39.602571Z[0m [32m INFO[0m [1;32mrch::hook[0m[32m: [32mArtifacts retrieved: 1 files, 3331 bytes in 2129ms[0m
    [2;3mat[0m rch/src/hook.rs:6463 [2;3mon[0m ThreadId(1)

  [2m2026-06-08T19:19:39.602670Z[0m [32m INFO[0m [1;32mrch::transfer[0m[32m: [32mRetrieving artifacts from /data/projects/frankentorch/.rch-target-vmi1156319-job-29879239876542727-1780946161233769809-0 on vmi1156319[0m
    [2;3mat[0m rch/src/transfer.rs:2106 [2;3mon[0m ThreadId(1)

  [2m2026-06-08T19:19:41.915102Z[0m [32m INFO[0m [1;32mrch::transfer[0m[32m: [32mArtifacts retrieved in 2312ms (165 files, 2001 bytes)[0m
    [2;3mat[0m rch/src/transfer.rs:2145 [2;3mon[0m ThreadId(1)

  [2m2026-06-08T19:19:41.915124Z[0m [32m INFO[0m [1;32mrch::hook[0m[32m: [32mCustom CARGO_TARGET_DIR artifacts retrieved: 165 files, 2001 bytes in 2312ms[0m
    [2;3mat[0m rch/src/hook.rs:6587 [2;3mon[0m ThreadId(1)

[RCH] remote vmi1156319 (223.3s)
