  [2m2026-06-08T19:25:29.644952Z[0m [32m INFO[0m [1;32mrch::hook[0m[32m: [32mSelected worker: vmi1227854 at ubuntu@109.123.245.77 (1 slots remaining after reservation, speed 50.0)[0m
    [2;3mat[0m rch/src/hook.rs:514 [2;3mon[0m ThreadId(1)

  [2m2026-06-08T19:25:29.937149Z[0m [32m INFO[0m [1;32mrch::hook[0m[32m: [32mStarting remote compilation pipeline for frankentorch (hash: 78ab156102a58c4c)[0m
    [2;3mat[0m rch/src/hook.rs:5994 [2;3mon[0m ThreadId(1)

  [2m2026-06-08T19:25:29.937187Z[0m [32m INFO[0m [1;32mrch::hook[0m[32m: [32mPrepared dependency sync manifest for 13 roots[0m
    [2;3mat[0m rch/src/hook.rs:6016 [2;3mon[0m ThreadId(1)

  [2m2026-06-08T19:25:31.585205Z[0m [32m INFO[0m [1;32mrch::hook[0m[32m: [32mSyncing project to worker vmi1227854...[0m
    [2;3mat[0m rch/src/hook.rs:6046 [2;3mon[0m ThreadId(1)

  [2m2026-06-08T19:25:31.585275Z[0m [32m INFO[0m [1;32mrch::transfer[0m[32m: [32mSyncing /data/projects/frankentorch -> /data/projects/frankentorch on vmi1227854[0m
    [2;3mat[0m rch/src/transfer.rs:1434 [2;3mon[0m ThreadId(1)

  [2m2026-06-08T19:25:39.330225Z[0m [32m INFO[0m [1;32mrch::transfer[0m[32m: [32mSync completed in 7744ms[0m
    [2;3mat[0m rch/src/transfer.rs:1503 [2;3mon[0m ThreadId(1)

  [2m2026-06-08T19:25:39.330300Z[0m [32m INFO[0m [1;32mrch::transfer[0m[32m: [32mSyncing /data/projects/frankentorch/crates/ft-api -> /data/projects/frankentorch/crates/ft-api on vmi1227854[0m
    [2;3mat[0m rch/src/transfer.rs:1434 [2;3mon[0m ThreadId(1)

  [2m2026-06-08T19:25:41.400832Z[0m [32m INFO[0m [1;32mrch::transfer[0m[32m: [32mSync completed in 2070ms[0m
    [2;3mat[0m rch/src/transfer.rs:1503 [2;3mon[0m ThreadId(1)

  [2m2026-06-08T19:25:41.400898Z[0m [32m INFO[0m [1;32mrch::transfer[0m[32m: [32mSyncing /data/projects/frankentorch/crates/ft-autograd -> /data/projects/frankentorch/crates/ft-autograd on vmi1227854[0m
    [2;3mat[0m rch/src/transfer.rs:1434 [2;3mon[0m ThreadId(1)

  [2m2026-06-08T19:25:43.360824Z[0m [32m INFO[0m [1;32mrch::transfer[0m[32m: [32mSync completed in 1959ms[0m
    [2;3mat[0m rch/src/transfer.rs:1503 [2;3mon[0m ThreadId(1)

  [2m2026-06-08T19:25:43.360892Z[0m [32m INFO[0m [1;32mrch::transfer[0m[32m: [32mSyncing /data/projects/frankentorch/crates/ft-conformance -> /data/projects/frankentorch/crates/ft-conformance on vmi1227854[0m
    [2;3mat[0m rch/src/transfer.rs:1434 [2;3mon[0m ThreadId(1)

  [2m2026-06-08T19:25:45.252795Z[0m [32m INFO[0m [1;32mrch::transfer[0m[32m: [32mSync completed in 1891ms[0m
    [2;3mat[0m rch/src/transfer.rs:1503 [2;3mon[0m ThreadId(1)

  [2m2026-06-08T19:25:45.252861Z[0m [32m INFO[0m [1;32mrch::transfer[0m[32m: [32mSyncing /data/projects/frankentorch/crates/ft-core -> /data/projects/frankentorch/crates/ft-core on vmi1227854[0m
    [2;3mat[0m rch/src/transfer.rs:1434 [2;3mon[0m ThreadId(1)

  [2m2026-06-08T19:25:47.499323Z[0m [32m INFO[0m [1;32mrch::transfer[0m[32m: [32mSync completed in 2246ms[0m
    [2;3mat[0m rch/src/transfer.rs:1503 [2;3mon[0m ThreadId(1)

  [2m2026-06-08T19:25:47.499390Z[0m [32m INFO[0m [1;32mrch::transfer[0m[32m: [32mSyncing /data/projects/frankentorch/crates/ft-data -> /data/projects/frankentorch/crates/ft-data on vmi1227854[0m
    [2;3mat[0m rch/src/transfer.rs:1434 [2;3mon[0m ThreadId(1)

  [2m2026-06-08T19:25:49.369604Z[0m [32m INFO[0m [1;32mrch::transfer[0m[32m: [32mSync completed in 1870ms[0m
    [2;3mat[0m rch/src/transfer.rs:1503 [2;3mon[0m ThreadId(1)

  [2m2026-06-08T19:25:49.369672Z[0m [32m INFO[0m [1;32mrch::transfer[0m[32m: [32mSyncing /data/projects/frankentorch/crates/ft-device -> /data/projects/frankentorch/crates/ft-device on vmi1227854[0m
    [2;3mat[0m rch/src/transfer.rs:1434 [2;3mon[0m ThreadId(1)

  [2m2026-06-08T19:25:51.397716Z[0m [32m INFO[0m [1;32mrch::transfer[0m[32m: [32mSync completed in 2028ms[0m
    [2;3mat[0m rch/src/transfer.rs:1503 [2;3mon[0m ThreadId(1)

  [2m2026-06-08T19:25:51.397796Z[0m [32m INFO[0m [1;32mrch::transfer[0m[32m: [32mSyncing /data/projects/frankentorch/crates/ft-dispatch -> /data/projects/frankentorch/crates/ft-dispatch on vmi1227854[0m
    [2;3mat[0m rch/src/transfer.rs:1434 [2;3mon[0m ThreadId(1)

  [2m2026-06-08T19:25:53.287795Z[0m [32m INFO[0m [1;32mrch::transfer[0m[32m: [32mSync completed in 1889ms[0m
    [2;3mat[0m rch/src/transfer.rs:1503 [2;3mon[0m ThreadId(1)

  [2m2026-06-08T19:25:53.287875Z[0m [32m INFO[0m [1;32mrch::transfer[0m[32m: [32mSyncing /data/projects/frankentorch/crates/ft-kernel-cpu -> /data/projects/frankentorch/crates/ft-kernel-cpu on vmi1227854[0m
    [2;3mat[0m rch/src/transfer.rs:1434 [2;3mon[0m ThreadId(1)

  [2m2026-06-08T19:25:55.501608Z[0m [32m INFO[0m [1;32mrch::transfer[0m[32m: [32mSync completed in 2213ms[0m
    [2;3mat[0m rch/src/transfer.rs:1503 [2;3mon[0m ThreadId(1)

  [2m2026-06-08T19:25:55.501677Z[0m [32m INFO[0m [1;32mrch::transfer[0m[32m: [32mSyncing /data/projects/frankentorch/crates/ft-nn -> /data/projects/frankentorch/crates/ft-nn on vmi1227854[0m
    [2;3mat[0m rch/src/transfer.rs:1434 [2;3mon[0m ThreadId(1)

  [2m2026-06-08T19:25:57.571867Z[0m [32m INFO[0m [1;32mrch::transfer[0m[32m: [32mSync completed in 2070ms[0m
    [2;3mat[0m rch/src/transfer.rs:1503 [2;3mon[0m ThreadId(1)

  [2m2026-06-08T19:25:57.571933Z[0m [32m INFO[0m [1;32mrch::transfer[0m[32m: [32mSyncing /data/projects/frankentorch/crates/ft-optim -> /data/projects/frankentorch/crates/ft-optim on vmi1227854[0m
    [2;3mat[0m rch/src/transfer.rs:1434 [2;3mon[0m ThreadId(1)

  [2m2026-06-08T19:25:59.577523Z[0m [32m INFO[0m [1;32mrch::transfer[0m[32m: [32mSync completed in 2005ms[0m
    [2;3mat[0m rch/src/transfer.rs:1503 [2;3mon[0m ThreadId(1)

  [2m2026-06-08T19:25:59.577587Z[0m [32m INFO[0m [1;32mrch::transfer[0m[32m: [32mSyncing /data/projects/frankentorch/crates/ft-runtime -> /data/projects/frankentorch/crates/ft-runtime on vmi1227854[0m
    [2;3mat[0m rch/src/transfer.rs:1434 [2;3mon[0m ThreadId(1)

  [2m2026-06-08T19:26:01.556730Z[0m [32m INFO[0m [1;32mrch::transfer[0m[32m: [32mSync completed in 1979ms[0m
    [2;3mat[0m rch/src/transfer.rs:1503 [2;3mon[0m ThreadId(1)

  [2m2026-06-08T19:26:01.556842Z[0m [32m INFO[0m [1;32mrch::transfer[0m[32m: [32mSyncing /data/projects/frankentorch/crates/ft-serialize -> /data/projects/frankentorch/crates/ft-serialize on vmi1227854[0m
    [2;3mat[0m rch/src/transfer.rs:1434 [2;3mon[0m ThreadId(1)

  [2m2026-06-08T19:26:03.391943Z[0m [32m INFO[0m [1;32mrch::transfer[0m[32m: [32mSync completed in 1835ms[0m
    [2;3mat[0m rch/src/transfer.rs:1503 [2;3mon[0m ThreadId(1)

  [2m2026-06-08T19:26:03.391989Z[0m [32m INFO[0m [1;32mrch::hook[0m[32m: [32mSync complete: 51059 files, 1936751 bytes in 31799ms[0m
    [2;3mat[0m rch/src/hook.rs:6209 [2;3mon[0m ThreadId(1)

  [2m2026-06-08T19:26:08.488874Z[0m [32m INFO[0m [1;32mrch::hook[0m[32m: [32mExecuting command remotely: cargo bench -p ft-api --bench ops_bench -- conv1d/nograd_L/4096 --warm-up-time 1 --measurement-time 5 --sample-size 20[0m
    [2;3mat[0m rch/src/hook.rs:6257 [2;3mon[0m ThreadId(1)

  [2m2026-06-08T19:26:08.488924Z[0m [32m INFO[0m [1;32mrch::transfer[0m[32m: [32mRewriting CARGO_TARGET_DIR for remote execution (worker-scoped path): /data/tmp/cargo-target -> /data/projects/frankentorch/.rch-target-vmi1227854-job-29879239876542758-1780946731585197311-0[0m
    [2;3mat[0m rch/src/transfer.rs:712 [2;3mon[0m ThreadId(1)

    Updating crates.io index
 Downloading crates ...
  Downloaded clap_lex v1.1.0
  Downloaded crossbeam-deque v0.8.6
  Downloaded ciborium-ll v0.2.2
  Downloaded cast v0.3.0
  Downloaded anstyle v1.0.14
  Downloaded autocfg v1.5.0
  Downloaded cfg-if v1.0.4
  Downloaded num-complex v0.4.6
  Downloaded ciborium-io v0.2.2
  Downloaded plotters-backend v0.3.7
  Downloaded plotters-svg v0.3.7
  Downloaded anes v0.1.6
  Downloaded once_cell v1.21.4
  Downloaded oorandom v11.1.5
  Downloaded is-terminal v0.4.17
  Downloaded itoa v1.0.18
  Downloaded rawpointer v0.2.1
  Downloaded bytemuck_derive v1.10.2
  Downloaded zmij v1.0.21
  Downloaded ciborium v0.2.2
  Downloaded same-file v1.0.6
  Downloaded either v1.15.0
  Downloaded criterion-plot v0.5.0
  Downloaded tinytemplate v1.2.1
  Downloaded proc-macro2 v1.0.106
  Downloaded quote v1.0.45
  Downloaded walkdir v2.5.0
  Downloaded regex-syntax v0.8.10
  Downloaded crossbeam-epoch v0.9.18
  Downloaded bytemuck v1.25.0
  Downloaded libm v0.2.16
  Downloaded rayon-core v1.13.0
  Downloaded crossbeam-utils v0.8.21
  Downloaded serde_core v1.0.228
  Downloaded half v2.7.1
  Downloaded unicode-ident v1.0.24
  Downloaded serde_derive v1.0.228
  Downloaded num-traits v0.2.19
  Downloaded memchr v2.8.0
  Downloaded zerocopy-derive v0.8.48
  Downloaded safe_arch v0.7.4
  Downloaded clap v4.6.1
  Downloaded matrixmultiply v0.3.10
  Downloaded serde v1.0.228
  Downloaded aho-corasick v1.1.4
  Downloaded itertools v0.10.5
  Downloaded criterion v0.5.1
  Downloaded wide v0.7.33
  Downloaded regex v1.12.3
  Downloaded serde_json v1.0.149
  Downloaded clap_builder v4.6.0
  Downloaded plotters v0.3.7
  Downloaded rayon v1.12.0
  Downloaded zerocopy v0.8.48
  Downloaded syn v2.0.117
  Downloaded regex-automata v0.4.14
  Downloaded libc v0.2.185
   Compiling proc-macro2 v1.0.106
   Compiling unicode-ident v1.0.24
   Compiling quote v1.0.45
   Compiling autocfg v1.5.0
   Compiling zerocopy v0.8.48
   Compiling crossbeam-utils v0.8.21
   Compiling cfg-if v1.0.4
   Compiling either v1.15.0
   Compiling rayon-core v1.13.0
   Compiling serde_core v1.0.228
   Compiling libm v0.2.16
   Compiling rawpointer v0.2.1
   Compiling serde v1.0.228
   Compiling zmij v1.0.21
   Compiling libc v0.2.185
   Compiling crossbeam-epoch v0.9.18
   Compiling serde_json v1.0.149
   Compiling num-traits v0.2.19
   Compiling matrixmultiply v0.3.10
   Compiling ciborium-io v0.2.2
   Compiling plotters-backend v0.3.7
   Compiling crossbeam-deque v0.8.6
   Compiling regex-syntax v0.8.10
   Compiling syn v2.0.117
   Compiling anstyle v1.0.14
   Compiling clap_lex v1.1.0
   Compiling itoa v1.0.18
   Compiling num-complex v0.4.6
   Compiling memchr v2.8.0
   Compiling plotters-svg v0.3.7
   Compiling clap_builder v4.6.0
   Compiling rayon v1.12.0
   Compiling regex-automata v0.4.14
   Compiling itertools v0.10.5
   Compiling same-file v1.0.6
   Compiling cast v0.3.0
   Compiling regex v1.12.3
   Compiling walkdir v2.5.0
   Compiling bytemuck_derive v1.10.2
   Compiling zerocopy-derive v0.8.48
   Compiling serde_derive v1.0.228
   Compiling is-terminal v0.4.17
   Compiling clap v4.6.1
   Compiling plotters v0.3.7
   Compiling anes v0.1.6
   Compiling criterion-plot v0.5.0
   Compiling oorandom v11.1.5
   Compiling once_cell v1.21.4
   Compiling bytemuck v1.25.0
   Compiling safe_arch v0.7.4
   Compiling wide v0.7.33
   Compiling tinytemplate v1.2.1
   Compiling half v2.7.1
   Compiling ft-core v0.1.0 (/data/projects/frankentorch/crates/ft-core)
   Compiling ciborium-ll v0.2.2
   Compiling ciborium v0.2.2
   Compiling ft-kernel-cpu v0.1.0 (/data/projects/frankentorch/crates/ft-kernel-cpu)
   Compiling ft-runtime v0.1.0 (/data/projects/frankentorch/crates/ft-runtime)
   Compiling criterion v0.5.1
   Compiling ft-dispatch v0.1.0 (/data/projects/frankentorch/crates/ft-dispatch)
   Compiling ft-autograd v0.1.0 (/data/projects/frankentorch/crates/ft-autograd)
   Compiling ft-api v0.1.0 (/data/projects/frankentorch/crates/ft-api)
    Finished `bench` profile [optimized + debuginfo] target(s) in 1m 53s
     Running benches/ops_bench.rs (.rch-target-vmi1227854-job-29879239876542758-1780946731585197311-0/release/deps/ops_bench-3580695916ae9312)
Gnuplot not found, using plotters backend
Benchmarking conv1d/nograd_L/4096
Benchmarking conv1d/nograd_L/4096: Warming up for 1.0000 s

Warning: Unable to complete 20 samples in 5.0s. You may wish to increase target time to 7.9s, enable flat sampling, or reduce sample count to 10.
Benchmarking conv1d/nograd_L/4096: Collecting 20 samples in estimated 7.8575 s (210 iterations)
Benchmarking conv1d/nograd_L/4096: Analyzing
conv1d/nograd_L/4096    time:   [27.084 ms 28.008 ms 29.205 ms]

  [2m2026-06-08T19:28:13.668521Z[0m [32m INFO[0m [1;32mrch::hook[0m[32m: [32mRemote command finished: exit=0 in 125179ms[0m
    [2;3mat[0m rch/src/hook.rs:6381 [2;3mon[0m ThreadId(1)

  [2m2026-06-08T19:28:13.668878Z[0m [32m INFO[0m [1;32mrch::hook[0m[32m: [32mRetrieving build artifacts...[0m
    [2;3mat[0m rch/src/hook.rs:6430 [2;3mon[0m ThreadId(1)

  [2m2026-06-08T19:28:13.668911Z[0m [32m INFO[0m [1;32mrch::transfer[0m[32m: [32mRetrieving artifacts from /data/projects/frankentorch on vmi1227854[0m
    [2;3mat[0m rch/src/transfer.rs:2106 [2;3mon[0m ThreadId(1)

  [2m2026-06-08T19:28:15.554240Z[0m [32m INFO[0m [1;32mrch::transfer[0m[32m: [32mArtifacts retrieved in 1885ms (5 files, 3324 bytes)[0m
    [2;3mat[0m rch/src/transfer.rs:2145 [2;3mon[0m ThreadId(1)

  [2m2026-06-08T19:28:15.554277Z[0m [32m INFO[0m [1;32mrch::hook[0m[32m: [32mArtifacts retrieved: 5 files, 3324 bytes in 1885ms[0m
    [2;3mat[0m rch/src/hook.rs:6463 [2;3mon[0m ThreadId(1)

  [2m2026-06-08T19:28:15.554377Z[0m [32m INFO[0m [1;32mrch::transfer[0m[32m: [32mRetrieving artifacts from /data/projects/frankentorch/.rch-target-vmi1227854-job-29879239876542758-1780946731585197311-0 on vmi1227854[0m
    [2;3mat[0m rch/src/transfer.rs:2106 [2;3mon[0m ThreadId(1)

  [2m2026-06-08T19:28:17.575132Z[0m [32m INFO[0m [1;32mrch::transfer[0m[32m: [32mArtifacts retrieved in 2020ms (166 files, 2056 bytes)[0m
    [2;3mat[0m rch/src/transfer.rs:2145 [2;3mon[0m ThreadId(1)

  [2m2026-06-08T19:28:17.575167Z[0m [32m INFO[0m [1;32mrch::hook[0m[32m: [32mCustom CARGO_TARGET_DIR artifacts retrieved: 166 files, 2056 bytes in 2020ms[0m
    [2;3mat[0m rch/src/hook.rs:6587 [2;3mon[0m ThreadId(1)

[RCH] remote vmi1227854 (167.9s)
