  [2m2026-06-08T19:11:42.191507Z[0m [32m INFO[0m [1;32mrch::hook[0m[32m: [32mSelected worker: vmi1156319 at ubuntu@178.18.254.243 (0 slots remaining after reservation, speed 50.0)[0m
    [2;3mat[0m rch/src/hook.rs:514 [2;3mon[0m ThreadId(1)

  [2m2026-06-08T19:11:42.489167Z[0m [32m INFO[0m [1;32mrch::hook[0m[32m: [32mStarting remote compilation pipeline for frankentorch-gmuml-baseline-1780945893 (hash: edcfc392f70a4aa2)[0m
    [2;3mat[0m rch/src/hook.rs:5994 [2;3mon[0m ThreadId(1)

  [2m2026-06-08T19:11:42.489205Z[0m [32m INFO[0m [1;32mrch::hook[0m[32m: [32mPrepared dependency sync manifest for 13 roots[0m
    [2;3mat[0m rch/src/hook.rs:6016 [2;3mon[0m ThreadId(1)

  [2m2026-06-08T19:12:07.187936Z[0m [32m INFO[0m [1;32mrch::hook[0m[32m: [32mSyncing project to worker vmi1156319...[0m
    [2;3mat[0m rch/src/hook.rs:6046 [2;3mon[0m ThreadId(1)

  [2m2026-06-08T19:12:07.188011Z[0m [32m INFO[0m [1;32mrch::transfer[0m[32m: [32mSyncing /data/projects/.scratch/frankentorch-gmuml-baseline-1780945893 -> /data/projects/.scratch/frankentorch-gmuml-baseline-1780945893 on vmi1156319[0m
    [2;3mat[0m rch/src/transfer.rs:1434 [2;3mon[0m ThreadId(1)

  [2m2026-06-08T19:12:10.521404Z[0m [32m INFO[0m [1;32mrch::transfer[0m[32m: [32mSync completed in 3333ms[0m
    [2;3mat[0m rch/src/transfer.rs:1503 [2;3mon[0m ThreadId(1)

  [2m2026-06-08T19:12:10.521474Z[0m [32m INFO[0m [1;32mrch::transfer[0m[32m: [32mSyncing /data/projects/.scratch/frankentorch-gmuml-baseline-1780945893/crates/ft-api -> /data/projects/.scratch/frankentorch-gmuml-baseline-1780945893/crates/ft-api on vmi1156319[0m
    [2;3mat[0m rch/src/transfer.rs:1434 [2;3mon[0m ThreadId(1)

  [2m2026-06-08T19:12:12.482549Z[0m [32m INFO[0m [1;32mrch::transfer[0m[32m: [32mSync completed in 1961ms[0m
    [2;3mat[0m rch/src/transfer.rs:1503 [2;3mon[0m ThreadId(1)

  [2m2026-06-08T19:12:12.482618Z[0m [32m INFO[0m [1;32mrch::transfer[0m[32m: [32mSyncing /data/projects/.scratch/frankentorch-gmuml-baseline-1780945893/crates/ft-autograd -> /data/projects/.scratch/frankentorch-gmuml-baseline-1780945893/crates/ft-autograd on vmi1156319[0m
    [2;3mat[0m rch/src/transfer.rs:1434 [2;3mon[0m ThreadId(1)

  [2m2026-06-08T19:12:14.667743Z[0m [32m INFO[0m [1;32mrch::transfer[0m[32m: [32mSync completed in 2185ms[0m
    [2;3mat[0m rch/src/transfer.rs:1503 [2;3mon[0m ThreadId(1)

  [2m2026-06-08T19:12:14.667838Z[0m [32m INFO[0m [1;32mrch::transfer[0m[32m: [32mSyncing /data/projects/.scratch/frankentorch-gmuml-baseline-1780945893/crates/ft-conformance -> /data/projects/.scratch/frankentorch-gmuml-baseline-1780945893/crates/ft-conformance on vmi1156319[0m
    [2;3mat[0m rch/src/transfer.rs:1434 [2;3mon[0m ThreadId(1)

  [2m2026-06-08T19:12:16.700867Z[0m [32m INFO[0m [1;32mrch::transfer[0m[32m: [32mSync completed in 2033ms[0m
    [2;3mat[0m rch/src/transfer.rs:1503 [2;3mon[0m ThreadId(1)

  [2m2026-06-08T19:12:16.700963Z[0m [32m INFO[0m [1;32mrch::transfer[0m[32m: [32mSyncing /data/projects/.scratch/frankentorch-gmuml-baseline-1780945893/crates/ft-core -> /data/projects/.scratch/frankentorch-gmuml-baseline-1780945893/crates/ft-core on vmi1156319[0m
    [2;3mat[0m rch/src/transfer.rs:1434 [2;3mon[0m ThreadId(1)

  [2m2026-06-08T19:12:18.703134Z[0m [32m INFO[0m [1;32mrch::transfer[0m[32m: [32mSync completed in 2002ms[0m
    [2;3mat[0m rch/src/transfer.rs:1503 [2;3mon[0m ThreadId(1)

  [2m2026-06-08T19:12:18.703209Z[0m [32m INFO[0m [1;32mrch::transfer[0m[32m: [32mSyncing /data/projects/.scratch/frankentorch-gmuml-baseline-1780945893/crates/ft-data -> /data/projects/.scratch/frankentorch-gmuml-baseline-1780945893/crates/ft-data on vmi1156319[0m
    [2;3mat[0m rch/src/transfer.rs:1434 [2;3mon[0m ThreadId(1)

  [2m2026-06-08T19:12:20.895102Z[0m [32m INFO[0m [1;32mrch::transfer[0m[32m: [32mSync completed in 2191ms[0m
    [2;3mat[0m rch/src/transfer.rs:1503 [2;3mon[0m ThreadId(1)

  [2m2026-06-08T19:12:20.895184Z[0m [32m INFO[0m [1;32mrch::transfer[0m[32m: [32mSyncing /data/projects/.scratch/frankentorch-gmuml-baseline-1780945893/crates/ft-device -> /data/projects/.scratch/frankentorch-gmuml-baseline-1780945893/crates/ft-device on vmi1156319[0m
    [2;3mat[0m rch/src/transfer.rs:1434 [2;3mon[0m ThreadId(1)

  [2m2026-06-08T19:12:23.008734Z[0m [32m INFO[0m [1;32mrch::transfer[0m[32m: [32mSync completed in 2113ms[0m
    [2;3mat[0m rch/src/transfer.rs:1503 [2;3mon[0m ThreadId(1)

  [2m2026-06-08T19:12:23.008833Z[0m [32m INFO[0m [1;32mrch::transfer[0m[32m: [32mSyncing /data/projects/.scratch/frankentorch-gmuml-baseline-1780945893/crates/ft-dispatch -> /data/projects/.scratch/frankentorch-gmuml-baseline-1780945893/crates/ft-dispatch on vmi1156319[0m
    [2;3mat[0m rch/src/transfer.rs:1434 [2;3mon[0m ThreadId(1)

  [2m2026-06-08T19:12:25.048628Z[0m [32m INFO[0m [1;32mrch::transfer[0m[32m: [32mSync completed in 2039ms[0m
    [2;3mat[0m rch/src/transfer.rs:1503 [2;3mon[0m ThreadId(1)

  [2m2026-06-08T19:12:25.048714Z[0m [32m INFO[0m [1;32mrch::transfer[0m[32m: [32mSyncing /data/projects/.scratch/frankentorch-gmuml-baseline-1780945893/crates/ft-kernel-cpu -> /data/projects/.scratch/frankentorch-gmuml-baseline-1780945893/crates/ft-kernel-cpu on vmi1156319[0m
    [2;3mat[0m rch/src/transfer.rs:1434 [2;3mon[0m ThreadId(1)

  [2m2026-06-08T19:12:27.079383Z[0m [32m INFO[0m [1;32mrch::transfer[0m[32m: [32mSync completed in 2030ms[0m
    [2;3mat[0m rch/src/transfer.rs:1503 [2;3mon[0m ThreadId(1)

  [2m2026-06-08T19:12:27.079485Z[0m [32m INFO[0m [1;32mrch::transfer[0m[32m: [32mSyncing /data/projects/.scratch/frankentorch-gmuml-baseline-1780945893/crates/ft-nn -> /data/projects/.scratch/frankentorch-gmuml-baseline-1780945893/crates/ft-nn on vmi1156319[0m
    [2;3mat[0m rch/src/transfer.rs:1434 [2;3mon[0m ThreadId(1)

  [2m2026-06-08T19:12:29.143570Z[0m [32m INFO[0m [1;32mrch::transfer[0m[32m: [32mSync completed in 2064ms[0m
    [2;3mat[0m rch/src/transfer.rs:1503 [2;3mon[0m ThreadId(1)

  [2m2026-06-08T19:12:29.143647Z[0m [32m INFO[0m [1;32mrch::transfer[0m[32m: [32mSyncing /data/projects/.scratch/frankentorch-gmuml-baseline-1780945893/crates/ft-optim -> /data/projects/.scratch/frankentorch-gmuml-baseline-1780945893/crates/ft-optim on vmi1156319[0m
    [2;3mat[0m rch/src/transfer.rs:1434 [2;3mon[0m ThreadId(1)

  [2m2026-06-08T19:12:31.162856Z[0m [32m INFO[0m [1;32mrch::transfer[0m[32m: [32mSync completed in 2019ms[0m
    [2;3mat[0m rch/src/transfer.rs:1503 [2;3mon[0m ThreadId(1)

  [2m2026-06-08T19:12:31.162932Z[0m [32m INFO[0m [1;32mrch::transfer[0m[32m: [32mSyncing /data/projects/.scratch/frankentorch-gmuml-baseline-1780945893/crates/ft-runtime -> /data/projects/.scratch/frankentorch-gmuml-baseline-1780945893/crates/ft-runtime on vmi1156319[0m
    [2;3mat[0m rch/src/transfer.rs:1434 [2;3mon[0m ThreadId(1)

  [2m2026-06-08T19:12:33.320290Z[0m [32m INFO[0m [1;32mrch::transfer[0m[32m: [32mSync completed in 2157ms[0m
    [2;3mat[0m rch/src/transfer.rs:1503 [2;3mon[0m ThreadId(1)

  [2m2026-06-08T19:12:33.320391Z[0m [32m INFO[0m [1;32mrch::transfer[0m[32m: [32mSyncing /data/projects/.scratch/frankentorch-gmuml-baseline-1780945893/crates/ft-serialize -> /data/projects/.scratch/frankentorch-gmuml-baseline-1780945893/crates/ft-serialize on vmi1156319[0m
    [2;3mat[0m rch/src/transfer.rs:1434 [2;3mon[0m ThreadId(1)

  [2m2026-06-08T19:12:35.456562Z[0m [32m INFO[0m [1;32mrch::transfer[0m[32m: [32mSync completed in 2136ms[0m
    [2;3mat[0m rch/src/transfer.rs:1503 [2;3mon[0m ThreadId(1)

  [2m2026-06-08T19:12:35.456592Z[0m [32m INFO[0m [1;32mrch::hook[0m[32m: [32mSync complete: 1794 files, 4296858 bytes in 28263ms[0m
    [2;3mat[0m rch/src/hook.rs:6209 [2;3mon[0m ThreadId(1)

  [2m2026-06-08T19:12:40.342112Z[0m [32m INFO[0m [1;32mrch::hook[0m[32m: [32mExecuting command remotely: cargo bench -p ft-api --bench ops_bench -- conv1d/nograd_L/4096 --warm-up-time 1 --measurement-time 5 --sample-size 20[0m
    [2;3mat[0m rch/src/hook.rs:6257 [2;3mon[0m ThreadId(1)

  [2m2026-06-08T19:12:40.342167Z[0m [32m INFO[0m [1;32mrch::transfer[0m[32m: [32mRewriting CARGO_TARGET_DIR for remote execution (worker-scoped path): /data/tmp/cargo-target -> /data/projects/.scratch/frankentorch-gmuml-baseline-1780945893/.rch-target-vmi1156319-job-29879239876542712-1780945927187928738-0[0m
    [2;3mat[0m rch/src/transfer.rs:712 [2;3mon[0m ThreadId(1)

    Updating crates.io index
 Downloading crates ...
  Downloaded same-file v1.0.6
  Downloaded plotters v0.3.7
  Downloaded zerocopy-derive v0.8.48
  Downloaded quote v1.0.45
  Downloaded cfg-if v1.0.4
  Downloaded ciborium-io v0.2.2
  Downloaded plotters-backend v0.3.7
  Downloaded num-complex v0.4.6
  Downloaded autocfg v1.5.0
  Downloaded plotters-svg v0.3.7
  Downloaded clap_lex v1.1.0
  Downloaded walkdir v2.5.0
  Downloaded criterion-plot v0.5.0
  Downloaded cast v0.3.0
  Downloaded is-terminal v0.4.17
  Downloaded anes v0.1.6
  Downloaded once_cell v1.21.4
  Downloaded zmij v1.0.21
  Downloaded rawpointer v0.2.1
  Downloaded serde_derive v1.0.228
  Downloaded ciborium-ll v0.2.2
  Downloaded half v2.7.1
  Downloaded itoa v1.0.18
  Downloaded serde_core v1.0.228
  Downloaded unicode-ident v1.0.24
  Downloaded ciborium v0.2.2
  Downloaded anstyle v1.0.14
  Downloaded crossbeam-utils v0.8.21
  Downloaded rayon-core v1.13.0
  Downloaded matrixmultiply v0.3.10
  Downloaded bytemuck_derive v1.10.2
  Downloaded oorandom v11.1.5
  Downloaded proc-macro2 v1.0.106
  Downloaded tinytemplate v1.2.1
  Downloaded clap v4.6.1
  Downloaded crossbeam-epoch v0.9.18
  Downloaded num-traits v0.2.19
  Downloaded bytemuck v1.25.0
  Downloaded wide v0.7.33
  Downloaded safe_arch v0.7.4
  Downloaded criterion v0.5.1
  Downloaded serde v1.0.228
  Downloaded itertools v0.10.5
  Downloaded serde_json v1.0.149
  Downloaded memchr v2.8.0
  Downloaded regex v1.12.3
  Downloaded rayon v1.12.0
  Downloaded aho-corasick v1.1.4
  Downloaded libm v0.2.16
  Downloaded clap_builder v4.6.0
  Downloaded syn v2.0.117
  Downloaded zerocopy v0.8.48
  Downloaded either v1.15.0
  Downloaded regex-syntax v0.8.10
  Downloaded regex-automata v0.4.14
  Downloaded libc v0.2.185
  Downloaded crossbeam-deque v0.8.6
   Compiling proc-macro2 v1.0.106
   Compiling quote v1.0.45
   Compiling unicode-ident v1.0.24
   Compiling autocfg v1.5.0
   Compiling zerocopy v0.8.48
   Compiling crossbeam-utils v0.8.21
   Compiling cfg-if v1.0.4
   Compiling either v1.15.0
   Compiling rayon-core v1.13.0
   Compiling serde_core v1.0.228
   Compiling libm v0.2.16
   Compiling serde v1.0.228
   Compiling zmij v1.0.21
   Compiling num-traits v0.2.19
   Compiling matrixmultiply v0.3.10
   Compiling rawpointer v0.2.1
   Compiling libc v0.2.185
   Compiling serde_json v1.0.149
   Compiling syn v2.0.117
   Compiling crossbeam-epoch v0.9.18
   Compiling itoa v1.0.18
   Compiling ciborium-io v0.2.2
   Compiling anstyle v1.0.14
   Compiling memchr v2.8.0
   Compiling crossbeam-deque v0.8.6
   Compiling num-complex v0.4.6
   Compiling plotters-backend v0.3.7
   Compiling clap_lex v1.1.0
   Compiling rayon v1.12.0
   Compiling regex-syntax v0.8.10
   Compiling clap_builder v4.6.0
   Compiling plotters-svg v0.3.7
   Compiling itertools v0.10.5
   Compiling same-file v1.0.6
   Compiling cast v0.3.0
   Compiling regex-automata v0.4.14
   Compiling is-terminal v0.4.17
   Compiling walkdir v2.5.0
   Compiling plotters v0.3.7
   Compiling criterion-plot v0.5.0
   Compiling clap v4.6.1
   Compiling bytemuck_derive v1.10.2
   Compiling zerocopy-derive v0.8.48
   Compiling serde_derive v1.0.228
   Compiling regex v1.12.3
   Compiling bytemuck v1.25.0
   Compiling safe_arch v0.7.4
   Compiling oorandom v11.1.5
   Compiling once_cell v1.21.4
   Compiling wide v0.7.33
   Compiling anes v0.1.6
   Compiling tinytemplate v1.2.1
   Compiling half v2.7.1
   Compiling ft-core v0.1.0 (/data/projects/.scratch/frankentorch-gmuml-baseline-1780945893/crates/ft-core)
   Compiling ciborium-ll v0.2.2
   Compiling ciborium v0.2.2
   Compiling ft-kernel-cpu v0.1.0 (/data/projects/.scratch/frankentorch-gmuml-baseline-1780945893/crates/ft-kernel-cpu)
   Compiling ft-runtime v0.1.0 (/data/projects/.scratch/frankentorch-gmuml-baseline-1780945893/crates/ft-runtime)
   Compiling criterion v0.5.1
   Compiling ft-dispatch v0.1.0 (/data/projects/.scratch/frankentorch-gmuml-baseline-1780945893/crates/ft-dispatch)
   Compiling ft-autograd v0.1.0 (/data/projects/.scratch/frankentorch-gmuml-baseline-1780945893/crates/ft-autograd)
   Compiling ft-api v0.1.0 (/data/projects/.scratch/frankentorch-gmuml-baseline-1780945893/crates/ft-api)
    Finished `bench` profile [optimized + debuginfo] target(s) in 2m 54s
     Running benches/ops_bench.rs (.rch-target-vmi1156319-job-29879239876542712-1780945927187928738-0/release/deps/ops_bench-3580695916ae9312)
Gnuplot not found, using plotters backend
Benchmarking conv1d/nograd_L/4096
Benchmarking conv1d/nograd_L/4096: Warming up for 1.0000 s
Benchmarking conv1d/nograd_L/4096: Collecting 20 samples in estimated 5.8305 s (40 iterations)
Benchmarking conv1d/nograd_L/4096: Analyzing
conv1d/nograd_L/4096    time:   [92.816 ms 109.28 ms 128.82 ms]
Found 1 outliers among 20 measurements (5.00%)
  1 (5.00%) high mild

  [2m2026-06-08T19:15:46.565622Z[0m [32m INFO[0m [1;32mrch::hook[0m[32m: [32mRemote command finished: exit=0 in 186223ms[0m
    [2;3mat[0m rch/src/hook.rs:6381 [2;3mon[0m ThreadId(1)

  [2m2026-06-08T19:15:46.565925Z[0m [32m INFO[0m [1;32mrch::hook[0m[32m: [32mRetrieving build artifacts...[0m
    [2;3mat[0m rch/src/hook.rs:6430 [2;3mon[0m ThreadId(1)

  [2m2026-06-08T19:15:46.565954Z[0m [32m INFO[0m [1;32mrch::transfer[0m[32m: [32mRetrieving artifacts from /data/projects/.scratch/frankentorch-gmuml-baseline-1780945893 on vmi1156319[0m
    [2;3mat[0m rch/src/transfer.rs:2106 [2;3mon[0m ThreadId(1)

  [2m2026-06-08T19:15:48.719871Z[0m [32m INFO[0m [1;32mrch::transfer[0m[32m: [32mArtifacts retrieved in 2153ms (1 files, 1180 bytes)[0m
    [2;3mat[0m rch/src/transfer.rs:2145 [2;3mon[0m ThreadId(1)

  [2m2026-06-08T19:15:48.719890Z[0m [32m INFO[0m [1;32mrch::hook[0m[32m: [32mArtifacts retrieved: 1 files, 1180 bytes in 2153ms[0m
    [2;3mat[0m rch/src/hook.rs:6463 [2;3mon[0m ThreadId(1)

  [2m2026-06-08T19:15:48.719990Z[0m [32m INFO[0m [1;32mrch::transfer[0m[32m: [32mRetrieving artifacts from /data/projects/.scratch/frankentorch-gmuml-baseline-1780945893/.rch-target-vmi1156319-job-29879239876542712-1780945927187928738-0 on vmi1156319[0m
    [2;3mat[0m rch/src/transfer.rs:2106 [2;3mon[0m ThreadId(1)

  [2m2026-06-08T19:15:51.570494Z[0m [32m INFO[0m [1;32mrch::transfer[0m[32m: [32mArtifacts retrieved in 2850ms (165 files, 1983 bytes)[0m
    [2;3mat[0m rch/src/transfer.rs:2145 [2;3mon[0m ThreadId(1)

  [2m2026-06-08T19:15:51.570518Z[0m [32m INFO[0m [1;32mrch::hook[0m[32m: [32mCustom CARGO_TARGET_DIR artifacts retrieved: 165 files, 1983 bytes in 2850ms[0m
    [2;3mat[0m rch/src/hook.rs:6587 [2;3mon[0m ThreadId(1)

[RCH] remote vmi1156319 (249.4s)
