    Blocking waiting for file lock on package cache
    Blocking waiting for file lock on package cache
   Compiling ft-core v0.1.0 (/data/projects/.scratch/frankentorch-cod-b-kgs4-119-20260620T1112/crates/ft-core)
   Compiling ft-kernel-cpu v0.1.0 (/data/projects/.scratch/frankentorch-cod-b-kgs4-119-20260620T1112/crates/ft-kernel-cpu)
   Compiling ft-runtime v0.1.0 (/data/projects/.scratch/frankentorch-cod-b-kgs4-119-20260620T1112/crates/ft-runtime)
   Compiling ft-dispatch v0.1.0 (/data/projects/.scratch/frankentorch-cod-b-kgs4-119-20260620T1112/crates/ft-dispatch)
   Compiling ft-autograd v0.1.0 (/data/projects/.scratch/frankentorch-cod-b-kgs4-119-20260620T1112/crates/ft-autograd)
   Compiling ft-api v0.1.0 (/data/projects/.scratch/frankentorch-cod-b-kgs4-119-20260620T1112/crates/ft-api)
    Finished `bench` profile [optimized + debuginfo] target(s) in 47.79s
     Running benches/pytorch_gauntlet_bench.rs (/data/projects/.rch-targets/frankentorch-cod-b/release/deps/pytorch_gauntlet_bench-5f2ebc2fd9ddf042)
Gnuplot not found, using plotters backend
Benchmarking gauntlet_conv3d_grad/frankentorch_kgs4_119
Benchmarking gauntlet_conv3d_grad/frankentorch_kgs4_119: Warming up for 1.0000 s
Benchmarking gauntlet_conv3d_grad/frankentorch_kgs4_119: Collecting 10 samples in estimated 4.0348 s (165 iterations)
Benchmarking gauntlet_conv3d_grad/frankentorch_kgs4_119: Analyzing
gauntlet_conv3d_grad/frankentorch_kgs4_119
                        time:   [23.653 ms 24.095 ms 24.771 ms]
Benchmarking gauntlet_conv3d_grad/pytorch_2_12_cpu
Benchmarking gauntlet_conv3d_grad/pytorch_2_12_cpu: Warming up for 1.0000 s

Warning: Unable to complete 10 samples in 3.0s. You may wish to increase target time to 13.1s.
Benchmarking gauntlet_conv3d_grad/pytorch_2_12_cpu: Collecting 10 samples in estimated 13.081 s (10 iterations)
Benchmarking gauntlet_conv3d_grad/pytorch_2_12_cpu: Analyzing
gauntlet_conv3d_grad/pytorch_2_12_cpu
                        time:   [9.4396 ms 10.126 ms 10.864 ms]
