  [2m2026-06-16T01:52:23.865554Z[0m [32m INFO[0m [1;32mrch::hook[0m[32m: [32mSelected worker: vmi1149989 at root@212.90.121.76 (4 slots remaining after reservation, speed 50.0)[0m
    [2;3mat[0m rch/src/hook.rs:514 [2;3mon[0m ThreadId(1)

  [2m2026-06-16T01:52:24.180942Z[0m [32m INFO[0m [1;32mrch::hook[0m[32m: [32mStarting remote compilation pipeline for frankentorch-ivorydeer-clean-20260615T214904Z (hash: b58f860600e5d1c4)[0m
    [2;3mat[0m rch/src/hook.rs:5994 [2;3mon[0m ThreadId(1)

  [2m2026-06-16T01:52:24.181035Z[0m [32m INFO[0m [1;32mrch::hook[0m[32m: [32mPrepared dependency sync manifest for 13 roots[0m
    [2;3mat[0m rch/src/hook.rs:6016 [2;3mon[0m ThreadId(1)

  [2m2026-06-16T01:52:25.951027Z[0m [32m INFO[0m [1;32mrch::hook[0m[32m: [32mSyncing project to worker vmi1149989...[0m
    [2;3mat[0m rch/src/hook.rs:6046 [2;3mon[0m ThreadId(1)

  [2m2026-06-16T01:52:25.951104Z[0m [32m INFO[0m [1;32mrch::transfer[0m[32m: [32mSyncing /data/projects/.scratch/frankentorch-ivorydeer-clean-20260615T214904Z -> /data/projects/.scratch/frankentorch-ivorydeer-clean-20260615T214904Z on vmi1149989[0m
    [2;3mat[0m rch/src/transfer.rs:1434 [2;3mon[0m ThreadId(1)

  [2m2026-06-16T01:52:28.497082Z[0m [32m INFO[0m [1;32mrch::transfer[0m[32m: [32mSync completed in 2545ms[0m
    [2;3mat[0m rch/src/transfer.rs:1503 [2;3mon[0m ThreadId(1)

  [2m2026-06-16T01:52:28.497154Z[0m [32m INFO[0m [1;32mrch::transfer[0m[32m: [32mSyncing /data/projects/.scratch/frankentorch-ivorydeer-clean-20260615T214904Z/crates/ft-api -> /data/projects/.scratch/frankentorch-ivorydeer-clean-20260615T214904Z/crates/ft-api on vmi1149989[0m
    [2;3mat[0m rch/src/transfer.rs:1434 [2;3mon[0m ThreadId(1)

  [2m2026-06-16T01:52:30.443704Z[0m [32m INFO[0m [1;32mrch::transfer[0m[32m: [32mSync completed in 1946ms[0m
    [2;3mat[0m rch/src/transfer.rs:1503 [2;3mon[0m ThreadId(1)

  [2m2026-06-16T01:52:30.443783Z[0m [32m INFO[0m [1;32mrch::transfer[0m[32m: [32mSyncing /data/projects/.scratch/frankentorch-ivorydeer-clean-20260615T214904Z/crates/ft-autograd -> /data/projects/.scratch/frankentorch-ivorydeer-clean-20260615T214904Z/crates/ft-autograd on vmi1149989[0m
    [2;3mat[0m rch/src/transfer.rs:1434 [2;3mon[0m ThreadId(1)

  [2m2026-06-16T01:52:32.530184Z[0m [32m INFO[0m [1;32mrch::transfer[0m[32m: [32mSync completed in 2086ms[0m
    [2;3mat[0m rch/src/transfer.rs:1503 [2;3mon[0m ThreadId(1)

  [2m2026-06-16T01:52:32.530263Z[0m [32m INFO[0m [1;32mrch::transfer[0m[32m: [32mSyncing /data/projects/.scratch/frankentorch-ivorydeer-clean-20260615T214904Z/crates/ft-conformance -> /data/projects/.scratch/frankentorch-ivorydeer-clean-20260615T214904Z/crates/ft-conformance on vmi1149989[0m
    [2;3mat[0m rch/src/transfer.rs:1434 [2;3mon[0m ThreadId(1)

  [2m2026-06-16T01:52:34.335623Z[0m [32m INFO[0m [1;32mrch::transfer[0m[32m: [32mSync completed in 1805ms[0m
    [2;3mat[0m rch/src/transfer.rs:1503 [2;3mon[0m ThreadId(1)

  [2m2026-06-16T01:52:34.335698Z[0m [32m INFO[0m [1;32mrch::transfer[0m[32m: [32mSyncing /data/projects/.scratch/frankentorch-ivorydeer-clean-20260615T214904Z/crates/ft-core -> /data/projects/.scratch/frankentorch-ivorydeer-clean-20260615T214904Z/crates/ft-core on vmi1149989[0m
    [2;3mat[0m rch/src/transfer.rs:1434 [2;3mon[0m ThreadId(1)

  [2m2026-06-16T01:52:36.193244Z[0m [32m INFO[0m [1;32mrch::transfer[0m[32m: [32mSync completed in 1857ms[0m
    [2;3mat[0m rch/src/transfer.rs:1503 [2;3mon[0m ThreadId(1)

  [2m2026-06-16T01:52:36.193337Z[0m [32m INFO[0m [1;32mrch::transfer[0m[32m: [32mSyncing /data/projects/.scratch/frankentorch-ivorydeer-clean-20260615T214904Z/crates/ft-data -> /data/projects/.scratch/frankentorch-ivorydeer-clean-20260615T214904Z/crates/ft-data on vmi1149989[0m
    [2;3mat[0m rch/src/transfer.rs:1434 [2;3mon[0m ThreadId(1)

  [2m2026-06-16T01:52:37.975390Z[0m [32m INFO[0m [1;32mrch::transfer[0m[32m: [32mSync completed in 1782ms[0m
    [2;3mat[0m rch/src/transfer.rs:1503 [2;3mon[0m ThreadId(1)

  [2m2026-06-16T01:52:37.975474Z[0m [32m INFO[0m [1;32mrch::transfer[0m[32m: [32mSyncing /data/projects/.scratch/frankentorch-ivorydeer-clean-20260615T214904Z/crates/ft-device -> /data/projects/.scratch/frankentorch-ivorydeer-clean-20260615T214904Z/crates/ft-device on vmi1149989[0m
    [2;3mat[0m rch/src/transfer.rs:1434 [2;3mon[0m ThreadId(1)

  [2m2026-06-16T01:52:39.883828Z[0m [32m INFO[0m [1;32mrch::transfer[0m[32m: [32mSync completed in 1908ms[0m
    [2;3mat[0m rch/src/transfer.rs:1503 [2;3mon[0m ThreadId(1)

  [2m2026-06-16T01:52:39.883905Z[0m [32m INFO[0m [1;32mrch::transfer[0m[32m: [32mSyncing /data/projects/.scratch/frankentorch-ivorydeer-clean-20260615T214904Z/crates/ft-dispatch -> /data/projects/.scratch/frankentorch-ivorydeer-clean-20260615T214904Z/crates/ft-dispatch on vmi1149989[0m
    [2;3mat[0m rch/src/transfer.rs:1434 [2;3mon[0m ThreadId(1)

  [2m2026-06-16T01:52:41.775983Z[0m [32m INFO[0m [1;32mrch::transfer[0m[32m: [32mSync completed in 1892ms[0m
    [2;3mat[0m rch/src/transfer.rs:1503 [2;3mon[0m ThreadId(1)

  [2m2026-06-16T01:52:41.776090Z[0m [32m INFO[0m [1;32mrch::transfer[0m[32m: [32mSyncing /data/projects/.scratch/frankentorch-ivorydeer-clean-20260615T214904Z/crates/ft-kernel-cpu -> /data/projects/.scratch/frankentorch-ivorydeer-clean-20260615T214904Z/crates/ft-kernel-cpu on vmi1149989[0m
    [2;3mat[0m rch/src/transfer.rs:1434 [2;3mon[0m ThreadId(1)

  [2m2026-06-16T01:52:43.643500Z[0m [32m INFO[0m [1;32mrch::transfer[0m[32m: [32mSync completed in 1867ms[0m
    [2;3mat[0m rch/src/transfer.rs:1503 [2;3mon[0m ThreadId(1)

  [2m2026-06-16T01:52:43.643622Z[0m [32m INFO[0m [1;32mrch::transfer[0m[32m: [32mSyncing /data/projects/.scratch/frankentorch-ivorydeer-clean-20260615T214904Z/crates/ft-nn -> /data/projects/.scratch/frankentorch-ivorydeer-clean-20260615T214904Z/crates/ft-nn on vmi1149989[0m
    [2;3mat[0m rch/src/transfer.rs:1434 [2;3mon[0m ThreadId(1)

  [2m2026-06-16T01:52:45.526868Z[0m [32m INFO[0m [1;32mrch::transfer[0m[32m: [32mSync completed in 1883ms[0m
    [2;3mat[0m rch/src/transfer.rs:1503 [2;3mon[0m ThreadId(1)

  [2m2026-06-16T01:52:45.526950Z[0m [32m INFO[0m [1;32mrch::transfer[0m[32m: [32mSyncing /data/projects/.scratch/frankentorch-ivorydeer-clean-20260615T214904Z/crates/ft-optim -> /data/projects/.scratch/frankentorch-ivorydeer-clean-20260615T214904Z/crates/ft-optim on vmi1149989[0m
    [2;3mat[0m rch/src/transfer.rs:1434 [2;3mon[0m ThreadId(1)

  [2m2026-06-16T01:52:47.387490Z[0m [32m INFO[0m [1;32mrch::transfer[0m[32m: [32mSync completed in 1860ms[0m
    [2;3mat[0m rch/src/transfer.rs:1503 [2;3mon[0m ThreadId(1)

  [2m2026-06-16T01:52:47.387580Z[0m [32m INFO[0m [1;32mrch::transfer[0m[32m: [32mSyncing /data/projects/.scratch/frankentorch-ivorydeer-clean-20260615T214904Z/crates/ft-runtime -> /data/projects/.scratch/frankentorch-ivorydeer-clean-20260615T214904Z/crates/ft-runtime on vmi1149989[0m
    [2;3mat[0m rch/src/transfer.rs:1434 [2;3mon[0m ThreadId(1)

  [2m2026-06-16T01:52:49.236132Z[0m [32m INFO[0m [1;32mrch::transfer[0m[32m: [32mSync completed in 1848ms[0m
    [2;3mat[0m rch/src/transfer.rs:1503 [2;3mon[0m ThreadId(1)

  [2m2026-06-16T01:52:49.236224Z[0m [32m INFO[0m [1;32mrch::transfer[0m[32m: [32mSyncing /data/projects/.scratch/frankentorch-ivorydeer-clean-20260615T214904Z/crates/ft-serialize -> /data/projects/.scratch/frankentorch-ivorydeer-clean-20260615T214904Z/crates/ft-serialize on vmi1149989[0m
    [2;3mat[0m rch/src/transfer.rs:1434 [2;3mon[0m ThreadId(1)

  [2m2026-06-16T01:52:51.050163Z[0m [32m INFO[0m [1;32mrch::transfer[0m[32m: [32mSync completed in 1813ms[0m
    [2;3mat[0m rch/src/transfer.rs:1503 [2;3mon[0m ThreadId(1)

  [2m2026-06-16T01:52:51.050212Z[0m [32m INFO[0m [1;32mrch::hook[0m[32m: [32mSync complete: 3079 files, 132298 bytes in 25092ms[0m
    [2;3mat[0m rch/src/hook.rs:6209 [2;3mon[0m ThreadId(1)

  [2m2026-06-16T01:52:56.826894Z[0m [32m INFO[0m [1;32mrch::hook[0m[32m: [32mExecuting command remotely: cargo run -j 1 -p ft-kernel-cpu --release --example eigvalsh_blocked_ab[0m
    [2;3mat[0m rch/src/hook.rs:6252 [2;3mon[0m ThreadId(1)

  [2m2026-06-16T01:52:56.826956Z[0m [32m INFO[0m [1;32mrch::transfer[0m[32m: [32mRewriting CARGO_TARGET_DIR for remote execution (worker-scoped path): /data/tmp/cargo-target -> /data/projects/.scratch/frankentorch-ivorydeer-clean-20260615T214904Z/.rch-target-vmi1149989-job-29884606035534269-1781574745951018952-0[0m
    [2;3mat[0m rch/src/transfer.rs:712 [2;3mon[0m ThreadId(1)

    Updating crates.io index
 Downloading crates ...
  Downloaded bit-set v0.8.0
  Downloaded anes v0.1.6
  Downloaded anstyle v1.0.14
  Downloaded autocfg v1.5.0
  Downloaded bit-vec v0.8.0
  Downloaded aho-corasick v1.1.4
  Downloaded bitflags v2.11.1
  Downloaded bytemuck_derive v1.10.2
  Downloaded console v0.16.3
  Downloaded ciborium-ll v0.2.2
  Downloaded clap_lex v1.1.0
  Downloaded errno v0.3.14
  Downloaded fnv v1.0.7
  Downloaded cfg-if v1.0.4
  Downloaded ciborium-io v0.2.2
  Downloaded same-file v1.0.6
  Downloaded plotters-svg v0.3.7
  Downloaded is-terminal v0.4.17
  Downloaded wait-timeout v0.2.1
  Downloaded cast v0.3.0
  Downloaded quick-error v1.2.3
  Downloaded rawpointer v0.2.1
  Downloaded unarray v0.1.4
  Downloaded rand_xorshift v0.4.0
  Downloaded crossbeam-deque v0.8.6
  Downloaded oorandom v11.1.5
  Downloaded plotters-backend v0.3.7
  Downloaded fastrand v2.4.1
  Downloaded itoa v1.0.18
  Downloaded criterion-plot v0.5.0
  Downloaded either v1.15.0
  Downloaded zmij v1.0.21
  Downloaded walkdir v2.5.0
  Downloaded num-complex v0.4.6
  Downloaded tinytemplate v1.2.1
  Downloaded rand_chacha v0.9.0
  Downloaded rand_core v0.9.5
  Downloaded rusty-fork v0.3.1
  Downloaded ciborium v0.2.2
  Downloaded crossbeam-epoch v0.9.18
  Downloaded crossbeam-utils v0.8.21
  Downloaded ppv-lite86 v0.2.21
  Downloaded quote v1.0.45
  Downloaded getrandom v0.3.4
  Downloaded similar v2.7.0
  Downloaded tempfile v3.27.0
  Downloaded half v2.7.1
  Downloaded matrixmultiply v0.3.10
  Downloaded serde_derive v1.0.228
  Downloaded once_cell v1.21.4
  Downloaded serde_core v1.0.228
  Downloaded num-traits v0.2.19
  Downloaded proc-macro2 v1.0.106
  Downloaded bytemuck v1.25.0
  Downloaded unicode-ident v1.0.24
  Downloaded rayon-core v1.13.0
  Downloaded safe_arch v0.7.4
  Downloaded zerocopy-derive v0.8.48
  Downloaded clap v4.6.1
  Downloaded rand v0.9.4
  Downloaded serde v1.0.228
  Downloaded itertools v0.10.5
  Downloaded memchr v2.8.0
  Downloaded wide v0.7.33
  Downloaded criterion v0.5.1
  Downloaded insta v1.47.2
  Downloaded plotters v0.3.7
  Downloaded serde_json v1.0.149
  Downloaded regex v1.12.3
  Downloaded rayon v1.12.0
  Downloaded libm v0.2.16
  Downloaded clap_builder v4.6.0
  Downloaded proptest v1.11.0
  Downloaded syn v2.0.117
  Downloaded zerocopy v0.8.48
  Downloaded regex-syntax v0.8.10
  Downloaded rustix v1.1.4
  Downloaded regex-automata v0.4.14
  Downloaded libc v0.2.185
  Downloaded linux-raw-sys v0.12.1
   Compiling proc-macro2 v1.0.106
   Compiling unicode-ident v1.0.24
   Compiling quote v1.0.45
   Compiling syn v2.0.117
   Compiling cfg-if v1.0.4
   Compiling libc v0.2.185
   Compiling autocfg v1.5.0
   Compiling zerocopy v0.8.48
   Compiling zerocopy-derive v0.8.48
   Compiling getrandom v0.3.4
   Compiling bytemuck_derive v1.10.2
   Compiling bytemuck v1.25.0
   Compiling num-traits v0.2.19
   Compiling crossbeam-utils v0.8.21
   Compiling serde_core v1.0.228
   Compiling rustix v1.1.4
   Compiling crossbeam-epoch v0.9.18
   Compiling half v2.7.1
   Compiling rayon-core v1.13.0
   Compiling zmij v1.0.21
   Compiling bitflags v2.11.1
   Compiling serde v1.0.228
   Compiling once_cell v1.21.4
   Compiling linux-raw-sys v0.12.1
   Compiling either v1.15.0
   Compiling crossbeam-deque v0.8.6
   Compiling rand_core v0.9.5
   Compiling serde_derive v1.0.228
   Compiling serde_json v1.0.149
   Compiling regex-syntax v0.8.10
   Compiling fastrand v2.4.1
   Compiling tempfile v3.27.0
   Compiling matrixmultiply v0.3.10
   Compiling clap_lex v1.1.0
   Compiling ciborium-io v0.2.2
   Compiling memchr v2.8.0
   Compiling itoa v1.0.18
   Compiling libm v0.2.16
   Compiling plotters-backend v0.3.7
   Compiling anstyle v1.0.14
   Compiling clap_builder v4.6.0
   Compiling plotters-svg v0.3.7
   Compiling ciborium-ll v0.2.2
   Compiling rayon v1.12.0
   Compiling regex-automata v0.4.14
   Compiling itertools v0.10.5
   Compiling num-complex v0.4.6
   Compiling safe_arch v0.7.4
   Compiling ppv-lite86 v0.2.21
   Compiling wait-timeout v0.2.1
   Compiling quick-error v1.2.3
   Compiling cast v0.3.0
   Compiling rawpointer v0.2.1
   Compiling same-file v1.0.6
   Compiling fnv v1.0.7
   Compiling bit-vec v0.8.0
   Compiling bit-set v0.8.0
   Compiling rusty-fork v0.3.1
   Compiling walkdir v2.5.0
   Compiling criterion-plot v0.5.0
   Compiling rand_chacha v0.9.0
   Compiling wide v0.7.33
   Compiling ft-core v0.1.0 (/data/projects/.scratch/frankentorch-ivorydeer-clean-20260615T214904Z/crates/ft-core)
   Compiling regex v1.12.3
   Compiling ciborium v0.2.2
   Compiling tinytemplate v1.2.1
   Compiling plotters v0.3.7
   Compiling clap v4.6.1
   Compiling rand v0.9.4
   Compiling rand_xorshift v0.4.0
   Compiling console v0.16.3
   Compiling is-terminal v0.4.17
   Compiling oorandom v11.1.5
   Compiling anes v0.1.6
   Compiling similar v2.7.0
   Compiling unarray v0.1.4
   Compiling proptest v1.11.0
   Compiling insta v1.47.2
   Compiling criterion v0.5.1
   Compiling ft-kernel-cpu v0.1.0 (/data/projects/.scratch/frankentorch-ivorydeer-clean-20260615T214904Z/crates/ft-kernel-cpu)
    Finished `release` profile [optimized] target(s) in 3m 05s
     Running `.rch-target-vmi1149989-job-29884606035534269-1781574745951018952-0/release/examples/eigvalsh_blocked_ab`
eigvalsh: blocked dsytrd vs packed dsytd2 (same process, threads=10)
n=256   packed=   4.899ms blocked=   5.902ms  ratio=0.83x  maxdiff=9.09e-13
n=512   packed=  39.105ms blocked=  37.498ms  ratio=1.04x  maxdiff=2.27e-12
n=768   packed= 120.522ms blocked= 141.228ms  ratio=0.85x  maxdiff=7.84e-12
n=1024  packed= 342.113ms blocked= 359.373ms  ratio=0.95x  maxdiff=1.34e-11
  [2m2026-06-16T01:56:10.000054Z[0m [32m INFO[0m [1;32mrch::hook[0m[32m: [32mRemote command finished: exit=0 in 193173ms[0m
    [2;3mat[0m rch/src/hook.rs:6376 [2;3mon[0m ThreadId(1)

  [2m2026-06-16T01:56:10.000338Z[0m [32m INFO[0m [1;32mrch::hook[0m[32m: [32mRetrieving build artifacts...[0m
    [2;3mat[0m rch/src/hook.rs:6425 [2;3mon[0m ThreadId(1)

  [2m2026-06-16T01:56:10.000356Z[0m [32m INFO[0m [1;32mrch::transfer[0m[32m: [32mRetrieving artifacts from /data/projects/.scratch/frankentorch-ivorydeer-clean-20260615T214904Z on vmi1149989[0m
    [2;3mat[0m rch/src/transfer.rs:2106 [2;3mon[0m ThreadId(1)

  [2m2026-06-16T01:56:12.113403Z[0m [32m INFO[0m [1;32mrch::transfer[0m[32m: [32mArtifacts retrieved in 2113ms (1 files, 1080 bytes)[0m
    [2;3mat[0m rch/src/transfer.rs:2145 [2;3mon[0m ThreadId(1)

  [2m2026-06-16T01:56:12.113434Z[0m [32m INFO[0m [1;32mrch::hook[0m[32m: [32mArtifacts retrieved: 1 files, 1080 bytes in 2113ms[0m
    [2;3mat[0m rch/src/hook.rs:6458 [2;3mon[0m ThreadId(1)

  [2m2026-06-16T01:56:12.113521Z[0m [32m INFO[0m [1;32mrch::transfer[0m[32m: [32mRetrieving artifacts from /data/projects/.scratch/frankentorch-ivorydeer-clean-20260615T214904Z/.rch-target-vmi1149989-job-29884606035534269-1781574745951018952-0 on vmi1149989[0m
    [2;3mat[0m rch/src/transfer.rs:2106 [2;3mon[0m ThreadId(1)

  [2m2026-06-16T01:56:15.833443Z[0m [32m INFO[0m [1;32mrch::transfer[0m[32m: [32mArtifacts retrieved in 3719ms (930 files, 1008808 bytes)[0m
    [2;3mat[0m rch/src/transfer.rs:2145 [2;3mon[0m ThreadId(1)

  [2m2026-06-16T01:56:15.833477Z[0m [32m INFO[0m [1;32mrch::hook[0m[32m: [32mCustom CARGO_TARGET_DIR artifacts retrieved: 930 files, 1008808 bytes in 3719ms[0m
    [2;3mat[0m rch/src/hook.rs:6582 [2;3mon[0m ThreadId(1)

[RCH] remote vmi1149989 (232.0s)
