  [2m2026-06-20T18:22:26.217672Z[0m [32m INFO[0m [1;32mrch::hook[0m[32m: [32mSelected worker: vmi1153651 at root@38.242.134.66 (0 slots remaining after reservation, speed 50.0)[0m
    [2;3mat[0m rch/src/hook.rs:921 [2;3mon[0m ThreadId(1)

  [2m2026-06-20T18:22:26.432171Z[0m [32m INFO[0m [1;32mrch::hook::transfer_orchestration[0m[32m: [32mStarting remote compilation pipeline for frankentorch-cod-b-bold-20260620T182046Z (hash: ee103c7afc6f3ad6)[0m
    [2;3mat[0m rch/src/hook/transfer_orchestration.rs:241 [2;3mon[0m ThreadId(1)

  [2m2026-06-20T18:22:26.432201Z[0m [32m INFO[0m [1;32mrch::hook::transfer_orchestration[0m[32m: [32mPrepared dependency sync manifest for 13 roots[0m
    [2;3mat[0m rch/src/hook/transfer_orchestration.rs:263 [2;3mon[0m ThreadId(1)

  [2m2026-06-20T18:22:28.241833Z[0m [32m INFO[0m [1;32mrch::hook::transfer_orchestration[0m[32m: [32mSyncing project to worker vmi1153651...[0m
    [2;3mat[0m rch/src/hook/transfer_orchestration.rs:323 [2;3mon[0m ThreadId(1)

  [2m2026-06-20T18:22:28.241901Z[0m [32m INFO[0m [1;32mrch::transfer[0m[32m: [32mSyncing /data/projects/frankentorch-cod-b-bold-20260620T182046Z -> /data/projects/frankentorch-cod-b-bold-20260620T182046Z on vmi1153651[0m
    [2;3mat[0m rch/src/transfer.rs:1528 [2;3mon[0m ThreadId(1)

  [2m2026-06-20T18:22:31.783189Z[0m [32m INFO[0m [1;32mrch::transfer[0m[32m: [32mSync completed in 3541ms[0m
    [2;3mat[0m rch/src/transfer.rs:1592 [2;3mon[0m ThreadId(1)

  [2m2026-06-20T18:22:31.783275Z[0m [32m INFO[0m [1;32mrch::transfer[0m[32m: [32mSyncing /data/projects/frankentorch-cod-b-bold-20260620T182046Z/crates/ft-api -> /data/projects/frankentorch-cod-b-bold-20260620T182046Z/crates/ft-api on vmi1153651[0m
    [2;3mat[0m rch/src/transfer.rs:1528 [2;3mon[0m ThreadId(1)

  [2m2026-06-20T18:22:33.854994Z[0m [32m INFO[0m [1;32mrch::transfer[0m[32m: [32mSync completed in 2071ms[0m
    [2;3mat[0m rch/src/transfer.rs:1592 [2;3mon[0m ThreadId(1)

  [2m2026-06-20T18:22:33.855074Z[0m [32m INFO[0m [1;32mrch::transfer[0m[32m: [32mSyncing /data/projects/frankentorch-cod-b-bold-20260620T182046Z/crates/ft-autograd -> /data/projects/frankentorch-cod-b-bold-20260620T182046Z/crates/ft-autograd on vmi1153651[0m
    [2;3mat[0m rch/src/transfer.rs:1528 [2;3mon[0m ThreadId(1)

  [2m2026-06-20T18:22:35.827482Z[0m [32m INFO[0m [1;32mrch::transfer[0m[32m: [32mSync completed in 1972ms[0m
    [2;3mat[0m rch/src/transfer.rs:1592 [2;3mon[0m ThreadId(1)

  [2m2026-06-20T18:22:35.827565Z[0m [32m INFO[0m [1;32mrch::transfer[0m[32m: [32mSyncing /data/projects/frankentorch-cod-b-bold-20260620T182046Z/crates/ft-conformance -> /data/projects/frankentorch-cod-b-bold-20260620T182046Z/crates/ft-conformance on vmi1153651[0m
    [2;3mat[0m rch/src/transfer.rs:1528 [2;3mon[0m ThreadId(1)

  [2m2026-06-20T18:22:37.775134Z[0m [32m INFO[0m [1;32mrch::transfer[0m[32m: [32mSync completed in 1947ms[0m
    [2;3mat[0m rch/src/transfer.rs:1592 [2;3mon[0m ThreadId(1)

  [2m2026-06-20T18:22:37.775224Z[0m [32m INFO[0m [1;32mrch::transfer[0m[32m: [32mSyncing /data/projects/frankentorch-cod-b-bold-20260620T182046Z/crates/ft-core -> /data/projects/frankentorch-cod-b-bold-20260620T182046Z/crates/ft-core on vmi1153651[0m
    [2;3mat[0m rch/src/transfer.rs:1528 [2;3mon[0m ThreadId(1)

  [2m2026-06-20T18:22:39.650493Z[0m [32m INFO[0m [1;32mrch::transfer[0m[32m: [32mSync completed in 1875ms[0m
    [2;3mat[0m rch/src/transfer.rs:1592 [2;3mon[0m ThreadId(1)

  [2m2026-06-20T18:22:39.650578Z[0m [32m INFO[0m [1;32mrch::transfer[0m[32m: [32mSyncing /data/projects/frankentorch-cod-b-bold-20260620T182046Z/crates/ft-data -> /data/projects/frankentorch-cod-b-bold-20260620T182046Z/crates/ft-data on vmi1153651[0m
    [2;3mat[0m rch/src/transfer.rs:1528 [2;3mon[0m ThreadId(1)

  [2m2026-06-20T18:22:41.539746Z[0m [32m INFO[0m [1;32mrch::transfer[0m[32m: [32mSync completed in 1889ms[0m
    [2;3mat[0m rch/src/transfer.rs:1592 [2;3mon[0m ThreadId(1)

  [2m2026-06-20T18:22:41.539831Z[0m [32m INFO[0m [1;32mrch::transfer[0m[32m: [32mSyncing /data/projects/frankentorch-cod-b-bold-20260620T182046Z/crates/ft-device -> /data/projects/frankentorch-cod-b-bold-20260620T182046Z/crates/ft-device on vmi1153651[0m
    [2;3mat[0m rch/src/transfer.rs:1528 [2;3mon[0m ThreadId(1)

  [2m2026-06-20T18:22:43.546585Z[0m [32m INFO[0m [1;32mrch::transfer[0m[32m: [32mSync completed in 2006ms[0m
    [2;3mat[0m rch/src/transfer.rs:1592 [2;3mon[0m ThreadId(1)

  [2m2026-06-20T18:22:43.546677Z[0m [32m INFO[0m [1;32mrch::transfer[0m[32m: [32mSyncing /data/projects/frankentorch-cod-b-bold-20260620T182046Z/crates/ft-dispatch -> /data/projects/frankentorch-cod-b-bold-20260620T182046Z/crates/ft-dispatch on vmi1153651[0m
    [2;3mat[0m rch/src/transfer.rs:1528 [2;3mon[0m ThreadId(1)

  [2m2026-06-20T18:22:45.376546Z[0m [32m INFO[0m [1;32mrch::transfer[0m[32m: [32mSync completed in 1829ms[0m
    [2;3mat[0m rch/src/transfer.rs:1592 [2;3mon[0m ThreadId(1)

  [2m2026-06-20T18:22:45.376625Z[0m [32m INFO[0m [1;32mrch::transfer[0m[32m: [32mSyncing /data/projects/frankentorch-cod-b-bold-20260620T182046Z/crates/ft-kernel-cpu -> /data/projects/frankentorch-cod-b-bold-20260620T182046Z/crates/ft-kernel-cpu on vmi1153651[0m
    [2;3mat[0m rch/src/transfer.rs:1528 [2;3mon[0m ThreadId(1)

  [2m2026-06-20T18:22:47.308147Z[0m [32m INFO[0m [1;32mrch::transfer[0m[32m: [32mSync completed in 1931ms[0m
    [2;3mat[0m rch/src/transfer.rs:1592 [2;3mon[0m ThreadId(1)

  [2m2026-06-20T18:22:47.308223Z[0m [32m INFO[0m [1;32mrch::transfer[0m[32m: [32mSyncing /data/projects/frankentorch-cod-b-bold-20260620T182046Z/crates/ft-nn -> /data/projects/frankentorch-cod-b-bold-20260620T182046Z/crates/ft-nn on vmi1153651[0m
    [2;3mat[0m rch/src/transfer.rs:1528 [2;3mon[0m ThreadId(1)

  [2m2026-06-20T18:22:49.226816Z[0m [32m INFO[0m [1;32mrch::transfer[0m[32m: [32mSync completed in 1918ms[0m
    [2;3mat[0m rch/src/transfer.rs:1592 [2;3mon[0m ThreadId(1)

  [2m2026-06-20T18:22:49.226894Z[0m [32m INFO[0m [1;32mrch::transfer[0m[32m: [32mSyncing /data/projects/frankentorch-cod-b-bold-20260620T182046Z/crates/ft-optim -> /data/projects/frankentorch-cod-b-bold-20260620T182046Z/crates/ft-optim on vmi1153651[0m
    [2;3mat[0m rch/src/transfer.rs:1528 [2;3mon[0m ThreadId(1)

  [2m2026-06-20T18:22:51.237736Z[0m [32m INFO[0m [1;32mrch::transfer[0m[32m: [32mSync completed in 2010ms[0m
    [2;3mat[0m rch/src/transfer.rs:1592 [2;3mon[0m ThreadId(1)

  [2m2026-06-20T18:22:51.237820Z[0m [32m INFO[0m [1;32mrch::transfer[0m[32m: [32mSyncing /data/projects/frankentorch-cod-b-bold-20260620T182046Z/crates/ft-runtime -> /data/projects/frankentorch-cod-b-bold-20260620T182046Z/crates/ft-runtime on vmi1153651[0m
    [2;3mat[0m rch/src/transfer.rs:1528 [2;3mon[0m ThreadId(1)

  [2m2026-06-20T18:22:54.357041Z[0m [32m INFO[0m [1;32mrch::transfer[0m[32m: [32mSync completed in 3119ms[0m
    [2;3mat[0m rch/src/transfer.rs:1592 [2;3mon[0m ThreadId(1)

  [2m2026-06-20T18:22:54.357117Z[0m [32m INFO[0m [1;32mrch::transfer[0m[32m: [32mSyncing /data/projects/frankentorch-cod-b-bold-20260620T182046Z/crates/ft-serialize -> /data/projects/frankentorch-cod-b-bold-20260620T182046Z/crates/ft-serialize on vmi1153651[0m
    [2;3mat[0m rch/src/transfer.rs:1528 [2;3mon[0m ThreadId(1)

  [2m2026-06-20T18:22:56.350481Z[0m [32m INFO[0m [1;32mrch::transfer[0m[32m: [32mSync completed in 1993ms[0m
    [2;3mat[0m rch/src/transfer.rs:1592 [2;3mon[0m ThreadId(1)

  [2m2026-06-20T18:22:56.350513Z[0m [32m INFO[0m [1;32mrch::hook::transfer_orchestration[0m[32m: [32mSync complete: 4391 files, 8488472 bytes in 28101ms[0m
    [2;3mat[0m rch/src/hook/transfer_orchestration.rs:486 [2;3mon[0m ThreadId(1)

  [2m2026-06-20T18:23:08.182887Z[0m [32m INFO[0m [1;32mrch::hook::transfer_orchestration[0m[32m: [32mExecuting command remotely: cargo bench -p ft-api --bench ops_bench --profile release -- rms_norm/grad_2048x1024 --sample-size 10 --warm-up-time 1 --measurement-time 3 --noplot[0m
    [2;3mat[0m rch/src/hook/transfer_orchestration.rs:529 [2;3mon[0m ThreadId(1)

  [2m2026-06-20T18:23:08.182974Z[0m [32m INFO[0m [1;32mrch::transfer[0m[32m: [32mRewriting CARGO_TARGET_DIR for remote execution (worker-scoped path): /data/projects/.rch-targets/frankentorch-cod-b -> /data/projects/frankentorch-cod-b-bold-20260620T182046Z/.rch-target-vmi1153651-pool-b5d55faa98b5bcdf52fac4df6807851c[0m
    [2;3mat[0m rch/src/transfer.rs:799 [2;3mon[0m ThreadId(1)

    Updating crates.io index
 Downloading crates ...
  Downloaded anes v0.1.6
  Downloaded cast v0.3.0
  Downloaded anstyle v1.0.14
  Downloaded bytemuck_derive v1.10.2
  Downloaded cfg-if v1.0.4
  Downloaded ciborium-ll v0.2.2
  Downloaded autocfg v1.5.0
  Downloaded ciborium v0.2.2
  Downloaded clap_lex v1.1.0
  Downloaded itoa v1.0.18
  Downloaded rawpointer v0.2.1
  Downloaded bytemuck v1.25.0
  Downloaded plotters-svg v0.3.7
  Downloaded criterion-plot v0.5.0
  Downloaded either v1.15.0
  Downloaded is-terminal v0.4.17
  Downloaded crossbeam-deque v0.8.6
  Downloaded crossbeam-epoch v0.9.18
  Downloaded half v2.7.1
  Downloaded matrixmultiply v0.3.10
  Downloaded oorandom v11.1.5
  Downloaded unicode-ident v1.0.24
  Downloaded aho-corasick v1.1.4
  Downloaded crossbeam-utils v0.8.21
  Downloaded num-traits v0.2.19
  Downloaded serde v1.0.228
  Downloaded ciborium-io v0.2.2
  Downloaded clap_builder v4.6.0
  Downloaded criterion v0.5.1
  Downloaded itertools v0.10.5
  Downloaded serde_json v1.0.149
  Downloaded regex v1.12.3
  Downloaded zerocopy-derive v0.8.48
  Downloaded zmij v1.0.21
  Downloaded clap v4.6.1
  Downloaded zerocopy v0.8.48
  Downloaded same-file v1.0.6
  Downloaded tinytemplate v1.2.1
  Downloaded plotters-backend v0.3.7
  Downloaded once_cell v1.21.4
  Downloaded walkdir v2.5.0
  Downloaded proc-macro2 v1.0.106
  Downloaded quote v1.0.45
  Downloaded regex-syntax v0.8.10
  Downloaded serde_core v1.0.228
  Downloaded serde_derive v1.0.228
  Downloaded syn v2.0.117
  Downloaded rayon-core v1.13.0
  Downloaded safe_arch v0.7.4
  Downloaded num-complex v0.4.6
  Downloaded memchr v2.8.0
  Downloaded wide v0.7.33
  Downloaded plotters v0.3.7
  Downloaded libm v0.2.16
  Downloaded rayon v1.12.0
  Downloaded regex-automata v0.4.14
  Downloaded libc v0.2.185
   Compiling proc-macro2 v1.0.106
   Compiling quote v1.0.45
   Compiling unicode-ident v1.0.24
   Compiling autocfg v1.5.0
   Compiling zerocopy v0.8.48
   Compiling crossbeam-utils v0.8.21
   Compiling cfg-if v1.0.4
   Compiling either v1.15.0
   Compiling rayon-core v1.13.0
   Compiling serde_core v1.0.228
   Compiling libm v0.2.16
   Compiling zmij v1.0.21
   Compiling rawpointer v0.2.1
   Compiling serde v1.0.228
   Compiling libc v0.2.185
   Compiling serde_json v1.0.149
   Compiling clap_lex v1.1.0
   Compiling num-traits v0.2.19
   Compiling matrixmultiply v0.3.10
   Compiling anstyle v1.0.14
   Compiling memchr v2.8.0
   Compiling itoa v1.0.18
   Compiling crossbeam-epoch v0.9.18
   Compiling regex-syntax v0.8.10
   Compiling syn v2.0.117
   Compiling plotters-backend v0.3.7
   Compiling ciborium-io v0.2.2
   Compiling crossbeam-deque v0.8.6
   Compiling plotters-svg v0.3.7
   Compiling clap_builder v4.6.0
   Compiling num-complex v0.4.6
   Compiling itertools v0.10.5
   Compiling rayon v1.12.0
   Compiling regex-automata v0.4.14
   Compiling same-file v1.0.6
   Compiling cast v0.3.0
   Compiling walkdir v2.5.0
   Compiling criterion-plot v0.5.0
   Compiling clap v4.6.1
   Compiling is-terminal v0.4.17
   Compiling plotters v0.3.7
   Compiling anes v0.1.6
   Compiling oorandom v11.1.5
   Compiling once_cell v1.21.4
   Compiling bytemuck_derive v1.10.2
   Compiling zerocopy-derive v0.8.48
   Compiling serde_derive v1.0.228
   Compiling regex v1.12.3
   Compiling bytemuck v1.25.0
   Compiling safe_arch v0.7.4
   Compiling wide v0.7.33
   Compiling tinytemplate v1.2.1
   Compiling half v2.7.1
   Compiling ft-core v0.1.0 (/data/projects/frankentorch-cod-b-bold-20260620T182046Z/crates/ft-core)
   Compiling ciborium-ll v0.2.2
   Compiling ciborium v0.2.2
   Compiling ft-kernel-cpu v0.1.0 (/data/projects/frankentorch-cod-b-bold-20260620T182046Z/crates/ft-kernel-cpu)
   Compiling ft-runtime v0.1.0 (/data/projects/frankentorch-cod-b-bold-20260620T182046Z/crates/ft-runtime)
   Compiling criterion v0.5.1
   Compiling ft-dispatch v0.1.0 (/data/projects/frankentorch-cod-b-bold-20260620T182046Z/crates/ft-dispatch)
   Compiling ft-autograd v0.1.0 (/data/projects/frankentorch-cod-b-bold-20260620T182046Z/crates/ft-autograd)
   Compiling ft-api v0.1.0 (/data/projects/frankentorch-cod-b-bold-20260620T182046Z/crates/ft-api)
    Finished `release` profile [optimized] target(s) in 3m 57s
     Running benches/ops_bench.rs (.rch-target-vmi1153651-pool-b5d55faa98b5bcdf52fac4df6807851c/release/deps/ops_bench-f346db443111867a)
Gnuplot not found, using plotters backend
Benchmarking rms_norm/grad_2048x1024
Benchmarking rms_norm/grad_2048x1024: Warming up for 1.0000 s

Warning: Unable to complete 10 samples in 3.0s. You may wish to increase target time to 3.0s or enable flat sampling.
Benchmarking rms_norm/grad_2048x1024: Collecting 10 samples in estimated 3.0114 s (55 iterations)
Benchmarking rms_norm/grad_2048x1024: Analyzing
rms_norm/grad_2048x1024 time:   [51.215 ms 59.289 ms 67.477 ms]
Found 1 outliers among 10 measurements (10.00%)
  1 (10.00%) high mild

  [2m2026-06-20T18:27:15.275955Z[0m [32m INFO[0m [1;32mrch::hook::transfer_orchestration[0m[32m: [32mRemote command finished: exit=0 in 247092ms[0m
    [2;3mat[0m rch/src/hook/transfer_orchestration.rs:653 [2;3mon[0m ThreadId(1)

  [2m2026-06-20T18:27:15.276436Z[0m [32m INFO[0m [1;32mrch::hook::transfer_orchestration[0m[32m: [32mRetrieving build artifacts...[0m
    [2;3mat[0m rch/src/hook/transfer_orchestration.rs:702 [2;3mon[0m ThreadId(1)

  [2m2026-06-20T18:27:15.276484Z[0m [32m INFO[0m [1;32mrch::transfer[0m[32m: [32mRetrieving artifacts from /data/projects/frankentorch-cod-b-bold-20260620T182046Z on vmi1153651[0m
    [2;3mat[0m rch/src/transfer.rs:2246 [2;3mon[0m ThreadId(1)

  [2m2026-06-20T18:27:17.410691Z[0m [32m INFO[0m [1;32mrch::transfer[0m[32m: [32mArtifacts retrieved in 2134ms (1 files, 1180 bytes)[0m
    [2;3mat[0m rch/src/transfer.rs:2301 [2;3mon[0m ThreadId(1)

  [2m2026-06-20T18:27:17.410716Z[0m [32m INFO[0m [1;32mrch::hook::transfer_orchestration[0m[32m: [32mArtifacts retrieved: 1 files, 1180 bytes in 2134ms[0m
    [2;3mat[0m rch/src/hook/transfer_orchestration.rs:735 [2;3mon[0m ThreadId(1)

  [2m2026-06-20T18:27:17.410827Z[0m [32m INFO[0m [1;32mrch::transfer[0m[32m: [32mRetrieving artifacts from /data/projects/frankentorch-cod-b-bold-20260620T182046Z/.rch-target-vmi1153651-pool-b5d55faa98b5bcdf52fac4df6807851c on vmi1153651[0m
    [2;3mat[0m rch/src/transfer.rs:2246 [2;3mon[0m ThreadId(1)

  [2m2026-06-20T18:27:19.512696Z[0m [32m INFO[0m [1;32mrch::transfer[0m[32m: [32mArtifacts retrieved in 2101ms (14 files, 614 bytes)[0m
    [2;3mat[0m rch/src/transfer.rs:2301 [2;3mon[0m ThreadId(1)

  [2m2026-06-20T18:27:19.512720Z[0m [32m INFO[0m [1;32mrch::hook::transfer_orchestration[0m[32m: [32mCustom CARGO_TARGET_DIR artifacts retrieved: 14 files, 614 bytes in 2101ms[0m
    [2;3mat[0m rch/src/hook/transfer_orchestration.rs:859 [2;3mon[0m ThreadId(1)

[RCH] remote vmi1153651 (293.3s)
