  [2m2026-06-20T18:27:33.399864Z[0m [32m INFO[0m [1;32mrch::hook[0m[32m: [32mSelected worker: vmi1153651 at root@38.242.134.66 (0 slots remaining after reservation, speed 50.0)[0m
    [2;3mat[0m rch/src/hook.rs:921 [2;3mon[0m ThreadId(1)

  [2m2026-06-20T18:27:33.669978Z[0m [32m INFO[0m [1;32mrch::hook::transfer_orchestration[0m[32m: [32mStarting remote compilation pipeline for frankentorch-cod-b-bold-20260620T182046Z (hash: ee103c7afc6f3ad6)[0m
    [2;3mat[0m rch/src/hook/transfer_orchestration.rs:241 [2;3mon[0m ThreadId(1)

  [2m2026-06-20T18:27:33.670023Z[0m [32m INFO[0m [1;32mrch::hook::transfer_orchestration[0m[32m: [32mPrepared dependency sync manifest for 13 roots[0m
    [2;3mat[0m rch/src/hook/transfer_orchestration.rs:263 [2;3mon[0m ThreadId(1)

  [2m2026-06-20T18:27:35.871748Z[0m [32m INFO[0m [1;32mrch::hook::transfer_orchestration[0m[32m: [32mSyncing project to worker vmi1153651...[0m
    [2;3mat[0m rch/src/hook/transfer_orchestration.rs:323 [2;3mon[0m ThreadId(1)

  [2m2026-06-20T18:27:35.871794Z[0m [32m INFO[0m [1;32mrch::transfer[0m[32m: [32mSyncing /data/projects/frankentorch-cod-b-bold-20260620T182046Z -> /data/projects/frankentorch-cod-b-bold-20260620T182046Z on vmi1153651[0m
    [2;3mat[0m rch/src/transfer.rs:1528 [2;3mon[0m ThreadId(1)

  [2m2026-06-20T18:27:39.269239Z[0m [32m INFO[0m [1;32mrch::transfer[0m[32m: [32mSync completed in 3397ms[0m
    [2;3mat[0m rch/src/transfer.rs:1592 [2;3mon[0m ThreadId(1)

  [2m2026-06-20T18:27:39.269310Z[0m [32m INFO[0m [1;32mrch::transfer[0m[32m: [32mSyncing /data/projects/frankentorch-cod-b-bold-20260620T182046Z/crates/ft-api -> /data/projects/frankentorch-cod-b-bold-20260620T182046Z/crates/ft-api on vmi1153651[0m
    [2;3mat[0m rch/src/transfer.rs:1528 [2;3mon[0m ThreadId(1)

  [2m2026-06-20T18:27:41.480627Z[0m [32m INFO[0m [1;32mrch::transfer[0m[32m: [32mSync completed in 2211ms[0m
    [2;3mat[0m rch/src/transfer.rs:1592 [2;3mon[0m ThreadId(1)

  [2m2026-06-20T18:27:41.480743Z[0m [32m INFO[0m [1;32mrch::transfer[0m[32m: [32mSyncing /data/projects/frankentorch-cod-b-bold-20260620T182046Z/crates/ft-autograd -> /data/projects/frankentorch-cod-b-bold-20260620T182046Z/crates/ft-autograd on vmi1153651[0m
    [2;3mat[0m rch/src/transfer.rs:1528 [2;3mon[0m ThreadId(1)

  [2m2026-06-20T18:27:43.978998Z[0m [32m INFO[0m [1;32mrch::transfer[0m[32m: [32mSync completed in 2498ms[0m
    [2;3mat[0m rch/src/transfer.rs:1592 [2;3mon[0m ThreadId(1)

  [2m2026-06-20T18:27:43.979079Z[0m [32m INFO[0m [1;32mrch::transfer[0m[32m: [32mSyncing /data/projects/frankentorch-cod-b-bold-20260620T182046Z/crates/ft-conformance -> /data/projects/frankentorch-cod-b-bold-20260620T182046Z/crates/ft-conformance on vmi1153651[0m
    [2;3mat[0m rch/src/transfer.rs:1528 [2;3mon[0m ThreadId(1)

  [2m2026-06-20T18:27:46.067022Z[0m [32m INFO[0m [1;32mrch::transfer[0m[32m: [32mSync completed in 2087ms[0m
    [2;3mat[0m rch/src/transfer.rs:1592 [2;3mon[0m ThreadId(1)

  [2m2026-06-20T18:27:46.067091Z[0m [32m INFO[0m [1;32mrch::transfer[0m[32m: [32mSyncing /data/projects/frankentorch-cod-b-bold-20260620T182046Z/crates/ft-core -> /data/projects/frankentorch-cod-b-bold-20260620T182046Z/crates/ft-core on vmi1153651[0m
    [2;3mat[0m rch/src/transfer.rs:1528 [2;3mon[0m ThreadId(1)

  [2m2026-06-20T18:27:48.444864Z[0m [32m INFO[0m [1;32mrch::transfer[0m[32m: [32mSync completed in 2377ms[0m
    [2;3mat[0m rch/src/transfer.rs:1592 [2;3mon[0m ThreadId(1)

  [2m2026-06-20T18:27:48.444957Z[0m [32m INFO[0m [1;32mrch::transfer[0m[32m: [32mSyncing /data/projects/frankentorch-cod-b-bold-20260620T182046Z/crates/ft-data -> /data/projects/frankentorch-cod-b-bold-20260620T182046Z/crates/ft-data on vmi1153651[0m
    [2;3mat[0m rch/src/transfer.rs:1528 [2;3mon[0m ThreadId(1)

  [2m2026-06-20T18:27:50.364549Z[0m [32m INFO[0m [1;32mrch::transfer[0m[32m: [32mSync completed in 1919ms[0m
    [2;3mat[0m rch/src/transfer.rs:1592 [2;3mon[0m ThreadId(1)

  [2m2026-06-20T18:27:50.364642Z[0m [32m INFO[0m [1;32mrch::transfer[0m[32m: [32mSyncing /data/projects/frankentorch-cod-b-bold-20260620T182046Z/crates/ft-device -> /data/projects/frankentorch-cod-b-bold-20260620T182046Z/crates/ft-device on vmi1153651[0m
    [2;3mat[0m rch/src/transfer.rs:1528 [2;3mon[0m ThreadId(1)

  [2m2026-06-20T18:27:52.454031Z[0m [32m INFO[0m [1;32mrch::transfer[0m[32m: [32mSync completed in 2089ms[0m
    [2;3mat[0m rch/src/transfer.rs:1592 [2;3mon[0m ThreadId(1)

  [2m2026-06-20T18:27:52.454121Z[0m [32m INFO[0m [1;32mrch::transfer[0m[32m: [32mSyncing /data/projects/frankentorch-cod-b-bold-20260620T182046Z/crates/ft-dispatch -> /data/projects/frankentorch-cod-b-bold-20260620T182046Z/crates/ft-dispatch on vmi1153651[0m
    [2;3mat[0m rch/src/transfer.rs:1528 [2;3mon[0m ThreadId(1)

  [2m2026-06-20T18:27:54.462004Z[0m [32m INFO[0m [1;32mrch::transfer[0m[32m: [32mSync completed in 2007ms[0m
    [2;3mat[0m rch/src/transfer.rs:1592 [2;3mon[0m ThreadId(1)

  [2m2026-06-20T18:27:54.462074Z[0m [32m INFO[0m [1;32mrch::transfer[0m[32m: [32mSyncing /data/projects/frankentorch-cod-b-bold-20260620T182046Z/crates/ft-kernel-cpu -> /data/projects/frankentorch-cod-b-bold-20260620T182046Z/crates/ft-kernel-cpu on vmi1153651[0m
    [2;3mat[0m rch/src/transfer.rs:1528 [2;3mon[0m ThreadId(1)

  [2m2026-06-20T18:27:56.429815Z[0m [32m INFO[0m [1;32mrch::transfer[0m[32m: [32mSync completed in 1967ms[0m
    [2;3mat[0m rch/src/transfer.rs:1592 [2;3mon[0m ThreadId(1)

  [2m2026-06-20T18:27:56.429890Z[0m [32m INFO[0m [1;32mrch::transfer[0m[32m: [32mSyncing /data/projects/frankentorch-cod-b-bold-20260620T182046Z/crates/ft-nn -> /data/projects/frankentorch-cod-b-bold-20260620T182046Z/crates/ft-nn on vmi1153651[0m
    [2;3mat[0m rch/src/transfer.rs:1528 [2;3mon[0m ThreadId(1)

  [2m2026-06-20T18:27:58.369845Z[0m [32m INFO[0m [1;32mrch::transfer[0m[32m: [32mSync completed in 1939ms[0m
    [2;3mat[0m rch/src/transfer.rs:1592 [2;3mon[0m ThreadId(1)

  [2m2026-06-20T18:27:58.369917Z[0m [32m INFO[0m [1;32mrch::transfer[0m[32m: [32mSyncing /data/projects/frankentorch-cod-b-bold-20260620T182046Z/crates/ft-optim -> /data/projects/frankentorch-cod-b-bold-20260620T182046Z/crates/ft-optim on vmi1153651[0m
    [2;3mat[0m rch/src/transfer.rs:1528 [2;3mon[0m ThreadId(1)

  [2m2026-06-20T18:28:00.343417Z[0m [32m INFO[0m [1;32mrch::transfer[0m[32m: [32mSync completed in 1973ms[0m
    [2;3mat[0m rch/src/transfer.rs:1592 [2;3mon[0m ThreadId(1)

  [2m2026-06-20T18:28:00.343484Z[0m [32m INFO[0m [1;32mrch::transfer[0m[32m: [32mSyncing /data/projects/frankentorch-cod-b-bold-20260620T182046Z/crates/ft-runtime -> /data/projects/frankentorch-cod-b-bold-20260620T182046Z/crates/ft-runtime on vmi1153651[0m
    [2;3mat[0m rch/src/transfer.rs:1528 [2;3mon[0m ThreadId(1)

  [2m2026-06-20T18:28:02.604990Z[0m [32m INFO[0m [1;32mrch::transfer[0m[32m: [32mSync completed in 2261ms[0m
    [2;3mat[0m rch/src/transfer.rs:1592 [2;3mon[0m ThreadId(1)

  [2m2026-06-20T18:28:02.605072Z[0m [32m INFO[0m [1;32mrch::transfer[0m[32m: [32mSyncing /data/projects/frankentorch-cod-b-bold-20260620T182046Z/crates/ft-serialize -> /data/projects/frankentorch-cod-b-bold-20260620T182046Z/crates/ft-serialize on vmi1153651[0m
    [2;3mat[0m rch/src/transfer.rs:1528 [2;3mon[0m ThreadId(1)

  [2m2026-06-20T18:28:05.148132Z[0m [32m INFO[0m [1;32mrch::transfer[0m[32m: [32mSync completed in 2543ms[0m
    [2;3mat[0m rch/src/transfer.rs:1592 [2;3mon[0m ThreadId(1)

  [2m2026-06-20T18:28:05.148170Z[0m [32m INFO[0m [1;32mrch::hook::transfer_orchestration[0m[32m: [32mSync complete: 4392 files, 189741 bytes in 29268ms[0m
    [2;3mat[0m rch/src/hook/transfer_orchestration.rs:486 [2;3mon[0m ThreadId(1)

  [2m2026-06-20T18:28:12.883514Z[0m [32m INFO[0m [1;32mrch::hook::transfer_orchestration[0m[32m: [32mExecuting command remotely: cargo bench -p ft-api --bench ops_bench --profile release -- rms_norm/grad_2048x1024 --sample-size 10 --warm-up-time 1 --measurement-time 3 --noplot[0m
    [2;3mat[0m rch/src/hook/transfer_orchestration.rs:529 [2;3mon[0m ThreadId(1)

  [2m2026-06-20T18:28:12.883573Z[0m [32m INFO[0m [1;32mrch::transfer[0m[32m: [32mRewriting CARGO_TARGET_DIR for remote execution (worker-scoped path): /data/projects/.rch-targets/frankentorch-cod-b -> /data/projects/frankentorch-cod-b-bold-20260620T182046Z/.rch-target-vmi1153651-pool-b5d55faa98b5bcdf52fac4df6807851c[0m
    [2;3mat[0m rch/src/transfer.rs:799 [2;3mon[0m ThreadId(1)

    Updating crates.io index
 Downloading crates ...
  Downloaded bytemuck_derive v1.10.2
  Downloaded anstyle v1.0.14
  Downloaded bytemuck v1.25.0
  Downloaded anes v0.1.6
  Downloaded autocfg v1.5.0
  Downloaded crossbeam-deque v0.8.6
  Downloaded once_cell v1.21.4
  Downloaded crossbeam-epoch v0.9.18
  Downloaded itoa v1.0.18
  Downloaded ciborium v0.2.2
  Downloaded is-terminal v0.4.17
  Downloaded criterion-plot v0.5.0
  Downloaded clap_lex v1.1.0
  Downloaded itertools v0.10.5
  Downloaded crossbeam-utils v0.8.21
  Downloaded num-complex v0.4.6
  Downloaded serde_json v1.0.149
  Downloaded tinytemplate v1.2.1
  Downloaded matrixmultiply v0.3.10
  Downloaded plotters-backend v0.3.7
  Downloaded plotters-svg v0.3.7
  Downloaded rawpointer v0.2.1
  Downloaded cfg-if v1.0.4
  Downloaded ciborium-ll v0.2.2
  Downloaded rayon-core v1.13.0
  Downloaded same-file v1.0.6
  Downloaded serde v1.0.228
  Downloaded walkdir v2.5.0
  Downloaded zmij v1.0.21
  Downloaded cast v0.3.0
  Downloaded ciborium-io v0.2.2
  Downloaded either v1.15.0
  Downloaded wide v0.7.33
  Downloaded zerocopy-derive v0.8.48
  Downloaded half v2.7.1
  Downloaded num-traits v0.2.19
  Downloaded unicode-ident v1.0.24
  Downloaded serde_derive v1.0.228
  Downloaded safe_arch v0.7.4
  Downloaded serde_core v1.0.228
  Downloaded oorandom v11.1.5
  Downloaded memchr v2.8.0
  Downloaded libm v0.2.16
  Downloaded proc-macro2 v1.0.106
  Downloaded regex v1.12.3
  Downloaded clap_builder v4.6.0
  Downloaded criterion v0.5.1
  Downloaded plotters v0.3.7
  Downloaded aho-corasick v1.1.4
  Downloaded syn v2.0.117
  Downloaded regex-syntax v0.8.10
  Downloaded zerocopy v0.8.48
  Downloaded libc v0.2.185
  Downloaded rayon v1.12.0
  Downloaded quote v1.0.45
  Downloaded regex-automata v0.4.14
  Downloaded clap v4.6.1
   Compiling proc-macro2 v1.0.106
   Compiling quote v1.0.45
   Compiling unicode-ident v1.0.24
   Compiling autocfg v1.5.0
   Compiling zerocopy v0.8.48
   Compiling crossbeam-utils v0.8.21
   Compiling cfg-if v1.0.4
   Compiling rayon-core v1.13.0
   Compiling either v1.15.0
   Compiling serde_core v1.0.228
   Compiling libm v0.2.16
   Compiling zmij v1.0.21
   Compiling rawpointer v0.2.1
   Compiling serde v1.0.228
   Compiling serde_json v1.0.149
   Compiling libc v0.2.185
   Compiling ciborium-io v0.2.2
   Compiling itoa v1.0.18
   Compiling plotters-backend v0.3.7
   Compiling regex-syntax v0.8.10
   Compiling num-traits v0.2.19
   Compiling matrixmultiply v0.3.10
   Compiling clap_lex v1.1.0
   Compiling anstyle v1.0.14
   Compiling crossbeam-epoch v0.9.18
   Compiling syn v2.0.117
   Compiling memchr v2.8.0
   Compiling clap_builder v4.6.0
   Compiling crossbeam-deque v0.8.6
   Compiling num-complex v0.4.6
   Compiling rayon v1.12.0
   Compiling regex-automata v0.4.14
   Compiling plotters-svg v0.3.7
   Compiling itertools v0.10.5
   Compiling same-file v1.0.6
   Compiling cast v0.3.0
   Compiling walkdir v2.5.0
   Compiling clap v4.6.1
   Compiling plotters v0.3.7
   Compiling is-terminal v0.4.17
   Compiling once_cell v1.21.4
   Compiling oorandom v11.1.5
   Compiling anes v0.1.6
   Compiling criterion-plot v0.5.0
   Compiling bytemuck_derive v1.10.2
   Compiling zerocopy-derive v0.8.48
   Compiling serde_derive v1.0.228
   Compiling regex v1.12.3
   Compiling bytemuck v1.25.0
   Compiling safe_arch v0.7.4
   Compiling wide v0.7.33
   Compiling tinytemplate v1.2.1
   Compiling half v2.7.1
   Compiling ft-core v0.1.0 (/data/projects/frankentorch-cod-b-bold-20260620T182046Z/crates/ft-core)
   Compiling ciborium-ll v0.2.2
   Compiling ciborium v0.2.2
   Compiling ft-kernel-cpu v0.1.0 (/data/projects/frankentorch-cod-b-bold-20260620T182046Z/crates/ft-kernel-cpu)
   Compiling ft-runtime v0.1.0 (/data/projects/frankentorch-cod-b-bold-20260620T182046Z/crates/ft-runtime)
   Compiling criterion v0.5.1
   Compiling ft-dispatch v0.1.0 (/data/projects/frankentorch-cod-b-bold-20260620T182046Z/crates/ft-dispatch)
   Compiling ft-autograd v0.1.0 (/data/projects/frankentorch-cod-b-bold-20260620T182046Z/crates/ft-autograd)
   Compiling ft-api v0.1.0 (/data/projects/frankentorch-cod-b-bold-20260620T182046Z/crates/ft-api)
    Finished `release` profile [optimized] target(s) in 3m 38s
     Running benches/ops_bench.rs (.rch-target-vmi1153651-pool-b5d55faa98b5bcdf52fac4df6807851c/release/deps/ops_bench-f346db443111867a)
Gnuplot not found, using plotters backend
Benchmarking rms_norm/grad_2048x1024
Benchmarking rms_norm/grad_2048x1024: Warming up for 1.0000 s

Warning: Unable to complete 10 samples in 3.0s. You may wish to increase target time to 4.4s or enable flat sampling.
Benchmarking rms_norm/grad_2048x1024: Collecting 10 samples in estimated 4.3712 s (55 iterations)
Benchmarking rms_norm/grad_2048x1024: Analyzing
rms_norm/grad_2048x1024 time:   [52.546 ms 58.407 ms 64.377 ms]
                        change: [-8.3699% +4.5426% +18.757%] (p = 0.55 > 0.05)
                        No change in performance detected.

  [2m2026-06-20T18:31:59.817429Z[0m [32m INFO[0m [1;32mrch::hook::transfer_orchestration[0m[32m: [32mRemote command finished: exit=0 in 226933ms[0m
    [2;3mat[0m rch/src/hook/transfer_orchestration.rs:653 [2;3mon[0m ThreadId(1)

  [2m2026-06-20T18:31:59.817666Z[0m [32m INFO[0m [1;32mrch::hook::transfer_orchestration[0m[32m: [32mRetrieving build artifacts...[0m
    [2;3mat[0m rch/src/hook/transfer_orchestration.rs:702 [2;3mon[0m ThreadId(1)

  [2m2026-06-20T18:31:59.817688Z[0m [32m INFO[0m [1;32mrch::transfer[0m[32m: [32mRetrieving artifacts from /data/projects/frankentorch-cod-b-bold-20260620T182046Z on vmi1153651[0m
    [2;3mat[0m rch/src/transfer.rs:2246 [2;3mon[0m ThreadId(1)

  [2m2026-06-20T18:32:04.366584Z[0m [32m INFO[0m [1;32mrch::transfer[0m[32m: [32mArtifacts retrieved in 4548ms (1 files, 1180 bytes)[0m
    [2;3mat[0m rch/src/transfer.rs:2301 [2;3mon[0m ThreadId(1)

  [2m2026-06-20T18:32:04.366609Z[0m [32m INFO[0m [1;32mrch::hook::transfer_orchestration[0m[32m: [32mArtifacts retrieved: 1 files, 1180 bytes in 4548ms[0m
    [2;3mat[0m rch/src/hook/transfer_orchestration.rs:735 [2;3mon[0m ThreadId(1)

  [2m2026-06-20T18:32:04.366728Z[0m [32m INFO[0m [1;32mrch::transfer[0m[32m: [32mRetrieving artifacts from /data/projects/frankentorch-cod-b-bold-20260620T182046Z/.rch-target-vmi1153651-pool-b5d55faa98b5bcdf52fac4df6807851c on vmi1153651[0m
    [2;3mat[0m rch/src/transfer.rs:2246 [2;3mon[0m ThreadId(1)

  [2m2026-06-20T18:32:06.945821Z[0m [32m INFO[0m [1;32mrch::transfer[0m[32m: [32mArtifacts retrieved in 2579ms (16 files, 623 bytes)[0m
    [2;3mat[0m rch/src/transfer.rs:2301 [2;3mon[0m ThreadId(1)

  [2m2026-06-20T18:32:06.945841Z[0m [32m INFO[0m [1;32mrch::hook::transfer_orchestration[0m[32m: [32mCustom CARGO_TARGET_DIR artifacts retrieved: 16 files, 623 bytes in 2579ms[0m
    [2;3mat[0m rch/src/hook/transfer_orchestration.rs:859 [2;3mon[0m ThreadId(1)

[RCH] remote vmi1153651 (273.5s)
