   Compiling ft-kernel-cpu v0.1.0 (/data/projects/frankentorch/crates/ft-kernel-cpu)
   Compiling ft-dispatch v0.1.0 (/data/projects/frankentorch/crates/ft-dispatch)
   Compiling ft-autograd v0.1.0 (/data/projects/frankentorch/crates/ft-autograd)
   Compiling ft-api v0.1.0 (/data/projects/frankentorch/crates/ft-api)
    Finished `bench` profile [optimized + debuginfo] target(s) in 47.28s
     Running benches/pytorch_gauntlet_bench.rs (/data/projects/.rch-targets/frankentorch-cod-b/release/deps/pytorch_gauntlet_bench-5f2ebc2fd9ddf042)
Gnuplot not found, using plotters backend
Benchmarking gauntlet_batch_norm2d_f32_grad/frankentorch_kgs4_114
Benchmarking gauntlet_batch_norm2d_f32_grad/frankentorch_kgs4_114: Warming up for 1.0000 s

Warning: Unable to complete 10 samples in 3.0s. You may wish to increase target time to 3.4s.
Benchmarking gauntlet_batch_norm2d_f32_grad/frankentorch_kgs4_114: Collecting 10 samples in estimated 3.4414 s (10 iterations)
Benchmarking gauntlet_batch_norm2d_f32_grad/frankentorch_kgs4_114: Analyzing
gauntlet_batch_norm2d_f32_grad/frankentorch_kgs4_114
                        time:   [231.28 ms 238.33 ms 245.85 ms]
                        change: [+35.773% +44.980% +54.345%] (p = 0.00 < 0.05)
                        Performance has regressed.
Benchmarking gauntlet_batch_norm2d_f32_grad/pytorch_2_12_cpu
Benchmarking gauntlet_batch_norm2d_f32_grad/pytorch_2_12_cpu: Warming up for 1.0000 s

Warning: Unable to complete 10 samples in 3.0s. You may wish to increase target time to 12.3s.
Benchmarking gauntlet_batch_norm2d_f32_grad/pytorch_2_12_cpu: Collecting 10 samples in estimated 12.338 s (10 iterations)
Benchmarking gauntlet_batch_norm2d_f32_grad/pytorch_2_12_cpu: Analyzing
gauntlet_batch_norm2d_f32_grad/pytorch_2_12_cpu
                        time:   [7.1893 ms 8.4699 ms 9.8714 ms]
                        change: [-5.3590% +23.210% +53.460%] (p = 0.12 > 0.05)
                        No change in performance detected.
