   Compiling ft-core v0.1.0 (/data/projects/frankentorch/crates/ft-core)
   Compiling ft-kernel-cpu v0.1.0 (/data/projects/frankentorch/crates/ft-kernel-cpu)
   Compiling ft-runtime v0.1.0 (/data/projects/frankentorch/crates/ft-runtime)
   Compiling ft-dispatch v0.1.0 (/data/projects/frankentorch/crates/ft-dispatch)
   Compiling ft-autograd v0.1.0 (/data/projects/frankentorch/crates/ft-autograd)
   Compiling ft-api v0.1.0 (/data/projects/frankentorch/crates/ft-api)
warning: unused variable: `ishape`
     --> crates/ft-api/src/lib.rs:26806:17
      |
26806 |             let ishape = input_shape.clone();
      |                 ^^^^^^ help: if this is intentional, prefix it with an underscore: `_ishape`
      |
      = note: `#[warn(unused_variables)]` (part of `#[warn(unused)]`) on by default

warning: `ft-api` (lib) generated 1 warning (run `cargo fix --lib -p ft-api` to apply 1 suggestion)
    Finished `bench` profile [optimized + debuginfo] target(s) in 55.02s
     Running benches/ops_bench.rs (/data/projects/.rch-targets/frankentorch-cod-a/release/deps/ops_bench-8824b9e24f0b8087)
Gnuplot not found, using plotters backend
Benchmarking batch_norm/grad_1d_ncl_16x128x256_native
Benchmarking batch_norm/grad_1d_ncl_16x128x256_native: Warming up for 3.0000 s
Benchmarking batch_norm/grad_1d_ncl_16x128x256_native: Collecting 100 samples in estimated 5.6022 s (500 iterations)
Benchmarking batch_norm/grad_1d_ncl_16x128x256_native: Analyzing
batch_norm/grad_1d_ncl_16x128x256_native
                        time:   [11.563 ms 11.865 ms 12.230 ms]
                        change: [+156.71% +171.25% +186.78%] (p = 0.00 < 0.05)
                        Performance has regressed.
Found 7 outliers among 100 measurements (7.00%)
  1 (1.00%) low mild
  3 (3.00%) high mild
  3 (3.00%) high severe
Benchmarking batch_norm/grad_1d_ncl_16x128x256_fold_reference
Benchmarking batch_norm/grad_1d_ncl_16x128x256_fold_reference: Warming up for 3.0000 s

Warning: Unable to complete 100 samples in 5.0s. You may wish to increase target time to 5.8s, or reduce sample count to 80.
Benchmarking batch_norm/grad_1d_ncl_16x128x256_fold_reference: Collecting 100 samples in estimated 5.8499 s (100 iterations)
Benchmarking batch_norm/grad_1d_ncl_16x128x256_fold_reference: Analyzing
batch_norm/grad_1d_ncl_16x128x256_fold_reference
                        time:   [59.333 ms 60.554 ms 61.831 ms]
                        change: [+93.125% +98.639% +104.27%] (p = 0.00 < 0.05)
                        Performance has regressed.
Found 2 outliers among 100 measurements (2.00%)
  2 (2.00%) high mild
