  [2m2026-06-21T09:28:44.244903Z[0m [32m INFO[0m [1;32mrch::hook[0m[32m: [32mSelected worker: ovh-a at ubuntu@51.222.245.56 (0 slots remaining after reservation, speed 50.0)[0m
    [2;3mat[0m rch/src/hook.rs:921 [2;3mon[0m ThreadId(1)

  [2m2026-06-21T09:28:44.507685Z[0m [32m INFO[0m [1;32mrch::hook::transfer_orchestration[0m[32m: [32mStarting remote compilation pipeline for frankentorch (hash: 8bff0f160f3f4ce1)[0m
    [2;3mat[0m rch/src/hook/transfer_orchestration.rs:241 [2;3mon[0m ThreadId(1)

  [2m2026-06-21T09:28:44.507717Z[0m [32m INFO[0m [1;32mrch::hook::transfer_orchestration[0m[32m: [32mPrepared dependency sync manifest for 13 roots[0m
    [2;3mat[0m rch/src/hook/transfer_orchestration.rs:263 [2;3mon[0m ThreadId(1)

  [2m2026-06-21T09:28:45.300763Z[0m [32m INFO[0m [1;32mrch::hook::transfer_orchestration[0m[32m: [32mSyncing project to worker ovh-a...[0m
    [2;3mat[0m rch/src/hook/transfer_orchestration.rs:323 [2;3mon[0m ThreadId(1)

  [2m2026-06-21T09:28:45.300813Z[0m [32m INFO[0m [1;32mrch::transfer[0m[32m: [32mSyncing /data/projects/frankentorch -> /data/projects/frankentorch on ovh-a[0m
    [2;3mat[0m rch/src/transfer.rs:1528 [2;3mon[0m ThreadId(1)

  [2m2026-06-21T09:28:47.490047Z[0m [32m INFO[0m [1;32mrch::transfer[0m[32m: [32mSync completed in 2189ms[0m
    [2;3mat[0m rch/src/transfer.rs:1592 [2;3mon[0m ThreadId(1)

  [2m2026-06-21T09:28:47.490122Z[0m [32m INFO[0m [1;32mrch::transfer[0m[32m: [32mSyncing /data/projects/frankentorch/crates/ft-api -> /data/projects/frankentorch/crates/ft-api on ovh-a[0m
    [2;3mat[0m rch/src/transfer.rs:1528 [2;3mon[0m ThreadId(1)

  [2m2026-06-21T09:28:47.996662Z[0m [32m INFO[0m [1;32mrch::transfer[0m[32m: [32mSync completed in 506ms[0m
    [2;3mat[0m rch/src/transfer.rs:1592 [2;3mon[0m ThreadId(1)

  [2m2026-06-21T09:28:47.996736Z[0m [32m INFO[0m [1;32mrch::transfer[0m[32m: [32mSyncing /data/projects/frankentorch/crates/ft-autograd -> /data/projects/frankentorch/crates/ft-autograd on ovh-a[0m
    [2;3mat[0m rch/src/transfer.rs:1528 [2;3mon[0m ThreadId(1)

  [2m2026-06-21T09:28:48.475541Z[0m [32m INFO[0m [1;32mrch::transfer[0m[32m: [32mSync completed in 478ms[0m
    [2;3mat[0m rch/src/transfer.rs:1592 [2;3mon[0m ThreadId(1)

  [2m2026-06-21T09:28:48.475602Z[0m [32m INFO[0m [1;32mrch::transfer[0m[32m: [32mSyncing /data/projects/frankentorch/crates/ft-conformance -> /data/projects/frankentorch/crates/ft-conformance on ovh-a[0m
    [2;3mat[0m rch/src/transfer.rs:1528 [2;3mon[0m ThreadId(1)

  [2m2026-06-21T09:28:48.957360Z[0m [32m INFO[0m [1;32mrch::transfer[0m[32m: [32mSync completed in 481ms[0m
    [2;3mat[0m rch/src/transfer.rs:1592 [2;3mon[0m ThreadId(1)

  [2m2026-06-21T09:28:48.957426Z[0m [32m INFO[0m [1;32mrch::transfer[0m[32m: [32mSyncing /data/projects/frankentorch/crates/ft-core -> /data/projects/frankentorch/crates/ft-core on ovh-a[0m
    [2;3mat[0m rch/src/transfer.rs:1528 [2;3mon[0m ThreadId(1)

  [2m2026-06-21T09:28:49.432221Z[0m [32m INFO[0m [1;32mrch::transfer[0m[32m: [32mSync completed in 474ms[0m
    [2;3mat[0m rch/src/transfer.rs:1592 [2;3mon[0m ThreadId(1)

  [2m2026-06-21T09:28:49.432292Z[0m [32m INFO[0m [1;32mrch::transfer[0m[32m: [32mSyncing /data/projects/frankentorch/crates/ft-data -> /data/projects/frankentorch/crates/ft-data on ovh-a[0m
    [2;3mat[0m rch/src/transfer.rs:1528 [2;3mon[0m ThreadId(1)

  [2m2026-06-21T09:28:49.988629Z[0m [32m INFO[0m [1;32mrch::transfer[0m[32m: [32mSync completed in 556ms[0m
    [2;3mat[0m rch/src/transfer.rs:1592 [2;3mon[0m ThreadId(1)

  [2m2026-06-21T09:28:49.988690Z[0m [32m INFO[0m [1;32mrch::transfer[0m[32m: [32mSyncing /data/projects/frankentorch/crates/ft-device -> /data/projects/frankentorch/crates/ft-device on ovh-a[0m
    [2;3mat[0m rch/src/transfer.rs:1528 [2;3mon[0m ThreadId(1)

  [2m2026-06-21T09:28:50.465525Z[0m [32m INFO[0m [1;32mrch::transfer[0m[32m: [32mSync completed in 476ms[0m
    [2;3mat[0m rch/src/transfer.rs:1592 [2;3mon[0m ThreadId(1)

  [2m2026-06-21T09:28:50.465597Z[0m [32m INFO[0m [1;32mrch::transfer[0m[32m: [32mSyncing /data/projects/frankentorch/crates/ft-dispatch -> /data/projects/frankentorch/crates/ft-dispatch on ovh-a[0m
    [2;3mat[0m rch/src/transfer.rs:1528 [2;3mon[0m ThreadId(1)

  [2m2026-06-21T09:28:50.933401Z[0m [32m INFO[0m [1;32mrch::transfer[0m[32m: [32mSync completed in 467ms[0m
    [2;3mat[0m rch/src/transfer.rs:1592 [2;3mon[0m ThreadId(1)

  [2m2026-06-21T09:28:50.933455Z[0m [32m INFO[0m [1;32mrch::transfer[0m[32m: [32mSyncing /data/projects/frankentorch/crates/ft-kernel-cpu -> /data/projects/frankentorch/crates/ft-kernel-cpu on ovh-a[0m
    [2;3mat[0m rch/src/transfer.rs:1528 [2;3mon[0m ThreadId(1)

  [2m2026-06-21T09:28:51.438621Z[0m [32m INFO[0m [1;32mrch::transfer[0m[32m: [32mSync completed in 505ms[0m
    [2;3mat[0m rch/src/transfer.rs:1592 [2;3mon[0m ThreadId(1)

  [2m2026-06-21T09:28:51.438697Z[0m [32m INFO[0m [1;32mrch::transfer[0m[32m: [32mSyncing /data/projects/frankentorch/crates/ft-nn -> /data/projects/frankentorch/crates/ft-nn on ovh-a[0m
    [2;3mat[0m rch/src/transfer.rs:1528 [2;3mon[0m ThreadId(1)

  [2m2026-06-21T09:28:51.951494Z[0m [32m INFO[0m [1;32mrch::transfer[0m[32m: [32mSync completed in 512ms[0m
    [2;3mat[0m rch/src/transfer.rs:1592 [2;3mon[0m ThreadId(1)

  [2m2026-06-21T09:28:51.951560Z[0m [32m INFO[0m [1;32mrch::transfer[0m[32m: [32mSyncing /data/projects/frankentorch/crates/ft-optim -> /data/projects/frankentorch/crates/ft-optim on ovh-a[0m
    [2;3mat[0m rch/src/transfer.rs:1528 [2;3mon[0m ThreadId(1)

  [2m2026-06-21T09:28:52.435609Z[0m [32m INFO[0m [1;32mrch::transfer[0m[32m: [32mSync completed in 484ms[0m
    [2;3mat[0m rch/src/transfer.rs:1592 [2;3mon[0m ThreadId(1)

  [2m2026-06-21T09:28:52.435686Z[0m [32m INFO[0m [1;32mrch::transfer[0m[32m: [32mSyncing /data/projects/frankentorch/crates/ft-runtime -> /data/projects/frankentorch/crates/ft-runtime on ovh-a[0m
    [2;3mat[0m rch/src/transfer.rs:1528 [2;3mon[0m ThreadId(1)

  [2m2026-06-21T09:28:52.956200Z[0m [32m INFO[0m [1;32mrch::transfer[0m[32m: [32mSync completed in 520ms[0m
    [2;3mat[0m rch/src/transfer.rs:1592 [2;3mon[0m ThreadId(1)

  [2m2026-06-21T09:28:52.956271Z[0m [32m INFO[0m [1;32mrch::transfer[0m[32m: [32mSyncing /data/projects/frankentorch/crates/ft-serialize -> /data/projects/frankentorch/crates/ft-serialize on ovh-a[0m
    [2;3mat[0m rch/src/transfer.rs:1528 [2;3mon[0m ThreadId(1)

  [2m2026-06-21T09:28:53.417137Z[0m [32m INFO[0m [1;32mrch::transfer[0m[32m: [32mSync completed in 460ms[0m
    [2;3mat[0m rch/src/transfer.rs:1592 [2;3mon[0m ThreadId(1)

  [2m2026-06-21T09:28:53.417171Z[0m [32m INFO[0m [1;32mrch::hook::transfer_orchestration[0m[32m: [32mSync complete: 53868 files, 1962848 bytes in 8108ms[0m
    [2;3mat[0m rch/src/hook/transfer_orchestration.rs:486 [2;3mon[0m ThreadId(1)

  [2m2026-06-21T09:28:55.909708Z[0m [32m INFO[0m [1;32mrch::hook::transfer_orchestration[0m[32m: [32mExecuting command remotely: cargo run --release -p ft-api --example cdist_p1_headtohead[0m
    [2;3mat[0m rch/src/hook/transfer_orchestration.rs:529 [2;3mon[0m ThreadId(1)

  [2m2026-06-21T09:28:55.909743Z[0m [32m INFO[0m [1;32mrch::transfer[0m[32m: [32mRewriting CARGO_TARGET_DIR for remote execution (worker-scoped path): /data/projects/.rch-targets/frankentorch-cod-b -> /data/projects/frankentorch/.rch-target-ovh-a-pool-f9267e1ec5d1223616a90f276787c4af[0m
    [2;3mat[0m rch/src/transfer.rs:799 [2;3mon[0m ThreadId(1)

    Updating crates.io index
 Downloading crates ...
  Downloaded autocfg v1.5.0
  Downloaded anstyle v1.0.14
  Downloaded bytemuck v1.25.0
  Downloaded ciborium-io v0.2.2
  Downloaded cfg-if v1.0.4
  Downloaded anes v0.1.6
  Downloaded bytemuck_derive v1.10.2
  Downloaded ciborium-ll v0.2.2
  Downloaded crossbeam-deque v0.8.6
  Downloaded ciborium v0.2.2
  Downloaded crossbeam-epoch v0.9.18
  Downloaded clap v4.6.1
  Downloaded aho-corasick v1.1.4
  Downloaded clap_builder v4.6.0
  Downloaded walkdir v2.5.0
  Downloaded either v1.15.0
  Downloaded oorandom v11.1.5
  Downloaded plotters-backend v0.3.7
  Downloaded num-complex v0.4.6
  Downloaded plotters-svg v0.3.7
  Downloaded is-terminal v0.4.17
  Downloaded itoa v1.0.18
  Downloaded rawpointer v0.2.1
  Downloaded rayon-core v1.13.0
  Downloaded clap_lex v1.1.0
  Downloaded criterion-plot v0.5.0
  Downloaded quote v1.0.45
  Downloaded zmij v1.0.21
  Downloaded same-file v1.0.6
  Downloaded crossbeam-utils v0.8.21
  Downloaded cast v0.3.0
  Downloaded num-traits v0.2.19
  Downloaded tinytemplate v1.2.1
  Downloaded once_cell v1.21.4
  Downloaded half v2.7.1
  Downloaded unicode-ident v1.0.24
  Downloaded memchr v2.8.0
  Downloaded serde_derive v1.0.228
  Downloaded matrixmultiply v0.3.10
  Downloaded safe_arch v0.7.4
  Downloaded serde_core v1.0.228
  Downloaded proc-macro2 v1.0.106
  Downloaded regex v1.12.3
  Downloaded criterion v0.5.1
  Downloaded serde v1.0.228
  Downloaded wide v0.7.33
  Downloaded itertools v0.10.5
  Downloaded plotters v0.3.7
  Downloaded zerocopy-derive v0.8.48
  Downloaded serde_json v1.0.149
  Downloaded libm v0.2.16
  Downloaded rayon v1.12.0
  Downloaded zerocopy v0.8.48
  Downloaded syn v2.0.117
  Downloaded regex-syntax v0.8.10
  Downloaded regex-automata v0.4.14
  Downloaded libc v0.2.185
   Compiling proc-macro2 v1.0.106
   Compiling quote v1.0.45
   Compiling unicode-ident v1.0.24
   Compiling autocfg v1.5.0
   Compiling zerocopy v0.8.48
   Compiling crossbeam-utils v0.8.21
   Compiling cfg-if v1.0.4
   Compiling rayon-core v1.13.0
   Compiling either v1.15.0
   Compiling serde_core v1.0.228
   Compiling libm v0.2.16
   Compiling rawpointer v0.2.1
   Compiling serde v1.0.228
   Compiling zmij v1.0.21
   Compiling libc v0.2.185
   Compiling serde_json v1.0.149
   Compiling plotters-backend v0.3.7
   Compiling clap_lex v1.1.0
   Compiling anstyle v1.0.14
   Compiling ciborium-io v0.2.2
   Compiling regex-syntax v0.8.10
   Compiling memchr v2.8.0
   Compiling itoa v1.0.18
   Compiling itertools v0.10.5
   Compiling cast v0.3.0
   Compiling plotters-svg v0.3.7
   Compiling clap_builder v4.6.0
   Compiling num-traits v0.2.19
   Compiling matrixmultiply v0.3.10
   Compiling same-file v1.0.6
   Compiling oorandom v11.1.5
   Compiling walkdir v2.5.0
   Compiling once_cell v1.21.4
   Compiling anes v0.1.6
   Compiling crossbeam-epoch v0.9.18
   Compiling syn v2.0.117
   Compiling crossbeam-deque v0.8.6
   Compiling num-complex v0.4.6
   Compiling plotters v0.3.7
   Compiling is-terminal v0.4.17
   Compiling regex-automata v0.4.14
   Compiling rayon v1.12.0
   Compiling criterion-plot v0.5.0
   Compiling clap v4.6.1
   Compiling regex v1.12.3
   Compiling bytemuck_derive v1.10.2
   Compiling zerocopy-derive v0.8.48
   Compiling serde_derive v1.0.228
   Compiling bytemuck v1.25.0
   Compiling safe_arch v0.7.4
   Compiling wide v0.7.33
   Compiling tinytemplate v1.2.1
   Compiling half v2.7.1
   Compiling ft-core v0.1.0 (/data/projects/frankentorch/crates/ft-core)
   Compiling ciborium-ll v0.2.2
   Compiling ciborium v0.2.2
   Compiling ft-kernel-cpu v0.1.0 (/data/projects/frankentorch/crates/ft-kernel-cpu)
   Compiling ft-runtime v0.1.0 (/data/projects/frankentorch/crates/ft-runtime)
   Compiling criterion v0.5.1
   Compiling ft-dispatch v0.1.0 (/data/projects/frankentorch/crates/ft-dispatch)
   Compiling ft-autograd v0.1.0 (/data/projects/frankentorch/crates/ft-autograd)
   Compiling ft-api v0.1.0 (/data/projects/frankentorch/crates/ft-api)
    Finished `release` profile [optimized] target(s) in 50.50s
     Running `.rch-target-ovh-a-pool-f9267e1ec5d1223616a90f276787c4af/release/examples/cdist_p1_headtohead`
cdist p=1 f64 [1024,128] x [1024,128] -> [1024,1024] forward (no-grad), 15 iters MIN:
  FrankenTorch :   19.288 ms   (checksum 5.4401e7)
  PyTorch      : (unavailable)
  [2m2026-06-21T09:29:47.495891Z[0m [32m INFO[0m [1;32mrch::hook::transfer_orchestration[0m[32m: [32mRemote command finished: exit=0 in 51586ms[0m
    [2;3mat[0m rch/src/hook/transfer_orchestration.rs:653 [2;3mon[0m ThreadId(1)

  [2m2026-06-21T09:29:47.496227Z[0m [32m INFO[0m [1;32mrch::hook::transfer_orchestration[0m[32m: [32mRetrieving build artifacts...[0m
    [2;3mat[0m rch/src/hook/transfer_orchestration.rs:702 [2;3mon[0m ThreadId(1)

  [2m2026-06-21T09:29:47.496254Z[0m [32m INFO[0m [1;32mrch::transfer[0m[32m: [32mRetrieving artifacts from /data/projects/frankentorch on ovh-a[0m
    [2;3mat[0m rch/src/transfer.rs:2246 [2;3mon[0m ThreadId(1)

  [2m2026-06-21T09:29:47.915135Z[0m [32m INFO[0m [1;32mrch::transfer[0m[32m: [32mArtifacts retrieved in 418ms (1 files, 1759 bytes)[0m
    [2;3mat[0m rch/src/transfer.rs:2301 [2;3mon[0m ThreadId(1)

  [2m2026-06-21T09:29:47.915157Z[0m [32m INFO[0m [1;32mrch::hook::transfer_orchestration[0m[32m: [32mArtifacts retrieved: 1 files, 1759 bytes in 418ms[0m
    [2;3mat[0m rch/src/hook/transfer_orchestration.rs:735 [2;3mon[0m ThreadId(1)

  [2m2026-06-21T09:29:47.915251Z[0m [32m INFO[0m [1;32mrch::transfer[0m[32m: [32mRetrieving artifacts from /data/projects/frankentorch/.rch-target-ovh-a-pool-f9267e1ec5d1223616a90f276787c4af on ovh-a[0m
    [2;3mat[0m rch/src/transfer.rs:2246 [2;3mon[0m ThreadId(1)

  [2m2026-06-21T09:29:48.957305Z[0m [32m INFO[0m [1;32mrch::transfer[0m[32m: [32mArtifacts retrieved in 1042ms (132 files, 765864 bytes)[0m
    [2;3mat[0m rch/src/transfer.rs:2301 [2;3mon[0m ThreadId(1)

  [2m2026-06-21T09:29:48.957325Z[0m [32m INFO[0m [1;32mrch::hook::transfer_orchestration[0m[32m: [32mCustom CARGO_TARGET_DIR artifacts retrieved: 132 files, 765864 bytes in 1042ms[0m
    [2;3mat[0m rch/src/hook/transfer_orchestration.rs:859 [2;3mon[0m ThreadId(1)

[RCH] remote ovh-a (64.7s)
