  [2m2026-06-20T19:17:21.711000Z[0m [32m INFO[0m [1;32mrch::hook[0m[32m: [32mSelected worker: vmi1152480 at root@109.205.181.92 (0 slots remaining after reservation, speed 50.0)[0m
    [2;3mat[0m rch/src/hook.rs:921 [2;3mon[0m ThreadId(1)

  [2m2026-06-20T19:17:21.925431Z[0m [32m INFO[0m [1;32mrch::hook::transfer_orchestration[0m[32m: [32mStarting remote compilation pipeline for frankentorch-cod-b-bold-20260620T182046Z (hash: ee103c7afc6f3ad6)[0m
    [2;3mat[0m rch/src/hook/transfer_orchestration.rs:241 [2;3mon[0m ThreadId(1)

  [2m2026-06-20T19:17:21.925461Z[0m [32m INFO[0m [1;32mrch::hook::transfer_orchestration[0m[32m: [32mPrepared dependency sync manifest for 13 roots[0m
    [2;3mat[0m rch/src/hook/transfer_orchestration.rs:263 [2;3mon[0m ThreadId(1)

  [2m2026-06-20T19:17:23.650149Z[0m [32m INFO[0m [1;32mrch::hook::transfer_orchestration[0m[32m: [32mSyncing project to worker vmi1152480...[0m
    [2;3mat[0m rch/src/hook/transfer_orchestration.rs:323 [2;3mon[0m ThreadId(1)

  [2m2026-06-20T19:17:23.650195Z[0m [32m INFO[0m [1;32mrch::transfer[0m[32m: [32mSyncing /data/projects/frankentorch-cod-b-bold-20260620T182046Z -> /data/projects/frankentorch-cod-b-bold-20260620T182046Z on vmi1152480[0m
    [2;3mat[0m rch/src/transfer.rs:1528 [2;3mon[0m ThreadId(1)

  [2m2026-06-20T19:17:26.806434Z[0m [32m INFO[0m [1;32mrch::transfer[0m[32m: [32mSync completed in 3156ms[0m
    [2;3mat[0m rch/src/transfer.rs:1592 [2;3mon[0m ThreadId(1)

  [2m2026-06-20T19:17:26.806510Z[0m [32m INFO[0m [1;32mrch::transfer[0m[32m: [32mSyncing /data/projects/frankentorch-cod-b-bold-20260620T182046Z/crates/ft-api -> /data/projects/frankentorch-cod-b-bold-20260620T182046Z/crates/ft-api on vmi1152480[0m
    [2;3mat[0m rch/src/transfer.rs:1528 [2;3mon[0m ThreadId(1)

  [2m2026-06-20T19:17:28.686720Z[0m [32m INFO[0m [1;32mrch::transfer[0m[32m: [32mSync completed in 1880ms[0m
    [2;3mat[0m rch/src/transfer.rs:1592 [2;3mon[0m ThreadId(1)

  [2m2026-06-20T19:17:28.686778Z[0m [32m INFO[0m [1;32mrch::transfer[0m[32m: [32mSyncing /data/projects/frankentorch-cod-b-bold-20260620T182046Z/crates/ft-autograd -> /data/projects/frankentorch-cod-b-bold-20260620T182046Z/crates/ft-autograd on vmi1152480[0m
    [2;3mat[0m rch/src/transfer.rs:1528 [2;3mon[0m ThreadId(1)

  [2m2026-06-20T19:17:30.656566Z[0m [32m INFO[0m [1;32mrch::transfer[0m[32m: [32mSync completed in 1969ms[0m
    [2;3mat[0m rch/src/transfer.rs:1592 [2;3mon[0m ThreadId(1)

  [2m2026-06-20T19:17:30.656626Z[0m [32m INFO[0m [1;32mrch::transfer[0m[32m: [32mSyncing /data/projects/frankentorch-cod-b-bold-20260620T182046Z/crates/ft-conformance -> /data/projects/frankentorch-cod-b-bold-20260620T182046Z/crates/ft-conformance on vmi1152480[0m
    [2;3mat[0m rch/src/transfer.rs:1528 [2;3mon[0m ThreadId(1)

  [2m2026-06-20T19:17:32.618596Z[0m [32m INFO[0m [1;32mrch::transfer[0m[32m: [32mSync completed in 1961ms[0m
    [2;3mat[0m rch/src/transfer.rs:1592 [2;3mon[0m ThreadId(1)

  [2m2026-06-20T19:17:32.618677Z[0m [32m INFO[0m [1;32mrch::transfer[0m[32m: [32mSyncing /data/projects/frankentorch-cod-b-bold-20260620T182046Z/crates/ft-core -> /data/projects/frankentorch-cod-b-bold-20260620T182046Z/crates/ft-core on vmi1152480[0m
    [2;3mat[0m rch/src/transfer.rs:1528 [2;3mon[0m ThreadId(1)

  [2m2026-06-20T19:17:34.572856Z[0m [32m INFO[0m [1;32mrch::transfer[0m[32m: [32mSync completed in 1954ms[0m
    [2;3mat[0m rch/src/transfer.rs:1592 [2;3mon[0m ThreadId(1)

  [2m2026-06-20T19:17:34.572928Z[0m [32m INFO[0m [1;32mrch::transfer[0m[32m: [32mSyncing /data/projects/frankentorch-cod-b-bold-20260620T182046Z/crates/ft-data -> /data/projects/frankentorch-cod-b-bold-20260620T182046Z/crates/ft-data on vmi1152480[0m
    [2;3mat[0m rch/src/transfer.rs:1528 [2;3mon[0m ThreadId(1)

  [2m2026-06-20T19:17:36.567578Z[0m [32m INFO[0m [1;32mrch::transfer[0m[32m: [32mSync completed in 1994ms[0m
    [2;3mat[0m rch/src/transfer.rs:1592 [2;3mon[0m ThreadId(1)

  [2m2026-06-20T19:17:36.567662Z[0m [32m INFO[0m [1;32mrch::transfer[0m[32m: [32mSyncing /data/projects/frankentorch-cod-b-bold-20260620T182046Z/crates/ft-device -> /data/projects/frankentorch-cod-b-bold-20260620T182046Z/crates/ft-device on vmi1152480[0m
    [2;3mat[0m rch/src/transfer.rs:1528 [2;3mon[0m ThreadId(1)

  [2m2026-06-20T19:17:38.555047Z[0m [32m INFO[0m [1;32mrch::transfer[0m[32m: [32mSync completed in 1987ms[0m
    [2;3mat[0m rch/src/transfer.rs:1592 [2;3mon[0m ThreadId(1)

  [2m2026-06-20T19:17:38.555117Z[0m [32m INFO[0m [1;32mrch::transfer[0m[32m: [32mSyncing /data/projects/frankentorch-cod-b-bold-20260620T182046Z/crates/ft-dispatch -> /data/projects/frankentorch-cod-b-bold-20260620T182046Z/crates/ft-dispatch on vmi1152480[0m
    [2;3mat[0m rch/src/transfer.rs:1528 [2;3mon[0m ThreadId(1)

  [2m2026-06-20T19:17:40.489046Z[0m [32m INFO[0m [1;32mrch::transfer[0m[32m: [32mSync completed in 1933ms[0m
    [2;3mat[0m rch/src/transfer.rs:1592 [2;3mon[0m ThreadId(1)

  [2m2026-06-20T19:17:40.489119Z[0m [32m INFO[0m [1;32mrch::transfer[0m[32m: [32mSyncing /data/projects/frankentorch-cod-b-bold-20260620T182046Z/crates/ft-kernel-cpu -> /data/projects/frankentorch-cod-b-bold-20260620T182046Z/crates/ft-kernel-cpu on vmi1152480[0m
    [2;3mat[0m rch/src/transfer.rs:1528 [2;3mon[0m ThreadId(1)

  [2m2026-06-20T19:17:43.113158Z[0m [32m INFO[0m [1;32mrch::transfer[0m[32m: [32mSync completed in 2624ms[0m
    [2;3mat[0m rch/src/transfer.rs:1592 [2;3mon[0m ThreadId(1)

  [2m2026-06-20T19:17:43.113232Z[0m [32m INFO[0m [1;32mrch::transfer[0m[32m: [32mSyncing /data/projects/frankentorch-cod-b-bold-20260620T182046Z/crates/ft-nn -> /data/projects/frankentorch-cod-b-bold-20260620T182046Z/crates/ft-nn on vmi1152480[0m
    [2;3mat[0m rch/src/transfer.rs:1528 [2;3mon[0m ThreadId(1)

  [2m2026-06-20T19:17:44.978072Z[0m [32m INFO[0m [1;32mrch::transfer[0m[32m: [32mSync completed in 1864ms[0m
    [2;3mat[0m rch/src/transfer.rs:1592 [2;3mon[0m ThreadId(1)

  [2m2026-06-20T19:17:44.978134Z[0m [32m INFO[0m [1;32mrch::transfer[0m[32m: [32mSyncing /data/projects/frankentorch-cod-b-bold-20260620T182046Z/crates/ft-optim -> /data/projects/frankentorch-cod-b-bold-20260620T182046Z/crates/ft-optim on vmi1152480[0m
    [2;3mat[0m rch/src/transfer.rs:1528 [2;3mon[0m ThreadId(1)

  [2m2026-06-20T19:17:47.228351Z[0m [32m INFO[0m [1;32mrch::transfer[0m[32m: [32mSync completed in 2250ms[0m
    [2;3mat[0m rch/src/transfer.rs:1592 [2;3mon[0m ThreadId(1)

  [2m2026-06-20T19:17:47.228410Z[0m [32m INFO[0m [1;32mrch::transfer[0m[32m: [32mSyncing /data/projects/frankentorch-cod-b-bold-20260620T182046Z/crates/ft-runtime -> /data/projects/frankentorch-cod-b-bold-20260620T182046Z/crates/ft-runtime on vmi1152480[0m
    [2;3mat[0m rch/src/transfer.rs:1528 [2;3mon[0m ThreadId(1)

  [2m2026-06-20T19:18:08.170843Z[0m [32m INFO[0m [1;32mrch::transfer[0m[32m: [32mSync completed in 20942ms[0m
    [2;3mat[0m rch/src/transfer.rs:1592 [2;3mon[0m ThreadId(1)

  [2m2026-06-20T19:18:08.170921Z[0m [32m INFO[0m [1;32mrch::transfer[0m[32m: [32mSyncing /data/projects/frankentorch-cod-b-bold-20260620T182046Z/crates/ft-serialize -> /data/projects/frankentorch-cod-b-bold-20260620T182046Z/crates/ft-serialize on vmi1152480[0m
    [2;3mat[0m rch/src/transfer.rs:1528 [2;3mon[0m ThreadId(1)

  [2m2026-06-20T19:18:14.174052Z[0m [32m INFO[0m [1;32mrch::transfer[0m[32m: [32mSync completed in 6003ms[0m
    [2;3mat[0m rch/src/transfer.rs:1592 [2;3mon[0m ThreadId(1)

  [2m2026-06-20T19:18:14.174080Z[0m [32m INFO[0m [1;32mrch::hook::transfer_orchestration[0m[32m: [32mSync complete: 4438 files, 8553525 bytes in 50517ms[0m
    [2;3mat[0m rch/src/hook/transfer_orchestration.rs:486 [2;3mon[0m ThreadId(1)

  [2m2026-06-20T19:18:30.475039Z[0m [32m INFO[0m [1;32mrch::hook::transfer_orchestration[0m[32m: [32mExecuting command remotely: cargo bench -p ft-api --bench ops_bench --profile release -- batch_norm/grad_1d_ncl_16x128x256 --sample-size 10 --warm-up-time 1 --measurement-time 3 --noplot[0m
    [2;3mat[0m rch/src/hook/transfer_orchestration.rs:529 [2;3mon[0m ThreadId(1)

  [2m2026-06-20T19:18:30.475117Z[0m [32m INFO[0m [1;32mrch::transfer[0m[32m: [32mRewriting CARGO_TARGET_DIR for remote execution (worker-scoped path): /data/projects/.rch-targets/frankentorch-cod-b -> /data/projects/frankentorch-cod-b-bold-20260620T182046Z/.rch-target-vmi1152480-pool-b5d55faa98b5bcdf52fac4df6807851c[0m
    [2;3mat[0m rch/src/transfer.rs:799 [2;3mon[0m ThreadId(1)

    Updating crates.io index
 Downloading crates ...
  Downloaded bytemuck_derive v1.10.2
  Downloaded autocfg v1.5.0
  Downloaded oorandom v11.1.5
  Downloaded bytemuck v1.25.0
  Downloaded cast v0.3.0
  Downloaded plotters-backend v0.3.7
  Downloaded anes v0.1.6
  Downloaded anstyle v1.0.14
  Downloaded same-file v1.0.6
  Downloaded either v1.15.0
  Downloaded walkdir v2.5.0
  Downloaded num-complex v0.4.6
  Downloaded rayon-core v1.13.0
  Downloaded tinytemplate v1.2.1
  Downloaded aho-corasick v1.1.4
  Downloaded zerocopy-derive v0.8.48
  Downloaded ciborium-io v0.2.2
  Downloaded matrixmultiply v0.3.10
  Downloaded ciborium v0.2.2
  Downloaded crossbeam-utils v0.8.21
  Downloaded memchr v2.8.0
  Downloaded itoa v1.0.18
  Downloaded quote v1.0.45
  Downloaded regex v1.12.3
  Downloaded zmij v1.0.21
  Downloaded ciborium-ll v0.2.2
  Downloaded plotters-svg v0.3.7
  Downloaded once_cell v1.21.4
  Downloaded cfg-if v1.0.4
  Downloaded serde_derive v1.0.228
  Downloaded serde_core v1.0.228
  Downloaded num-traits v0.2.19
  Downloaded clap_lex v1.1.0
  Downloaded is-terminal v0.4.17
  Downloaded proc-macro2 v1.0.106
  Downloaded rawpointer v0.2.1
  Downloaded serde_json v1.0.149
  Downloaded clap v4.6.1
  Downloaded criterion v0.5.1
  Downloaded criterion-plot v0.5.0
  Downloaded crossbeam-epoch v0.9.18
  Downloaded half v2.7.1
  Downloaded crossbeam-deque v0.8.6
  Downloaded serde v1.0.228
  Downloaded unicode-ident v1.0.24
  Downloaded wide v0.7.33
  Downloaded safe_arch v0.7.4
  Downloaded itertools v0.10.5
  Downloaded plotters v0.3.7
  Downloaded libm v0.2.16
  Downloaded clap_builder v4.6.0
  Downloaded rayon v1.12.0
  Downloaded syn v2.0.117
  Downloaded regex-syntax v0.8.10
  Downloaded zerocopy v0.8.48
  Downloaded regex-automata v0.4.14
  Downloaded libc v0.2.185
   Compiling proc-macro2 v1.0.106
   Compiling quote v1.0.45
   Compiling unicode-ident v1.0.24
   Compiling autocfg v1.5.0
   Compiling zerocopy v0.8.48
   Compiling crossbeam-utils v0.8.21
   Compiling cfg-if v1.0.4
   Compiling either v1.15.0
   Compiling rayon-core v1.13.0
   Compiling serde_core v1.0.228
   Compiling libm v0.2.16
   Compiling rawpointer v0.2.1
   Compiling serde v1.0.228
   Compiling zmij v1.0.21
   Compiling serde_json v1.0.149
   Compiling libc v0.2.185
   Compiling memchr v2.8.0
   Compiling num-traits v0.2.19
   Compiling matrixmultiply v0.3.10
   Compiling ciborium-io v0.2.2
   Compiling itoa v1.0.18
   Compiling clap_lex v1.1.0
   Compiling crossbeam-epoch v0.9.18
   Compiling anstyle v1.0.14
   Compiling syn v2.0.117
   Compiling plotters-backend v0.3.7
   Compiling regex-syntax v0.8.10
   Compiling crossbeam-deque v0.8.6
   Compiling plotters-svg v0.3.7
   Compiling clap_builder v4.6.0
   Compiling num-complex v0.4.6
   Compiling itertools v0.10.5
   Compiling cast v0.3.0
   Compiling rayon v1.12.0
   Compiling regex-automata v0.4.14
   Compiling same-file v1.0.6
   Compiling walkdir v2.5.0
   Compiling criterion-plot v0.5.0
   Compiling is-terminal v0.4.17
   Compiling plotters v0.3.7
   Compiling anes v0.1.6
   Compiling clap v4.6.1
   Compiling once_cell v1.21.4
   Compiling oorandom v11.1.5
   Compiling bytemuck_derive v1.10.2
   Compiling zerocopy-derive v0.8.48
   Compiling serde_derive v1.0.228
   Compiling regex v1.12.3
   Compiling bytemuck v1.25.0
   Compiling safe_arch v0.7.4
   Compiling wide v0.7.33
   Compiling tinytemplate v1.2.1
   Compiling half v2.7.1
   Compiling ft-core v0.1.0 (/data/projects/frankentorch-cod-b-bold-20260620T182046Z/crates/ft-core)
   Compiling ciborium-ll v0.2.2
   Compiling ciborium v0.2.2
   Compiling ft-kernel-cpu v0.1.0 (/data/projects/frankentorch-cod-b-bold-20260620T182046Z/crates/ft-kernel-cpu)
   Compiling ft-runtime v0.1.0 (/data/projects/frankentorch-cod-b-bold-20260620T182046Z/crates/ft-runtime)
   Compiling criterion v0.5.1
   Compiling ft-dispatch v0.1.0 (/data/projects/frankentorch-cod-b-bold-20260620T182046Z/crates/ft-dispatch)
   Compiling ft-autograd v0.1.0 (/data/projects/frankentorch-cod-b-bold-20260620T182046Z/crates/ft-autograd)
   Compiling ft-api v0.1.0 (/data/projects/frankentorch-cod-b-bold-20260620T182046Z/crates/ft-api)
    Finished `release` profile [optimized] target(s) in 2m 02s
     Running benches/ops_bench.rs (.rch-target-vmi1152480-pool-b5d55faa98b5bcdf52fac4df6807851c/release/deps/ops_bench-f346db443111867a)
Gnuplot not found, using plotters backend
Benchmarking batch_norm/grad_1d_ncl_16x128x256_native
Benchmarking batch_norm/grad_1d_ncl_16x128x256_native: Warming up for 1.0000 s
Benchmarking batch_norm/grad_1d_ncl_16x128x256_native: Collecting 10 samples in estimated 3.1903 s (715 iterations)
Benchmarking batch_norm/grad_1d_ncl_16x128x256_native: Analyzing
batch_norm/grad_1d_ncl_16x128x256_native
                        time:   [4.4402 ms 5.3185 ms 7.0427 ms]
Benchmarking batch_norm/grad_1d_ncl_16x128x256_scalar_sum
Benchmarking batch_norm/grad_1d_ncl_16x128x256_scalar_sum: Warming up for 1.0000 s
Benchmarking batch_norm/grad_1d_ncl_16x128x256_scalar_sum: Collecting 10 samples in estimated 3.0354 s (825 iterations)
Benchmarking batch_norm/grad_1d_ncl_16x128x256_scalar_sum: Analyzing
batch_norm/grad_1d_ncl_16x128x256_scalar_sum
                        time:   [3.6718 ms 4.1376 ms 4.5077 ms]
Benchmarking batch_norm/grad_1d_ncl_16x128x256_fold_reference
Benchmarking batch_norm/grad_1d_ncl_16x128x256_fold_reference: Warming up for 1.0000 s

Warning: Unable to complete 10 samples in 3.0s. You may wish to increase target time to 3.9s or enable flat sampling.
Benchmarking batch_norm/grad_1d_ncl_16x128x256_fold_reference: Collecting 10 samples in estimated 3.8871 s (55 iterations)
Benchmarking batch_norm/grad_1d_ncl_16x128x256_fold_reference: Analyzing
batch_norm/grad_1d_ncl_16x128x256_fold_reference
                        time:   [51.595 ms 54.591 ms 60.005 ms]
Found 2 outliers among 10 measurements (20.00%)
  2 (20.00%) high mild

  [2m2026-06-20T19:20:49.651572Z[0m [32m INFO[0m [1;32mrch::hook::transfer_orchestration[0m[32m: [32mRemote command finished: exit=0 in 139176ms[0m
    [2;3mat[0m rch/src/hook/transfer_orchestration.rs:653 [2;3mon[0m ThreadId(1)

  [2m2026-06-20T19:20:49.651824Z[0m [32m INFO[0m [1;32mrch::hook::transfer_orchestration[0m[32m: [32mRetrieving build artifacts...[0m
    [2;3mat[0m rch/src/hook/transfer_orchestration.rs:702 [2;3mon[0m ThreadId(1)

  [2m2026-06-20T19:20:49.651838Z[0m [32m INFO[0m [1;32mrch::transfer[0m[32m: [32mRetrieving artifacts from /data/projects/frankentorch-cod-b-bold-20260620T182046Z on vmi1152480[0m
    [2;3mat[0m rch/src/transfer.rs:2246 [2;3mon[0m ThreadId(1)

  [2m2026-06-20T19:20:52.237224Z[0m [32m INFO[0m [1;32mrch::transfer[0m[32m: [32mArtifacts retrieved in 2585ms (1 files, 1180 bytes)[0m
    [2;3mat[0m rch/src/transfer.rs:2301 [2;3mon[0m ThreadId(1)

  [2m2026-06-20T19:20:52.237245Z[0m [32m INFO[0m [1;32mrch::hook::transfer_orchestration[0m[32m: [32mArtifacts retrieved: 1 files, 1180 bytes in 2585ms[0m
    [2;3mat[0m rch/src/hook/transfer_orchestration.rs:735 [2;3mon[0m ThreadId(1)

  [2m2026-06-20T19:20:52.237333Z[0m [32m INFO[0m [1;32mrch::transfer[0m[32m: [32mRetrieving artifacts from /data/projects/frankentorch-cod-b-bold-20260620T182046Z/.rch-target-vmi1152480-pool-b5d55faa98b5bcdf52fac4df6807851c on vmi1152480[0m
    [2;3mat[0m rch/src/transfer.rs:2246 [2;3mon[0m ThreadId(1)

  [2m2026-06-20T19:20:54.382321Z[0m [32m INFO[0m [1;32mrch::transfer[0m[32m: [32mArtifacts retrieved in 2144ms (36 files, 1056 bytes)[0m
    [2;3mat[0m rch/src/transfer.rs:2301 [2;3mon[0m ThreadId(1)

  [2m2026-06-20T19:20:54.382343Z[0m [32m INFO[0m [1;32mrch::hook::transfer_orchestration[0m[32m: [32mCustom CARGO_TARGET_DIR artifacts retrieved: 36 files, 1056 bytes in 2144ms[0m
    [2;3mat[0m rch/src/hook/transfer_orchestration.rs:859 [2;3mon[0m ThreadId(1)

[RCH] remote vmi1152480 (212.7s)
