  [2m2026-06-19T13:14:57.462985Z[0m [32m INFO[0m [1;32mrch::hook[0m[32m: [32mSelected worker: hz2 at root@178.104.77.29 (4 slots remaining after reservation, speed 50.0)[0m
    [2;3mat[0m rch/src/hook.rs:866 [2;3mon[0m ThreadId(1)

  [2m2026-06-19T13:14:57.705725Z[0m [32m INFO[0m [1;32mrch::hook::transfer_orchestration[0m[32m: [32mStarting remote compilation pipeline for frankentorch-cod-b-bold-verify-20260619T130454Z (hash: 6a7bb7ddd8ee8fdc)[0m
    [2;3mat[0m rch/src/hook/transfer_orchestration.rs:241 [2;3mon[0m ThreadId(1)

  [2m2026-06-19T13:14:57.705765Z[0m [32m INFO[0m [1;32mrch::hook::transfer_orchestration[0m[32m: [32mPrepared dependency sync manifest for 13 roots[0m
    [2;3mat[0m rch/src/hook/transfer_orchestration.rs:263 [2;3mon[0m ThreadId(1)

  [2m2026-06-19T13:14:59.286003Z[0m [32m INFO[0m [1;32mrch::hook::transfer_orchestration[0m[32m: [32mSyncing project to worker hz2...[0m
    [2;3mat[0m rch/src/hook/transfer_orchestration.rs:323 [2;3mon[0m ThreadId(1)

  [2m2026-06-19T13:14:59.286056Z[0m [32m INFO[0m [1;32mrch::transfer[0m[32m: [32mSyncing /data/projects/.scratch/frankentorch-cod-b-bold-verify-20260619T130454Z -> /data/projects/.scratch/frankentorch-cod-b-bold-verify-20260619T130454Z on hz2[0m
    [2;3mat[0m rch/src/transfer.rs:1528 [2;3mon[0m ThreadId(1)

  [2m2026-06-19T13:15:01.771179Z[0m [32m INFO[0m [1;32mrch::transfer[0m[32m: [32mSync completed in 2485ms[0m
    [2;3mat[0m rch/src/transfer.rs:1592 [2;3mon[0m ThreadId(1)

  [2m2026-06-19T13:15:01.771247Z[0m [32m INFO[0m [1;32mrch::transfer[0m[32m: [32mSyncing /data/projects/.scratch/frankentorch-cod-b-bold-verify-20260619T130454Z/crates/ft-api -> /data/projects/.scratch/frankentorch-cod-b-bold-verify-20260619T130454Z/crates/ft-api on hz2[0m
    [2;3mat[0m rch/src/transfer.rs:1528 [2;3mon[0m ThreadId(1)

  [2m2026-06-19T13:15:03.637682Z[0m [32m INFO[0m [1;32mrch::transfer[0m[32m: [32mSync completed in 1866ms[0m
    [2;3mat[0m rch/src/transfer.rs:1592 [2;3mon[0m ThreadId(1)

  [2m2026-06-19T13:15:03.637755Z[0m [32m INFO[0m [1;32mrch::transfer[0m[32m: [32mSyncing /data/projects/.scratch/frankentorch-cod-b-bold-verify-20260619T130454Z/crates/ft-autograd -> /data/projects/.scratch/frankentorch-cod-b-bold-verify-20260619T130454Z/crates/ft-autograd on hz2[0m
    [2;3mat[0m rch/src/transfer.rs:1528 [2;3mon[0m ThreadId(1)

  [2m2026-06-19T13:15:05.506248Z[0m [32m INFO[0m [1;32mrch::transfer[0m[32m: [32mSync completed in 1868ms[0m
    [2;3mat[0m rch/src/transfer.rs:1592 [2;3mon[0m ThreadId(1)

  [2m2026-06-19T13:15:05.506335Z[0m [32m INFO[0m [1;32mrch::transfer[0m[32m: [32mSyncing /data/projects/.scratch/frankentorch-cod-b-bold-verify-20260619T130454Z/crates/ft-conformance -> /data/projects/.scratch/frankentorch-cod-b-bold-verify-20260619T130454Z/crates/ft-conformance on hz2[0m
    [2;3mat[0m rch/src/transfer.rs:1528 [2;3mon[0m ThreadId(1)

  [2m2026-06-19T13:15:07.396817Z[0m [32m INFO[0m [1;32mrch::transfer[0m[32m: [32mSync completed in 1890ms[0m
    [2;3mat[0m rch/src/transfer.rs:1592 [2;3mon[0m ThreadId(1)

  [2m2026-06-19T13:15:07.396896Z[0m [32m INFO[0m [1;32mrch::transfer[0m[32m: [32mSyncing /data/projects/.scratch/frankentorch-cod-b-bold-verify-20260619T130454Z/crates/ft-core -> /data/projects/.scratch/frankentorch-cod-b-bold-verify-20260619T130454Z/crates/ft-core on hz2[0m
    [2;3mat[0m rch/src/transfer.rs:1528 [2;3mon[0m ThreadId(1)

  [2m2026-06-19T13:15:09.290113Z[0m [32m INFO[0m [1;32mrch::transfer[0m[32m: [32mSync completed in 1893ms[0m
    [2;3mat[0m rch/src/transfer.rs:1592 [2;3mon[0m ThreadId(1)

  [2m2026-06-19T13:15:09.290191Z[0m [32m INFO[0m [1;32mrch::transfer[0m[32m: [32mSyncing /data/projects/.scratch/frankentorch-cod-b-bold-verify-20260619T130454Z/crates/ft-data -> /data/projects/.scratch/frankentorch-cod-b-bold-verify-20260619T130454Z/crates/ft-data on hz2[0m
    [2;3mat[0m rch/src/transfer.rs:1528 [2;3mon[0m ThreadId(1)

  [2m2026-06-19T13:15:11.210269Z[0m [32m INFO[0m [1;32mrch::transfer[0m[32m: [32mSync completed in 1920ms[0m
    [2;3mat[0m rch/src/transfer.rs:1592 [2;3mon[0m ThreadId(1)

  [2m2026-06-19T13:15:11.210342Z[0m [32m INFO[0m [1;32mrch::transfer[0m[32m: [32mSyncing /data/projects/.scratch/frankentorch-cod-b-bold-verify-20260619T130454Z/crates/ft-device -> /data/projects/.scratch/frankentorch-cod-b-bold-verify-20260619T130454Z/crates/ft-device on hz2[0m
    [2;3mat[0m rch/src/transfer.rs:1528 [2;3mon[0m ThreadId(1)

  [2m2026-06-19T13:15:13.043541Z[0m [32m INFO[0m [1;32mrch::transfer[0m[32m: [32mSync completed in 1833ms[0m
    [2;3mat[0m rch/src/transfer.rs:1592 [2;3mon[0m ThreadId(1)

  [2m2026-06-19T13:15:13.043649Z[0m [32m INFO[0m [1;32mrch::transfer[0m[32m: [32mSyncing /data/projects/.scratch/frankentorch-cod-b-bold-verify-20260619T130454Z/crates/ft-dispatch -> /data/projects/.scratch/frankentorch-cod-b-bold-verify-20260619T130454Z/crates/ft-dispatch on hz2[0m
    [2;3mat[0m rch/src/transfer.rs:1528 [2;3mon[0m ThreadId(1)

  [2m2026-06-19T13:15:15.320020Z[0m [32m INFO[0m [1;32mrch::transfer[0m[32m: [32mSync completed in 2276ms[0m
    [2;3mat[0m rch/src/transfer.rs:1592 [2;3mon[0m ThreadId(1)

  [2m2026-06-19T13:15:15.320087Z[0m [32m INFO[0m [1;32mrch::transfer[0m[32m: [32mSyncing /data/projects/.scratch/frankentorch-cod-b-bold-verify-20260619T130454Z/crates/ft-kernel-cpu -> /data/projects/.scratch/frankentorch-cod-b-bold-verify-20260619T130454Z/crates/ft-kernel-cpu on hz2[0m
    [2;3mat[0m rch/src/transfer.rs:1528 [2;3mon[0m ThreadId(1)

  [2m2026-06-19T13:15:17.153645Z[0m [32m INFO[0m [1;32mrch::transfer[0m[32m: [32mSync completed in 1833ms[0m
    [2;3mat[0m rch/src/transfer.rs:1592 [2;3mon[0m ThreadId(1)

  [2m2026-06-19T13:15:17.153722Z[0m [32m INFO[0m [1;32mrch::transfer[0m[32m: [32mSyncing /data/projects/.scratch/frankentorch-cod-b-bold-verify-20260619T130454Z/crates/ft-nn -> /data/projects/.scratch/frankentorch-cod-b-bold-verify-20260619T130454Z/crates/ft-nn on hz2[0m
    [2;3mat[0m rch/src/transfer.rs:1528 [2;3mon[0m ThreadId(1)

  [2m2026-06-19T13:15:19.018887Z[0m [32m INFO[0m [1;32mrch::transfer[0m[32m: [32mSync completed in 1865ms[0m
    [2;3mat[0m rch/src/transfer.rs:1592 [2;3mon[0m ThreadId(1)

  [2m2026-06-19T13:15:19.018967Z[0m [32m INFO[0m [1;32mrch::transfer[0m[32m: [32mSyncing /data/projects/.scratch/frankentorch-cod-b-bold-verify-20260619T130454Z/crates/ft-optim -> /data/projects/.scratch/frankentorch-cod-b-bold-verify-20260619T130454Z/crates/ft-optim on hz2[0m
    [2;3mat[0m rch/src/transfer.rs:1528 [2;3mon[0m ThreadId(1)

  [2m2026-06-19T13:15:20.831224Z[0m [32m INFO[0m [1;32mrch::transfer[0m[32m: [32mSync completed in 1812ms[0m
    [2;3mat[0m rch/src/transfer.rs:1592 [2;3mon[0m ThreadId(1)

  [2m2026-06-19T13:15:20.831311Z[0m [32m INFO[0m [1;32mrch::transfer[0m[32m: [32mSyncing /data/projects/.scratch/frankentorch-cod-b-bold-verify-20260619T130454Z/crates/ft-runtime -> /data/projects/.scratch/frankentorch-cod-b-bold-verify-20260619T130454Z/crates/ft-runtime on hz2[0m
    [2;3mat[0m rch/src/transfer.rs:1528 [2;3mon[0m ThreadId(1)

  [2m2026-06-19T13:15:22.688961Z[0m [32m INFO[0m [1;32mrch::transfer[0m[32m: [32mSync completed in 1857ms[0m
    [2;3mat[0m rch/src/transfer.rs:1592 [2;3mon[0m ThreadId(1)

  [2m2026-06-19T13:15:22.689026Z[0m [32m INFO[0m [1;32mrch::transfer[0m[32m: [32mSyncing /data/projects/.scratch/frankentorch-cod-b-bold-verify-20260619T130454Z/crates/ft-serialize -> /data/projects/.scratch/frankentorch-cod-b-bold-verify-20260619T130454Z/crates/ft-serialize on hz2[0m
    [2;3mat[0m rch/src/transfer.rs:1528 [2;3mon[0m ThreadId(1)

  [2m2026-06-19T13:15:24.507469Z[0m [32m INFO[0m [1;32mrch::transfer[0m[32m: [32mSync completed in 1818ms[0m
    [2;3mat[0m rch/src/transfer.rs:1592 [2;3mon[0m ThreadId(1)

  [2m2026-06-19T13:15:24.507514Z[0m [32m INFO[0m [1;32mrch::hook::transfer_orchestration[0m[32m: [32mSync complete: 3975 files, 166894 bytes in 25216ms[0m
    [2;3mat[0m rch/src/hook/transfer_orchestration.rs:486 [2;3mon[0m ThreadId(1)

  [2m2026-06-19T13:15:31.489539Z[0m [32m INFO[0m [1;32mrch::hook::transfer_orchestration[0m[32m: [32mExecuting command remotely: cargo bench -p ft-api --bench pytorch_gauntlet_bench -- max_pool3d --noplot[0m
    [2;3mat[0m rch/src/hook/transfer_orchestration.rs:529 [2;3mon[0m ThreadId(1)

  [2m2026-06-19T13:15:31.489576Z[0m [32m INFO[0m [1;32mrch::transfer[0m[32m: [32mRewriting CARGO_TARGET_DIR for remote execution (worker-scoped path): /data/projects/.rch-targets/frankentorch-cod-b -> /data/projects/.scratch/frankentorch-cod-b-bold-verify-20260619T130454Z/.rch-target-hz2-pool-edc95f14a82e85cac0e6add05bba934e[0m
    [2;3mat[0m rch/src/transfer.rs:799 [2;3mon[0m ThreadId(1)

    Updating crates.io index
 Downloading crates ...
  Downloaded cast v0.3.0
  Downloaded anstyle v1.0.14
  Downloaded autocfg v1.5.0
  Downloaded aho-corasick v1.1.4
  Downloaded anes v0.1.6
  Downloaded bytemuck_derive v1.10.2
  Downloaded bytemuck v1.25.0
  Downloaded is-terminal v0.4.17
  Downloaded criterion v0.5.1
  Downloaded once_cell v1.21.4
  Downloaded itoa v1.0.18
  Downloaded num-traits v0.2.19
  Downloaded plotters-svg v0.3.7
  Downloaded clap_lex v1.1.0
  Downloaded tinytemplate v1.2.1
  Downloaded crossbeam-epoch v0.9.18
  Downloaded either v1.15.0
  Downloaded matrixmultiply v0.3.10
  Downloaded cfg-if v1.0.4
  Downloaded crossbeam-deque v0.8.6
  Downloaded crossbeam-utils v0.8.21
  Downloaded oorandom v11.1.5
  Downloaded plotters-backend v0.3.7
  Downloaded ciborium v0.2.2
  Downloaded quote v1.0.45
  Downloaded serde_derive v1.0.228
  Downloaded zmij v1.0.21
  Downloaded ciborium-io v0.2.2
  Downloaded ciborium-ll v0.2.2
  Downloaded rawpointer v0.2.1
  Downloaded same-file v1.0.6
  Downloaded walkdir v2.5.0
  Downloaded criterion-plot v0.5.0
  Downloaded num-complex v0.4.6
  Downloaded clap v4.6.1
  Downloaded itertools v0.10.5
  Downloaded serde_core v1.0.228
  Downloaded half v2.7.1
  Downloaded proc-macro2 v1.0.106
  Downloaded unicode-ident v1.0.24
  Downloaded plotters v0.3.7
  Downloaded safe_arch v0.7.4
  Downloaded rayon-core v1.13.0
  Downloaded zerocopy-derive v0.8.48
  Downloaded serde v1.0.228
  Downloaded wide v0.7.33
  Downloaded memchr v2.8.0
  Downloaded regex v1.12.3
  Downloaded libm v0.2.16
  Downloaded serde_json v1.0.149
  Downloaded clap_builder v4.6.0
  Downloaded rayon v1.12.0
  Downloaded zerocopy v0.8.48
  Downloaded regex-syntax v0.8.10
  Downloaded syn v2.0.117
  Downloaded libc v0.2.185
  Downloaded regex-automata v0.4.14
   Compiling proc-macro2 v1.0.106
   Compiling unicode-ident v1.0.24
   Compiling quote v1.0.45
   Compiling autocfg v1.5.0
   Compiling zerocopy v0.8.48
   Compiling crossbeam-utils v0.8.21
   Compiling cfg-if v1.0.4
   Compiling either v1.15.0
   Compiling rayon-core v1.13.0
   Compiling serde_core v1.0.228
   Compiling libm v0.2.16
   Compiling rawpointer v0.2.1
   Compiling zmij v1.0.21
   Compiling serde v1.0.228
   Compiling libc v0.2.185
   Compiling serde_json v1.0.149
   Compiling regex-syntax v0.8.10
   Compiling ciborium-io v0.2.2
   Compiling itoa v1.0.18
   Compiling clap_lex v1.1.0
   Compiling plotters-backend v0.3.7
   Compiling anstyle v1.0.14
   Compiling memchr v2.8.0
   Compiling itertools v0.10.5
   Compiling same-file v1.0.6
   Compiling cast v0.3.0
   Compiling num-traits v0.2.19
   Compiling matrixmultiply v0.3.10
   Compiling clap_builder v4.6.0
   Compiling plotters-svg v0.3.7
   Compiling walkdir v2.5.0
   Compiling oorandom v11.1.5
   Compiling once_cell v1.21.4
   Compiling anes v0.1.6
   Compiling crossbeam-epoch v0.9.18
   Compiling syn v2.0.117
   Compiling crossbeam-deque v0.8.6
   Compiling num-complex v0.4.6
   Compiling plotters v0.3.7
   Compiling is-terminal v0.4.17
   Compiling regex-automata v0.4.14
   Compiling rayon v1.12.0
   Compiling criterion-plot v0.5.0
   Compiling clap v4.6.1
   Compiling regex v1.12.3
   Compiling bytemuck_derive v1.10.2
   Compiling zerocopy-derive v0.8.48
   Compiling serde_derive v1.0.228
   Compiling bytemuck v1.25.0
   Compiling safe_arch v0.7.4
   Compiling wide v0.7.33
   Compiling tinytemplate v1.2.1
   Compiling half v2.7.1
   Compiling ft-core v0.1.0 (/data/projects/.scratch/frankentorch-cod-b-bold-verify-20260619T130454Z/crates/ft-core)
   Compiling ciborium-ll v0.2.2
   Compiling ciborium v0.2.2
   Compiling ft-kernel-cpu v0.1.0 (/data/projects/.scratch/frankentorch-cod-b-bold-verify-20260619T130454Z/crates/ft-kernel-cpu)
   Compiling ft-runtime v0.1.0 (/data/projects/.scratch/frankentorch-cod-b-bold-verify-20260619T130454Z/crates/ft-runtime)
   Compiling criterion v0.5.1
   Compiling ft-dispatch v0.1.0 (/data/projects/.scratch/frankentorch-cod-b-bold-verify-20260619T130454Z/crates/ft-dispatch)
   Compiling ft-autograd v0.1.0 (/data/projects/.scratch/frankentorch-cod-b-bold-verify-20260619T130454Z/crates/ft-autograd)
   Compiling ft-api v0.1.0 (/data/projects/.scratch/frankentorch-cod-b-bold-verify-20260619T130454Z/crates/ft-api)
    Finished `bench` profile [optimized + debuginfo] target(s) in 54.38s
     Running benches/pytorch_gauntlet_bench.rs (.rch-target-hz2-pool-edc95f14a82e85cac0e6add05bba934e/release/deps/pytorch_gauntlet_bench-5f2ebc2fd9ddf042)
Gnuplot not found, using plotters backend
Benchmarking gauntlet_max_pool3d_grad/frankentorch_kgs4_117
Benchmarking gauntlet_max_pool3d_grad/frankentorch_kgs4_117: Warming up for 1.0000 s
Benchmarking gauntlet_max_pool3d_grad/frankentorch_kgs4_117: Collecting 10 samples in estimated 3.0776 s (330 iterations)
Benchmarking gauntlet_max_pool3d_grad/frankentorch_kgs4_117: Analyzing
gauntlet_max_pool3d_grad/frankentorch_kgs4_117
                        time:   [4.5123 ms 5.4809 ms 6.9749 ms]
                        change: [-41.371% -31.037% -18.732%] (p = 0.00 < 0.05)
                        Performance has improved.
Benchmarking gauntlet_max_pool3d_grad/pytorch_2_12_cpu
Benchmarking gauntlet_max_pool3d_grad/pytorch_2_12_cpu: Warming up for 1.0000 s
PyTorch max_pool3d benchmark failed with status Some(1)
stdout:

stderr:
Traceback (most recent call last):
  File "/data/projects/.scratch/frankentorch-cod-b-bold-verify-20260619T130454Z/crates/ft-api/benches/pytorch_max_pool3d_grad.py", line 4, in <module>
    import torch
ModuleNotFoundError: No module named 'torch'

error: bench failed, to rerun pass `-p ft-api --bench pytorch_gauntlet_bench`

Caused by:
  process didn't exit successfully: `/data/projects/.scratch/frankentorch-cod-b-bold-verify-20260619T130454Z/.rch-target-hz2-pool-edc95f14a82e85cac0e6add05bba934e/release/deps/pytorch_gauntlet_bench-5f2ebc2fd9ddf042 max_pool3d --noplot --bench` (exit status: 1)
  [2m2026-06-19T13:16:31.039871Z[0m [32m INFO[0m [1;32mrch::hook::transfer_orchestration[0m[32m: [32mRemote command finished: exit=1 in 59550ms[0m
    [2;3mat[0m rch/src/hook/transfer_orchestration.rs:653 [2;3mon[0m ThreadId(1)

[RCH] remote hz2 failed (exit 1)
