  [2m2026-06-21T14:14:45.367700Z[0m [32m INFO[0m [1;32mrch::hook[0m[32m: [32mSelected worker: hz1 at root@87.99.133.171 (4 slots remaining after reservation, speed 50.0)[0m
    [2;3mat[0m rch/src/hook.rs:921 [2;3mon[0m ThreadId(1)

  [2m2026-06-21T14:14:45.579703Z[0m [32m INFO[0m [1;32mrch::hook::transfer_orchestration[0m[32m: [32mStarting remote compilation pipeline for frankentorch (hash: 8bff0f160f3f4ce1)[0m
    [2;3mat[0m rch/src/hook/transfer_orchestration.rs:241 [2;3mon[0m ThreadId(1)

  [2m2026-06-21T14:14:45.579740Z[0m [32m INFO[0m [1;32mrch::hook::transfer_orchestration[0m[32m: [32mPrepared dependency sync manifest for 13 roots[0m
    [2;3mat[0m rch/src/hook/transfer_orchestration.rs:263 [2;3mon[0m ThreadId(1)

  [2m2026-06-21T14:14:46.239428Z[0m [32m INFO[0m [1;32mrch::hook::transfer_orchestration[0m[32m: [32mSyncing project to worker hz1...[0m
    [2;3mat[0m rch/src/hook/transfer_orchestration.rs:323 [2;3mon[0m ThreadId(1)

  [2m2026-06-21T14:14:46.239484Z[0m [32m INFO[0m [1;32mrch::transfer[0m[32m: [32mSyncing /data/projects/frankentorch -> /data/projects/frankentorch on hz1[0m
    [2;3mat[0m rch/src/transfer.rs:1528 [2;3mon[0m ThreadId(1)

  [2m2026-06-21T14:14:49.076549Z[0m [32m INFO[0m [1;32mrch::transfer[0m[32m: [32mSync completed in 2837ms[0m
    [2;3mat[0m rch/src/transfer.rs:1592 [2;3mon[0m ThreadId(1)

  [2m2026-06-21T14:14:49.076604Z[0m [32m INFO[0m [1;32mrch::transfer[0m[32m: [32mSyncing /data/projects/frankentorch/crates/ft-api -> /data/projects/frankentorch/crates/ft-api on hz1[0m
    [2;3mat[0m rch/src/transfer.rs:1528 [2;3mon[0m ThreadId(1)

  [2m2026-06-21T14:14:49.482412Z[0m [32m INFO[0m [1;32mrch::transfer[0m[32m: [32mSync completed in 405ms[0m
    [2;3mat[0m rch/src/transfer.rs:1592 [2;3mon[0m ThreadId(1)

  [2m2026-06-21T14:14:49.482480Z[0m [32m INFO[0m [1;32mrch::transfer[0m[32m: [32mSyncing /data/projects/frankentorch/crates/ft-autograd -> /data/projects/frankentorch/crates/ft-autograd on hz1[0m
    [2;3mat[0m rch/src/transfer.rs:1528 [2;3mon[0m ThreadId(1)

  [2m2026-06-21T14:14:49.863653Z[0m [32m INFO[0m [1;32mrch::transfer[0m[32m: [32mSync completed in 381ms[0m
    [2;3mat[0m rch/src/transfer.rs:1592 [2;3mon[0m ThreadId(1)

  [2m2026-06-21T14:14:49.863725Z[0m [32m INFO[0m [1;32mrch::transfer[0m[32m: [32mSyncing /data/projects/frankentorch/crates/ft-conformance -> /data/projects/frankentorch/crates/ft-conformance on hz1[0m
    [2;3mat[0m rch/src/transfer.rs:1528 [2;3mon[0m ThreadId(1)

  [2m2026-06-21T14:14:50.288024Z[0m [32m INFO[0m [1;32mrch::transfer[0m[32m: [32mSync completed in 424ms[0m
    [2;3mat[0m rch/src/transfer.rs:1592 [2;3mon[0m ThreadId(1)

  [2m2026-06-21T14:14:50.288095Z[0m [32m INFO[0m [1;32mrch::transfer[0m[32m: [32mSyncing /data/projects/frankentorch/crates/ft-core -> /data/projects/frankentorch/crates/ft-core on hz1[0m
    [2;3mat[0m rch/src/transfer.rs:1528 [2;3mon[0m ThreadId(1)

  [2m2026-06-21T14:14:50.716615Z[0m [32m INFO[0m [1;32mrch::transfer[0m[32m: [32mSync completed in 428ms[0m
    [2;3mat[0m rch/src/transfer.rs:1592 [2;3mon[0m ThreadId(1)

  [2m2026-06-21T14:14:50.716681Z[0m [32m INFO[0m [1;32mrch::transfer[0m[32m: [32mSyncing /data/projects/frankentorch/crates/ft-data -> /data/projects/frankentorch/crates/ft-data on hz1[0m
    [2;3mat[0m rch/src/transfer.rs:1528 [2;3mon[0m ThreadId(1)

  [2m2026-06-21T14:14:51.106343Z[0m [32m INFO[0m [1;32mrch::transfer[0m[32m: [32mSync completed in 389ms[0m
    [2;3mat[0m rch/src/transfer.rs:1592 [2;3mon[0m ThreadId(1)

  [2m2026-06-21T14:14:51.106407Z[0m [32m INFO[0m [1;32mrch::transfer[0m[32m: [32mSyncing /data/projects/frankentorch/crates/ft-device -> /data/projects/frankentorch/crates/ft-device on hz1[0m
    [2;3mat[0m rch/src/transfer.rs:1528 [2;3mon[0m ThreadId(1)

  [2m2026-06-21T14:14:51.497497Z[0m [32m INFO[0m [1;32mrch::transfer[0m[32m: [32mSync completed in 391ms[0m
    [2;3mat[0m rch/src/transfer.rs:1592 [2;3mon[0m ThreadId(1)

  [2m2026-06-21T14:14:51.497581Z[0m [32m INFO[0m [1;32mrch::transfer[0m[32m: [32mSyncing /data/projects/frankentorch/crates/ft-dispatch -> /data/projects/frankentorch/crates/ft-dispatch on hz1[0m
    [2;3mat[0m rch/src/transfer.rs:1528 [2;3mon[0m ThreadId(1)

  [2m2026-06-21T14:14:51.875692Z[0m [32m INFO[0m [1;32mrch::transfer[0m[32m: [32mSync completed in 378ms[0m
    [2;3mat[0m rch/src/transfer.rs:1592 [2;3mon[0m ThreadId(1)

  [2m2026-06-21T14:14:51.875762Z[0m [32m INFO[0m [1;32mrch::transfer[0m[32m: [32mSyncing /data/projects/frankentorch/crates/ft-kernel-cpu -> /data/projects/frankentorch/crates/ft-kernel-cpu on hz1[0m
    [2;3mat[0m rch/src/transfer.rs:1528 [2;3mon[0m ThreadId(1)

  [2m2026-06-21T14:14:52.260834Z[0m [32m INFO[0m [1;32mrch::transfer[0m[32m: [32mSync completed in 385ms[0m
    [2;3mat[0m rch/src/transfer.rs:1592 [2;3mon[0m ThreadId(1)

  [2m2026-06-21T14:14:52.260896Z[0m [32m INFO[0m [1;32mrch::transfer[0m[32m: [32mSyncing /data/projects/frankentorch/crates/ft-nn -> /data/projects/frankentorch/crates/ft-nn on hz1[0m
    [2;3mat[0m rch/src/transfer.rs:1528 [2;3mon[0m ThreadId(1)

  [2m2026-06-21T14:14:52.679615Z[0m [32m INFO[0m [1;32mrch::transfer[0m[32m: [32mSync completed in 418ms[0m
    [2;3mat[0m rch/src/transfer.rs:1592 [2;3mon[0m ThreadId(1)

  [2m2026-06-21T14:14:52.679677Z[0m [32m INFO[0m [1;32mrch::transfer[0m[32m: [32mSyncing /data/projects/frankentorch/crates/ft-optim -> /data/projects/frankentorch/crates/ft-optim on hz1[0m
    [2;3mat[0m rch/src/transfer.rs:1528 [2;3mon[0m ThreadId(1)

  [2m2026-06-21T14:14:53.067033Z[0m [32m INFO[0m [1;32mrch::transfer[0m[32m: [32mSync completed in 387ms[0m
    [2;3mat[0m rch/src/transfer.rs:1592 [2;3mon[0m ThreadId(1)

  [2m2026-06-21T14:14:53.067115Z[0m [32m INFO[0m [1;32mrch::transfer[0m[32m: [32mSyncing /data/projects/frankentorch/crates/ft-runtime -> /data/projects/frankentorch/crates/ft-runtime on hz1[0m
    [2;3mat[0m rch/src/transfer.rs:1528 [2;3mon[0m ThreadId(1)

  [2m2026-06-21T14:14:53.448093Z[0m [32m INFO[0m [1;32mrch::transfer[0m[32m: [32mSync completed in 380ms[0m
    [2;3mat[0m rch/src/transfer.rs:1592 [2;3mon[0m ThreadId(1)

  [2m2026-06-21T14:14:53.448157Z[0m [32m INFO[0m [1;32mrch::transfer[0m[32m: [32mSyncing /data/projects/frankentorch/crates/ft-serialize -> /data/projects/frankentorch/crates/ft-serialize on hz1[0m
    [2;3mat[0m rch/src/transfer.rs:1528 [2;3mon[0m ThreadId(1)

  [2m2026-06-21T14:14:53.831696Z[0m [32m INFO[0m [1;32mrch::transfer[0m[32m: [32mSync completed in 383ms[0m
    [2;3mat[0m rch/src/transfer.rs:1592 [2;3mon[0m ThreadId(1)

  [2m2026-06-21T14:14:53.831732Z[0m [32m INFO[0m [1;32mrch::hook::transfer_orchestration[0m[32m: [32mSync complete: 53897 files, 2156431 bytes in 7586ms[0m
    [2;3mat[0m rch/src/hook/transfer_orchestration.rs:486 [2;3mon[0m ThreadId(1)

  [2m2026-06-21T14:14:55.470001Z[0m [32m INFO[0m [1;32mrch::hook::transfer_orchestration[0m[32m: [32mExecuting command remotely: cargo clippy -p ft-kernel-cpu --lib -- -D warnings[0m
    [2;3mat[0m rch/src/hook/transfer_orchestration.rs:529 [2;3mon[0m ThreadId(1)

  [2m2026-06-21T14:14:55.470038Z[0m [32m INFO[0m [1;32mrch::transfer[0m[32m: [32mRewriting CARGO_TARGET_DIR for remote execution (worker-scoped path): /data/projects/.rch-targets/frankentorch-cod-b -> /data/projects/frankentorch/.rch-target-hz1-pool-a7b1c8c357b0059b1f61676dcab2f583[0m
    [2;3mat[0m rch/src/transfer.rs:799 [2;3mon[0m ThreadId(1)

    Updating crates.io index
 Downloading crates ...
  Downloaded autocfg v1.5.0
  Downloaded matrixmultiply v0.3.10
  Downloaded cfg-if v1.0.4
  Downloaded crossbeam-utils v0.8.21
  Downloaded rawpointer v0.2.1
  Downloaded bytemuck_derive v1.10.2
  Downloaded crossbeam-deque v0.8.6
  Downloaded crossbeam-epoch v0.9.18
  Downloaded num-complex v0.4.6
  Downloaded quote v1.0.45
  Downloaded either v1.15.0
  Downloaded half v2.7.1
  Downloaded num-traits v0.2.19
  Downloaded unicode-ident v1.0.24
  Downloaded bytemuck v1.25.0
  Downloaded rayon-core v1.13.0
  Downloaded proc-macro2 v1.0.106
  Downloaded safe_arch v0.7.4
  Downloaded wide v0.7.33
  Downloaded zerocopy-derive v0.8.48
  Downloaded libm v0.2.16
  Downloaded rayon v1.12.0
  Downloaded zerocopy v0.8.48
  Downloaded syn v2.0.117
   Compiling proc-macro2 v1.0.106
   Compiling quote v1.0.45
   Compiling unicode-ident v1.0.24
   Compiling autocfg v1.5.0
   Compiling crossbeam-utils v0.8.21
   Compiling zerocopy v0.8.48
   Compiling rayon-core v1.13.0
    Checking cfg-if v1.0.4
   Compiling libm v0.2.16
    Checking either v1.15.0
    Checking rawpointer v0.2.1
   Compiling num-traits v0.2.19
   Compiling matrixmultiply v0.3.10
    Checking crossbeam-epoch v0.9.18
    Checking crossbeam-deque v0.8.6
   Compiling syn v2.0.117
    Checking num-complex v0.4.6
    Checking rayon v1.12.0
   Compiling bytemuck_derive v1.10.2
   Compiling zerocopy-derive v0.8.48
    Checking bytemuck v1.25.0
    Checking safe_arch v0.7.4
    Checking wide v0.7.33
    Checking half v2.7.1
    Checking ft-core v0.1.0 (/data/projects/frankentorch/crates/ft-core)
    Checking ft-kernel-cpu v0.1.0 (/data/projects/frankentorch/crates/ft-kernel-cpu)
error: it looks like you're manually copying between slices
     --> crates/ft-kernel-cpu/src/lib.rs:12819:9
      |
12819 | /         for inner in 0..inner_size {
12820 | |             acc[inner] += src[inner];
12821 | |             dst[inner] = acc[inner];
12822 | |         }
      | |_________^ help: try replacing the loop by: `dst[..inner_size].copy_from_slice(&acc[..inner_size]);`
      |
      = help: for further information visit https://rust-lang.github.io/rust-clippy/master/index.html#manual_memcpy
      = note: `-D clippy::manual-memcpy` implied by `-D warnings`
      = help: to override `-D warnings` add `#[allow(clippy::manual_memcpy)]`

error: it looks like you're manually copying between slices
     --> crates/ft-kernel-cpu/src/lib.rs:13289:9
      |
13289 | /         for inner in 0..inner_size {
13290 | |             acc[inner] += src[inner];
13291 | |             dst[inner] = acc[inner];
13292 | |         }
      | |_________^ help: try replacing the loop by: `dst[..inner_size].copy_from_slice(&acc[..inner_size]);`
      |
      = help: for further information visit https://rust-lang.github.io/rust-clippy/master/index.html#manual_memcpy

error: it looks like you're manually copying between slices
     --> crates/ft-kernel-cpu/src/lib.rs:13377:9
      |
13377 | /         for inner in 0..inner_size {
13378 | |             acc[inner] *= src[inner];
13379 | |             dst[inner] = acc[inner];
13380 | |         }
      | |_________^ help: try replacing the loop by: `dst[..inner_size].copy_from_slice(&acc[..inner_size]);`
      |
      = help: for further information visit https://rust-lang.github.io/rust-clippy/master/index.html#manual_memcpy

error: it looks like you're manually copying between slices
     --> crates/ft-kernel-cpu/src/lib.rs:26387:9
      |
26387 | /         for inner in 0..inner_size {
26388 | |             acc[inner] += src[inner];
26389 | |             dst[inner] = acc[inner];
26390 | |         }
      | |_________^ help: try replacing the loop by: `dst[..inner_size].copy_from_slice(&acc[..inner_size]);`
      |
      = help: for further information visit https://rust-lang.github.io/rust-clippy/master/index.html#manual_memcpy

error: it looks like you're manually copying between slices
     --> crates/ft-kernel-cpu/src/lib.rs:26465:9
      |
26465 | /         for inner in 0..inner_size {
26466 | |             acc[inner] += src[inner];
26467 | |             dst[inner] = acc[inner];
26468 | |         }
      | |_________^ help: try replacing the loop by: `dst[..inner_size].copy_from_slice(&acc[..inner_size]);`
      |
      = help: for further information visit https://rust-lang.github.io/rust-clippy/master/index.html#manual_memcpy

error: it looks like you're manually copying between slices
     --> crates/ft-kernel-cpu/src/lib.rs:26538:9
      |
26538 | /         for inner in 0..inner_size {
26539 | |             acc[inner] *= src[inner];
26540 | |             dst[inner] = acc[inner];
26541 | |         }
      | |_________^ help: try replacing the loop by: `dst[..inner_size].copy_from_slice(&acc[..inner_size]);`
      |
      = help: for further information visit https://rust-lang.github.io/rust-clippy/master/index.html#manual_memcpy

error: could not compile `ft-kernel-cpu` (lib) due to 6 previous errors
  [2m2026-06-21T14:15:07.990423Z[0m [32m INFO[0m [1;32mrch::hook::transfer_orchestration[0m[32m: [32mRemote command finished: exit=101 in 12520ms[0m
    [2;3mat[0m rch/src/hook/transfer_orchestration.rs:653 [2;3mon[0m ThreadId(1)

[RCH] remote hz1 failed (exit 101)
