  [2m2026-06-13T22:21:59.205259Z[0m [32m INFO[0m [1;32mrch::hook[0m[32m: [32mSelected worker: vmi1149989 at root@212.90.121.76 (0 slots remaining after reservation, speed 50.0)[0m
    [2;3mat[0m rch/src/hook.rs:514 [2;3mon[0m ThreadId(1)

  [2m2026-06-13T22:21:59.526680Z[0m [32m INFO[0m [1;32mrch::hook[0m[32m: [32mStarting remote compilation pipeline for frankentorch-kgs4-sgemm-bt-20260613T221558 (hash: 285b87eb03f46eb8)[0m
    [2;3mat[0m rch/src/hook.rs:5994 [2;3mon[0m ThreadId(1)

  [2m2026-06-13T22:21:59.526742Z[0m [32m INFO[0m [1;32mrch::hook[0m[32m: [32mPrepared dependency sync manifest for 13 roots[0m
    [2;3mat[0m rch/src/hook.rs:6016 [2;3mon[0m ThreadId(1)

  [2m2026-06-13T22:22:01.116496Z[0m [32m INFO[0m [1;32mrch::hook[0m[32m: [32mSyncing project to worker vmi1149989...[0m
    [2;3mat[0m rch/src/hook.rs:6046 [2;3mon[0m ThreadId(1)

  [2m2026-06-13T22:22:01.116559Z[0m [32m INFO[0m [1;32mrch::transfer[0m[32m: [32mSyncing /data/projects/.scratch/frankentorch-kgs4-sgemm-bt-20260613T221558 -> /data/projects/.scratch/frankentorch-kgs4-sgemm-bt-20260613T221558 on vmi1149989[0m
    [2;3mat[0m rch/src/transfer.rs:1434 [2;3mon[0m ThreadId(1)

  [2m2026-06-13T22:22:03.504108Z[0m [32m INFO[0m [1;32mrch::transfer[0m[32m: [32mSync completed in 2387ms[0m
    [2;3mat[0m rch/src/transfer.rs:1503 [2;3mon[0m ThreadId(1)

  [2m2026-06-13T22:22:03.504184Z[0m [32m INFO[0m [1;32mrch::transfer[0m[32m: [32mSyncing /data/projects/.scratch/frankentorch-kgs4-sgemm-bt-20260613T221558/crates/ft-api -> /data/projects/.scratch/frankentorch-kgs4-sgemm-bt-20260613T221558/crates/ft-api on vmi1149989[0m
    [2;3mat[0m rch/src/transfer.rs:1434 [2;3mon[0m ThreadId(1)

  [2m2026-06-13T22:22:05.403019Z[0m [32m INFO[0m [1;32mrch::transfer[0m[32m: [32mSync completed in 1898ms[0m
    [2;3mat[0m rch/src/transfer.rs:1503 [2;3mon[0m ThreadId(1)

  [2m2026-06-13T22:22:05.403093Z[0m [32m INFO[0m [1;32mrch::transfer[0m[32m: [32mSyncing /data/projects/.scratch/frankentorch-kgs4-sgemm-bt-20260613T221558/crates/ft-autograd -> /data/projects/.scratch/frankentorch-kgs4-sgemm-bt-20260613T221558/crates/ft-autograd on vmi1149989[0m
    [2;3mat[0m rch/src/transfer.rs:1434 [2;3mon[0m ThreadId(1)

  [2m2026-06-13T22:22:07.324644Z[0m [32m INFO[0m [1;32mrch::transfer[0m[32m: [32mSync completed in 1921ms[0m
    [2;3mat[0m rch/src/transfer.rs:1503 [2;3mon[0m ThreadId(1)

  [2m2026-06-13T22:22:07.324711Z[0m [32m INFO[0m [1;32mrch::transfer[0m[32m: [32mSyncing /data/projects/.scratch/frankentorch-kgs4-sgemm-bt-20260613T221558/crates/ft-conformance -> /data/projects/.scratch/frankentorch-kgs4-sgemm-bt-20260613T221558/crates/ft-conformance on vmi1149989[0m
    [2;3mat[0m rch/src/transfer.rs:1434 [2;3mon[0m ThreadId(1)

  [2m2026-06-13T22:22:09.293969Z[0m [32m INFO[0m [1;32mrch::transfer[0m[32m: [32mSync completed in 1969ms[0m
    [2;3mat[0m rch/src/transfer.rs:1503 [2;3mon[0m ThreadId(1)

  [2m2026-06-13T22:22:09.294049Z[0m [32m INFO[0m [1;32mrch::transfer[0m[32m: [32mSyncing /data/projects/.scratch/frankentorch-kgs4-sgemm-bt-20260613T221558/crates/ft-core -> /data/projects/.scratch/frankentorch-kgs4-sgemm-bt-20260613T221558/crates/ft-core on vmi1149989[0m
    [2;3mat[0m rch/src/transfer.rs:1434 [2;3mon[0m ThreadId(1)

  [2m2026-06-13T22:22:11.258545Z[0m [32m INFO[0m [1;32mrch::transfer[0m[32m: [32mSync completed in 1964ms[0m
    [2;3mat[0m rch/src/transfer.rs:1503 [2;3mon[0m ThreadId(1)

  [2m2026-06-13T22:22:11.258614Z[0m [32m INFO[0m [1;32mrch::transfer[0m[32m: [32mSyncing /data/projects/.scratch/frankentorch-kgs4-sgemm-bt-20260613T221558/crates/ft-data -> /data/projects/.scratch/frankentorch-kgs4-sgemm-bt-20260613T221558/crates/ft-data on vmi1149989[0m
    [2;3mat[0m rch/src/transfer.rs:1434 [2;3mon[0m ThreadId(1)

  [2m2026-06-13T22:22:13.129784Z[0m [32m INFO[0m [1;32mrch::transfer[0m[32m: [32mSync completed in 1871ms[0m
    [2;3mat[0m rch/src/transfer.rs:1503 [2;3mon[0m ThreadId(1)

  [2m2026-06-13T22:22:13.129854Z[0m [32m INFO[0m [1;32mrch::transfer[0m[32m: [32mSyncing /data/projects/.scratch/frankentorch-kgs4-sgemm-bt-20260613T221558/crates/ft-device -> /data/projects/.scratch/frankentorch-kgs4-sgemm-bt-20260613T221558/crates/ft-device on vmi1149989[0m
    [2;3mat[0m rch/src/transfer.rs:1434 [2;3mon[0m ThreadId(1)

  [2m2026-06-13T22:22:14.998013Z[0m [32m INFO[0m [1;32mrch::transfer[0m[32m: [32mSync completed in 1868ms[0m
    [2;3mat[0m rch/src/transfer.rs:1503 [2;3mon[0m ThreadId(1)

  [2m2026-06-13T22:22:14.998095Z[0m [32m INFO[0m [1;32mrch::transfer[0m[32m: [32mSyncing /data/projects/.scratch/frankentorch-kgs4-sgemm-bt-20260613T221558/crates/ft-dispatch -> /data/projects/.scratch/frankentorch-kgs4-sgemm-bt-20260613T221558/crates/ft-dispatch on vmi1149989[0m
    [2;3mat[0m rch/src/transfer.rs:1434 [2;3mon[0m ThreadId(1)

  [2m2026-06-13T22:22:16.829504Z[0m [32m INFO[0m [1;32mrch::transfer[0m[32m: [32mSync completed in 1831ms[0m
    [2;3mat[0m rch/src/transfer.rs:1503 [2;3mon[0m ThreadId(1)

  [2m2026-06-13T22:22:16.829590Z[0m [32m INFO[0m [1;32mrch::transfer[0m[32m: [32mSyncing /data/projects/.scratch/frankentorch-kgs4-sgemm-bt-20260613T221558/crates/ft-kernel-cpu -> /data/projects/.scratch/frankentorch-kgs4-sgemm-bt-20260613T221558/crates/ft-kernel-cpu on vmi1149989[0m
    [2;3mat[0m rch/src/transfer.rs:1434 [2;3mon[0m ThreadId(1)

  [2m2026-06-13T22:22:18.716381Z[0m [32m INFO[0m [1;32mrch::transfer[0m[32m: [32mSync completed in 1886ms[0m
    [2;3mat[0m rch/src/transfer.rs:1503 [2;3mon[0m ThreadId(1)

  [2m2026-06-13T22:22:18.716474Z[0m [32m INFO[0m [1;32mrch::transfer[0m[32m: [32mSyncing /data/projects/.scratch/frankentorch-kgs4-sgemm-bt-20260613T221558/crates/ft-nn -> /data/projects/.scratch/frankentorch-kgs4-sgemm-bt-20260613T221558/crates/ft-nn on vmi1149989[0m
    [2;3mat[0m rch/src/transfer.rs:1434 [2;3mon[0m ThreadId(1)

  [2m2026-06-13T22:22:20.483918Z[0m [32m INFO[0m [1;32mrch::transfer[0m[32m: [32mSync completed in 1767ms[0m
    [2;3mat[0m rch/src/transfer.rs:1503 [2;3mon[0m ThreadId(1)

  [2m2026-06-13T22:22:20.484012Z[0m [32m INFO[0m [1;32mrch::transfer[0m[32m: [32mSyncing /data/projects/.scratch/frankentorch-kgs4-sgemm-bt-20260613T221558/crates/ft-optim -> /data/projects/.scratch/frankentorch-kgs4-sgemm-bt-20260613T221558/crates/ft-optim on vmi1149989[0m
    [2;3mat[0m rch/src/transfer.rs:1434 [2;3mon[0m ThreadId(1)

  [2m2026-06-13T22:22:22.347152Z[0m [32m INFO[0m [1;32mrch::transfer[0m[32m: [32mSync completed in 1863ms[0m
    [2;3mat[0m rch/src/transfer.rs:1503 [2;3mon[0m ThreadId(1)

  [2m2026-06-13T22:22:22.347220Z[0m [32m INFO[0m [1;32mrch::transfer[0m[32m: [32mSyncing /data/projects/.scratch/frankentorch-kgs4-sgemm-bt-20260613T221558/crates/ft-runtime -> /data/projects/.scratch/frankentorch-kgs4-sgemm-bt-20260613T221558/crates/ft-runtime on vmi1149989[0m
    [2;3mat[0m rch/src/transfer.rs:1434 [2;3mon[0m ThreadId(1)

  [2m2026-06-13T22:22:24.283121Z[0m [32m INFO[0m [1;32mrch::transfer[0m[32m: [32mSync completed in 1935ms[0m
    [2;3mat[0m rch/src/transfer.rs:1503 [2;3mon[0m ThreadId(1)

  [2m2026-06-13T22:22:24.283251Z[0m [32m INFO[0m [1;32mrch::transfer[0m[32m: [32mSyncing /data/projects/.scratch/frankentorch-kgs4-sgemm-bt-20260613T221558/crates/ft-serialize -> /data/projects/.scratch/frankentorch-kgs4-sgemm-bt-20260613T221558/crates/ft-serialize on vmi1149989[0m
    [2;3mat[0m rch/src/transfer.rs:1434 [2;3mon[0m ThreadId(1)

  [2m2026-06-13T22:22:26.246334Z[0m [32m INFO[0m [1;32mrch::transfer[0m[32m: [32mSync completed in 1963ms[0m
    [2;3mat[0m rch/src/transfer.rs:1503 [2;3mon[0m ThreadId(1)

  [2m2026-06-13T22:22:26.246369Z[0m [32m INFO[0m [1;32mrch::hook[0m[32m: [32mSync complete: 2730 files, 119194 bytes in 25123ms[0m
    [2;3mat[0m rch/src/hook.rs:6209 [2;3mon[0m ThreadId(1)

  [2m2026-06-13T22:22:30.834996Z[0m [32m INFO[0m [1;32mrch::hook[0m[32m: [32mExecuting command remotely: cargo test -p ft-kernel-cpu --lib sgemm_bt_m32k512_safe_microkernel_matches_matrixmultiply_bits -- --nocapture[0m
    [2;3mat[0m rch/src/hook.rs:6252 [2;3mon[0m ThreadId(1)

  [2m2026-06-13T22:22:30.835028Z[0m [32m INFO[0m [1;32mrch::transfer[0m[32m: [32mRewriting CARGO_TARGET_DIR for remote execution (worker-scoped path): /data/tmp/cargo-target -> /data/projects/.scratch/frankentorch-kgs4-sgemm-bt-20260613T221558/.rch-target-vmi1149989-job-29884606035529793-1781389321116487889-0[0m
    [2;3mat[0m rch/src/transfer.rs:712 [2;3mon[0m ThreadId(1)

    Updating crates.io index
 Downloading crates ...
  Downloaded bit-set v0.8.0
  Downloaded anstyle v1.0.14
  Downloaded bit-vec v0.8.0
  Downloaded itoa v1.0.18
  Downloaded cast v0.3.0
  Downloaded ciborium-io v0.2.2
  Downloaded fnv v1.0.7
  Downloaded is-terminal v0.4.17
  Downloaded quick-error v1.2.3
  Downloaded ciborium-ll v0.2.2
  Downloaded plotters-backend v0.3.7
  Downloaded cfg-if v1.0.4
  Downloaded same-file v1.0.6
  Downloaded wait-timeout v0.2.1
  Downloaded bitflags v2.11.1
  Downloaded anes v0.1.6
  Downloaded autocfg v1.5.0
  Downloaded bytemuck_derive v1.10.2
  Downloaded clap_lex v1.1.0
  Downloaded plotters-svg v0.3.7
  Downloaded unarray v0.1.4
  Downloaded errno v0.3.14
  Downloaded rand_xorshift v0.4.0
  Downloaded rawpointer v0.2.1
  Downloaded either v1.15.0
  Downloaded ppv-lite86 v0.2.21
  Downloaded rand_chacha v0.9.0
  Downloaded tinytemplate v1.2.1
  Downloaded crossbeam-deque v0.8.6
  Downloaded rusty-fork v0.3.1
  Downloaded num-complex v0.4.6
  Downloaded zmij v1.0.21
  Downloaded oorandom v11.1.5
  Downloaded walkdir v2.5.0
  Downloaded rand_core v0.9.5
  Downloaded fastrand v2.4.1
  Downloaded tempfile v3.27.0
  Downloaded crossbeam-utils v0.8.21
  Downloaded bytemuck v1.25.0
  Downloaded ciborium v0.2.2
  Downloaded console v0.16.3
  Downloaded criterion-plot v0.5.0
  Downloaded crossbeam-epoch v0.9.18
  Downloaded once_cell v1.21.4
  Downloaded quote v1.0.45
  Downloaded num-traits v0.2.19
  Downloaded serde_core v1.0.228
  Downloaded half v2.7.1
  Downloaded getrandom v0.3.4
  Downloaded matrixmultiply v0.3.10
  Downloaded serde_derive v1.0.228
  Downloaded unicode-ident v1.0.24
  Downloaded safe_arch v0.7.4
  Downloaded clap v4.6.1
  Downloaded proc-macro2 v1.0.106
  Downloaded rayon-core v1.13.0
  Downloaded memchr v2.8.0
  Downloaded similar v2.7.0
  Downloaded serde v1.0.228
  Downloaded zerocopy-derive v0.8.48
  Downloaded wide v0.7.33
  Downloaded insta v1.47.2
  Downloaded rand v0.9.4
  Downloaded itertools v0.10.5
  Downloaded criterion v0.5.1
  Downloaded regex v1.12.3
  Downloaded aho-corasick v1.1.4
  Downloaded clap_builder v4.6.0
  Downloaded libm v0.2.16
  Downloaded plotters v0.3.7
  Downloaded serde_json v1.0.149
  Downloaded proptest v1.11.0
  Downloaded rayon v1.12.0
  Downloaded syn v2.0.117
  Downloaded zerocopy v0.8.48
  Downloaded regex-syntax v0.8.10
  Downloaded rustix v1.1.4
  Downloaded regex-automata v0.4.14
  Downloaded libc v0.2.185
  Downloaded linux-raw-sys v0.12.1
   Compiling proc-macro2 v1.0.106
   Compiling unicode-ident v1.0.24
   Compiling quote v1.0.45
   Compiling libc v0.2.185
   Compiling cfg-if v1.0.4
   Compiling autocfg v1.5.0
   Compiling zerocopy v0.8.48
   Compiling getrandom v0.3.4
   Compiling crossbeam-utils v0.8.21
   Compiling serde_core v1.0.228
   Compiling rustix v1.1.4
   Compiling zmij v1.0.21
   Compiling linux-raw-sys v0.12.1
   Compiling serde v1.0.228
   Compiling once_cell v1.21.4
   Compiling num-traits v0.2.19
   Compiling bitflags v2.11.1
   Compiling fastrand v2.4.1
   Compiling serde_json v1.0.149
   Compiling either v1.15.0
   Compiling regex-syntax v0.8.10
   Compiling crossbeam-epoch v0.9.18
   Compiling rayon-core v1.13.0
   Compiling syn v2.0.117
   Compiling itoa v1.0.18
   Compiling crossbeam-deque v0.8.6
   Compiling memchr v2.8.0
   Compiling clap_lex v1.1.0
   Compiling anstyle v1.0.14
   Compiling ciborium-io v0.2.2
   Compiling rand_core v0.9.5
   Compiling plotters-backend v0.3.7
   Compiling wait-timeout v0.2.1
   Compiling clap_builder v4.6.0
   Compiling plotters-svg v0.3.7
   Compiling itertools v0.10.5
   Compiling matrixmultiply v0.3.10
   Compiling quick-error v1.2.3
   Compiling libm v0.2.16
   Compiling fnv v1.0.7
   Compiling cast v0.3.0
   Compiling bit-vec v0.8.0
   Compiling same-file v1.0.6
   Compiling bit-set v0.8.0
   Compiling tempfile v3.27.0
   Compiling walkdir v2.5.0
   Compiling rayon v1.12.0
   Compiling plotters v0.3.7
   Compiling regex-automata v0.4.14
   Compiling rusty-fork v0.3.1
   Compiling rand v0.9.4
   Compiling criterion-plot v0.5.0
   Compiling rand_xorshift v0.4.0
   Compiling num-complex v0.4.6
   Compiling is-terminal v0.4.17
   Compiling console v0.16.3
   Compiling unarray v0.1.4
   Compiling clap v4.6.1
   Compiling anes v0.1.6
   Compiling rawpointer v0.2.1
   Compiling oorandom v11.1.5
   Compiling similar v2.7.0
   Compiling insta v1.47.2
   Compiling zerocopy-derive v0.8.48
   Compiling bytemuck_derive v1.10.2
   Compiling serde_derive v1.0.228
   Compiling regex v1.12.3
   Compiling bytemuck v1.25.0
   Compiling safe_arch v0.7.4
   Compiling wide v0.7.33
   Compiling tinytemplate v1.2.1
   Compiling half v2.7.1
   Compiling ppv-lite86 v0.2.21
   Compiling rand_chacha v0.9.0
   Compiling ciborium-ll v0.2.2
   Compiling ft-core v0.1.0 (/data/projects/.scratch/frankentorch-kgs4-sgemm-bt-20260613T221558/crates/ft-core)
   Compiling proptest v1.11.0
   Compiling ciborium v0.2.2
   Compiling criterion v0.5.1
   Compiling ft-kernel-cpu v0.1.0 (/data/projects/.scratch/frankentorch-kgs4-sgemm-bt-20260613T221558/crates/ft-kernel-cpu)
    Finished `test` profile [unoptimized + debuginfo] target(s) in 26.18s
     Running unittests src/lib.rs (.rch-target-vmi1149989-job-29884606035529793-1781389321116487889-0/debug/deps/ft_kernel_cpu-d26c108ecd1e4673)

running 1 test

thread 'gemm::tile_iso_tests::sgemm_bt_m32k512_safe_microkernel_matches_matrixmultiply_bits' (3662054) panicked at crates/ft-kernel-cpu/src/lib.rs:857:17:
safe m32k512 sgemm_bt diverged for n=1024
note: run with `RUST_BACKTRACE=1` environment variable to display a backtrace
test gemm::tile_iso_tests::sgemm_bt_m32k512_safe_microkernel_matches_matrixmultiply_bits ... FAILED

failures:

failures:
    gemm::tile_iso_tests::sgemm_bt_m32k512_safe_microkernel_matches_matrixmultiply_bits

test result: FAILED. 0 passed; 1 failed; 0 ignored; 0 measured; 462 filtered out; finished in 0.05s

error: test failed, to rerun pass `-p ft-kernel-cpu --lib`
  [2m2026-06-13T22:22:58.787453Z[0m [32m INFO[0m [1;32mrch::hook[0m[32m: [32mRemote command finished: exit=101 in 27952ms[0m
    [2;3mat[0m rch/src/hook.rs:6376 [2;3mon[0m ThreadId(1)

[RCH] remote vmi1149989 failed (exit 101)
