  [2m2026-06-13T22:24:04.905492Z[0m [32m INFO[0m [1;32mrch::hook[0m[32m: [32mSelected worker: vmi1152480 at root@109.205.181.92 (4 slots remaining after reservation, speed 50.0)[0m
    [2;3mat[0m rch/src/hook.rs:514 [2;3mon[0m ThreadId(1)

  [2m2026-06-13T22:24:05.220671Z[0m [32m INFO[0m [1;32mrch::hook[0m[32m: [32mStarting remote compilation pipeline for frankentorch-kgs4-sgemm-bt-20260613T221558 (hash: 285b87eb03f46eb8)[0m
    [2;3mat[0m rch/src/hook.rs:5994 [2;3mon[0m ThreadId(1)

  [2m2026-06-13T22:24:05.220705Z[0m [32m INFO[0m [1;32mrch::hook[0m[32m: [32mPrepared dependency sync manifest for 13 roots[0m
    [2;3mat[0m rch/src/hook.rs:6016 [2;3mon[0m ThreadId(1)

  [2m2026-06-13T22:24:06.878029Z[0m [32m INFO[0m [1;32mrch::hook[0m[32m: [32mSyncing project to worker vmi1152480...[0m
    [2;3mat[0m rch/src/hook.rs:6046 [2;3mon[0m ThreadId(1)

  [2m2026-06-13T22:24:06.878098Z[0m [32m INFO[0m [1;32mrch::transfer[0m[32m: [32mSyncing /data/projects/.scratch/frankentorch-kgs4-sgemm-bt-20260613T221558 -> /data/projects/.scratch/frankentorch-kgs4-sgemm-bt-20260613T221558 on vmi1152480[0m
    [2;3mat[0m rch/src/transfer.rs:1434 [2;3mon[0m ThreadId(1)

  [2m2026-06-13T22:24:10.021577Z[0m [32m INFO[0m [1;32mrch::transfer[0m[32m: [32mSync completed in 3143ms[0m
    [2;3mat[0m rch/src/transfer.rs:1503 [2;3mon[0m ThreadId(1)

  [2m2026-06-13T22:24:10.021641Z[0m [32m INFO[0m [1;32mrch::transfer[0m[32m: [32mSyncing /data/projects/.scratch/frankentorch-kgs4-sgemm-bt-20260613T221558/crates/ft-api -> /data/projects/.scratch/frankentorch-kgs4-sgemm-bt-20260613T221558/crates/ft-api on vmi1152480[0m
    [2;3mat[0m rch/src/transfer.rs:1434 [2;3mon[0m ThreadId(1)

  [2m2026-06-13T22:24:12.190967Z[0m [32m INFO[0m [1;32mrch::transfer[0m[32m: [32mSync completed in 2169ms[0m
    [2;3mat[0m rch/src/transfer.rs:1503 [2;3mon[0m ThreadId(1)

  [2m2026-06-13T22:24:12.191037Z[0m [32m INFO[0m [1;32mrch::transfer[0m[32m: [32mSyncing /data/projects/.scratch/frankentorch-kgs4-sgemm-bt-20260613T221558/crates/ft-autograd -> /data/projects/.scratch/frankentorch-kgs4-sgemm-bt-20260613T221558/crates/ft-autograd on vmi1152480[0m
    [2;3mat[0m rch/src/transfer.rs:1434 [2;3mon[0m ThreadId(1)

  [2m2026-06-13T22:24:14.102740Z[0m [32m INFO[0m [1;32mrch::transfer[0m[32m: [32mSync completed in 1911ms[0m
    [2;3mat[0m rch/src/transfer.rs:1503 [2;3mon[0m ThreadId(1)

  [2m2026-06-13T22:24:14.102816Z[0m [32m INFO[0m [1;32mrch::transfer[0m[32m: [32mSyncing /data/projects/.scratch/frankentorch-kgs4-sgemm-bt-20260613T221558/crates/ft-conformance -> /data/projects/.scratch/frankentorch-kgs4-sgemm-bt-20260613T221558/crates/ft-conformance on vmi1152480[0m
    [2;3mat[0m rch/src/transfer.rs:1434 [2;3mon[0m ThreadId(1)

  [2m2026-06-13T22:24:15.996703Z[0m [32m INFO[0m [1;32mrch::transfer[0m[32m: [32mSync completed in 1893ms[0m
    [2;3mat[0m rch/src/transfer.rs:1503 [2;3mon[0m ThreadId(1)

  [2m2026-06-13T22:24:15.996782Z[0m [32m INFO[0m [1;32mrch::transfer[0m[32m: [32mSyncing /data/projects/.scratch/frankentorch-kgs4-sgemm-bt-20260613T221558/crates/ft-core -> /data/projects/.scratch/frankentorch-kgs4-sgemm-bt-20260613T221558/crates/ft-core on vmi1152480[0m
    [2;3mat[0m rch/src/transfer.rs:1434 [2;3mon[0m ThreadId(1)

  [2m2026-06-13T22:24:17.869002Z[0m [32m INFO[0m [1;32mrch::transfer[0m[32m: [32mSync completed in 1872ms[0m
    [2;3mat[0m rch/src/transfer.rs:1503 [2;3mon[0m ThreadId(1)

  [2m2026-06-13T22:24:17.869069Z[0m [32m INFO[0m [1;32mrch::transfer[0m[32m: [32mSyncing /data/projects/.scratch/frankentorch-kgs4-sgemm-bt-20260613T221558/crates/ft-data -> /data/projects/.scratch/frankentorch-kgs4-sgemm-bt-20260613T221558/crates/ft-data on vmi1152480[0m
    [2;3mat[0m rch/src/transfer.rs:1434 [2;3mon[0m ThreadId(1)

  [2m2026-06-13T22:24:19.788548Z[0m [32m INFO[0m [1;32mrch::transfer[0m[32m: [32mSync completed in 1919ms[0m
    [2;3mat[0m rch/src/transfer.rs:1503 [2;3mon[0m ThreadId(1)

  [2m2026-06-13T22:24:19.788613Z[0m [32m INFO[0m [1;32mrch::transfer[0m[32m: [32mSyncing /data/projects/.scratch/frankentorch-kgs4-sgemm-bt-20260613T221558/crates/ft-device -> /data/projects/.scratch/frankentorch-kgs4-sgemm-bt-20260613T221558/crates/ft-device on vmi1152480[0m
    [2;3mat[0m rch/src/transfer.rs:1434 [2;3mon[0m ThreadId(1)

  [2m2026-06-13T22:24:21.648881Z[0m [32m INFO[0m [1;32mrch::transfer[0m[32m: [32mSync completed in 1860ms[0m
    [2;3mat[0m rch/src/transfer.rs:1503 [2;3mon[0m ThreadId(1)

  [2m2026-06-13T22:24:21.648975Z[0m [32m INFO[0m [1;32mrch::transfer[0m[32m: [32mSyncing /data/projects/.scratch/frankentorch-kgs4-sgemm-bt-20260613T221558/crates/ft-dispatch -> /data/projects/.scratch/frankentorch-kgs4-sgemm-bt-20260613T221558/crates/ft-dispatch on vmi1152480[0m
    [2;3mat[0m rch/src/transfer.rs:1434 [2;3mon[0m ThreadId(1)

  [2m2026-06-13T22:24:23.553283Z[0m [32m INFO[0m [1;32mrch::transfer[0m[32m: [32mSync completed in 1904ms[0m
    [2;3mat[0m rch/src/transfer.rs:1503 [2;3mon[0m ThreadId(1)

  [2m2026-06-13T22:24:23.553376Z[0m [32m INFO[0m [1;32mrch::transfer[0m[32m: [32mSyncing /data/projects/.scratch/frankentorch-kgs4-sgemm-bt-20260613T221558/crates/ft-kernel-cpu -> /data/projects/.scratch/frankentorch-kgs4-sgemm-bt-20260613T221558/crates/ft-kernel-cpu on vmi1152480[0m
    [2;3mat[0m rch/src/transfer.rs:1434 [2;3mon[0m ThreadId(1)

  [2m2026-06-13T22:24:25.599421Z[0m [32m INFO[0m [1;32mrch::transfer[0m[32m: [32mSync completed in 2046ms[0m
    [2;3mat[0m rch/src/transfer.rs:1503 [2;3mon[0m ThreadId(1)

  [2m2026-06-13T22:24:25.599513Z[0m [32m INFO[0m [1;32mrch::transfer[0m[32m: [32mSyncing /data/projects/.scratch/frankentorch-kgs4-sgemm-bt-20260613T221558/crates/ft-nn -> /data/projects/.scratch/frankentorch-kgs4-sgemm-bt-20260613T221558/crates/ft-nn on vmi1152480[0m
    [2;3mat[0m rch/src/transfer.rs:1434 [2;3mon[0m ThreadId(1)

  [2m2026-06-13T22:24:27.478520Z[0m [32m INFO[0m [1;32mrch::transfer[0m[32m: [32mSync completed in 1878ms[0m
    [2;3mat[0m rch/src/transfer.rs:1503 [2;3mon[0m ThreadId(1)

  [2m2026-06-13T22:24:27.478598Z[0m [32m INFO[0m [1;32mrch::transfer[0m[32m: [32mSyncing /data/projects/.scratch/frankentorch-kgs4-sgemm-bt-20260613T221558/crates/ft-optim -> /data/projects/.scratch/frankentorch-kgs4-sgemm-bt-20260613T221558/crates/ft-optim on vmi1152480[0m
    [2;3mat[0m rch/src/transfer.rs:1434 [2;3mon[0m ThreadId(1)

  [2m2026-06-13T22:24:29.372200Z[0m [32m INFO[0m [1;32mrch::transfer[0m[32m: [32mSync completed in 1893ms[0m
    [2;3mat[0m rch/src/transfer.rs:1503 [2;3mon[0m ThreadId(1)

  [2m2026-06-13T22:24:29.372292Z[0m [32m INFO[0m [1;32mrch::transfer[0m[32m: [32mSyncing /data/projects/.scratch/frankentorch-kgs4-sgemm-bt-20260613T221558/crates/ft-runtime -> /data/projects/.scratch/frankentorch-kgs4-sgemm-bt-20260613T221558/crates/ft-runtime on vmi1152480[0m
    [2;3mat[0m rch/src/transfer.rs:1434 [2;3mon[0m ThreadId(1)

  [2m2026-06-13T22:24:31.314537Z[0m [32m INFO[0m [1;32mrch::transfer[0m[32m: [32mSync completed in 1942ms[0m
    [2;3mat[0m rch/src/transfer.rs:1503 [2;3mon[0m ThreadId(1)

  [2m2026-06-13T22:24:31.314611Z[0m [32m INFO[0m [1;32mrch::transfer[0m[32m: [32mSyncing /data/projects/.scratch/frankentorch-kgs4-sgemm-bt-20260613T221558/crates/ft-serialize -> /data/projects/.scratch/frankentorch-kgs4-sgemm-bt-20260613T221558/crates/ft-serialize on vmi1152480[0m
    [2;3mat[0m rch/src/transfer.rs:1434 [2;3mon[0m ThreadId(1)

  [2m2026-06-13T22:24:33.200005Z[0m [32m INFO[0m [1;32mrch::transfer[0m[32m: [32mSync completed in 1885ms[0m
    [2;3mat[0m rch/src/transfer.rs:1503 [2;3mon[0m ThreadId(1)

  [2m2026-06-13T22:24:33.200051Z[0m [32m INFO[0m [1;32mrch::hook[0m[32m: [32mSync complete: 2731 files, 5533459 bytes in 26315ms[0m
    [2;3mat[0m rch/src/hook.rs:6209 [2;3mon[0m ThreadId(1)

  [2m2026-06-13T22:24:37.420136Z[0m [32m INFO[0m [1;32mrch::hook[0m[32m: [32mExecuting command remotely: cargo test -p ft-api --lib functional_linear_f32_fused_matches_transpose_path_bit_exact -- --nocapture[0m
    [2;3mat[0m rch/src/hook.rs:6252 [2;3mon[0m ThreadId(1)

  [2m2026-06-13T22:24:37.420175Z[0m [32m INFO[0m [1;32mrch::transfer[0m[32m: [32mRewriting CARGO_TARGET_DIR for remote execution (worker-scoped path): /data/tmp/cargo-target -> /data/projects/.scratch/frankentorch-kgs4-sgemm-bt-20260613T221558/.rch-target-vmi1152480-job-29884606035529799-1781389446878020219-0[0m
    [2;3mat[0m rch/src/transfer.rs:712 [2;3mon[0m ThreadId(1)

    Updating crates.io index
 Downloading crates ...
  Downloaded bytemuck_derive v1.10.2
  Downloaded once_cell v1.21.4
  Downloaded crossbeam-deque v0.8.6
  Downloaded regex-syntax v0.8.10
  Downloaded anes v0.1.6
  Downloaded bytemuck v1.25.0
  Downloaded clap_lex v1.1.0
  Downloaded zmij v1.0.21
  Downloaded ciborium v0.2.2
  Downloaded ciborium-ll v0.2.2
  Downloaded half v2.7.1
  Downloaded clap v4.6.1
  Downloaded anstyle v1.0.14
  Downloaded ciborium-io v0.2.2
  Downloaded cast v0.3.0
  Downloaded memchr v2.8.0
  Downloaded regex v1.12.3
  Downloaded rayon v1.12.0
  Downloaded aho-corasick v1.1.4
  Downloaded autocfg v1.5.0
  Downloaded is-terminal v0.4.17
  Downloaded cfg-if v1.0.4
  Downloaded itoa v1.0.18
  Downloaded same-file v1.0.6
  Downloaded walkdir v2.5.0
  Downloaded rawpointer v0.2.1
  Downloaded plotters-svg v0.3.7
  Downloaded plotters-backend v0.3.7
  Downloaded quote v1.0.45
  Downloaded oorandom v11.1.5
  Downloaded crossbeam-utils v0.8.21
  Downloaded num-complex v0.4.6
  Downloaded serde_json v1.0.149
  Downloaded tinytemplate v1.2.1
  Downloaded criterion-plot v0.5.0
  Downloaded either v1.15.0
  Downloaded serde_derive v1.0.228
  Downloaded unicode-ident v1.0.24
  Downloaded safe_arch v0.7.4
  Downloaded zerocopy-derive v0.8.48
  Downloaded crossbeam-epoch v0.9.18
  Downloaded matrixmultiply v0.3.10
  Downloaded serde_core v1.0.228
  Downloaded num-traits v0.2.19
  Downloaded rayon-core v1.13.0
  Downloaded proc-macro2 v1.0.106
  Downloaded serde v1.0.228
  Downloaded criterion v0.5.1
  Downloaded clap_builder v4.6.0
  Downloaded itertools v0.10.5
  Downloaded wide v0.7.33
  Downloaded libm v0.2.16
  Downloaded plotters v0.3.7
  Downloaded zerocopy v0.8.48
  Downloaded syn v2.0.117
  Downloaded regex-automata v0.4.14
  Downloaded libc v0.2.185
   Compiling proc-macro2 v1.0.106
   Compiling quote v1.0.45
   Compiling unicode-ident v1.0.24
   Compiling autocfg v1.5.0
   Compiling zerocopy v0.8.48
   Compiling crossbeam-utils v0.8.21
   Compiling cfg-if v1.0.4
   Compiling rayon-core v1.13.0
   Compiling either v1.15.0
   Compiling serde_core v1.0.228
   Compiling serde v1.0.228
   Compiling zmij v1.0.21
   Compiling libm v0.2.16
   Compiling libc v0.2.185
   Compiling serde_json v1.0.149
   Compiling rawpointer v0.2.1
   Compiling num-traits v0.2.19
   Compiling matrixmultiply v0.3.10
   Compiling clap_lex v1.1.0
   Compiling ciborium-io v0.2.2
   Compiling regex-syntax v0.8.10
   Compiling plotters-backend v0.3.7
   Compiling itoa v1.0.18
   Compiling memchr v2.8.0
   Compiling crossbeam-epoch v0.9.18
   Compiling anstyle v1.0.14
   Compiling clap_builder v4.6.0
   Compiling syn v2.0.117
   Compiling crossbeam-deque v0.8.6
   Compiling plotters-svg v0.3.7
   Compiling num-complex v0.4.6
   Compiling itertools v0.10.5
   Compiling same-file v1.0.6
   Compiling cast v0.3.0
   Compiling walkdir v2.5.0
   Compiling regex-automata v0.4.14
   Compiling rayon v1.12.0
   Compiling is-terminal v0.4.17
   Compiling plotters v0.3.7
   Compiling once_cell v1.21.4
   Compiling anes v0.1.6
   Compiling oorandom v11.1.5
   Compiling criterion-plot v0.5.0
   Compiling clap v4.6.1
   Compiling regex v1.12.3
   Compiling bytemuck_derive v1.10.2
   Compiling zerocopy-derive v0.8.48
   Compiling serde_derive v1.0.228
   Compiling bytemuck v1.25.0
   Compiling safe_arch v0.7.4
   Compiling wide v0.7.33
   Compiling tinytemplate v1.2.1
   Compiling half v2.7.1
   Compiling ft-core v0.1.0 (/data/projects/.scratch/frankentorch-kgs4-sgemm-bt-20260613T221558/crates/ft-core)
   Compiling ciborium-ll v0.2.2
   Compiling ciborium v0.2.2
   Compiling ft-kernel-cpu v0.1.0 (/data/projects/.scratch/frankentorch-kgs4-sgemm-bt-20260613T221558/crates/ft-kernel-cpu)
   Compiling ft-runtime v0.1.0 (/data/projects/.scratch/frankentorch-kgs4-sgemm-bt-20260613T221558/crates/ft-runtime)
   Compiling criterion v0.5.1
   Compiling ft-dispatch v0.1.0 (/data/projects/.scratch/frankentorch-kgs4-sgemm-bt-20260613T221558/crates/ft-dispatch)
   Compiling ft-autograd v0.1.0 (/data/projects/.scratch/frankentorch-kgs4-sgemm-bt-20260613T221558/crates/ft-autograd)
   Compiling ft-api v0.1.0 (/data/projects/.scratch/frankentorch-kgs4-sgemm-bt-20260613T221558/crates/ft-api)
warning: variable does not need to be mutable
     --> crates/ft-api/src/lib.rs:39813:25
      |
39813 |                     let mut pairs: Vec<(f64, usize)> = vals
      |                         ----^^^^^
      |                         |
      |                         help: remove this `mut`
      |
      = note: `#[warn(unused_mut)]` (part of `#[warn(unused)]`) on by default

warning: variable does not need to be mutable
     --> crates/ft-api/src/lib.rs:39918:25
      |
39918 |                     let mut pairs: Vec<(f64, usize)> = vals
      |                         ----^^^^^
      |                         |
      |                         help: remove this `mut`

warning: `ft-api` (lib test) generated 2 warnings (run `cargo fix --lib -p ft-api --tests` to apply 2 suggestions)
    Finished `test` profile [unoptimized + debuginfo] target(s) in 1m 13s
     Running unittests src/lib.rs (.rch-target-vmi1152480-job-29884606035529799-1781389446878020219-0/debug/deps/ft_api-df9feddc023817d5)

running 1 test
test tests::functional_linear_f32_fused_matches_transpose_path_bit_exact ... ok

test result: ok. 1 passed; 0 failed; 0 ignored; 0 measured; 2116 filtered out; finished in 0.00s

  [2m2026-06-13T22:25:52.347051Z[0m [32m INFO[0m [1;32mrch::hook[0m[32m: [32mRemote command finished: exit=0 in 74926ms[0m
    [2;3mat[0m rch/src/hook.rs:6376 [2;3mon[0m ThreadId(1)

  [2m2026-06-13T22:25:52.347387Z[0m [32m INFO[0m [1;32mrch::hook[0m[32m: [32mRetrieving build artifacts...[0m
    [2;3mat[0m rch/src/hook.rs:6425 [2;3mon[0m ThreadId(1)

  [2m2026-06-13T22:25:52.347417Z[0m [32m INFO[0m [1;32mrch::transfer[0m[32m: [32mRetrieving artifacts from /data/projects/.scratch/frankentorch-kgs4-sgemm-bt-20260613T221558 on vmi1152480[0m
    [2;3mat[0m rch/src/transfer.rs:2106 [2;3mon[0m ThreadId(1)

  [2m2026-06-13T22:25:54.465043Z[0m [32m INFO[0m [1;32mrch::transfer[0m[32m: [32mArtifacts retrieved in 2117ms (1 files, 1180 bytes)[0m
    [2;3mat[0m rch/src/transfer.rs:2145 [2;3mon[0m ThreadId(1)

  [2m2026-06-13T22:25:54.465063Z[0m [32m INFO[0m [1;32mrch::hook[0m[32m: [32mArtifacts retrieved: 1 files, 1180 bytes in 2117ms[0m
    [2;3mat[0m rch/src/hook.rs:6458 [2;3mon[0m ThreadId(1)

[RCH] remote vmi1152480 (109.6s)
